Log file open, 09/14/23 12:25:38
LogWindows: Failed to load 'aqProf.dll' (GetLastError=126)
LogWindows: File 'aqProf.dll' does not exist
LogWindows: Failed to load 'VtuneApi.dll' (GetLastError=126)
LogWindows: File 'VtuneApi.dll' does not exist
LogWindows: Failed to load 'VtuneApi32e.dll' (GetLastError=126)
LogWindows: File 'VtuneApi32e.dll' does not exist
LogConsoleResponse: Display: Failed to find resolution value strings in scalability ini. Falling back to default.
LogConsoleResponse: Display: Failed to find resolution value strings in scalability ini. Falling back to default.
LogInit: Display: Running engine for game: Zombone
LogPlatformFile: Not using cached read wrapper
LogTaskGraph: Started task graph with 5 named threads and 35 total threads with 3 sets of task threads.
LogStats: Stats thread started at 0.373381
LogICUInternationalization: ICU TimeZone Detection - Raw Offset: +1:00, Platform Override: ''
LogInit: Display: Loading text-based GConfig....
LogPluginManager: Mounting plugin MeshPainting
LogPluginManager: Mounting plugin XGEController
LogPluginManager: Mounting plugin Paper2D
LogPluginManager: Mounting plugin AISupport
LogPluginManager: Mounting plugin EnvironmentQueryEditor
LogPluginManager: Mounting plugin LiveLink
LogPluginManager: Mounting plugin LightPropagationVolume
LogPluginManager: Mounting plugin CameraShakePreviewer
LogPluginManager: Mounting plugin AssetManagerEditor
LogPluginManager: Mounting plugin CryptoKeys
LogPluginManager: Mounting plugin CurveEditorTools
LogPluginManager: Mounting plugin DataValidation
LogPluginManager: Mounting plugin FacialAnimation
LogPluginManager: Mounting plugin GameplayTagsEditor
LogPluginManager: Mounting plugin GeometryMode
LogPluginManager: Mounting plugin MacGraphicsSwitching
LogPluginManager: Mounting plugin MaterialAnalyzer
LogPluginManager: Mounting plugin MobileLauncherProfileWizard
LogPluginManager: Mounting plugin PluginBrowser
LogPluginManager: Mounting plugin SpeedTreeImporter
LogPluginManager: Mounting plugin AnimationSharing
LogPluginManager: Mounting plugin CodeLiteSourceCodeAccess
LogPluginManager: Mounting plugin CLionSourceCodeAccess
LogPluginManager: Mounting plugin GitSourceControl
LogPluginManager: Mounting plugin NullSourceCodeAccess
LogPluginManager: Mounting plugin KDevelopSourceCodeAccess
LogPluginManager: Mounting plugin PerforceSourceControl
LogPluginManager: Mounting plugin AlembicImporter
LogPluginManager: Mounting plugin PixWinPlugin
LogPluginManager: Mounting plugin PlasticSourceControl
LogPluginManager: Mounting plugin PluginUtils
LogPluginManager: Mounting plugin BackChannel
LogPluginManager: Mounting plugin PropertyAccessNode
LogPluginManager: Mounting plugin AutomationUtils
LogPluginManager: Mounting plugin RiderSourceCodeAccess
LogPluginManager: Mounting plugin SubversionSourceControl
LogPluginManager: Mounting plugin TextureFormatOodle
LogPluginManager: Mounting plugin ChaosCloth
LogPluginManager: Mounting plugin ChaosClothEditor
LogPluginManager: Mounting plugin ChaosEditor
LogPluginManager: Mounting plugin UObjectPlugin
LogPluginManager: Mounting plugin VisualStudioCodeSourceCodeAccess
LogPluginManager: Mounting plugin ChaosNiagara
LogPluginManager: Mounting plugin ChaosSolverPlugin
LogPluginManager: Mounting plugin VisualStudioSourceCodeAccess
LogPluginManager: Mounting plugin XCodeSourceCodeAccess
LogPluginManager: Mounting plugin CharacterAI
LogPluginManager: Mounting plugin GeometryCache
LogPluginManager: Mounting plugin GeometryProcessing
LogPluginManager: Mounting plugin GeometryCollectionPlugin
LogPluginManager: Mounting plugin DatasmithContent
LogPluginManager: Mounting plugin MotoSynth
LogPluginManager: Mounting plugin OpenImageDenoise
LogPluginManager: Mounting plugin PlatformCrypto
LogPluginManager: Mounting plugin PlanarCut
LogPluginManager: Mounting plugin ProxyLODPlugin
LogPluginManager: Mounting plugin PythonScriptPlugin
LogPluginManager: Mounting plugin SkeletalReduction
LogPluginManager: Mounting plugin VariantManagerContent
LogPluginManager: Mounting plugin AndroidMedia
LogPluginManager: Mounting plugin AvfMedia
LogPluginManager: Mounting plugin ImgMedia
LogPluginManager: Mounting plugin MediaCompositing
LogPluginManager: Mounting plugin MediaPlayerEditor
LogPluginManager: Mounting plugin WebMMedia
LogPluginManager: Mounting plugin WmfMedia
LogPluginManager: Mounting plugin Niagara
LogPluginManager: Mounting plugin LuminPlatformFeatures
LogPluginManager: Mounting plugin MagicLeap
LogPluginManager: Mounting plugin MagicLeapLightEstimation
LogPluginManager: Mounting plugin MagicLeapMedia
LogPluginManager: Mounting plugin MagicLeapPassableWorld
LogPluginManager: Mounting plugin MLSDK
LogPluginManager: Mounting plugin TcpMessaging
LogPluginManager: Mounting plugin UdpMessaging
LogPluginManager: Mounting plugin ActorSequence
LogPluginManager: Mounting plugin LevelSequenceEditor
LogPluginManager: Mounting plugin MatineeToLevelSequence
LogPluginManager: Mounting plugin LauncherChunkInstaller
LogPluginManager: Mounting plugin TemplateSequence
LogPluginManager: Mounting plugin ActorLayerUtilities
LogPluginManager: Mounting plugin AndroidDeviceProfileSelector
LogPluginManager: Mounting plugin AndroidMoviePlayer
LogPluginManager: Mounting plugin AndroidPermission
LogPluginManager: Mounting plugin AppleImageUtils
LogPluginManager: Mounting plugin AppleMoviePlayer
LogPluginManager: Mounting plugin ArchVisCharacter
LogPluginManager: Mounting plugin AssetTags
LogPluginManager: Mounting plugin AudioCapture
LogPluginManager: Mounting plugin AudioSynesthesia
LogPluginManager: Mounting plugin CableComponent
LogPluginManager: Mounting plugin ChunkDownloader
LogPluginManager: Mounting plugin CustomMeshComponent
LogPluginManager: Mounting plugin EditableMesh
LogPluginManager: Mounting plugin ExampleDeviceProfileSelector
LogPluginManager: Mounting plugin GoogleCloudMessaging
LogPluginManager: Mounting plugin GooglePAD
LogPluginManager: Mounting plugin IOSDeviceProfileSelector
LogPluginManager: Mounting plugin LinuxDeviceProfileSelector
LogPluginManager: Mounting plugin LocationServicesBPLibrary
LogPluginManager: Mounting plugin MobilePatchingUtils
LogPluginManager: Mounting plugin OpenXR
LogPluginManager: Mounting plugin OpenXREyeTracker
LogPluginManager: Mounting plugin OpenXRHandTracking
LogPluginManager: Mounting plugin PhysXVehicles
LogPluginManager: Mounting plugin PostSplashScreen
LogPluginManager: Mounting plugin ProceduralMeshComponent
LogPluginManager: Mounting plugin OnlineSubsystem
LogPluginManager: Mounting plugin PropertyAccessEditor
LogPluginManager: Mounting plugin OnlineSubsystemNull
LogPluginManager: Mounting plugin RuntimePhysXCooking
LogPluginManager: Mounting plugin SignificanceManager
LogPluginManager: Mounting plugin SoundFields
LogPluginManager: Mounting plugin OnlineSubsystemUtils
LogPluginManager: Mounting plugin Synthesis
LogPluginManager: Mounting plugin WebMMoviePlayer
LogPluginManager: Mounting plugin ScreenshotTools
LogPluginManager: Mounting plugin WindowsMoviePlayer
LogPluginManager: Mounting plugin Takes
LogPluginManager: Mounting plugin OodleData
LogPluginManager: Mounting plugin GameplayCameras
LogPluginManager: Mounting plugin OodleNetwork
LogPluginManager: Mounting plugin ContentBrowserAssetDataSource
LogPluginManager: Mounting plugin ContentBrowserFileDataSource
LogPluginManager: Mounting plugin ContentBrowserClassDataSource
LogPluginManager: Mounting plugin OculusVR
LogPluginManager: Mounting plugin OnlineSubsystemGooglePlay
LogPluginManager: Mounting plugin OnlineSubsystemIOS
LogPluginManager: Mounting plugin SteamVR
PixWinPlugin: PIX capture plugin failed to initialize! Check that the process is launched from PIX.
LogInit: Using libcurl 7.55.1-DEV
LogInit:  - built for x86_64-pc-win32
LogInit:  - supports SSL with OpenSSL/1.1.1
LogInit:  - supports HTTP deflate (compression) using libz 1.2.8
LogInit:  - other features:
LogInit:      CURL_VERSION_SSL
LogInit:      CURL_VERSION_LIBZ
LogInit:      CURL_VERSION_IPV6
LogInit:      CURL_VERSION_ASYNCHDNS
LogInit:      CURL_VERSION_LARGEFILE
LogInit:      CURL_VERSION_IDN
LogInit:  CurlRequestOptions (configurable via config and command line):
LogInit:  - bVerifyPeer = true  - Libcurl will verify peer certificate
LogInit:  - bUseHttpProxy = false  - Libcurl will NOT use HTTP proxy
LogInit:  - bDontReuseConnections = false  - Libcurl will reuse connections
LogInit:  - MaxHostConnections = 16  - Libcurl will limit the number of connections to a host
LogInit:  - LocalHostAddr = Default
LogInit:  - BufferSize = 65536
LogOnline: OSS: Creating online subsystem instance for: NULL
LogInit: WinSock: version 1.1 (2.2), MaxSocks=32767, MaxUdp=65467
LogOnline: OSS: TryLoadSubsystemAndSetDefault: Loaded subsystem for module [NULL]
LogOculusPluginWrapper: OculusPlugin initialized successfully
LogHMD: Failed initializing OVRPlugin 1.59.0
LogInit: Build: ++UE4+Release-4.27-CL-18319896
LogInit: Engine Version: 4.27.2-18319896+++UE4+Release-4.27
LogInit: Compatible Engine Version: 4.27.0-17155196+++UE4+Release-4.27
LogInit: Net CL: 17155196
LogInit: OS: Windows 10 (Release 2009) (), CPU: Intel(R) Core(TM) i7-7800X CPU @ 3.50GHz, GPU: NVIDIA GeForce GTX 1060 6GB
LogInit: Compiled (64-bit): Nov 30 2021 07:12:08
LogInit: Compiled with Visual C++: 19.24.28315.00
LogInit: Build Configuration: Development
LogInit: Branch Name: ++UE4+Release-4.27
LogInit: Command Line:  -skipcompile
LogInit: Base Directory: D:/Epic Games/UE_4.27/Engine/Binaries/Win64/
LogInit: Allocator: TBB
LogInit: Installed Engine Build: 1
LogDevObjectVersion: Number of dev versions registered: 29
LogDevObjectVersion:   Dev-Blueprints (B0D832E4-1F89-4F0D-ACCF-7EB736FD4AA2): 10
LogDevObjectVersion:   Dev-Build (E1C64328-A22C-4D53-A36C-8E866417BD8C): 0
LogDevObjectVersion:   Dev-Core (375EC13C-06E4-48FB-B500-84F0262A717E): 4
LogDevObjectVersion:   Dev-Editor (E4B068ED-F494-42E9-A231-DA0B2E46BB41): 40
LogDevObjectVersion:   Dev-Framework (CFFC743F-43B0-4480-9391-14DF171D2073): 37
LogDevObjectVersion:   Dev-Mobile (B02B49B5-BB20-44E9-A304-32B752E40360): 3
LogDevObjectVersion:   Dev-Networking (A4E4105C-59A1-49B5-A7C5-40C4547EDFEE): 0
LogDevObjectVersion:   Dev-Online (39C831C9-5AE6-47DC-9A44-9C173E1C8E7C): 0
LogDevObjectVersion:   Dev-Physics (78F01B33-EBEA-4F98-B9B4-84EACCB95AA2): 14
LogDevObjectVersion:   Dev-Platform (6631380F-2D4D-43E0-8009-CF276956A95A): 0
LogDevObjectVersion:   Dev-Rendering (12F88B9F-8875-4AFC-A67C-D90C383ABD29): 45
LogDevObjectVersion:   Dev-Sequencer (7B5AE74C-D270-4C10-A958-57980B212A5A): 13
LogDevObjectVersion:   Dev-VR (D7296918-1DD6-4BDD-9DE2-64A83CC13884): 3
LogDevObjectVersion:   Dev-LoadTimes (C2A15278-BFE7-4AFE-6C17-90FF531DF755): 1
LogDevObjectVersion:   Private-Geometry (6EACA3D4-40EC-4CC1-B786-8BED09428FC5): 3
LogDevObjectVersion:   Dev-AnimPhys (29E575DD-E0A3-4627-9D10-D276232CDCEA): 17
LogDevObjectVersion:   Dev-Anim (AF43A65D-7FD3-4947-9873-3E8ED9C1BB05): 15
LogDevObjectVersion:   Dev-ReflectionCapture (6B266CEC-1EC7-4B8F-A30B-E4D90942FC07): 1
LogDevObjectVersion:   Dev-Automation (0DF73D61-A23F-47EA-B727-89E90C41499A): 1
LogDevObjectVersion:   FortniteMain (601D1886-AC64-4F84-AA16-D3DE0DEAC7D6): 47
LogDevObjectVersion:   FortniteRelease (E7086368-6B23-4C58-8439-1B7016265E91): 1
LogDevObjectVersion:   Dev-Enterprise (9DFFBCD6-494F-0158-E221-12823C92A888): 10
LogDevObjectVersion:   Dev-Niagara (F2AED0AC-9AFE-416F-8664-AA7FFA26D6FC): 1
LogDevObjectVersion:   Dev-Destruction (174F1F0B-B4C6-45A5-B13F-2EE8D0FB917D): 10
LogDevObjectVersion:   Dev-Physics-Ext (35F94A83-E258-406C-A318-09F59610247C): 41
LogDevObjectVersion:   Dev-PhysicsMaterial-Chaos (B68FC16E-8B1B-42E2-B453-215C058844FE): 1
LogDevObjectVersion:   Dev-CineCamera (B2E18506-4273-CFC2-A54E-F4BB758BBA07): 1
LogDevObjectVersion:   Dev-VirtualProduction (64F58936-FD1B-42BA-BA96-7289D5D0FA4E): 1
LogDevObjectVersion:   Dev-MediaFramework (6F0ED827-A609-4895-9C91-998D90180EA4): 2
LogInit: Presizing for max 25165824 objects, including 0 objects not considered by GC, pre-allocating 0 bytes for permanent pool.
LogConfig: Applying CVar settings from Section [/Script/Engine.StreamingSettings] File [E:/Portfolio/Unreal/FPS_Game/Zombone/Saved/Config/Windows/Engine.ini]
LogConfig: Setting CVar [[s.MinBulkDataSizeForAsyncLoading:131072]]
LogConfig: Setting CVar [[s.AsyncLoadingThreadEnabled:0]]
LogConfig: Setting CVar [[s.EventDrivenLoaderEnabled:1]]
LogConfig: Setting CVar [[s.WarnIfTimeLimitExceeded:0]]
LogConfig: Setting CVar [[s.TimeLimitExceededMultiplier:1.5]]
LogConfig: Setting CVar [[s.TimeLimitExceededMinTime:0.005]]
LogConfig: Setting CVar [[s.UseBackgroundLevelStreaming:1]]
LogConfig: Setting CVar [[s.PriorityAsyncLoadingExtraTime:15.0]]
LogConfig: Setting CVar [[s.LevelStreamingActorsUpdateTimeLimit:5.0]]
LogConfig: Setting CVar [[s.PriorityLevelStreamingActorsUpdateExtraTime:5.0]]
LogConfig: Setting CVar [[s.LevelStreamingComponentsRegistrationGranularity:10]]
LogConfig: Setting CVar [[s.UnregisterComponentsTimeLimit:1.0]]
LogConfig: Setting CVar [[s.LevelStreamingComponentsUnregistrationGranularity:5]]
LogConfig: Setting CVar [[s.FlushStreamingOnExit:1]]
LogInit: Object subsystem initialized
LogConfig: Setting CVar [[con.DebugEarlyDefault:1]]
LogConfig: Setting CVar [[r.setres:1280x720]]
[2023.09.14-10.25.39:823][  0]LogConfig: Setting CVar [[r.VSync:0]]
[2023.09.14-10.25.39:823][  0]LogConfig: Setting CVar [[r.RHICmdBypass:0]]
[2023.09.14-10.25.39:823][  0]LogConfig: Applying CVar settings from Section [/Script/Engine.RendererSettings] File [E:/Portfolio/Unreal/FPS_Game/Zombone/Saved/Config/Windows/Engine.ini]
[2023.09.14-10.25.39:823][  0]LogConfig: Setting CVar [[r.GPUCrashDebugging:0]]
[2023.09.14-10.25.39:823][  0]LogConfig: Applying CVar settings from Section [/Script/Engine.RendererOverrideSettings] File [E:/Portfolio/Unreal/FPS_Game/Zombone/Saved/Config/Windows/Engine.ini]
[2023.09.14-10.25.39:823][  0]LogConfig: Applying CVar settings from Section [/Script/Engine.StreamingSettings] File [E:/Portfolio/Unreal/FPS_Game/Zombone/Saved/Config/Windows/Engine.ini]
[2023.09.14-10.25.39:823][  0]LogConfig: Setting CVar [[s.MinBulkDataSizeForAsyncLoading:131072]]
[2023.09.14-10.25.39:823][  0]LogConfig: Setting CVar [[s.AsyncLoadingThreadEnabled:0]]
[2023.09.14-10.25.39:823][  0]LogConfig: Setting CVar [[s.EventDrivenLoaderEnabled:1]]
[2023.09.14-10.25.39:823][  0]LogConfig: Setting CVar [[s.WarnIfTimeLimitExceeded:0]]
[2023.09.14-10.25.39:824][  0]LogConfig: Setting CVar [[s.TimeLimitExceededMultiplier:1.5]]
[2023.09.14-10.25.39:824][  0]LogConfig: Setting CVar [[s.TimeLimitExceededMinTime:0.005]]
[2023.09.14-10.25.39:824][  0]LogConfig: Setting CVar [[s.UseBackgroundLevelStreaming:1]]
[2023.09.14-10.25.39:824][  0]LogConfig: Setting CVar [[s.PriorityAsyncLoadingExtraTime:15.0]]
[2023.09.14-10.25.39:824][  0]LogConfig: Setting CVar [[s.LevelStreamingActorsUpdateTimeLimit:5.0]]
[2023.09.14-10.25.39:824][  0]LogConfig: Setting CVar [[s.PriorityLevelStreamingActorsUpdateExtraTime:5.0]]
[2023.09.14-10.25.39:824][  0]LogConfig: Setting CVar [[s.LevelStreamingComponentsRegistrationGranularity:10]]
[2023.09.14-10.25.39:824][  0]LogConfig: Setting CVar [[s.UnregisterComponentsTimeLimit:1.0]]
[2023.09.14-10.25.39:824][  0]LogConfig: Setting CVar [[s.LevelStreamingComponentsUnregistrationGranularity:5]]
[2023.09.14-10.25.39:824][  0]LogConfig: Setting CVar [[s.FlushStreamingOnExit:1]]
[2023.09.14-10.25.39:824][  0]LogConfig: Applying CVar settings from Section [/Script/Engine.GarbageCollectionSettings] File [E:/Portfolio/Unreal/FPS_Game/Zombone/Saved/Config/Windows/Engine.ini]
[2023.09.14-10.25.39:824][  0]LogConfig: Setting CVar [[gc.MaxObjectsNotConsideredByGC:1]]
[2023.09.14-10.25.39:824][  0]LogConfig: Setting CVar [[gc.SizeOfPermanentObjectPool:0]]
[2023.09.14-10.25.39:824][  0]LogConfig: Setting CVar [[gc.FlushStreamingOnGC:0]]
[2023.09.14-10.25.39:824][  0]LogConfig: Setting CVar [[gc.NumRetriesBeforeForcingGC:10]]
[2023.09.14-10.25.39:824][  0]LogConfig: Setting CVar [[gc.AllowParallelGC:1]]
[2023.09.14-10.25.39:824][  0]LogConfig: Setting CVar [[gc.TimeBetweenPurgingPendingKillObjects:61.1]]
[2023.09.14-10.25.39:825][  0]LogConfig: Setting CVar [[gc.MaxObjectsInEditor:25165824]]
[2023.09.14-10.25.39:825][  0]LogConfig: Setting CVar [[gc.IncrementalBeginDestroyEnabled:1]]
[2023.09.14-10.25.39:825][  0]LogConfig: Setting CVar [[gc.CreateGCClusters:1]]
[2023.09.14-10.25.39:825][  0]LogConfig: Setting CVar [[gc.MinGCClusterSize:5]]
[2023.09.14-10.25.39:825][  0]LogConfig: Setting CVar [[gc.ActorClusteringEnabled:0]]
[2023.09.14-10.25.39:825][  0]LogConfig: Setting CVar [[gc.BlueprintClusteringEnabled:0]]
[2023.09.14-10.25.39:825][  0]LogConfig: Setting CVar [[gc.UseDisregardForGCOnDedicatedServers:0]]
[2023.09.14-10.25.39:825][  0]LogConfig: Setting CVar [[gc.MultithreadedDestructionEnabled:1]]
[2023.09.14-10.25.39:825][  0]LogConfig: Applying CVar settings from Section [/Script/Engine.NetworkSettings] File [E:/Portfolio/Unreal/FPS_Game/Zombone/Saved/Config/Windows/Engine.ini]
[2023.09.14-10.25.39:825][  0]LogConfig: Applying CVar settings from Section [/Script/UnrealEd.CookerSettings] File [E:/Portfolio/Unreal/FPS_Game/Zombone/Saved/Config/Windows/Engine.ini]
[2023.09.14-10.25.39:838][  0]LogConfig: Applying CVar settings from Section [ViewDistanceQuality@3] File [E:/Portfolio/Unreal/FPS_Game/Zombone/Saved/Config/Windows/Scalability.ini]
[2023.09.14-10.25.39:838][  0]LogConfig: Setting CVar [[r.SkeletalMeshLODBias:0]]
[2023.09.14-10.25.39:839][  0]LogConfig: Setting CVar [[r.ViewDistanceScale:1.0]]
[2023.09.14-10.25.39:839][  0]LogConfig: Applying CVar settings from Section [AntiAliasingQuality@3] File [E:/Portfolio/Unreal/FPS_Game/Zombone/Saved/Config/Windows/Scalability.ini]
[2023.09.14-10.25.39:839][  0]LogConfig: Setting CVar [[r.PostProcessAAQuality:4]]
[2023.09.14-10.25.39:839][  0]LogConfig: Applying CVar settings from Section [ShadowQuality@3] File [E:/Portfolio/Unreal/FPS_Game/Zombone/Saved/Config/Windows/Scalability.ini]
[2023.09.14-10.25.39:839][  0]LogConfig: Setting CVar [[r.LightFunctionQuality:1]]
[2023.09.14-10.25.39:839][  0]LogConfig: Setting CVar [[r.ShadowQuality:5]]
[2023.09.14-10.25.39:839][  0]LogConfig: Setting CVar [[r.Shadow.CSM.MaxCascades:10]]
[2023.09.14-10.25.39:839][  0]LogConfig: Setting CVar [[r.Shadow.MaxResolution:2048]]
[2023.09.14-10.25.39:839][  0]LogConfig: Setting CVar [[r.Shadow.MaxCSMResolution:2048]]
[2023.09.14-10.25.39:839][  0]LogConfig: Setting CVar [[r.Shadow.RadiusThreshold:0.01]]
[2023.09.14-10.25.39:839][  0]LogConfig: Setting CVar [[r.Shadow.DistanceScale:1.0]]
[2023.09.14-10.25.39:839][  0]LogConfig: Setting CVar [[r.Shadow.CSM.TransitionScale:1.0]]
[2023.09.14-10.25.39:839][  0]LogConfig: Setting CVar [[r.Shadow.PreShadowResolutionFactor:1.0]]
[2023.09.14-10.25.39:839][  0]LogConfig: Setting CVar [[r.DistanceFieldShadowing:1]]
[2023.09.14-10.25.39:839][  0]LogConfig: Setting CVar [[r.DistanceFieldAO:1]]
[2023.09.14-10.25.39:840][  0]LogConfig: Setting CVar [[r.AOQuality:2]]
[2023.09.14-10.25.39:840][  0]LogConfig: Setting CVar [[r.VolumetricFog:1]]
[2023.09.14-10.25.39:840][  0]LogConfig: Setting CVar [[r.VolumetricFog.GridPixelSize:8]]
[2023.09.14-10.25.39:840][  0]LogConfig: Setting CVar [[r.VolumetricFog.GridSizeZ:128]]
[2023.09.14-10.25.39:840][  0]LogConfig: Setting CVar [[r.VolumetricFog.HistoryMissSupersampleCount:4]]
[2023.09.14-10.25.39:840][  0]LogConfig: Setting CVar [[r.LightMaxDrawDistanceScale:1]]
[2023.09.14-10.25.39:840][  0]LogConfig: Setting CVar [[r.CapsuleShadows:1]]
[2023.09.14-10.25.39:840][  0]LogConfig: Applying CVar settings from Section [PostProcessQuality@3] File [E:/Portfolio/Unreal/FPS_Game/Zombone/Saved/Config/Windows/Scalability.ini]
[2023.09.14-10.25.39:840][  0]LogConfig: Setting CVar [[r.MotionBlurQuality:4]]
[2023.09.14-10.25.39:840][  0]LogConfig: Setting CVar [[r.AmbientOcclusionMipLevelFactor:0.4]]
[2023.09.14-10.25.39:840][  0]LogConfig: Setting CVar [[r.AmbientOcclusionMaxQuality:100]]
[2023.09.14-10.25.39:840][  0]LogConfig: Setting CVar [[r.AmbientOcclusionLevels:-1]]
[2023.09.14-10.25.39:840][  0]LogConfig: Setting CVar [[r.AmbientOcclusionRadiusScale:1.0]]
[2023.09.14-10.25.39:840][  0]LogConfig: Setting CVar [[r.DepthOfFieldQuality:2]]
[2023.09.14-10.25.39:840][  0]LogConfig: Setting CVar [[r.RenderTargetPoolMin:400]]
[2023.09.14-10.25.39:840][  0]LogConfig: Setting CVar [[r.LensFlareQuality:2]]
[2023.09.14-10.25.39:840][  0]LogConfig: Setting CVar [[r.SceneColorFringeQuality:1]]
[2023.09.14-10.25.39:840][  0]LogConfig: Setting CVar [[r.EyeAdaptationQuality:2]]
[2023.09.14-10.25.39:841][  0]LogConfig: Setting CVar [[r.BloomQuality:5]]
[2023.09.14-10.25.39:841][  0]LogConfig: Setting CVar [[r.FastBlurThreshold:100]]
[2023.09.14-10.25.39:841][  0]LogConfig: Setting CVar [[r.Upscale.Quality:3]]
[2023.09.14-10.25.39:841][  0]LogConfig: Setting CVar [[r.Tonemapper.GrainQuantization:1]]
[2023.09.14-10.25.39:841][  0]LogConfig: Setting CVar [[r.LightShaftQuality:1]]
[2023.09.14-10.25.39:841][  0]LogConfig: Setting CVar [[r.Filter.SizeScale:1]]
[2023.09.14-10.25.39:841][  0]LogConfig: Setting CVar [[r.Tonemapper.Quality:5]]
[2023.09.14-10.25.39:841][  0]LogConfig: Setting CVar [[r.DOF.Gather.AccumulatorQuality:1        ; higher gathering accumulator quality]]
[2023.09.14-10.25.39:841][  0]LogConfig: Setting CVar [[r.DOF.Gather.PostfilterMethod:1          ; Median3x3 postfilering method]]
[2023.09.14-10.25.39:841][  0]LogConfig: Setting CVar [[r.DOF.Gather.EnableBokehSettings:0       ; no bokeh simulation when gathering]]
[2023.09.14-10.25.39:841][  0]LogConfig: Setting CVar [[r.DOF.Gather.RingCount:4                 ; medium number of samples when gathering]]
[2023.09.14-10.25.39:841][  0]LogConfig: Setting CVar [[r.DOF.Scatter.ForegroundCompositing:1    ; additive foreground scattering]]
[2023.09.14-10.25.39:841][  0]LogConfig: Setting CVar [[r.DOF.Scatter.BackgroundCompositing:2    ; additive background scattering]]
[2023.09.14-10.25.39:841][  0]LogConfig: Setting CVar [[r.DOF.Scatter.EnableBokehSettings:1      ; bokeh simulation when scattering]]
[2023.09.14-10.25.39:841][  0]LogConfig: Setting CVar [[r.DOF.Scatter.MaxSpriteRatio:0.1         ; only a maximum of 10% of scattered bokeh]]
[2023.09.14-10.25.39:841][  0]LogConfig: Setting CVar [[r.DOF.Recombine.Quality:1                ; cheap slight out of focus]]
[2023.09.14-10.25.39:841][  0]LogConfig: Setting CVar [[r.DOF.Recombine.EnableBokehSettings:0    ; no bokeh simulation on slight out of focus]]
[2023.09.14-10.25.39:841][  0]LogConfig: Setting CVar [[r.DOF.TemporalAAQuality:1                ; more stable temporal accumulation]]
[2023.09.14-10.25.39:842][  0]LogConfig: Setting CVar [[r.DOF.Kernel.MaxForegroundRadius:0.025]]
[2023.09.14-10.25.39:842][  0]LogConfig: Setting CVar [[r.DOF.Kernel.MaxBackgroundRadius:0.025]]
[2023.09.14-10.25.39:842][  0]LogConfig: Applying CVar settings from Section [TextureQuality@3] File [E:/Portfolio/Unreal/FPS_Game/Zombone/Saved/Config/Windows/Scalability.ini]
[2023.09.14-10.25.39:842][  0]LogConfig: Setting CVar [[r.Streaming.MipBias:0]]
[2023.09.14-10.25.39:842][  0]LogConfig: Setting CVar [[r.Streaming.AmortizeCPUToGPUCopy:0]]
[2023.09.14-10.25.39:842][  0]LogConfig: Setting CVar [[r.Streaming.MaxNumTexturesToStreamPerFrame:0]]
[2023.09.14-10.25.39:842][  0]LogConfig: Setting CVar [[r.Streaming.Boost:1]]
[2023.09.14-10.25.39:842][  0]LogConfig: Setting CVar [[r.MaxAnisotropy:8]]
[2023.09.14-10.25.39:842][  0]LogConfig: Setting CVar [[r.VT.MaxAnisotropy:8]]
[2023.09.14-10.25.39:842][  0]LogConfig: Setting CVar [[r.Streaming.LimitPoolSizeToVRAM:0]]
[2023.09.14-10.25.39:842][  0]LogConfig: Setting CVar [[r.Streaming.PoolSize:1000]]
[2023.09.14-10.25.39:842][  0]LogConfig: Setting CVar [[r.Streaming.MaxEffectiveScreenSize:0]]
[2023.09.14-10.25.39:842][  0]LogConfig: Applying CVar settings from Section [EffectsQuality@3] File [E:/Portfolio/Unreal/FPS_Game/Zombone/Saved/Config/Windows/Scalability.ini]
[2023.09.14-10.25.39:842][  0]LogConfig: Setting CVar [[r.TranslucencyLightingVolumeDim:64]]
[2023.09.14-10.25.39:842][  0]LogConfig: Setting CVar [[r.RefractionQuality:2]]
[2023.09.14-10.25.39:842][  0]LogConfig: Setting CVar [[r.SSR.Quality:3]]
[2023.09.14-10.25.39:842][  0]LogConfig: Setting CVar [[r.SSR.HalfResSceneColor:0]]
[2023.09.14-10.25.39:842][  0]LogConfig: Setting CVar [[r.SceneColorFormat:4]]
[2023.09.14-10.25.39:843][  0]LogConfig: Setting CVar [[r.DetailMode:2]]
[2023.09.14-10.25.39:843][  0]LogConfig: Setting CVar [[r.TranslucencyVolumeBlur:1]]
[2023.09.14-10.25.39:843][  0]LogConfig: Setting CVar [[r.MaterialQualityLevel:1 ; High quality]]
[2023.09.14-10.25.39:843][  0]LogConfig: Setting CVar [[r.AnisotropicMaterials:1]]
[2023.09.14-10.25.39:843][  0]LogConfig: Setting CVar [[r.SSS.Scale:1]]
[2023.09.14-10.25.39:843][  0]LogConfig: Setting CVar [[r.SSS.SampleSet:2]]
[2023.09.14-10.25.39:843][  0]LogConfig: Setting CVar [[r.SSS.Quality:1]]
[2023.09.14-10.25.39:843][  0]LogConfig: Setting CVar [[r.SSS.HalfRes:0]]
[2023.09.14-10.25.39:843][  0]LogConfig: Setting CVar [[r.SSGI.Quality:3]]
[2023.09.14-10.25.39:843][  0]LogConfig: Setting CVar [[r.EmitterSpawnRateScale:1.0]]
[2023.09.14-10.25.39:843][  0]LogConfig: Setting CVar [[r.ParticleLightQuality:2]]
[2023.09.14-10.25.39:843][  0]LogConfig: Setting CVar [[r.SkyAtmosphere.AerialPerspectiveLUT.FastApplyOnOpaque:1 ; Always have FastSkyLUT 1 in this case to avoid wrong sky]]
[2023.09.14-10.25.39:843][  0]LogConfig: Setting CVar [[r.SkyAtmosphere.AerialPerspectiveLUT.SampleCountMaxPerSlice:4]]
[2023.09.14-10.25.39:843][  0]LogConfig: Setting CVar [[r.SkyAtmosphere.AerialPerspectiveLUT.DepthResolution:16.0]]
[2023.09.14-10.25.39:843][  0]LogConfig: Setting CVar [[r.SkyAtmosphere.FastSkyLUT:1]]
[2023.09.14-10.25.39:843][  0]LogConfig: Setting CVar [[r.SkyAtmosphere.FastSkyLUT.SampleCountMin:4.0]]
[2023.09.14-10.25.39:843][  0]LogConfig: Setting CVar [[r.SkyAtmosphere.FastSkyLUT.SampleCountMax:128.0]]
[2023.09.14-10.25.39:843][  0]LogConfig: Setting CVar [[r.SkyAtmosphere.SampleCountMin:4.0]]
[2023.09.14-10.25.39:844][  0]LogConfig: Setting CVar [[r.SkyAtmosphere.SampleCountMax:128.0]]
[2023.09.14-10.25.39:844][  0]LogConfig: Setting CVar [[r.SkyAtmosphere.TransmittanceLUT.UseSmallFormat:0]]
[2023.09.14-10.25.39:844][  0]LogConfig: Setting CVar [[r.SkyAtmosphere.TransmittanceLUT.SampleCount:10.0]]
[2023.09.14-10.25.39:844][  0]LogConfig: Setting CVar [[r.SkyAtmosphere.MultiScatteringLUT.SampleCount:15.0]]
[2023.09.14-10.25.39:844][  0]LogConfig: Setting CVar [[r.SkyLight.RealTimeReflectionCapture:1]]
[2023.09.14-10.25.39:844][  0]LogConfig: Applying CVar settings from Section [FoliageQuality@3] File [E:/Portfolio/Unreal/FPS_Game/Zombone/Saved/Config/Windows/Scalability.ini]
[2023.09.14-10.25.39:844][  0]LogConfig: Setting CVar [[foliage.DensityScale:1.0]]
[2023.09.14-10.25.39:844][  0]LogConfig: Setting CVar [[grass.DensityScale:1.0]]
[2023.09.14-10.25.39:844][  0]LogConfig: Applying CVar settings from Section [ShadingQuality@3] File [E:/Portfolio/Unreal/FPS_Game/Zombone/Saved/Config/Windows/Scalability.ini]
[2023.09.14-10.25.39:844][  0]LogConfig: Setting CVar [[r.HairStrands.SkyLighting.IntegrationType:2]]
[2023.09.14-10.25.39:844][  0]LogConfig: Setting CVar [[r.HairStrands.SkyAO.SampleCount:4]]
[2023.09.14-10.25.39:844][  0]LogConfig: Setting CVar [[r.HairStrands.Visibility.MSAA.SamplePerPixel:4]]
[2023.09.14-10.25.39:844][  0]LogInit: Selected Device Profile: [Windows]
[2023.09.14-10.25.39:844][  0]LogInit: Applying CVar settings loaded from the selected device profile: [Windows]
[2023.09.14-10.25.39:844][  0]LogHAL: Display: Platform has ~ 32 GB [34019524608 / 34359738368 / 32], which maps to Largest [LargestMinGB=32, LargerMinGB=12, DefaultMinGB=8, SmallerMinGB=6, SmallestMinGB=0)
[2023.09.14-10.25.39:844][  0]LogInit: Going up to parent DeviceProfile []
[2023.09.14-10.25.39:845][  0]LogConfig: Applying CVar settings from Section [ViewDistanceQuality@3] File [E:/Portfolio/Unreal/FPS_Game/Zombone/Saved/Config/Windows/Scalability.ini]
[2023.09.14-10.25.39:845][  0]LogConfig: Setting CVar [[r.SkeletalMeshLODBias:0]]
[2023.09.14-10.25.39:845][  0]LogConfig: Setting CVar [[r.ViewDistanceScale:1.0]]
[2023.09.14-10.25.39:845][  0]LogConfig: Applying CVar settings from Section [AntiAliasingQuality@3] File [E:/Portfolio/Unreal/FPS_Game/Zombone/Saved/Config/Windows/Scalability.ini]
[2023.09.14-10.25.39:845][  0]LogConfig: Setting CVar [[r.PostProcessAAQuality:4]]
[2023.09.14-10.25.39:845][  0]LogConfig: Applying CVar settings from Section [ShadowQuality@3] File [E:/Portfolio/Unreal/FPS_Game/Zombone/Saved/Config/Windows/Scalability.ini]
[2023.09.14-10.25.39:845][  0]LogConfig: Setting CVar [[r.LightFunctionQuality:1]]
[2023.09.14-10.25.39:845][  0]LogConfig: Setting CVar [[r.ShadowQuality:5]]
[2023.09.14-10.25.39:845][  0]LogConfig: Setting CVar [[r.Shadow.CSM.MaxCascades:10]]
[2023.09.14-10.25.39:845][  0]LogConfig: Setting CVar [[r.Shadow.MaxResolution:2048]]
[2023.09.14-10.25.39:845][  0]LogConfig: Setting CVar [[r.Shadow.MaxCSMResolution:2048]]
[2023.09.14-10.25.39:845][  0]LogConfig: Setting CVar [[r.Shadow.RadiusThreshold:0.01]]
[2023.09.14-10.25.39:845][  0]LogConfig: Setting CVar [[r.Shadow.DistanceScale:1.0]]
[2023.09.14-10.25.39:845][  0]LogConfig: Setting CVar [[r.Shadow.CSM.TransitionScale:1.0]]
[2023.09.14-10.25.39:845][  0]LogConfig: Setting CVar [[r.Shadow.PreShadowResolutionFactor:1.0]]
[2023.09.14-10.25.39:845][  0]LogConfig: Setting CVar [[r.DistanceFieldShadowing:1]]
[2023.09.14-10.25.39:845][  0]LogConfig: Setting CVar [[r.DistanceFieldAO:1]]
[2023.09.14-10.25.39:845][  0]LogConfig: Setting CVar [[r.AOQuality:2]]
[2023.09.14-10.25.39:845][  0]LogConfig: Setting CVar [[r.VolumetricFog:1]]
[2023.09.14-10.25.39:846][  0]LogConfig: Setting CVar [[r.VolumetricFog.GridPixelSize:8]]
[2023.09.14-10.25.39:846][  0]LogConfig: Setting CVar [[r.VolumetricFog.GridSizeZ:128]]
[2023.09.14-10.25.39:846][  0]LogConfig: Setting CVar [[r.VolumetricFog.HistoryMissSupersampleCount:4]]
[2023.09.14-10.25.39:846][  0]LogConfig: Setting CVar [[r.LightMaxDrawDistanceScale:1]]
[2023.09.14-10.25.39:846][  0]LogConfig: Setting CVar [[r.CapsuleShadows:1]]
[2023.09.14-10.25.39:846][  0]LogConfig: Applying CVar settings from Section [PostProcessQuality@3] File [E:/Portfolio/Unreal/FPS_Game/Zombone/Saved/Config/Windows/Scalability.ini]
[2023.09.14-10.25.39:846][  0]LogConfig: Setting CVar [[r.MotionBlurQuality:4]]
[2023.09.14-10.25.39:846][  0]LogConfig: Setting CVar [[r.AmbientOcclusionMipLevelFactor:0.4]]
[2023.09.14-10.25.39:846][  0]LogConfig: Setting CVar [[r.AmbientOcclusionMaxQuality:100]]
[2023.09.14-10.25.39:846][  0]LogConfig: Setting CVar [[r.AmbientOcclusionLevels:-1]]
[2023.09.14-10.25.39:846][  0]LogConfig: Setting CVar [[r.AmbientOcclusionRadiusScale:1.0]]
[2023.09.14-10.25.39:846][  0]LogConfig: Setting CVar [[r.DepthOfFieldQuality:2]]
[2023.09.14-10.25.39:846][  0]LogConfig: Setting CVar [[r.RenderTargetPoolMin:400]]
[2023.09.14-10.25.39:846][  0]LogConfig: Setting CVar [[r.LensFlareQuality:2]]
[2023.09.14-10.25.39:846][  0]LogConfig: Setting CVar [[r.SceneColorFringeQuality:1]]
[2023.09.14-10.25.39:846][  0]LogConfig: Setting CVar [[r.EyeAdaptationQuality:2]]
[2023.09.14-10.25.39:846][  0]LogConfig: Setting CVar [[r.BloomQuality:5]]
[2023.09.14-10.25.39:846][  0]LogConfig: Setting CVar [[r.FastBlurThreshold:100]]
[2023.09.14-10.25.39:846][  0]LogConfig: Setting CVar [[r.Upscale.Quality:3]]
[2023.09.14-10.25.39:847][  0]LogConfig: Setting CVar [[r.Tonemapper.GrainQuantization:1]]
[2023.09.14-10.25.39:847][  0]LogConfig: Setting CVar [[r.LightShaftQuality:1]]
[2023.09.14-10.25.39:847][  0]LogConfig: Setting CVar [[r.Filter.SizeScale:1]]
[2023.09.14-10.25.39:847][  0]LogConfig: Setting CVar [[r.Tonemapper.Quality:5]]
[2023.09.14-10.25.39:847][  0]LogConfig: Setting CVar [[r.DOF.Gather.AccumulatorQuality:1        ; higher gathering accumulator quality]]
[2023.09.14-10.25.39:847][  0]LogConfig: Setting CVar [[r.DOF.Gather.PostfilterMethod:1          ; Median3x3 postfilering method]]
[2023.09.14-10.25.39:847][  0]LogConfig: Setting CVar [[r.DOF.Gather.EnableBokehSettings:0       ; no bokeh simulation when gathering]]
[2023.09.14-10.25.39:847][  0]LogConfig: Setting CVar [[r.DOF.Gather.RingCount:4                 ; medium number of samples when gathering]]
[2023.09.14-10.25.39:847][  0]LogConfig: Setting CVar [[r.DOF.Scatter.ForegroundCompositing:1    ; additive foreground scattering]]
[2023.09.14-10.25.39:847][  0]LogConfig: Setting CVar [[r.DOF.Scatter.BackgroundCompositing:2    ; additive background scattering]]
[2023.09.14-10.25.39:847][  0]LogConfig: Setting CVar [[r.DOF.Scatter.EnableBokehSettings:1      ; bokeh simulation when scattering]]
[2023.09.14-10.25.39:847][  0]LogConfig: Setting CVar [[r.DOF.Scatter.MaxSpriteRatio:0.1         ; only a maximum of 10% of scattered bokeh]]
[2023.09.14-10.25.39:847][  0]LogConfig: Setting CVar [[r.DOF.Recombine.Quality:1                ; cheap slight out of focus]]
[2023.09.14-10.25.39:847][  0]LogConfig: Setting CVar [[r.DOF.Recombine.EnableBokehSettings:0    ; no bokeh simulation on slight out of focus]]
[2023.09.14-10.25.39:847][  0]LogConfig: Setting CVar [[r.DOF.TemporalAAQuality:1                ; more stable temporal accumulation]]
[2023.09.14-10.25.39:847][  0]LogConfig: Setting CVar [[r.DOF.Kernel.MaxForegroundRadius:0.025]]
[2023.09.14-10.25.39:847][  0]LogConfig: Setting CVar [[r.DOF.Kernel.MaxBackgroundRadius:0.025]]
[2023.09.14-10.25.39:847][  0]LogConfig: Applying CVar settings from Section [TextureQuality@3] File [E:/Portfolio/Unreal/FPS_Game/Zombone/Saved/Config/Windows/Scalability.ini]
[2023.09.14-10.25.39:847][  0]LogConfig: Setting CVar [[r.Streaming.MipBias:0]]
[2023.09.14-10.25.39:848][  0]LogConfig: Setting CVar [[r.Streaming.AmortizeCPUToGPUCopy:0]]
[2023.09.14-10.25.39:848][  0]LogConfig: Setting CVar [[r.Streaming.MaxNumTexturesToStreamPerFrame:0]]
[2023.09.14-10.25.39:848][  0]LogConfig: Setting CVar [[r.Streaming.Boost:1]]
[2023.09.14-10.25.39:848][  0]LogConfig: Setting CVar [[r.MaxAnisotropy:8]]
[2023.09.14-10.25.39:848][  0]LogConfig: Setting CVar [[r.VT.MaxAnisotropy:8]]
[2023.09.14-10.25.39:848][  0]LogConfig: Setting CVar [[r.Streaming.LimitPoolSizeToVRAM:0]]
[2023.09.14-10.25.39:848][  0]LogConfig: Setting CVar [[r.Streaming.PoolSize:1000]]
[2023.09.14-10.25.39:848][  0]LogConfig: Setting CVar [[r.Streaming.MaxEffectiveScreenSize:0]]
[2023.09.14-10.25.39:848][  0]LogConfig: Applying CVar settings from Section [EffectsQuality@3] File [E:/Portfolio/Unreal/FPS_Game/Zombone/Saved/Config/Windows/Scalability.ini]
[2023.09.14-10.25.39:848][  0]LogConfig: Setting CVar [[r.TranslucencyLightingVolumeDim:64]]
[2023.09.14-10.25.39:848][  0]LogConfig: Setting CVar [[r.RefractionQuality:2]]
[2023.09.14-10.25.39:848][  0]LogConfig: Setting CVar [[r.SSR.Quality:3]]
[2023.09.14-10.25.39:848][  0]LogConfig: Setting CVar [[r.SSR.HalfResSceneColor:0]]
[2023.09.14-10.25.39:848][  0]LogConfig: Setting CVar [[r.SceneColorFormat:4]]
[2023.09.14-10.25.39:848][  0]LogConfig: Setting CVar [[r.DetailMode:2]]
[2023.09.14-10.25.39:848][  0]LogConfig: Setting CVar [[r.TranslucencyVolumeBlur:1]]
[2023.09.14-10.25.39:848][  0]LogConfig: Setting CVar [[r.MaterialQualityLevel:1 ; High quality]]
[2023.09.14-10.25.39:848][  0]LogConfig: Setting CVar [[r.AnisotropicMaterials:1]]
[2023.09.14-10.25.39:848][  0]LogConfig: Setting CVar [[r.SSS.Scale:1]]
[2023.09.14-10.25.39:848][  0]LogConfig: Setting CVar [[r.SSS.SampleSet:2]]
[2023.09.14-10.25.39:849][  0]LogConfig: Setting CVar [[r.SSS.Quality:1]]
[2023.09.14-10.25.39:849][  0]LogConfig: Setting CVar [[r.SSS.HalfRes:0]]
[2023.09.14-10.25.39:849][  0]LogConfig: Setting CVar [[r.SSGI.Quality:3]]
[2023.09.14-10.25.39:849][  0]LogConfig: Setting CVar [[r.EmitterSpawnRateScale:1.0]]
[2023.09.14-10.25.39:849][  0]LogConfig: Setting CVar [[r.ParticleLightQuality:2]]
[2023.09.14-10.25.39:849][  0]LogConfig: Setting CVar [[r.SkyAtmosphere.AerialPerspectiveLUT.FastApplyOnOpaque:1 ; Always have FastSkyLUT 1 in this case to avoid wrong sky]]
[2023.09.14-10.25.39:849][  0]LogConfig: Setting CVar [[r.SkyAtmosphere.AerialPerspectiveLUT.SampleCountMaxPerSlice:4]]
[2023.09.14-10.25.39:849][  0]LogConfig: Setting CVar [[r.SkyAtmosphere.AerialPerspectiveLUT.DepthResolution:16.0]]
[2023.09.14-10.25.39:849][  0]LogConfig: Setting CVar [[r.SkyAtmosphere.FastSkyLUT:1]]
[2023.09.14-10.25.39:849][  0]LogConfig: Setting CVar [[r.SkyAtmosphere.FastSkyLUT.SampleCountMin:4.0]]
[2023.09.14-10.25.39:849][  0]LogConfig: Setting CVar [[r.SkyAtmosphere.FastSkyLUT.SampleCountMax:128.0]]
[2023.09.14-10.25.39:849][  0]LogConfig: Setting CVar [[r.SkyAtmosphere.SampleCountMin:4.0]]
[2023.09.14-10.25.39:849][  0]LogConfig: Setting CVar [[r.SkyAtmosphere.SampleCountMax:128.0]]
[2023.09.14-10.25.39:849][  0]LogConfig: Setting CVar [[r.SkyAtmosphere.TransmittanceLUT.UseSmallFormat:0]]
[2023.09.14-10.25.39:849][  0]LogConfig: Setting CVar [[r.SkyAtmosphere.TransmittanceLUT.SampleCount:10.0]]
[2023.09.14-10.25.39:849][  0]LogConfig: Setting CVar [[r.SkyAtmosphere.MultiScatteringLUT.SampleCount:15.0]]
[2023.09.14-10.25.39:849][  0]LogConfig: Setting CVar [[r.SkyLight.RealTimeReflectionCapture:1]]
[2023.09.14-10.25.39:849][  0]LogConfig: Applying CVar settings from Section [FoliageQuality@3] File [E:/Portfolio/Unreal/FPS_Game/Zombone/Saved/Config/Windows/Scalability.ini]
[2023.09.14-10.25.39:850][  0]LogConfig: Setting CVar [[foliage.DensityScale:1.0]]
[2023.09.14-10.25.39:850][  0]LogConfig: Setting CVar [[grass.DensityScale:1.0]]
[2023.09.14-10.25.39:850][  0]LogConfig: Applying CVar settings from Section [ShadingQuality@3] File [E:/Portfolio/Unreal/FPS_Game/Zombone/Saved/Config/Windows/Scalability.ini]
[2023.09.14-10.25.39:850][  0]LogConfig: Setting CVar [[r.HairStrands.SkyLighting.IntegrationType:2]]
[2023.09.14-10.25.39:850][  0]LogConfig: Setting CVar [[r.HairStrands.SkyAO.SampleCount:4]]
[2023.09.14-10.25.39:850][  0]LogConfig: Setting CVar [[r.HairStrands.Visibility.MSAA.SamplePerPixel:4]]
[2023.09.14-10.25.39:850][  0]LogConfig: Applying CVar settings from Section [Startup] File [../../../Engine/Config/ConsoleVariables.ini]
[2023.09.14-10.25.39:850][  0]LogConfig: Setting CVar [[net.UseAdaptiveNetUpdateFrequency:0]]
[2023.09.14-10.25.39:850][  0]LogConfig: Setting CVar [[p.chaos.AllowCreatePhysxBodies:1]]
[2023.09.14-10.25.39:850][  0]LogConfig: Setting CVar [[fx.SkipVectorVMBackendOptimizations:1]]
[2023.09.14-10.25.39:850][  0]LogConfig: Applying CVar settings from Section [ConsoleVariables] File [E:/Portfolio/Unreal/FPS_Game/Zombone/Saved/Config/Windows/Engine.ini]
[2023.09.14-10.25.39:850][  0]LogConfig: Applying CVar settings from Section [ConsoleVariables] File [E:/Portfolio/Unreal/FPS_Game/Zombone/Saved/Config/Windows/Editor.ini]
[2023.09.14-10.25.39:851][  0]LogInit: Computer: DESKTOP-J6VGNOD
[2023.09.14-10.25.39:851][  0]LogInit: User: timve
[2023.09.14-10.25.39:851][  0]LogInit: CPU Page size=4096, Cores=6
[2023.09.14-10.25.39:851][  0]LogInit: High frequency timer resolution =10.000000 MHz
[2023.09.14-10.25.39:851][  0]LogMemory: Memory total: Physical=31.7GB (32GB approx)
[2023.09.14-10.25.39:851][  0]LogMemory: Platform Memory Stats for Windows
[2023.09.14-10.25.39:851][  0]LogMemory: Process Physical Memory: 148.64 MB used, 152.68 MB peak
[2023.09.14-10.25.39:851][  0]LogMemory: Process Virtual Memory: 130.57 MB used, 130.57 MB peak
[2023.09.14-10.25.39:851][  0]LogMemory: Physical Memory: 12934.32 MB used,  19509.23 MB free, 32443.55 MB total
[2023.09.14-10.25.39:851][  0]LogMemory: Virtual Memory: 134198544.00 MB used,  19180.13 MB free, 134217728.00 MB total
[2023.09.14-10.25.39:859][  0]LogWindows: WindowsPlatformFeatures enabled
[2023.09.14-10.25.39:997][  0]LogInit: Physics initialised using underlying interface: PhysX
[2023.09.14-10.25.39:998][  0]LogInit: Using OS detected language (en-US).
[2023.09.14-10.25.39:998][  0]LogInit: Using OS detected locale (nl-BE).
[2023.09.14-10.25.40:002][  0]LogTextLocalizationManager: No specific localization for 'en-US' exists, so the 'en' localization will be used.
[2023.09.14-10.25.40:214][  0]LogInit: Setting process to per monitor DPI aware
[2023.09.14-10.25.40:239][  0]LogWindowsTextInputMethodSystem: Display: IME system deactivated.
[2023.09.14-10.25.40:261][  0]LogSlate: New Slate User Created.  User Index 0, Is Virtual User: 0
[2023.09.14-10.25.40:262][  0]LogSlate: Slate User Registered.  User Index 0, Is Virtual User: 0
[2023.09.14-10.25.40:367][  0]LogD3D11RHI: Loaded GFSDK_Aftermath_Lib.x64.dll
[2023.09.14-10.25.40:372][  0]LogHMD: Failed to initialize OpenVR with code 110
[2023.09.14-10.25.40:372][  0]LogD3D11RHI: D3D11 min allowed feature level: 11_0
[2023.09.14-10.25.40:372][  0]LogD3D11RHI: D3D11 max allowed feature level: 11_0
[2023.09.14-10.25.40:372][  0]LogD3D11RHI: D3D11 adapters:
[2023.09.14-10.25.40:537][  0]LogD3D11RHI:    0. 'NVIDIA GeForce GTX 1060 6GB' (Feature Level 11_0)
[2023.09.14-10.25.40:537][  0]LogD3D11RHI:       6043/0/16221 MB DedicatedVideo/DedicatedSystem/SharedSystem, Outputs:2, VendorId:0x10de
[2023.09.14-10.25.40:542][  0]LogD3D11RHI:    1. 'Microsoft Basic Render Driver' (Feature Level 11_0)
[2023.09.14-10.25.40:542][  0]LogD3D11RHI:       0/0/16221 MB DedicatedVideo/DedicatedSystem/SharedSystem, Outputs:0, VendorId:0x1414
[2023.09.14-10.25.40:542][  0]LogD3D11RHI: Chosen D3D11 Adapter:
[2023.09.14-10.25.40:542][  0]LogD3D11RHI:     Description : NVIDIA GeForce GTX 1060 6GB
[2023.09.14-10.25.40:543][  0]LogD3D11RHI:     VendorId    : 10de
[2023.09.14-10.25.40:543][  0]LogD3D11RHI:     DeviceId    : 1c03
[2023.09.14-10.25.40:543][  0]LogD3D11RHI:     SubSysId    : 32831462
[2023.09.14-10.25.40:543][  0]LogD3D11RHI:     Revision    : 00a1
[2023.09.14-10.25.40:543][  0]LogD3D11RHI:     DedicatedVideoMemory : 6336544768 bytes
[2023.09.14-10.25.40:543][  0]LogD3D11RHI:     DedicatedSystemMemory : 0 bytes
[2023.09.14-10.25.40:543][  0]LogD3D11RHI:     SharedSystemMemory : 17009762304 bytes
[2023.09.14-10.25.40:543][  0]LogD3D11RHI:     AdapterLuid : 0 93674
[2023.09.14-10.25.40:551][  0]LogD3D11RHI: Creating new Direct3DDevice
[2023.09.14-10.25.40:551][  0]LogD3D11RHI:     GPU DeviceId: 0x1c03 (for the marketing name, search the web for "GPU Device Id")
[2023.09.14-10.25.40:551][  0]LogWindows: EnumDisplayDevices:
[2023.09.14-10.25.40:551][  0]LogWindows:    0. 'NVIDIA GeForce GTX 1060 6GB' (P:1 D:1)
[2023.09.14-10.25.40:552][  0]LogWindows:    1. 'NVIDIA GeForce GTX 1060 6GB' (P:0 D:1)
[2023.09.14-10.25.40:552][  0]LogWindows:    2. 'NVIDIA GeForce GTX 1060 6GB' (P:0 D:0)
[2023.09.14-10.25.40:552][  0]LogWindows:    3. 'NVIDIA GeForce GTX 1060 6GB' (P:0 D:0)
[2023.09.14-10.25.40:552][  0]LogWindows: DebugString: FoundDriverCount:4 
[2023.09.14-10.25.40:553][  0]LogD3D11RHI:     Adapter Name: NVIDIA GeForce GTX 1060 6GB
[2023.09.14-10.25.40:553][  0]LogD3D11RHI:   Driver Version: 531.29 (internal:31.0.15.3129, unified:531.29)
[2023.09.14-10.25.40:553][  0]LogD3D11RHI:      Driver Date: 3-8-2023
[2023.09.14-10.25.40:553][  0]LogRHI: Texture pool is 4230 MB (70% of 6043 MB)
[2023.09.14-10.25.40:553][  0]LogD3D11RHI: Creating D3DDevice using adapter:
[2023.09.14-10.25.40:553][  0]LogD3D11RHI:     Description : NVIDIA GeForce GTX 1060 6GB
[2023.09.14-10.25.40:553][  0]LogD3D11RHI:     VendorId    : 10de
[2023.09.14-10.25.40:553][  0]LogD3D11RHI:     DeviceId    : 1c03
[2023.09.14-10.25.40:553][  0]LogD3D11RHI:     SubSysId    : 32831462
[2023.09.14-10.25.40:553][  0]LogD3D11RHI:     Revision    : 00a1
[2023.09.14-10.25.40:553][  0]LogD3D11RHI:     DedicatedVideoMemory : 6336544768 bytes
[2023.09.14-10.25.40:553][  0]LogD3D11RHI:     DedicatedSystemMemory : 0 bytes
[2023.09.14-10.25.40:553][  0]LogD3D11RHI:     SharedSystemMemory : 17009762304 bytes
[2023.09.14-10.25.40:553][  0]LogD3D11RHI:     AdapterLuid : 0 93674
[2023.09.14-10.25.40:655][  0]LogD3D11RHI: RHI has support for 64 bit atomics
[2023.09.14-10.25.40:655][  0]LogD3D11RHI: Async texture creation enabled
[2023.09.14-10.25.40:655][  0]LogD3D11RHI: Array index from any shader is supported
[2023.09.14-10.25.40:673][  0]LogD3D11RHI: GPU Timing Frequency: 1000.000000 (Debug: 2 1)
[2023.09.14-10.25.40:736][  0]LogRHI: GeForceNow SDK initialized: 1
[2023.09.14-10.25.41:058][  0]LogTargetPlatformManager: Display: Loaded TargetPlatform 'AllDesktop'
[2023.09.14-10.25.41:081][  0]LogTargetPlatformManager: Display: Loaded TargetPlatform 'Android'
[2023.09.14-10.25.41:081][  0]LogTargetPlatformManager: Display: Loaded TargetPlatform 'Android_ASTC'
[2023.09.14-10.25.41:081][  0]LogTargetPlatformManager: Display: Loaded TargetPlatform 'Android_DXT'
[2023.09.14-10.25.41:081][  0]LogTargetPlatformManager: Display: Loaded TargetPlatform 'Android_ETC2'
[2023.09.14-10.25.41:081][  0]LogTargetPlatformManager: Display: Loaded TargetPlatform 'AndroidClient'
[2023.09.14-10.25.41:081][  0]LogTargetPlatformManager: Display: Loaded TargetPlatform 'Android_ASTCClient'
[2023.09.14-10.25.41:081][  0]LogTargetPlatformManager: Display: Loaded TargetPlatform 'Android_DXTClient'
[2023.09.14-10.25.41:081][  0]LogTargetPlatformManager: Display: Loaded TargetPlatform 'Android_ETC2Client'
[2023.09.14-10.25.41:081][  0]LogTargetPlatformManager: Display: Loaded TargetPlatform 'Android_Multi'
[2023.09.14-10.25.41:081][  0]LogTargetPlatformManager: Display: Loaded TargetPlatform 'Android_MultiClient'
[2023.09.14-10.25.41:104][  0]LogTargetPlatformManager: Display: Loaded TargetPlatform 'IOSClient'
[2023.09.14-10.25.41:104][  0]LogTargetPlatformManager: Display: Loaded TargetPlatform 'IOS'
[2023.09.14-10.25.41:114][  0]LogTargetPlatformManager: Display: Loaded TargetPlatform 'Linux'
[2023.09.14-10.25.41:120][  0]LogTargetPlatformManager: Display: Loaded TargetPlatform 'LinuxNoEditor'
[2023.09.14-10.25.41:125][  0]LogTargetPlatformManager: Display: Loaded TargetPlatform 'LinuxClient'
[2023.09.14-10.25.41:130][  0]LogTargetPlatformManager: Display: Loaded TargetPlatform 'LinuxServer'
[2023.09.14-10.25.41:140][  0]LogTargetPlatformManager: Display: Loaded TargetPlatform 'LinuxAArch64NoEditor'
[2023.09.14-10.25.41:146][  0]LogTargetPlatformManager: Display: Loaded TargetPlatform 'LinuxAArch64Client'
[2023.09.14-10.25.41:151][  0]LogTargetPlatformManager: Display: Loaded TargetPlatform 'LinuxAArch64Server'
[2023.09.14-10.25.41:174][  0]LogTargetPlatformManager: Display: Loaded TargetPlatform 'Lumin'
[2023.09.14-10.25.41:174][  0]LogTargetPlatformManager: Display: Loaded TargetPlatform 'LuminClient'
[2023.09.14-10.25.41:183][  0]LogTargetPlatformManager: Display: Loaded TargetPlatform 'MacNoEditor'
[2023.09.14-10.25.41:189][  0]LogTargetPlatformManager: Display: Loaded TargetPlatform 'Mac'
[2023.09.14-10.25.41:194][  0]LogTargetPlatformManager: Display: Loaded TargetPlatform 'MacClient'
[2023.09.14-10.25.41:200][  0]LogTargetPlatformManager: Display: Loaded TargetPlatform 'MacServer'
[2023.09.14-10.25.41:210][  0]LogTargetPlatformManager: Display: Loaded TargetPlatform 'TVOSClient'
[2023.09.14-10.25.41:210][  0]LogTargetPlatformManager: Display: Loaded TargetPlatform 'TVOS'
[2023.09.14-10.25.41:220][  0]LogTargetPlatformManager: Display: Loaded TargetPlatform 'WindowsNoEditor'
[2023.09.14-10.25.41:228][  0]LogTargetPlatformManager: Display: Loaded TargetPlatform 'Windows'
[2023.09.14-10.25.41:232][  0]LogTargetPlatformManager: Display: Loaded TargetPlatform 'WindowsClient'
[2023.09.14-10.25.41:238][  0]LogTargetPlatformManager: Display: Loaded TargetPlatform 'WindowsServer'
[2023.09.14-10.25.41:238][  0]LogTargetPlatformManager: Display: Building Assets For Windows
[2023.09.14-10.25.41:250][  0]LogAudioDebug: Display: Lib vorbis DLL was dynamically loaded.
[2023.09.14-10.25.41:293][  0]LogTextureFormatOodle: Display: Oodle Texture 2.9.0 init RDO Off
[2023.09.14-10.25.41:348][  0]LogRendererCore: Ray tracing is disabled. Reason: r.RayTracing=0.
[2023.09.14-10.25.41:348][  0]LogShaderCompilers: Guid format shader working directory is 9 characters bigger than the processId version (E:/Portfolio/Unreal/FPS_Game/Zombone/Intermediate/Shaders/WorkingDirectory/24616/).
[2023.09.14-10.25.41:349][  0]LogShaderCompilers: Cleaned the shader compiler working directory 'C:/Users/timve/AppData/Local/Temp/UnrealShaderWorkingDir/1DC1706747277D9A1BAE878DBE771863/'.
[2023.09.14-10.25.41:349][  0]LogXGEController: Cannot use XGE Controller as Incredibuild is not installed on this machine.
[2023.09.14-10.25.41:349][  0]LogShaderCompilers: Cannot use XGE Shader Compiler as Incredibuild is not installed on this machine.
[2023.09.14-10.25.41:349][  0]LogShaderCompilers: Display: Using Local Shader Compiler.
[2023.09.14-10.25.42:110][  0]LogDerivedDataCache: Display: Max Cache Size: 512 MB
[2023.09.14-10.25.42:180][  0]LogDerivedDataCache: Loaded boot cache 0.07s 99MB C:/Users/timve/AppData/Local/UnrealEngine/4.27/DerivedDataCache/Boot.ddc.
[2023.09.14-10.25.42:180][  0]LogDerivedDataCache: Display: Loaded Boot cache: C:/Users/timve/AppData/Local/UnrealEngine/4.27/DerivedDataCache/Boot.ddc
[2023.09.14-10.25.42:180][  0]LogDerivedDataCache: FDerivedDataBackendGraph:  Pak pak cache file E:/Portfolio/Unreal/FPS_Game/Zombone/DerivedDataCache/DDC.ddp not found, will not use a pak cache.
[2023.09.14-10.25.42:180][  0]LogDerivedDataCache: Unable to find inner node Pak for hierarchical cache Hierarchy.
[2023.09.14-10.25.42:180][  0]LogDerivedDataCache: FDerivedDataBackendGraph:  CompressedPak pak cache file E:/Portfolio/Unreal/FPS_Game/Zombone/DerivedDataCache/Compressed.ddp not found, will not use a pak cache.
[2023.09.14-10.25.42:180][  0]LogDerivedDataCache: Unable to find inner node CompressedPak for hierarchical cache Hierarchy.
[2023.09.14-10.25.42:196][  0]LogDerivedDataCache: Display: Pak cache opened for reading ../../../Engine/DerivedDataCache/Compressed.ddp.
[2023.09.14-10.25.42:196][  0]LogDerivedDataCache: FDerivedDataBackendGraph:  EnterprisePak pak cache file ../../../Enterprise/DerivedDataCache/Compressed.ddp not found, will not use a pak cache.
[2023.09.14-10.25.42:196][  0]LogDerivedDataCache: Unable to find inner node EnterprisePak for hierarchical cache Hierarchy.
[2023.09.14-10.25.42:202][  0]LogDerivedDataCache: Speed tests for C:/Users/timve/AppData/Local/UnrealEngine/Common/DerivedDataCache took 0.01 seconds
[2023.09.14-10.25.42:203][  0]LogDerivedDataCache: Display: Performance to C:/Users/timve/AppData/Local/UnrealEngine/Common/DerivedDataCache: Latency=0.03ms. RandomReadSpeed=1451.96MBs, RandomWriteSpeed=193.12MBs. Assigned SpeedClass 'Local'
[2023.09.14-10.25.42:205][  0]LogDerivedDataCache: Using Local data cache path C:/Users/timve/AppData/Local/UnrealEngine/Common/DerivedDataCache: Writable
[2023.09.14-10.25.42:206][  0]LogDerivedDataCache: Shared data cache path not found in *engine.ini, will not use an Shared cache.
[2023.09.14-10.25.42:206][  0]LogDerivedDataCache: Unable to find inner node Shared for hierarchical cache Hierarchy.
[2023.09.14-10.25.42:250][  0]LogSlate: Using FreeType 2.10.0
[2023.09.14-10.25.42:252][  0]LogSlate: SlateFontServices - WITH_FREETYPE: 1, WITH_HARFBUZZ: 1
[2023.09.14-10.25.42:308][  0]LogAssetRegistry: FAssetRegistry took 0.0076 seconds to start up
[2023.09.14-10.25.42:556][  0]LogInit: Selected Device Profile: [Windows]
[2023.09.14-10.25.42:557][  0]LogInit: Active device profile: [000001B63433CF00][000001B62A3D1BC0 49] Windows
[2023.09.14-10.25.42:557][  0]LogInit: Profiles: [000001B63433CF00][000001B62A3D1BC0 49] Windows, [000001B6342F2A00][000001B6306F21C0 49] WindowsNoEditor, [000001B63433DF00][000001B62BC5A340 49] WindowsServer, [000001B6342F1B00][000001B6333584C0 49] WindowsClient, [000001B63433D200][000001B63335C640 49] IOS, [000001B6342F1800][000001B6333607C0 49] iPadAir, [000001B63433F300][000001B633364940 49] iPadAir2, [000001B6342A1300][000001B633372C00 49] IPadPro, [000001B6342A1400][000001B633368C40 49] iPadAir3, [000001B6342F0B00][000001B62BC50D80 49] iPadAir4, [000001B6342A2100][000001B63337CEC0 49] iPadMini2, [000001B6342F3A00][000001B62A767000 49] iPadMini3, [000001B6342A2C00][000001B62BC5F140 49] iPadMini4, [000001B6342F2C00][000001B62A3D92C0 49] iPadMini5, [000001B63429CE00][000001B62A3E1580 49] iPhone6, [000001B63429CF00][000001B62A3DD5C0 49] iPodTouch6, [000001B63433F700][000001B62A3E9880 49] iPhone7, [000001B63433E800][000001B62A3E58C0 49] iPodTouch7, [000001B6342A1100][000001B62A3EDA40 49] iPhone5S, [000001B63433D100][000001B62A665BC0 49] iPhone6Plus, [000001B6342A2A00][000001B62A3F81C0 49] iPhone6S, [000001B63433DA00][000001B62A3F4340 49] iPhone6SPlus, [000001B63429C100][000001B62A5E44C0 49] iPhone7Plus, [000001B6342A1D00][000001B632F6A640 49] iPhoneSE, [000001B63429CC00][000001B62A65C7C0 49] iPhone8, [000001B6342A0400][000001B62A660940 49] iPhone8Plus, [000001B63429EA00][000001B62A3F0AC0 49] iPhoneX, [000001B6342A3C00][000001B62A59CC40 49] iPhoneXS, [000001B63429E900][000001B62A5A0DC0 49] iPhoneXSMax, [000001B6342A0B00][000001B62A5A4F40 49] iPhoneXR, [000001B63433F800][000001B62A3D5080 49] iPhone11, [000001B6342A3D00][000001B62A5A91C0 49] iPhone11Pro, [000001B63433DB00][000001B62A5AD300 49] iPhone11ProMax, [000001B6342A1500][000001B62A5B5480 49] iPhoneSE2, [000001B63433DE00][000001B62A5B9600 49] iPhone12Mini, [000001B6342A3100][000001B62A5BD780 49] iPhone12, [000001B63433F400][000001B62A5C1900 49] iPhone12Pro, [000001B6342A0D00][000001B630641A80 49] iPhone12ProMax, [000001B63433FC00][000001B630645C00 49] iPadPro105, [000001B6342A3700][000001B630648200 49] iPadPro129, [000001B63433EA00][000001B63064C380 49] iPadPro97, [000001B6342A0900][000001B630650500 49] iPadPro2_129, [000001B63433C800][000001B630654680 49] iPad5, [000001B6342A1000][000001B630658800 49] iPad6, [000001B63433C400][000001B63065C980 49] iPad7, [000001B6342A2B00][000001B630660B00 49] iPad8, [000001B63433F500][000001B630664C80 49] iPadPro11, [000001B6342A1800][000001B630668E00 49] iPadPro2_11, [000001B63433C900][000001B63066CF80 49] iPadPro3_129, [000001B6342A2800][000001B630671100 49] iPadPro4_129, [000001B63433EE00][000001B62A5B1240 49] AppleTV, [000001B6342A3E00][000001B630675380 49] AppleTV4K, [000001B63433C500][000001B6306794C0 49] TVOS, [000001B6342A1700][000001B630681640 49] Mac, [000001B63433E300][000001B6306857C0 49] MacClient, [000001B6342A0800][000001B630689940 49] MacNoEditor, [000001B63433D000][000001B63068DAC0 49] MacServer, [000001B6342A0500][000001B6306900C0 49] Linux, [000001B63433EB00][000001B630694240 49] LinuxAArch64, [000001B6342A1600][000001B6306983C0 49] LinuxNoEditor, [000001B63433E100][000001B63069C540 49] LinuxAArch64NoEditor, [000001B6342A3900][000001B6306A06C0 49] LinuxClient, [000001B63433E600][000001B6306A4840 49] LinuxAArch64Client, [000001B6342A2300][000001B6306A89C0 49] LinuxServer, [000001B63433C700][000001B63042CB40 49] LinuxAArch64Server, [000001B6342A1A00][000001B630430CC0 49] Android, [000001B63433E200][000001B630434E40 49] Android_Low, [000001B6342A1C00][000001B630438FC0 49] Android_Mid, [000001B63433D300][000001B63043D140 49] Android_High, [000001B6342A0E00][000001B6304412C0 49] Android_Default, [000001B63433F600][000001B63067D400 49] Android_Adreno4xx, [000001B6342A0F00][000001B630445540 49] Android_Adreno5xx_Low, [000001B63433FB00][000001B630449680 49] Android_Adreno5xx, [000001B6342A3A00][000001B63044D7C0 49] Android_Adreno6xx, [000001B63433CB00][000001B630455940 49] Android_Adreno6xx_Vulkan, [000001B6342A1900][000001B630459AC0 49] Android_Mali_T6xx, [000001B63433CA00][000001B63045C0C0 49] Android_Mali_T7xx, [000001B6342F1A00][000001B630460240 49] Android_Mali_T8xx, [000001B63429C500][000001B6304643C0 49] Android_Mali_G71, [000001B6342F0600][000001B630468540 49] Android_Mali_G72, [000001B63429C300][000001B63046C6C0 49] Android_Mali_G72_Vulkan, [000001B6342F3900][000001B630470840 49] Android_Mali_G76, [000001B63429D000][000001B6304749C0 49] Android_Mali_G76_Vulkan, [000001B6342F2600][000001B630478B40 49] Android_Mali_G77, [000001B63429EF00][000001B63047CCC0 49] Android_Mali_G77_Vulkan, [000001B6342F0E00][000001B630480E40 49] Android_Mali_G78, [000001B63429F100][000001B630484FC0 49] Android_Mali_G78_Vulkan, [000001B6342F0800][000001B630489140 49] Android_Mali_G710, [000001B63429EC00][000001B63048D2C0 49] Android_Mali_G710_Vulkan, [000001B6342F3C00][000001B630491440 49] Android_Vulkan_SM5, [000001B63429F500][000001B630451580 49] Android_PowerVR_G6xxx, [000001B6342F1F00][000001B6304956C0 49] Android_PowerVR_GT7xxx, [000001B63429DD00][000001B63053B800 49] Android_PowerVR_GE8xxx, [000001B6342F3300][000001B63053F940 49] Android_PowerVR_GM9xxx, [000001B63429C800][000001B630547AC0 49] Android_PowerVR_GM9xxx_Vulkan, [000001B6342F3700][000001B63054A0C0 49] Android_TegraK1, [000001B63429D200][000001B63054E240 49] Android_Unknown_Vulkan, [000001B6342F2900][000001B6305523C0 49] Lumin, [000001B63429F700][000001B630556540 49] Lumin_Desktop, [000001B6342F2E00][000001B63055A6C0 49] HoloLens, 
[2023.09.14-10.25.42:697][  0]LogMeshReduction: Using QuadricMeshReduction for automatic static mesh reduction
[2023.09.14-10.25.42:697][  0]LogMeshReduction: Using SimplygonMeshReduction for automatic skeletal mesh reduction
[2023.09.14-10.25.42:697][  0]LogMeshReduction: Using ProxyLODMeshReduction for automatic mesh merging
[2023.09.14-10.25.42:697][  0]LogMeshReduction: No distributed automatic mesh merging module available
[2023.09.14-10.25.42:697][  0]LogMeshMerging: No distributed automatic mesh merging module available
[2023.09.14-10.25.42:716][  0]LogNetVersion: Zombone 1.0.0, NetCL: 17155196, EngineNetVer: 17, GameNetVer: 0 (Checksum: 1748673324)
[2023.09.14-10.25.43:053][  0]LogTexture: Default maximum texture size for cubemaps generated from long-lat sources has been changed from 512 to unlimited. In order to preserve old behaiour for '/Engine/MapTemplates/Sky/DaylightAmbientCubemap.DaylightAmbientCubemap', its maximum texture size has been explicitly set to 512.
[2023.09.14-10.25.43:114][  0]LogHMD: PokeAHoleMaterial loaded successfully
[2023.09.14-10.25.43:120][  0]LogUObjectArray: 17178 objects as part of root set at end of initial load.
[2023.09.14-10.25.43:121][  0]LogUObjectAllocator: 4302048 out of 0 bytes used by permanent object pool.
[2023.09.14-10.25.43:121][  0]LogUObjectArray: CloseDisregardForGC: 0/0 objects in disregard for GC pool
[2023.09.14-10.25.43:432][  0]LogPython: Using Python 3.7.7
[2023.09.14-10.25.43:898][  0]LogNiagaraDebuggerClient: Niagara Debugger Client Initialized | Session: 0A45E2EF4D160FEB6DCF2A95D08FA521 | Instance: 88FC40B74DC500E650E30D86C84C5C7D (DESKTOP-J6VGNOD-24616).
[2023.09.14-10.25.44:065][  0]LogTcpMessaging: Initializing TcpMessaging bridge
[2023.09.14-10.25.44:072][  0]LogUdpMessaging: Initializing bridge on interface 0.0.0.0:0 to multicast group 230.0.0.1:6666.
[2023.09.14-10.25.44:526][  0]SourceControl: Source control is disabled
[2023.09.14-10.25.44:526][  0]SourceControl: Source control is disabled
[2023.09.14-10.25.44:531][  0]SourceControl: Source control is disabled
[2023.09.14-10.25.44:562][  0]SourceControl: Source control is disabled
[2023.09.14-10.25.44:586][  0]SourceControl: Source control is disabled
[2023.09.14-10.25.44:656][  0]LogUProjectInfo: Found projects:
[2023.09.14-10.25.44:726][  0]LogOpenImageDenoise: OIDN starting up
[2023.09.14-10.25.44:816][  0]LogAndroidPermission: UAndroidPermissionCallbackProxy::GetInstance
[2023.09.14-10.25.44:846][  0]LogAudioCaptureCore: Display: No Audio Capture implementations found. Audio input will be silent.
[2023.09.14-10.25.44:846][  0]LogAudioCaptureCore: Display: No Audio Capture implementations found. Audio input will be silent.
[2023.09.14-10.25.44:987][  0]LogCollectionManager: Loaded 0 collections in 0.000672 seconds
[2023.09.14-10.25.45:014][  0]LogFileCache: Scanning file cache for directory 'E:/Portfolio/Unreal/FPS_Game/Zombone/Saved/Collections/' took 0.00s
[2023.09.14-10.25.45:014][  0]LogFileCache: Scanning file cache for directory 'E:/Portfolio/Unreal/FPS_Game/Zombone/Content/Developers/timve/Collections/' took 0.00s
[2023.09.14-10.25.45:014][  0]LogFileCache: Scanning file cache for directory 'E:/Portfolio/Unreal/FPS_Game/Zombone/Content/Collections/' took 0.00s
[2023.09.14-10.25.45:014][  0]LogOcInput: OculusInput pre-init called
[2023.09.14-10.25.45:236][  0]LogEngine: Initializing Engine...
[2023.09.14-10.25.45:362][  0]LogHMD: Optional extension XR_VARJO_quad_views is not available
[2023.09.14-10.25.45:362][  0]LogHMD: Warning: Required extension XR_EXT_eye_gaze_interaction is not available
[2023.09.14-10.25.45:362][  0]LogHMD: Could not enable all required OpenXR extensions for OpenXREyeTracker on current system. This plugin will be loaded but ignored, but will be enabled on a target platform that supports the required extension.
[2023.09.14-10.25.45:363][  0]LogHMD: Failed to get an OpenXR system, result is XR_ERROR_FORM_FACTOR_UNAVAILABLE. Please check that your runtime supports VR headsets.
[2023.09.14-10.25.45:364][  0]LogHMD: Failed to initialize OpenVR with code 110
[2023.09.14-10.25.45:364][  0]LogMagicLeap: Warning: VR disabled because ZI is not enabled.  To enable, in the editor, Edit -> Project Settings -> Plugins -> Magic Leap Plugin -> Enable Zero Iteration
[2023.09.14-10.25.45:365][  0]LogStats: UGameplayTagsManager::InitializeManager -  0.000 s
[2023.09.14-10.25.45:497][  0]LogInit: Initializing FReadOnlyCVARCache
[2023.09.14-10.25.45:507][  0]LogAIModule: Creating AISystem for world Untitled
[2023.09.14-10.25.45:512][  0]LogAudio: Display: Initializing Audio Device Manager...
[2023.09.14-10.25.45:517][  0]LogAudio: Display: Loading Default Audio Settings Objects...
[2023.09.14-10.25.45:517][  0]LogAudio: Display: No default SoundConcurrencyObject specified (or failed to load).
[2023.09.14-10.25.45:518][  0]LogAudio: Display: Audio Device Manager Initialized
[2023.09.14-10.25.45:518][  0]LogAudio: Display: Creating Audio Device:                 Id: 1, Scope: Shared, Realtime: True
[2023.09.14-10.25.45:518][  0]LogAudioMixer: Display: Audio Mixer Platform Settings:
[2023.09.14-10.25.45:518][  0]LogAudioMixer: Display: 	Sample Rate:						  48000
[2023.09.14-10.25.45:518][  0]LogAudioMixer: Display: 	Callback Buffer Frame Size Requested: 1024
[2023.09.14-10.25.45:518][  0]LogAudioMixer: Display: 	Callback Buffer Frame Size To Use:	  1024
[2023.09.14-10.25.45:518][  0]LogAudioMixer: Display: 	Number of buffers to queue:			  2
[2023.09.14-10.25.45:519][  0]LogAudioMixer: Display: 	Max Channels (voices):				  32
[2023.09.14-10.25.45:519][  0]LogAudioMixer: Display: 	Number of Async Source Workers:		  0
[2023.09.14-10.25.45:519][  0]LogAudio: Display: AudioDevice MaxSources: 32
[2023.09.14-10.25.45:519][  0]LogAudio: Display: Audio Spatialization Plugin: None (built-in).
[2023.09.14-10.25.45:519][  0]LogAudio: Display: Audio Reverb Plugin: None (built-in).
[2023.09.14-10.25.45:519][  0]LogAudio: Display: Audio Occlusion Plugin: None (built-in).
[2023.09.14-10.25.45:519][  0]LogAudioMixer: Display: Initializing audio mixer.
[2023.09.14-10.25.45:541][  0]LogAudioMixer: Display: 0: FrontLeft
[2023.09.14-10.25.45:541][  0]LogAudioMixer: Display: 1: FrontRight
[2023.09.14-10.25.45:580][  0]LogAudioMixer: Display: Using Audio Device Oortelefoon van hoofdtelefoon (Sennheiser Communication Audio)
[2023.09.14-10.25.45:584][  0]LogAudioMixer: Display: Initializing Sound Submixes...
[2023.09.14-10.25.45:586][  0]LogAudioMixer: Display: Creating Master Submix 'MasterSubmixDefault'
[2023.09.14-10.25.45:586][  0]LogAudioMixer: Display: Creating Master Submix 'MasterReverbSubmixDefault'
[2023.09.14-10.25.45:587][  0]LogAudioMixer: Display: Creating Master Submix 'MasterEQSubmixDefault'
[2023.09.14-10.25.45:587][  0]LogAudioMixer: FMixerPlatformXAudio2::StartAudioStream() called
[2023.09.14-10.25.45:587][  0]LogAudioMixer: Display: Output buffers initialized: Frames=1024, Channels=2, Samples=2048
[2023.09.14-10.25.45:590][  0]LogAudioMixer: Display: Starting AudioMixerPlatformInterface::RunInternal()
[2023.09.14-10.25.45:590][  0]LogAudioMixer: Display: FMixerPlatformXAudio2::SubmitBuffer() called for the first time
[2023.09.14-10.25.45:590][  0]LogInit: FAudioDevice initialized.
[2023.09.14-10.25.45:590][  0]LogAudio: Display: Audio Device (ID: 1) registered with world 'Untitled'.
[2023.09.14-10.25.45:590][  0]LogNetVersion: Set ProjectVersion to 1.0.0.0. Version Checksum will be recalculated on next use.
[2023.09.14-10.25.45:742][  0]LogDerivedDataCache: Saved boot cache 0.15s 99MB C:/Users/timve/AppData/Local/UnrealEngine/4.27/DerivedDataCache/Boot.ddc.
[2023.09.14-10.25.45:743][  0]LogInit: Texture streaming: Enabled
[2023.09.14-10.25.45:759][  0]LogAnalytics: Display: [UEEditor.Rocket.Release] APIServer = https://datarouter.ol.epicgames.com/. AppVersion = 4.27.2-18319896+++UE4+Release-4.27
[2023.09.14-10.25.45:765][  0]LogEngineSessionManager: EngineSessionManager initialized
[2023.09.14-10.25.45:765][  0]LogEngineSessionManager: EngineSessionManager sent abnormal shutdown report. Type=Debugger, SessionId={F9F28DE0-4A8F-E111-5DBC-B6B72CEA30F6}
[2023.09.14-10.25.45:765][  0]LogEditorSessionSummary: Verbose: Initializing EditorSessionSummaryWriter for editor session tracking
[2023.09.14-10.25.45:767][  0]LogEditorSessionSummary: EditorSessionSummaryWriter initialized
[2023.09.14-10.25.45:896][  0]LogInit: Transaction tracking system initialized
[2023.09.14-10.25.45:922][  0]BlueprintLog: New page: Editor Load
[2023.09.14-10.25.46:002][  0]LocalizationService: Localization service is disabled
[2023.09.14-10.25.46:038][  0]TimingProfiler: Initialize
[2023.09.14-10.25.46:038][  0]TimingProfiler: OnSessionChanged
[2023.09.14-10.25.46:039][  0]LoadingProfiler: Initialize
[2023.09.14-10.25.46:039][  0]LoadingProfiler: OnSessionChanged
[2023.09.14-10.25.46:039][  0]NetworkingProfiler: Initialize
[2023.09.14-10.25.46:039][  0]NetworkingProfiler: OnSessionChanged
[2023.09.14-10.25.46:039][  0]MemoryProfiler: Initialize
[2023.09.14-10.25.46:039][  0]MemoryProfiler: OnSessionChanged
[2023.09.14-10.25.46:201][  0]LogCook: Display: CookSettings for Memory: MemoryMaxUsedVirtual 0MiB, MemoryMaxUsedPhysical 16384MiB, MemoryMinFreeVirtual 0MiB, MemoryMinFreePhysical 1024MiB
[2023.09.14-10.25.46:201][  0]LogCook: Display: Mobile HDR setting 1
[2023.09.14-10.25.46:433][  0]LogFileCache: Scanning file cache for directory 'E:/Portfolio/Unreal/FPS_Game/Zombone/Content/' took 0.01s
[2023.09.14-10.25.46:595][  0]LogInit: Display: Engine is initialized. Leaving FEngineLoop::Init()
[2023.09.14-10.25.46:598][  0]SourceControl: Source control is disabled
[2023.09.14-10.25.46:598][  0]LogUnrealEdMisc: Loading editor; pre map load, took 8.916
[2023.09.14-10.25.46:598][  0]Cmd: MAP LOAD FILE="E:/Portfolio/Unreal/FPS_Game/Zombone/Content/PalaceHall/Levels/Level_PalaceHall_Demo.umap" TEMPLATE=0 SHOWPROGRESS=1 FEATURELEVEL=3
[2023.09.14-10.25.46:599][  0]LightingResults: New page: Lighting Build
[2023.09.14-10.25.46:600][  0]LogWorld: UWorld::CleanupWorld for Untitled, bSessionEnded=true, bCleanupResources=true
[2023.09.14-10.25.46:600][  0]LogSlate: InvalidateAllWidgets triggered.  All widgets were invalidated
[2023.09.14-10.25.46:601][  0]MapCheck: New page: Map Check
[2023.09.14-10.25.46:601][  0]LightingResults: New page: Lighting Build
[2023.09.14-10.25.46:606][  0]LogAudio: Display: Audio Device unregistered from world 'None'.
[2023.09.14-10.25.46:611][  0]LogUObjectHash: Compacting FUObjectHashTables data took   1.03ms
[2023.09.14-10.25.47:197][  0]LogAudio: Display: Audio Device (ID: 1) registered with world 'Level_PalaceHall_Demo'.
[2023.09.14-10.25.47:199][  0]LogAIModule: Creating AISystem for world Level_PalaceHall_Demo
[2023.09.14-10.25.47:261][  0]LogEditorServer: Finished looking for orphan Actors (0.000 secs)
[2023.09.14-10.25.47:316][  0]LogUObjectHash: Compacting FUObjectHashTables data took   1.01ms
[2023.09.14-10.25.47:316][  0]Cmd: MAP CHECKDEP NOCLEARLOG
[2023.09.14-10.25.47:317][  0]MapCheck: Map check complete: 0 Error(s), 0 Warning(s), took 0,395ms to complete.
[2023.09.14-10.25.47:317][  0]LogFileHelpers: Loading map 'Level_PalaceHall_Demo' took 0.718
[2023.09.14-10.25.47:319][  0]LogUnrealEdMisc: Total Editor Startup Time, took 9.637
[2023.09.14-10.25.47:474][  0]LogSlate: Updating window title bar state: overlay mode, drag disabled, window buttons hidden, title bar hidden
[2023.09.14-10.25.47:481][  0]LogSlate: Updating window title bar state: overlay mode, drag disabled, window buttons hidden, title bar hidden
[2023.09.14-10.25.47:487][  0]LogSlate: Updating window title bar state: overlay mode, drag disabled, window buttons hidden, title bar hidden
[2023.09.14-10.25.47:494][  0]LogSlate: Updating window title bar state: overlay mode, drag disabled, window buttons hidden, title bar hidden
[2023.09.14-10.25.47:507][  0]LogNativeClassHierarchy: Verbose: Native class hierarchy populated in 0.0095 seconds. Added 3830 classes and 930 folders.
[2023.09.14-10.25.47:510][  0]LogNativeClassHierarchy: Verbose: Native class hierarchy updated for 'WidgetCarousel' in 0.0003 seconds. Added 0 classes and 0 folders.
[2023.09.14-10.25.47:511][  0]LogPakFile: PakFile PrimaryIndexSize=187
[2023.09.14-10.25.47:511][  0]LogPakFile: PakFile PathHashIndexSize=101
[2023.09.14-10.25.47:511][  0]LogPakFile: PakFile FullDirectoryIndexSize=148
[2023.09.14-10.25.47:511][  0]LogShaderLibrary: Display: ShaderCodeLibraryPakFileMountedCallback: PakFile 'D:/Epic Games/UE_4.27/FeaturePacks/FP_FirstPerson.upack' (chunk index -1, root 'root:/') mounted
[2023.09.14-10.25.47:511][  0]LogShaderLibrary: Display: ShaderCodeLibraryPakFileMountedCallback: pending pak file info (ChunkID:-1 Root:root:/ File:D:/Epic Games/UE_4.27/FeaturePacks/FP_FirstPerson.upack)
[2023.09.14-10.25.47:511][  0]LogPakFile: OnPakFileMounted2Time == 0.000166
[2023.09.14-10.25.47:512][  0]LogPakFile: PakFile PrimaryIndexSize=189
[2023.09.14-10.25.47:512][  0]LogPakFile: PakFile PathHashIndexSize=101
[2023.09.14-10.25.47:512][  0]LogPakFile: PakFile FullDirectoryIndexSize=152
[2023.09.14-10.25.47:512][  0]LogShaderLibrary: Display: ShaderCodeLibraryPakFileMountedCallback: PakFile 'D:/Epic Games/UE_4.27/FeaturePacks/FP_FirstPersonBP.upack' (chunk index -1, root 'root:/') mounted
[2023.09.14-10.25.47:512][  0]LogShaderLibrary: Display: ShaderCodeLibraryPakFileMountedCallback: pending pak file info (ChunkID:-1 Root:root:/ File:D:/Epic Games/UE_4.27/FeaturePacks/FP_FirstPersonBP.upack)
[2023.09.14-10.25.47:512][  0]LogPakFile: OnPakFileMounted2Time == 0.000140
[2023.09.14-10.25.47:513][  0]LogPakFile: PakFile PrimaryIndexSize=191
[2023.09.14-10.25.47:513][  0]LogPakFile: PakFile PathHashIndexSize=101
[2023.09.14-10.25.47:513][  0]LogPakFile: PakFile FullDirectoryIndexSize=160
[2023.09.14-10.25.47:513][  0]LogShaderLibrary: Display: ShaderCodeLibraryPakFileMountedCallback: PakFile 'D:/Epic Games/UE_4.27/FeaturePacks/MobileStarterContent.upack' (chunk index -1, root 'root:/') mounted
[2023.09.14-10.25.47:513][  0]LogShaderLibrary: Display: ShaderCodeLibraryPakFileMountedCallback: pending pak file info (ChunkID:-1 Root:root:/ File:D:/Epic Games/UE_4.27/FeaturePacks/MobileStarterContent.upack)
[2023.09.14-10.25.47:513][  0]LogPakFile: OnPakFileMounted2Time == 0.000142
[2023.09.14-10.25.47:514][  0]LogPakFile: PakFile PrimaryIndexSize=185
[2023.09.14-10.25.47:514][  0]LogPakFile: PakFile PathHashIndexSize=101
[2023.09.14-10.25.47:514][  0]LogPakFile: PakFile FullDirectoryIndexSize=148
[2023.09.14-10.25.47:514][  0]LogShaderLibrary: Display: ShaderCodeLibraryPakFileMountedCallback: PakFile 'D:/Epic Games/UE_4.27/FeaturePacks/StarterContent.upack' (chunk index -1, root 'root:/') mounted
[2023.09.14-10.25.47:514][  0]LogShaderLibrary: Display: ShaderCodeLibraryPakFileMountedCallback: pending pak file info (ChunkID:-1 Root:root:/ File:D:/Epic Games/UE_4.27/FeaturePacks/StarterContent.upack)
[2023.09.14-10.25.47:514][  0]LogPakFile: OnPakFileMounted2Time == 0.000183
[2023.09.14-10.25.47:515][  0]LogPakFile: PakFile PrimaryIndexSize=190
[2023.09.14-10.25.47:515][  0]LogPakFile: PakFile PathHashIndexSize=101
[2023.09.14-10.25.47:515][  0]LogPakFile: PakFile FullDirectoryIndexSize=154
[2023.09.14-10.25.47:515][  0]LogShaderLibrary: Display: ShaderCodeLibraryPakFileMountedCallback: PakFile 'D:/Epic Games/UE_4.27/FeaturePacks/TP_2DSideScroller.upack' (chunk index -1, root 'root:/') mounted
[2023.09.14-10.25.47:515][  0]LogShaderLibrary: Display: ShaderCodeLibraryPakFileMountedCallback: pending pak file info (ChunkID:-1 Root:root:/ File:D:/Epic Games/UE_4.27/FeaturePacks/TP_2DSideScroller.upack)
[2023.09.14-10.25.47:515][  0]LogPakFile: OnPakFileMounted2Time == 0.000152
[2023.09.14-10.25.47:516][  0]LogPakFile: PakFile PrimaryIndexSize=192
[2023.09.14-10.25.47:516][  0]LogPakFile: PakFile PathHashIndexSize=101
[2023.09.14-10.25.47:516][  0]LogPakFile: PakFile FullDirectoryIndexSize=158
[2023.09.14-10.25.47:516][  0]LogShaderLibrary: Display: ShaderCodeLibraryPakFileMountedCallback: PakFile 'D:/Epic Games/UE_4.27/FeaturePacks/TP_2DSideScrollerBP.upack' (chunk index -1, root 'root:/') mounted
[2023.09.14-10.25.47:516][  0]LogShaderLibrary: Display: ShaderCodeLibraryPakFileMountedCallback: pending pak file info (ChunkID:-1 Root:root:/ File:D:/Epic Games/UE_4.27/FeaturePacks/TP_2DSideScrollerBP.upack)
[2023.09.14-10.25.47:516][  0]LogPakFile: OnPakFileMounted2Time == 0.000156
[2023.09.14-10.25.47:517][  0]LogPakFile: PakFile PrimaryIndexSize=182
[2023.09.14-10.25.47:517][  0]LogPakFile: PakFile PathHashIndexSize=101
[2023.09.14-10.25.47:517][  0]LogPakFile: PakFile FullDirectoryIndexSize=138
[2023.09.14-10.25.47:517][  0]LogShaderLibrary: Display: ShaderCodeLibraryPakFileMountedCallback: PakFile 'D:/Epic Games/UE_4.27/FeaturePacks/TP_Flying.upack' (chunk index -1, root 'root:/') mounted
[2023.09.14-10.25.47:517][  0]LogShaderLibrary: Display: ShaderCodeLibraryPakFileMountedCallback: pending pak file info (ChunkID:-1 Root:root:/ File:D:/Epic Games/UE_4.27/FeaturePacks/TP_Flying.upack)
[2023.09.14-10.25.47:517][  0]LogPakFile: OnPakFileMounted2Time == 0.000152
[2023.09.14-10.25.47:517][  0]LogPakFile: PakFile PrimaryIndexSize=184
[2023.09.14-10.25.47:517][  0]LogPakFile: PakFile PathHashIndexSize=101
[2023.09.14-10.25.47:517][  0]LogPakFile: PakFile FullDirectoryIndexSize=142
[2023.09.14-10.25.47:517][  0]LogShaderLibrary: Display: ShaderCodeLibraryPakFileMountedCallback: PakFile 'D:/Epic Games/UE_4.27/FeaturePacks/TP_FlyingBP.upack' (chunk index -1, root 'root:/') mounted
[2023.09.14-10.25.47:517][  0]LogShaderLibrary: Display: ShaderCodeLibraryPakFileMountedCallback: pending pak file info (ChunkID:-1 Root:root:/ File:D:/Epic Games/UE_4.27/FeaturePacks/TP_FlyingBP.upack)
[2023.09.14-10.25.47:517][  0]LogPakFile: OnPakFileMounted2Time == 0.000206
[2023.09.14-10.25.47:518][  0]LogPakFile: PakFile PrimaryIndexSize=188
[2023.09.14-10.25.47:518][  0]LogPakFile: PakFile PathHashIndexSize=101
[2023.09.14-10.25.47:518][  0]LogPakFile: PakFile FullDirectoryIndexSize=150
[2023.09.14-10.25.47:518][  0]LogShaderLibrary: Display: ShaderCodeLibraryPakFileMountedCallback: PakFile 'D:/Epic Games/UE_4.27/FeaturePacks/TP_HandheldARBP.upack' (chunk index -1, root 'root:/') mounted
[2023.09.14-10.25.47:518][  0]LogShaderLibrary: Display: ShaderCodeLibraryPakFileMountedCallback: pending pak file info (ChunkID:-1 Root:root:/ File:D:/Epic Games/UE_4.27/FeaturePacks/TP_HandheldARBP.upack)
[2023.09.14-10.25.47:518][  0]LogPakFile: OnPakFileMounted2Time == 0.000189
[2023.09.14-10.25.47:519][  0]LogPakFile: PakFile PrimaryIndexSize=182
[2023.09.14-10.25.47:519][  0]LogPakFile: PakFile PathHashIndexSize=101
[2023.09.14-10.25.47:519][  0]LogPakFile: PakFile FullDirectoryIndexSize=138
[2023.09.14-10.25.47:520][  0]LogShaderLibrary: Display: ShaderCodeLibraryPakFileMountedCallback: PakFile 'D:/Epic Games/UE_4.27/FeaturePacks/TP_Puzzle.upack' (chunk index -1, root 'root:/') mounted
[2023.09.14-10.25.47:520][  0]LogShaderLibrary: Display: ShaderCodeLibraryPakFileMountedCallback: pending pak file info (ChunkID:-1 Root:root:/ File:D:/Epic Games/UE_4.27/FeaturePacks/TP_Puzzle.upack)
[2023.09.14-10.25.47:520][  0]LogPakFile: OnPakFileMounted2Time == 0.000232
[2023.09.14-10.25.47:520][  0]LogPakFile: PakFile PrimaryIndexSize=184
[2023.09.14-10.25.47:520][  0]LogPakFile: PakFile PathHashIndexSize=101
[2023.09.14-10.25.47:520][  0]LogPakFile: PakFile FullDirectoryIndexSize=142
[2023.09.14-10.25.47:521][  0]LogShaderLibrary: Display: ShaderCodeLibraryPakFileMountedCallback: PakFile 'D:/Epic Games/UE_4.27/FeaturePacks/TP_PuzzleBP.upack' (chunk index -1, root 'root:/') mounted
[2023.09.14-10.25.47:521][  0]LogShaderLibrary: Display: ShaderCodeLibraryPakFileMountedCallback: pending pak file info (ChunkID:-1 Root:root:/ File:D:/Epic Games/UE_4.27/FeaturePacks/TP_PuzzleBP.upack)
[2023.09.14-10.25.47:521][  0]LogPakFile: OnPakFileMounted2Time == 0.000198
[2023.09.14-10.25.47:521][  0]LogPakFile: PakFile PrimaryIndexSize=183
[2023.09.14-10.25.47:521][  0]LogPakFile: PakFile PathHashIndexSize=101
[2023.09.14-10.25.47:521][  0]LogPakFile: PakFile FullDirectoryIndexSize=140
[2023.09.14-10.25.47:522][  0]LogShaderLibrary: Display: ShaderCodeLibraryPakFileMountedCallback: PakFile 'D:/Epic Games/UE_4.27/FeaturePacks/TP_Rolling.upack' (chunk index -1, root 'root:/') mounted
[2023.09.14-10.25.47:522][  0]LogShaderLibrary: Display: ShaderCodeLibraryPakFileMountedCallback: pending pak file info (ChunkID:-1 Root:root:/ File:D:/Epic Games/UE_4.27/FeaturePacks/TP_Rolling.upack)
[2023.09.14-10.25.47:522][  0]LogPakFile: OnPakFileMounted2Time == 0.000192
[2023.09.14-10.25.47:522][  0]LogPakFile: PakFile PrimaryIndexSize=185
[2023.09.14-10.25.47:522][  0]LogPakFile: PakFile PathHashIndexSize=101
[2023.09.14-10.25.47:522][  0]LogPakFile: PakFile FullDirectoryIndexSize=144
[2023.09.14-10.25.47:523][  0]LogShaderLibrary: Display: ShaderCodeLibraryPakFileMountedCallback: PakFile 'D:/Epic Games/UE_4.27/FeaturePacks/TP_RollingBP.upack' (chunk index -1, root 'root:/') mounted
[2023.09.14-10.25.47:523][  0]LogShaderLibrary: Display: ShaderCodeLibraryPakFileMountedCallback: pending pak file info (ChunkID:-1 Root:root:/ File:D:/Epic Games/UE_4.27/FeaturePacks/TP_RollingBP.upack)
[2023.09.14-10.25.47:523][  0]LogPakFile: OnPakFileMounted2Time == 0.000162
[2023.09.14-10.25.47:523][  0]LogPakFile: PakFile PrimaryIndexSize=188
[2023.09.14-10.25.47:523][  0]LogPakFile: PakFile PathHashIndexSize=101
[2023.09.14-10.25.47:523][  0]LogPakFile: PakFile FullDirectoryIndexSize=150
[2023.09.14-10.25.47:523][  0]LogShaderLibrary: Display: ShaderCodeLibraryPakFileMountedCallback: PakFile 'D:/Epic Games/UE_4.27/FeaturePacks/TP_SideScroller.upack' (chunk index -1, root 'root:/') mounted
[2023.09.14-10.25.47:524][  0]LogShaderLibrary: Display: ShaderCodeLibraryPakFileMountedCallback: pending pak file info (ChunkID:-1 Root:root:/ File:D:/Epic Games/UE_4.27/FeaturePacks/TP_SideScroller.upack)
[2023.09.14-10.25.47:524][  0]LogPakFile: OnPakFileMounted2Time == 0.000142
[2023.09.14-10.25.47:524][  0]LogPakFile: PakFile PrimaryIndexSize=190
[2023.09.14-10.25.47:524][  0]LogPakFile: PakFile PathHashIndexSize=101
[2023.09.14-10.25.47:524][  0]LogPakFile: PakFile FullDirectoryIndexSize=154
[2023.09.14-10.25.47:524][  0]LogShaderLibrary: Display: ShaderCodeLibraryPakFileMountedCallback: PakFile 'D:/Epic Games/UE_4.27/FeaturePacks/TP_SideScrollerBP.upack' (chunk index -1, root 'root:/') mounted
[2023.09.14-10.25.47:524][  0]LogShaderLibrary: Display: ShaderCodeLibraryPakFileMountedCallback: pending pak file info (ChunkID:-1 Root:root:/ File:D:/Epic Games/UE_4.27/FeaturePacks/TP_SideScrollerBP.upack)
[2023.09.14-10.25.47:525][  0]LogPakFile: OnPakFileMounted2Time == 0.000205
[2023.09.14-10.25.47:525][  0]LogPakFile: PakFile PrimaryIndexSize=187
[2023.09.14-10.25.47:525][  0]LogPakFile: PakFile PathHashIndexSize=101
[2023.09.14-10.25.47:525][  0]LogPakFile: PakFile FullDirectoryIndexSize=148
[2023.09.14-10.25.47:525][  0]LogShaderLibrary: Display: ShaderCodeLibraryPakFileMountedCallback: PakFile 'D:/Epic Games/UE_4.27/FeaturePacks/TP_ThirdPerson.upack' (chunk index -1, root 'root:/') mounted
[2023.09.14-10.25.47:525][  0]LogShaderLibrary: Display: ShaderCodeLibraryPakFileMountedCallback: pending pak file info (ChunkID:-1 Root:root:/ File:D:/Epic Games/UE_4.27/FeaturePacks/TP_ThirdPerson.upack)
[2023.09.14-10.25.47:525][  0]LogPakFile: OnPakFileMounted2Time == 0.000123
[2023.09.14-10.25.47:526][  0]LogPakFile: PakFile PrimaryIndexSize=189
[2023.09.14-10.25.47:526][  0]LogPakFile: PakFile PathHashIndexSize=101
[2023.09.14-10.25.47:526][  0]LogPakFile: PakFile FullDirectoryIndexSize=152
[2023.09.14-10.25.47:526][  0]LogShaderLibrary: Display: ShaderCodeLibraryPakFileMountedCallback: PakFile 'D:/Epic Games/UE_4.27/FeaturePacks/TP_ThirdPersonBP.upack' (chunk index -1, root 'root:/') mounted
[2023.09.14-10.25.47:526][  0]LogShaderLibrary: Display: ShaderCodeLibraryPakFileMountedCallback: pending pak file info (ChunkID:-1 Root:root:/ File:D:/Epic Games/UE_4.27/FeaturePacks/TP_ThirdPersonBP.upack)
[2023.09.14-10.25.47:526][  0]LogPakFile: OnPakFileMounted2Time == 0.000216
[2023.09.14-10.25.47:527][  0]LogPakFile: PakFile PrimaryIndexSize=183
[2023.09.14-10.25.47:527][  0]LogPakFile: PakFile PathHashIndexSize=101
[2023.09.14-10.25.47:527][  0]LogPakFile: PakFile FullDirectoryIndexSize=140
[2023.09.14-10.25.47:527][  0]LogShaderLibrary: Display: ShaderCodeLibraryPakFileMountedCallback: PakFile 'D:/Epic Games/UE_4.27/FeaturePacks/TP_TopDown.upack' (chunk index -1, root 'root:/') mounted
[2023.09.14-10.25.47:527][  0]LogShaderLibrary: Display: ShaderCodeLibraryPakFileMountedCallback: pending pak file info (ChunkID:-1 Root:root:/ File:D:/Epic Games/UE_4.27/FeaturePacks/TP_TopDown.upack)
[2023.09.14-10.25.47:527][  0]LogPakFile: OnPakFileMounted2Time == 0.000140
[2023.09.14-10.25.47:528][  0]LogPakFile: PakFile PrimaryIndexSize=185
[2023.09.14-10.25.47:528][  0]LogPakFile: PakFile PathHashIndexSize=101
[2023.09.14-10.25.47:528][  0]LogPakFile: PakFile FullDirectoryIndexSize=144
[2023.09.14-10.25.47:528][  0]LogShaderLibrary: Display: ShaderCodeLibraryPakFileMountedCallback: PakFile 'D:/Epic Games/UE_4.27/FeaturePacks/TP_TopDownBP.upack' (chunk index -1, root 'root:/') mounted
[2023.09.14-10.25.47:528][  0]LogShaderLibrary: Display: ShaderCodeLibraryPakFileMountedCallback: pending pak file info (ChunkID:-1 Root:root:/ File:D:/Epic Games/UE_4.27/FeaturePacks/TP_TopDownBP.upack)
[2023.09.14-10.25.47:528][  0]LogPakFile: OnPakFileMounted2Time == 0.000158
[2023.09.14-10.25.47:529][  0]LogPakFile: PakFile PrimaryIndexSize=185
[2023.09.14-10.25.47:529][  0]LogPakFile: PakFile PathHashIndexSize=101
[2023.09.14-10.25.47:529][  0]LogPakFile: PakFile FullDirectoryIndexSize=144
[2023.09.14-10.25.47:529][  0]LogShaderLibrary: Display: ShaderCodeLibraryPakFileMountedCallback: PakFile 'D:/Epic Games/UE_4.27/FeaturePacks/TP_TwinStick.upack' (chunk index -1, root 'root:/') mounted
[2023.09.14-10.25.47:529][  0]LogShaderLibrary: Display: ShaderCodeLibraryPakFileMountedCallback: pending pak file info (ChunkID:-1 Root:root:/ File:D:/Epic Games/UE_4.27/FeaturePacks/TP_TwinStick.upack)
[2023.09.14-10.25.47:529][  0]LogPakFile: OnPakFileMounted2Time == 0.000126
[2023.09.14-10.25.47:530][  0]LogPakFile: PakFile PrimaryIndexSize=187
[2023.09.14-10.25.47:530][  0]LogPakFile: PakFile PathHashIndexSize=101
[2023.09.14-10.25.47:530][  0]LogPakFile: PakFile FullDirectoryIndexSize=148
[2023.09.14-10.25.47:530][  0]LogShaderLibrary: Display: ShaderCodeLibraryPakFileMountedCallback: PakFile 'D:/Epic Games/UE_4.27/FeaturePacks/TP_TwinStickBP.upack' (chunk index -1, root 'root:/') mounted
[2023.09.14-10.25.47:530][  0]LogShaderLibrary: Display: ShaderCodeLibraryPakFileMountedCallback: pending pak file info (ChunkID:-1 Root:root:/ File:D:/Epic Games/UE_4.27/FeaturePacks/TP_TwinStickBP.upack)
[2023.09.14-10.25.47:530][  0]LogPakFile: OnPakFileMounted2Time == 0.000139
[2023.09.14-10.25.47:531][  0]LogPakFile: PakFile PrimaryIndexSize=183
[2023.09.14-10.25.47:531][  0]LogPakFile: PakFile PathHashIndexSize=101
[2023.09.14-10.25.47:531][  0]LogPakFile: PakFile FullDirectoryIndexSize=140
[2023.09.14-10.25.47:531][  0]LogShaderLibrary: Display: ShaderCodeLibraryPakFileMountedCallback: PakFile 'D:/Epic Games/UE_4.27/FeaturePacks/TP_Vehicle.upack' (chunk index -1, root 'root:/') mounted
[2023.09.14-10.25.47:531][  0]LogShaderLibrary: Display: ShaderCodeLibraryPakFileMountedCallback: pending pak file info (ChunkID:-1 Root:root:/ File:D:/Epic Games/UE_4.27/FeaturePacks/TP_Vehicle.upack)
[2023.09.14-10.25.47:531][  0]LogPakFile: OnPakFileMounted2Time == 0.000124
[2023.09.14-10.25.47:531][  0]LogPakFile: PakFile PrimaryIndexSize=186
[2023.09.14-10.25.47:531][  0]LogPakFile: PakFile PathHashIndexSize=101
[2023.09.14-10.25.47:532][  0]LogPakFile: PakFile FullDirectoryIndexSize=146
[2023.09.14-10.25.47:532][  0]LogShaderLibrary: Display: ShaderCodeLibraryPakFileMountedCallback: PakFile 'D:/Epic Games/UE_4.27/FeaturePacks/TP_VehicleAdv.upack' (chunk index -1, root 'root:/') mounted
[2023.09.14-10.25.47:532][  0]LogShaderLibrary: Display: ShaderCodeLibraryPakFileMountedCallback: pending pak file info (ChunkID:-1 Root:root:/ File:D:/Epic Games/UE_4.27/FeaturePacks/TP_VehicleAdv.upack)
[2023.09.14-10.25.47:532][  0]LogPakFile: OnPakFileMounted2Time == 0.000167
[2023.09.14-10.25.47:532][  0]LogPakFile: PakFile PrimaryIndexSize=188
[2023.09.14-10.25.47:532][  0]LogPakFile: PakFile PathHashIndexSize=101
[2023.09.14-10.25.47:533][  0]LogPakFile: PakFile FullDirectoryIndexSize=150
[2023.09.14-10.25.47:533][  0]LogShaderLibrary: Display: ShaderCodeLibraryPakFileMountedCallback: PakFile 'D:/Epic Games/UE_4.27/FeaturePacks/TP_VehicleAdvBP.upack' (chunk index -1, root 'root:/') mounted
[2023.09.14-10.25.47:533][  0]LogShaderLibrary: Display: ShaderCodeLibraryPakFileMountedCallback: pending pak file info (ChunkID:-1 Root:root:/ File:D:/Epic Games/UE_4.27/FeaturePacks/TP_VehicleAdvBP.upack)
[2023.09.14-10.25.47:533][  0]LogPakFile: OnPakFileMounted2Time == 0.000194
[2023.09.14-10.25.47:533][  0]LogPakFile: PakFile PrimaryIndexSize=185
[2023.09.14-10.25.47:533][  0]LogPakFile: PakFile PathHashIndexSize=101
[2023.09.14-10.25.47:534][  0]LogPakFile: PakFile FullDirectoryIndexSize=144
[2023.09.14-10.25.47:534][  0]LogShaderLibrary: Display: ShaderCodeLibraryPakFileMountedCallback: PakFile 'D:/Epic Games/UE_4.27/FeaturePacks/TP_VehicleBP.upack' (chunk index -1, root 'root:/') mounted
[2023.09.14-10.25.47:534][  0]LogShaderLibrary: Display: ShaderCodeLibraryPakFileMountedCallback: pending pak file info (ChunkID:-1 Root:root:/ File:D:/Epic Games/UE_4.27/FeaturePacks/TP_VehicleBP.upack)
[2023.09.14-10.25.47:534][  0]LogPakFile: OnPakFileMounted2Time == 0.000133
[2023.09.14-10.25.47:534][  0]LogPakFile: PakFile PrimaryIndexSize=192
[2023.09.14-10.25.47:534][  0]LogPakFile: PakFile PathHashIndexSize=101
[2023.09.14-10.25.47:534][  0]LogPakFile: PakFile FullDirectoryIndexSize=158
[2023.09.14-10.25.47:535][  0]LogShaderLibrary: Display: ShaderCodeLibraryPakFileMountedCallback: PakFile 'D:/Epic Games/UE_4.27/FeaturePacks/TP_VirtualRealityBP.upack' (chunk index -1, root 'root:/') mounted
[2023.09.14-10.25.47:535][  0]LogShaderLibrary: Display: ShaderCodeLibraryPakFileMountedCallback: pending pak file info (ChunkID:-1 Root:root:/ File:D:/Epic Games/UE_4.27/FeaturePacks/TP_VirtualRealityBP.upack)
[2023.09.14-10.25.47:535][  0]LogPakFile: OnPakFileMounted2Time == 0.000129
[2023.09.14-10.25.47:560][  0]LogNativeClassHierarchy: Verbose: Native class hierarchy updated for 'AddContentDialog' in 0.0003 seconds. Added 0 classes and 0 folders.
[2023.09.14-10.25.47:561][  0]LogNativeClassHierarchy: Verbose: Native class hierarchy updated for 'SceneOutliner' in 0.0003 seconds. Added 2 classes and 0 folders.
[2023.09.14-10.25.47:917][  0]LogSlate: Only BGRA pngs, bmps or icos are supported in by External Image Picker
[2023.09.14-10.25.48:009][  0]LogSlate: Took 0.000166 seconds to synchronously load lazily loaded font '../../../Engine/Content/Slate/Fonts/Roboto-Regular.ttf' (155K)
[2023.09.14-10.25.48:011][  0]LogSlate: Took 0.000136 seconds to synchronously load lazily loaded font '../../../Engine/Content/Editor/Slate/Fonts/FontAwesome.ttf' (139K)
[2023.09.14-10.25.48:011][  0]LogSlate: Took 0.000117 seconds to synchronously load lazily loaded font '../../../Engine/Content/Slate/Fonts/Roboto-Bold.ttf' (160K)
[2023.09.14-10.25.48:155][  0]LogRenderer: Reallocating scene render targets to support 1208x572 Format 10 NumSamples 1 (Frame:1).
[2023.09.14-10.25.48:217][  0]LogSlate: Took 0.000170 seconds to synchronously load lazily loaded font '../../../Engine/Content/Slate/Fonts/Roboto-Light.ttf' (167K)
[2023.09.14-10.25.48:272][  0]LogNativeClassHierarchy: Verbose: Native class hierarchy updated for 'HierarchicalLODOutliner' in 0.0003 seconds. Added 0 classes and 0 folders.
[2023.09.14-10.25.48:273][  0]LogLoad: (Engine Initialization) Total time: 10.59 seconds
[2023.09.14-10.25.48:273][  0]LogLoad: (Engine Initialization) Total Blueprint compile time: 0.00 seconds
[2023.09.14-10.25.48:370][  0]LogAssetRegistry: Asset discovery search completed in 6.0672 seconds
[2023.09.14-10.25.48:375][  0]LogCollectionManager: Fixed up redirectors for 0 collections in 0.000005 seconds (updated 0 objects)
[2023.09.14-10.25.48:388][  0]LogContentStreaming: Texture pool size now 1000 MB
[2023.09.14-10.25.53:702][495]LogSlate: Took 0.000172 seconds to synchronously load lazily loaded font '../../../Engine/Content/Slate/Fonts/Roboto-Light.ttf' (167K)
[2023.09.14-10.25.53:735][495]LogEditorClassViewer: Warning: Class /Engine/Tutorial/InWorldBlueprintEditing/TutorialAssets/IWBE_Blutility.IWBE_Blutility_C has parent /Script/Blutility.PlacedEditorUtilityBase, but this parent is not found. The Class will not be shown in ClassViewer.
[2023.09.14-10.26.09:867][ 74]LogAssetEditorSubsystem: Opening Asset editor for Blueprint /Game/FirstPersonCPP/Blueprints/WaveManager.WaveManager
[2023.09.14-10.26.09:993][ 74]LogNativeClassHierarchy: Verbose: Native class hierarchy updated for 'BlueprintGraph' in 0.0008 seconds. Added 126 classes and 0 folders.
[2023.09.14-10.26.13:737][347]LogSlate: Window 'WaveManager' being destroyed
[2023.09.14-10.26.13:758][347]LogWorld: UWorld::CleanupWorld for World_3, bSessionEnded=true, bCleanupResources=true
[2023.09.14-10.26.13:758][347]LogSlate: InvalidateAllWidgets triggered.  All widgets were invalidated
[2023.09.14-10.26.15:831][540]LogSlate: Prevented a slow task dialog from being summoned while a context menu was open
[2023.09.14-10.26.15:852][540]LogEditorClassViewer: Warning: Class /Engine/Tutorial/InWorldBlueprintEditing/TutorialAssets/IWBE_Blutility.IWBE_Blutility_C has parent /Script/Blutility.PlacedEditorUtilityBase, but this parent is not found. The Class will not be shown in ClassViewer.
[2023.09.14-10.26.15:853][540]LogEditorClassViewer: Warning: Class /Game/AI/Tasks/BTT_MyClosestPlayer.PLACEHOLDER-CLASS__FirstPersonCharacter_C_0 has parent None, but this parent is not found. The Class will not be shown in ClassViewer.
[2023.09.14-10.26.15:853][540]LogEditorClassViewer: Warning: Class /Game/AI/ZombieEnemy.PLACEHOLDER-CLASS__FirstPersonCharacter_C_0 has parent None, but this parent is not found. The Class will not be shown in ClassViewer.
[2023.09.14-10.26.15:853][540]LogEditorClassViewer: Warning: Class /Game/AI/Zombie_AI.PLACEHOLDER-CLASS__FirstPersonCharacter_C_0 has parent None, but this parent is not found. The Class will not be shown in ClassViewer.
[2023.09.14-10.26.15:853][540]LogEditorClassViewer: Warning: Class /Game/AI/Tasks/BTTask_BlueprintBase_AttackPlayer.PLACEHOLDER-CLASS__FirstPersonCharacter_C_0 has parent None, but this parent is not found. The Class will not be shown in ClassViewer.
[2023.09.14-10.26.15:853][540]LogEditorClassViewer: Warning: Class /Game/AI/Tasks/BTTask_BlueprintBase_AttackPlayer.PLACEHOLDER-CLASS__ZombieEnemy_C_1 has parent None, but this parent is not found. The Class will not be shown in ClassViewer.
[2023.09.14-10.26.15:853][540]LogEditorClassViewer: Warning: Class /Game/AI/Tasks/BTTask_BlueprintBase_UpdateMovementSpeed.PLACEHOLDER-CLASS__ZombieEnemy_C_0 has parent None, but this parent is not found. The Class will not be shown in ClassViewer.
[2023.09.14-10.26.21:641][133]LogUObjectHash: Compacting FUObjectHashTables data took   2.34ms
[2023.09.14-10.27.09:693][133]LogSavePackage: Moving 'E:/Portfolio/Unreal/FPS_Game/Zombone/Saved/Level_PalaceHall_DemoCD16F2F048223EBD43F71DADFE703440.tmp' to 'E:/Portfolio/Unreal/FPS_Game/Zombone/Content/PalaceHall/Levels/Level_PalaceHall_Demo.umap'
[2023.09.14-10.27.30:455][133]LogSavePackage: Moving 'E:/Portfolio/Unreal/FPS_Game/Zombone/Saved/Level_PalaceHall_Demo_BuiltDataB453CA124D87A8C713958E90BCC82E01.tmp' to 'E:/Portfolio/Unreal/FPS_Game/Zombone/Content/PalaceHall/Levels/Level_PalaceHall_Demo_BuiltData.uasset'
[2023.09.14-10.27.30:491][133]AssetCheck: New page: Asset Save: multiple assets
[2023.09.14-10.27.30:491][133]LogContentValidation: Display: Validating MapBuildDataRegistry /Game/PalaceHall/Levels/Level_PalaceHall_Demo_BuiltData.Level_PalaceHall_Demo_BuiltData
[2023.09.14-10.27.30:491][133]LogContentValidation: Display: Validating World /Game/PalaceHall/Levels/Level_PalaceHall_Demo.Level_PalaceHall_Demo
[2023.09.14-10.27.42:171][ 91]LogTemp: Repeating last play command: Selected Viewport
[2023.09.14-10.27.42:188][ 91]LogPlayLevel: PlayLevel: No blueprints needed recompiling
[2023.09.14-10.27.42:189][ 91]PIE: New page: PIE session: Level_PalaceHall_Demo (14 sep. 2023 14:27:42)
[2023.09.14-10.27.42:191][ 91]LogOnline: OSS: Creating online subsystem instance for: NULL
[2023.09.14-10.27.42:194][ 91]LogOnline: OSS: TryLoadSubsystemAndSetDefault: Loaded subsystem for module [NULL]
[2023.09.14-10.27.42:194][ 91]LogPlayLevel: Creating play world package: /Game/PalaceHall/Levels/UEDPIE_0_Level_PalaceHall_Demo
