Log file open, 09/14/23 12:12:26
LogWindows: Failed to load 'aqProf.dll' (GetLastError=126)
LogWindows: File 'aqProf.dll' does not exist
LogWindows: Failed to load 'VtuneApi.dll' (GetLastError=126)
LogWindows: File 'VtuneApi.dll' does not exist
LogWindows: Failed to load 'VtuneApi32e.dll' (GetLastError=126)
LogWindows: File 'VtuneApi32e.dll' does not exist
LogConsoleResponse: Display: Failed to find resolution value strings in scalability ini. Falling back to default.
LogConsoleResponse: Display: Failed to find resolution value strings in scalability ini. Falling back to default.
LogInit: Display: Running engine for game: Zombone
LogPlatformFile: Not using cached read wrapper
LogTaskGraph: Started task graph with 5 named threads and 35 total threads with 3 sets of task threads.
LogStats: Stats thread started at 0.324928
LogICUInternationalization: ICU TimeZone Detection - Raw Offset: +1:00, Platform Override: ''
LogInit: Display: Loading text-based GConfig....
LogPluginManager: Mounting plugin MeshPainting
LogPluginManager: Mounting plugin XGEController
LogPluginManager: Mounting plugin AISupport
LogPluginManager: Mounting plugin Paper2D
LogPluginManager: Mounting plugin EnvironmentQueryEditor
LogPluginManager: Mounting plugin LightPropagationVolume
LogPluginManager: Mounting plugin GameplayCameras
LogPluginManager: Mounting plugin OodleData
LogPluginManager: Mounting plugin CameraShakePreviewer
LogPluginManager: Mounting plugin OodleNetwork
LogPluginManager: Mounting plugin DatasmithContent
LogPluginManager: Mounting plugin AnimationSharing
LogPluginManager: Mounting plugin VariantManagerContent
LogPluginManager: Mounting plugin CLionSourceCodeAccess
LogPluginManager: Mounting plugin CodeLiteSourceCodeAccess
LogPluginManager: Mounting plugin Niagara
LogPluginManager: Mounting plugin GitSourceControl
LogPluginManager: Mounting plugin NullSourceCodeAccess
LogPluginManager: Mounting plugin KDevelopSourceCodeAccess
LogPluginManager: Mounting plugin PerforceSourceControl
LogPluginManager: Mounting plugin PixWinPlugin
LogPluginManager: Mounting plugin PlasticSourceControl
LogPluginManager: Mounting plugin PluginUtils
LogPluginManager: Mounting plugin PropertyAccessNode
LogPluginManager: Mounting plugin SubversionSourceControl
LogPluginManager: Mounting plugin TextureFormatOodle
LogPluginManager: Mounting plugin UObjectPlugin
LogPluginManager: Mounting plugin RiderSourceCodeAccess
LogPluginManager: Mounting plugin AndroidMedia
LogPluginManager: Mounting plugin LuminPlatformFeatures
LogPluginManager: Mounting plugin AvfMedia
LogPluginManager: Mounting plugin MagicLeap
LogPluginManager: Mounting plugin MagicLeapLightEstimation
LogPluginManager: Mounting plugin VisualStudioCodeSourceCodeAccess
LogPluginManager: Mounting plugin MagicLeapMedia
LogPluginManager: Mounting plugin VisualStudioSourceCodeAccess
LogPluginManager: Mounting plugin XCodeSourceCodeAccess
LogPluginManager: Mounting plugin MagicLeapPassableWorld
LogPluginManager: Mounting plugin TcpMessaging
LogPluginManager: Mounting plugin UdpMessaging
LogPluginManager: Mounting plugin MLSDK
LogPluginManager: Mounting plugin ImgMedia
LogPluginManager: Mounting plugin MediaCompositing
LogPluginManager: Mounting plugin MediaPlayerEditor
LogPluginManager: Mounting plugin AlembicImporter
LogPluginManager: Mounting plugin WebMMedia
LogPluginManager: Mounting plugin AutomationUtils
LogPluginManager: Mounting plugin WmfMedia
LogPluginManager: Mounting plugin BackChannel
LogPluginManager: Mounting plugin ChaosCloth
LogPluginManager: Mounting plugin ChaosClothEditor
LogPluginManager: Mounting plugin ChaosEditor
LogPluginManager: Mounting plugin ChaosSolverPlugin
LogPluginManager: Mounting plugin ChaosNiagara
LogPluginManager: Mounting plugin CharacterAI
LogPluginManager: Mounting plugin GeometryCache
LogPluginManager: Mounting plugin GeometryCollectionPlugin
LogPluginManager: Mounting plugin GeometryProcessing
LogPluginManager: Mounting plugin LevelSequenceEditor
LogPluginManager: Mounting plugin MatineeToLevelSequence
LogPluginManager: Mounting plugin OpenImageDenoise
LogPluginManager: Mounting plugin MotoSynth
LogPluginManager: Mounting plugin PlanarCut
LogPluginManager: Mounting plugin TemplateSequence
LogPluginManager: Mounting plugin PlatformCrypto
LogPluginManager: Mounting plugin ProxyLODPlugin
LogPluginManager: Mounting plugin PythonScriptPlugin
LogPluginManager: Mounting plugin SkeletalReduction
LogPluginManager: Mounting plugin OnlineSubsystem
LogPluginManager: Mounting plugin OnlineSubsystemNull
LogPluginManager: Mounting plugin ActorSequence
LogPluginManager: Mounting plugin OnlineSubsystemUtils
LogPluginManager: Mounting plugin LauncherChunkInstaller
LogPluginManager: Mounting plugin ActorLayerUtilities
LogPluginManager: Mounting plugin AndroidDeviceProfileSelector
LogPluginManager: Mounting plugin AndroidMoviePlayer
LogPluginManager: Mounting plugin AndroidPermission
LogPluginManager: Mounting plugin AppleImageUtils
LogPluginManager: Mounting plugin AppleMoviePlayer
LogPluginManager: Mounting plugin AudioCapture
LogPluginManager: Mounting plugin AssetTags
LogPluginManager: Mounting plugin AudioSynesthesia
LogPluginManager: Mounting plugin CableComponent
LogPluginManager: Mounting plugin ChunkDownloader
LogPluginManager: Mounting plugin CustomMeshComponent
LogPluginManager: Mounting plugin EditableMesh
LogPluginManager: Mounting plugin ExampleDeviceProfileSelector
LogPluginManager: Mounting plugin GoogleCloudMessaging
LogPluginManager: Mounting plugin GooglePAD
LogPluginManager: Mounting plugin IOSDeviceProfileSelector
LogPluginManager: Mounting plugin LinuxDeviceProfileSelector
LogPluginManager: Mounting plugin LocationServicesBPLibrary
LogPluginManager: Mounting plugin ScreenshotTools
LogPluginManager: Mounting plugin MobilePatchingUtils
LogPluginManager: Mounting plugin OpenXR
LogPluginManager: Mounting plugin OpenXRHandTracking
LogPluginManager: Mounting plugin OpenXREyeTracker
LogPluginManager: Mounting plugin ArchVisCharacter
LogPluginManager: Mounting plugin PostSplashScreen
LogPluginManager: Mounting plugin ProceduralMeshComponent
LogPluginManager: Mounting plugin PropertyAccessEditor
LogPluginManager: Mounting plugin RuntimePhysXCooking
LogPluginManager: Mounting plugin SignificanceManager
LogPluginManager: Mounting plugin PhysXVehicles
LogPluginManager: Mounting plugin SoundFields
LogPluginManager: Mounting plugin Takes
LogPluginManager: Mounting plugin Synthesis
LogPluginManager: Mounting plugin WebMMoviePlayer
LogPluginManager: Mounting plugin WindowsMoviePlayer
LogPluginManager: Mounting plugin LiveLink
LogPluginManager: Mounting plugin AssetManagerEditor
LogPluginManager: Mounting plugin CryptoKeys
LogPluginManager: Mounting plugin CurveEditorTools
LogPluginManager: Mounting plugin DataValidation
LogPluginManager: Mounting plugin GameplayTagsEditor
LogPluginManager: Mounting plugin FacialAnimation
LogPluginManager: Mounting plugin GeometryMode
LogPluginManager: Mounting plugin MacGraphicsSwitching
LogPluginManager: Mounting plugin MaterialAnalyzer
LogPluginManager: Mounting plugin MobileLauncherProfileWizard
LogPluginManager: Mounting plugin PluginBrowser
LogPluginManager: Mounting plugin SpeedTreeImporter
LogPluginManager: Mounting plugin OnlineSubsystemGooglePlay
LogPluginManager: Mounting plugin OnlineSubsystemIOS
LogPluginManager: Mounting plugin OculusVR
LogPluginManager: Mounting plugin SteamVR
LogPluginManager: Mounting plugin ContentBrowserAssetDataSource
LogPluginManager: Mounting plugin ContentBrowserClassDataSource
LogPluginManager: Mounting plugin ContentBrowserFileDataSource
PixWinPlugin: PIX capture plugin failed to initialize! Check that the process is launched from PIX.
LogInit: Using libcurl 7.55.1-DEV
LogInit:  - built for x86_64-pc-win32
LogInit:  - supports SSL with OpenSSL/1.1.1
LogInit:  - supports HTTP deflate (compression) using libz 1.2.8
LogInit:  - other features:
LogInit:      CURL_VERSION_SSL
LogInit:      CURL_VERSION_LIBZ
LogInit:      CURL_VERSION_IPV6
LogInit:      CURL_VERSION_ASYNCHDNS
LogInit:      CURL_VERSION_LARGEFILE
LogInit:      CURL_VERSION_IDN
LogInit:  CurlRequestOptions (configurable via config and command line):
LogInit:  - bVerifyPeer = true  - Libcurl will verify peer certificate
LogInit:  - bUseHttpProxy = false  - Libcurl will NOT use HTTP proxy
LogInit:  - bDontReuseConnections = false  - Libcurl will reuse connections
LogInit:  - MaxHostConnections = 16  - Libcurl will limit the number of connections to a host
LogInit:  - LocalHostAddr = Default
LogInit:  - BufferSize = 65536
LogOnline: OSS: Creating online subsystem instance for: NULL
LogInit: WinSock: version 1.1 (2.2), MaxSocks=32767, MaxUdp=65467
LogOnline: OSS: TryLoadSubsystemAndSetDefault: Loaded subsystem for module [NULL]
LogOculusPluginWrapper: OculusPlugin initialized successfully
LogHMD: Failed initializing OVRPlugin 1.59.0
LogInit: Build: ++UE4+Release-4.27-CL-18319896
LogInit: Engine Version: 4.27.2-18319896+++UE4+Release-4.27
LogInit: Compatible Engine Version: 4.27.0-17155196+++UE4+Release-4.27
LogInit: Net CL: 17155196
LogInit: OS: Windows 10 (Release 2009) (), CPU: Intel(R) Core(TM) i7-7800X CPU @ 3.50GHz, GPU: NVIDIA GeForce GTX 1060 6GB
LogInit: Compiled (64-bit): Nov 30 2021 07:12:08
LogInit: Compiled with Visual C++: 19.24.28315.00
LogInit: Build Configuration: Development
LogInit: Branch Name: ++UE4+Release-4.27
LogInit: Command Line:  -skipcompile
LogInit: Base Directory: D:/Epic Games/UE_4.27/Engine/Binaries/Win64/
LogInit: Allocator: TBB
LogInit: Installed Engine Build: 1
LogDevObjectVersion: Number of dev versions registered: 29
LogDevObjectVersion:   Dev-Blueprints (B0D832E4-1F89-4F0D-ACCF-7EB736FD4AA2): 10
LogDevObjectVersion:   Dev-Build (E1C64328-A22C-4D53-A36C-8E866417BD8C): 0
LogDevObjectVersion:   Dev-Core (375EC13C-06E4-48FB-B500-84F0262A717E): 4
LogDevObjectVersion:   Dev-Editor (E4B068ED-F494-42E9-A231-DA0B2E46BB41): 40
LogDevObjectVersion:   Dev-Framework (CFFC743F-43B0-4480-9391-14DF171D2073): 37
LogDevObjectVersion:   Dev-Mobile (B02B49B5-BB20-44E9-A304-32B752E40360): 3
LogDevObjectVersion:   Dev-Networking (A4E4105C-59A1-49B5-A7C5-40C4547EDFEE): 0
LogDevObjectVersion:   Dev-Online (39C831C9-5AE6-47DC-9A44-9C173E1C8E7C): 0
LogDevObjectVersion:   Dev-Physics (78F01B33-EBEA-4F98-B9B4-84EACCB95AA2): 14
LogDevObjectVersion:   Dev-Platform (6631380F-2D4D-43E0-8009-CF276956A95A): 0
LogDevObjectVersion:   Dev-Rendering (12F88B9F-8875-4AFC-A67C-D90C383ABD29): 45
LogDevObjectVersion:   Dev-Sequencer (7B5AE74C-D270-4C10-A958-57980B212A5A): 13
LogDevObjectVersion:   Dev-VR (D7296918-1DD6-4BDD-9DE2-64A83CC13884): 3
LogDevObjectVersion:   Dev-LoadTimes (C2A15278-BFE7-4AFE-6C17-90FF531DF755): 1
LogDevObjectVersion:   Private-Geometry (6EACA3D4-40EC-4CC1-B786-8BED09428FC5): 3
LogDevObjectVersion:   Dev-AnimPhys (29E575DD-E0A3-4627-9D10-D276232CDCEA): 17
LogDevObjectVersion:   Dev-Anim (AF43A65D-7FD3-4947-9873-3E8ED9C1BB05): 15
LogDevObjectVersion:   Dev-ReflectionCapture (6B266CEC-1EC7-4B8F-A30B-E4D90942FC07): 1
LogDevObjectVersion:   Dev-Automation (0DF73D61-A23F-47EA-B727-89E90C41499A): 1
LogDevObjectVersion:   FortniteMain (601D1886-AC64-4F84-AA16-D3DE0DEAC7D6): 47
LogDevObjectVersion:   FortniteRelease (E7086368-6B23-4C58-8439-1B7016265E91): 1
LogDevObjectVersion:   Dev-Enterprise (9DFFBCD6-494F-0158-E221-12823C92A888): 10
LogDevObjectVersion:   Dev-Niagara (F2AED0AC-9AFE-416F-8664-AA7FFA26D6FC): 1
LogDevObjectVersion:   Dev-Destruction (174F1F0B-B4C6-45A5-B13F-2EE8D0FB917D): 10
LogDevObjectVersion:   Dev-Physics-Ext (35F94A83-E258-406C-A318-09F59610247C): 41
LogDevObjectVersion:   Dev-PhysicsMaterial-Chaos (B68FC16E-8B1B-42E2-B453-215C058844FE): 1
LogDevObjectVersion:   Dev-CineCamera (B2E18506-4273-CFC2-A54E-F4BB758BBA07): 1
LogDevObjectVersion:   Dev-VirtualProduction (64F58936-FD1B-42BA-BA96-7289D5D0FA4E): 1
LogDevObjectVersion:   Dev-MediaFramework (6F0ED827-A609-4895-9C91-998D90180EA4): 2
LogInit: Presizing for max 25165824 objects, including 0 objects not considered by GC, pre-allocating 0 bytes for permanent pool.
LogConfig: Applying CVar settings from Section [/Script/Engine.StreamingSettings] File [E:/Portfolio/Unreal/FPS_Game/Zombone/Saved/Config/Windows/Engine.ini]
LogConfig: Setting CVar [[s.MinBulkDataSizeForAsyncLoading:131072]]
LogConfig: Setting CVar [[s.AsyncLoadingThreadEnabled:0]]
LogConfig: Setting CVar [[s.EventDrivenLoaderEnabled:1]]
LogConfig: Setting CVar [[s.WarnIfTimeLimitExceeded:0]]
LogConfig: Setting CVar [[s.TimeLimitExceededMultiplier:1.5]]
LogConfig: Setting CVar [[s.TimeLimitExceededMinTime:0.005]]
LogConfig: Setting CVar [[s.UseBackgroundLevelStreaming:1]]
LogConfig: Setting CVar [[s.PriorityAsyncLoadingExtraTime:15.0]]
LogConfig: Setting CVar [[s.LevelStreamingActorsUpdateTimeLimit:5.0]]
LogConfig: Setting CVar [[s.PriorityLevelStreamingActorsUpdateExtraTime:5.0]]
LogConfig: Setting CVar [[s.LevelStreamingComponentsRegistrationGranularity:10]]
LogConfig: Setting CVar [[s.UnregisterComponentsTimeLimit:1.0]]
LogConfig: Setting CVar [[s.LevelStreamingComponentsUnregistrationGranularity:5]]
LogConfig: Setting CVar [[s.FlushStreamingOnExit:1]]
LogInit: Object subsystem initialized
LogConfig: Setting CVar [[con.DebugEarlyDefault:1]]
LogConfig: Setting CVar [[r.setres:1280x720]]
[2023.09.14-10.12.28:519][  0]LogConfig: Setting CVar [[r.VSync:0]]
[2023.09.14-10.12.28:519][  0]LogConfig: Setting CVar [[r.RHICmdBypass:0]]
[2023.09.14-10.12.28:519][  0]LogConfig: Applying CVar settings from Section [/Script/Engine.RendererSettings] File [E:/Portfolio/Unreal/FPS_Game/Zombone/Saved/Config/Windows/Engine.ini]
[2023.09.14-10.12.28:519][  0]LogConfig: Setting CVar [[r.GPUCrashDebugging:0]]
[2023.09.14-10.12.28:519][  0]LogConfig: Applying CVar settings from Section [/Script/Engine.RendererOverrideSettings] File [E:/Portfolio/Unreal/FPS_Game/Zombone/Saved/Config/Windows/Engine.ini]
[2023.09.14-10.12.28:519][  0]LogConfig: Applying CVar settings from Section [/Script/Engine.StreamingSettings] File [E:/Portfolio/Unreal/FPS_Game/Zombone/Saved/Config/Windows/Engine.ini]
[2023.09.14-10.12.28:519][  0]LogConfig: Setting CVar [[s.MinBulkDataSizeForAsyncLoading:131072]]
[2023.09.14-10.12.28:519][  0]LogConfig: Setting CVar [[s.AsyncLoadingThreadEnabled:0]]
[2023.09.14-10.12.28:519][  0]LogConfig: Setting CVar [[s.EventDrivenLoaderEnabled:1]]
[2023.09.14-10.12.28:520][  0]LogConfig: Setting CVar [[s.WarnIfTimeLimitExceeded:0]]
[2023.09.14-10.12.28:520][  0]LogConfig: Setting CVar [[s.TimeLimitExceededMultiplier:1.5]]
[2023.09.14-10.12.28:520][  0]LogConfig: Setting CVar [[s.TimeLimitExceededMinTime:0.005]]
[2023.09.14-10.12.28:520][  0]LogConfig: Setting CVar [[s.UseBackgroundLevelStreaming:1]]
[2023.09.14-10.12.28:520][  0]LogConfig: Setting CVar [[s.PriorityAsyncLoadingExtraTime:15.0]]
[2023.09.14-10.12.28:520][  0]LogConfig: Setting CVar [[s.LevelStreamingActorsUpdateTimeLimit:5.0]]
[2023.09.14-10.12.28:520][  0]LogConfig: Setting CVar [[s.PriorityLevelStreamingActorsUpdateExtraTime:5.0]]
[2023.09.14-10.12.28:520][  0]LogConfig: Setting CVar [[s.LevelStreamingComponentsRegistrationGranularity:10]]
[2023.09.14-10.12.28:520][  0]LogConfig: Setting CVar [[s.UnregisterComponentsTimeLimit:1.0]]
[2023.09.14-10.12.28:520][  0]LogConfig: Setting CVar [[s.LevelStreamingComponentsUnregistrationGranularity:5]]
[2023.09.14-10.12.28:520][  0]LogConfig: Setting CVar [[s.FlushStreamingOnExit:1]]
[2023.09.14-10.12.28:520][  0]LogConfig: Applying CVar settings from Section [/Script/Engine.GarbageCollectionSettings] File [E:/Portfolio/Unreal/FPS_Game/Zombone/Saved/Config/Windows/Engine.ini]
[2023.09.14-10.12.28:520][  0]LogConfig: Setting CVar [[gc.MaxObjectsNotConsideredByGC:1]]
[2023.09.14-10.12.28:520][  0]LogConfig: Setting CVar [[gc.SizeOfPermanentObjectPool:0]]
[2023.09.14-10.12.28:520][  0]LogConfig: Setting CVar [[gc.FlushStreamingOnGC:0]]
[2023.09.14-10.12.28:520][  0]LogConfig: Setting CVar [[gc.NumRetriesBeforeForcingGC:10]]
[2023.09.14-10.12.28:520][  0]LogConfig: Setting CVar [[gc.AllowParallelGC:1]]
[2023.09.14-10.12.28:520][  0]LogConfig: Setting CVar [[gc.TimeBetweenPurgingPendingKillObjects:61.1]]
[2023.09.14-10.12.28:521][  0]LogConfig: Setting CVar [[gc.MaxObjectsInEditor:25165824]]
[2023.09.14-10.12.28:521][  0]LogConfig: Setting CVar [[gc.IncrementalBeginDestroyEnabled:1]]
[2023.09.14-10.12.28:521][  0]LogConfig: Setting CVar [[gc.CreateGCClusters:1]]
[2023.09.14-10.12.28:521][  0]LogConfig: Setting CVar [[gc.MinGCClusterSize:5]]
[2023.09.14-10.12.28:521][  0]LogConfig: Setting CVar [[gc.ActorClusteringEnabled:0]]
[2023.09.14-10.12.28:521][  0]LogConfig: Setting CVar [[gc.BlueprintClusteringEnabled:0]]
[2023.09.14-10.12.28:521][  0]LogConfig: Setting CVar [[gc.UseDisregardForGCOnDedicatedServers:0]]
[2023.09.14-10.12.28:521][  0]LogConfig: Setting CVar [[gc.MultithreadedDestructionEnabled:1]]
[2023.09.14-10.12.28:521][  0]LogConfig: Applying CVar settings from Section [/Script/Engine.NetworkSettings] File [E:/Portfolio/Unreal/FPS_Game/Zombone/Saved/Config/Windows/Engine.ini]
[2023.09.14-10.12.28:521][  0]LogConfig: Applying CVar settings from Section [/Script/UnrealEd.CookerSettings] File [E:/Portfolio/Unreal/FPS_Game/Zombone/Saved/Config/Windows/Engine.ini]
[2023.09.14-10.12.28:535][  0]LogConfig: Applying CVar settings from Section [ViewDistanceQuality@3] File [E:/Portfolio/Unreal/FPS_Game/Zombone/Saved/Config/Windows/Scalability.ini]
[2023.09.14-10.12.28:535][  0]LogConfig: Setting CVar [[r.SkeletalMeshLODBias:0]]
[2023.09.14-10.12.28:535][  0]LogConfig: Setting CVar [[r.ViewDistanceScale:1.0]]
[2023.09.14-10.12.28:535][  0]LogConfig: Applying CVar settings from Section [AntiAliasingQuality@3] File [E:/Portfolio/Unreal/FPS_Game/Zombone/Saved/Config/Windows/Scalability.ini]
[2023.09.14-10.12.28:535][  0]LogConfig: Setting CVar [[r.PostProcessAAQuality:4]]
[2023.09.14-10.12.28:535][  0]LogConfig: Applying CVar settings from Section [ShadowQuality@3] File [E:/Portfolio/Unreal/FPS_Game/Zombone/Saved/Config/Windows/Scalability.ini]
[2023.09.14-10.12.28:535][  0]LogConfig: Setting CVar [[r.LightFunctionQuality:1]]
[2023.09.14-10.12.28:535][  0]LogConfig: Setting CVar [[r.ShadowQuality:5]]
[2023.09.14-10.12.28:536][  0]LogConfig: Setting CVar [[r.Shadow.CSM.MaxCascades:10]]
[2023.09.14-10.12.28:536][  0]LogConfig: Setting CVar [[r.Shadow.MaxResolution:2048]]
[2023.09.14-10.12.28:536][  0]LogConfig: Setting CVar [[r.Shadow.MaxCSMResolution:2048]]
[2023.09.14-10.12.28:536][  0]LogConfig: Setting CVar [[r.Shadow.RadiusThreshold:0.01]]
[2023.09.14-10.12.28:536][  0]LogConfig: Setting CVar [[r.Shadow.DistanceScale:1.0]]
[2023.09.14-10.12.28:536][  0]LogConfig: Setting CVar [[r.Shadow.CSM.TransitionScale:1.0]]
[2023.09.14-10.12.28:536][  0]LogConfig: Setting CVar [[r.Shadow.PreShadowResolutionFactor:1.0]]
[2023.09.14-10.12.28:536][  0]LogConfig: Setting CVar [[r.DistanceFieldShadowing:1]]
[2023.09.14-10.12.28:536][  0]LogConfig: Setting CVar [[r.DistanceFieldAO:1]]
[2023.09.14-10.12.28:536][  0]LogConfig: Setting CVar [[r.AOQuality:2]]
[2023.09.14-10.12.28:536][  0]LogConfig: Setting CVar [[r.VolumetricFog:1]]
[2023.09.14-10.12.28:536][  0]LogConfig: Setting CVar [[r.VolumetricFog.GridPixelSize:8]]
[2023.09.14-10.12.28:536][  0]LogConfig: Setting CVar [[r.VolumetricFog.GridSizeZ:128]]
[2023.09.14-10.12.28:536][  0]LogConfig: Setting CVar [[r.VolumetricFog.HistoryMissSupersampleCount:4]]
[2023.09.14-10.12.28:536][  0]LogConfig: Setting CVar [[r.LightMaxDrawDistanceScale:1]]
[2023.09.14-10.12.28:536][  0]LogConfig: Setting CVar [[r.CapsuleShadows:1]]
[2023.09.14-10.12.28:536][  0]LogConfig: Applying CVar settings from Section [PostProcessQuality@3] File [E:/Portfolio/Unreal/FPS_Game/Zombone/Saved/Config/Windows/Scalability.ini]
[2023.09.14-10.12.28:536][  0]LogConfig: Setting CVar [[r.MotionBlurQuality:4]]
[2023.09.14-10.12.28:537][  0]LogConfig: Setting CVar [[r.AmbientOcclusionMipLevelFactor:0.4]]
[2023.09.14-10.12.28:537][  0]LogConfig: Setting CVar [[r.AmbientOcclusionMaxQuality:100]]
[2023.09.14-10.12.28:537][  0]LogConfig: Setting CVar [[r.AmbientOcclusionLevels:-1]]
[2023.09.14-10.12.28:537][  0]LogConfig: Setting CVar [[r.AmbientOcclusionRadiusScale:1.0]]
[2023.09.14-10.12.28:537][  0]LogConfig: Setting CVar [[r.DepthOfFieldQuality:2]]
[2023.09.14-10.12.28:537][  0]LogConfig: Setting CVar [[r.RenderTargetPoolMin:400]]
[2023.09.14-10.12.28:537][  0]LogConfig: Setting CVar [[r.LensFlareQuality:2]]
[2023.09.14-10.12.28:537][  0]LogConfig: Setting CVar [[r.SceneColorFringeQuality:1]]
[2023.09.14-10.12.28:537][  0]LogConfig: Setting CVar [[r.EyeAdaptationQuality:2]]
[2023.09.14-10.12.28:537][  0]LogConfig: Setting CVar [[r.BloomQuality:5]]
[2023.09.14-10.12.28:537][  0]LogConfig: Setting CVar [[r.FastBlurThreshold:100]]
[2023.09.14-10.12.28:537][  0]LogConfig: Setting CVar [[r.Upscale.Quality:3]]
[2023.09.14-10.12.28:537][  0]LogConfig: Setting CVar [[r.Tonemapper.GrainQuantization:1]]
[2023.09.14-10.12.28:537][  0]LogConfig: Setting CVar [[r.LightShaftQuality:1]]
[2023.09.14-10.12.28:537][  0]LogConfig: Setting CVar [[r.Filter.SizeScale:1]]
[2023.09.14-10.12.28:537][  0]LogConfig: Setting CVar [[r.Tonemapper.Quality:5]]
[2023.09.14-10.12.28:537][  0]LogConfig: Setting CVar [[r.DOF.Gather.AccumulatorQuality:1        ; higher gathering accumulator quality]]
[2023.09.14-10.12.28:537][  0]LogConfig: Setting CVar [[r.DOF.Gather.PostfilterMethod:1          ; Median3x3 postfilering method]]
[2023.09.14-10.12.28:538][  0]LogConfig: Setting CVar [[r.DOF.Gather.EnableBokehSettings:0       ; no bokeh simulation when gathering]]
[2023.09.14-10.12.28:538][  0]LogConfig: Setting CVar [[r.DOF.Gather.RingCount:4                 ; medium number of samples when gathering]]
[2023.09.14-10.12.28:538][  0]LogConfig: Setting CVar [[r.DOF.Scatter.ForegroundCompositing:1    ; additive foreground scattering]]
[2023.09.14-10.12.28:538][  0]LogConfig: Setting CVar [[r.DOF.Scatter.BackgroundCompositing:2    ; additive background scattering]]
[2023.09.14-10.12.28:538][  0]LogConfig: Setting CVar [[r.DOF.Scatter.EnableBokehSettings:1      ; bokeh simulation when scattering]]
[2023.09.14-10.12.28:538][  0]LogConfig: Setting CVar [[r.DOF.Scatter.MaxSpriteRatio:0.1         ; only a maximum of 10% of scattered bokeh]]
[2023.09.14-10.12.28:538][  0]LogConfig: Setting CVar [[r.DOF.Recombine.Quality:1                ; cheap slight out of focus]]
[2023.09.14-10.12.28:538][  0]LogConfig: Setting CVar [[r.DOF.Recombine.EnableBokehSettings:0    ; no bokeh simulation on slight out of focus]]
[2023.09.14-10.12.28:538][  0]LogConfig: Setting CVar [[r.DOF.TemporalAAQuality:1                ; more stable temporal accumulation]]
[2023.09.14-10.12.28:538][  0]LogConfig: Setting CVar [[r.DOF.Kernel.MaxForegroundRadius:0.025]]
[2023.09.14-10.12.28:538][  0]LogConfig: Setting CVar [[r.DOF.Kernel.MaxBackgroundRadius:0.025]]
[2023.09.14-10.12.28:538][  0]LogConfig: Applying CVar settings from Section [TextureQuality@3] File [E:/Portfolio/Unreal/FPS_Game/Zombone/Saved/Config/Windows/Scalability.ini]
[2023.09.14-10.12.28:538][  0]LogConfig: Setting CVar [[r.Streaming.MipBias:0]]
[2023.09.14-10.12.28:538][  0]LogConfig: Setting CVar [[r.Streaming.AmortizeCPUToGPUCopy:0]]
[2023.09.14-10.12.28:538][  0]LogConfig: Setting CVar [[r.Streaming.MaxNumTexturesToStreamPerFrame:0]]
[2023.09.14-10.12.28:538][  0]LogConfig: Setting CVar [[r.Streaming.Boost:1]]
[2023.09.14-10.12.28:538][  0]LogConfig: Setting CVar [[r.MaxAnisotropy:8]]
[2023.09.14-10.12.28:538][  0]LogConfig: Setting CVar [[r.VT.MaxAnisotropy:8]]
[2023.09.14-10.12.28:538][  0]LogConfig: Setting CVar [[r.Streaming.LimitPoolSizeToVRAM:0]]
[2023.09.14-10.12.28:539][  0]LogConfig: Setting CVar [[r.Streaming.PoolSize:1000]]
[2023.09.14-10.12.28:539][  0]LogConfig: Setting CVar [[r.Streaming.MaxEffectiveScreenSize:0]]
[2023.09.14-10.12.28:539][  0]LogConfig: Applying CVar settings from Section [EffectsQuality@3] File [E:/Portfolio/Unreal/FPS_Game/Zombone/Saved/Config/Windows/Scalability.ini]
[2023.09.14-10.12.28:539][  0]LogConfig: Setting CVar [[r.TranslucencyLightingVolumeDim:64]]
[2023.09.14-10.12.28:539][  0]LogConfig: Setting CVar [[r.RefractionQuality:2]]
[2023.09.14-10.12.28:539][  0]LogConfig: Setting CVar [[r.SSR.Quality:3]]
[2023.09.14-10.12.28:539][  0]LogConfig: Setting CVar [[r.SSR.HalfResSceneColor:0]]
[2023.09.14-10.12.28:539][  0]LogConfig: Setting CVar [[r.SceneColorFormat:4]]
[2023.09.14-10.12.28:539][  0]LogConfig: Setting CVar [[r.DetailMode:2]]
[2023.09.14-10.12.28:539][  0]LogConfig: Setting CVar [[r.TranslucencyVolumeBlur:1]]
[2023.09.14-10.12.28:539][  0]LogConfig: Setting CVar [[r.MaterialQualityLevel:1 ; High quality]]
[2023.09.14-10.12.28:539][  0]LogConfig: Setting CVar [[r.AnisotropicMaterials:1]]
[2023.09.14-10.12.28:539][  0]LogConfig: Setting CVar [[r.SSS.Scale:1]]
[2023.09.14-10.12.28:539][  0]LogConfig: Setting CVar [[r.SSS.SampleSet:2]]
[2023.09.14-10.12.28:539][  0]LogConfig: Setting CVar [[r.SSS.Quality:1]]
[2023.09.14-10.12.28:539][  0]LogConfig: Setting CVar [[r.SSS.HalfRes:0]]
[2023.09.14-10.12.28:539][  0]LogConfig: Setting CVar [[r.SSGI.Quality:3]]
[2023.09.14-10.12.28:539][  0]LogConfig: Setting CVar [[r.EmitterSpawnRateScale:1.0]]
[2023.09.14-10.12.28:540][  0]LogConfig: Setting CVar [[r.ParticleLightQuality:2]]
[2023.09.14-10.12.28:540][  0]LogConfig: Setting CVar [[r.SkyAtmosphere.AerialPerspectiveLUT.FastApplyOnOpaque:1 ; Always have FastSkyLUT 1 in this case to avoid wrong sky]]
[2023.09.14-10.12.28:540][  0]LogConfig: Setting CVar [[r.SkyAtmosphere.AerialPerspectiveLUT.SampleCountMaxPerSlice:4]]
[2023.09.14-10.12.28:540][  0]LogConfig: Setting CVar [[r.SkyAtmosphere.AerialPerspectiveLUT.DepthResolution:16.0]]
[2023.09.14-10.12.28:540][  0]LogConfig: Setting CVar [[r.SkyAtmosphere.FastSkyLUT:1]]
[2023.09.14-10.12.28:540][  0]LogConfig: Setting CVar [[r.SkyAtmosphere.FastSkyLUT.SampleCountMin:4.0]]
[2023.09.14-10.12.28:540][  0]LogConfig: Setting CVar [[r.SkyAtmosphere.FastSkyLUT.SampleCountMax:128.0]]
[2023.09.14-10.12.28:540][  0]LogConfig: Setting CVar [[r.SkyAtmosphere.SampleCountMin:4.0]]
[2023.09.14-10.12.28:540][  0]LogConfig: Setting CVar [[r.SkyAtmosphere.SampleCountMax:128.0]]
[2023.09.14-10.12.28:540][  0]LogConfig: Setting CVar [[r.SkyAtmosphere.TransmittanceLUT.UseSmallFormat:0]]
[2023.09.14-10.12.28:540][  0]LogConfig: Setting CVar [[r.SkyAtmosphere.TransmittanceLUT.SampleCount:10.0]]
[2023.09.14-10.12.28:540][  0]LogConfig: Setting CVar [[r.SkyAtmosphere.MultiScatteringLUT.SampleCount:15.0]]
[2023.09.14-10.12.28:540][  0]LogConfig: Setting CVar [[r.SkyLight.RealTimeReflectionCapture:1]]
[2023.09.14-10.12.28:540][  0]LogConfig: Applying CVar settings from Section [FoliageQuality@3] File [E:/Portfolio/Unreal/FPS_Game/Zombone/Saved/Config/Windows/Scalability.ini]
[2023.09.14-10.12.28:540][  0]LogConfig: Setting CVar [[foliage.DensityScale:1.0]]
[2023.09.14-10.12.28:540][  0]LogConfig: Setting CVar [[grass.DensityScale:1.0]]
[2023.09.14-10.12.28:541][  0]LogConfig: Applying CVar settings from Section [ShadingQuality@3] File [E:/Portfolio/Unreal/FPS_Game/Zombone/Saved/Config/Windows/Scalability.ini]
[2023.09.14-10.12.28:541][  0]LogConfig: Setting CVar [[r.HairStrands.SkyLighting.IntegrationType:2]]
[2023.09.14-10.12.28:541][  0]LogConfig: Setting CVar [[r.HairStrands.SkyAO.SampleCount:4]]
[2023.09.14-10.12.28:541][  0]LogConfig: Setting CVar [[r.HairStrands.Visibility.MSAA.SamplePerPixel:4]]
[2023.09.14-10.12.28:541][  0]LogInit: Selected Device Profile: [Windows]
[2023.09.14-10.12.28:541][  0]LogInit: Applying CVar settings loaded from the selected device profile: [Windows]
[2023.09.14-10.12.28:541][  0]LogHAL: Display: Platform has ~ 32 GB [34019524608 / 34359738368 / 32], which maps to Largest [LargestMinGB=32, LargerMinGB=12, DefaultMinGB=8, SmallerMinGB=6, SmallestMinGB=0)
[2023.09.14-10.12.28:541][  0]LogInit: Going up to parent DeviceProfile []
[2023.09.14-10.12.28:541][  0]LogConfig: Applying CVar settings from Section [ViewDistanceQuality@3] File [E:/Portfolio/Unreal/FPS_Game/Zombone/Saved/Config/Windows/Scalability.ini]
[2023.09.14-10.12.28:541][  0]LogConfig: Setting CVar [[r.SkeletalMeshLODBias:0]]
[2023.09.14-10.12.28:541][  0]LogConfig: Setting CVar [[r.ViewDistanceScale:1.0]]
[2023.09.14-10.12.28:541][  0]LogConfig: Applying CVar settings from Section [AntiAliasingQuality@3] File [E:/Portfolio/Unreal/FPS_Game/Zombone/Saved/Config/Windows/Scalability.ini]
[2023.09.14-10.12.28:541][  0]LogConfig: Setting CVar [[r.PostProcessAAQuality:4]]
[2023.09.14-10.12.28:541][  0]LogConfig: Applying CVar settings from Section [ShadowQuality@3] File [E:/Portfolio/Unreal/FPS_Game/Zombone/Saved/Config/Windows/Scalability.ini]
[2023.09.14-10.12.28:542][  0]LogConfig: Setting CVar [[r.LightFunctionQuality:1]]
[2023.09.14-10.12.28:542][  0]LogConfig: Setting CVar [[r.ShadowQuality:5]]
[2023.09.14-10.12.28:542][  0]LogConfig: Setting CVar [[r.Shadow.CSM.MaxCascades:10]]
[2023.09.14-10.12.28:542][  0]LogConfig: Setting CVar [[r.Shadow.MaxResolution:2048]]
[2023.09.14-10.12.28:542][  0]LogConfig: Setting CVar [[r.Shadow.MaxCSMResolution:2048]]
[2023.09.14-10.12.28:542][  0]LogConfig: Setting CVar [[r.Shadow.RadiusThreshold:0.01]]
[2023.09.14-10.12.28:542][  0]LogConfig: Setting CVar [[r.Shadow.DistanceScale:1.0]]
[2023.09.14-10.12.28:542][  0]LogConfig: Setting CVar [[r.Shadow.CSM.TransitionScale:1.0]]
[2023.09.14-10.12.28:542][  0]LogConfig: Setting CVar [[r.Shadow.PreShadowResolutionFactor:1.0]]
[2023.09.14-10.12.28:542][  0]LogConfig: Setting CVar [[r.DistanceFieldShadowing:1]]
[2023.09.14-10.12.28:542][  0]LogConfig: Setting CVar [[r.DistanceFieldAO:1]]
[2023.09.14-10.12.28:542][  0]LogConfig: Setting CVar [[r.AOQuality:2]]
[2023.09.14-10.12.28:542][  0]LogConfig: Setting CVar [[r.VolumetricFog:1]]
[2023.09.14-10.12.28:542][  0]LogConfig: Setting CVar [[r.VolumetricFog.GridPixelSize:8]]
[2023.09.14-10.12.28:542][  0]LogConfig: Setting CVar [[r.VolumetricFog.GridSizeZ:128]]
[2023.09.14-10.12.28:542][  0]LogConfig: Setting CVar [[r.VolumetricFog.HistoryMissSupersampleCount:4]]
[2023.09.14-10.12.28:542][  0]LogConfig: Setting CVar [[r.LightMaxDrawDistanceScale:1]]
[2023.09.14-10.12.28:543][  0]LogConfig: Setting CVar [[r.CapsuleShadows:1]]
[2023.09.14-10.12.28:543][  0]LogConfig: Applying CVar settings from Section [PostProcessQuality@3] File [E:/Portfolio/Unreal/FPS_Game/Zombone/Saved/Config/Windows/Scalability.ini]
[2023.09.14-10.12.28:543][  0]LogConfig: Setting CVar [[r.MotionBlurQuality:4]]
[2023.09.14-10.12.28:543][  0]LogConfig: Setting CVar [[r.AmbientOcclusionMipLevelFactor:0.4]]
[2023.09.14-10.12.28:543][  0]LogConfig: Setting CVar [[r.AmbientOcclusionMaxQuality:100]]
[2023.09.14-10.12.28:543][  0]LogConfig: Setting CVar [[r.AmbientOcclusionLevels:-1]]
[2023.09.14-10.12.28:543][  0]LogConfig: Setting CVar [[r.AmbientOcclusionRadiusScale:1.0]]
[2023.09.14-10.12.28:543][  0]LogConfig: Setting CVar [[r.DepthOfFieldQuality:2]]
[2023.09.14-10.12.28:543][  0]LogConfig: Setting CVar [[r.RenderTargetPoolMin:400]]
[2023.09.14-10.12.28:543][  0]LogConfig: Setting CVar [[r.LensFlareQuality:2]]
[2023.09.14-10.12.28:543][  0]LogConfig: Setting CVar [[r.SceneColorFringeQuality:1]]
[2023.09.14-10.12.28:543][  0]LogConfig: Setting CVar [[r.EyeAdaptationQuality:2]]
[2023.09.14-10.12.28:543][  0]LogConfig: Setting CVar [[r.BloomQuality:5]]
[2023.09.14-10.12.28:543][  0]LogConfig: Setting CVar [[r.FastBlurThreshold:100]]
[2023.09.14-10.12.28:543][  0]LogConfig: Setting CVar [[r.Upscale.Quality:3]]
[2023.09.14-10.12.28:543][  0]LogConfig: Setting CVar [[r.Tonemapper.GrainQuantization:1]]
[2023.09.14-10.12.28:543][  0]LogConfig: Setting CVar [[r.LightShaftQuality:1]]
[2023.09.14-10.12.28:543][  0]LogConfig: Setting CVar [[r.Filter.SizeScale:1]]
[2023.09.14-10.12.28:543][  0]LogConfig: Setting CVar [[r.Tonemapper.Quality:5]]
[2023.09.14-10.12.28:544][  0]LogConfig: Setting CVar [[r.DOF.Gather.AccumulatorQuality:1        ; higher gathering accumulator quality]]
[2023.09.14-10.12.28:544][  0]LogConfig: Setting CVar [[r.DOF.Gather.PostfilterMethod:1          ; Median3x3 postfilering method]]
[2023.09.14-10.12.28:544][  0]LogConfig: Setting CVar [[r.DOF.Gather.EnableBokehSettings:0       ; no bokeh simulation when gathering]]
[2023.09.14-10.12.28:544][  0]LogConfig: Setting CVar [[r.DOF.Gather.RingCount:4                 ; medium number of samples when gathering]]
[2023.09.14-10.12.28:544][  0]LogConfig: Setting CVar [[r.DOF.Scatter.ForegroundCompositing:1    ; additive foreground scattering]]
[2023.09.14-10.12.28:544][  0]LogConfig: Setting CVar [[r.DOF.Scatter.BackgroundCompositing:2    ; additive background scattering]]
[2023.09.14-10.12.28:544][  0]LogConfig: Setting CVar [[r.DOF.Scatter.EnableBokehSettings:1      ; bokeh simulation when scattering]]
[2023.09.14-10.12.28:544][  0]LogConfig: Setting CVar [[r.DOF.Scatter.MaxSpriteRatio:0.1         ; only a maximum of 10% of scattered bokeh]]
[2023.09.14-10.12.28:544][  0]LogConfig: Setting CVar [[r.DOF.Recombine.Quality:1                ; cheap slight out of focus]]
[2023.09.14-10.12.28:544][  0]LogConfig: Setting CVar [[r.DOF.Recombine.EnableBokehSettings:0    ; no bokeh simulation on slight out of focus]]
[2023.09.14-10.12.28:544][  0]LogConfig: Setting CVar [[r.DOF.TemporalAAQuality:1                ; more stable temporal accumulation]]
[2023.09.14-10.12.28:544][  0]LogConfig: Setting CVar [[r.DOF.Kernel.MaxForegroundRadius:0.025]]
[2023.09.14-10.12.28:544][  0]LogConfig: Setting CVar [[r.DOF.Kernel.MaxBackgroundRadius:0.025]]
[2023.09.14-10.12.28:544][  0]LogConfig: Applying CVar settings from Section [TextureQuality@3] File [E:/Portfolio/Unreal/FPS_Game/Zombone/Saved/Config/Windows/Scalability.ini]
[2023.09.14-10.12.28:544][  0]LogConfig: Setting CVar [[r.Streaming.MipBias:0]]
[2023.09.14-10.12.28:544][  0]LogConfig: Setting CVar [[r.Streaming.AmortizeCPUToGPUCopy:0]]
[2023.09.14-10.12.28:544][  0]LogConfig: Setting CVar [[r.Streaming.MaxNumTexturesToStreamPerFrame:0]]
[2023.09.14-10.12.28:544][  0]LogConfig: Setting CVar [[r.Streaming.Boost:1]]
[2023.09.14-10.12.28:545][  0]LogConfig: Setting CVar [[r.MaxAnisotropy:8]]
[2023.09.14-10.12.28:545][  0]LogConfig: Setting CVar [[r.VT.MaxAnisotropy:8]]
[2023.09.14-10.12.28:545][  0]LogConfig: Setting CVar [[r.Streaming.LimitPoolSizeToVRAM:0]]
[2023.09.14-10.12.28:545][  0]LogConfig: Setting CVar [[r.Streaming.PoolSize:1000]]
[2023.09.14-10.12.28:545][  0]LogConfig: Setting CVar [[r.Streaming.MaxEffectiveScreenSize:0]]
[2023.09.14-10.12.28:545][  0]LogConfig: Applying CVar settings from Section [EffectsQuality@3] File [E:/Portfolio/Unreal/FPS_Game/Zombone/Saved/Config/Windows/Scalability.ini]
[2023.09.14-10.12.28:545][  0]LogConfig: Setting CVar [[r.TranslucencyLightingVolumeDim:64]]
[2023.09.14-10.12.28:545][  0]LogConfig: Setting CVar [[r.RefractionQuality:2]]
[2023.09.14-10.12.28:545][  0]LogConfig: Setting CVar [[r.SSR.Quality:3]]
[2023.09.14-10.12.28:545][  0]LogConfig: Setting CVar [[r.SSR.HalfResSceneColor:0]]
[2023.09.14-10.12.28:545][  0]LogConfig: Setting CVar [[r.SceneColorFormat:4]]
[2023.09.14-10.12.28:545][  0]LogConfig: Setting CVar [[r.DetailMode:2]]
[2023.09.14-10.12.28:545][  0]LogConfig: Setting CVar [[r.TranslucencyVolumeBlur:1]]
[2023.09.14-10.12.28:545][  0]LogConfig: Setting CVar [[r.MaterialQualityLevel:1 ; High quality]]
[2023.09.14-10.12.28:545][  0]LogConfig: Setting CVar [[r.AnisotropicMaterials:1]]
[2023.09.14-10.12.28:545][  0]LogConfig: Setting CVar [[r.SSS.Scale:1]]
[2023.09.14-10.12.28:545][  0]LogConfig: Setting CVar [[r.SSS.SampleSet:2]]
[2023.09.14-10.12.28:545][  0]LogConfig: Setting CVar [[r.SSS.Quality:1]]
[2023.09.14-10.12.28:546][  0]LogConfig: Setting CVar [[r.SSS.HalfRes:0]]
[2023.09.14-10.12.28:546][  0]LogConfig: Setting CVar [[r.SSGI.Quality:3]]
[2023.09.14-10.12.28:546][  0]LogConfig: Setting CVar [[r.EmitterSpawnRateScale:1.0]]
[2023.09.14-10.12.28:546][  0]LogConfig: Setting CVar [[r.ParticleLightQuality:2]]
[2023.09.14-10.12.28:546][  0]LogConfig: Setting CVar [[r.SkyAtmosphere.AerialPerspectiveLUT.FastApplyOnOpaque:1 ; Always have FastSkyLUT 1 in this case to avoid wrong sky]]
[2023.09.14-10.12.28:546][  0]LogConfig: Setting CVar [[r.SkyAtmosphere.AerialPerspectiveLUT.SampleCountMaxPerSlice:4]]
[2023.09.14-10.12.28:546][  0]LogConfig: Setting CVar [[r.SkyAtmosphere.AerialPerspectiveLUT.DepthResolution:16.0]]
[2023.09.14-10.12.28:546][  0]LogConfig: Setting CVar [[r.SkyAtmosphere.FastSkyLUT:1]]
[2023.09.14-10.12.28:546][  0]LogConfig: Setting CVar [[r.SkyAtmosphere.FastSkyLUT.SampleCountMin:4.0]]
[2023.09.14-10.12.28:546][  0]LogConfig: Setting CVar [[r.SkyAtmosphere.FastSkyLUT.SampleCountMax:128.0]]
[2023.09.14-10.12.28:546][  0]LogConfig: Setting CVar [[r.SkyAtmosphere.SampleCountMin:4.0]]
[2023.09.14-10.12.28:546][  0]LogConfig: Setting CVar [[r.SkyAtmosphere.SampleCountMax:128.0]]
[2023.09.14-10.12.28:546][  0]LogConfig: Setting CVar [[r.SkyAtmosphere.TransmittanceLUT.UseSmallFormat:0]]
[2023.09.14-10.12.28:546][  0]LogConfig: Setting CVar [[r.SkyAtmosphere.TransmittanceLUT.SampleCount:10.0]]
[2023.09.14-10.12.28:546][  0]LogConfig: Setting CVar [[r.SkyAtmosphere.MultiScatteringLUT.SampleCount:15.0]]
[2023.09.14-10.12.28:546][  0]LogConfig: Setting CVar [[r.SkyLight.RealTimeReflectionCapture:1]]
[2023.09.14-10.12.28:546][  0]LogConfig: Applying CVar settings from Section [FoliageQuality@3] File [E:/Portfolio/Unreal/FPS_Game/Zombone/Saved/Config/Windows/Scalability.ini]
[2023.09.14-10.12.28:546][  0]LogConfig: Setting CVar [[foliage.DensityScale:1.0]]
[2023.09.14-10.12.28:546][  0]LogConfig: Setting CVar [[grass.DensityScale:1.0]]
[2023.09.14-10.12.28:547][  0]LogConfig: Applying CVar settings from Section [ShadingQuality@3] File [E:/Portfolio/Unreal/FPS_Game/Zombone/Saved/Config/Windows/Scalability.ini]
[2023.09.14-10.12.28:547][  0]LogConfig: Setting CVar [[r.HairStrands.SkyLighting.IntegrationType:2]]
[2023.09.14-10.12.28:547][  0]LogConfig: Setting CVar [[r.HairStrands.SkyAO.SampleCount:4]]
[2023.09.14-10.12.28:547][  0]LogConfig: Setting CVar [[r.HairStrands.Visibility.MSAA.SamplePerPixel:4]]
[2023.09.14-10.12.28:547][  0]LogConfig: Applying CVar settings from Section [Startup] File [../../../Engine/Config/ConsoleVariables.ini]
[2023.09.14-10.12.28:547][  0]LogConfig: Setting CVar [[net.UseAdaptiveNetUpdateFrequency:0]]
[2023.09.14-10.12.28:547][  0]LogConfig: Setting CVar [[p.chaos.AllowCreatePhysxBodies:1]]
[2023.09.14-10.12.28:547][  0]LogConfig: Setting CVar [[fx.SkipVectorVMBackendOptimizations:1]]
[2023.09.14-10.12.28:547][  0]LogConfig: Applying CVar settings from Section [ConsoleVariables] File [E:/Portfolio/Unreal/FPS_Game/Zombone/Saved/Config/Windows/Engine.ini]
[2023.09.14-10.12.28:547][  0]LogConfig: Applying CVar settings from Section [ConsoleVariables] File [E:/Portfolio/Unreal/FPS_Game/Zombone/Saved/Config/Windows/Editor.ini]
[2023.09.14-10.12.28:547][  0]LogInit: Computer: DESKTOP-J6VGNOD
[2023.09.14-10.12.28:548][  0]LogInit: User: timve
[2023.09.14-10.12.28:548][  0]LogInit: CPU Page size=4096, Cores=6
[2023.09.14-10.12.28:548][  0]LogInit: High frequency timer resolution =10.000000 MHz
[2023.09.14-10.12.28:548][  0]LogMemory: Memory total: Physical=31.7GB (32GB approx)
[2023.09.14-10.12.28:548][  0]LogMemory: Platform Memory Stats for Windows
[2023.09.14-10.12.28:548][  0]LogMemory: Process Physical Memory: 147.35 MB used, 152.98 MB peak
[2023.09.14-10.12.28:548][  0]LogMemory: Process Virtual Memory: 128.70 MB used, 128.70 MB peak
[2023.09.14-10.12.28:548][  0]LogMemory: Physical Memory: 13223.18 MB used,  19220.37 MB free, 32443.55 MB total
[2023.09.14-10.12.28:548][  0]LogMemory: Virtual Memory: 134199872.00 MB used,  17852.08 MB free, 134217728.00 MB total
[2023.09.14-10.12.28:556][  0]LogWindows: WindowsPlatformFeatures enabled
[2023.09.14-10.12.28:694][  0]LogInit: Physics initialised using underlying interface: PhysX
[2023.09.14-10.12.28:695][  0]LogInit: Using OS detected language (en-US).
[2023.09.14-10.12.28:695][  0]LogInit: Using OS detected locale (nl-BE).
[2023.09.14-10.12.28:697][  0]LogTextLocalizationManager: No specific localization for 'en-US' exists, so the 'en' localization will be used.
[2023.09.14-10.12.28:906][  0]LogInit: Setting process to per monitor DPI aware
[2023.09.14-10.12.28:929][  0]LogWindowsTextInputMethodSystem: Display: IME system deactivated.
[2023.09.14-10.12.28:951][  0]LogSlate: New Slate User Created.  User Index 0, Is Virtual User: 0
[2023.09.14-10.12.28:951][  0]LogSlate: Slate User Registered.  User Index 0, Is Virtual User: 0
[2023.09.14-10.12.29:061][  0]LogD3D11RHI: Loaded GFSDK_Aftermath_Lib.x64.dll
[2023.09.14-10.12.29:067][  0]LogHMD: Failed to initialize OpenVR with code 110
[2023.09.14-10.12.29:067][  0]LogD3D11RHI: D3D11 min allowed feature level: 11_0
[2023.09.14-10.12.29:067][  0]LogD3D11RHI: D3D11 max allowed feature level: 11_0
[2023.09.14-10.12.29:067][  0]LogD3D11RHI: D3D11 adapters:
[2023.09.14-10.12.29:229][  0]LogD3D11RHI:    0. 'NVIDIA GeForce GTX 1060 6GB' (Feature Level 11_0)
[2023.09.14-10.12.29:229][  0]LogD3D11RHI:       6043/0/16221 MB DedicatedVideo/DedicatedSystem/SharedSystem, Outputs:2, VendorId:0x10de
[2023.09.14-10.12.29:234][  0]LogD3D11RHI:    1. 'Microsoft Basic Render Driver' (Feature Level 11_0)
[2023.09.14-10.12.29:234][  0]LogD3D11RHI:       0/0/16221 MB DedicatedVideo/DedicatedSystem/SharedSystem, Outputs:0, VendorId:0x1414
[2023.09.14-10.12.29:234][  0]LogD3D11RHI: Chosen D3D11 Adapter:
[2023.09.14-10.12.29:234][  0]LogD3D11RHI:     Description : NVIDIA GeForce GTX 1060 6GB
[2023.09.14-10.12.29:234][  0]LogD3D11RHI:     VendorId    : 10de
[2023.09.14-10.12.29:235][  0]LogD3D11RHI:     DeviceId    : 1c03
[2023.09.14-10.12.29:235][  0]LogD3D11RHI:     SubSysId    : 32831462
[2023.09.14-10.12.29:235][  0]LogD3D11RHI:     Revision    : 00a1
[2023.09.14-10.12.29:235][  0]LogD3D11RHI:     DedicatedVideoMemory : 6336544768 bytes
[2023.09.14-10.12.29:235][  0]LogD3D11RHI:     DedicatedSystemMemory : 0 bytes
[2023.09.14-10.12.29:235][  0]LogD3D11RHI:     SharedSystemMemory : 17009762304 bytes
[2023.09.14-10.12.29:235][  0]LogD3D11RHI:     AdapterLuid : 0 93674
[2023.09.14-10.12.29:244][  0]LogD3D11RHI: Creating new Direct3DDevice
[2023.09.14-10.12.29:244][  0]LogD3D11RHI:     GPU DeviceId: 0x1c03 (for the marketing name, search the web for "GPU Device Id")
[2023.09.14-10.12.29:244][  0]LogWindows: EnumDisplayDevices:
[2023.09.14-10.12.29:244][  0]LogWindows:    0. 'NVIDIA GeForce GTX 1060 6GB' (P:1 D:1)
[2023.09.14-10.12.29:245][  0]LogWindows:    1. 'NVIDIA GeForce GTX 1060 6GB' (P:0 D:1)
[2023.09.14-10.12.29:245][  0]LogWindows:    2. 'NVIDIA GeForce GTX 1060 6GB' (P:0 D:0)
[2023.09.14-10.12.29:245][  0]LogWindows:    3. 'NVIDIA GeForce GTX 1060 6GB' (P:0 D:0)
[2023.09.14-10.12.29:245][  0]LogWindows: DebugString: FoundDriverCount:4 
[2023.09.14-10.12.29:245][  0]LogD3D11RHI:     Adapter Name: NVIDIA GeForce GTX 1060 6GB
[2023.09.14-10.12.29:246][  0]LogD3D11RHI:   Driver Version: 531.29 (internal:31.0.15.3129, unified:531.29)
[2023.09.14-10.12.29:246][  0]LogD3D11RHI:      Driver Date: 3-8-2023
[2023.09.14-10.12.29:246][  0]LogRHI: Texture pool is 4230 MB (70% of 6043 MB)
[2023.09.14-10.12.29:246][  0]LogD3D11RHI: Creating D3DDevice using adapter:
[2023.09.14-10.12.29:246][  0]LogD3D11RHI:     Description : NVIDIA GeForce GTX 1060 6GB
[2023.09.14-10.12.29:246][  0]LogD3D11RHI:     VendorId    : 10de
[2023.09.14-10.12.29:246][  0]LogD3D11RHI:     DeviceId    : 1c03
[2023.09.14-10.12.29:246][  0]LogD3D11RHI:     SubSysId    : 32831462
[2023.09.14-10.12.29:246][  0]LogD3D11RHI:     Revision    : 00a1
[2023.09.14-10.12.29:246][  0]LogD3D11RHI:     DedicatedVideoMemory : 6336544768 bytes
[2023.09.14-10.12.29:246][  0]LogD3D11RHI:     DedicatedSystemMemory : 0 bytes
[2023.09.14-10.12.29:246][  0]LogD3D11RHI:     SharedSystemMemory : 17009762304 bytes
[2023.09.14-10.12.29:246][  0]LogD3D11RHI:     AdapterLuid : 0 93674
[2023.09.14-10.12.29:346][  0]LogD3D11RHI: RHI has support for 64 bit atomics
[2023.09.14-10.12.29:346][  0]LogD3D11RHI: Async texture creation enabled
[2023.09.14-10.12.29:346][  0]LogD3D11RHI: Array index from any shader is supported
[2023.09.14-10.12.29:363][  0]LogD3D11RHI: GPU Timing Frequency: 1000.000000 (Debug: 2 1)
[2023.09.14-10.12.29:395][  0]LogRHI: GeForceNow SDK initialized: 1
[2023.09.14-10.12.29:670][  0]LogTargetPlatformManager: Display: Loaded TargetPlatform 'AllDesktop'
[2023.09.14-10.12.29:691][  0]LogTargetPlatformManager: Display: Loaded TargetPlatform 'Android'
[2023.09.14-10.12.29:692][  0]LogTargetPlatformManager: Display: Loaded TargetPlatform 'Android_ASTC'
[2023.09.14-10.12.29:692][  0]LogTargetPlatformManager: Display: Loaded TargetPlatform 'Android_DXT'
[2023.09.14-10.12.29:692][  0]LogTargetPlatformManager: Display: Loaded TargetPlatform 'Android_ETC2'
[2023.09.14-10.12.29:692][  0]LogTargetPlatformManager: Display: Loaded TargetPlatform 'AndroidClient'
[2023.09.14-10.12.29:692][  0]LogTargetPlatformManager: Display: Loaded TargetPlatform 'Android_ASTCClient'
[2023.09.14-10.12.29:692][  0]LogTargetPlatformManager: Display: Loaded TargetPlatform 'Android_DXTClient'
[2023.09.14-10.12.29:692][  0]LogTargetPlatformManager: Display: Loaded TargetPlatform 'Android_ETC2Client'
[2023.09.14-10.12.29:692][  0]LogTargetPlatformManager: Display: Loaded TargetPlatform 'Android_Multi'
[2023.09.14-10.12.29:692][  0]LogTargetPlatformManager: Display: Loaded TargetPlatform 'Android_MultiClient'
[2023.09.14-10.12.29:714][  0]LogTargetPlatformManager: Display: Loaded TargetPlatform 'IOSClient'
[2023.09.14-10.12.29:714][  0]LogTargetPlatformManager: Display: Loaded TargetPlatform 'IOS'
[2023.09.14-10.12.29:724][  0]LogTargetPlatformManager: Display: Loaded TargetPlatform 'Linux'
[2023.09.14-10.12.29:730][  0]LogTargetPlatformManager: Display: Loaded TargetPlatform 'LinuxNoEditor'
[2023.09.14-10.12.29:735][  0]LogTargetPlatformManager: Display: Loaded TargetPlatform 'LinuxClient'
[2023.09.14-10.12.29:740][  0]LogTargetPlatformManager: Display: Loaded TargetPlatform 'LinuxServer'
[2023.09.14-10.12.29:750][  0]LogTargetPlatformManager: Display: Loaded TargetPlatform 'LinuxAArch64NoEditor'
[2023.09.14-10.12.29:756][  0]LogTargetPlatformManager: Display: Loaded TargetPlatform 'LinuxAArch64Client'
[2023.09.14-10.12.29:761][  0]LogTargetPlatformManager: Display: Loaded TargetPlatform 'LinuxAArch64Server'
[2023.09.14-10.12.29:784][  0]LogTargetPlatformManager: Display: Loaded TargetPlatform 'Lumin'
[2023.09.14-10.12.29:784][  0]LogTargetPlatformManager: Display: Loaded TargetPlatform 'LuminClient'
[2023.09.14-10.12.29:793][  0]LogTargetPlatformManager: Display: Loaded TargetPlatform 'MacNoEditor'
[2023.09.14-10.12.29:799][  0]LogTargetPlatformManager: Display: Loaded TargetPlatform 'Mac'
[2023.09.14-10.12.29:804][  0]LogTargetPlatformManager: Display: Loaded TargetPlatform 'MacClient'
[2023.09.14-10.12.29:810][  0]LogTargetPlatformManager: Display: Loaded TargetPlatform 'MacServer'
[2023.09.14-10.12.29:822][  0]LogTargetPlatformManager: Display: Loaded TargetPlatform 'TVOSClient'
[2023.09.14-10.12.29:822][  0]LogTargetPlatformManager: Display: Loaded TargetPlatform 'TVOS'
[2023.09.14-10.12.29:832][  0]LogTargetPlatformManager: Display: Loaded TargetPlatform 'WindowsNoEditor'
[2023.09.14-10.12.29:838][  0]LogTargetPlatformManager: Display: Loaded TargetPlatform 'Windows'
[2023.09.14-10.12.29:844][  0]LogTargetPlatformManager: Display: Loaded TargetPlatform 'WindowsClient'
[2023.09.14-10.12.29:849][  0]LogTargetPlatformManager: Display: Loaded TargetPlatform 'WindowsServer'
[2023.09.14-10.12.29:850][  0]LogTargetPlatformManager: Display: Building Assets For Windows
[2023.09.14-10.12.29:862][  0]LogAudioDebug: Display: Lib vorbis DLL was dynamically loaded.
[2023.09.14-10.12.29:904][  0]LogTextureFormatOodle: Display: Oodle Texture 2.9.0 init RDO Off
[2023.09.14-10.12.29:955][  0]LogRendererCore: Ray tracing is disabled. Reason: r.RayTracing=0.
[2023.09.14-10.12.29:955][  0]LogShaderCompilers: Guid format shader working directory is 9 characters bigger than the processId version (E:/Portfolio/Unreal/FPS_Game/Zombone/Intermediate/Shaders/WorkingDirectory/21664/).
[2023.09.14-10.12.29:955][  0]LogShaderCompilers: Cleaned the shader compiler working directory 'C:/Users/timve/AppData/Local/Temp/UnrealShaderWorkingDir/6889AD314B30B1DCE00123814AF28D12/'.
[2023.09.14-10.12.29:956][  0]LogXGEController: Cannot use XGE Controller as Incredibuild is not installed on this machine.
[2023.09.14-10.12.29:956][  0]LogShaderCompilers: Cannot use XGE Shader Compiler as Incredibuild is not installed on this machine.
[2023.09.14-10.12.29:956][  0]LogShaderCompilers: Display: Using Local Shader Compiler.
[2023.09.14-10.12.30:669][  0]LogDerivedDataCache: Display: Max Cache Size: 512 MB
[2023.09.14-10.12.30:740][  0]LogDerivedDataCache: Loaded boot cache 0.07s 99MB C:/Users/timve/AppData/Local/UnrealEngine/4.27/DerivedDataCache/Boot.ddc.
[2023.09.14-10.12.30:740][  0]LogDerivedDataCache: Display: Loaded Boot cache: C:/Users/timve/AppData/Local/UnrealEngine/4.27/DerivedDataCache/Boot.ddc
[2023.09.14-10.12.30:740][  0]LogDerivedDataCache: FDerivedDataBackendGraph:  Pak pak cache file E:/Portfolio/Unreal/FPS_Game/Zombone/DerivedDataCache/DDC.ddp not found, will not use a pak cache.
[2023.09.14-10.12.30:741][  0]LogDerivedDataCache: Unable to find inner node Pak for hierarchical cache Hierarchy.
[2023.09.14-10.12.30:741][  0]LogDerivedDataCache: FDerivedDataBackendGraph:  CompressedPak pak cache file E:/Portfolio/Unreal/FPS_Game/Zombone/DerivedDataCache/Compressed.ddp not found, will not use a pak cache.
[2023.09.14-10.12.30:741][  0]LogDerivedDataCache: Unable to find inner node CompressedPak for hierarchical cache Hierarchy.
[2023.09.14-10.12.30:757][  0]LogDerivedDataCache: Display: Pak cache opened for reading ../../../Engine/DerivedDataCache/Compressed.ddp.
[2023.09.14-10.12.30:757][  0]LogDerivedDataCache: FDerivedDataBackendGraph:  EnterprisePak pak cache file ../../../Enterprise/DerivedDataCache/Compressed.ddp not found, will not use a pak cache.
[2023.09.14-10.12.30:757][  0]LogDerivedDataCache: Unable to find inner node EnterprisePak for hierarchical cache Hierarchy.
[2023.09.14-10.12.30:763][  0]LogDerivedDataCache: Speed tests for C:/Users/timve/AppData/Local/UnrealEngine/Common/DerivedDataCache took 0.01 seconds
[2023.09.14-10.12.30:763][  0]LogDerivedDataCache: Display: Performance to C:/Users/timve/AppData/Local/UnrealEngine/Common/DerivedDataCache: Latency=0.03ms. RandomReadSpeed=1331.36MBs, RandomWriteSpeed=185.84MBs. Assigned SpeedClass 'Local'
[2023.09.14-10.12.30:766][  0]LogDerivedDataCache: Using Local data cache path C:/Users/timve/AppData/Local/UnrealEngine/Common/DerivedDataCache: Writable
[2023.09.14-10.12.30:766][  0]LogDerivedDataCache: Shared data cache path not found in *engine.ini, will not use an Shared cache.
[2023.09.14-10.12.30:766][  0]LogDerivedDataCache: Unable to find inner node Shared for hierarchical cache Hierarchy.
[2023.09.14-10.12.30:810][  0]LogSlate: Using FreeType 2.10.0
[2023.09.14-10.12.30:811][  0]LogSlate: SlateFontServices - WITH_FREETYPE: 1, WITH_HARFBUZZ: 1
[2023.09.14-10.12.30:836][  0]LogAssetRegistry: FAssetRegistry took 0.0042 seconds to start up
[2023.09.14-10.12.31:073][  0]LogInit: Selected Device Profile: [Windows]
[2023.09.14-10.12.31:074][  0]LogInit: Active device profile: [0000023ED3F84F00][0000023ED0415480 49] Windows
[2023.09.14-10.12.31:074][  0]LogInit: Profiles: [0000023ED3F84F00][0000023ED0415480 49] Windows, [0000023ED3F3AA00][0000023ED041D600 49] WindowsNoEditor, [0000023ED3F85F00][0000023ED2A7B780 49] WindowsServer, [0000023ED3F39B00][0000023ED2A7F900 49] WindowsClient, [0000023ED3F85200][0000023ED2A83A80 49] IOS, [0000023ED3F39800][0000023ED2A87C00 49] iPadAir, [0000023ED3F87300][0000023ED2A8A200 49] iPadAir2, [0000023ED3EE1300][0000023ED2A984C0 49] IPadPro, [0000023ED3EE1400][0000023ED2A8E500 49] iPadAir3, [0000023ED3F38B00][0000023ED0418640 49] iPadAir4, [0000023ED3EE2100][0000023ED2AA8780 49] iPadMini2, [0000023ED3F3BA00][0000023ED2AAC8C0 49] iPadMini3, [0000023ED3EE2C00][0000023ED2AB4A40 49] iPadMini4, [0000023ED3F3AC00][0000023ED2AB8BC0 49] iPadMini5, [0000023ED3F18E00][0000023ECCE24E80 49] iPhone6, [0000023ED3F18F00][0000023ED2ABCEC0 49] iPodTouch6, [0000023ED3F87700][0000023ECCE69180 49] iPhone7, [0000023ED3F86800][0000023ECCE651C0 49] iPodTouch7, [0000023ED3EE1100][0000023ECCE6D340 49] iPhone5S, [0000023ED3F85100][0000023ECCE714C0 49] iPhone6Plus, [0000023ED3EE2A00][0000023ED2C43640 49] iPhone6S, [0000023ED3F85A00][0000023ED2C477C0 49] iPhone6SPlus, [0000023ED3F18100][0000023ED2C4B940 49] iPhone7Plus, [0000023ED3EE1D00][0000023ED2C4FAC0 49] iPhoneSE, [0000023ED3F18C00][0000023ED2C520C0 49] iPhone8, [0000023ED3EE0400][0000023ED2C5A240 49] iPhone8Plus, [0000023ED3F1AA00][0000023ED2C643C0 49] iPhoneX, [0000023ED3EE3C00][0000023ED2C68540 49] iPhoneXS, [0000023ED3F1A900][0000023ED2C6C6C0 49] iPhoneXSMax, [0000023ED3EE0B00][0000023ED2AB0800 49] iPhoneXR, [0000023ED3F87800][0000023ECCE74940 49] iPhone11, [0000023ED3EE3D00][0000023ECCE78A80 49] iPhone11Pro, [0000023ED3F85B00][0000023ED2B74BC0 49] iPhone11ProMax, [0000023ED3EE1500][0000023ECCE7CD40 49] iPhoneSE2, [0000023ED3F85E00][0000023ECCE80EC0 49] iPhone12Mini, [0000023ED3EE3100][0000023ECCE85040 49] iPhone12, [0000023ED3F87400][0000023ED2EED1C0 49] iPhone12Pro, [0000023ED3EE0D00][0000023ECC81D340 49] iPhone12ProMax, [0000023ED3F87C00][0000023ED43914C0 49] iPadPro105, [0000023ED3EE3700][0000023ED4395640 49] iPadPro129, [0000023ED3F86A00][0000023ED43997C0 49] iPadPro97, [0000023ED3EE0900][0000023ED439D940 49] iPadPro2_129, [0000023ED3F84800][0000023ECC821AC0 49] iPad5, [0000023ED3EE1000][0000023ECC8240C0 49] iPad6, [0000023ED3F84400][0000023ECC89E240 49] iPad7, [0000023ED3EE2B00][0000023ECC89A3C0 49] iPad8, [0000023ED3F87500][0000023ECC896540 49] iPadPro11, [0000023ED3EE1800][0000023ED2F8A6C0 49] iPadPro2_11, [0000023ED3F84900][0000023EC68E6840 49] iPadPro3_129, [0000023ED3EE2800][0000023ED2C56980 49] iPadPro4_129, [0000023ED3F86E00][0000023ECCEBEAC0 49] AppleTV, [0000023ED3EE3E00][0000023ED2B70C00 49] AppleTV4K, [0000023ED3F84500][0000023ED0410D40 49] TVOS, [0000023ED3EE1700][0000023ECC82CEC0 49] Mac, [0000023ED3F86300][0000023ECC831040 49] MacClient, [0000023ED3EE0800][0000023ECC8351C0 49] MacNoEditor, [0000023ED3F85000][0000023EC685D340 49] MacServer, [0000023ED3EE0500][0000023EC68614C0 49] Linux, [0000023ED3F86B00][0000023EC6865640 49] LinuxAArch64, [0000023ED3EE1600][0000023EC68697C0 49] LinuxNoEditor, [0000023ED3F86100][0000023EC686D940 49] LinuxAArch64NoEditor, [0000023ED3EE3900][0000023EC6871AC0 49] LinuxClient, [0000023ED3F86600][0000023EC68740C0 49] LinuxAArch64Client, [0000023ED3EE2300][0000023EC6878240 49] LinuxServer, [0000023ED3F84700][0000023EC687C3C0 49] LinuxAArch64Server, [0000023ED3EE1A00][0000023EC6880540 49] Android, [0000023ED3F86200][0000023ED2EF06C0 49] Android_Low, [0000023ED3EE1C00][0000023ED2EF4840 49] Android_Mid, [0000023ED3F85300][0000023ED2EF89C0 49] Android_High, [0000023ED3EE0E00][0000023ED2EFCB40 49] Android_Default, [0000023ED3F87600][0000023ECC828C80 49] Android_Adreno4xx, [0000023ED3EE0F00][0000023ED2F00DC0 49] Android_Adreno5xx_Low, [0000023ED3F87B00][0000023ED2F04F00 49] Android_Adreno5xx, [0000023ED3EE3A00][0000023ED2F0D080 49] Android_Adreno6xx, [0000023ED3F84B00][0000023ED2F11200 49] Android_Adreno6xx_Vulkan, [0000023ED3EE1900][0000023ED2F15380 49] Android_Mali_T6xx, [0000023ED3F84A00][0000023ED2F19500 49] Android_Mali_T7xx, [0000023ED3F39A00][0000023ED2F1D680 49] Android_Mali_T8xx, [0000023ED3F18500][0000023ED2F21800 49] Android_Mali_G71, [0000023ED3F38600][0000023ED2F25980 49] Android_Mali_G72, [0000023ED3F18300][0000023ED2F29B00 49] Android_Mali_G72_Vulkan, [0000023ED3F3B900][0000023ED2F2C100 49] Android_Mali_G76, [0000023ED3F19000][0000023ED2F30280 49] Android_Mali_G76_Vulkan, [0000023ED3F3A600][0000023ED2F34400 49] Android_Mali_G77, [0000023ED3F1AF00][0000023ED2F38580 49] Android_Mali_G77_Vulkan, [0000023ED3F38E00][0000023ED2F3C700 49] Android_Mali_G78, [0000023ED3F1B100][0000023ED2F40880 49] Android_Mali_G78_Vulkan, [0000023ED3F38800][0000023ED2F44A00 49] Android_Mali_G710, [0000023ED3F1AC00][0000023ED2F48B80 49] Android_Mali_G710_Vulkan, [0000023ED3F3BC00][0000023ED2F4CD00 49] Android_Vulkan_SM5, [0000023ED3F1B500][0000023ED2F08E40 49] Android_PowerVR_G6xxx, [0000023ED3F39F00][0000023ED2F50F80 49] Android_PowerVR_GT7xxx, [0000023ED3F19D00][0000023ED2F550C0 49] Android_PowerVR_GE8xxx, [0000023ED3F3B300][0000023ED2B95240 49] Android_PowerVR_GM9xxx, [0000023ED3F18800][0000023ED2B993C0 49] Android_PowerVR_GM9xxx_Vulkan, [0000023ED3F3B700][0000023ED2B9D540 49] Android_TegraK1, [0000023ED3F19200][0000023ED2BA16C0 49] Android_Unknown_Vulkan, [0000023ED3F3A900][0000023ED2BA5840 49] Lumin, [0000023ED3F1B700][0000023ED2BA99C0 49] Lumin_Desktop, [0000023ED3F3AE00][0000023ED2BADB40 49] HoloLens, 
[2023.09.14-10.12.31:223][  0]LogMeshReduction: Using QuadricMeshReduction for automatic static mesh reduction
[2023.09.14-10.12.31:223][  0]LogMeshReduction: Using SimplygonMeshReduction for automatic skeletal mesh reduction
[2023.09.14-10.12.31:223][  0]LogMeshReduction: Using ProxyLODMeshReduction for automatic mesh merging
[2023.09.14-10.12.31:223][  0]LogMeshReduction: No distributed automatic mesh merging module available
[2023.09.14-10.12.31:223][  0]LogMeshMerging: No distributed automatic mesh merging module available
[2023.09.14-10.12.31:240][  0]LogNetVersion: Zombone 1.0.0, NetCL: 17155196, EngineNetVer: 17, GameNetVer: 0 (Checksum: 1748673324)
[2023.09.14-10.12.31:589][  0]LogTexture: Default maximum texture size for cubemaps generated from long-lat sources has been changed from 512 to unlimited. In order to preserve old behaiour for '/Engine/MapTemplates/Sky/DaylightAmbientCubemap.DaylightAmbientCubemap', its maximum texture size has been explicitly set to 512.
[2023.09.14-10.12.31:653][  0]LogHMD: PokeAHoleMaterial loaded successfully
[2023.09.14-10.12.31:660][  0]LogUObjectArray: 17178 objects as part of root set at end of initial load.
[2023.09.14-10.12.31:660][  0]LogUObjectAllocator: 4302048 out of 0 bytes used by permanent object pool.
[2023.09.14-10.12.31:660][  0]LogUObjectArray: CloseDisregardForGC: 0/0 objects in disregard for GC pool
[2023.09.14-10.12.31:882][  0]LogNiagaraDebuggerClient: Niagara Debugger Client Initialized | Session: 04E6D7D644E0771CAEB312B35914D5F3 | Instance: 2D645BD94D5BBBD984C992A4A926A098 (DESKTOP-J6VGNOD-21664).
[2023.09.14-10.12.32:030][  0]LogTcpMessaging: Initializing TcpMessaging bridge
[2023.09.14-10.12.32:037][  0]LogUdpMessaging: Initializing bridge on interface 0.0.0.0:0 to multicast group 230.0.0.1:6666.
[2023.09.14-10.12.32:064][  0]LogPython: Using Python 3.7.7
[2023.09.14-10.12.33:008][  0]SourceControl: Source control is disabled
[2023.09.14-10.12.33:008][  0]SourceControl: Source control is disabled
[2023.09.14-10.12.33:013][  0]SourceControl: Source control is disabled
[2023.09.14-10.12.33:017][  0]SourceControl: Source control is disabled
[2023.09.14-10.12.33:025][  0]SourceControl: Source control is disabled
[2023.09.14-10.12.33:049][  0]LogUProjectInfo: Found projects:
[2023.09.14-10.12.33:232][  0]LogOpenImageDenoise: OIDN starting up
[2023.09.14-10.12.33:260][  0]LogAndroidPermission: UAndroidPermissionCallbackProxy::GetInstance
[2023.09.14-10.12.33:278][  0]LogAudioCaptureCore: Display: No Audio Capture implementations found. Audio input will be silent.
[2023.09.14-10.12.33:278][  0]LogAudioCaptureCore: Display: No Audio Capture implementations found. Audio input will be silent.
[2023.09.14-10.12.33:565][  0]LogOcInput: OculusInput pre-init called
[2023.09.14-10.12.33:730][  0]LogCollectionManager: Loaded 0 collections in 0.000672 seconds
[2023.09.14-10.12.33:801][  0]LogFileCache: Scanning file cache for directory 'E:/Portfolio/Unreal/FPS_Game/Zombone/Saved/Collections/' took 0.00s
[2023.09.14-10.12.33:801][  0]LogFileCache: Scanning file cache for directory 'E:/Portfolio/Unreal/FPS_Game/Zombone/Content/Developers/timve/Collections/' took 0.00s
[2023.09.14-10.12.33:801][  0]LogFileCache: Scanning file cache for directory 'E:/Portfolio/Unreal/FPS_Game/Zombone/Content/Collections/' took 0.00s
[2023.09.14-10.12.33:801][  0]LogEngine: Initializing Engine...
[2023.09.14-10.12.33:928][  0]LogHMD: Optional extension XR_VARJO_quad_views is not available
[2023.09.14-10.12.33:928][  0]LogHMD: Warning: Required extension XR_EXT_eye_gaze_interaction is not available
[2023.09.14-10.12.33:928][  0]LogHMD: Could not enable all required OpenXR extensions for OpenXREyeTracker on current system. This plugin will be loaded but ignored, but will be enabled on a target platform that supports the required extension.
[2023.09.14-10.12.33:929][  0]LogHMD: Failed to get an OpenXR system, result is XR_ERROR_FORM_FACTOR_UNAVAILABLE. Please check that your runtime supports VR headsets.
[2023.09.14-10.12.33:930][  0]LogHMD: Failed to initialize OpenVR with code 110
[2023.09.14-10.12.33:930][  0]LogMagicLeap: Warning: VR disabled because ZI is not enabled.  To enable, in the editor, Edit -> Project Settings -> Plugins -> Magic Leap Plugin -> Enable Zero Iteration
[2023.09.14-10.12.33:931][  0]LogStats: UGameplayTagsManager::InitializeManager -  0.000 s
[2023.09.14-10.12.34:062][  0]LogInit: Initializing FReadOnlyCVARCache
[2023.09.14-10.12.34:073][  0]LogAIModule: Creating AISystem for world Untitled
[2023.09.14-10.12.34:079][  0]LogAudio: Display: Initializing Audio Device Manager...
[2023.09.14-10.12.34:085][  0]LogAudio: Display: Loading Default Audio Settings Objects...
[2023.09.14-10.12.34:086][  0]LogAudio: Display: No default SoundConcurrencyObject specified (or failed to load).
[2023.09.14-10.12.34:087][  0]LogAudio: Display: Audio Device Manager Initialized
[2023.09.14-10.12.34:087][  0]LogAudio: Display: Creating Audio Device:                 Id: 1, Scope: Shared, Realtime: True
[2023.09.14-10.12.34:087][  0]LogAudioMixer: Display: Audio Mixer Platform Settings:
[2023.09.14-10.12.34:087][  0]LogAudioMixer: Display: 	Sample Rate:						  48000
[2023.09.14-10.12.34:087][  0]LogAudioMixer: Display: 	Callback Buffer Frame Size Requested: 1024
[2023.09.14-10.12.34:087][  0]LogAudioMixer: Display: 	Callback Buffer Frame Size To Use:	  1024
[2023.09.14-10.12.34:087][  0]LogAudioMixer: Display: 	Number of buffers to queue:			  2
[2023.09.14-10.12.34:087][  0]LogAudioMixer: Display: 	Max Channels (voices):				  32
[2023.09.14-10.12.34:087][  0]LogAudioMixer: Display: 	Number of Async Source Workers:		  0
[2023.09.14-10.12.34:087][  0]LogAudio: Display: AudioDevice MaxSources: 32
[2023.09.14-10.12.34:088][  0]LogAudio: Display: Audio Spatialization Plugin: None (built-in).
[2023.09.14-10.12.34:088][  0]LogAudio: Display: Audio Reverb Plugin: None (built-in).
[2023.09.14-10.12.34:088][  0]LogAudio: Display: Audio Occlusion Plugin: None (built-in).
[2023.09.14-10.12.34:088][  0]LogAudioMixer: Display: Initializing audio mixer.
[2023.09.14-10.12.34:111][  0]LogAudioMixer: Display: 0: FrontLeft
[2023.09.14-10.12.34:111][  0]LogAudioMixer: Display: 1: FrontRight
[2023.09.14-10.12.34:155][  0]LogAudioMixer: Display: Using Audio Device Oortelefoon van hoofdtelefoon (Sennheiser Communication Audio)
[2023.09.14-10.12.34:157][  0]LogAudioMixer: Display: Initializing Sound Submixes...
[2023.09.14-10.12.34:159][  0]LogAudioMixer: Display: Creating Master Submix 'MasterSubmixDefault'
[2023.09.14-10.12.34:160][  0]LogAudioMixer: Display: Creating Master Submix 'MasterReverbSubmixDefault'
[2023.09.14-10.12.34:161][  0]LogAudioMixer: Display: Creating Master Submix 'MasterEQSubmixDefault'
[2023.09.14-10.12.34:161][  0]LogAudioMixer: FMixerPlatformXAudio2::StartAudioStream() called
[2023.09.14-10.12.34:161][  0]LogAudioMixer: Display: Output buffers initialized: Frames=1024, Channels=2, Samples=2048
[2023.09.14-10.12.34:163][  0]LogAudioMixer: Display: Starting AudioMixerPlatformInterface::RunInternal()
[2023.09.14-10.12.34:163][  0]LogAudioMixer: Display: FMixerPlatformXAudio2::SubmitBuffer() called for the first time
[2023.09.14-10.12.34:163][  0]LogInit: FAudioDevice initialized.
[2023.09.14-10.12.34:164][  0]LogAudio: Display: Audio Device (ID: 1) registered with world 'Untitled'.
[2023.09.14-10.12.34:164][  0]LogNetVersion: Set ProjectVersion to 1.0.0.0. Version Checksum will be recalculated on next use.
[2023.09.14-10.12.34:316][  0]LogDerivedDataCache: Saved boot cache 0.15s 99MB C:/Users/timve/AppData/Local/UnrealEngine/4.27/DerivedDataCache/Boot.ddc.
[2023.09.14-10.12.34:317][  0]LogInit: Texture streaming: Enabled
[2023.09.14-10.12.34:335][  0]LogAnalytics: Display: [UEEditor.Rocket.Release] APIServer = https://datarouter.ol.epicgames.com/. AppVersion = 4.27.2-18319896+++UE4+Release-4.27
[2023.09.14-10.12.34:340][  0]LogEngineSessionManager: EngineSessionManager initialized
[2023.09.14-10.12.34:340][  0]LogEditorSessionSummary: Verbose: Initializing EditorSessionSummaryWriter for editor session tracking
[2023.09.14-10.12.34:342][  0]LogEditorSessionSummary: EditorSessionSummaryWriter initialized
[2023.09.14-10.12.34:472][  0]LogInit: Transaction tracking system initialized
[2023.09.14-10.12.34:502][  0]BlueprintLog: New page: Editor Load
[2023.09.14-10.12.34:593][  0]LocalizationService: Localization service is disabled
[2023.09.14-10.12.34:632][  0]TimingProfiler: Initialize
[2023.09.14-10.12.34:633][  0]TimingProfiler: OnSessionChanged
[2023.09.14-10.12.34:633][  0]LoadingProfiler: Initialize
[2023.09.14-10.12.34:633][  0]LoadingProfiler: OnSessionChanged
[2023.09.14-10.12.34:633][  0]NetworkingProfiler: Initialize
[2023.09.14-10.12.34:633][  0]NetworkingProfiler: OnSessionChanged
[2023.09.14-10.12.34:633][  0]MemoryProfiler: Initialize
[2023.09.14-10.12.34:633][  0]MemoryProfiler: OnSessionChanged
[2023.09.14-10.12.34:851][  0]LogCook: Display: CookSettings for Memory: MemoryMaxUsedVirtual 0MiB, MemoryMaxUsedPhysical 16384MiB, MemoryMinFreeVirtual 0MiB, MemoryMinFreePhysical 1024MiB
[2023.09.14-10.12.34:851][  0]LogCook: Display: Mobile HDR setting 1
[2023.09.14-10.12.35:080][  0]LogFileCache: Scanning file cache for directory 'E:/Portfolio/Unreal/FPS_Game/Zombone/Content/' took 0.01s
[2023.09.14-10.12.35:239][  0]LogInit: Display: Engine is initialized. Leaving FEngineLoop::Init()
[2023.09.14-10.12.35:242][  0]SourceControl: Source control is disabled
[2023.09.14-10.12.35:242][  0]LogUnrealEdMisc: Loading editor; pre map load, took 8.908
[2023.09.14-10.12.35:242][  0]Cmd: MAP LOAD FILE="E:/Portfolio/Unreal/FPS_Game/Zombone/Content/PalaceHall/Levels/Level_PalaceHall_Demo.umap" TEMPLATE=0 SHOWPROGRESS=1 FEATURELEVEL=3
[2023.09.14-10.12.35:242][  0]LightingResults: New page: Lighting Build
[2023.09.14-10.12.35:244][  0]LogWorld: UWorld::CleanupWorld for Untitled, bSessionEnded=true, bCleanupResources=true
[2023.09.14-10.12.35:244][  0]LogSlate: InvalidateAllWidgets triggered.  All widgets were invalidated
[2023.09.14-10.12.35:244][  0]MapCheck: New page: Map Check
[2023.09.14-10.12.35:244][  0]LightingResults: New page: Lighting Build
[2023.09.14-10.12.35:250][  0]LogAudio: Display: Audio Device unregistered from world 'None'.
[2023.09.14-10.12.35:254][  0]LogUObjectHash: Compacting FUObjectHashTables data took   0.88ms
[2023.09.14-10.12.35:847][  0]LogAudio: Display: Audio Device (ID: 1) registered with world 'Level_PalaceHall_Demo'.
[2023.09.14-10.12.35:848][  0]LogAIModule: Creating AISystem for world Level_PalaceHall_Demo
[2023.09.14-10.12.35:905][  0]LogEditorServer: Finished looking for orphan Actors (0.000 secs)
[2023.09.14-10.12.35:964][  0]LogUObjectHash: Compacting FUObjectHashTables data took   0.98ms
[2023.09.14-10.12.35:965][  0]Cmd: MAP CHECKDEP NOCLEARLOG
[2023.09.14-10.12.35:966][  0]MapCheck: Map check complete: 0 Error(s), 0 Warning(s), took 0,39ms to complete.
[2023.09.14-10.12.35:966][  0]LogFileHelpers: Loading map 'Level_PalaceHall_Demo' took 0.724
[2023.09.14-10.12.35:968][  0]LogUnrealEdMisc: Total Editor Startup Time, took 9.635
[2023.09.14-10.12.36:116][  0]LogSlate: Updating window title bar state: overlay mode, drag disabled, window buttons hidden, title bar hidden
[2023.09.14-10.12.36:123][  0]LogSlate: Updating window title bar state: overlay mode, drag disabled, window buttons hidden, title bar hidden
[2023.09.14-10.12.36:129][  0]LogSlate: Updating window title bar state: overlay mode, drag disabled, window buttons hidden, title bar hidden
[2023.09.14-10.12.36:136][  0]LogSlate: Updating window title bar state: overlay mode, drag disabled, window buttons hidden, title bar hidden
[2023.09.14-10.12.36:150][  0]LogNativeClassHierarchy: Verbose: Native class hierarchy populated in 0.0096 seconds. Added 3830 classes and 930 folders.
[2023.09.14-10.12.36:152][  0]LogNativeClassHierarchy: Verbose: Native class hierarchy updated for 'WidgetCarousel' in 0.0003 seconds. Added 0 classes and 0 folders.
[2023.09.14-10.12.36:154][  0]LogPakFile: PakFile PrimaryIndexSize=187
[2023.09.14-10.12.36:154][  0]LogPakFile: PakFile PathHashIndexSize=101
[2023.09.14-10.12.36:154][  0]LogPakFile: PakFile FullDirectoryIndexSize=148
[2023.09.14-10.12.36:154][  0]LogShaderLibrary: Display: ShaderCodeLibraryPakFileMountedCallback: PakFile 'D:/Epic Games/UE_4.27/FeaturePacks/FP_FirstPerson.upack' (chunk index -1, root 'root:/') mounted
[2023.09.14-10.12.36:154][  0]LogShaderLibrary: Display: ShaderCodeLibraryPakFileMountedCallback: pending pak file info (ChunkID:-1 Root:root:/ File:D:/Epic Games/UE_4.27/FeaturePacks/FP_FirstPerson.upack)
[2023.09.14-10.12.36:154][  0]LogPakFile: OnPakFileMounted2Time == 0.000232
[2023.09.14-10.12.36:155][  0]LogPakFile: PakFile PrimaryIndexSize=189
[2023.09.14-10.12.36:155][  0]LogPakFile: PakFile PathHashIndexSize=101
[2023.09.14-10.12.36:155][  0]LogPakFile: PakFile FullDirectoryIndexSize=152
[2023.09.14-10.12.36:155][  0]LogShaderLibrary: Display: ShaderCodeLibraryPakFileMountedCallback: PakFile 'D:/Epic Games/UE_4.27/FeaturePacks/FP_FirstPersonBP.upack' (chunk index -1, root 'root:/') mounted
[2023.09.14-10.12.36:155][  0]LogShaderLibrary: Display: ShaderCodeLibraryPakFileMountedCallback: pending pak file info (ChunkID:-1 Root:root:/ File:D:/Epic Games/UE_4.27/FeaturePacks/FP_FirstPersonBP.upack)
[2023.09.14-10.12.36:155][  0]LogPakFile: OnPakFileMounted2Time == 0.000128
[2023.09.14-10.12.36:156][  0]LogPakFile: PakFile PrimaryIndexSize=191
[2023.09.14-10.12.36:156][  0]LogPakFile: PakFile PathHashIndexSize=101
[2023.09.14-10.12.36:156][  0]LogPakFile: PakFile FullDirectoryIndexSize=160
[2023.09.14-10.12.36:156][  0]LogShaderLibrary: Display: ShaderCodeLibraryPakFileMountedCallback: PakFile 'D:/Epic Games/UE_4.27/FeaturePacks/MobileStarterContent.upack' (chunk index -1, root 'root:/') mounted
[2023.09.14-10.12.36:156][  0]LogShaderLibrary: Display: ShaderCodeLibraryPakFileMountedCallback: pending pak file info (ChunkID:-1 Root:root:/ File:D:/Epic Games/UE_4.27/FeaturePacks/MobileStarterContent.upack)
[2023.09.14-10.12.36:156][  0]LogPakFile: OnPakFileMounted2Time == 0.000302
[2023.09.14-10.12.36:157][  0]LogPakFile: PakFile PrimaryIndexSize=185
[2023.09.14-10.12.36:157][  0]LogPakFile: PakFile PathHashIndexSize=101
[2023.09.14-10.12.36:157][  0]LogPakFile: PakFile FullDirectoryIndexSize=148
[2023.09.14-10.12.36:157][  0]LogShaderLibrary: Display: ShaderCodeLibraryPakFileMountedCallback: PakFile 'D:/Epic Games/UE_4.27/FeaturePacks/StarterContent.upack' (chunk index -1, root 'root:/') mounted
[2023.09.14-10.12.36:157][  0]LogShaderLibrary: Display: ShaderCodeLibraryPakFileMountedCallback: pending pak file info (ChunkID:-1 Root:root:/ File:D:/Epic Games/UE_4.27/FeaturePacks/StarterContent.upack)
[2023.09.14-10.12.36:157][  0]LogPakFile: OnPakFileMounted2Time == 0.000200
[2023.09.14-10.12.36:158][  0]LogPakFile: PakFile PrimaryIndexSize=190
[2023.09.14-10.12.36:158][  0]LogPakFile: PakFile PathHashIndexSize=101
[2023.09.14-10.12.36:158][  0]LogPakFile: PakFile FullDirectoryIndexSize=154
[2023.09.14-10.12.36:158][  0]LogShaderLibrary: Display: ShaderCodeLibraryPakFileMountedCallback: PakFile 'D:/Epic Games/UE_4.27/FeaturePacks/TP_2DSideScroller.upack' (chunk index -1, root 'root:/') mounted
[2023.09.14-10.12.36:158][  0]LogShaderLibrary: Display: ShaderCodeLibraryPakFileMountedCallback: pending pak file info (ChunkID:-1 Root:root:/ File:D:/Epic Games/UE_4.27/FeaturePacks/TP_2DSideScroller.upack)
[2023.09.14-10.12.36:158][  0]LogPakFile: OnPakFileMounted2Time == 0.000134
[2023.09.14-10.12.36:159][  0]LogPakFile: PakFile PrimaryIndexSize=192
[2023.09.14-10.12.36:159][  0]LogPakFile: PakFile PathHashIndexSize=101
[2023.09.14-10.12.36:159][  0]LogPakFile: PakFile FullDirectoryIndexSize=158
[2023.09.14-10.12.36:159][  0]LogShaderLibrary: Display: ShaderCodeLibraryPakFileMountedCallback: PakFile 'D:/Epic Games/UE_4.27/FeaturePacks/TP_2DSideScrollerBP.upack' (chunk index -1, root 'root:/') mounted
[2023.09.14-10.12.36:159][  0]LogShaderLibrary: Display: ShaderCodeLibraryPakFileMountedCallback: pending pak file info (ChunkID:-1 Root:root:/ File:D:/Epic Games/UE_4.27/FeaturePacks/TP_2DSideScrollerBP.upack)
[2023.09.14-10.12.36:159][  0]LogPakFile: OnPakFileMounted2Time == 0.000122
[2023.09.14-10.12.36:160][  0]LogPakFile: PakFile PrimaryIndexSize=182
[2023.09.14-10.12.36:160][  0]LogPakFile: PakFile PathHashIndexSize=101
[2023.09.14-10.12.36:160][  0]LogPakFile: PakFile FullDirectoryIndexSize=138
[2023.09.14-10.12.36:160][  0]LogShaderLibrary: Display: ShaderCodeLibraryPakFileMountedCallback: PakFile 'D:/Epic Games/UE_4.27/FeaturePacks/TP_Flying.upack' (chunk index -1, root 'root:/') mounted
[2023.09.14-10.12.36:160][  0]LogShaderLibrary: Display: ShaderCodeLibraryPakFileMountedCallback: pending pak file info (ChunkID:-1 Root:root:/ File:D:/Epic Games/UE_4.27/FeaturePacks/TP_Flying.upack)
[2023.09.14-10.12.36:160][  0]LogPakFile: OnPakFileMounted2Time == 0.000129
[2023.09.14-10.12.36:161][  0]LogPakFile: PakFile PrimaryIndexSize=184
[2023.09.14-10.12.36:161][  0]LogPakFile: PakFile PathHashIndexSize=101
[2023.09.14-10.12.36:161][  0]LogPakFile: PakFile FullDirectoryIndexSize=142
[2023.09.14-10.12.36:161][  0]LogShaderLibrary: Display: ShaderCodeLibraryPakFileMountedCallback: PakFile 'D:/Epic Games/UE_4.27/FeaturePacks/TP_FlyingBP.upack' (chunk index -1, root 'root:/') mounted
[2023.09.14-10.12.36:161][  0]LogShaderLibrary: Display: ShaderCodeLibraryPakFileMountedCallback: pending pak file info (ChunkID:-1 Root:root:/ File:D:/Epic Games/UE_4.27/FeaturePacks/TP_FlyingBP.upack)
[2023.09.14-10.12.36:161][  0]LogPakFile: OnPakFileMounted2Time == 0.000155
[2023.09.14-10.12.36:162][  0]LogPakFile: PakFile PrimaryIndexSize=188
[2023.09.14-10.12.36:162][  0]LogPakFile: PakFile PathHashIndexSize=101
[2023.09.14-10.12.36:162][  0]LogPakFile: PakFile FullDirectoryIndexSize=150
[2023.09.14-10.12.36:162][  0]LogShaderLibrary: Display: ShaderCodeLibraryPakFileMountedCallback: PakFile 'D:/Epic Games/UE_4.27/FeaturePacks/TP_HandheldARBP.upack' (chunk index -1, root 'root:/') mounted
[2023.09.14-10.12.36:162][  0]LogShaderLibrary: Display: ShaderCodeLibraryPakFileMountedCallback: pending pak file info (ChunkID:-1 Root:root:/ File:D:/Epic Games/UE_4.27/FeaturePacks/TP_HandheldARBP.upack)
[2023.09.14-10.12.36:162][  0]LogPakFile: OnPakFileMounted2Time == 0.000137
[2023.09.14-10.12.36:163][  0]LogPakFile: PakFile PrimaryIndexSize=182
[2023.09.14-10.12.36:163][  0]LogPakFile: PakFile PathHashIndexSize=101
[2023.09.14-10.12.36:163][  0]LogPakFile: PakFile FullDirectoryIndexSize=138
[2023.09.14-10.12.36:163][  0]LogShaderLibrary: Display: ShaderCodeLibraryPakFileMountedCallback: PakFile 'D:/Epic Games/UE_4.27/FeaturePacks/TP_Puzzle.upack' (chunk index -1, root 'root:/') mounted
[2023.09.14-10.12.36:163][  0]LogShaderLibrary: Display: ShaderCodeLibraryPakFileMountedCallback: pending pak file info (ChunkID:-1 Root:root:/ File:D:/Epic Games/UE_4.27/FeaturePacks/TP_Puzzle.upack)
[2023.09.14-10.12.36:163][  0]LogPakFile: OnPakFileMounted2Time == 0.000123
[2023.09.14-10.12.36:163][  0]LogPakFile: PakFile PrimaryIndexSize=184
[2023.09.14-10.12.36:164][  0]LogPakFile: PakFile PathHashIndexSize=101
[2023.09.14-10.12.36:164][  0]LogPakFile: PakFile FullDirectoryIndexSize=142
[2023.09.14-10.12.36:164][  0]LogShaderLibrary: Display: ShaderCodeLibraryPakFileMountedCallback: PakFile 'D:/Epic Games/UE_4.27/FeaturePacks/TP_PuzzleBP.upack' (chunk index -1, root 'root:/') mounted
[2023.09.14-10.12.36:164][  0]LogShaderLibrary: Display: ShaderCodeLibraryPakFileMountedCallback: pending pak file info (ChunkID:-1 Root:root:/ File:D:/Epic Games/UE_4.27/FeaturePacks/TP_PuzzleBP.upack)
[2023.09.14-10.12.36:164][  0]LogPakFile: OnPakFileMounted2Time == 0.000157
[2023.09.14-10.12.36:164][  0]LogPakFile: PakFile PrimaryIndexSize=183
[2023.09.14-10.12.36:164][  0]LogPakFile: PakFile PathHashIndexSize=101
[2023.09.14-10.12.36:164][  0]LogPakFile: PakFile FullDirectoryIndexSize=140
[2023.09.14-10.12.36:165][  0]LogShaderLibrary: Display: ShaderCodeLibraryPakFileMountedCallback: PakFile 'D:/Epic Games/UE_4.27/FeaturePacks/TP_Rolling.upack' (chunk index -1, root 'root:/') mounted
[2023.09.14-10.12.36:165][  0]LogShaderLibrary: Display: ShaderCodeLibraryPakFileMountedCallback: pending pak file info (ChunkID:-1 Root:root:/ File:D:/Epic Games/UE_4.27/FeaturePacks/TP_Rolling.upack)
[2023.09.14-10.12.36:165][  0]LogPakFile: OnPakFileMounted2Time == 0.000198
[2023.09.14-10.12.36:165][  0]LogPakFile: PakFile PrimaryIndexSize=185
[2023.09.14-10.12.36:165][  0]LogPakFile: PakFile PathHashIndexSize=101
[2023.09.14-10.12.36:165][  0]LogPakFile: PakFile FullDirectoryIndexSize=144
[2023.09.14-10.12.36:166][  0]LogShaderLibrary: Display: ShaderCodeLibraryPakFileMountedCallback: PakFile 'D:/Epic Games/UE_4.27/FeaturePacks/TP_RollingBP.upack' (chunk index -1, root 'root:/') mounted
[2023.09.14-10.12.36:166][  0]LogShaderLibrary: Display: ShaderCodeLibraryPakFileMountedCallback: pending pak file info (ChunkID:-1 Root:root:/ File:D:/Epic Games/UE_4.27/FeaturePacks/TP_RollingBP.upack)
[2023.09.14-10.12.36:166][  0]LogPakFile: OnPakFileMounted2Time == 0.000216
[2023.09.14-10.12.36:166][  0]LogPakFile: PakFile PrimaryIndexSize=188
[2023.09.14-10.12.36:166][  0]LogPakFile: PakFile PathHashIndexSize=101
[2023.09.14-10.12.36:167][  0]LogPakFile: PakFile FullDirectoryIndexSize=150
[2023.09.14-10.12.36:167][  0]LogShaderLibrary: Display: ShaderCodeLibraryPakFileMountedCallback: PakFile 'D:/Epic Games/UE_4.27/FeaturePacks/TP_SideScroller.upack' (chunk index -1, root 'root:/') mounted
[2023.09.14-10.12.36:167][  0]LogShaderLibrary: Display: ShaderCodeLibraryPakFileMountedCallback: pending pak file info (ChunkID:-1 Root:root:/ File:D:/Epic Games/UE_4.27/FeaturePacks/TP_SideScroller.upack)
[2023.09.14-10.12.36:167][  0]LogPakFile: OnPakFileMounted2Time == 0.000160
[2023.09.14-10.12.36:167][  0]LogPakFile: PakFile PrimaryIndexSize=190
[2023.09.14-10.12.36:167][  0]LogPakFile: PakFile PathHashIndexSize=101
[2023.09.14-10.12.36:167][  0]LogPakFile: PakFile FullDirectoryIndexSize=154
[2023.09.14-10.12.36:168][  0]LogShaderLibrary: Display: ShaderCodeLibraryPakFileMountedCallback: PakFile 'D:/Epic Games/UE_4.27/FeaturePacks/TP_SideScrollerBP.upack' (chunk index -1, root 'root:/') mounted
[2023.09.14-10.12.36:168][  0]LogShaderLibrary: Display: ShaderCodeLibraryPakFileMountedCallback: pending pak file info (ChunkID:-1 Root:root:/ File:D:/Epic Games/UE_4.27/FeaturePacks/TP_SideScrollerBP.upack)
[2023.09.14-10.12.36:168][  0]LogPakFile: OnPakFileMounted2Time == 0.000151
[2023.09.14-10.12.36:168][  0]LogPakFile: PakFile PrimaryIndexSize=187
[2023.09.14-10.12.36:168][  0]LogPakFile: PakFile PathHashIndexSize=101
[2023.09.14-10.12.36:168][  0]LogPakFile: PakFile FullDirectoryIndexSize=148
[2023.09.14-10.12.36:168][  0]LogShaderLibrary: Display: ShaderCodeLibraryPakFileMountedCallback: PakFile 'D:/Epic Games/UE_4.27/FeaturePacks/TP_ThirdPerson.upack' (chunk index -1, root 'root:/') mounted
[2023.09.14-10.12.36:168][  0]LogShaderLibrary: Display: ShaderCodeLibraryPakFileMountedCallback: pending pak file info (ChunkID:-1 Root:root:/ File:D:/Epic Games/UE_4.27/FeaturePacks/TP_ThirdPerson.upack)
[2023.09.14-10.12.36:169][  0]LogPakFile: OnPakFileMounted2Time == 0.000136
[2023.09.14-10.12.36:169][  0]LogPakFile: PakFile PrimaryIndexSize=189
[2023.09.14-10.12.36:169][  0]LogPakFile: PakFile PathHashIndexSize=101
[2023.09.14-10.12.36:169][  0]LogPakFile: PakFile FullDirectoryIndexSize=152
[2023.09.14-10.12.36:169][  0]LogShaderLibrary: Display: ShaderCodeLibraryPakFileMountedCallback: PakFile 'D:/Epic Games/UE_4.27/FeaturePacks/TP_ThirdPersonBP.upack' (chunk index -1, root 'root:/') mounted
[2023.09.14-10.12.36:169][  0]LogShaderLibrary: Display: ShaderCodeLibraryPakFileMountedCallback: pending pak file info (ChunkID:-1 Root:root:/ File:D:/Epic Games/UE_4.27/FeaturePacks/TP_ThirdPersonBP.upack)
[2023.09.14-10.12.36:170][  0]LogPakFile: OnPakFileMounted2Time == 0.000156
[2023.09.14-10.12.36:170][  0]LogPakFile: PakFile PrimaryIndexSize=183
[2023.09.14-10.12.36:170][  0]LogPakFile: PakFile PathHashIndexSize=101
[2023.09.14-10.12.36:170][  0]LogPakFile: PakFile FullDirectoryIndexSize=140
[2023.09.14-10.12.36:170][  0]LogShaderLibrary: Display: ShaderCodeLibraryPakFileMountedCallback: PakFile 'D:/Epic Games/UE_4.27/FeaturePacks/TP_TopDown.upack' (chunk index -1, root 'root:/') mounted
[2023.09.14-10.12.36:171][  0]LogShaderLibrary: Display: ShaderCodeLibraryPakFileMountedCallback: pending pak file info (ChunkID:-1 Root:root:/ File:D:/Epic Games/UE_4.27/FeaturePacks/TP_TopDown.upack)
[2023.09.14-10.12.36:171][  0]LogPakFile: OnPakFileMounted2Time == 0.000200
[2023.09.14-10.12.36:171][  0]LogPakFile: PakFile PrimaryIndexSize=185
[2023.09.14-10.12.36:171][  0]LogPakFile: PakFile PathHashIndexSize=101
[2023.09.14-10.12.36:171][  0]LogPakFile: PakFile FullDirectoryIndexSize=144
[2023.09.14-10.12.36:171][  0]LogShaderLibrary: Display: ShaderCodeLibraryPakFileMountedCallback: PakFile 'D:/Epic Games/UE_4.27/FeaturePacks/TP_TopDownBP.upack' (chunk index -1, root 'root:/') mounted
[2023.09.14-10.12.36:171][  0]LogShaderLibrary: Display: ShaderCodeLibraryPakFileMountedCallback: pending pak file info (ChunkID:-1 Root:root:/ File:D:/Epic Games/UE_4.27/FeaturePacks/TP_TopDownBP.upack)
[2023.09.14-10.12.36:172][  0]LogPakFile: OnPakFileMounted2Time == 0.000194
[2023.09.14-10.12.36:172][  0]LogPakFile: PakFile PrimaryIndexSize=185
[2023.09.14-10.12.36:172][  0]LogPakFile: PakFile PathHashIndexSize=101
[2023.09.14-10.12.36:172][  0]LogPakFile: PakFile FullDirectoryIndexSize=144
[2023.09.14-10.12.36:172][  0]LogShaderLibrary: Display: ShaderCodeLibraryPakFileMountedCallback: PakFile 'D:/Epic Games/UE_4.27/FeaturePacks/TP_TwinStick.upack' (chunk index -1, root 'root:/') mounted
[2023.09.14-10.12.36:172][  0]LogShaderLibrary: Display: ShaderCodeLibraryPakFileMountedCallback: pending pak file info (ChunkID:-1 Root:root:/ File:D:/Epic Games/UE_4.27/FeaturePacks/TP_TwinStick.upack)
[2023.09.14-10.12.36:173][  0]LogPakFile: OnPakFileMounted2Time == 0.000170
[2023.09.14-10.12.36:173][  0]LogPakFile: PakFile PrimaryIndexSize=187
[2023.09.14-10.12.36:173][  0]LogPakFile: PakFile PathHashIndexSize=101
[2023.09.14-10.12.36:173][  0]LogPakFile: PakFile FullDirectoryIndexSize=148
[2023.09.14-10.12.36:173][  0]LogShaderLibrary: Display: ShaderCodeLibraryPakFileMountedCallback: PakFile 'D:/Epic Games/UE_4.27/FeaturePacks/TP_TwinStickBP.upack' (chunk index -1, root 'root:/') mounted
[2023.09.14-10.12.36:173][  0]LogShaderLibrary: Display: ShaderCodeLibraryPakFileMountedCallback: pending pak file info (ChunkID:-1 Root:root:/ File:D:/Epic Games/UE_4.27/FeaturePacks/TP_TwinStickBP.upack)
[2023.09.14-10.12.36:174][  0]LogPakFile: OnPakFileMounted2Time == 0.000187
[2023.09.14-10.12.36:174][  0]LogPakFile: PakFile PrimaryIndexSize=183
[2023.09.14-10.12.36:174][  0]LogPakFile: PakFile PathHashIndexSize=101
[2023.09.14-10.12.36:174][  0]LogPakFile: PakFile FullDirectoryIndexSize=140
[2023.09.14-10.12.36:174][  0]LogShaderLibrary: Display: ShaderCodeLibraryPakFileMountedCallback: PakFile 'D:/Epic Games/UE_4.27/FeaturePacks/TP_Vehicle.upack' (chunk index -1, root 'root:/') mounted
[2023.09.14-10.12.36:175][  0]LogShaderLibrary: Display: ShaderCodeLibraryPakFileMountedCallback: pending pak file info (ChunkID:-1 Root:root:/ File:D:/Epic Games/UE_4.27/FeaturePacks/TP_Vehicle.upack)
[2023.09.14-10.12.36:175][  0]LogPakFile: OnPakFileMounted2Time == 0.000156
[2023.09.14-10.12.36:175][  0]LogPakFile: PakFile PrimaryIndexSize=186
[2023.09.14-10.12.36:175][  0]LogPakFile: PakFile PathHashIndexSize=101
[2023.09.14-10.12.36:175][  0]LogPakFile: PakFile FullDirectoryIndexSize=146
[2023.09.14-10.12.36:175][  0]LogShaderLibrary: Display: ShaderCodeLibraryPakFileMountedCallback: PakFile 'D:/Epic Games/UE_4.27/FeaturePacks/TP_VehicleAdv.upack' (chunk index -1, root 'root:/') mounted
[2023.09.14-10.12.36:176][  0]LogShaderLibrary: Display: ShaderCodeLibraryPakFileMountedCallback: pending pak file info (ChunkID:-1 Root:root:/ File:D:/Epic Games/UE_4.27/FeaturePacks/TP_VehicleAdv.upack)
[2023.09.14-10.12.36:176][  0]LogPakFile: OnPakFileMounted2Time == 0.000171
[2023.09.14-10.12.36:176][  0]LogPakFile: PakFile PrimaryIndexSize=188
[2023.09.14-10.12.36:176][  0]LogPakFile: PakFile PathHashIndexSize=101
[2023.09.14-10.12.36:176][  0]LogPakFile: PakFile FullDirectoryIndexSize=150
[2023.09.14-10.12.36:176][  0]LogShaderLibrary: Display: ShaderCodeLibraryPakFileMountedCallback: PakFile 'D:/Epic Games/UE_4.27/FeaturePacks/TP_VehicleAdvBP.upack' (chunk index -1, root 'root:/') mounted
[2023.09.14-10.12.36:176][  0]LogShaderLibrary: Display: ShaderCodeLibraryPakFileMountedCallback: pending pak file info (ChunkID:-1 Root:root:/ File:D:/Epic Games/UE_4.27/FeaturePacks/TP_VehicleAdvBP.upack)
[2023.09.14-10.12.36:177][  0]LogPakFile: OnPakFileMounted2Time == 0.000229
[2023.09.14-10.12.36:177][  0]LogPakFile: PakFile PrimaryIndexSize=185
[2023.09.14-10.12.36:177][  0]LogPakFile: PakFile PathHashIndexSize=101
[2023.09.14-10.12.36:177][  0]LogPakFile: PakFile FullDirectoryIndexSize=144
[2023.09.14-10.12.36:177][  0]LogShaderLibrary: Display: ShaderCodeLibraryPakFileMountedCallback: PakFile 'D:/Epic Games/UE_4.27/FeaturePacks/TP_VehicleBP.upack' (chunk index -1, root 'root:/') mounted
[2023.09.14-10.12.36:178][  0]LogShaderLibrary: Display: ShaderCodeLibraryPakFileMountedCallback: pending pak file info (ChunkID:-1 Root:root:/ File:D:/Epic Games/UE_4.27/FeaturePacks/TP_VehicleBP.upack)
[2023.09.14-10.12.36:178][  0]LogPakFile: OnPakFileMounted2Time == 0.000158
[2023.09.14-10.12.36:178][  0]LogPakFile: PakFile PrimaryIndexSize=192
[2023.09.14-10.12.36:178][  0]LogPakFile: PakFile PathHashIndexSize=101
[2023.09.14-10.12.36:178][  0]LogPakFile: PakFile FullDirectoryIndexSize=158
[2023.09.14-10.12.36:178][  0]LogShaderLibrary: Display: ShaderCodeLibraryPakFileMountedCallback: PakFile 'D:/Epic Games/UE_4.27/FeaturePacks/TP_VirtualRealityBP.upack' (chunk index -1, root 'root:/') mounted
[2023.09.14-10.12.36:178][  0]LogShaderLibrary: Display: ShaderCodeLibraryPakFileMountedCallback: pending pak file info (ChunkID:-1 Root:root:/ File:D:/Epic Games/UE_4.27/FeaturePacks/TP_VirtualRealityBP.upack)
[2023.09.14-10.12.36:179][  0]LogPakFile: OnPakFileMounted2Time == 0.000207
[2023.09.14-10.12.36:206][  0]LogNativeClassHierarchy: Verbose: Native class hierarchy updated for 'AddContentDialog' in 0.0003 seconds. Added 0 classes and 0 folders.
[2023.09.14-10.12.36:207][  0]LogNativeClassHierarchy: Verbose: Native class hierarchy updated for 'SceneOutliner' in 0.0004 seconds. Added 2 classes and 0 folders.
[2023.09.14-10.12.36:559][  0]LogSlate: Only BGRA pngs, bmps or icos are supported in by External Image Picker
[2023.09.14-10.12.36:657][  0]LogSlate: Took 0.000191 seconds to synchronously load lazily loaded font '../../../Engine/Content/Slate/Fonts/Roboto-Regular.ttf' (155K)
[2023.09.14-10.12.36:659][  0]LogSlate: Took 0.000171 seconds to synchronously load lazily loaded font '../../../Engine/Content/Editor/Slate/Fonts/FontAwesome.ttf' (139K)
[2023.09.14-10.12.36:660][  0]LogSlate: Took 0.000149 seconds to synchronously load lazily loaded font '../../../Engine/Content/Slate/Fonts/Roboto-Bold.ttf' (160K)
[2023.09.14-10.12.36:806][  0]LogRenderer: Reallocating scene render targets to support 1208x572 Format 10 NumSamples 1 (Frame:1).
[2023.09.14-10.12.36:874][  0]LogSlate: Took 0.000193 seconds to synchronously load lazily loaded font '../../../Engine/Content/Slate/Fonts/Roboto-Light.ttf' (167K)
[2023.09.14-10.12.36:944][  0]LogNativeClassHierarchy: Verbose: Native class hierarchy updated for 'HierarchicalLODOutliner' in 0.0004 seconds. Added 0 classes and 0 folders.
[2023.09.14-10.12.36:944][  0]LogLoad: (Engine Initialization) Total time: 10.61 seconds
[2023.09.14-10.12.36:945][  0]LogLoad: (Engine Initialization) Total Blueprint compile time: 0.00 seconds
[2023.09.14-10.12.37:032][  0]LogContentStreaming: Texture pool size now 1000 MB
[2023.09.14-10.12.37:062][  1]LogAssetRegistry: Asset discovery search completed in 6.2290 seconds
[2023.09.14-10.12.37:069][  1]LogCollectionManager: Fixed up redirectors for 0 collections in 0.000005 seconds (updated 0 objects)
[2023.09.14-10.12.40:733][ 12]LogSlate: Took 0.000165 seconds to synchronously load lazily loaded font '../../../Engine/Content/Slate/Fonts/Roboto-Light.ttf' (167K)
[2023.09.14-10.12.40:745][ 12]LogAssetEditorSubsystem: Opening Asset editor for Blueprint /Game/FirstPersonCPP/Blueprints/FirstPersonCharacter.FirstPersonCharacter
[2023.09.14-10.12.40:948][ 12]LogNativeClassHierarchy: Verbose: Native class hierarchy updated for 'BlueprintGraph' in 0.0006 seconds. Added 126 classes and 0 folders.
[2023.09.14-10.12.41:748][ 12]LogSlate: Took 0.000221 seconds to synchronously load lazily loaded font '../../../Engine/Content/Slate/Fonts/Roboto-BoldCondensed.ttf' (158K)
[2023.09.14-10.12.41:814][ 13]LogSlate: Took 0.000193 seconds to synchronously load lazily loaded font '../../../Engine/Content/Slate/Fonts/Roboto-Italic.ttf' (157K)
[2023.09.14-10.12.43:420][151]LogSlate: Window 'FirstPersonCharacter' being destroyed
[2023.09.14-10.12.46:265][411]LogEditorClassViewer: Warning: Class /Engine/Tutorial/InWorldBlueprintEditing/TutorialAssets/IWBE_Blutility.IWBE_Blutility_C has parent /Script/Blutility.PlacedEditorUtilityBase, but this parent is not found. The Class will not be shown in ClassViewer.
[2023.09.14-10.13.09:986][ 10]BlueprintLog: New page: Compile FirstPersonCharacter
[2023.09.14-10.13.10:054][ 10]LogUObjectHash: Compacting FUObjectHashTables data took   2.32ms
[2023.09.14-10.13.10:883][ 99]LogUObjectHash: Compacting FUObjectHashTables data took   1.97ms
[2023.09.14-10.13.10:918][ 99]LogUObjectHash: Compacting FUObjectHashTables data took   0.59ms
[2023.09.14-10.13.59:103][ 99]LogSavePackage: Moving 'E:/Portfolio/Unreal/FPS_Game/Zombone/Saved/Level_PalaceHall_DemoBB36B1D54DDA31BB1C1574B6FCEA6E96.tmp' to 'E:/Portfolio/Unreal/FPS_Game/Zombone/Content/PalaceHall/Levels/Level_PalaceHall_Demo.umap'
[2023.09.14-10.13.59:145][ 99]LogFileHelpers: Saving map 'Level_PalaceHall_Demo' took 48.250
[2023.09.14-10.13.59:207][ 99]Cmd: OBJ SAVEPACKAGE PACKAGE="/Game/FirstPersonCPP/Blueprints/FirstPersonCharacter" FILE="E:/Portfolio/Unreal/FPS_Game/Zombone/Content/FirstPersonCPP/Blueprints/FirstPersonCharacter.uasset" SILENT=true
[2023.09.14-10.13.59:480][ 99]LogSavePackage: Moving 'E:/Portfolio/Unreal/FPS_Game/Zombone/Saved/FirstPersonCharacter1A12FBCE4BDCAB1BB832F99FFEDD97C9.tmp' to 'E:/Portfolio/Unreal/FPS_Game/Zombone/Content/FirstPersonCPP/Blueprints/FirstPersonCharacter.uasset'
[2023.09.14-10.13.59:506][ 99]AssetCheck: New page: Asset Save: multiple assets
[2023.09.14-10.13.59:506][ 99]LogContentValidation: Display: Validating Blueprint /Game/FirstPersonCPP/Blueprints/FirstPersonCharacter.FirstPersonCharacter
[2023.09.14-10.13.59:507][ 99]LogContentValidation: Display: Validating World /Game/PalaceHall/Levels/Level_PalaceHall_Demo.Level_PalaceHall_Demo
[2023.09.14-10.14.43:956][650]BlueprintLog: New page: Compile FirstPersonCharacter
[2023.09.14-10.14.44:001][650]LogUObjectHash: Compacting FUObjectHashTables data took   2.15ms
[2023.09.14-10.14.44:230][670]LogUObjectHash: Compacting FUObjectHashTables data took   2.10ms
[2023.09.14-10.14.44:263][670]LogUObjectHash: Compacting FUObjectHashTables data took   0.58ms
[2023.09.14-10.15.32:248][670]LogSavePackage: Moving 'E:/Portfolio/Unreal/FPS_Game/Zombone/Saved/Level_PalaceHall_Demo331EEE2542B0C49CD75BAAA54D16B706.tmp' to 'E:/Portfolio/Unreal/FPS_Game/Zombone/Content/PalaceHall/Levels/Level_PalaceHall_Demo.umap'
[2023.09.14-10.15.32:293][670]LogFileHelpers: Saving map 'Level_PalaceHall_Demo' took 48.051
[2023.09.14-10.15.32:324][670]Cmd: OBJ SAVEPACKAGE PACKAGE="/Game/FirstPersonCPP/Blueprints/FirstPersonCharacter" FILE="E:/Portfolio/Unreal/FPS_Game/Zombone/Content/FirstPersonCPP/Blueprints/FirstPersonCharacter.uasset" SILENT=true
[2023.09.14-10.15.32:585][670]LogSavePackage: Moving 'E:/Portfolio/Unreal/FPS_Game/Zombone/Saved/FirstPersonCharacter5DBDC6694A71B96D738F67938F34AFAF.tmp' to 'E:/Portfolio/Unreal/FPS_Game/Zombone/Content/FirstPersonCPP/Blueprints/FirstPersonCharacter.uasset'
[2023.09.14-10.15.32:619][670]AssetCheck: New page: Asset Save: multiple assets
[2023.09.14-10.15.32:620][670]LogContentValidation: Display: Validating Blueprint /Game/FirstPersonCPP/Blueprints/FirstPersonCharacter.FirstPersonCharacter
[2023.09.14-10.15.32:620][670]LogContentValidation: Display: Validating World /Game/PalaceHall/Levels/Level_PalaceHall_Demo.Level_PalaceHall_Demo
