Log file open, 09/14/23 11:54:37
LogWindows: Failed to load 'aqProf.dll' (GetLastError=126)
LogWindows: File 'aqProf.dll' does not exist
LogWindows: Failed to load 'VtuneApi.dll' (GetLastError=126)
LogWindows: File 'VtuneApi.dll' does not exist
LogWindows: Failed to load 'VtuneApi32e.dll' (GetLastError=126)
LogWindows: File 'VtuneApi32e.dll' does not exist
LogConsoleResponse: Display: Failed to find resolution value strings in scalability ini. Falling back to default.
LogConsoleResponse: Display: Failed to find resolution value strings in scalability ini. Falling back to default.
LogInit: Display: Running engine for game: Zombone
LogPlatformFile: Not using cached read wrapper
LogTaskGraph: Started task graph with 5 named threads and 35 total threads with 3 sets of task threads.
LogStats: Stats thread started at 0.346237
LogICUInternationalization: ICU TimeZone Detection - Raw Offset: +1:00, Platform Override: ''
LogInit: Display: Loading text-based GConfig....
LogPluginManager: Mounting plugin XGEController
LogPluginManager: Mounting plugin MeshPainting
LogPluginManager: Mounting plugin AISupport
LogPluginManager: Mounting plugin Paper2D
LogPluginManager: Mounting plugin LightPropagationVolume
LogPluginManager: Mounting plugin EnvironmentQueryEditor
LogPluginManager: Mounting plugin LiveLink
LogPluginManager: Mounting plugin GameplayCameras
LogPluginManager: Mounting plugin CameraShakePreviewer
LogPluginManager: Mounting plugin OodleData
LogPluginManager: Mounting plugin OodleNetwork
LogPluginManager: Mounting plugin AssetManagerEditor
LogPluginManager: Mounting plugin CryptoKeys
LogPluginManager: Mounting plugin CurveEditorTools
LogPluginManager: Mounting plugin DataValidation
LogPluginManager: Mounting plugin FacialAnimation
LogPluginManager: Mounting plugin GameplayTagsEditor
LogPluginManager: Mounting plugin GeometryMode
LogPluginManager: Mounting plugin MacGraphicsSwitching
LogPluginManager: Mounting plugin MaterialAnalyzer
LogPluginManager: Mounting plugin MobileLauncherProfileWizard
LogPluginManager: Mounting plugin DatasmithContent
LogPluginManager: Mounting plugin SpeedTreeImporter
LogPluginManager: Mounting plugin PluginBrowser
LogPluginManager: Mounting plugin AutomationUtils
LogPluginManager: Mounting plugin BackChannel
LogPluginManager: Mounting plugin AlembicImporter
LogPluginManager: Mounting plugin ChaosCloth
LogPluginManager: Mounting plugin ChaosClothEditor
LogPluginManager: Mounting plugin ChaosEditor
LogPluginManager: Mounting plugin VariantManagerContent
LogPluginManager: Mounting plugin ChaosNiagara
LogPluginManager: Mounting plugin ChaosSolverPlugin
LogPluginManager: Mounting plugin AnimationSharing
LogPluginManager: Mounting plugin CLionSourceCodeAccess
LogPluginManager: Mounting plugin CharacterAI
LogPluginManager: Mounting plugin GeometryCache
LogPluginManager: Mounting plugin GeometryCollectionPlugin
LogPluginManager: Mounting plugin GeometryProcessing
LogPluginManager: Mounting plugin OpenImageDenoise
LogPluginManager: Mounting plugin PlanarCut
LogPluginManager: Mounting plugin ProxyLODPlugin
LogPluginManager: Mounting plugin PlatformCrypto
LogPluginManager: Mounting plugin SkeletalReduction
LogPluginManager: Mounting plugin PythonScriptPlugin
LogPluginManager: Mounting plugin LuminPlatformFeatures
LogPluginManager: Mounting plugin MagicLeap
LogPluginManager: Mounting plugin MagicLeapLightEstimation
LogPluginManager: Mounting plugin MagicLeapMedia
LogPluginManager: Mounting plugin MotoSynth
LogPluginManager: Mounting plugin AndroidMedia
LogPluginManager: Mounting plugin MLSDK
LogPluginManager: Mounting plugin MagicLeapPassableWorld
LogPluginManager: Mounting plugin AvfMedia
LogPluginManager: Mounting plugin ImgMedia
LogPluginManager: Mounting plugin MediaCompositing
LogPluginManager: Mounting plugin ActorSequence
LogPluginManager: Mounting plugin LevelSequenceEditor
LogPluginManager: Mounting plugin MatineeToLevelSequence
LogPluginManager: Mounting plugin TemplateSequence
LogPluginManager: Mounting plugin TcpMessaging
LogPluginManager: Mounting plugin UdpMessaging
LogPluginManager: Mounting plugin MediaPlayerEditor
LogPluginManager: Mounting plugin WebMMedia
LogPluginManager: Mounting plugin LauncherChunkInstaller
LogPluginManager: Mounting plugin WmfMedia
LogPluginManager: Mounting plugin ActorLayerUtilities
LogPluginManager: Mounting plugin AndroidDeviceProfileSelector
LogPluginManager: Mounting plugin AndroidMoviePlayer
LogPluginManager: Mounting plugin AndroidPermission
LogPluginManager: Mounting plugin AppleImageUtils
LogPluginManager: Mounting plugin AppleMoviePlayer
LogPluginManager: Mounting plugin AudioCapture
LogPluginManager: Mounting plugin AssetTags
LogPluginManager: Mounting plugin AudioSynesthesia
LogPluginManager: Mounting plugin CableComponent
LogPluginManager: Mounting plugin ChunkDownloader
LogPluginManager: Mounting plugin CustomMeshComponent
LogPluginManager: Mounting plugin EditableMesh
LogPluginManager: Mounting plugin ExampleDeviceProfileSelector
LogPluginManager: Mounting plugin GoogleCloudMessaging
LogPluginManager: Mounting plugin GooglePAD
LogPluginManager: Mounting plugin IOSDeviceProfileSelector
LogPluginManager: Mounting plugin LinuxDeviceProfileSelector
LogPluginManager: Mounting plugin LocationServicesBPLibrary
LogPluginManager: Mounting plugin MobilePatchingUtils
LogPluginManager: Mounting plugin OpenXR
LogPluginManager: Mounting plugin OpenXREyeTracker
LogPluginManager: Mounting plugin OpenXRHandTracking
LogPluginManager: Mounting plugin PhysXVehicles
LogPluginManager: Mounting plugin PostSplashScreen
LogPluginManager: Mounting plugin ProceduralMeshComponent
LogPluginManager: Mounting plugin PropertyAccessEditor
LogPluginManager: Mounting plugin RuntimePhysXCooking
LogPluginManager: Mounting plugin SignificanceManager
LogPluginManager: Mounting plugin SoundFields
LogPluginManager: Mounting plugin Synthesis
LogPluginManager: Mounting plugin WebMMoviePlayer
LogPluginManager: Mounting plugin ScreenshotTools
LogPluginManager: Mounting plugin WindowsMoviePlayer
LogPluginManager: Mounting plugin OnlineSubsystem
LogPluginManager: Mounting plugin OnlineSubsystemNull
LogPluginManager: Mounting plugin OnlineSubsystemUtils
LogPluginManager: Mounting plugin Takes
LogPluginManager: Mounting plugin CodeLiteSourceCodeAccess
LogPluginManager: Mounting plugin GitSourceControl
LogPluginManager: Mounting plugin Niagara
LogPluginManager: Mounting plugin KDevelopSourceCodeAccess
LogPluginManager: Mounting plugin NullSourceCodeAccess
LogPluginManager: Mounting plugin PixWinPlugin
LogPluginManager: Mounting plugin PerforceSourceControl
LogPluginManager: Mounting plugin ArchVisCharacter
LogPluginManager: Mounting plugin PlasticSourceControl
LogPluginManager: Mounting plugin RiderSourceCodeAccess
LogPluginManager: Mounting plugin SubversionSourceControl
LogPluginManager: Mounting plugin TextureFormatOodle
LogPluginManager: Mounting plugin UObjectPlugin
LogPluginManager: Mounting plugin XCodeSourceCodeAccess
LogPluginManager: Mounting plugin VisualStudioSourceCodeAccess
LogPluginManager: Mounting plugin VisualStudioCodeSourceCodeAccess
LogPluginManager: Mounting plugin PropertyAccessNode
LogPluginManager: Mounting plugin PluginUtils
LogPluginManager: Mounting plugin ContentBrowserAssetDataSource
LogPluginManager: Mounting plugin ContentBrowserClassDataSource
LogPluginManager: Mounting plugin ContentBrowserFileDataSource
LogPluginManager: Mounting plugin OculusVR
LogPluginManager: Mounting plugin SteamVR
LogPluginManager: Mounting plugin OnlineSubsystemGooglePlay
LogPluginManager: Mounting plugin OnlineSubsystemIOS
LogInit: Using libcurl 7.55.1-DEV
LogInit:  - built for x86_64-pc-win32
LogInit:  - supports SSL with OpenSSL/1.1.1
LogInit:  - supports HTTP deflate (compression) using libz 1.2.8
LogInit:  - other features:
LogInit:      CURL_VERSION_SSL
LogInit:      CURL_VERSION_LIBZ
LogInit:      CURL_VERSION_IPV6
LogInit:      CURL_VERSION_ASYNCHDNS
LogInit:      CURL_VERSION_LARGEFILE
LogInit:      CURL_VERSION_IDN
LogInit:  CurlRequestOptions (configurable via config and command line):
LogInit:  - bVerifyPeer = true  - Libcurl will verify peer certificate
LogInit:  - bUseHttpProxy = false  - Libcurl will NOT use HTTP proxy
LogInit:  - bDontReuseConnections = false  - Libcurl will reuse connections
LogInit:  - MaxHostConnections = 16  - Libcurl will limit the number of connections to a host
LogInit:  - LocalHostAddr = Default
LogInit:  - BufferSize = 65536
LogOnline: OSS: Creating online subsystem instance for: NULL
LogInit: WinSock: version 1.1 (2.2), MaxSocks=32767, MaxUdp=65467
LogOnline: OSS: TryLoadSubsystemAndSetDefault: Loaded subsystem for module [NULL]
PixWinPlugin: PIX capture plugin failed to initialize! Check that the process is launched from PIX.
LogOculusPluginWrapper: OculusPlugin initialized successfully
LogHMD: Failed initializing OVRPlugin 1.59.0
LogInit: Build: ++UE4+Release-4.27-CL-18319896
LogInit: Engine Version: 4.27.2-18319896+++UE4+Release-4.27
LogInit: Compatible Engine Version: 4.27.0-17155196+++UE4+Release-4.27
LogInit: Net CL: 17155196
LogInit: OS: Windows 10 (Release 2009) (), CPU: Intel(R) Core(TM) i7-7800X CPU @ 3.50GHz, GPU: NVIDIA GeForce GTX 1060 6GB
LogInit: Compiled (64-bit): Nov 30 2021 07:12:08
LogInit: Compiled with Visual C++: 19.24.28315.00
LogInit: Build Configuration: Development
LogInit: Branch Name: ++UE4+Release-4.27
LogInit: Command Line:  -skipcompile
LogInit: Base Directory: D:/Epic Games/UE_4.27/Engine/Binaries/Win64/
LogInit: Allocator: TBB
LogInit: Installed Engine Build: 1
LogDevObjectVersion: Number of dev versions registered: 29
LogDevObjectVersion:   Dev-Blueprints (B0D832E4-1F89-4F0D-ACCF-7EB736FD4AA2): 10
LogDevObjectVersion:   Dev-Build (E1C64328-A22C-4D53-A36C-8E866417BD8C): 0
LogDevObjectVersion:   Dev-Core (375EC13C-06E4-48FB-B500-84F0262A717E): 4
LogDevObjectVersion:   Dev-Editor (E4B068ED-F494-42E9-A231-DA0B2E46BB41): 40
LogDevObjectVersion:   Dev-Framework (CFFC743F-43B0-4480-9391-14DF171D2073): 37
LogDevObjectVersion:   Dev-Mobile (B02B49B5-BB20-44E9-A304-32B752E40360): 3
LogDevObjectVersion:   Dev-Networking (A4E4105C-59A1-49B5-A7C5-40C4547EDFEE): 0
LogDevObjectVersion:   Dev-Online (39C831C9-5AE6-47DC-9A44-9C173E1C8E7C): 0
LogDevObjectVersion:   Dev-Physics (78F01B33-EBEA-4F98-B9B4-84EACCB95AA2): 14
LogDevObjectVersion:   Dev-Platform (6631380F-2D4D-43E0-8009-CF276956A95A): 0
LogDevObjectVersion:   Dev-Rendering (12F88B9F-8875-4AFC-A67C-D90C383ABD29): 45
LogDevObjectVersion:   Dev-Sequencer (7B5AE74C-D270-4C10-A958-57980B212A5A): 13
LogDevObjectVersion:   Dev-VR (D7296918-1DD6-4BDD-9DE2-64A83CC13884): 3
LogDevObjectVersion:   Dev-LoadTimes (C2A15278-BFE7-4AFE-6C17-90FF531DF755): 1
LogDevObjectVersion:   Private-Geometry (6EACA3D4-40EC-4CC1-B786-8BED09428FC5): 3
LogDevObjectVersion:   Dev-AnimPhys (29E575DD-E0A3-4627-9D10-D276232CDCEA): 17
LogDevObjectVersion:   Dev-Anim (AF43A65D-7FD3-4947-9873-3E8ED9C1BB05): 15
LogDevObjectVersion:   Dev-ReflectionCapture (6B266CEC-1EC7-4B8F-A30B-E4D90942FC07): 1
LogDevObjectVersion:   Dev-Automation (0DF73D61-A23F-47EA-B727-89E90C41499A): 1
LogDevObjectVersion:   FortniteMain (601D1886-AC64-4F84-AA16-D3DE0DEAC7D6): 47
LogDevObjectVersion:   FortniteRelease (E7086368-6B23-4C58-8439-1B7016265E91): 1
LogDevObjectVersion:   Dev-Enterprise (9DFFBCD6-494F-0158-E221-12823C92A888): 10
LogDevObjectVersion:   Dev-Niagara (F2AED0AC-9AFE-416F-8664-AA7FFA26D6FC): 1
LogDevObjectVersion:   Dev-Destruction (174F1F0B-B4C6-45A5-B13F-2EE8D0FB917D): 10
LogDevObjectVersion:   Dev-Physics-Ext (35F94A83-E258-406C-A318-09F59610247C): 41
LogDevObjectVersion:   Dev-PhysicsMaterial-Chaos (B68FC16E-8B1B-42E2-B453-215C058844FE): 1
LogDevObjectVersion:   Dev-CineCamera (B2E18506-4273-CFC2-A54E-F4BB758BBA07): 1
LogDevObjectVersion:   Dev-VirtualProduction (64F58936-FD1B-42BA-BA96-7289D5D0FA4E): 1
LogDevObjectVersion:   Dev-MediaFramework (6F0ED827-A609-4895-9C91-998D90180EA4): 2
LogInit: Presizing for max 25165824 objects, including 0 objects not considered by GC, pre-allocating 0 bytes for permanent pool.
LogConfig: Applying CVar settings from Section [/Script/Engine.StreamingSettings] File [E:/Portfolio/Unreal/FPS_Game/Zombone/Saved/Config/Windows/Engine.ini]
LogConfig: Setting CVar [[s.MinBulkDataSizeForAsyncLoading:131072]]
LogConfig: Setting CVar [[s.AsyncLoadingThreadEnabled:0]]
LogConfig: Setting CVar [[s.EventDrivenLoaderEnabled:1]]
LogConfig: Setting CVar [[s.WarnIfTimeLimitExceeded:0]]
LogConfig: Setting CVar [[s.TimeLimitExceededMultiplier:1.5]]
LogConfig: Setting CVar [[s.TimeLimitExceededMinTime:0.005]]
LogConfig: Setting CVar [[s.UseBackgroundLevelStreaming:1]]
LogConfig: Setting CVar [[s.PriorityAsyncLoadingExtraTime:15.0]]
LogConfig: Setting CVar [[s.LevelStreamingActorsUpdateTimeLimit:5.0]]
LogConfig: Setting CVar [[s.PriorityLevelStreamingActorsUpdateExtraTime:5.0]]
LogConfig: Setting CVar [[s.LevelStreamingComponentsRegistrationGranularity:10]]
LogConfig: Setting CVar [[s.UnregisterComponentsTimeLimit:1.0]]
LogConfig: Setting CVar [[s.LevelStreamingComponentsUnregistrationGranularity:5]]
LogConfig: Setting CVar [[s.FlushStreamingOnExit:1]]
LogInit: Object subsystem initialized
LogConfig: Setting CVar [[con.DebugEarlyDefault:1]]
LogConfig: Setting CVar [[r.setres:1280x720]]
[2023.09.14-09.54.38:909][  0]LogConfig: Setting CVar [[r.VSync:0]]
[2023.09.14-09.54.38:909][  0]LogConfig: Setting CVar [[r.RHICmdBypass:0]]
[2023.09.14-09.54.38:909][  0]LogConfig: Applying CVar settings from Section [/Script/Engine.RendererSettings] File [E:/Portfolio/Unreal/FPS_Game/Zombone/Saved/Config/Windows/Engine.ini]
[2023.09.14-09.54.38:909][  0]LogConfig: Setting CVar [[r.GPUCrashDebugging:0]]
[2023.09.14-09.54.38:909][  0]LogConfig: Applying CVar settings from Section [/Script/Engine.RendererOverrideSettings] File [E:/Portfolio/Unreal/FPS_Game/Zombone/Saved/Config/Windows/Engine.ini]
[2023.09.14-09.54.38:909][  0]LogConfig: Applying CVar settings from Section [/Script/Engine.StreamingSettings] File [E:/Portfolio/Unreal/FPS_Game/Zombone/Saved/Config/Windows/Engine.ini]
[2023.09.14-09.54.38:910][  0]LogConfig: Setting CVar [[s.MinBulkDataSizeForAsyncLoading:131072]]
[2023.09.14-09.54.38:910][  0]LogConfig: Setting CVar [[s.AsyncLoadingThreadEnabled:0]]
[2023.09.14-09.54.38:910][  0]LogConfig: Setting CVar [[s.EventDrivenLoaderEnabled:1]]
[2023.09.14-09.54.38:910][  0]LogConfig: Setting CVar [[s.WarnIfTimeLimitExceeded:0]]
[2023.09.14-09.54.38:910][  0]LogConfig: Setting CVar [[s.TimeLimitExceededMultiplier:1.5]]
[2023.09.14-09.54.38:910][  0]LogConfig: Setting CVar [[s.TimeLimitExceededMinTime:0.005]]
[2023.09.14-09.54.38:910][  0]LogConfig: Setting CVar [[s.UseBackgroundLevelStreaming:1]]
[2023.09.14-09.54.38:910][  0]LogConfig: Setting CVar [[s.PriorityAsyncLoadingExtraTime:15.0]]
[2023.09.14-09.54.38:910][  0]LogConfig: Setting CVar [[s.LevelStreamingActorsUpdateTimeLimit:5.0]]
[2023.09.14-09.54.38:910][  0]LogConfig: Setting CVar [[s.PriorityLevelStreamingActorsUpdateExtraTime:5.0]]
[2023.09.14-09.54.38:910][  0]LogConfig: Setting CVar [[s.LevelStreamingComponentsRegistrationGranularity:10]]
[2023.09.14-09.54.38:910][  0]LogConfig: Setting CVar [[s.UnregisterComponentsTimeLimit:1.0]]
[2023.09.14-09.54.38:910][  0]LogConfig: Setting CVar [[s.LevelStreamingComponentsUnregistrationGranularity:5]]
[2023.09.14-09.54.38:910][  0]LogConfig: Setting CVar [[s.FlushStreamingOnExit:1]]
[2023.09.14-09.54.38:911][  0]LogConfig: Applying CVar settings from Section [/Script/Engine.GarbageCollectionSettings] File [E:/Portfolio/Unreal/FPS_Game/Zombone/Saved/Config/Windows/Engine.ini]
[2023.09.14-09.54.38:911][  0]LogConfig: Setting CVar [[gc.MaxObjectsNotConsideredByGC:1]]
[2023.09.14-09.54.38:911][  0]LogConfig: Setting CVar [[gc.SizeOfPermanentObjectPool:0]]
[2023.09.14-09.54.38:911][  0]LogConfig: Setting CVar [[gc.FlushStreamingOnGC:0]]
[2023.09.14-09.54.38:911][  0]LogConfig: Setting CVar [[gc.NumRetriesBeforeForcingGC:10]]
[2023.09.14-09.54.38:911][  0]LogConfig: Setting CVar [[gc.AllowParallelGC:1]]
[2023.09.14-09.54.38:911][  0]LogConfig: Setting CVar [[gc.TimeBetweenPurgingPendingKillObjects:61.1]]
[2023.09.14-09.54.38:911][  0]LogConfig: Setting CVar [[gc.MaxObjectsInEditor:25165824]]
[2023.09.14-09.54.38:911][  0]LogConfig: Setting CVar [[gc.IncrementalBeginDestroyEnabled:1]]
[2023.09.14-09.54.38:911][  0]LogConfig: Setting CVar [[gc.CreateGCClusters:1]]
[2023.09.14-09.54.38:911][  0]LogConfig: Setting CVar [[gc.MinGCClusterSize:5]]
[2023.09.14-09.54.38:911][  0]LogConfig: Setting CVar [[gc.ActorClusteringEnabled:0]]
[2023.09.14-09.54.38:911][  0]LogConfig: Setting CVar [[gc.BlueprintClusteringEnabled:0]]
[2023.09.14-09.54.38:911][  0]LogConfig: Setting CVar [[gc.UseDisregardForGCOnDedicatedServers:0]]
[2023.09.14-09.54.38:911][  0]LogConfig: Setting CVar [[gc.MultithreadedDestructionEnabled:1]]
[2023.09.14-09.54.38:912][  0]LogConfig: Applying CVar settings from Section [/Script/Engine.NetworkSettings] File [E:/Portfolio/Unreal/FPS_Game/Zombone/Saved/Config/Windows/Engine.ini]
[2023.09.14-09.54.38:912][  0]LogConfig: Applying CVar settings from Section [/Script/UnrealEd.CookerSettings] File [E:/Portfolio/Unreal/FPS_Game/Zombone/Saved/Config/Windows/Engine.ini]
[2023.09.14-09.54.38:927][  0]LogConfig: Applying CVar settings from Section [ViewDistanceQuality@3] File [E:/Portfolio/Unreal/FPS_Game/Zombone/Saved/Config/Windows/Scalability.ini]
[2023.09.14-09.54.38:927][  0]LogConfig: Setting CVar [[r.SkeletalMeshLODBias:0]]
[2023.09.14-09.54.38:927][  0]LogConfig: Setting CVar [[r.ViewDistanceScale:1.0]]
[2023.09.14-09.54.38:927][  0]LogConfig: Applying CVar settings from Section [AntiAliasingQuality@3] File [E:/Portfolio/Unreal/FPS_Game/Zombone/Saved/Config/Windows/Scalability.ini]
[2023.09.14-09.54.38:927][  0]LogConfig: Setting CVar [[r.PostProcessAAQuality:4]]
[2023.09.14-09.54.38:927][  0]LogConfig: Applying CVar settings from Section [ShadowQuality@3] File [E:/Portfolio/Unreal/FPS_Game/Zombone/Saved/Config/Windows/Scalability.ini]
[2023.09.14-09.54.38:927][  0]LogConfig: Setting CVar [[r.LightFunctionQuality:1]]
[2023.09.14-09.54.38:927][  0]LogConfig: Setting CVar [[r.ShadowQuality:5]]
[2023.09.14-09.54.38:927][  0]LogConfig: Setting CVar [[r.Shadow.CSM.MaxCascades:10]]
[2023.09.14-09.54.38:927][  0]LogConfig: Setting CVar [[r.Shadow.MaxResolution:2048]]
[2023.09.14-09.54.38:927][  0]LogConfig: Setting CVar [[r.Shadow.MaxCSMResolution:2048]]
[2023.09.14-09.54.38:927][  0]LogConfig: Setting CVar [[r.Shadow.RadiusThreshold:0.01]]
[2023.09.14-09.54.38:927][  0]LogConfig: Setting CVar [[r.Shadow.DistanceScale:1.0]]
[2023.09.14-09.54.38:928][  0]LogConfig: Setting CVar [[r.Shadow.CSM.TransitionScale:1.0]]
[2023.09.14-09.54.38:928][  0]LogConfig: Setting CVar [[r.Shadow.PreShadowResolutionFactor:1.0]]
[2023.09.14-09.54.38:928][  0]LogConfig: Setting CVar [[r.DistanceFieldShadowing:1]]
[2023.09.14-09.54.38:928][  0]LogConfig: Setting CVar [[r.DistanceFieldAO:1]]
[2023.09.14-09.54.38:928][  0]LogConfig: Setting CVar [[r.AOQuality:2]]
[2023.09.14-09.54.38:928][  0]LogConfig: Setting CVar [[r.VolumetricFog:1]]
[2023.09.14-09.54.38:928][  0]LogConfig: Setting CVar [[r.VolumetricFog.GridPixelSize:8]]
[2023.09.14-09.54.38:928][  0]LogConfig: Setting CVar [[r.VolumetricFog.GridSizeZ:128]]
[2023.09.14-09.54.38:928][  0]LogConfig: Setting CVar [[r.VolumetricFog.HistoryMissSupersampleCount:4]]
[2023.09.14-09.54.38:928][  0]LogConfig: Setting CVar [[r.LightMaxDrawDistanceScale:1]]
[2023.09.14-09.54.38:928][  0]LogConfig: Setting CVar [[r.CapsuleShadows:1]]
[2023.09.14-09.54.38:928][  0]LogConfig: Applying CVar settings from Section [PostProcessQuality@3] File [E:/Portfolio/Unreal/FPS_Game/Zombone/Saved/Config/Windows/Scalability.ini]
[2023.09.14-09.54.38:928][  0]LogConfig: Setting CVar [[r.MotionBlurQuality:4]]
[2023.09.14-09.54.38:928][  0]LogConfig: Setting CVar [[r.AmbientOcclusionMipLevelFactor:0.4]]
[2023.09.14-09.54.38:928][  0]LogConfig: Setting CVar [[r.AmbientOcclusionMaxQuality:100]]
[2023.09.14-09.54.38:928][  0]LogConfig: Setting CVar [[r.AmbientOcclusionLevels:-1]]
[2023.09.14-09.54.38:929][  0]LogConfig: Setting CVar [[r.AmbientOcclusionRadiusScale:1.0]]
[2023.09.14-09.54.38:929][  0]LogConfig: Setting CVar [[r.DepthOfFieldQuality:2]]
[2023.09.14-09.54.38:929][  0]LogConfig: Setting CVar [[r.RenderTargetPoolMin:400]]
[2023.09.14-09.54.38:929][  0]LogConfig: Setting CVar [[r.LensFlareQuality:2]]
[2023.09.14-09.54.38:929][  0]LogConfig: Setting CVar [[r.SceneColorFringeQuality:1]]
[2023.09.14-09.54.38:929][  0]LogConfig: Setting CVar [[r.EyeAdaptationQuality:2]]
[2023.09.14-09.54.38:929][  0]LogConfig: Setting CVar [[r.BloomQuality:5]]
[2023.09.14-09.54.38:929][  0]LogConfig: Setting CVar [[r.FastBlurThreshold:100]]
[2023.09.14-09.54.38:929][  0]LogConfig: Setting CVar [[r.Upscale.Quality:3]]
[2023.09.14-09.54.38:929][  0]LogConfig: Setting CVar [[r.Tonemapper.GrainQuantization:1]]
[2023.09.14-09.54.38:929][  0]LogConfig: Setting CVar [[r.LightShaftQuality:1]]
[2023.09.14-09.54.38:929][  0]LogConfig: Setting CVar [[r.Filter.SizeScale:1]]
[2023.09.14-09.54.38:929][  0]LogConfig: Setting CVar [[r.Tonemapper.Quality:5]]
[2023.09.14-09.54.38:929][  0]LogConfig: Setting CVar [[r.DOF.Gather.AccumulatorQuality:1        ; higher gathering accumulator quality]]
[2023.09.14-09.54.38:929][  0]LogConfig: Setting CVar [[r.DOF.Gather.PostfilterMethod:1          ; Median3x3 postfilering method]]
[2023.09.14-09.54.38:929][  0]LogConfig: Setting CVar [[r.DOF.Gather.EnableBokehSettings:0       ; no bokeh simulation when gathering]]
[2023.09.14-09.54.38:929][  0]LogConfig: Setting CVar [[r.DOF.Gather.RingCount:4                 ; medium number of samples when gathering]]
[2023.09.14-09.54.38:930][  0]LogConfig: Setting CVar [[r.DOF.Scatter.ForegroundCompositing:1    ; additive foreground scattering]]
[2023.09.14-09.54.38:930][  0]LogConfig: Setting CVar [[r.DOF.Scatter.BackgroundCompositing:2    ; additive background scattering]]
[2023.09.14-09.54.38:930][  0]LogConfig: Setting CVar [[r.DOF.Scatter.EnableBokehSettings:1      ; bokeh simulation when scattering]]
[2023.09.14-09.54.38:930][  0]LogConfig: Setting CVar [[r.DOF.Scatter.MaxSpriteRatio:0.1         ; only a maximum of 10% of scattered bokeh]]
[2023.09.14-09.54.38:930][  0]LogConfig: Setting CVar [[r.DOF.Recombine.Quality:1                ; cheap slight out of focus]]
[2023.09.14-09.54.38:930][  0]LogConfig: Setting CVar [[r.DOF.Recombine.EnableBokehSettings:0    ; no bokeh simulation on slight out of focus]]
[2023.09.14-09.54.38:930][  0]LogConfig: Setting CVar [[r.DOF.TemporalAAQuality:1                ; more stable temporal accumulation]]
[2023.09.14-09.54.38:930][  0]LogConfig: Setting CVar [[r.DOF.Kernel.MaxForegroundRadius:0.025]]
[2023.09.14-09.54.38:930][  0]LogConfig: Setting CVar [[r.DOF.Kernel.MaxBackgroundRadius:0.025]]
[2023.09.14-09.54.38:930][  0]LogConfig: Applying CVar settings from Section [TextureQuality@3] File [E:/Portfolio/Unreal/FPS_Game/Zombone/Saved/Config/Windows/Scalability.ini]
[2023.09.14-09.54.38:930][  0]LogConfig: Setting CVar [[r.Streaming.MipBias:0]]
[2023.09.14-09.54.38:930][  0]LogConfig: Setting CVar [[r.Streaming.AmortizeCPUToGPUCopy:0]]
[2023.09.14-09.54.38:930][  0]LogConfig: Setting CVar [[r.Streaming.MaxNumTexturesToStreamPerFrame:0]]
[2023.09.14-09.54.38:930][  0]LogConfig: Setting CVar [[r.Streaming.Boost:1]]
[2023.09.14-09.54.38:930][  0]LogConfig: Setting CVar [[r.MaxAnisotropy:8]]
[2023.09.14-09.54.38:931][  0]LogConfig: Setting CVar [[r.VT.MaxAnisotropy:8]]
[2023.09.14-09.54.38:931][  0]LogConfig: Setting CVar [[r.Streaming.LimitPoolSizeToVRAM:0]]
[2023.09.14-09.54.38:931][  0]LogConfig: Setting CVar [[r.Streaming.PoolSize:1000]]
[2023.09.14-09.54.38:931][  0]LogConfig: Setting CVar [[r.Streaming.MaxEffectiveScreenSize:0]]
[2023.09.14-09.54.38:931][  0]LogConfig: Applying CVar settings from Section [EffectsQuality@3] File [E:/Portfolio/Unreal/FPS_Game/Zombone/Saved/Config/Windows/Scalability.ini]
[2023.09.14-09.54.38:931][  0]LogConfig: Setting CVar [[r.TranslucencyLightingVolumeDim:64]]
[2023.09.14-09.54.38:931][  0]LogConfig: Setting CVar [[r.RefractionQuality:2]]
[2023.09.14-09.54.38:931][  0]LogConfig: Setting CVar [[r.SSR.Quality:3]]
[2023.09.14-09.54.38:931][  0]LogConfig: Setting CVar [[r.SSR.HalfResSceneColor:0]]
[2023.09.14-09.54.38:931][  0]LogConfig: Setting CVar [[r.SceneColorFormat:4]]
[2023.09.14-09.54.38:931][  0]LogConfig: Setting CVar [[r.DetailMode:2]]
[2023.09.14-09.54.38:931][  0]LogConfig: Setting CVar [[r.TranslucencyVolumeBlur:1]]
[2023.09.14-09.54.38:931][  0]LogConfig: Setting CVar [[r.MaterialQualityLevel:1 ; High quality]]
[2023.09.14-09.54.38:931][  0]LogConfig: Setting CVar [[r.AnisotropicMaterials:1]]
[2023.09.14-09.54.38:931][  0]LogConfig: Setting CVar [[r.SSS.Scale:1]]
[2023.09.14-09.54.38:931][  0]LogConfig: Setting CVar [[r.SSS.SampleSet:2]]
[2023.09.14-09.54.38:932][  0]LogConfig: Setting CVar [[r.SSS.Quality:1]]
[2023.09.14-09.54.38:932][  0]LogConfig: Setting CVar [[r.SSS.HalfRes:0]]
[2023.09.14-09.54.38:932][  0]LogConfig: Setting CVar [[r.SSGI.Quality:3]]
[2023.09.14-09.54.38:932][  0]LogConfig: Setting CVar [[r.EmitterSpawnRateScale:1.0]]
[2023.09.14-09.54.38:932][  0]LogConfig: Setting CVar [[r.ParticleLightQuality:2]]
[2023.09.14-09.54.38:932][  0]LogConfig: Setting CVar [[r.SkyAtmosphere.AerialPerspectiveLUT.FastApplyOnOpaque:1 ; Always have FastSkyLUT 1 in this case to avoid wrong sky]]
[2023.09.14-09.54.38:932][  0]LogConfig: Setting CVar [[r.SkyAtmosphere.AerialPerspectiveLUT.SampleCountMaxPerSlice:4]]
[2023.09.14-09.54.38:932][  0]LogConfig: Setting CVar [[r.SkyAtmosphere.AerialPerspectiveLUT.DepthResolution:16.0]]
[2023.09.14-09.54.38:932][  0]LogConfig: Setting CVar [[r.SkyAtmosphere.FastSkyLUT:1]]
[2023.09.14-09.54.38:932][  0]LogConfig: Setting CVar [[r.SkyAtmosphere.FastSkyLUT.SampleCountMin:4.0]]
[2023.09.14-09.54.38:932][  0]LogConfig: Setting CVar [[r.SkyAtmosphere.FastSkyLUT.SampleCountMax:128.0]]
[2023.09.14-09.54.38:932][  0]LogConfig: Setting CVar [[r.SkyAtmosphere.SampleCountMin:4.0]]
[2023.09.14-09.54.38:932][  0]LogConfig: Setting CVar [[r.SkyAtmosphere.SampleCountMax:128.0]]
[2023.09.14-09.54.38:932][  0]LogConfig: Setting CVar [[r.SkyAtmosphere.TransmittanceLUT.UseSmallFormat:0]]
[2023.09.14-09.54.38:932][  0]LogConfig: Setting CVar [[r.SkyAtmosphere.TransmittanceLUT.SampleCount:10.0]]
[2023.09.14-09.54.38:932][  0]LogConfig: Setting CVar [[r.SkyAtmosphere.MultiScatteringLUT.SampleCount:15.0]]
[2023.09.14-09.54.38:932][  0]LogConfig: Setting CVar [[r.SkyLight.RealTimeReflectionCapture:1]]
[2023.09.14-09.54.38:933][  0]LogConfig: Applying CVar settings from Section [FoliageQuality@3] File [E:/Portfolio/Unreal/FPS_Game/Zombone/Saved/Config/Windows/Scalability.ini]
[2023.09.14-09.54.38:933][  0]LogConfig: Setting CVar [[foliage.DensityScale:1.0]]
[2023.09.14-09.54.38:933][  0]LogConfig: Setting CVar [[grass.DensityScale:1.0]]
[2023.09.14-09.54.38:933][  0]LogConfig: Applying CVar settings from Section [ShadingQuality@3] File [E:/Portfolio/Unreal/FPS_Game/Zombone/Saved/Config/Windows/Scalability.ini]
[2023.09.14-09.54.38:933][  0]LogConfig: Setting CVar [[r.HairStrands.SkyLighting.IntegrationType:2]]
[2023.09.14-09.54.38:933][  0]LogConfig: Setting CVar [[r.HairStrands.SkyAO.SampleCount:4]]
[2023.09.14-09.54.38:933][  0]LogConfig: Setting CVar [[r.HairStrands.Visibility.MSAA.SamplePerPixel:4]]
[2023.09.14-09.54.38:933][  0]LogInit: Selected Device Profile: [Windows]
[2023.09.14-09.54.38:933][  0]LogInit: Applying CVar settings loaded from the selected device profile: [Windows]
[2023.09.14-09.54.38:933][  0]LogHAL: Display: Platform has ~ 32 GB [34019524608 / 34359738368 / 32], which maps to Largest [LargestMinGB=32, LargerMinGB=12, DefaultMinGB=8, SmallerMinGB=6, SmallestMinGB=0)
[2023.09.14-09.54.38:933][  0]LogInit: Going up to parent DeviceProfile []
[2023.09.14-09.54.38:933][  0]LogConfig: Applying CVar settings from Section [ViewDistanceQuality@3] File [E:/Portfolio/Unreal/FPS_Game/Zombone/Saved/Config/Windows/Scalability.ini]
[2023.09.14-09.54.38:933][  0]LogConfig: Setting CVar [[r.SkeletalMeshLODBias:0]]
[2023.09.14-09.54.38:933][  0]LogConfig: Setting CVar [[r.ViewDistanceScale:1.0]]
[2023.09.14-09.54.38:934][  0]LogConfig: Applying CVar settings from Section [AntiAliasingQuality@3] File [E:/Portfolio/Unreal/FPS_Game/Zombone/Saved/Config/Windows/Scalability.ini]
[2023.09.14-09.54.38:934][  0]LogConfig: Setting CVar [[r.PostProcessAAQuality:4]]
[2023.09.14-09.54.38:934][  0]LogConfig: Applying CVar settings from Section [ShadowQuality@3] File [E:/Portfolio/Unreal/FPS_Game/Zombone/Saved/Config/Windows/Scalability.ini]
[2023.09.14-09.54.38:934][  0]LogConfig: Setting CVar [[r.LightFunctionQuality:1]]
[2023.09.14-09.54.38:934][  0]LogConfig: Setting CVar [[r.ShadowQuality:5]]
[2023.09.14-09.54.38:934][  0]LogConfig: Setting CVar [[r.Shadow.CSM.MaxCascades:10]]
[2023.09.14-09.54.38:934][  0]LogConfig: Setting CVar [[r.Shadow.MaxResolution:2048]]
[2023.09.14-09.54.38:934][  0]LogConfig: Setting CVar [[r.Shadow.MaxCSMResolution:2048]]
[2023.09.14-09.54.38:934][  0]LogConfig: Setting CVar [[r.Shadow.RadiusThreshold:0.01]]
[2023.09.14-09.54.38:934][  0]LogConfig: Setting CVar [[r.Shadow.DistanceScale:1.0]]
[2023.09.14-09.54.38:934][  0]LogConfig: Setting CVar [[r.Shadow.CSM.TransitionScale:1.0]]
[2023.09.14-09.54.38:934][  0]LogConfig: Setting CVar [[r.Shadow.PreShadowResolutionFactor:1.0]]
[2023.09.14-09.54.38:934][  0]LogConfig: Setting CVar [[r.DistanceFieldShadowing:1]]
[2023.09.14-09.54.38:934][  0]LogConfig: Setting CVar [[r.DistanceFieldAO:1]]
[2023.09.14-09.54.38:934][  0]LogConfig: Setting CVar [[r.AOQuality:2]]
[2023.09.14-09.54.38:934][  0]LogConfig: Setting CVar [[r.VolumetricFog:1]]
[2023.09.14-09.54.38:934][  0]LogConfig: Setting CVar [[r.VolumetricFog.GridPixelSize:8]]
[2023.09.14-09.54.38:935][  0]LogConfig: Setting CVar [[r.VolumetricFog.GridSizeZ:128]]
[2023.09.14-09.54.38:935][  0]LogConfig: Setting CVar [[r.VolumetricFog.HistoryMissSupersampleCount:4]]
[2023.09.14-09.54.38:935][  0]LogConfig: Setting CVar [[r.LightMaxDrawDistanceScale:1]]
[2023.09.14-09.54.38:935][  0]LogConfig: Setting CVar [[r.CapsuleShadows:1]]
[2023.09.14-09.54.38:935][  0]LogConfig: Applying CVar settings from Section [PostProcessQuality@3] File [E:/Portfolio/Unreal/FPS_Game/Zombone/Saved/Config/Windows/Scalability.ini]
[2023.09.14-09.54.38:935][  0]LogConfig: Setting CVar [[r.MotionBlurQuality:4]]
[2023.09.14-09.54.38:935][  0]LogConfig: Setting CVar [[r.AmbientOcclusionMipLevelFactor:0.4]]
[2023.09.14-09.54.38:935][  0]LogConfig: Setting CVar [[r.AmbientOcclusionMaxQuality:100]]
[2023.09.14-09.54.38:935][  0]LogConfig: Setting CVar [[r.AmbientOcclusionLevels:-1]]
[2023.09.14-09.54.38:935][  0]LogConfig: Setting CVar [[r.AmbientOcclusionRadiusScale:1.0]]
[2023.09.14-09.54.38:935][  0]LogConfig: Setting CVar [[r.DepthOfFieldQuality:2]]
[2023.09.14-09.54.38:935][  0]LogConfig: Setting CVar [[r.RenderTargetPoolMin:400]]
[2023.09.14-09.54.38:935][  0]LogConfig: Setting CVar [[r.LensFlareQuality:2]]
[2023.09.14-09.54.38:935][  0]LogConfig: Setting CVar [[r.SceneColorFringeQuality:1]]
[2023.09.14-09.54.38:935][  0]LogConfig: Setting CVar [[r.EyeAdaptationQuality:2]]
[2023.09.14-09.54.38:935][  0]LogConfig: Setting CVar [[r.BloomQuality:5]]
[2023.09.14-09.54.38:935][  0]LogConfig: Setting CVar [[r.FastBlurThreshold:100]]
[2023.09.14-09.54.38:935][  0]LogConfig: Setting CVar [[r.Upscale.Quality:3]]
[2023.09.14-09.54.38:935][  0]LogConfig: Setting CVar [[r.Tonemapper.GrainQuantization:1]]
[2023.09.14-09.54.38:935][  0]LogConfig: Setting CVar [[r.LightShaftQuality:1]]
[2023.09.14-09.54.38:936][  0]LogConfig: Setting CVar [[r.Filter.SizeScale:1]]
[2023.09.14-09.54.38:936][  0]LogConfig: Setting CVar [[r.Tonemapper.Quality:5]]
[2023.09.14-09.54.38:936][  0]LogConfig: Setting CVar [[r.DOF.Gather.AccumulatorQuality:1        ; higher gathering accumulator quality]]
[2023.09.14-09.54.38:936][  0]LogConfig: Setting CVar [[r.DOF.Gather.PostfilterMethod:1          ; Median3x3 postfilering method]]
[2023.09.14-09.54.38:936][  0]LogConfig: Setting CVar [[r.DOF.Gather.EnableBokehSettings:0       ; no bokeh simulation when gathering]]
[2023.09.14-09.54.38:936][  0]LogConfig: Setting CVar [[r.DOF.Gather.RingCount:4                 ; medium number of samples when gathering]]
[2023.09.14-09.54.38:936][  0]LogConfig: Setting CVar [[r.DOF.Scatter.ForegroundCompositing:1    ; additive foreground scattering]]
[2023.09.14-09.54.38:936][  0]LogConfig: Setting CVar [[r.DOF.Scatter.BackgroundCompositing:2    ; additive background scattering]]
[2023.09.14-09.54.38:936][  0]LogConfig: Setting CVar [[r.DOF.Scatter.EnableBokehSettings:1      ; bokeh simulation when scattering]]
[2023.09.14-09.54.38:936][  0]LogConfig: Setting CVar [[r.DOF.Scatter.MaxSpriteRatio:0.1         ; only a maximum of 10% of scattered bokeh]]
[2023.09.14-09.54.38:936][  0]LogConfig: Setting CVar [[r.DOF.Recombine.Quality:1                ; cheap slight out of focus]]
[2023.09.14-09.54.38:936][  0]LogConfig: Setting CVar [[r.DOF.Recombine.EnableBokehSettings:0    ; no bokeh simulation on slight out of focus]]
[2023.09.14-09.54.38:936][  0]LogConfig: Setting CVar [[r.DOF.TemporalAAQuality:1                ; more stable temporal accumulation]]
[2023.09.14-09.54.38:936][  0]LogConfig: Setting CVar [[r.DOF.Kernel.MaxForegroundRadius:0.025]]
[2023.09.14-09.54.38:937][  0]LogConfig: Setting CVar [[r.DOF.Kernel.MaxBackgroundRadius:0.025]]
[2023.09.14-09.54.38:937][  0]LogConfig: Applying CVar settings from Section [TextureQuality@3] File [E:/Portfolio/Unreal/FPS_Game/Zombone/Saved/Config/Windows/Scalability.ini]
[2023.09.14-09.54.38:937][  0]LogConfig: Setting CVar [[r.Streaming.MipBias:0]]
[2023.09.14-09.54.38:937][  0]LogConfig: Setting CVar [[r.Streaming.AmortizeCPUToGPUCopy:0]]
[2023.09.14-09.54.38:937][  0]LogConfig: Setting CVar [[r.Streaming.MaxNumTexturesToStreamPerFrame:0]]
[2023.09.14-09.54.38:937][  0]LogConfig: Setting CVar [[r.Streaming.Boost:1]]
[2023.09.14-09.54.38:937][  0]LogConfig: Setting CVar [[r.MaxAnisotropy:8]]
[2023.09.14-09.54.38:937][  0]LogConfig: Setting CVar [[r.VT.MaxAnisotropy:8]]
[2023.09.14-09.54.38:937][  0]LogConfig: Setting CVar [[r.Streaming.LimitPoolSizeToVRAM:0]]
[2023.09.14-09.54.38:937][  0]LogConfig: Setting CVar [[r.Streaming.PoolSize:1000]]
[2023.09.14-09.54.38:937][  0]LogConfig: Setting CVar [[r.Streaming.MaxEffectiveScreenSize:0]]
[2023.09.14-09.54.38:937][  0]LogConfig: Applying CVar settings from Section [EffectsQuality@3] File [E:/Portfolio/Unreal/FPS_Game/Zombone/Saved/Config/Windows/Scalability.ini]
[2023.09.14-09.54.38:937][  0]LogConfig: Setting CVar [[r.TranslucencyLightingVolumeDim:64]]
[2023.09.14-09.54.38:937][  0]LogConfig: Setting CVar [[r.RefractionQuality:2]]
[2023.09.14-09.54.38:938][  0]LogConfig: Setting CVar [[r.SSR.Quality:3]]
[2023.09.14-09.54.38:938][  0]LogConfig: Setting CVar [[r.SSR.HalfResSceneColor:0]]
[2023.09.14-09.54.38:938][  0]LogConfig: Setting CVar [[r.SceneColorFormat:4]]
[2023.09.14-09.54.38:938][  0]LogConfig: Setting CVar [[r.DetailMode:2]]
[2023.09.14-09.54.38:938][  0]LogConfig: Setting CVar [[r.TranslucencyVolumeBlur:1]]
[2023.09.14-09.54.38:938][  0]LogConfig: Setting CVar [[r.MaterialQualityLevel:1 ; High quality]]
[2023.09.14-09.54.38:938][  0]LogConfig: Setting CVar [[r.AnisotropicMaterials:1]]
[2023.09.14-09.54.38:938][  0]LogConfig: Setting CVar [[r.SSS.Scale:1]]
[2023.09.14-09.54.38:938][  0]LogConfig: Setting CVar [[r.SSS.SampleSet:2]]
[2023.09.14-09.54.38:938][  0]LogConfig: Setting CVar [[r.SSS.Quality:1]]
[2023.09.14-09.54.38:938][  0]LogConfig: Setting CVar [[r.SSS.HalfRes:0]]
[2023.09.14-09.54.38:938][  0]LogConfig: Setting CVar [[r.SSGI.Quality:3]]
[2023.09.14-09.54.38:938][  0]LogConfig: Setting CVar [[r.EmitterSpawnRateScale:1.0]]
[2023.09.14-09.54.38:938][  0]LogConfig: Setting CVar [[r.ParticleLightQuality:2]]
[2023.09.14-09.54.38:938][  0]LogConfig: Setting CVar [[r.SkyAtmosphere.AerialPerspectiveLUT.FastApplyOnOpaque:1 ; Always have FastSkyLUT 1 in this case to avoid wrong sky]]
[2023.09.14-09.54.38:938][  0]LogConfig: Setting CVar [[r.SkyAtmosphere.AerialPerspectiveLUT.SampleCountMaxPerSlice:4]]
[2023.09.14-09.54.38:938][  0]LogConfig: Setting CVar [[r.SkyAtmosphere.AerialPerspectiveLUT.DepthResolution:16.0]]
[2023.09.14-09.54.38:938][  0]LogConfig: Setting CVar [[r.SkyAtmosphere.FastSkyLUT:1]]
[2023.09.14-09.54.38:938][  0]LogConfig: Setting CVar [[r.SkyAtmosphere.FastSkyLUT.SampleCountMin:4.0]]
[2023.09.14-09.54.38:939][  0]LogConfig: Setting CVar [[r.SkyAtmosphere.FastSkyLUT.SampleCountMax:128.0]]
[2023.09.14-09.54.38:939][  0]LogConfig: Setting CVar [[r.SkyAtmosphere.SampleCountMin:4.0]]
[2023.09.14-09.54.38:939][  0]LogConfig: Setting CVar [[r.SkyAtmosphere.SampleCountMax:128.0]]
[2023.09.14-09.54.38:939][  0]LogConfig: Setting CVar [[r.SkyAtmosphere.TransmittanceLUT.UseSmallFormat:0]]
[2023.09.14-09.54.38:939][  0]LogConfig: Setting CVar [[r.SkyAtmosphere.TransmittanceLUT.SampleCount:10.0]]
[2023.09.14-09.54.38:939][  0]LogConfig: Setting CVar [[r.SkyAtmosphere.MultiScatteringLUT.SampleCount:15.0]]
[2023.09.14-09.54.38:939][  0]LogConfig: Setting CVar [[r.SkyLight.RealTimeReflectionCapture:1]]
[2023.09.14-09.54.38:939][  0]LogConfig: Applying CVar settings from Section [FoliageQuality@3] File [E:/Portfolio/Unreal/FPS_Game/Zombone/Saved/Config/Windows/Scalability.ini]
[2023.09.14-09.54.38:939][  0]LogConfig: Setting CVar [[foliage.DensityScale:1.0]]
[2023.09.14-09.54.38:939][  0]LogConfig: Setting CVar [[grass.DensityScale:1.0]]
[2023.09.14-09.54.38:939][  0]LogConfig: Applying CVar settings from Section [ShadingQuality@3] File [E:/Portfolio/Unreal/FPS_Game/Zombone/Saved/Config/Windows/Scalability.ini]
[2023.09.14-09.54.38:939][  0]LogConfig: Setting CVar [[r.HairStrands.SkyLighting.IntegrationType:2]]
[2023.09.14-09.54.38:939][  0]LogConfig: Setting CVar [[r.HairStrands.SkyAO.SampleCount:4]]
[2023.09.14-09.54.38:939][  0]LogConfig: Setting CVar [[r.HairStrands.Visibility.MSAA.SamplePerPixel:4]]
[2023.09.14-09.54.38:939][  0]LogConfig: Applying CVar settings from Section [Startup] File [../../../Engine/Config/ConsoleVariables.ini]
[2023.09.14-09.54.38:940][  0]LogConfig: Setting CVar [[net.UseAdaptiveNetUpdateFrequency:0]]
[2023.09.14-09.54.38:940][  0]LogConfig: Setting CVar [[p.chaos.AllowCreatePhysxBodies:1]]
[2023.09.14-09.54.38:940][  0]LogConfig: Setting CVar [[fx.SkipVectorVMBackendOptimizations:1]]
[2023.09.14-09.54.38:940][  0]LogConfig: Applying CVar settings from Section [ConsoleVariables] File [E:/Portfolio/Unreal/FPS_Game/Zombone/Saved/Config/Windows/Engine.ini]
[2023.09.14-09.54.38:940][  0]LogConfig: Applying CVar settings from Section [ConsoleVariables] File [E:/Portfolio/Unreal/FPS_Game/Zombone/Saved/Config/Windows/Editor.ini]
[2023.09.14-09.54.38:940][  0]LogInit: Computer: DESKTOP-J6VGNOD
[2023.09.14-09.54.38:940][  0]LogInit: User: timve
[2023.09.14-09.54.38:940][  0]LogInit: CPU Page size=4096, Cores=6
[2023.09.14-09.54.38:940][  0]LogInit: High frequency timer resolution =10.000000 MHz
[2023.09.14-09.54.38:940][  0]LogMemory: Memory total: Physical=31.7GB (32GB approx)
[2023.09.14-09.54.38:940][  0]LogMemory: Platform Memory Stats for Windows
[2023.09.14-09.54.38:940][  0]LogMemory: Process Physical Memory: 148.40 MB used, 152.39 MB peak
[2023.09.14-09.54.38:940][  0]LogMemory: Process Virtual Memory: 130.53 MB used, 130.53 MB peak
[2023.09.14-09.54.38:940][  0]LogMemory: Physical Memory: 13381.62 MB used,  19061.93 MB free, 32443.55 MB total
[2023.09.14-09.54.38:941][  0]LogMemory: Virtual Memory: 134199728.00 MB used,  17999.10 MB free, 134217728.00 MB total
[2023.09.14-09.54.38:949][  0]LogWindows: WindowsPlatformFeatures enabled
[2023.09.14-09.54.39:085][  0]LogInit: Physics initialised using underlying interface: PhysX
[2023.09.14-09.54.39:086][  0]LogInit: Using OS detected language (en-US).
[2023.09.14-09.54.39:087][  0]LogInit: Using OS detected locale (nl-BE).
[2023.09.14-09.54.39:089][  0]LogTextLocalizationManager: No specific localization for 'en-US' exists, so the 'en' localization will be used.
[2023.09.14-09.54.39:314][  0]LogInit: Setting process to per monitor DPI aware
[2023.09.14-09.54.39:343][  0]LogWindowsTextInputMethodSystem: Display: IME system deactivated.
[2023.09.14-09.54.39:365][  0]LogSlate: New Slate User Created.  User Index 0, Is Virtual User: 0
[2023.09.14-09.54.39:365][  0]LogSlate: Slate User Registered.  User Index 0, Is Virtual User: 0
[2023.09.14-09.54.39:474][  0]LogD3D11RHI: Loaded GFSDK_Aftermath_Lib.x64.dll
[2023.09.14-09.54.39:479][  0]LogHMD: Failed to initialize OpenVR with code 110
[2023.09.14-09.54.39:479][  0]LogD3D11RHI: D3D11 min allowed feature level: 11_0
[2023.09.14-09.54.39:479][  0]LogD3D11RHI: D3D11 max allowed feature level: 11_0
[2023.09.14-09.54.39:479][  0]LogD3D11RHI: D3D11 adapters:
[2023.09.14-09.54.39:640][  0]LogD3D11RHI:    0. 'NVIDIA GeForce GTX 1060 6GB' (Feature Level 11_0)
[2023.09.14-09.54.39:641][  0]LogD3D11RHI:       6043/0/16221 MB DedicatedVideo/DedicatedSystem/SharedSystem, Outputs:2, VendorId:0x10de
[2023.09.14-09.54.39:646][  0]LogD3D11RHI:    1. 'Microsoft Basic Render Driver' (Feature Level 11_0)
[2023.09.14-09.54.39:646][  0]LogD3D11RHI:       0/0/16221 MB DedicatedVideo/DedicatedSystem/SharedSystem, Outputs:0, VendorId:0x1414
[2023.09.14-09.54.39:647][  0]LogD3D11RHI: Chosen D3D11 Adapter:
[2023.09.14-09.54.39:647][  0]LogD3D11RHI:     Description : NVIDIA GeForce GTX 1060 6GB
[2023.09.14-09.54.39:647][  0]LogD3D11RHI:     VendorId    : 10de
[2023.09.14-09.54.39:647][  0]LogD3D11RHI:     DeviceId    : 1c03
[2023.09.14-09.54.39:647][  0]LogD3D11RHI:     SubSysId    : 32831462
[2023.09.14-09.54.39:647][  0]LogD3D11RHI:     Revision    : 00a1
[2023.09.14-09.54.39:647][  0]LogD3D11RHI:     DedicatedVideoMemory : 6336544768 bytes
[2023.09.14-09.54.39:647][  0]LogD3D11RHI:     DedicatedSystemMemory : 0 bytes
[2023.09.14-09.54.39:647][  0]LogD3D11RHI:     SharedSystemMemory : 17009762304 bytes
[2023.09.14-09.54.39:647][  0]LogD3D11RHI:     AdapterLuid : 0 93674
[2023.09.14-09.54.39:656][  0]LogD3D11RHI: Creating new Direct3DDevice
[2023.09.14-09.54.39:656][  0]LogD3D11RHI:     GPU DeviceId: 0x1c03 (for the marketing name, search the web for "GPU Device Id")
[2023.09.14-09.54.39:656][  0]LogWindows: EnumDisplayDevices:
[2023.09.14-09.54.39:657][  0]LogWindows:    0. 'NVIDIA GeForce GTX 1060 6GB' (P:1 D:1)
[2023.09.14-09.54.39:657][  0]LogWindows:    1. 'NVIDIA GeForce GTX 1060 6GB' (P:0 D:1)
[2023.09.14-09.54.39:657][  0]LogWindows:    2. 'NVIDIA GeForce GTX 1060 6GB' (P:0 D:0)
[2023.09.14-09.54.39:658][  0]LogWindows:    3. 'NVIDIA GeForce GTX 1060 6GB' (P:0 D:0)
[2023.09.14-09.54.39:658][  0]LogWindows: DebugString: FoundDriverCount:4 
[2023.09.14-09.54.39:658][  0]LogD3D11RHI:     Adapter Name: NVIDIA GeForce GTX 1060 6GB
[2023.09.14-09.54.39:658][  0]LogD3D11RHI:   Driver Version: 531.29 (internal:31.0.15.3129, unified:531.29)
[2023.09.14-09.54.39:658][  0]LogD3D11RHI:      Driver Date: 3-8-2023
[2023.09.14-09.54.39:658][  0]LogRHI: Texture pool is 4230 MB (70% of 6043 MB)
[2023.09.14-09.54.39:658][  0]LogD3D11RHI: Creating D3DDevice using adapter:
[2023.09.14-09.54.39:658][  0]LogD3D11RHI:     Description : NVIDIA GeForce GTX 1060 6GB
[2023.09.14-09.54.39:658][  0]LogD3D11RHI:     VendorId    : 10de
[2023.09.14-09.54.39:658][  0]LogD3D11RHI:     DeviceId    : 1c03
[2023.09.14-09.54.39:658][  0]LogD3D11RHI:     SubSysId    : 32831462
[2023.09.14-09.54.39:659][  0]LogD3D11RHI:     Revision    : 00a1
[2023.09.14-09.54.39:659][  0]LogD3D11RHI:     DedicatedVideoMemory : 6336544768 bytes
[2023.09.14-09.54.39:659][  0]LogD3D11RHI:     DedicatedSystemMemory : 0 bytes
[2023.09.14-09.54.39:659][  0]LogD3D11RHI:     SharedSystemMemory : 17009762304 bytes
[2023.09.14-09.54.39:659][  0]LogD3D11RHI:     AdapterLuid : 0 93674
[2023.09.14-09.54.39:763][  0]LogD3D11RHI: RHI has support for 64 bit atomics
[2023.09.14-09.54.39:764][  0]LogD3D11RHI: Async texture creation enabled
[2023.09.14-09.54.39:764][  0]LogD3D11RHI: Array index from any shader is supported
[2023.09.14-09.54.39:781][  0]LogD3D11RHI: GPU Timing Frequency: 1000.000000 (Debug: 2 1)
[2023.09.14-09.54.39:817][  0]LogRHI: GeForceNow SDK initialized: 1
[2023.09.14-09.54.40:104][  0]LogTargetPlatformManager: Display: Loaded TargetPlatform 'AllDesktop'
[2023.09.14-09.54.40:127][  0]LogTargetPlatformManager: Display: Loaded TargetPlatform 'Android'
[2023.09.14-09.54.40:127][  0]LogTargetPlatformManager: Display: Loaded TargetPlatform 'Android_ASTC'
[2023.09.14-09.54.40:127][  0]LogTargetPlatformManager: Display: Loaded TargetPlatform 'Android_DXT'
[2023.09.14-09.54.40:127][  0]LogTargetPlatformManager: Display: Loaded TargetPlatform 'Android_ETC2'
[2023.09.14-09.54.40:127][  0]LogTargetPlatformManager: Display: Loaded TargetPlatform 'AndroidClient'
[2023.09.14-09.54.40:127][  0]LogTargetPlatformManager: Display: Loaded TargetPlatform 'Android_ASTCClient'
[2023.09.14-09.54.40:128][  0]LogTargetPlatformManager: Display: Loaded TargetPlatform 'Android_DXTClient'
[2023.09.14-09.54.40:128][  0]LogTargetPlatformManager: Display: Loaded TargetPlatform 'Android_ETC2Client'
[2023.09.14-09.54.40:128][  0]LogTargetPlatformManager: Display: Loaded TargetPlatform 'Android_Multi'
[2023.09.14-09.54.40:128][  0]LogTargetPlatformManager: Display: Loaded TargetPlatform 'Android_MultiClient'
[2023.09.14-09.54.40:151][  0]LogTargetPlatformManager: Display: Loaded TargetPlatform 'IOSClient'
[2023.09.14-09.54.40:151][  0]LogTargetPlatformManager: Display: Loaded TargetPlatform 'IOS'
[2023.09.14-09.54.40:164][  0]LogTargetPlatformManager: Display: Loaded TargetPlatform 'Linux'
[2023.09.14-09.54.40:170][  0]LogTargetPlatformManager: Display: Loaded TargetPlatform 'LinuxNoEditor'
[2023.09.14-09.54.40:176][  0]LogTargetPlatformManager: Display: Loaded TargetPlatform 'LinuxClient'
[2023.09.14-09.54.40:182][  0]LogTargetPlatformManager: Display: Loaded TargetPlatform 'LinuxServer'
[2023.09.14-09.54.40:192][  0]LogTargetPlatformManager: Display: Loaded TargetPlatform 'LinuxAArch64NoEditor'
[2023.09.14-09.54.40:198][  0]LogTargetPlatformManager: Display: Loaded TargetPlatform 'LinuxAArch64Client'
[2023.09.14-09.54.40:204][  0]LogTargetPlatformManager: Display: Loaded TargetPlatform 'LinuxAArch64Server'
[2023.09.14-09.54.40:228][  0]LogTargetPlatformManager: Display: Loaded TargetPlatform 'Lumin'
[2023.09.14-09.54.40:229][  0]LogTargetPlatformManager: Display: Loaded TargetPlatform 'LuminClient'
[2023.09.14-09.54.40:238][  0]LogTargetPlatformManager: Display: Loaded TargetPlatform 'MacNoEditor'
[2023.09.14-09.54.40:244][  0]LogTargetPlatformManager: Display: Loaded TargetPlatform 'Mac'
[2023.09.14-09.54.40:250][  0]LogTargetPlatformManager: Display: Loaded TargetPlatform 'MacClient'
[2023.09.14-09.54.40:255][  0]LogTargetPlatformManager: Display: Loaded TargetPlatform 'MacServer'
[2023.09.14-09.54.40:267][  0]LogTargetPlatformManager: Display: Loaded TargetPlatform 'TVOSClient'
[2023.09.14-09.54.40:267][  0]LogTargetPlatformManager: Display: Loaded TargetPlatform 'TVOS'
[2023.09.14-09.54.40:277][  0]LogTargetPlatformManager: Display: Loaded TargetPlatform 'WindowsNoEditor'
[2023.09.14-09.54.40:283][  0]LogTargetPlatformManager: Display: Loaded TargetPlatform 'Windows'
[2023.09.14-09.54.40:290][  0]LogTargetPlatformManager: Display: Loaded TargetPlatform 'WindowsClient'
[2023.09.14-09.54.40:296][  0]LogTargetPlatformManager: Display: Loaded TargetPlatform 'WindowsServer'
[2023.09.14-09.54.40:296][  0]LogTargetPlatformManager: Display: Building Assets For Windows
[2023.09.14-09.54.40:309][  0]LogAudioDebug: Display: Lib vorbis DLL was dynamically loaded.
[2023.09.14-09.54.40:354][  0]LogTextureFormatOodle: Display: Oodle Texture 2.9.0 init RDO Off
[2023.09.14-09.54.40:421][  0]LogRendererCore: Ray tracing is disabled. Reason: r.RayTracing=0.
[2023.09.14-09.54.40:421][  0]LogShaderCompilers: Guid format shader working directory is 10 characters bigger than the processId version (E:/Portfolio/Unreal/FPS_Game/Zombone/Intermediate/Shaders/WorkingDirectory/4528/).
[2023.09.14-09.54.40:422][  0]LogShaderCompilers: Cleaned the shader compiler working directory 'C:/Users/timve/AppData/Local/Temp/UnrealShaderWorkingDir/2A8F43654322B8516193B28795F19FD7/'.
[2023.09.14-09.54.40:422][  0]LogXGEController: Cannot use XGE Controller as Incredibuild is not installed on this machine.
[2023.09.14-09.54.40:422][  0]LogShaderCompilers: Cannot use XGE Shader Compiler as Incredibuild is not installed on this machine.
[2023.09.14-09.54.40:422][  0]LogShaderCompilers: Display: Using Local Shader Compiler.
[2023.09.14-09.54.41:145][  0]LogDerivedDataCache: Display: Max Cache Size: 512 MB
[2023.09.14-09.54.41:214][  0]LogDerivedDataCache: Loaded boot cache 0.07s 99MB C:/Users/timve/AppData/Local/UnrealEngine/4.27/DerivedDataCache/Boot.ddc.
[2023.09.14-09.54.41:215][  0]LogDerivedDataCache: Display: Loaded Boot cache: C:/Users/timve/AppData/Local/UnrealEngine/4.27/DerivedDataCache/Boot.ddc
[2023.09.14-09.54.41:215][  0]LogDerivedDataCache: FDerivedDataBackendGraph:  Pak pak cache file E:/Portfolio/Unreal/FPS_Game/Zombone/DerivedDataCache/DDC.ddp not found, will not use a pak cache.
[2023.09.14-09.54.41:215][  0]LogDerivedDataCache: Unable to find inner node Pak for hierarchical cache Hierarchy.
[2023.09.14-09.54.41:215][  0]LogDerivedDataCache: FDerivedDataBackendGraph:  CompressedPak pak cache file E:/Portfolio/Unreal/FPS_Game/Zombone/DerivedDataCache/Compressed.ddp not found, will not use a pak cache.
[2023.09.14-09.54.41:215][  0]LogDerivedDataCache: Unable to find inner node CompressedPak for hierarchical cache Hierarchy.
[2023.09.14-09.54.41:234][  0]LogDerivedDataCache: Display: Pak cache opened for reading ../../../Engine/DerivedDataCache/Compressed.ddp.
[2023.09.14-09.54.41:234][  0]LogDerivedDataCache: FDerivedDataBackendGraph:  EnterprisePak pak cache file ../../../Enterprise/DerivedDataCache/Compressed.ddp not found, will not use a pak cache.
[2023.09.14-09.54.41:234][  0]LogDerivedDataCache: Unable to find inner node EnterprisePak for hierarchical cache Hierarchy.
[2023.09.14-09.54.41:241][  0]LogDerivedDataCache: Speed tests for C:/Users/timve/AppData/Local/UnrealEngine/Common/DerivedDataCache took 0.01 seconds
[2023.09.14-09.54.41:241][  0]LogDerivedDataCache: Display: Performance to C:/Users/timve/AppData/Local/UnrealEngine/Common/DerivedDataCache: Latency=0.03ms. RandomReadSpeed=1506.05MBs, RandomWriteSpeed=172.84MBs. Assigned SpeedClass 'Local'
[2023.09.14-09.54.41:245][  0]LogDerivedDataCache: Using Local data cache path C:/Users/timve/AppData/Local/UnrealEngine/Common/DerivedDataCache: Writable
[2023.09.14-09.54.41:246][  0]LogDerivedDataCache: Shared data cache path not found in *engine.ini, will not use an Shared cache.
[2023.09.14-09.54.41:246][  0]LogDerivedDataCache: Unable to find inner node Shared for hierarchical cache Hierarchy.
[2023.09.14-09.54.41:289][  0]LogSlate: Using FreeType 2.10.0
[2023.09.14-09.54.41:290][  0]LogSlate: SlateFontServices - WITH_FREETYPE: 1, WITH_HARFBUZZ: 1
[2023.09.14-09.54.41:318][  0]LogAssetRegistry: FAssetRegistry took 0.0046 seconds to start up
[2023.09.14-09.54.41:547][  0]LogInit: Selected Device Profile: [Windows]
[2023.09.14-09.54.41:547][  0]LogInit: Active device profile: [00000220462F4F00][0000022043D79300 49] Windows
[2023.09.14-09.54.41:547][  0]LogInit: Profiles: [00000220462F4F00][0000022043D79300 49] Windows, [00000220462AAA00][0000022043D87480 49] WindowsNoEditor, [00000220462F5F00][0000022043D8B600 49] WindowsServer, [00000220462A9B00][00000220452C5780 49] WindowsClient, [00000220462F5200][00000220452C9900 49] IOS, [00000220462A9800][00000220452CDA80 49] iPadAir, [00000220462F7300][0000022043D8FC00 49] iPadAir2, [0000022046245300][0000022043DA0340 49] IPadPro, [0000022046245400][0000022043D96380 49] iPadAir3, [00000220462A8B00][0000022043DAA500 49] iPadAir4, [0000022046246100][0000022043D7C640 49] iPadMini2, [00000220462ABA00][0000022039188780 49] iPadMini3, [0000022046246C00][000002203918C8C0 49] iPadMini4, [00000220462AAC00][0000022039194A40 49] iPadMini5, [0000022046250E00][000002203919CD00 49] iPhone6, [0000022046250F00][0000022039198D40 49] iPodTouch6, [00000220462F7700][0000022043D93000 49] iPhone7, [00000220462F6800][00000220391EB040 49] iPodTouch7, [0000022046245100][00000220391A11C0 49] iPhone5S, [00000220462F5100][00000220391A5340 49] iPhone6Plus, [0000022046246A00][00000220392014C0 49] iPhone6S, [00000220462F5A00][0000022039205640 49] iPhone6SPlus, [0000022046250100][00000220450957C0 49] iPhone7Plus, [0000022046245D00][0000022045099940 49] iPhoneSE, [0000022046250C00][000002204509DAC0 49] iPhone8, [0000022046244400][00000220392080C0 49] iPhone8Plus, [0000022046252A00][000002203920C240 49] iPhoneX, [0000022046247C00][0000022043BEE3C0 49] iPhoneXS, [0000022046252900][000002203DFEA540 49] iPhoneXSMax, [0000022046244B00][000002203DFE66C0 49] iPhoneXR, [00000220462F7800][0000022039190800 49] iPhone11, [0000022046247D00][0000022043EDC940 49] iPhone11Pro, [00000220462F5B00][0000022043E72A80 49] iPhone11ProMax, [0000022046245500][0000022043EA4BC0 49] iPhoneSE2, [00000220462F5E00][0000022039210D40 49] iPhone12Mini, [0000022046247100][0000022043EACEC0 49] iPhone12, [00000220462F7400][0000022043EB1040 49] iPhone12Pro, [0000022046244D00][0000022043EB51C0 49] iPhone12ProMax, [00000220462F7C00][0000022043EB9340 49] iPadPro105, [0000022046247700][0000022043EBD4C0 49] iPadPro129, [00000220462F6A00][0000022043EC1640 49] iPadPro97, [0000022046244900][0000022043EC57C0 49] iPadPro2_129, [00000220462F4800][0000022043EC9940 49] iPad5, [0000022046245000][0000022043ECDAC0 49] iPad6, [00000220462F4400][0000022043ED00C0 49] iPad7, [0000022046246B00][000002203926C240 49] iPad8, [00000220462F7500][00000220392703C0 49] iPadPro11, [0000022046245800][0000022039274540 49] iPadPro2_11, [00000220462F4900][00000220392786C0 49] iPadPro3_129, [0000022046246800][000002203927C840 49] iPadPro4_129, [00000220462F6E00][0000022043EA8980 49] AppleTV, [0000022046247E00][0000022039280AC0 49] AppleTV4K, [00000220462F4500][0000022039284C00 49] TVOS, [0000022046245700][0000022039288D40 49] Mac, [00000220462F6300][0000022039290EC0 49] MacClient, [0000022046244800][0000022039295040 49] MacNoEditor, [00000220462F5000][00000220392991C0 49] MacServer, [0000022046244500][000002203929D340 49] Linux, [00000220462F6B00][00000220392A14C0 49] LinuxAArch64, [0000022046245600][00000220392A5640 49] LinuxNoEditor, [00000220462F6100][00000220392A97C0 49] LinuxAArch64NoEditor, [0000022046247900][00000220392AD940 49] LinuxClient, [00000220462F6600][00000220392B1AC0 49] LinuxAArch64Client, [0000022046246300][00000220392B40C0 49] LinuxServer, [00000220462F4700][00000220392B8240 49] LinuxAArch64Server, [0000022046245A00][00000220392BC3C0 49] Android, [00000220462F6200][00000220392C0540 49] Android_Low, [0000022046245C00][00000220392C46C0 49] Android_Mid, [00000220462F5300][00000220392C8840 49] Android_High, [0000022046244E00][00000220392CC9C0 49] Android_Default, [00000220462F7600][00000220392D0B40 49] Android_Adreno4xx, [0000022046244F00][000002203928CC80 49] Android_Adreno5xx_Low, [00000220462F7B00][00000220392D4DC0 49] Android_Adreno5xx, [0000022046247A00][00000220392D8F00 49] Android_Adreno6xx, [00000220462F4B00][00000220392E1080 49] Android_Adreno6xx_Vulkan, [0000022046245900][00000220392E5200 49] Android_Mali_T6xx, [00000220462F4A00][00000220392E9380 49] Android_Mali_T7xx, [00000220462A9A00][00000220392ED500 49] Android_Mali_T8xx, [0000022046250500][00000220392F1680 49] Android_Mali_G71, [00000220462A8600][00000220392F5800 49] Android_Mali_G72, [0000022046250300][00000220392F9980 49] Android_Mali_G72_Vulkan, [00000220462AB900][00000220392FDB00 49] Android_Mali_G76, [0000022046251000][0000022044FF0100 49] Android_Mali_G76_Vulkan, [00000220462AA600][0000022044FF4280 49] Android_Mali_G77, [0000022046252F00][0000022044FF8400 49] Android_Mali_G77_Vulkan, [00000220462A8E00][0000022044FFC580 49] Android_Mali_G78, [0000022046253100][0000022045000700 49] Android_Mali_G78_Vulkan, [00000220462A8800][0000022045004880 49] Android_Mali_G710, [0000022046252C00][0000022045008A00 49] Android_Mali_G710_Vulkan, [00000220462ABC00][000002204500CB80 49] Android_Vulkan_SM5, [0000022046253500][0000022045010D00 49] Android_PowerVR_G6xxx, [00000220462A9F00][00000220392DCE40 49] Android_PowerVR_GT7xxx, [0000022046251D00][0000022045014F80 49] Android_PowerVR_GE8xxx, [00000220462AB300][00000220450190C0 49] Android_PowerVR_GM9xxx, [0000022046250800][0000022045021240 49] Android_PowerVR_GM9xxx_Vulkan, [00000220462AB700][00000220450253C0 49] Android_TegraK1, [0000022046251200][0000022045029540 49] Android_Unknown_Vulkan, [00000220462AA900][000002204502D6C0 49] Lumin, [0000022046253700][0000022045031840 49] Lumin_Desktop, [00000220462AAE00][00000220450359C0 49] HoloLens, 
[2023.09.14-09.54.41:695][  0]LogMeshReduction: Using QuadricMeshReduction for automatic static mesh reduction
[2023.09.14-09.54.41:695][  0]LogMeshReduction: Using SimplygonMeshReduction for automatic skeletal mesh reduction
[2023.09.14-09.54.41:695][  0]LogMeshReduction: Using ProxyLODMeshReduction for automatic mesh merging
[2023.09.14-09.54.41:695][  0]LogMeshReduction: No distributed automatic mesh merging module available
[2023.09.14-09.54.41:695][  0]LogMeshMerging: No distributed automatic mesh merging module available
[2023.09.14-09.54.41:712][  0]LogNetVersion: Zombone 1.0.0, NetCL: 17155196, EngineNetVer: 17, GameNetVer: 0 (Checksum: 1748673324)
[2023.09.14-09.54.42:064][  0]LogTexture: Default maximum texture size for cubemaps generated from long-lat sources has been changed from 512 to unlimited. In order to preserve old behaiour for '/Engine/MapTemplates/Sky/DaylightAmbientCubemap.DaylightAmbientCubemap', its maximum texture size has been explicitly set to 512.
[2023.09.14-09.54.42:128][  0]LogHMD: PokeAHoleMaterial loaded successfully
[2023.09.14-09.54.42:135][  0]LogUObjectArray: 17178 objects as part of root set at end of initial load.
[2023.09.14-09.54.42:135][  0]LogUObjectAllocator: 4302048 out of 0 bytes used by permanent object pool.
[2023.09.14-09.54.42:135][  0]LogUObjectArray: CloseDisregardForGC: 0/0 objects in disregard for GC pool
[2023.09.14-09.54.42:463][  0]LogPython: Using Python 3.7.7
[2023.09.14-09.54.43:062][  0]LogTcpMessaging: Initializing TcpMessaging bridge
[2023.09.14-09.54.43:069][  0]LogUdpMessaging: Initializing bridge on interface 0.0.0.0:0 to multicast group 230.0.0.1:6666.
[2023.09.14-09.54.43:149][  0]LogNiagaraDebuggerClient: Niagara Debugger Client Initialized | Session: 715E649D4C849127C37680827BD1A305 | Instance: AE63FB4C44846F3CF78CB195519449C7 (DESKTOP-J6VGNOD-4528).
[2023.09.14-09.54.43:765][  0]LogOpenImageDenoise: OIDN starting up
[2023.09.14-09.54.43:834][  0]LogAndroidPermission: UAndroidPermissionCallbackProxy::GetInstance
[2023.09.14-09.54.43:852][  0]LogAudioCaptureCore: Display: No Audio Capture implementations found. Audio input will be silent.
[2023.09.14-09.54.43:852][  0]LogAudioCaptureCore: Display: No Audio Capture implementations found. Audio input will be silent.
[2023.09.14-09.54.44:001][  0]SourceControl: Source control is disabled
[2023.09.14-09.54.44:001][  0]SourceControl: Source control is disabled
[2023.09.14-09.54.44:012][  0]SourceControl: Source control is disabled
[2023.09.14-09.54.44:023][  0]SourceControl: Source control is disabled
[2023.09.14-09.54.44:033][  0]SourceControl: Source control is disabled
[2023.09.14-09.54.44:043][  0]LogUProjectInfo: Found projects:
[2023.09.14-09.54.44:065][  0]LogCollectionManager: Loaded 0 collections in 0.000667 seconds
[2023.09.14-09.54.44:096][  0]LogFileCache: Scanning file cache for directory 'E:/Portfolio/Unreal/FPS_Game/Zombone/Saved/Collections/' took 0.00s
[2023.09.14-09.54.44:096][  0]LogFileCache: Scanning file cache for directory 'E:/Portfolio/Unreal/FPS_Game/Zombone/Content/Developers/timve/Collections/' took 0.00s
[2023.09.14-09.54.44:096][  0]LogFileCache: Scanning file cache for directory 'E:/Portfolio/Unreal/FPS_Game/Zombone/Content/Collections/' took 0.00s
[2023.09.14-09.54.44:096][  0]LogOcInput: OculusInput pre-init called
[2023.09.14-09.54.44:323][  0]LogEngine: Initializing Engine...
[2023.09.14-09.54.44:457][  0]LogHMD: Optional extension XR_VARJO_quad_views is not available
[2023.09.14-09.54.44:457][  0]LogHMD: Warning: Required extension XR_EXT_eye_gaze_interaction is not available
[2023.09.14-09.54.44:457][  0]LogHMD: Could not enable all required OpenXR extensions for OpenXREyeTracker on current system. This plugin will be loaded but ignored, but will be enabled on a target platform that supports the required extension.
[2023.09.14-09.54.44:458][  0]LogHMD: Failed to get an OpenXR system, result is XR_ERROR_FORM_FACTOR_UNAVAILABLE. Please check that your runtime supports VR headsets.
[2023.09.14-09.54.44:458][  0]LogHMD: Failed to initialize OpenVR with code 110
[2023.09.14-09.54.44:458][  0]LogMagicLeap: Warning: VR disabled because ZI is not enabled.  To enable, in the editor, Edit -> Project Settings -> Plugins -> Magic Leap Plugin -> Enable Zero Iteration
[2023.09.14-09.54.44:459][  0]LogStats: UGameplayTagsManager::InitializeManager -  0.000 s
[2023.09.14-09.54.44:582][  0]LogInit: Initializing FReadOnlyCVARCache
[2023.09.14-09.54.44:592][  0]LogAIModule: Creating AISystem for world Untitled
[2023.09.14-09.54.44:607][  0]LogAudio: Display: Initializing Audio Device Manager...
[2023.09.14-09.54.44:612][  0]LogAudio: Display: Loading Default Audio Settings Objects...
[2023.09.14-09.54.44:612][  0]LogAudio: Display: No default SoundConcurrencyObject specified (or failed to load).
[2023.09.14-09.54.44:613][  0]LogAudio: Display: Audio Device Manager Initialized
[2023.09.14-09.54.44:613][  0]LogAudio: Display: Creating Audio Device:                 Id: 1, Scope: Shared, Realtime: True
[2023.09.14-09.54.44:613][  0]LogAudioMixer: Display: Audio Mixer Platform Settings:
[2023.09.14-09.54.44:613][  0]LogAudioMixer: Display: 	Sample Rate:						  48000
[2023.09.14-09.54.44:613][  0]LogAudioMixer: Display: 	Callback Buffer Frame Size Requested: 1024
[2023.09.14-09.54.44:613][  0]LogAudioMixer: Display: 	Callback Buffer Frame Size To Use:	  1024
[2023.09.14-09.54.44:613][  0]LogAudioMixer: Display: 	Number of buffers to queue:			  2
[2023.09.14-09.54.44:614][  0]LogAudioMixer: Display: 	Max Channels (voices):				  32
[2023.09.14-09.54.44:614][  0]LogAudioMixer: Display: 	Number of Async Source Workers:		  0
[2023.09.14-09.54.44:614][  0]LogAudio: Display: AudioDevice MaxSources: 32
[2023.09.14-09.54.44:614][  0]LogAudio: Display: Audio Spatialization Plugin: None (built-in).
[2023.09.14-09.54.44:614][  0]LogAudio: Display: Audio Reverb Plugin: None (built-in).
[2023.09.14-09.54.44:614][  0]LogAudio: Display: Audio Occlusion Plugin: None (built-in).
[2023.09.14-09.54.44:614][  0]LogAudioMixer: Display: Initializing audio mixer.
[2023.09.14-09.54.44:637][  0]LogAudioMixer: Display: 0: FrontLeft
[2023.09.14-09.54.44:637][  0]LogAudioMixer: Display: 1: FrontRight
[2023.09.14-09.54.44:665][  0]LogAudioMixer: Display: Using Audio Device Oortelefoon van hoofdtelefoon (Sennheiser Communication Audio)
[2023.09.14-09.54.44:670][  0]LogAudioMixer: Display: Initializing Sound Submixes...
[2023.09.14-09.54.44:672][  0]LogAudioMixer: Display: Creating Master Submix 'MasterSubmixDefault'
[2023.09.14-09.54.44:672][  0]LogAudioMixer: Display: Creating Master Submix 'MasterReverbSubmixDefault'
[2023.09.14-09.54.44:673][  0]LogAudioMixer: Display: Creating Master Submix 'MasterEQSubmixDefault'
[2023.09.14-09.54.44:673][  0]LogAudioMixer: FMixerPlatformXAudio2::StartAudioStream() called
[2023.09.14-09.54.44:674][  0]LogAudioMixer: Display: Output buffers initialized: Frames=1024, Channels=2, Samples=2048
[2023.09.14-09.54.44:676][  0]LogAudioMixer: Display: Starting AudioMixerPlatformInterface::RunInternal()
[2023.09.14-09.54.44:676][  0]LogAudioMixer: Display: FMixerPlatformXAudio2::SubmitBuffer() called for the first time
[2023.09.14-09.54.44:676][  0]LogInit: FAudioDevice initialized.
[2023.09.14-09.54.44:676][  0]LogAudio: Display: Audio Device (ID: 1) registered with world 'Untitled'.
[2023.09.14-09.54.44:676][  0]LogNetVersion: Set ProjectVersion to 1.0.0.0. Version Checksum will be recalculated on next use.
[2023.09.14-09.54.44:838][  0]LogDerivedDataCache: Saved boot cache 0.16s 99MB C:/Users/timve/AppData/Local/UnrealEngine/4.27/DerivedDataCache/Boot.ddc.
[2023.09.14-09.54.44:838][  0]LogInit: Texture streaming: Enabled
[2023.09.14-09.54.44:855][  0]LogAnalytics: Display: [UEEditor.Rocket.Release] APIServer = https://datarouter.ol.epicgames.com/. AppVersion = 4.27.2-18319896+++UE4+Release-4.27
[2023.09.14-09.54.44:860][  0]LogEngineSessionManager: EngineSessionManager initialized
[2023.09.14-09.54.44:860][  0]LogEditorSessionSummary: Verbose: Initializing EditorSessionSummaryWriter for editor session tracking
[2023.09.14-09.54.44:862][  0]LogEditorSessionSummary: EditorSessionSummaryWriter initialized
[2023.09.14-09.54.44:991][  0]LogInit: Transaction tracking system initialized
[2023.09.14-09.54.45:020][  0]BlueprintLog: New page: Editor Load
[2023.09.14-09.54.45:103][  0]LocalizationService: Localization service is disabled
[2023.09.14-09.54.45:140][  0]TimingProfiler: Initialize
[2023.09.14-09.54.45:140][  0]TimingProfiler: OnSessionChanged
[2023.09.14-09.54.45:140][  0]LoadingProfiler: Initialize
[2023.09.14-09.54.45:140][  0]LoadingProfiler: OnSessionChanged
[2023.09.14-09.54.45:141][  0]NetworkingProfiler: Initialize
[2023.09.14-09.54.45:141][  0]NetworkingProfiler: OnSessionChanged
[2023.09.14-09.54.45:141][  0]MemoryProfiler: Initialize
[2023.09.14-09.54.45:141][  0]MemoryProfiler: OnSessionChanged
[2023.09.14-09.54.45:306][  0]LogCook: Display: CookSettings for Memory: MemoryMaxUsedVirtual 0MiB, MemoryMaxUsedPhysical 16384MiB, MemoryMinFreeVirtual 0MiB, MemoryMinFreePhysical 1024MiB
[2023.09.14-09.54.45:306][  0]LogCook: Display: Mobile HDR setting 1
[2023.09.14-09.54.45:554][  0]LogFileCache: Scanning file cache for directory 'E:/Portfolio/Unreal/FPS_Game/Zombone/Content/' took 0.01s
[2023.09.14-09.54.45:724][  0]LogInit: Display: Engine is initialized. Leaving FEngineLoop::Init()
[2023.09.14-09.54.45:727][  0]SourceControl: Source control is disabled
[2023.09.14-09.54.45:727][  0]LogUnrealEdMisc: Loading editor; pre map load, took 9.039
[2023.09.14-09.54.45:727][  0]Cmd: MAP LOAD FILE="E:/Portfolio/Unreal/FPS_Game/Zombone/Content/PalaceHall/Levels/Level_PalaceHall_Demo.umap" TEMPLATE=0 SHOWPROGRESS=1 FEATURELEVEL=3
[2023.09.14-09.54.45:728][  0]LightingResults: New page: Lighting Build
[2023.09.14-09.54.45:729][  0]LogWorld: UWorld::CleanupWorld for Untitled, bSessionEnded=true, bCleanupResources=true
[2023.09.14-09.54.45:729][  0]LogSlate: InvalidateAllWidgets triggered.  All widgets were invalidated
[2023.09.14-09.54.45:730][  0]MapCheck: New page: Map Check
[2023.09.14-09.54.45:730][  0]LightingResults: New page: Lighting Build
[2023.09.14-09.54.45:735][  0]LogAudio: Display: Audio Device unregistered from world 'None'.
[2023.09.14-09.54.45:741][  0]LogUObjectHash: Compacting FUObjectHashTables data took   0.93ms
[2023.09.14-09.54.46:343][  0]LogAudio: Display: Audio Device (ID: 1) registered with world 'Level_PalaceHall_Demo'.
[2023.09.14-09.54.46:344][  0]LogAIModule: Creating AISystem for world Level_PalaceHall_Demo
[2023.09.14-09.54.46:406][  0]LogEditorServer: Finished looking for orphan Actors (0.000 secs)
[2023.09.14-09.54.46:465][  0]LogUObjectHash: Compacting FUObjectHashTables data took   0.96ms
[2023.09.14-09.54.46:466][  0]Cmd: MAP CHECKDEP NOCLEARLOG
[2023.09.14-09.54.46:467][  0]MapCheck: Map check complete: 0 Error(s), 0 Warning(s), took 0,439ms to complete.
[2023.09.14-09.54.46:467][  0]LogFileHelpers: Loading map 'Level_PalaceHall_Demo' took 0.741
[2023.09.14-09.54.46:469][  0]LogUnrealEdMisc: Total Editor Startup Time, took 9.782
[2023.09.14-09.54.46:614][  0]LogSlate: Updating window title bar state: overlay mode, drag disabled, window buttons hidden, title bar hidden
[2023.09.14-09.54.46:621][  0]LogSlate: Updating window title bar state: overlay mode, drag disabled, window buttons hidden, title bar hidden
[2023.09.14-09.54.46:628][  0]LogSlate: Updating window title bar state: overlay mode, drag disabled, window buttons hidden, title bar hidden
[2023.09.14-09.54.46:635][  0]LogSlate: Updating window title bar state: overlay mode, drag disabled, window buttons hidden, title bar hidden
[2023.09.14-09.54.46:649][  0]LogNativeClassHierarchy: Verbose: Native class hierarchy populated in 0.0098 seconds. Added 3830 classes and 930 folders.
[2023.09.14-09.54.46:651][  0]LogNativeClassHierarchy: Verbose: Native class hierarchy updated for 'WidgetCarousel' in 0.0003 seconds. Added 0 classes and 0 folders.
[2023.09.14-09.54.46:653][  0]LogPakFile: PakFile PrimaryIndexSize=187
[2023.09.14-09.54.46:653][  0]LogPakFile: PakFile PathHashIndexSize=101
[2023.09.14-09.54.46:653][  0]LogPakFile: PakFile FullDirectoryIndexSize=148
[2023.09.14-09.54.46:653][  0]LogShaderLibrary: Display: ShaderCodeLibraryPakFileMountedCallback: PakFile 'D:/Epic Games/UE_4.27/FeaturePacks/FP_FirstPerson.upack' (chunk index -1, root 'root:/') mounted
[2023.09.14-09.54.46:653][  0]LogShaderLibrary: Display: ShaderCodeLibraryPakFileMountedCallback: pending pak file info (ChunkID:-1 Root:root:/ File:D:/Epic Games/UE_4.27/FeaturePacks/FP_FirstPerson.upack)
[2023.09.14-09.54.46:653][  0]LogPakFile: OnPakFileMounted2Time == 0.000251
[2023.09.14-09.54.46:654][  0]LogPakFile: PakFile PrimaryIndexSize=189
[2023.09.14-09.54.46:654][  0]LogPakFile: PakFile PathHashIndexSize=101
[2023.09.14-09.54.46:654][  0]LogPakFile: PakFile FullDirectoryIndexSize=152
[2023.09.14-09.54.46:654][  0]LogShaderLibrary: Display: ShaderCodeLibraryPakFileMountedCallback: PakFile 'D:/Epic Games/UE_4.27/FeaturePacks/FP_FirstPersonBP.upack' (chunk index -1, root 'root:/') mounted
[2023.09.14-09.54.46:654][  0]LogShaderLibrary: Display: ShaderCodeLibraryPakFileMountedCallback: pending pak file info (ChunkID:-1 Root:root:/ File:D:/Epic Games/UE_4.27/FeaturePacks/FP_FirstPersonBP.upack)
[2023.09.14-09.54.46:654][  0]LogPakFile: OnPakFileMounted2Time == 0.000236
[2023.09.14-09.54.46:655][  0]LogPakFile: PakFile PrimaryIndexSize=191
[2023.09.14-09.54.46:655][  0]LogPakFile: PakFile PathHashIndexSize=101
[2023.09.14-09.54.46:655][  0]LogPakFile: PakFile FullDirectoryIndexSize=160
[2023.09.14-09.54.46:655][  0]LogShaderLibrary: Display: ShaderCodeLibraryPakFileMountedCallback: PakFile 'D:/Epic Games/UE_4.27/FeaturePacks/MobileStarterContent.upack' (chunk index -1, root 'root:/') mounted
[2023.09.14-09.54.46:656][  0]LogShaderLibrary: Display: ShaderCodeLibraryPakFileMountedCallback: pending pak file info (ChunkID:-1 Root:root:/ File:D:/Epic Games/UE_4.27/FeaturePacks/MobileStarterContent.upack)
[2023.09.14-09.54.46:656][  0]LogPakFile: OnPakFileMounted2Time == 0.000241
[2023.09.14-09.54.46:656][  0]LogPakFile: PakFile PrimaryIndexSize=185
[2023.09.14-09.54.46:656][  0]LogPakFile: PakFile PathHashIndexSize=101
[2023.09.14-09.54.46:656][  0]LogPakFile: PakFile FullDirectoryIndexSize=148
[2023.09.14-09.54.46:656][  0]LogShaderLibrary: Display: ShaderCodeLibraryPakFileMountedCallback: PakFile 'D:/Epic Games/UE_4.27/FeaturePacks/StarterContent.upack' (chunk index -1, root 'root:/') mounted
[2023.09.14-09.54.46:657][  0]LogShaderLibrary: Display: ShaderCodeLibraryPakFileMountedCallback: pending pak file info (ChunkID:-1 Root:root:/ File:D:/Epic Games/UE_4.27/FeaturePacks/StarterContent.upack)
[2023.09.14-09.54.46:657][  0]LogPakFile: OnPakFileMounted2Time == 0.000207
[2023.09.14-09.54.46:657][  0]LogPakFile: PakFile PrimaryIndexSize=190
[2023.09.14-09.54.46:657][  0]LogPakFile: PakFile PathHashIndexSize=101
[2023.09.14-09.54.46:657][  0]LogPakFile: PakFile FullDirectoryIndexSize=154
[2023.09.14-09.54.46:658][  0]LogShaderLibrary: Display: ShaderCodeLibraryPakFileMountedCallback: PakFile 'D:/Epic Games/UE_4.27/FeaturePacks/TP_2DSideScroller.upack' (chunk index -1, root 'root:/') mounted
[2023.09.14-09.54.46:658][  0]LogShaderLibrary: Display: ShaderCodeLibraryPakFileMountedCallback: pending pak file info (ChunkID:-1 Root:root:/ File:D:/Epic Games/UE_4.27/FeaturePacks/TP_2DSideScroller.upack)
[2023.09.14-09.54.46:658][  0]LogPakFile: OnPakFileMounted2Time == 0.000156
[2023.09.14-09.54.46:658][  0]LogPakFile: PakFile PrimaryIndexSize=192
[2023.09.14-09.54.46:658][  0]LogPakFile: PakFile PathHashIndexSize=101
[2023.09.14-09.54.46:658][  0]LogPakFile: PakFile FullDirectoryIndexSize=158
[2023.09.14-09.54.46:658][  0]LogShaderLibrary: Display: ShaderCodeLibraryPakFileMountedCallback: PakFile 'D:/Epic Games/UE_4.27/FeaturePacks/TP_2DSideScrollerBP.upack' (chunk index -1, root 'root:/') mounted
[2023.09.14-09.54.46:659][  0]LogShaderLibrary: Display: ShaderCodeLibraryPakFileMountedCallback: pending pak file info (ChunkID:-1 Root:root:/ File:D:/Epic Games/UE_4.27/FeaturePacks/TP_2DSideScrollerBP.upack)
[2023.09.14-09.54.46:659][  0]LogPakFile: OnPakFileMounted2Time == 0.000165
[2023.09.14-09.54.46:659][  0]LogPakFile: PakFile PrimaryIndexSize=182
[2023.09.14-09.54.46:659][  0]LogPakFile: PakFile PathHashIndexSize=101
[2023.09.14-09.54.46:659][  0]LogPakFile: PakFile FullDirectoryIndexSize=138
[2023.09.14-09.54.46:659][  0]LogShaderLibrary: Display: ShaderCodeLibraryPakFileMountedCallback: PakFile 'D:/Epic Games/UE_4.27/FeaturePacks/TP_Flying.upack' (chunk index -1, root 'root:/') mounted
[2023.09.14-09.54.46:659][  0]LogShaderLibrary: Display: ShaderCodeLibraryPakFileMountedCallback: pending pak file info (ChunkID:-1 Root:root:/ File:D:/Epic Games/UE_4.27/FeaturePacks/TP_Flying.upack)
[2023.09.14-09.54.46:660][  0]LogPakFile: OnPakFileMounted2Time == 0.000193
[2023.09.14-09.54.46:660][  0]LogPakFile: PakFile PrimaryIndexSize=184
[2023.09.14-09.54.46:660][  0]LogPakFile: PakFile PathHashIndexSize=101
[2023.09.14-09.54.46:660][  0]LogPakFile: PakFile FullDirectoryIndexSize=142
[2023.09.14-09.54.46:660][  0]LogShaderLibrary: Display: ShaderCodeLibraryPakFileMountedCallback: PakFile 'D:/Epic Games/UE_4.27/FeaturePacks/TP_FlyingBP.upack' (chunk index -1, root 'root:/') mounted
[2023.09.14-09.54.46:660][  0]LogShaderLibrary: Display: ShaderCodeLibraryPakFileMountedCallback: pending pak file info (ChunkID:-1 Root:root:/ File:D:/Epic Games/UE_4.27/FeaturePacks/TP_FlyingBP.upack)
[2023.09.14-09.54.46:661][  0]LogPakFile: OnPakFileMounted2Time == 0.000263
[2023.09.14-09.54.46:661][  0]LogPakFile: PakFile PrimaryIndexSize=188
[2023.09.14-09.54.46:662][  0]LogPakFile: PakFile PathHashIndexSize=101
[2023.09.14-09.54.46:662][  0]LogPakFile: PakFile FullDirectoryIndexSize=150
[2023.09.14-09.54.46:662][  0]LogShaderLibrary: Display: ShaderCodeLibraryPakFileMountedCallback: PakFile 'D:/Epic Games/UE_4.27/FeaturePacks/TP_HandheldARBP.upack' (chunk index -1, root 'root:/') mounted
[2023.09.14-09.54.46:662][  0]LogShaderLibrary: Display: ShaderCodeLibraryPakFileMountedCallback: pending pak file info (ChunkID:-1 Root:root:/ File:D:/Epic Games/UE_4.27/FeaturePacks/TP_HandheldARBP.upack)
[2023.09.14-09.54.46:662][  0]LogPakFile: OnPakFileMounted2Time == 0.000279
[2023.09.14-09.54.46:663][  0]LogPakFile: PakFile PrimaryIndexSize=182
[2023.09.14-09.54.46:663][  0]LogPakFile: PakFile PathHashIndexSize=101
[2023.09.14-09.54.46:663][  0]LogPakFile: PakFile FullDirectoryIndexSize=138
[2023.09.14-09.54.46:663][  0]LogShaderLibrary: Display: ShaderCodeLibraryPakFileMountedCallback: PakFile 'D:/Epic Games/UE_4.27/FeaturePacks/TP_Puzzle.upack' (chunk index -1, root 'root:/') mounted
[2023.09.14-09.54.46:663][  0]LogShaderLibrary: Display: ShaderCodeLibraryPakFileMountedCallback: pending pak file info (ChunkID:-1 Root:root:/ File:D:/Epic Games/UE_4.27/FeaturePacks/TP_Puzzle.upack)
[2023.09.14-09.54.46:664][  0]LogPakFile: OnPakFileMounted2Time == 0.000234
[2023.09.14-09.54.46:664][  0]LogPakFile: PakFile PrimaryIndexSize=184
[2023.09.14-09.54.46:664][  0]LogPakFile: PakFile PathHashIndexSize=101
[2023.09.14-09.54.46:664][  0]LogPakFile: PakFile FullDirectoryIndexSize=142
[2023.09.14-09.54.46:665][  0]LogShaderLibrary: Display: ShaderCodeLibraryPakFileMountedCallback: PakFile 'D:/Epic Games/UE_4.27/FeaturePacks/TP_PuzzleBP.upack' (chunk index -1, root 'root:/') mounted
[2023.09.14-09.54.46:665][  0]LogShaderLibrary: Display: ShaderCodeLibraryPakFileMountedCallback: pending pak file info (ChunkID:-1 Root:root:/ File:D:/Epic Games/UE_4.27/FeaturePacks/TP_PuzzleBP.upack)
[2023.09.14-09.54.46:665][  0]LogPakFile: OnPakFileMounted2Time == 0.000267
[2023.09.14-09.54.46:666][  0]LogPakFile: PakFile PrimaryIndexSize=183
[2023.09.14-09.54.46:666][  0]LogPakFile: PakFile PathHashIndexSize=101
[2023.09.14-09.54.46:666][  0]LogPakFile: PakFile FullDirectoryIndexSize=140
[2023.09.14-09.54.46:666][  0]LogShaderLibrary: Display: ShaderCodeLibraryPakFileMountedCallback: PakFile 'D:/Epic Games/UE_4.27/FeaturePacks/TP_Rolling.upack' (chunk index -1, root 'root:/') mounted
[2023.09.14-09.54.46:666][  0]LogShaderLibrary: Display: ShaderCodeLibraryPakFileMountedCallback: pending pak file info (ChunkID:-1 Root:root:/ File:D:/Epic Games/UE_4.27/FeaturePacks/TP_Rolling.upack)
[2023.09.14-09.54.46:666][  0]LogPakFile: OnPakFileMounted2Time == 0.000169
[2023.09.14-09.54.46:667][  0]LogPakFile: PakFile PrimaryIndexSize=185
[2023.09.14-09.54.46:667][  0]LogPakFile: PakFile PathHashIndexSize=101
[2023.09.14-09.54.46:667][  0]LogPakFile: PakFile FullDirectoryIndexSize=144
[2023.09.14-09.54.46:667][  0]LogShaderLibrary: Display: ShaderCodeLibraryPakFileMountedCallback: PakFile 'D:/Epic Games/UE_4.27/FeaturePacks/TP_RollingBP.upack' (chunk index -1, root 'root:/') mounted
[2023.09.14-09.54.46:667][  0]LogShaderLibrary: Display: ShaderCodeLibraryPakFileMountedCallback: pending pak file info (ChunkID:-1 Root:root:/ File:D:/Epic Games/UE_4.27/FeaturePacks/TP_RollingBP.upack)
[2023.09.14-09.54.46:667][  0]LogPakFile: OnPakFileMounted2Time == 0.000174
[2023.09.14-09.54.46:668][  0]LogPakFile: PakFile PrimaryIndexSize=188
[2023.09.14-09.54.46:668][  0]LogPakFile: PakFile PathHashIndexSize=101
[2023.09.14-09.54.46:668][  0]LogPakFile: PakFile FullDirectoryIndexSize=150
[2023.09.14-09.54.46:668][  0]LogShaderLibrary: Display: ShaderCodeLibraryPakFileMountedCallback: PakFile 'D:/Epic Games/UE_4.27/FeaturePacks/TP_SideScroller.upack' (chunk index -1, root 'root:/') mounted
[2023.09.14-09.54.46:668][  0]LogShaderLibrary: Display: ShaderCodeLibraryPakFileMountedCallback: pending pak file info (ChunkID:-1 Root:root:/ File:D:/Epic Games/UE_4.27/FeaturePacks/TP_SideScroller.upack)
[2023.09.14-09.54.46:669][  0]LogPakFile: OnPakFileMounted2Time == 0.000272
[2023.09.14-09.54.46:669][  0]LogPakFile: PakFile PrimaryIndexSize=190
[2023.09.14-09.54.46:669][  0]LogPakFile: PakFile PathHashIndexSize=101
[2023.09.14-09.54.46:670][  0]LogPakFile: PakFile FullDirectoryIndexSize=154
[2023.09.14-09.54.46:670][  0]LogShaderLibrary: Display: ShaderCodeLibraryPakFileMountedCallback: PakFile 'D:/Epic Games/UE_4.27/FeaturePacks/TP_SideScrollerBP.upack' (chunk index -1, root 'root:/') mounted
[2023.09.14-09.54.46:670][  0]LogShaderLibrary: Display: ShaderCodeLibraryPakFileMountedCallback: pending pak file info (ChunkID:-1 Root:root:/ File:D:/Epic Games/UE_4.27/FeaturePacks/TP_SideScrollerBP.upack)
[2023.09.14-09.54.46:670][  0]LogPakFile: OnPakFileMounted2Time == 0.000168
[2023.09.14-09.54.46:671][  0]LogPakFile: PakFile PrimaryIndexSize=187
[2023.09.14-09.54.46:671][  0]LogPakFile: PakFile PathHashIndexSize=101
[2023.09.14-09.54.46:671][  0]LogPakFile: PakFile FullDirectoryIndexSize=148
[2023.09.14-09.54.46:671][  0]LogShaderLibrary: Display: ShaderCodeLibraryPakFileMountedCallback: PakFile 'D:/Epic Games/UE_4.27/FeaturePacks/TP_ThirdPerson.upack' (chunk index -1, root 'root:/') mounted
[2023.09.14-09.54.46:671][  0]LogShaderLibrary: Display: ShaderCodeLibraryPakFileMountedCallback: pending pak file info (ChunkID:-1 Root:root:/ File:D:/Epic Games/UE_4.27/FeaturePacks/TP_ThirdPerson.upack)
[2023.09.14-09.54.46:671][  0]LogPakFile: OnPakFileMounted2Time == 0.000230
[2023.09.14-09.54.46:672][  0]LogPakFile: PakFile PrimaryIndexSize=189
[2023.09.14-09.54.46:673][  0]LogPakFile: PakFile PathHashIndexSize=101
[2023.09.14-09.54.46:673][  0]LogPakFile: PakFile FullDirectoryIndexSize=152
[2023.09.14-09.54.46:673][  0]LogShaderLibrary: Display: ShaderCodeLibraryPakFileMountedCallback: PakFile 'D:/Epic Games/UE_4.27/FeaturePacks/TP_ThirdPersonBP.upack' (chunk index -1, root 'root:/') mounted
[2023.09.14-09.54.46:673][  0]LogShaderLibrary: Display: ShaderCodeLibraryPakFileMountedCallback: pending pak file info (ChunkID:-1 Root:root:/ File:D:/Epic Games/UE_4.27/FeaturePacks/TP_ThirdPersonBP.upack)
[2023.09.14-09.54.46:673][  0]LogPakFile: OnPakFileMounted2Time == 0.000144
[2023.09.14-09.54.46:674][  0]LogPakFile: PakFile PrimaryIndexSize=183
[2023.09.14-09.54.46:674][  0]LogPakFile: PakFile PathHashIndexSize=101
[2023.09.14-09.54.46:674][  0]LogPakFile: PakFile FullDirectoryIndexSize=140
[2023.09.14-09.54.46:674][  0]LogShaderLibrary: Display: ShaderCodeLibraryPakFileMountedCallback: PakFile 'D:/Epic Games/UE_4.27/FeaturePacks/TP_TopDown.upack' (chunk index -1, root 'root:/') mounted
[2023.09.14-09.54.46:674][  0]LogShaderLibrary: Display: ShaderCodeLibraryPakFileMountedCallback: pending pak file info (ChunkID:-1 Root:root:/ File:D:/Epic Games/UE_4.27/FeaturePacks/TP_TopDown.upack)
[2023.09.14-09.54.46:674][  0]LogPakFile: OnPakFileMounted2Time == 0.000151
[2023.09.14-09.54.46:675][  0]LogPakFile: PakFile PrimaryIndexSize=185
[2023.09.14-09.54.46:675][  0]LogPakFile: PakFile PathHashIndexSize=101
[2023.09.14-09.54.46:675][  0]LogPakFile: PakFile FullDirectoryIndexSize=144
[2023.09.14-09.54.46:675][  0]LogShaderLibrary: Display: ShaderCodeLibraryPakFileMountedCallback: PakFile 'D:/Epic Games/UE_4.27/FeaturePacks/TP_TopDownBP.upack' (chunk index -1, root 'root:/') mounted
[2023.09.14-09.54.46:675][  0]LogShaderLibrary: Display: ShaderCodeLibraryPakFileMountedCallback: pending pak file info (ChunkID:-1 Root:root:/ File:D:/Epic Games/UE_4.27/FeaturePacks/TP_TopDownBP.upack)
[2023.09.14-09.54.46:675][  0]LogPakFile: OnPakFileMounted2Time == 0.000185
[2023.09.14-09.54.46:676][  0]LogPakFile: PakFile PrimaryIndexSize=185
[2023.09.14-09.54.46:676][  0]LogPakFile: PakFile PathHashIndexSize=101
[2023.09.14-09.54.46:676][  0]LogPakFile: PakFile FullDirectoryIndexSize=144
[2023.09.14-09.54.46:676][  0]LogShaderLibrary: Display: ShaderCodeLibraryPakFileMountedCallback: PakFile 'D:/Epic Games/UE_4.27/FeaturePacks/TP_TwinStick.upack' (chunk index -1, root 'root:/') mounted
[2023.09.14-09.54.46:676][  0]LogShaderLibrary: Display: ShaderCodeLibraryPakFileMountedCallback: pending pak file info (ChunkID:-1 Root:root:/ File:D:/Epic Games/UE_4.27/FeaturePacks/TP_TwinStick.upack)
[2023.09.14-09.54.46:676][  0]LogPakFile: OnPakFileMounted2Time == 0.000158
[2023.09.14-09.54.46:676][  0]LogPakFile: PakFile PrimaryIndexSize=187
[2023.09.14-09.54.46:677][  0]LogPakFile: PakFile PathHashIndexSize=101
[2023.09.14-09.54.46:677][  0]LogPakFile: PakFile FullDirectoryIndexSize=148
[2023.09.14-09.54.46:677][  0]LogShaderLibrary: Display: ShaderCodeLibraryPakFileMountedCallback: PakFile 'D:/Epic Games/UE_4.27/FeaturePacks/TP_TwinStickBP.upack' (chunk index -1, root 'root:/') mounted
[2023.09.14-09.54.46:677][  0]LogShaderLibrary: Display: ShaderCodeLibraryPakFileMountedCallback: pending pak file info (ChunkID:-1 Root:root:/ File:D:/Epic Games/UE_4.27/FeaturePacks/TP_TwinStickBP.upack)
[2023.09.14-09.54.46:677][  0]LogPakFile: OnPakFileMounted2Time == 0.000197
[2023.09.14-09.54.46:678][  0]LogPakFile: PakFile PrimaryIndexSize=183
[2023.09.14-09.54.46:678][  0]LogPakFile: PakFile PathHashIndexSize=101
[2023.09.14-09.54.46:678][  0]LogPakFile: PakFile FullDirectoryIndexSize=140
[2023.09.14-09.54.46:678][  0]LogShaderLibrary: Display: ShaderCodeLibraryPakFileMountedCallback: PakFile 'D:/Epic Games/UE_4.27/FeaturePacks/TP_Vehicle.upack' (chunk index -1, root 'root:/') mounted
[2023.09.14-09.54.46:678][  0]LogShaderLibrary: Display: ShaderCodeLibraryPakFileMountedCallback: pending pak file info (ChunkID:-1 Root:root:/ File:D:/Epic Games/UE_4.27/FeaturePacks/TP_Vehicle.upack)
[2023.09.14-09.54.46:678][  0]LogPakFile: OnPakFileMounted2Time == 0.000133
[2023.09.14-09.54.46:679][  0]LogPakFile: PakFile PrimaryIndexSize=186
[2023.09.14-09.54.46:679][  0]LogPakFile: PakFile PathHashIndexSize=101
[2023.09.14-09.54.46:679][  0]LogPakFile: PakFile FullDirectoryIndexSize=146
[2023.09.14-09.54.46:679][  0]LogShaderLibrary: Display: ShaderCodeLibraryPakFileMountedCallback: PakFile 'D:/Epic Games/UE_4.27/FeaturePacks/TP_VehicleAdv.upack' (chunk index -1, root 'root:/') mounted
[2023.09.14-09.54.46:679][  0]LogShaderLibrary: Display: ShaderCodeLibraryPakFileMountedCallback: pending pak file info (ChunkID:-1 Root:root:/ File:D:/Epic Games/UE_4.27/FeaturePacks/TP_VehicleAdv.upack)
[2023.09.14-09.54.46:679][  0]LogPakFile: OnPakFileMounted2Time == 0.000138
[2023.09.14-09.54.46:680][  0]LogPakFile: PakFile PrimaryIndexSize=188
[2023.09.14-09.54.46:680][  0]LogPakFile: PakFile PathHashIndexSize=101
[2023.09.14-09.54.46:680][  0]LogPakFile: PakFile FullDirectoryIndexSize=150
[2023.09.14-09.54.46:680][  0]LogShaderLibrary: Display: ShaderCodeLibraryPakFileMountedCallback: PakFile 'D:/Epic Games/UE_4.27/FeaturePacks/TP_VehicleAdvBP.upack' (chunk index -1, root 'root:/') mounted
[2023.09.14-09.54.46:680][  0]LogShaderLibrary: Display: ShaderCodeLibraryPakFileMountedCallback: pending pak file info (ChunkID:-1 Root:root:/ File:D:/Epic Games/UE_4.27/FeaturePacks/TP_VehicleAdvBP.upack)
[2023.09.14-09.54.46:680][  0]LogPakFile: OnPakFileMounted2Time == 0.000141
[2023.09.14-09.54.46:681][  0]LogPakFile: PakFile PrimaryIndexSize=185
[2023.09.14-09.54.46:681][  0]LogPakFile: PakFile PathHashIndexSize=101
[2023.09.14-09.54.46:681][  0]LogPakFile: PakFile FullDirectoryIndexSize=144
[2023.09.14-09.54.46:681][  0]LogShaderLibrary: Display: ShaderCodeLibraryPakFileMountedCallback: PakFile 'D:/Epic Games/UE_4.27/FeaturePacks/TP_VehicleBP.upack' (chunk index -1, root 'root:/') mounted
[2023.09.14-09.54.46:681][  0]LogShaderLibrary: Display: ShaderCodeLibraryPakFileMountedCallback: pending pak file info (ChunkID:-1 Root:root:/ File:D:/Epic Games/UE_4.27/FeaturePacks/TP_VehicleBP.upack)
[2023.09.14-09.54.46:681][  0]LogPakFile: OnPakFileMounted2Time == 0.000190
[2023.09.14-09.54.46:682][  0]LogPakFile: PakFile PrimaryIndexSize=192
[2023.09.14-09.54.46:682][  0]LogPakFile: PakFile PathHashIndexSize=101
[2023.09.14-09.54.46:682][  0]LogPakFile: PakFile FullDirectoryIndexSize=158
[2023.09.14-09.54.46:682][  0]LogShaderLibrary: Display: ShaderCodeLibraryPakFileMountedCallback: PakFile 'D:/Epic Games/UE_4.27/FeaturePacks/TP_VirtualRealityBP.upack' (chunk index -1, root 'root:/') mounted
[2023.09.14-09.54.46:682][  0]LogShaderLibrary: Display: ShaderCodeLibraryPakFileMountedCallback: pending pak file info (ChunkID:-1 Root:root:/ File:D:/Epic Games/UE_4.27/FeaturePacks/TP_VirtualRealityBP.upack)
[2023.09.14-09.54.46:682][  0]LogPakFile: OnPakFileMounted2Time == 0.000128
[2023.09.14-09.54.46:709][  0]LogNativeClassHierarchy: Verbose: Native class hierarchy updated for 'AddContentDialog' in 0.0004 seconds. Added 0 classes and 0 folders.
[2023.09.14-09.54.46:711][  0]LogNativeClassHierarchy: Verbose: Native class hierarchy updated for 'SceneOutliner' in 0.0005 seconds. Added 2 classes and 0 folders.
[2023.09.14-09.54.47:075][  0]LogSlate: Only BGRA pngs, bmps or icos are supported in by External Image Picker
[2023.09.14-09.54.47:169][  0]LogSlate: Took 0.000192 seconds to synchronously load lazily loaded font '../../../Engine/Content/Slate/Fonts/Roboto-Regular.ttf' (155K)
[2023.09.14-09.54.47:171][  0]LogSlate: Took 0.000183 seconds to synchronously load lazily loaded font '../../../Engine/Content/Editor/Slate/Fonts/FontAwesome.ttf' (139K)
[2023.09.14-09.54.47:172][  0]LogSlate: Took 0.000148 seconds to synchronously load lazily loaded font '../../../Engine/Content/Slate/Fonts/Roboto-Bold.ttf' (160K)
[2023.09.14-09.54.47:314][  0]LogRenderer: Reallocating scene render targets to support 1208x572 Format 10 NumSamples 1 (Frame:1).
[2023.09.14-09.54.47:381][  0]LogSlate: Took 0.000177 seconds to synchronously load lazily loaded font '../../../Engine/Content/Slate/Fonts/Roboto-Light.ttf' (167K)
[2023.09.14-09.54.47:429][  0]LogNativeClassHierarchy: Verbose: Native class hierarchy updated for 'HierarchicalLODOutliner' in 0.0003 seconds. Added 0 classes and 0 folders.
[2023.09.14-09.54.47:430][  0]LogLoad: (Engine Initialization) Total time: 10.74 seconds
[2023.09.14-09.54.47:430][  0]LogLoad: (Engine Initialization) Total Blueprint compile time: 0.00 seconds
[2023.09.14-09.54.47:531][  0]LogAssetRegistry: Asset discovery search completed in 6.2166 seconds
[2023.09.14-09.54.47:536][  0]LogCollectionManager: Fixed up redirectors for 0 collections in 0.000005 seconds (updated 0 objects)
[2023.09.14-09.54.47:549][  0]LogContentStreaming: Texture pool size now 1000 MB
[2023.09.14-09.54.50:849][302]LogTemp: Repeating last play command: Selected Viewport
[2023.09.14-09.54.50:869][302]LogPlayLevel: PlayLevel: No blueprints needed recompiling
[2023.09.14-09.54.50:870][302]PIE: New page: PIE session: Level_PalaceHall_Demo (14 sep. 2023 13:54:50)
[2023.09.14-09.54.50:872][302]LogOnline: OSS: Creating online subsystem instance for: NULL
[2023.09.14-09.54.50:875][302]LogOnline: OSS: TryLoadSubsystemAndSetDefault: Loaded subsystem for module [NULL]
[2023.09.14-09.54.50:875][302]LogPlayLevel: Creating play world package: /Game/PalaceHall/Levels/UEDPIE_0_Level_PalaceHall_Demo
[2023.09.14-09.54.50:957][302]LogPlayLevel: PIE: StaticDuplicateObject took: (0.081938s)
[2023.09.14-09.54.50:959][302]LogAIModule: Creating AISystem for world Level_PalaceHall_Demo
[2023.09.14-09.54.50:959][302]LogPlayLevel: PIE: World Init took: (0.001930s)
[2023.09.14-09.54.50:960][302]LogPlayLevel: PIE: Created PIE world by copying editor world from /Game/PalaceHall/Levels/Level_PalaceHall_Demo.Level_PalaceHall_Demo to /Game/PalaceHall/Levels/UEDPIE_0_Level_PalaceHall_Demo.Level_PalaceHall_Demo (0.084500s)
[2023.09.14-09.54.50:968][302]LogUObjectHash: Compacting FUObjectHashTables data took   0.80ms
[2023.09.14-09.54.50:970][302]LogAudio: Display: Creating Audio Device:                 Id: 2, Scope: Unique, Realtime: True
[2023.09.14-09.54.50:970][302]LogAudioMixer: Display: Audio Mixer Platform Settings:
[2023.09.14-09.54.50:970][302]LogAudioMixer: Display: 	Sample Rate:						  48000
[2023.09.14-09.54.50:970][302]LogAudioMixer: Display: 	Callback Buffer Frame Size Requested: 1024
[2023.09.14-09.54.50:970][302]LogAudioMixer: Display: 	Callback Buffer Frame Size To Use:	  1024
[2023.09.14-09.54.50:970][302]LogAudioMixer: Display: 	Number of buffers to queue:			  2
[2023.09.14-09.54.50:970][302]LogAudioMixer: Display: 	Max Channels (voices):				  32
[2023.09.14-09.54.50:971][302]LogAudioMixer: Display: 	Number of Async Source Workers:		  0
[2023.09.14-09.54.50:971][302]LogAudio: Display: AudioDevice MaxSources: 32
[2023.09.14-09.54.50:971][302]LogAudio: Display: Audio Spatialization Plugin: None (built-in).
[2023.09.14-09.54.50:971][302]LogAudio: Display: Audio Reverb Plugin: None (built-in).
[2023.09.14-09.54.50:972][302]LogAudio: Display: Audio Occlusion Plugin: None (built-in).
[2023.09.14-09.54.50:972][302]LogAudioMixer: Display: Initializing audio mixer.
[2023.09.14-09.54.50:977][302]LogAudioMixer: Display: 0: FrontLeft
[2023.09.14-09.54.50:977][302]LogAudioMixer: Display: 1: FrontRight
[2023.09.14-09.54.50:988][302]LogAudioMixer: Display: Using Audio Device Oortelefoon van hoofdtelefoon (Sennheiser Communication Audio)
[2023.09.14-09.54.50:988][302]LogAudioMixer: Display: Initializing Sound Submixes...
[2023.09.14-09.54.50:988][302]LogAudioMixer: Display: Creating Master Submix 'MasterSubmixDefault'
[2023.09.14-09.54.50:988][302]LogAudioMixer: Display: Creating Master Submix 'MasterReverbSubmixDefault'
[2023.09.14-09.54.50:989][302]LogAudioMixer: Display: Creating Master Submix 'MasterEQSubmixDefault'
[2023.09.14-09.54.50:989][302]LogAudioMixer: FMixerPlatformXAudio2::StartAudioStream() called
[2023.09.14-09.54.50:989][302]LogAudioMixer: Display: Output buffers initialized: Frames=1024, Channels=2, Samples=2048
[2023.09.14-09.54.50:992][302]LogAudioMixer: Display: Starting AudioMixerPlatformInterface::RunInternal()
[2023.09.14-09.54.50:992][302]LogAudioMixer: Display: FMixerPlatformXAudio2::SubmitBuffer() called for the first time
[2023.09.14-09.54.50:992][302]LogInit: FAudioDevice initialized.
[2023.09.14-09.54.50:992][302]LogAudio: Display: Audio Device (ID: 2) registered with world 'Level_PalaceHall_Demo'.
[2023.09.14-09.54.51:090][302]LogLoad: Game class is 'WaveManager_C'
