Log file open, 08/04/23 12:41:15
LogWindows: Failed to load 'aqProf.dll' (GetLastError=126)
LogWindows: File 'aqProf.dll' does not exist
LogWindows: Failed to load 'VtuneApi.dll' (GetLastError=126)
LogWindows: File 'VtuneApi.dll' does not exist
LogWindows: Failed to load 'VtuneApi32e.dll' (GetLastError=126)
LogWindows: File 'VtuneApi32e.dll' does not exist
LogConsoleResponse: Display: Failed to find resolution value strings in scalability ini. Falling back to default.
LogConsoleResponse: Display: Failed to find resolution value strings in scalability ini. Falling back to default.
LogInit: Display: Running engine for game: Zombone
LogPlatformFile: Not using cached read wrapper
LogTaskGraph: Started task graph with 5 named threads and 35 total threads with 3 sets of task threads.
LogStats: Stats thread started at 0.485784
LogICUInternationalization: ICU TimeZone Detection - Raw Offset: +1:00, Platform Override: ''
LogInit: Display: Loading text-based GConfig....
LogPluginManager: Mounting plugin MeshPainting
LogPluginManager: Mounting plugin XGEController
LogPluginManager: Mounting plugin Paper2D
LogPluginManager: Mounting plugin LiveLink
LogPluginManager: Mounting plugin EnvironmentQueryEditor
LogPluginManager: Mounting plugin CameraShakePreviewer
LogPluginManager: Mounting plugin LightPropagationVolume
LogPluginManager: Mounting plugin AISupport
LogPluginManager: Mounting plugin OodleNetwork
LogPluginManager: Mounting plugin OodleData
LogPluginManager: Mounting plugin AnimationSharing
LogPluginManager: Mounting plugin CLionSourceCodeAccess
LogPluginManager: Mounting plugin AssetManagerEditor
LogPluginManager: Mounting plugin CodeLiteSourceCodeAccess
LogPluginManager: Mounting plugin GitSourceControl
LogPluginManager: Mounting plugin NullSourceCodeAccess
LogPluginManager: Mounting plugin KDevelopSourceCodeAccess
LogPluginManager: Mounting plugin CryptoKeys
LogPluginManager: Mounting plugin CurveEditorTools
LogPluginManager: Mounting plugin PerforceSourceControl
LogPluginManager: Mounting plugin DataValidation
LogPluginManager: Mounting plugin PixWinPlugin
LogPluginManager: Mounting plugin PlasticSourceControl
LogPluginManager: Mounting plugin PluginUtils
LogPluginManager: Mounting plugin FacialAnimation
LogPluginManager: Mounting plugin GameplayTagsEditor
LogPluginManager: Mounting plugin GeometryMode
LogPluginManager: Mounting plugin PropertyAccessNode
LogPluginManager: Mounting plugin RiderSourceCodeAccess
LogPluginManager: Mounting plugin TextureFormatOodle
LogPluginManager: Mounting plugin SubversionSourceControl
LogPluginManager: Mounting plugin MacGraphicsSwitching
LogPluginManager: Mounting plugin UObjectPlugin
LogPluginManager: Mounting plugin MaterialAnalyzer
LogPluginManager: Mounting plugin MobileLauncherProfileWizard
LogPluginManager: Mounting plugin PluginBrowser
LogPluginManager: Mounting plugin VisualStudioCodeSourceCodeAccess
LogPluginManager: Mounting plugin SpeedTreeImporter
LogPluginManager: Mounting plugin VisualStudioSourceCodeAccess
LogPluginManager: Mounting plugin XCodeSourceCodeAccess
LogPluginManager: Mounting plugin DatasmithContent
LogPluginManager: Mounting plugin VariantManagerContent
LogPluginManager: Mounting plugin AlembicImporter
LogPluginManager: Mounting plugin AutomationUtils
LogPluginManager: Mounting plugin BackChannel
LogPluginManager: Mounting plugin ChaosCloth
LogPluginManager: Mounting plugin ChaosClothEditor
LogPluginManager: Mounting plugin ChaosEditor
LogPluginManager: Mounting plugin ChaosNiagara
LogPluginManager: Mounting plugin ChaosSolverPlugin
LogPluginManager: Mounting plugin CharacterAI
LogPluginManager: Mounting plugin Niagara
LogPluginManager: Mounting plugin GeometryCache
LogPluginManager: Mounting plugin GeometryCollectionPlugin
LogPluginManager: Mounting plugin GeometryProcessing
LogPluginManager: Mounting plugin OpenImageDenoise
LogPluginManager: Mounting plugin MotoSynth
LogPluginManager: Mounting plugin PlanarCut
LogPluginManager: Mounting plugin PlatformCrypto
LogPluginManager: Mounting plugin ProxyLODPlugin
LogPluginManager: Mounting plugin PythonScriptPlugin
LogPluginManager: Mounting plugin SkeletalReduction
LogPluginManager: Mounting plugin LuminPlatformFeatures
LogPluginManager: Mounting plugin MagicLeap
LogPluginManager: Mounting plugin MagicLeapMedia
LogPluginManager: Mounting plugin MagicLeapLightEstimation
LogPluginManager: Mounting plugin MagicLeapPassableWorld
LogPluginManager: Mounting plugin MLSDK
LogPluginManager: Mounting plugin AndroidMedia
LogPluginManager: Mounting plugin AvfMedia
LogPluginManager: Mounting plugin ImgMedia
LogPluginManager: Mounting plugin MediaCompositing
LogPluginManager: Mounting plugin MediaPlayerEditor
LogPluginManager: Mounting plugin WebMMedia
LogPluginManager: Mounting plugin WmfMedia
LogPluginManager: Mounting plugin TcpMessaging
LogPluginManager: Mounting plugin UdpMessaging
LogPluginManager: Mounting plugin LevelSequenceEditor
LogPluginManager: Mounting plugin MatineeToLevelSequence
LogPluginManager: Mounting plugin ActorSequence
LogPluginManager: Mounting plugin TemplateSequence
LogPluginManager: Mounting plugin OnlineSubsystem
LogPluginManager: Mounting plugin LauncherChunkInstaller
LogPluginManager: Mounting plugin OnlineSubsystemNull
LogPluginManager: Mounting plugin OnlineSubsystemUtils
LogPluginManager: Mounting plugin ActorLayerUtilities
LogPluginManager: Mounting plugin AndroidDeviceProfileSelector
LogPluginManager: Mounting plugin AndroidMoviePlayer
LogPluginManager: Mounting plugin AndroidPermission
LogPluginManager: Mounting plugin AppleImageUtils
LogPluginManager: Mounting plugin AppleMoviePlayer
LogPluginManager: Mounting plugin ArchVisCharacter
LogPluginManager: Mounting plugin AssetTags
LogPluginManager: Mounting plugin CustomMeshComponent
LogPluginManager: Mounting plugin AudioCapture
LogPluginManager: Mounting plugin AudioSynesthesia
LogPluginManager: Mounting plugin CableComponent
LogPluginManager: Mounting plugin EditableMesh
LogPluginManager: Mounting plugin ExampleDeviceProfileSelector
LogPluginManager: Mounting plugin GoogleCloudMessaging
LogPluginManager: Mounting plugin GooglePAD
LogPluginManager: Mounting plugin IOSDeviceProfileSelector
LogPluginManager: Mounting plugin LinuxDeviceProfileSelector
LogPluginManager: Mounting plugin LocationServicesBPLibrary
LogPluginManager: Mounting plugin MobilePatchingUtils
LogPluginManager: Mounting plugin OpenXR
LogPluginManager: Mounting plugin ChunkDownloader
LogPluginManager: Mounting plugin OpenXREyeTracker
LogPluginManager: Mounting plugin OpenXRHandTracking
LogPluginManager: Mounting plugin PhysXVehicles
LogPluginManager: Mounting plugin PostSplashScreen
LogPluginManager: Mounting plugin ProceduralMeshComponent
LogPluginManager: Mounting plugin PropertyAccessEditor
LogPluginManager: Mounting plugin RuntimePhysXCooking
LogPluginManager: Mounting plugin SignificanceManager
LogPluginManager: Mounting plugin SoundFields
LogPluginManager: Mounting plugin WebMMoviePlayer
LogPluginManager: Mounting plugin WindowsMoviePlayer
LogPluginManager: Mounting plugin ScreenshotTools
LogPluginManager: Mounting plugin Takes
LogPluginManager: Mounting plugin Synthesis
LogPluginManager: Mounting plugin GameplayCameras
LogPluginManager: Mounting plugin ContentBrowserAssetDataSource
LogPluginManager: Mounting plugin ContentBrowserClassDataSource
LogPluginManager: Mounting plugin ContentBrowserFileDataSource
LogPluginManager: Mounting plugin OnlineSubsystemGooglePlay
LogPluginManager: Mounting plugin OnlineSubsystemIOS
LogPluginManager: Mounting plugin OculusVR
LogPluginManager: Mounting plugin SteamVR
PixWinPlugin: PIX capture plugin failed to initialize! Check that the process is launched from PIX.
LogInit: Using libcurl 7.55.1-DEV
LogInit:  - built for x86_64-pc-win32
LogInit:  - supports SSL with OpenSSL/1.1.1
LogInit:  - supports HTTP deflate (compression) using libz 1.2.8
LogInit:  - other features:
LogInit:      CURL_VERSION_SSL
LogInit:      CURL_VERSION_LIBZ
LogInit:      CURL_VERSION_IPV6
LogInit:      CURL_VERSION_ASYNCHDNS
LogInit:      CURL_VERSION_LARGEFILE
LogInit:      CURL_VERSION_IDN
LogInit:  CurlRequestOptions (configurable via config and command line):
LogInit:  - bVerifyPeer = true  - Libcurl will verify peer certificate
LogInit:  - bUseHttpProxy = false  - Libcurl will NOT use HTTP proxy
LogInit:  - bDontReuseConnections = false  - Libcurl will reuse connections
LogInit:  - MaxHostConnections = 16  - Libcurl will limit the number of connections to a host
LogInit:  - LocalHostAddr = Default
LogInit:  - BufferSize = 65536
LogOnline: OSS: Creating online subsystem instance for: NULL
LogInit: WinSock: version 1.1 (2.2), MaxSocks=32767, MaxUdp=65467
LogOnline: OSS: TryLoadSubsystemAndSetDefault: Loaded subsystem for module [NULL]
LogOculusPluginWrapper: OculusPlugin initialized successfully
LogHMD: Failed initializing OVRPlugin 1.59.0
LogInit: Build: ++UE4+Release-4.27-CL-18319896
LogInit: Engine Version: 4.27.2-18319896+++UE4+Release-4.27
LogInit: Compatible Engine Version: 4.27.0-17155196+++UE4+Release-4.27
LogInit: Net CL: 17155196
LogInit: OS: Windows 10 (Release 2009) (), CPU: Intel(R) Core(TM) i7-7800X CPU @ 3.50GHz, GPU: NVIDIA GeForce GTX 1060 6GB
LogInit: Compiled (64-bit): Nov 30 2021 07:12:08
LogInit: Compiled with Visual C++: 19.24.28315.00
LogInit: Build Configuration: Development
LogInit: Branch Name: ++UE4+Release-4.27
LogInit: Command Line:  -skipcompile
LogInit: Base Directory: D:/Epic Games/UE_4.27/Engine/Binaries/Win64/
LogInit: Allocator: TBB
LogInit: Installed Engine Build: 1
LogDevObjectVersion: Number of dev versions registered: 29
LogDevObjectVersion:   Dev-Blueprints (B0D832E4-1F89-4F0D-ACCF-7EB736FD4AA2): 10
LogDevObjectVersion:   Dev-Build (E1C64328-A22C-4D53-A36C-8E866417BD8C): 0
LogDevObjectVersion:   Dev-Core (375EC13C-06E4-48FB-B500-84F0262A717E): 4
LogDevObjectVersion:   Dev-Editor (E4B068ED-F494-42E9-A231-DA0B2E46BB41): 40
LogDevObjectVersion:   Dev-Framework (CFFC743F-43B0-4480-9391-14DF171D2073): 37
LogDevObjectVersion:   Dev-Mobile (B02B49B5-BB20-44E9-A304-32B752E40360): 3
LogDevObjectVersion:   Dev-Networking (A4E4105C-59A1-49B5-A7C5-40C4547EDFEE): 0
LogDevObjectVersion:   Dev-Online (39C831C9-5AE6-47DC-9A44-9C173E1C8E7C): 0
LogDevObjectVersion:   Dev-Physics (78F01B33-EBEA-4F98-B9B4-84EACCB95AA2): 14
LogDevObjectVersion:   Dev-Platform (6631380F-2D4D-43E0-8009-CF276956A95A): 0
LogDevObjectVersion:   Dev-Rendering (12F88B9F-8875-4AFC-A67C-D90C383ABD29): 45
LogDevObjectVersion:   Dev-Sequencer (7B5AE74C-D270-4C10-A958-57980B212A5A): 13
LogDevObjectVersion:   Dev-VR (D7296918-1DD6-4BDD-9DE2-64A83CC13884): 3
LogDevObjectVersion:   Dev-LoadTimes (C2A15278-BFE7-4AFE-6C17-90FF531DF755): 1
LogDevObjectVersion:   Private-Geometry (6EACA3D4-40EC-4CC1-B786-8BED09428FC5): 3
LogDevObjectVersion:   Dev-AnimPhys (29E575DD-E0A3-4627-9D10-D276232CDCEA): 17
LogDevObjectVersion:   Dev-Anim (AF43A65D-7FD3-4947-9873-3E8ED9C1BB05): 15
LogDevObjectVersion:   Dev-ReflectionCapture (6B266CEC-1EC7-4B8F-A30B-E4D90942FC07): 1
LogDevObjectVersion:   Dev-Automation (0DF73D61-A23F-47EA-B727-89E90C41499A): 1
LogDevObjectVersion:   FortniteMain (601D1886-AC64-4F84-AA16-D3DE0DEAC7D6): 47
LogDevObjectVersion:   FortniteRelease (E7086368-6B23-4C58-8439-1B7016265E91): 1
LogDevObjectVersion:   Dev-Enterprise (9DFFBCD6-494F-0158-E221-12823C92A888): 10
LogDevObjectVersion:   Dev-Niagara (F2AED0AC-9AFE-416F-8664-AA7FFA26D6FC): 1
LogDevObjectVersion:   Dev-Destruction (174F1F0B-B4C6-45A5-B13F-2EE8D0FB917D): 10
LogDevObjectVersion:   Dev-Physics-Ext (35F94A83-E258-406C-A318-09F59610247C): 41
LogDevObjectVersion:   Dev-PhysicsMaterial-Chaos (B68FC16E-8B1B-42E2-B453-215C058844FE): 1
LogDevObjectVersion:   Dev-CineCamera (B2E18506-4273-CFC2-A54E-F4BB758BBA07): 1
LogDevObjectVersion:   Dev-VirtualProduction (64F58936-FD1B-42BA-BA96-7289D5D0FA4E): 1
LogDevObjectVersion:   Dev-MediaFramework (6F0ED827-A609-4895-9C91-998D90180EA4): 2
LogInit: Presizing for max 25165824 objects, including 0 objects not considered by GC, pre-allocating 0 bytes for permanent pool.
LogConfig: Applying CVar settings from Section [/Script/Engine.StreamingSettings] File [E:/Portfolio/Unreal/FPS_Game/Zombone/Saved/Config/Windows/Engine.ini]
LogConfig: Setting CVar [[s.MinBulkDataSizeForAsyncLoading:131072]]
LogConfig: Setting CVar [[s.AsyncLoadingThreadEnabled:0]]
LogConfig: Setting CVar [[s.EventDrivenLoaderEnabled:1]]
LogConfig: Setting CVar [[s.WarnIfTimeLimitExceeded:0]]
LogConfig: Setting CVar [[s.TimeLimitExceededMultiplier:1.5]]
LogConfig: Setting CVar [[s.TimeLimitExceededMinTime:0.005]]
LogConfig: Setting CVar [[s.UseBackgroundLevelStreaming:1]]
LogConfig: Setting CVar [[s.PriorityAsyncLoadingExtraTime:15.0]]
LogConfig: Setting CVar [[s.LevelStreamingActorsUpdateTimeLimit:5.0]]
LogConfig: Setting CVar [[s.PriorityLevelStreamingActorsUpdateExtraTime:5.0]]
LogConfig: Setting CVar [[s.LevelStreamingComponentsRegistrationGranularity:10]]
LogConfig: Setting CVar [[s.UnregisterComponentsTimeLimit:1.0]]
LogConfig: Setting CVar [[s.LevelStreamingComponentsUnregistrationGranularity:5]]
LogConfig: Setting CVar [[s.FlushStreamingOnExit:1]]
LogInit: Object subsystem initialized
LogConfig: Setting CVar [[con.DebugEarlyDefault:1]]
LogConfig: Setting CVar [[r.setres:1280x720]]
[2023.08.04-10.41.17:483][  0]LogConfig: Setting CVar [[r.VSync:0]]
[2023.08.04-10.41.17:483][  0]LogConfig: Setting CVar [[r.RHICmdBypass:0]]
[2023.08.04-10.41.17:483][  0]LogConfig: Applying CVar settings from Section [/Script/Engine.RendererSettings] File [E:/Portfolio/Unreal/FPS_Game/Zombone/Saved/Config/Windows/Engine.ini]
[2023.08.04-10.41.17:483][  0]LogConfig: Setting CVar [[r.GPUCrashDebugging:0]]
[2023.08.04-10.41.17:483][  0]LogConfig: Applying CVar settings from Section [/Script/Engine.RendererOverrideSettings] File [E:/Portfolio/Unreal/FPS_Game/Zombone/Saved/Config/Windows/Engine.ini]
[2023.08.04-10.41.17:483][  0]LogConfig: Applying CVar settings from Section [/Script/Engine.StreamingSettings] File [E:/Portfolio/Unreal/FPS_Game/Zombone/Saved/Config/Windows/Engine.ini]
[2023.08.04-10.41.17:484][  0]LogConfig: Setting CVar [[s.MinBulkDataSizeForAsyncLoading:131072]]
[2023.08.04-10.41.17:484][  0]LogConfig: Setting CVar [[s.AsyncLoadingThreadEnabled:0]]
[2023.08.04-10.41.17:484][  0]LogConfig: Setting CVar [[s.EventDrivenLoaderEnabled:1]]
[2023.08.04-10.41.17:484][  0]LogConfig: Setting CVar [[s.WarnIfTimeLimitExceeded:0]]
[2023.08.04-10.41.17:484][  0]LogConfig: Setting CVar [[s.TimeLimitExceededMultiplier:1.5]]
[2023.08.04-10.41.17:484][  0]LogConfig: Setting CVar [[s.TimeLimitExceededMinTime:0.005]]
[2023.08.04-10.41.17:484][  0]LogConfig: Setting CVar [[s.UseBackgroundLevelStreaming:1]]
[2023.08.04-10.41.17:484][  0]LogConfig: Setting CVar [[s.PriorityAsyncLoadingExtraTime:15.0]]
[2023.08.04-10.41.17:484][  0]LogConfig: Setting CVar [[s.LevelStreamingActorsUpdateTimeLimit:5.0]]
[2023.08.04-10.41.17:484][  0]LogConfig: Setting CVar [[s.PriorityLevelStreamingActorsUpdateExtraTime:5.0]]
[2023.08.04-10.41.17:484][  0]LogConfig: Setting CVar [[s.LevelStreamingComponentsRegistrationGranularity:10]]
[2023.08.04-10.41.17:484][  0]LogConfig: Setting CVar [[s.UnregisterComponentsTimeLimit:1.0]]
[2023.08.04-10.41.17:484][  0]LogConfig: Setting CVar [[s.LevelStreamingComponentsUnregistrationGranularity:5]]
[2023.08.04-10.41.17:484][  0]LogConfig: Setting CVar [[s.FlushStreamingOnExit:1]]
[2023.08.04-10.41.17:485][  0]LogConfig: Applying CVar settings from Section [/Script/Engine.GarbageCollectionSettings] File [E:/Portfolio/Unreal/FPS_Game/Zombone/Saved/Config/Windows/Engine.ini]
[2023.08.04-10.41.17:485][  0]LogConfig: Setting CVar [[gc.MaxObjectsNotConsideredByGC:1]]
[2023.08.04-10.41.17:485][  0]LogConfig: Setting CVar [[gc.SizeOfPermanentObjectPool:0]]
[2023.08.04-10.41.17:485][  0]LogConfig: Setting CVar [[gc.FlushStreamingOnGC:0]]
[2023.08.04-10.41.17:485][  0]LogConfig: Setting CVar [[gc.NumRetriesBeforeForcingGC:10]]
[2023.08.04-10.41.17:485][  0]LogConfig: Setting CVar [[gc.AllowParallelGC:1]]
[2023.08.04-10.41.17:485][  0]LogConfig: Setting CVar [[gc.TimeBetweenPurgingPendingKillObjects:61.1]]
[2023.08.04-10.41.17:485][  0]LogConfig: Setting CVar [[gc.MaxObjectsInEditor:25165824]]
[2023.08.04-10.41.17:485][  0]LogConfig: Setting CVar [[gc.IncrementalBeginDestroyEnabled:1]]
[2023.08.04-10.41.17:485][  0]LogConfig: Setting CVar [[gc.CreateGCClusters:1]]
[2023.08.04-10.41.17:485][  0]LogConfig: Setting CVar [[gc.MinGCClusterSize:5]]
[2023.08.04-10.41.17:485][  0]LogConfig: Setting CVar [[gc.ActorClusteringEnabled:0]]
[2023.08.04-10.41.17:485][  0]LogConfig: Setting CVar [[gc.BlueprintClusteringEnabled:0]]
[2023.08.04-10.41.17:485][  0]LogConfig: Setting CVar [[gc.UseDisregardForGCOnDedicatedServers:0]]
[2023.08.04-10.41.17:485][  0]LogConfig: Setting CVar [[gc.MultithreadedDestructionEnabled:1]]
[2023.08.04-10.41.17:485][  0]LogConfig: Applying CVar settings from Section [/Script/Engine.NetworkSettings] File [E:/Portfolio/Unreal/FPS_Game/Zombone/Saved/Config/Windows/Engine.ini]
[2023.08.04-10.41.17:486][  0]LogConfig: Applying CVar settings from Section [/Script/UnrealEd.CookerSettings] File [E:/Portfolio/Unreal/FPS_Game/Zombone/Saved/Config/Windows/Engine.ini]
[2023.08.04-10.41.17:504][  0]LogConfig: Applying CVar settings from Section [ViewDistanceQuality@3] File [E:/Portfolio/Unreal/FPS_Game/Zombone/Saved/Config/Windows/Scalability.ini]
[2023.08.04-10.41.17:504][  0]LogConfig: Setting CVar [[r.SkeletalMeshLODBias:0]]
[2023.08.04-10.41.17:504][  0]LogConfig: Setting CVar [[r.ViewDistanceScale:1.0]]
[2023.08.04-10.41.17:505][  0]LogConfig: Applying CVar settings from Section [AntiAliasingQuality@3] File [E:/Portfolio/Unreal/FPS_Game/Zombone/Saved/Config/Windows/Scalability.ini]
[2023.08.04-10.41.17:505][  0]LogConfig: Setting CVar [[r.PostProcessAAQuality:4]]
[2023.08.04-10.41.17:505][  0]LogConfig: Applying CVar settings from Section [ShadowQuality@3] File [E:/Portfolio/Unreal/FPS_Game/Zombone/Saved/Config/Windows/Scalability.ini]
[2023.08.04-10.41.17:505][  0]LogConfig: Setting CVar [[r.LightFunctionQuality:1]]
[2023.08.04-10.41.17:505][  0]LogConfig: Setting CVar [[r.ShadowQuality:5]]
[2023.08.04-10.41.17:505][  0]LogConfig: Setting CVar [[r.Shadow.CSM.MaxCascades:10]]
[2023.08.04-10.41.17:505][  0]LogConfig: Setting CVar [[r.Shadow.MaxResolution:2048]]
[2023.08.04-10.41.17:506][  0]LogConfig: Setting CVar [[r.Shadow.MaxCSMResolution:2048]]
[2023.08.04-10.41.17:506][  0]LogConfig: Setting CVar [[r.Shadow.RadiusThreshold:0.01]]
[2023.08.04-10.41.17:506][  0]LogConfig: Setting CVar [[r.Shadow.DistanceScale:1.0]]
[2023.08.04-10.41.17:506][  0]LogConfig: Setting CVar [[r.Shadow.CSM.TransitionScale:1.0]]
[2023.08.04-10.41.17:506][  0]LogConfig: Setting CVar [[r.Shadow.PreShadowResolutionFactor:1.0]]
[2023.08.04-10.41.17:506][  0]LogConfig: Setting CVar [[r.DistanceFieldShadowing:1]]
[2023.08.04-10.41.17:506][  0]LogConfig: Setting CVar [[r.DistanceFieldAO:1]]
[2023.08.04-10.41.17:506][  0]LogConfig: Setting CVar [[r.AOQuality:2]]
[2023.08.04-10.41.17:506][  0]LogConfig: Setting CVar [[r.VolumetricFog:1]]
[2023.08.04-10.41.17:506][  0]LogConfig: Setting CVar [[r.VolumetricFog.GridPixelSize:8]]
[2023.08.04-10.41.17:507][  0]LogConfig: Setting CVar [[r.VolumetricFog.GridSizeZ:128]]
[2023.08.04-10.41.17:507][  0]LogConfig: Setting CVar [[r.VolumetricFog.HistoryMissSupersampleCount:4]]
[2023.08.04-10.41.17:507][  0]LogConfig: Setting CVar [[r.LightMaxDrawDistanceScale:1]]
[2023.08.04-10.41.17:507][  0]LogConfig: Setting CVar [[r.CapsuleShadows:1]]
[2023.08.04-10.41.17:507][  0]LogConfig: Applying CVar settings from Section [PostProcessQuality@3] File [E:/Portfolio/Unreal/FPS_Game/Zombone/Saved/Config/Windows/Scalability.ini]
[2023.08.04-10.41.17:507][  0]LogConfig: Setting CVar [[r.MotionBlurQuality:4]]
[2023.08.04-10.41.17:507][  0]LogConfig: Setting CVar [[r.AmbientOcclusionMipLevelFactor:0.4]]
[2023.08.04-10.41.17:507][  0]LogConfig: Setting CVar [[r.AmbientOcclusionMaxQuality:100]]
[2023.08.04-10.41.17:507][  0]LogConfig: Setting CVar [[r.AmbientOcclusionLevels:-1]]
[2023.08.04-10.41.17:507][  0]LogConfig: Setting CVar [[r.AmbientOcclusionRadiusScale:1.0]]
[2023.08.04-10.41.17:507][  0]LogConfig: Setting CVar [[r.DepthOfFieldQuality:2]]
[2023.08.04-10.41.17:508][  0]LogConfig: Setting CVar [[r.RenderTargetPoolMin:400]]
[2023.08.04-10.41.17:508][  0]LogConfig: Setting CVar [[r.LensFlareQuality:2]]
[2023.08.04-10.41.17:508][  0]LogConfig: Setting CVar [[r.SceneColorFringeQuality:1]]
[2023.08.04-10.41.17:508][  0]LogConfig: Setting CVar [[r.EyeAdaptationQuality:2]]
[2023.08.04-10.41.17:508][  0]LogConfig: Setting CVar [[r.BloomQuality:5]]
[2023.08.04-10.41.17:508][  0]LogConfig: Setting CVar [[r.FastBlurThreshold:100]]
[2023.08.04-10.41.17:508][  0]LogConfig: Setting CVar [[r.Upscale.Quality:3]]
[2023.08.04-10.41.17:508][  0]LogConfig: Setting CVar [[r.Tonemapper.GrainQuantization:1]]
[2023.08.04-10.41.17:508][  0]LogConfig: Setting CVar [[r.LightShaftQuality:1]]
[2023.08.04-10.41.17:508][  0]LogConfig: Setting CVar [[r.Filter.SizeScale:1]]
[2023.08.04-10.41.17:508][  0]LogConfig: Setting CVar [[r.Tonemapper.Quality:5]]
[2023.08.04-10.41.17:508][  0]LogConfig: Setting CVar [[r.DOF.Gather.AccumulatorQuality:1        ; higher gathering accumulator quality]]
[2023.08.04-10.41.17:509][  0]LogConfig: Setting CVar [[r.DOF.Gather.PostfilterMethod:1          ; Median3x3 postfilering method]]
[2023.08.04-10.41.17:509][  0]LogConfig: Setting CVar [[r.DOF.Gather.EnableBokehSettings:0       ; no bokeh simulation when gathering]]
[2023.08.04-10.41.17:509][  0]LogConfig: Setting CVar [[r.DOF.Gather.RingCount:4                 ; medium number of samples when gathering]]
[2023.08.04-10.41.17:509][  0]LogConfig: Setting CVar [[r.DOF.Scatter.ForegroundCompositing:1    ; additive foreground scattering]]
[2023.08.04-10.41.17:509][  0]LogConfig: Setting CVar [[r.DOF.Scatter.BackgroundCompositing:2    ; additive background scattering]]
[2023.08.04-10.41.17:509][  0]LogConfig: Setting CVar [[r.DOF.Scatter.EnableBokehSettings:1      ; bokeh simulation when scattering]]
[2023.08.04-10.41.17:509][  0]LogConfig: Setting CVar [[r.DOF.Scatter.MaxSpriteRatio:0.1         ; only a maximum of 10% of scattered bokeh]]
[2023.08.04-10.41.17:509][  0]LogConfig: Setting CVar [[r.DOF.Recombine.Quality:1                ; cheap slight out of focus]]
[2023.08.04-10.41.17:509][  0]LogConfig: Setting CVar [[r.DOF.Recombine.EnableBokehSettings:0    ; no bokeh simulation on slight out of focus]]
[2023.08.04-10.41.17:509][  0]LogConfig: Setting CVar [[r.DOF.TemporalAAQuality:1                ; more stable temporal accumulation]]
[2023.08.04-10.41.17:509][  0]LogConfig: Setting CVar [[r.DOF.Kernel.MaxForegroundRadius:0.025]]
[2023.08.04-10.41.17:509][  0]LogConfig: Setting CVar [[r.DOF.Kernel.MaxBackgroundRadius:0.025]]
[2023.08.04-10.41.17:510][  0]LogConfig: Applying CVar settings from Section [TextureQuality@3] File [E:/Portfolio/Unreal/FPS_Game/Zombone/Saved/Config/Windows/Scalability.ini]
[2023.08.04-10.41.17:510][  0]LogConfig: Setting CVar [[r.Streaming.MipBias:0]]
[2023.08.04-10.41.17:510][  0]LogConfig: Setting CVar [[r.Streaming.AmortizeCPUToGPUCopy:0]]
[2023.08.04-10.41.17:510][  0]LogConfig: Setting CVar [[r.Streaming.MaxNumTexturesToStreamPerFrame:0]]
[2023.08.04-10.41.17:510][  0]LogConfig: Setting CVar [[r.Streaming.Boost:1]]
[2023.08.04-10.41.17:510][  0]LogConfig: Setting CVar [[r.MaxAnisotropy:8]]
[2023.08.04-10.41.17:510][  0]LogConfig: Setting CVar [[r.VT.MaxAnisotropy:8]]
[2023.08.04-10.41.17:510][  0]LogConfig: Setting CVar [[r.Streaming.LimitPoolSizeToVRAM:0]]
[2023.08.04-10.41.17:510][  0]LogConfig: Setting CVar [[r.Streaming.PoolSize:1000]]
[2023.08.04-10.41.17:510][  0]LogConfig: Setting CVar [[r.Streaming.MaxEffectiveScreenSize:0]]
[2023.08.04-10.41.17:510][  0]LogConfig: Applying CVar settings from Section [EffectsQuality@3] File [E:/Portfolio/Unreal/FPS_Game/Zombone/Saved/Config/Windows/Scalability.ini]
[2023.08.04-10.41.17:510][  0]LogConfig: Setting CVar [[r.TranslucencyLightingVolumeDim:64]]
[2023.08.04-10.41.17:510][  0]LogConfig: Setting CVar [[r.RefractionQuality:2]]
[2023.08.04-10.41.17:510][  0]LogConfig: Setting CVar [[r.SSR.Quality:3]]
[2023.08.04-10.41.17:510][  0]LogConfig: Setting CVar [[r.SSR.HalfResSceneColor:0]]
[2023.08.04-10.41.17:511][  0]LogConfig: Setting CVar [[r.SceneColorFormat:4]]
[2023.08.04-10.41.17:511][  0]LogConfig: Setting CVar [[r.DetailMode:2]]
[2023.08.04-10.41.17:511][  0]LogConfig: Setting CVar [[r.TranslucencyVolumeBlur:1]]
[2023.08.04-10.41.17:511][  0]LogConfig: Setting CVar [[r.MaterialQualityLevel:1 ; High quality]]
[2023.08.04-10.41.17:511][  0]LogConfig: Setting CVar [[r.AnisotropicMaterials:1]]
[2023.08.04-10.41.17:511][  0]LogConfig: Setting CVar [[r.SSS.Scale:1]]
[2023.08.04-10.41.17:511][  0]LogConfig: Setting CVar [[r.SSS.SampleSet:2]]
[2023.08.04-10.41.17:511][  0]LogConfig: Setting CVar [[r.SSS.Quality:1]]
[2023.08.04-10.41.17:511][  0]LogConfig: Setting CVar [[r.SSS.HalfRes:0]]
[2023.08.04-10.41.17:511][  0]LogConfig: Setting CVar [[r.SSGI.Quality:3]]
[2023.08.04-10.41.17:511][  0]LogConfig: Setting CVar [[r.EmitterSpawnRateScale:1.0]]
[2023.08.04-10.41.17:511][  0]LogConfig: Setting CVar [[r.ParticleLightQuality:2]]
[2023.08.04-10.41.17:512][  0]LogConfig: Setting CVar [[r.SkyAtmosphere.AerialPerspectiveLUT.FastApplyOnOpaque:1 ; Always have FastSkyLUT 1 in this case to avoid wrong sky]]
[2023.08.04-10.41.17:512][  0]LogConfig: Setting CVar [[r.SkyAtmosphere.AerialPerspectiveLUT.SampleCountMaxPerSlice:4]]
[2023.08.04-10.41.17:512][  0]LogConfig: Setting CVar [[r.SkyAtmosphere.AerialPerspectiveLUT.DepthResolution:16.0]]
[2023.08.04-10.41.17:512][  0]LogConfig: Setting CVar [[r.SkyAtmosphere.FastSkyLUT:1]]
[2023.08.04-10.41.17:512][  0]LogConfig: Setting CVar [[r.SkyAtmosphere.FastSkyLUT.SampleCountMin:4.0]]
[2023.08.04-10.41.17:512][  0]LogConfig: Setting CVar [[r.SkyAtmosphere.FastSkyLUT.SampleCountMax:128.0]]
[2023.08.04-10.41.17:512][  0]LogConfig: Setting CVar [[r.SkyAtmosphere.SampleCountMin:4.0]]
[2023.08.04-10.41.17:512][  0]LogConfig: Setting CVar [[r.SkyAtmosphere.SampleCountMax:128.0]]
[2023.08.04-10.41.17:512][  0]LogConfig: Setting CVar [[r.SkyAtmosphere.TransmittanceLUT.UseSmallFormat:0]]
[2023.08.04-10.41.17:512][  0]LogConfig: Setting CVar [[r.SkyAtmosphere.TransmittanceLUT.SampleCount:10.0]]
[2023.08.04-10.41.17:512][  0]LogConfig: Setting CVar [[r.SkyAtmosphere.MultiScatteringLUT.SampleCount:15.0]]
[2023.08.04-10.41.17:512][  0]LogConfig: Setting CVar [[r.SkyLight.RealTimeReflectionCapture:1]]
[2023.08.04-10.41.17:513][  0]LogConfig: Applying CVar settings from Section [FoliageQuality@3] File [E:/Portfolio/Unreal/FPS_Game/Zombone/Saved/Config/Windows/Scalability.ini]
[2023.08.04-10.41.17:513][  0]LogConfig: Setting CVar [[foliage.DensityScale:1.0]]
[2023.08.04-10.41.17:513][  0]LogConfig: Setting CVar [[grass.DensityScale:1.0]]
[2023.08.04-10.41.17:513][  0]LogConfig: Applying CVar settings from Section [ShadingQuality@3] File [E:/Portfolio/Unreal/FPS_Game/Zombone/Saved/Config/Windows/Scalability.ini]
[2023.08.04-10.41.17:513][  0]LogConfig: Setting CVar [[r.HairStrands.SkyLighting.IntegrationType:2]]
[2023.08.04-10.41.17:513][  0]LogConfig: Setting CVar [[r.HairStrands.SkyAO.SampleCount:4]]
[2023.08.04-10.41.17:513][  0]LogConfig: Setting CVar [[r.HairStrands.Visibility.MSAA.SamplePerPixel:4]]
[2023.08.04-10.41.17:513][  0]LogInit: Selected Device Profile: [Windows]
[2023.08.04-10.41.17:513][  0]LogInit: Applying CVar settings loaded from the selected device profile: [Windows]
[2023.08.04-10.41.17:513][  0]LogHAL: Display: Platform has ~ 32 GB [34019524608 / 34359738368 / 32], which maps to Largest [LargestMinGB=32, LargerMinGB=12, DefaultMinGB=8, SmallerMinGB=6, SmallestMinGB=0)
[2023.08.04-10.41.17:513][  0]LogInit: Going up to parent DeviceProfile []
[2023.08.04-10.41.17:514][  0]LogConfig: Applying CVar settings from Section [ViewDistanceQuality@3] File [E:/Portfolio/Unreal/FPS_Game/Zombone/Saved/Config/Windows/Scalability.ini]
[2023.08.04-10.41.17:514][  0]LogConfig: Setting CVar [[r.SkeletalMeshLODBias:0]]
[2023.08.04-10.41.17:514][  0]LogConfig: Setting CVar [[r.ViewDistanceScale:1.0]]
[2023.08.04-10.41.17:514][  0]LogConfig: Applying CVar settings from Section [AntiAliasingQuality@3] File [E:/Portfolio/Unreal/FPS_Game/Zombone/Saved/Config/Windows/Scalability.ini]
[2023.08.04-10.41.17:514][  0]LogConfig: Setting CVar [[r.PostProcessAAQuality:4]]
[2023.08.04-10.41.17:514][  0]LogConfig: Applying CVar settings from Section [ShadowQuality@3] File [E:/Portfolio/Unreal/FPS_Game/Zombone/Saved/Config/Windows/Scalability.ini]
[2023.08.04-10.41.17:514][  0]LogConfig: Setting CVar [[r.LightFunctionQuality:1]]
[2023.08.04-10.41.17:514][  0]LogConfig: Setting CVar [[r.ShadowQuality:5]]
[2023.08.04-10.41.17:514][  0]LogConfig: Setting CVar [[r.Shadow.CSM.MaxCascades:10]]
[2023.08.04-10.41.17:514][  0]LogConfig: Setting CVar [[r.Shadow.MaxResolution:2048]]
[2023.08.04-10.41.17:514][  0]LogConfig: Setting CVar [[r.Shadow.MaxCSMResolution:2048]]
[2023.08.04-10.41.17:514][  0]LogConfig: Setting CVar [[r.Shadow.RadiusThreshold:0.01]]
[2023.08.04-10.41.17:515][  0]LogConfig: Setting CVar [[r.Shadow.DistanceScale:1.0]]
[2023.08.04-10.41.17:515][  0]LogConfig: Setting CVar [[r.Shadow.CSM.TransitionScale:1.0]]
[2023.08.04-10.41.17:515][  0]LogConfig: Setting CVar [[r.Shadow.PreShadowResolutionFactor:1.0]]
[2023.08.04-10.41.17:515][  0]LogConfig: Setting CVar [[r.DistanceFieldShadowing:1]]
[2023.08.04-10.41.17:515][  0]LogConfig: Setting CVar [[r.DistanceFieldAO:1]]
[2023.08.04-10.41.17:515][  0]LogConfig: Setting CVar [[r.AOQuality:2]]
[2023.08.04-10.41.17:515][  0]LogConfig: Setting CVar [[r.VolumetricFog:1]]
[2023.08.04-10.41.17:515][  0]LogConfig: Setting CVar [[r.VolumetricFog.GridPixelSize:8]]
[2023.08.04-10.41.17:515][  0]LogConfig: Setting CVar [[r.VolumetricFog.GridSizeZ:128]]
[2023.08.04-10.41.17:515][  0]LogConfig: Setting CVar [[r.VolumetricFog.HistoryMissSupersampleCount:4]]
[2023.08.04-10.41.17:515][  0]LogConfig: Setting CVar [[r.LightMaxDrawDistanceScale:1]]
[2023.08.04-10.41.17:515][  0]LogConfig: Setting CVar [[r.CapsuleShadows:1]]
[2023.08.04-10.41.17:515][  0]LogConfig: Applying CVar settings from Section [PostProcessQuality@3] File [E:/Portfolio/Unreal/FPS_Game/Zombone/Saved/Config/Windows/Scalability.ini]
[2023.08.04-10.41.17:515][  0]LogConfig: Setting CVar [[r.MotionBlurQuality:4]]
[2023.08.04-10.41.17:515][  0]LogConfig: Setting CVar [[r.AmbientOcclusionMipLevelFactor:0.4]]
[2023.08.04-10.41.17:515][  0]LogConfig: Setting CVar [[r.AmbientOcclusionMaxQuality:100]]
[2023.08.04-10.41.17:516][  0]LogConfig: Setting CVar [[r.AmbientOcclusionLevels:-1]]
[2023.08.04-10.41.17:516][  0]LogConfig: Setting CVar [[r.AmbientOcclusionRadiusScale:1.0]]
[2023.08.04-10.41.17:516][  0]LogConfig: Setting CVar [[r.DepthOfFieldQuality:2]]
[2023.08.04-10.41.17:516][  0]LogConfig: Setting CVar [[r.RenderTargetPoolMin:400]]
[2023.08.04-10.41.17:516][  0]LogConfig: Setting CVar [[r.LensFlareQuality:2]]
[2023.08.04-10.41.17:516][  0]LogConfig: Setting CVar [[r.SceneColorFringeQuality:1]]
[2023.08.04-10.41.17:516][  0]LogConfig: Setting CVar [[r.EyeAdaptationQuality:2]]
[2023.08.04-10.41.17:516][  0]LogConfig: Setting CVar [[r.BloomQuality:5]]
[2023.08.04-10.41.17:516][  0]LogConfig: Setting CVar [[r.FastBlurThreshold:100]]
[2023.08.04-10.41.17:516][  0]LogConfig: Setting CVar [[r.Upscale.Quality:3]]
[2023.08.04-10.41.17:516][  0]LogConfig: Setting CVar [[r.Tonemapper.GrainQuantization:1]]
[2023.08.04-10.41.17:516][  0]LogConfig: Setting CVar [[r.LightShaftQuality:1]]
[2023.08.04-10.41.17:516][  0]LogConfig: Setting CVar [[r.Filter.SizeScale:1]]
[2023.08.04-10.41.17:516][  0]LogConfig: Setting CVar [[r.Tonemapper.Quality:5]]
[2023.08.04-10.41.17:517][  0]LogConfig: Setting CVar [[r.DOF.Gather.AccumulatorQuality:1        ; higher gathering accumulator quality]]
[2023.08.04-10.41.17:517][  0]LogConfig: Setting CVar [[r.DOF.Gather.PostfilterMethod:1          ; Median3x3 postfilering method]]
[2023.08.04-10.41.17:517][  0]LogConfig: Setting CVar [[r.DOF.Gather.EnableBokehSettings:0       ; no bokeh simulation when gathering]]
[2023.08.04-10.41.17:517][  0]LogConfig: Setting CVar [[r.DOF.Gather.RingCount:4                 ; medium number of samples when gathering]]
[2023.08.04-10.41.17:517][  0]LogConfig: Setting CVar [[r.DOF.Scatter.ForegroundCompositing:1    ; additive foreground scattering]]
[2023.08.04-10.41.17:517][  0]LogConfig: Setting CVar [[r.DOF.Scatter.BackgroundCompositing:2    ; additive background scattering]]
[2023.08.04-10.41.17:517][  0]LogConfig: Setting CVar [[r.DOF.Scatter.EnableBokehSettings:1      ; bokeh simulation when scattering]]
[2023.08.04-10.41.17:517][  0]LogConfig: Setting CVar [[r.DOF.Scatter.MaxSpriteRatio:0.1         ; only a maximum of 10% of scattered bokeh]]
[2023.08.04-10.41.17:517][  0]LogConfig: Setting CVar [[r.DOF.Recombine.Quality:1                ; cheap slight out of focus]]
[2023.08.04-10.41.17:517][  0]LogConfig: Setting CVar [[r.DOF.Recombine.EnableBokehSettings:0    ; no bokeh simulation on slight out of focus]]
[2023.08.04-10.41.17:517][  0]LogConfig: Setting CVar [[r.DOF.TemporalAAQuality:1                ; more stable temporal accumulation]]
[2023.08.04-10.41.17:517][  0]LogConfig: Setting CVar [[r.DOF.Kernel.MaxForegroundRadius:0.025]]
[2023.08.04-10.41.17:517][  0]LogConfig: Setting CVar [[r.DOF.Kernel.MaxBackgroundRadius:0.025]]
[2023.08.04-10.41.17:518][  0]LogConfig: Applying CVar settings from Section [TextureQuality@3] File [E:/Portfolio/Unreal/FPS_Game/Zombone/Saved/Config/Windows/Scalability.ini]
[2023.08.04-10.41.17:518][  0]LogConfig: Setting CVar [[r.Streaming.MipBias:0]]
[2023.08.04-10.41.17:518][  0]LogConfig: Setting CVar [[r.Streaming.AmortizeCPUToGPUCopy:0]]
[2023.08.04-10.41.17:518][  0]LogConfig: Setting CVar [[r.Streaming.MaxNumTexturesToStreamPerFrame:0]]
[2023.08.04-10.41.17:518][  0]LogConfig: Setting CVar [[r.Streaming.Boost:1]]
[2023.08.04-10.41.17:518][  0]LogConfig: Setting CVar [[r.MaxAnisotropy:8]]
[2023.08.04-10.41.17:518][  0]LogConfig: Setting CVar [[r.VT.MaxAnisotropy:8]]
[2023.08.04-10.41.17:518][  0]LogConfig: Setting CVar [[r.Streaming.LimitPoolSizeToVRAM:0]]
[2023.08.04-10.41.17:518][  0]LogConfig: Setting CVar [[r.Streaming.PoolSize:1000]]
[2023.08.04-10.41.17:519][  0]LogConfig: Setting CVar [[r.Streaming.MaxEffectiveScreenSize:0]]
[2023.08.04-10.41.17:519][  0]LogConfig: Applying CVar settings from Section [EffectsQuality@3] File [E:/Portfolio/Unreal/FPS_Game/Zombone/Saved/Config/Windows/Scalability.ini]
[2023.08.04-10.41.17:519][  0]LogConfig: Setting CVar [[r.TranslucencyLightingVolumeDim:64]]
[2023.08.04-10.41.17:519][  0]LogConfig: Setting CVar [[r.RefractionQuality:2]]
[2023.08.04-10.41.17:519][  0]LogConfig: Setting CVar [[r.SSR.Quality:3]]
[2023.08.04-10.41.17:519][  0]LogConfig: Setting CVar [[r.SSR.HalfResSceneColor:0]]
[2023.08.04-10.41.17:519][  0]LogConfig: Setting CVar [[r.SceneColorFormat:4]]
[2023.08.04-10.41.17:519][  0]LogConfig: Setting CVar [[r.DetailMode:2]]
[2023.08.04-10.41.17:519][  0]LogConfig: Setting CVar [[r.TranslucencyVolumeBlur:1]]
[2023.08.04-10.41.17:519][  0]LogConfig: Setting CVar [[r.MaterialQualityLevel:1 ; High quality]]
[2023.08.04-10.41.17:519][  0]LogConfig: Setting CVar [[r.AnisotropicMaterials:1]]
[2023.08.04-10.41.17:519][  0]LogConfig: Setting CVar [[r.SSS.Scale:1]]
[2023.08.04-10.41.17:519][  0]LogConfig: Setting CVar [[r.SSS.SampleSet:2]]
[2023.08.04-10.41.17:520][  0]LogConfig: Setting CVar [[r.SSS.Quality:1]]
[2023.08.04-10.41.17:520][  0]LogConfig: Setting CVar [[r.SSS.HalfRes:0]]
[2023.08.04-10.41.17:520][  0]LogConfig: Setting CVar [[r.SSGI.Quality:3]]
[2023.08.04-10.41.17:520][  0]LogConfig: Setting CVar [[r.EmitterSpawnRateScale:1.0]]
[2023.08.04-10.41.17:520][  0]LogConfig: Setting CVar [[r.ParticleLightQuality:2]]
[2023.08.04-10.41.17:520][  0]LogConfig: Setting CVar [[r.SkyAtmosphere.AerialPerspectiveLUT.FastApplyOnOpaque:1 ; Always have FastSkyLUT 1 in this case to avoid wrong sky]]
[2023.08.04-10.41.17:520][  0]LogConfig: Setting CVar [[r.SkyAtmosphere.AerialPerspectiveLUT.SampleCountMaxPerSlice:4]]
[2023.08.04-10.41.17:520][  0]LogConfig: Setting CVar [[r.SkyAtmosphere.AerialPerspectiveLUT.DepthResolution:16.0]]
[2023.08.04-10.41.17:520][  0]LogConfig: Setting CVar [[r.SkyAtmosphere.FastSkyLUT:1]]
[2023.08.04-10.41.17:520][  0]LogConfig: Setting CVar [[r.SkyAtmosphere.FastSkyLUT.SampleCountMin:4.0]]
[2023.08.04-10.41.17:520][  0]LogConfig: Setting CVar [[r.SkyAtmosphere.FastSkyLUT.SampleCountMax:128.0]]
[2023.08.04-10.41.17:521][  0]LogConfig: Setting CVar [[r.SkyAtmosphere.SampleCountMin:4.0]]
[2023.08.04-10.41.17:521][  0]LogConfig: Setting CVar [[r.SkyAtmosphere.SampleCountMax:128.0]]
[2023.08.04-10.41.17:521][  0]LogConfig: Setting CVar [[r.SkyAtmosphere.TransmittanceLUT.UseSmallFormat:0]]
[2023.08.04-10.41.17:521][  0]LogConfig: Setting CVar [[r.SkyAtmosphere.TransmittanceLUT.SampleCount:10.0]]
[2023.08.04-10.41.17:521][  0]LogConfig: Setting CVar [[r.SkyAtmosphere.MultiScatteringLUT.SampleCount:15.0]]
[2023.08.04-10.41.17:521][  0]LogConfig: Setting CVar [[r.SkyLight.RealTimeReflectionCapture:1]]
[2023.08.04-10.41.17:521][  0]LogConfig: Applying CVar settings from Section [FoliageQuality@3] File [E:/Portfolio/Unreal/FPS_Game/Zombone/Saved/Config/Windows/Scalability.ini]
[2023.08.04-10.41.17:521][  0]LogConfig: Setting CVar [[foliage.DensityScale:1.0]]
[2023.08.04-10.41.17:521][  0]LogConfig: Setting CVar [[grass.DensityScale:1.0]]
[2023.08.04-10.41.17:521][  0]LogConfig: Applying CVar settings from Section [ShadingQuality@3] File [E:/Portfolio/Unreal/FPS_Game/Zombone/Saved/Config/Windows/Scalability.ini]
[2023.08.04-10.41.17:521][  0]LogConfig: Setting CVar [[r.HairStrands.SkyLighting.IntegrationType:2]]
[2023.08.04-10.41.17:522][  0]LogConfig: Setting CVar [[r.HairStrands.SkyAO.SampleCount:4]]
[2023.08.04-10.41.17:522][  0]LogConfig: Setting CVar [[r.HairStrands.Visibility.MSAA.SamplePerPixel:4]]
[2023.08.04-10.41.17:522][  0]LogConfig: Applying CVar settings from Section [Startup] File [../../../Engine/Config/ConsoleVariables.ini]
[2023.08.04-10.41.17:522][  0]LogConfig: Setting CVar [[net.UseAdaptiveNetUpdateFrequency:0]]
[2023.08.04-10.41.17:522][  0]LogConfig: Setting CVar [[p.chaos.AllowCreatePhysxBodies:1]]
[2023.08.04-10.41.17:522][  0]LogConfig: Setting CVar [[fx.SkipVectorVMBackendOptimizations:1]]
[2023.08.04-10.41.17:522][  0]LogConfig: Applying CVar settings from Section [ConsoleVariables] File [E:/Portfolio/Unreal/FPS_Game/Zombone/Saved/Config/Windows/Engine.ini]
[2023.08.04-10.41.17:523][  0]LogConfig: Applying CVar settings from Section [ConsoleVariables] File [E:/Portfolio/Unreal/FPS_Game/Zombone/Saved/Config/Windows/Editor.ini]
[2023.08.04-10.41.17:523][  0]LogInit: Computer: DESKTOP-J6VGNOD
[2023.08.04-10.41.17:523][  0]LogInit: User: timve
[2023.08.04-10.41.17:523][  0]LogInit: CPU Page size=4096, Cores=6
[2023.08.04-10.41.17:523][  0]LogInit: High frequency timer resolution =10.000000 MHz
[2023.08.04-10.41.17:523][  0]LogMemory: Memory total: Physical=31.7GB (32GB approx)
[2023.08.04-10.41.17:523][  0]LogMemory: Platform Memory Stats for Windows
[2023.08.04-10.41.17:523][  0]LogMemory: Process Physical Memory: 146.25 MB used, 151.79 MB peak
[2023.08.04-10.41.17:524][  0]LogMemory: Process Virtual Memory: 128.49 MB used, 128.49 MB peak
[2023.08.04-10.41.17:524][  0]LogMemory: Physical Memory: 14842.16 MB used,  17601.39 MB free, 32443.55 MB total
[2023.08.04-10.41.17:524][  0]LogMemory: Virtual Memory: 134200576.00 MB used,  17147.96 MB free, 134217728.00 MB total
[2023.08.04-10.41.17:533][  0]LogWindows: WindowsPlatformFeatures enabled
[2023.08.04-10.41.17:689][  0]LogInit: Physics initialised using underlying interface: PhysX
[2023.08.04-10.41.17:690][  0]LogInit: Using OS detected language (en-US).
[2023.08.04-10.41.17:690][  0]LogInit: Using OS detected locale (nl-BE).
[2023.08.04-10.41.17:694][  0]LogTextLocalizationManager: No specific localization for 'en-US' exists, so the 'en' localization will be used.
[2023.08.04-10.41.17:959][  0]LogInit: Setting process to per monitor DPI aware
[2023.08.04-10.41.17:989][  0]LogWindowsTextInputMethodSystem: Display: IME system deactivated.
[2023.08.04-10.41.18:014][  0]LogSlate: New Slate User Created.  User Index 0, Is Virtual User: 0
[2023.08.04-10.41.18:015][  0]LogSlate: Slate User Registered.  User Index 0, Is Virtual User: 0
[2023.08.04-10.41.18:157][  0]LogD3D11RHI: Loaded GFSDK_Aftermath_Lib.x64.dll
[2023.08.04-10.41.18:163][  0]LogHMD: Failed to initialize OpenVR with code 110
[2023.08.04-10.41.18:163][  0]LogD3D11RHI: D3D11 min allowed feature level: 11_0
[2023.08.04-10.41.18:163][  0]LogD3D11RHI: D3D11 max allowed feature level: 11_0
[2023.08.04-10.41.18:163][  0]LogD3D11RHI: D3D11 adapters:
[2023.08.04-10.41.18:373][  0]LogD3D11RHI:    0. 'NVIDIA GeForce GTX 1060 6GB' (Feature Level 11_0)
[2023.08.04-10.41.18:374][  0]LogD3D11RHI:       6043/0/16221 MB DedicatedVideo/DedicatedSystem/SharedSystem, Outputs:2, VendorId:0x10de
[2023.08.04-10.41.18:379][  0]LogD3D11RHI:    1. 'Microsoft Basic Render Driver' (Feature Level 11_0)
[2023.08.04-10.41.18:379][  0]LogD3D11RHI:       0/0/16221 MB DedicatedVideo/DedicatedSystem/SharedSystem, Outputs:0, VendorId:0x1414
[2023.08.04-10.41.18:379][  0]LogD3D11RHI: Chosen D3D11 Adapter:
[2023.08.04-10.41.18:380][  0]LogD3D11RHI:     Description : NVIDIA GeForce GTX 1060 6GB
[2023.08.04-10.41.18:380][  0]LogD3D11RHI:     VendorId    : 10de
[2023.08.04-10.41.18:380][  0]LogD3D11RHI:     DeviceId    : 1c03
[2023.08.04-10.41.18:380][  0]LogD3D11RHI:     SubSysId    : 32831462
[2023.08.04-10.41.18:380][  0]LogD3D11RHI:     Revision    : 00a1
[2023.08.04-10.41.18:380][  0]LogD3D11RHI:     DedicatedVideoMemory : 6336544768 bytes
[2023.08.04-10.41.18:380][  0]LogD3D11RHI:     DedicatedSystemMemory : 0 bytes
[2023.08.04-10.41.18:380][  0]LogD3D11RHI:     SharedSystemMemory : 17009762304 bytes
[2023.08.04-10.41.18:380][  0]LogD3D11RHI:     AdapterLuid : 0 87386
[2023.08.04-10.41.18:392][  0]LogD3D11RHI: Creating new Direct3DDevice
[2023.08.04-10.41.18:393][  0]LogD3D11RHI:     GPU DeviceId: 0x1c03 (for the marketing name, search the web for "GPU Device Id")
[2023.08.04-10.41.18:393][  0]LogWindows: EnumDisplayDevices:
[2023.08.04-10.41.18:393][  0]LogWindows:    0. 'NVIDIA GeForce GTX 1060 6GB' (P:1 D:1)
[2023.08.04-10.41.18:394][  0]LogWindows:    1. 'NVIDIA GeForce GTX 1060 6GB' (P:0 D:1)
[2023.08.04-10.41.18:395][  0]LogWindows:    2. 'NVIDIA GeForce GTX 1060 6GB' (P:0 D:0)
[2023.08.04-10.41.18:395][  0]LogWindows:    3. 'NVIDIA GeForce GTX 1060 6GB' (P:0 D:0)
[2023.08.04-10.41.18:395][  0]LogWindows: DebugString: FoundDriverCount:4 
[2023.08.04-10.41.18:395][  0]LogD3D11RHI:     Adapter Name: NVIDIA GeForce GTX 1060 6GB
[2023.08.04-10.41.18:396][  0]LogD3D11RHI:   Driver Version: 531.29 (internal:31.0.15.3129, unified:531.29)
[2023.08.04-10.41.18:396][  0]LogD3D11RHI:      Driver Date: 3-8-2023
[2023.08.04-10.41.18:396][  0]LogRHI: Texture pool is 4230 MB (70% of 6043 MB)
[2023.08.04-10.41.18:396][  0]LogD3D11RHI: Creating D3DDevice using adapter:
[2023.08.04-10.41.18:396][  0]LogD3D11RHI:     Description : NVIDIA GeForce GTX 1060 6GB
[2023.08.04-10.41.18:397][  0]LogD3D11RHI:     VendorId    : 10de
[2023.08.04-10.41.18:397][  0]LogD3D11RHI:     DeviceId    : 1c03
[2023.08.04-10.41.18:397][  0]LogD3D11RHI:     SubSysId    : 32831462
[2023.08.04-10.41.18:397][  0]LogD3D11RHI:     Revision    : 00a1
[2023.08.04-10.41.18:397][  0]LogD3D11RHI:     DedicatedVideoMemory : 6336544768 bytes
[2023.08.04-10.41.18:397][  0]LogD3D11RHI:     DedicatedSystemMemory : 0 bytes
[2023.08.04-10.41.18:397][  0]LogD3D11RHI:     SharedSystemMemory : 17009762304 bytes
[2023.08.04-10.41.18:397][  0]LogD3D11RHI:     AdapterLuid : 0 87386
[2023.08.04-10.41.18:521][  0]LogD3D11RHI: RHI has support for 64 bit atomics
[2023.08.04-10.41.18:522][  0]LogD3D11RHI: Async texture creation enabled
[2023.08.04-10.41.18:522][  0]LogD3D11RHI: Array index from any shader is supported
[2023.08.04-10.41.18:541][  0]LogD3D11RHI: GPU Timing Frequency: 1000.000000 (Debug: 2 1)
[2023.08.04-10.41.18:578][  0]LogRHI: GeForceNow SDK initialized: 1
[2023.08.04-10.41.18:922][  0]LogTargetPlatformManager: Display: Loaded TargetPlatform 'AllDesktop'
[2023.08.04-10.41.18:947][  0]LogTargetPlatformManager: Display: Loaded TargetPlatform 'Android'
[2023.08.04-10.41.18:947][  0]LogTargetPlatformManager: Display: Loaded TargetPlatform 'Android_ASTC'
[2023.08.04-10.41.18:947][  0]LogTargetPlatformManager: Display: Loaded TargetPlatform 'Android_DXT'
[2023.08.04-10.41.18:947][  0]LogTargetPlatformManager: Display: Loaded TargetPlatform 'Android_ETC2'
[2023.08.04-10.41.18:947][  0]LogTargetPlatformManager: Display: Loaded TargetPlatform 'AndroidClient'
[2023.08.04-10.41.18:947][  0]LogTargetPlatformManager: Display: Loaded TargetPlatform 'Android_ASTCClient'
[2023.08.04-10.41.18:947][  0]LogTargetPlatformManager: Display: Loaded TargetPlatform 'Android_DXTClient'
[2023.08.04-10.41.18:947][  0]LogTargetPlatformManager: Display: Loaded TargetPlatform 'Android_ETC2Client'
[2023.08.04-10.41.18:948][  0]LogTargetPlatformManager: Display: Loaded TargetPlatform 'Android_Multi'
[2023.08.04-10.41.18:948][  0]LogTargetPlatformManager: Display: Loaded TargetPlatform 'Android_MultiClient'
[2023.08.04-10.41.18:975][  0]LogTargetPlatformManager: Display: Loaded TargetPlatform 'IOSClient'
[2023.08.04-10.41.18:975][  0]LogTargetPlatformManager: Display: Loaded TargetPlatform 'IOS'
[2023.08.04-10.41.18:990][  0]LogTargetPlatformManager: Display: Loaded TargetPlatform 'Linux'
[2023.08.04-10.41.18:996][  0]LogTargetPlatformManager: Display: Loaded TargetPlatform 'LinuxNoEditor'
[2023.08.04-10.41.19:003][  0]LogTargetPlatformManager: Display: Loaded TargetPlatform 'LinuxClient'
[2023.08.04-10.41.19:011][  0]LogTargetPlatformManager: Display: Loaded TargetPlatform 'LinuxServer'
[2023.08.04-10.41.19:023][  0]LogTargetPlatformManager: Display: Loaded TargetPlatform 'LinuxAArch64NoEditor'
[2023.08.04-10.41.19:028][  0]LogTargetPlatformManager: Display: Loaded TargetPlatform 'LinuxAArch64Client'
[2023.08.04-10.41.19:034][  0]LogTargetPlatformManager: Display: Loaded TargetPlatform 'LinuxAArch64Server'
[2023.08.04-10.41.19:061][  0]LogTargetPlatformManager: Display: Loaded TargetPlatform 'Lumin'
[2023.08.04-10.41.19:062][  0]LogTargetPlatformManager: Display: Loaded TargetPlatform 'LuminClient'
[2023.08.04-10.41.19:073][  0]LogTargetPlatformManager: Display: Loaded TargetPlatform 'MacNoEditor'
[2023.08.04-10.41.19:079][  0]LogTargetPlatformManager: Display: Loaded TargetPlatform 'Mac'
[2023.08.04-10.41.19:085][  0]LogTargetPlatformManager: Display: Loaded TargetPlatform 'MacClient'
[2023.08.04-10.41.19:092][  0]LogTargetPlatformManager: Display: Loaded TargetPlatform 'MacServer'
[2023.08.04-10.41.19:104][  0]LogTargetPlatformManager: Display: Loaded TargetPlatform 'TVOSClient'
[2023.08.04-10.41.19:104][  0]LogTargetPlatformManager: Display: Loaded TargetPlatform 'TVOS'
[2023.08.04-10.41.19:114][  0]LogTargetPlatformManager: Display: Loaded TargetPlatform 'WindowsNoEditor'
[2023.08.04-10.41.19:121][  0]LogTargetPlatformManager: Display: Loaded TargetPlatform 'Windows'
[2023.08.04-10.41.19:128][  0]LogTargetPlatformManager: Display: Loaded TargetPlatform 'WindowsClient'
[2023.08.04-10.41.19:134][  0]LogTargetPlatformManager: Display: Loaded TargetPlatform 'WindowsServer'
[2023.08.04-10.41.19:134][  0]LogTargetPlatformManager: Display: Building Assets For Windows
[2023.08.04-10.41.19:148][  0]LogAudioDebug: Display: Lib vorbis DLL was dynamically loaded.
[2023.08.04-10.41.19:203][  0]LogTextureFormatOodle: Display: Oodle Texture 2.9.0 init RDO Off
[2023.08.04-10.41.19:268][  0]LogRendererCore: Ray tracing is disabled. Reason: r.RayTracing=0.
[2023.08.04-10.41.19:268][  0]LogShaderCompilers: Guid format shader working directory is 9 characters bigger than the processId version (E:/Portfolio/Unreal/FPS_Game/Zombone/Intermediate/Shaders/WorkingDirectory/23348/).
[2023.08.04-10.41.19:269][  0]LogShaderCompilers: Cleaned the shader compiler working directory 'C:/Users/timve/AppData/Local/Temp/UnrealShaderWorkingDir/7AA6435C4423678423D159A63F339910/'.
[2023.08.04-10.41.19:269][  0]LogXGEController: Cannot use XGE Controller as Incredibuild is not installed on this machine.
[2023.08.04-10.41.19:269][  0]LogShaderCompilers: Cannot use XGE Shader Compiler as Incredibuild is not installed on this machine.
[2023.08.04-10.41.19:269][  0]LogShaderCompilers: Display: Using Local Shader Compiler.
[2023.08.04-10.41.20:063][  0]LogDerivedDataCache: Display: Max Cache Size: 512 MB
[2023.08.04-10.41.20:136][  0]LogDerivedDataCache: Loaded boot cache 0.07s 99MB C:/Users/timve/AppData/Local/UnrealEngine/4.27/DerivedDataCache/Boot.ddc.
[2023.08.04-10.41.20:137][  0]LogDerivedDataCache: Display: Loaded Boot cache: C:/Users/timve/AppData/Local/UnrealEngine/4.27/DerivedDataCache/Boot.ddc
[2023.08.04-10.41.20:137][  0]LogDerivedDataCache: FDerivedDataBackendGraph:  Pak pak cache file E:/Portfolio/Unreal/FPS_Game/Zombone/DerivedDataCache/DDC.ddp not found, will not use a pak cache.
[2023.08.04-10.41.20:137][  0]LogDerivedDataCache: Unable to find inner node Pak for hierarchical cache Hierarchy.
[2023.08.04-10.41.20:137][  0]LogDerivedDataCache: FDerivedDataBackendGraph:  CompressedPak pak cache file E:/Portfolio/Unreal/FPS_Game/Zombone/DerivedDataCache/Compressed.ddp not found, will not use a pak cache.
[2023.08.04-10.41.20:137][  0]LogDerivedDataCache: Unable to find inner node CompressedPak for hierarchical cache Hierarchy.
[2023.08.04-10.41.20:154][  0]LogDerivedDataCache: Display: Pak cache opened for reading ../../../Engine/DerivedDataCache/Compressed.ddp.
[2023.08.04-10.41.20:154][  0]LogDerivedDataCache: FDerivedDataBackendGraph:  EnterprisePak pak cache file ../../../Enterprise/DerivedDataCache/Compressed.ddp not found, will not use a pak cache.
[2023.08.04-10.41.20:155][  0]LogDerivedDataCache: Unable to find inner node EnterprisePak for hierarchical cache Hierarchy.
[2023.08.04-10.41.20:161][  0]LogDerivedDataCache: Speed tests for C:/Users/timve/AppData/Local/UnrealEngine/Common/DerivedDataCache took 0.01 seconds
[2023.08.04-10.41.20:162][  0]LogDerivedDataCache: Display: Performance to C:/Users/timve/AppData/Local/UnrealEngine/Common/DerivedDataCache: Latency=0.05ms. RandomReadSpeed=1307.03MBs, RandomWriteSpeed=173.09MBs. Assigned SpeedClass 'Local'
[2023.08.04-10.41.20:164][  0]LogDerivedDataCache: Using Local data cache path C:/Users/timve/AppData/Local/UnrealEngine/Common/DerivedDataCache: Writable
[2023.08.04-10.41.20:164][  0]LogDerivedDataCache: Shared data cache path not found in *engine.ini, will not use an Shared cache.
[2023.08.04-10.41.20:165][  0]LogDerivedDataCache: Unable to find inner node Shared for hierarchical cache Hierarchy.
[2023.08.04-10.41.20:213][  0]LogSlate: Using FreeType 2.10.0
[2023.08.04-10.41.20:213][  0]LogSlate: SlateFontServices - WITH_FREETYPE: 1, WITH_HARFBUZZ: 1
[2023.08.04-10.41.20:244][  0]LogAssetRegistry: FAssetRegistry took 0.0056 seconds to start up
[2023.08.04-10.41.20:530][  0]LogInit: Selected Device Profile: [Windows]
[2023.08.04-10.41.20:530][  0]LogInit: Active device profile: [00000228EAAD4F00][00000228E79BC400 49] Windows
[2023.08.04-10.41.20:531][  0]LogInit: Profiles: [00000228EAAD4F00][00000228E79BC400 49] Windows, [00000228EBA76A00][00000228E79C0540 49] WindowsNoEditor, [00000228EAAD5F00][00000228E8E2A680 49] WindowsServer, [00000228EBA75B00][00000228E1A2E7C0 49] WindowsClient, [00000228EAAD5200][00000228E8E22940 49] IOS, [00000228EBA75800][00000228E8E26AC0 49] iPadAir, [00000228EAAD7300][00000228E784CC40 49] iPadAir2, [00000228EBA39300][00000228E8BBAF00 49] IPadPro, [00000228EBA39400][00000228E923CF40 49] iPadAir3, [00000228EBA74B00][00000228DBDC50C0 49] iPadAir4, [00000228EBA3A100][00000228DBDC9240 49] iPadMini2, [00000228EBA77A00][00000228DBD7B3C0 49] iPadMini3, [00000228EBA3AC00][00000228DBD7F540 49] iPadMini4, [00000228EBA76C00][00000228DBD836C0 49] iPadMini5, [00000228EBA70E00][00000228DBD8B980 49] iPhone6, [00000228EBA70F00][00000228DBD879C0 49] iPodTouch6, [00000228EAAD7700][00000228DBD92100 49] iPhone7, [00000228EAAD6800][00000228DBD8E140 49] iPodTouch7, [00000228EBA39100][00000228DBD962C0 49] iPhone5S, [00000228EAAD5100][00000228DBD9A440 49] iPhone6Plus, [00000228EBA3AA00][00000228E7A1C580 49] iPhone6S, [00000228EAAD5A00][00000228DBD9E6C0 49] iPhone6SPlus, [00000228EBA70100][00000228E930C800 49] iPhone7Plus, [00000228EBA39D00][00000228E9310940 49] iPhoneSE, [00000228EBA70C00][00000228E9318AC0 49] iPhone8, [00000228EBA38400][00000228E931CC40 49] iPhone8Plus, [00000228EBA72A00][00000228E9320DC0 49] iPhoneX, [00000228EBA3BC00][00000228E9324F40 49] iPhoneXS, [00000228EBA72900][00000228E93290C0 49] iPhoneXSMax, [00000228EBA38B00][00000228E932D240 49] iPhoneXR, [00000228EAAD7800][00000228E93313C0 49] iPhone11, [00000228EBA3BD00][00000228E9335540 49] iPhone11Pro, [00000228EAAD5B00][00000228E93396C0 49] iPhone11ProMax, [00000228EBA39500][00000228E7973840 49] iPhoneSE2, [00000228EAAD5E00][00000228E79779C0 49] iPhone12Mini, [00000228EBA3B100][00000228E797BB40 49] iPhone12, [00000228EAAD7400][00000228E797E140 49] iPhone12Pro, [00000228EBA38D00][00000228E79822C0 49] iPhone12ProMax, [00000228EAAD7C00][00000228E7986440 49] iPadPro105, [00000228EBA3B700][00000228E798A5C0 49] iPadPro129, [00000228EAAD6A00][00000228E798E740 49] iPadPro97, [00000228EBA38900][00000228E9314880 49] iPadPro2_129, [00000228EAAD4800][00000228E79929C0 49] iPad5, [00000228EBA39000][00000228E7996B00 49] iPad6, [00000228EAAD4400][00000228E799EC80 49] iPad7, [00000228EBA3AB00][00000228E79A2E00 49] iPad8, [00000228EAAD7500][00000228E79A6F80 49] iPadPro11, [00000228EBA39800][00000228E79AB100 49] iPadPro2_11, [00000228EAAD4900][00000228E79AF280 49] iPadPro3_129, [00000228EBA3A800][00000228E79B3400 49] iPadPro4_129, [00000228EAAD6E00][00000228E79B7580 49] AppleTV, [00000228EBA3BE00][00000228E7621700 49] AppleTV4K, [00000228EAAD4500][00000228E7625880 49] TVOS, [00000228EBA39700][00000228E7629A00 49] Mac, [00000228EAAD6300][00000228E762DB80 49] MacClient, [00000228EBA38800][00000228E7630180 49] MacNoEditor, [00000228EAAD5000][00000228E7634300 49] MacServer, [00000228EBA38500][00000228E7638480 49] Linux, [00000228EAAD6B00][00000228E763C600 49] LinuxAArch64, [00000228EBA39600][00000228E7640780 49] LinuxNoEditor, [00000228EAAD6100][00000228E7644900 49] LinuxAArch64NoEditor, [00000228EBA3B900][00000228E799AA40 49] LinuxClient, [00000228EAAD6600][00000228E7648B80 49] LinuxAArch64Client, [00000228EBA3A300][00000228E764CCC0 49] LinuxServer, [00000228EAAD4700][00000228E7654E40 49] LinuxAArch64Server, [00000228EBA39A00][00000228E7658FC0 49] Android, [00000228EAAD6200][00000228E765D140 49] Android_Low, [00000228EBA39C00][00000228E76612C0 49] Android_Mid, [00000228EAAD5300][00000228E7665440 49] Android_High, [00000228EBA38E00][00000228E76695C0 49] Android_Default, [00000228EAAD7600][00000228E8DA1740 49] Android_Adreno4xx, [00000228EBA38F00][00000228E8DA58C0 49] Android_Adreno5xx_Low, [00000228EAAD7B00][00000228E8DA9A40 49] Android_Adreno5xx, [00000228EBA3BA00][00000228E8DADBC0 49] Android_Adreno6xx, [00000228EAAD4B00][00000228E8DB01C0 49] Android_Adreno6xx_Vulkan, [00000228EBA39900][00000228E8DB4340 49] Android_Mali_T6xx, [00000228EAAD4A00][00000228E8DB84C0 49] Android_Mali_T7xx, [00000228EBA75A00][00000228E8DBC640 49] Android_Mali_T8xx, [00000228EBA70500][00000228E8DC07C0 49] Android_Mali_G71, [00000228EBA74600][00000228E8DC4940 49] Android_Mali_G72, [00000228EBA70300][00000228E8DC8AC0 49] Android_Mali_G72_Vulkan, [00000228EBA77900][00000228E7650C00 49] Android_Mali_G76, [00000228EBA71000][00000228E8DCCD40 49] Android_Mali_G76_Vulkan, [00000228EBA76600][00000228E8DD0E80 49] Android_Mali_G77, [00000228EBA72F00][00000228E8DD4FC0 49] Android_Mali_G77_Vulkan, [00000228EBA74E00][00000228E8DDD140 49] Android_Mali_G78, [00000228EBA73100][00000228E8DE12C0 49] Android_Mali_G78_Vulkan, [00000228EBA74800][00000228E8DE5440 49] Android_Mali_G710, [00000228EBA72C00][00000228E8DE95C0 49] Android_Mali_G710_Vulkan, [00000228EBA77C00][00000228E8DED740 49] Android_Vulkan_SM5, [00000228EBA73500][00000228E8DF18C0 49] Android_PowerVR_G6xxx, [00000228EBA75F00][00000228E8DF5A40 49] Android_PowerVR_GT7xxx, [00000228EBA71D00][00000228E8DF9BC0 49] Android_PowerVR_GE8xxx, [00000228EBA77300][00000228E8DFC1C0 49] Android_PowerVR_GM9xxx, [00000228EBA70800][00000228E8E00340 49] Android_PowerVR_GM9xxx_Vulkan, [00000228EBA77700][00000228E8E044C0 49] Android_TegraK1, [00000228EBA71200][00000228E8E08640 49] Android_Unknown_Vulkan, [00000228EBA76900][00000228E8E0C7C0 49] Lumin, [00000228EBA73700][00000228E8E10940 49] Lumin_Desktop, [00000228EBA76E00][00000228E8E14AC0 49] HoloLens, 
[2023.08.04-10.41.20:717][  0]LogMeshReduction: Using QuadricMeshReduction for automatic static mesh reduction
[2023.08.04-10.41.20:717][  0]LogMeshReduction: Using SimplygonMeshReduction for automatic skeletal mesh reduction
[2023.08.04-10.41.20:718][  0]LogMeshReduction: Using ProxyLODMeshReduction for automatic mesh merging
[2023.08.04-10.41.20:718][  0]LogMeshReduction: No distributed automatic mesh merging module available
[2023.08.04-10.41.20:718][  0]LogMeshMerging: No distributed automatic mesh merging module available
[2023.08.04-10.41.20:739][  0]LogNetVersion: Zombone 1.0.0, NetCL: 17155196, EngineNetVer: 17, GameNetVer: 0 (Checksum: 1748673324)
[2023.08.04-10.41.21:167][  0]LogTexture: Default maximum texture size for cubemaps generated from long-lat sources has been changed from 512 to unlimited. In order to preserve old behaiour for '/Engine/MapTemplates/Sky/DaylightAmbientCubemap.DaylightAmbientCubemap', its maximum texture size has been explicitly set to 512.
[2023.08.04-10.41.21:234][  0]LogHMD: PokeAHoleMaterial loaded successfully
[2023.08.04-10.41.21:241][  0]LogUObjectArray: 17178 objects as part of root set at end of initial load.
[2023.08.04-10.41.21:241][  0]LogUObjectAllocator: 4302048 out of 0 bytes used by permanent object pool.
[2023.08.04-10.41.21:241][  0]LogUObjectArray: CloseDisregardForGC: 0/0 objects in disregard for GC pool
[2023.08.04-10.41.21:617][  0]LogNiagaraDebuggerClient: Niagara Debugger Client Initialized | Session: 9503E1454ACD4CE82F6A97820F3975E7 | Instance: 72F64DC447E69B31C9BCEFB174B164AC (DESKTOP-J6VGNOD-23348).
[2023.08.04-10.41.21:663][  0]LogPython: Using Python 3.7.7
[2023.08.04-10.41.22:343][  0]LogTcpMessaging: Initializing TcpMessaging bridge
[2023.08.04-10.41.22:350][  0]LogUdpMessaging: Initializing bridge on interface 0.0.0.0:0 to multicast group 230.0.0.1:6666.
[2023.08.04-10.41.22:811][  0]SourceControl: Source control is disabled
[2023.08.04-10.41.22:812][  0]SourceControl: Source control is disabled
[2023.08.04-10.41.22:842][  0]SourceControl: Source control is disabled
[2023.08.04-10.41.22:847][  0]SourceControl: Source control is disabled
[2023.08.04-10.41.22:863][  0]SourceControl: Source control is disabled
[2023.08.04-10.41.22:888][  0]LogUProjectInfo: Found projects:
[2023.08.04-10.41.23:137][  0]LogOpenImageDenoise: OIDN starting up
[2023.08.04-10.41.23:216][  0]LogAndroidPermission: UAndroidPermissionCallbackProxy::GetInstance
[2023.08.04-10.41.23:262][  0]LogAudioCaptureCore: Display: No Audio Capture implementations found. Audio input will be silent.
[2023.08.04-10.41.23:262][  0]LogAudioCaptureCore: Display: No Audio Capture implementations found. Audio input will be silent.
[2023.08.04-10.41.23:423][  0]LogCollectionManager: Loaded 0 collections in 0.001058 seconds
[2023.08.04-10.41.23:459][  0]LogFileCache: Scanning file cache for directory 'E:/Portfolio/Unreal/FPS_Game/Zombone/Saved/Collections/' took 0.00s
[2023.08.04-10.41.23:459][  0]LogFileCache: Scanning file cache for directory 'E:/Portfolio/Unreal/FPS_Game/Zombone/Content/Developers/timve/Collections/' took 0.00s
[2023.08.04-10.41.23:459][  0]LogFileCache: Scanning file cache for directory 'E:/Portfolio/Unreal/FPS_Game/Zombone/Content/Collections/' took 0.00s
[2023.08.04-10.41.23:459][  0]LogOcInput: OculusInput pre-init called
[2023.08.04-10.41.23:740][  0]LogEngine: Initializing Engine...
[2023.08.04-10.41.23:898][  0]LogHMD: Optional extension XR_VARJO_quad_views is not available
[2023.08.04-10.41.23:898][  0]LogHMD: Warning: Required extension XR_EXT_eye_gaze_interaction is not available
[2023.08.04-10.41.23:898][  0]LogHMD: Could not enable all required OpenXR extensions for OpenXREyeTracker on current system. This plugin will be loaded but ignored, but will be enabled on a target platform that supports the required extension.
[2023.08.04-10.41.23:899][  0]LogHMD: Failed to get an OpenXR system, result is XR_ERROR_FORM_FACTOR_UNAVAILABLE. Please check that your runtime supports VR headsets.
[2023.08.04-10.41.23:900][  0]LogHMD: Failed to initialize OpenVR with code 110
[2023.08.04-10.41.23:900][  0]LogMagicLeap: Warning: VR disabled because ZI is not enabled.  To enable, in the editor, Edit -> Project Settings -> Plugins -> Magic Leap Plugin -> Enable Zero Iteration
[2023.08.04-10.41.23:901][  0]LogStats: UGameplayTagsManager::InitializeManager -  0.000 s
[2023.08.04-10.41.24:066][  0]LogInit: Initializing FReadOnlyCVARCache
[2023.08.04-10.41.24:079][  0]LogAIModule: Creating AISystem for world Untitled
[2023.08.04-10.41.24:085][  0]LogAudio: Display: Initializing Audio Device Manager...
[2023.08.04-10.41.24:090][  0]LogAudio: Display: Loading Default Audio Settings Objects...
[2023.08.04-10.41.24:091][  0]LogAudio: Display: No default SoundConcurrencyObject specified (or failed to load).
[2023.08.04-10.41.24:092][  0]LogAudio: Display: Audio Device Manager Initialized
[2023.08.04-10.41.24:092][  0]LogAudio: Display: Creating Audio Device:                 Id: 1, Scope: Shared, Realtime: True
[2023.08.04-10.41.24:092][  0]LogAudioMixer: Display: Audio Mixer Platform Settings:
[2023.08.04-10.41.24:092][  0]LogAudioMixer: Display: 	Sample Rate:						  48000
[2023.08.04-10.41.24:092][  0]LogAudioMixer: Display: 	Callback Buffer Frame Size Requested: 1024
[2023.08.04-10.41.24:092][  0]LogAudioMixer: Display: 	Callback Buffer Frame Size To Use:	  1024
[2023.08.04-10.41.24:092][  0]LogAudioMixer: Display: 	Number of buffers to queue:			  2
[2023.08.04-10.41.24:092][  0]LogAudioMixer: Display: 	Max Channels (voices):				  32
[2023.08.04-10.41.24:092][  0]LogAudioMixer: Display: 	Number of Async Source Workers:		  0
[2023.08.04-10.41.24:092][  0]LogAudio: Display: AudioDevice MaxSources: 32
[2023.08.04-10.41.24:093][  0]LogAudio: Display: Audio Spatialization Plugin: None (built-in).
[2023.08.04-10.41.24:093][  0]LogAudio: Display: Audio Reverb Plugin: None (built-in).
[2023.08.04-10.41.24:093][  0]LogAudio: Display: Audio Occlusion Plugin: None (built-in).
[2023.08.04-10.41.24:093][  0]LogAudioMixer: Display: Initializing audio mixer.
[2023.08.04-10.41.24:117][  0]LogAudioMixer: Display: 0: FrontLeft
[2023.08.04-10.41.24:117][  0]LogAudioMixer: Display: 1: FrontRight
[2023.08.04-10.41.24:161][  0]LogAudioMixer: Display: Using Audio Device Oortelefoon van hoofdtelefoon (Sennheiser Communication Audio)
[2023.08.04-10.41.24:162][  0]LogAudioMixer: Display: Initializing Sound Submixes...
[2023.08.04-10.41.24:163][  0]LogAudioMixer: Display: Creating Master Submix 'MasterSubmixDefault'
[2023.08.04-10.41.24:163][  0]LogAudioMixer: Display: Creating Master Submix 'MasterReverbSubmixDefault'
[2023.08.04-10.41.24:164][  0]LogAudioMixer: Display: Creating Master Submix 'MasterEQSubmixDefault'
[2023.08.04-10.41.24:164][  0]LogAudioMixer: FMixerPlatformXAudio2::StartAudioStream() called
[2023.08.04-10.41.24:164][  0]LogAudioMixer: Display: Output buffers initialized: Frames=1024, Channels=2, Samples=2048
[2023.08.04-10.41.24:167][  0]LogAudioMixer: Display: Starting AudioMixerPlatformInterface::RunInternal()
[2023.08.04-10.41.24:167][  0]LogAudioMixer: Display: FMixerPlatformXAudio2::SubmitBuffer() called for the first time
[2023.08.04-10.41.24:167][  0]LogInit: FAudioDevice initialized.
[2023.08.04-10.41.24:167][  0]LogAudio: Display: Audio Device (ID: 1) registered with world 'Untitled'.
[2023.08.04-10.41.24:167][  0]LogNetVersion: Set ProjectVersion to 1.0.0.0. Version Checksum will be recalculated on next use.
[2023.08.04-10.41.24:341][  0]LogDerivedDataCache: Saved boot cache 0.17s 99MB C:/Users/timve/AppData/Local/UnrealEngine/4.27/DerivedDataCache/Boot.ddc.
[2023.08.04-10.41.24:342][  0]LogInit: Texture streaming: Enabled
[2023.08.04-10.41.24:360][  0]LogAnalytics: Display: [UEEditor.Rocket.Release] APIServer = https://datarouter.ol.epicgames.com/. AppVersion = 4.27.2-18319896+++UE4+Release-4.27
[2023.08.04-10.41.24:366][  0]LogEngineSessionManager: EngineSessionManager initialized
[2023.08.04-10.41.24:366][  0]LogEngineSessionManager: EngineSessionManager sent abnormal shutdown report. Type=Debugger, SessionId={27A17DDC-4BAD-51A3-F5F1-C2AA290AB3F5}
[2023.08.04-10.41.24:366][  0]LogEditorSessionSummary: Verbose: Initializing EditorSessionSummaryWriter for editor session tracking
[2023.08.04-10.41.24:368][  0]LogEditorSessionSummary: EditorSessionSummaryWriter initialized
[2023.08.04-10.41.24:478][  0]LogInit: Transaction tracking system initialized
[2023.08.04-10.41.24:511][  0]BlueprintLog: New page: Editor Load
[2023.08.04-10.41.24:613][  0]LocalizationService: Localization service is disabled
[2023.08.04-10.41.24:661][  0]TimingProfiler: Initialize
[2023.08.04-10.41.24:661][  0]TimingProfiler: OnSessionChanged
[2023.08.04-10.41.24:661][  0]LoadingProfiler: Initialize
[2023.08.04-10.41.24:661][  0]LoadingProfiler: OnSessionChanged
[2023.08.04-10.41.24:661][  0]NetworkingProfiler: Initialize
[2023.08.04-10.41.24:662][  0]NetworkingProfiler: OnSessionChanged
[2023.08.04-10.41.24:662][  0]MemoryProfiler: Initialize
[2023.08.04-10.41.24:662][  0]MemoryProfiler: OnSessionChanged
[2023.08.04-10.41.24:847][  0]LogCook: Display: CookSettings for Memory: MemoryMaxUsedVirtual 0MiB, MemoryMaxUsedPhysical 16384MiB, MemoryMinFreeVirtual 0MiB, MemoryMinFreePhysical 1024MiB
[2023.08.04-10.41.24:847][  0]LogCook: Display: Mobile HDR setting 1
[2023.08.04-10.41.24:924][  0]LogFileCache: Scanning file cache for directory 'E:/Portfolio/Unreal/FPS_Game/Zombone/Content/' took 0.01s
[2023.08.04-10.41.25:294][  0]LogInit: Display: Engine is initialized. Leaving FEngineLoop::Init()
[2023.08.04-10.41.25:297][  0]SourceControl: Source control is disabled
[2023.08.04-10.41.25:297][  0]LogUnrealEdMisc: Loading editor; pre map load, took 10.476
[2023.08.04-10.41.25:297][  0]Cmd: MAP LOAD FILE="E:/Portfolio/Unreal/FPS_Game/Zombone/Content/FirstPersonCPP/Maps/FirstPersonExampleMap.umap" TEMPLATE=0 SHOWPROGRESS=1 FEATURELEVEL=3
[2023.08.04-10.41.25:298][  0]LightingResults: New page: Lighting Build
[2023.08.04-10.41.25:299][  0]LogWorld: UWorld::CleanupWorld for Untitled, bSessionEnded=true, bCleanupResources=true
[2023.08.04-10.41.25:300][  0]LogSlate: InvalidateAllWidgets triggered.  All widgets were invalidated
[2023.08.04-10.41.25:300][  0]MapCheck: New page: Map Check
[2023.08.04-10.41.25:300][  0]LightingResults: New page: Lighting Build
[2023.08.04-10.41.25:306][  0]LogAudio: Display: Audio Device unregistered from world 'None'.
[2023.08.04-10.41.25:311][  0]LogUObjectHash: Compacting FUObjectHashTables data took   0.91ms
[2023.08.04-10.41.25:465][  0]LogAudio: Display: Audio Device (ID: 1) registered with world 'FirstPersonExampleMap'.
[2023.08.04-10.41.25:466][  0]LogAIModule: Creating AISystem for world FirstPersonExampleMap
[2023.08.04-10.41.25:476][  0]LogEditorServer: Finished looking for orphan Actors (0.000 secs)
[2023.08.04-10.41.25:488][  0]LogUObjectHash: Compacting FUObjectHashTables data took   1.08ms
[2023.08.04-10.41.25:489][  0]Cmd: MAP CHECKDEP NOCLEARLOG
[2023.08.04-10.41.25:489][  0]MapCheck: Map check complete: 0 Error(s), 0 Warning(s), took 0,215ms to complete.
[2023.08.04-10.41.25:489][  0]LogFileHelpers: Loading map 'FirstPersonExampleMap' took 0.192
[2023.08.04-10.41.25:492][  0]LogUnrealEdMisc: Total Editor Startup Time, took 10.671
[2023.08.04-10.41.25:648][  0]LogSlate: Updating window title bar state: overlay mode, drag disabled, window buttons hidden, title bar hidden
[2023.08.04-10.41.25:658][  0]LogSlate: Updating window title bar state: overlay mode, drag disabled, window buttons hidden, title bar hidden
[2023.08.04-10.41.25:665][  0]LogSlate: Updating window title bar state: overlay mode, drag disabled, window buttons hidden, title bar hidden
[2023.08.04-10.41.25:671][  0]LogSlate: Updating window title bar state: overlay mode, drag disabled, window buttons hidden, title bar hidden
[2023.08.04-10.41.25:686][  0]LogNativeClassHierarchy: Verbose: Native class hierarchy populated in 0.0101 seconds. Added 3829 classes and 930 folders.
[2023.08.04-10.41.25:689][  0]LogNativeClassHierarchy: Verbose: Native class hierarchy updated for 'WidgetCarousel' in 0.0004 seconds. Added 0 classes and 0 folders.
[2023.08.04-10.41.25:691][  0]LogPakFile: PakFile PrimaryIndexSize=187
[2023.08.04-10.41.25:691][  0]LogPakFile: PakFile PathHashIndexSize=101
[2023.08.04-10.41.25:691][  0]LogPakFile: PakFile FullDirectoryIndexSize=148
[2023.08.04-10.41.25:691][  0]LogShaderLibrary: Display: ShaderCodeLibraryPakFileMountedCallback: PakFile 'D:/Epic Games/UE_4.27/FeaturePacks/FP_FirstPerson.upack' (chunk index -1, root 'root:/') mounted
[2023.08.04-10.41.25:691][  0]LogShaderLibrary: Display: ShaderCodeLibraryPakFileMountedCallback: pending pak file info (ChunkID:-1 Root:root:/ File:D:/Epic Games/UE_4.27/FeaturePacks/FP_FirstPerson.upack)
[2023.08.04-10.41.25:691][  0]LogPakFile: OnPakFileMounted2Time == 0.000191
[2023.08.04-10.41.25:692][  0]LogPakFile: PakFile PrimaryIndexSize=189
[2023.08.04-10.41.25:692][  0]LogPakFile: PakFile PathHashIndexSize=101
[2023.08.04-10.41.25:692][  0]LogPakFile: PakFile FullDirectoryIndexSize=152
[2023.08.04-10.41.25:692][  0]LogShaderLibrary: Display: ShaderCodeLibraryPakFileMountedCallback: PakFile 'D:/Epic Games/UE_4.27/FeaturePacks/FP_FirstPersonBP.upack' (chunk index -1, root 'root:/') mounted
[2023.08.04-10.41.25:692][  0]LogShaderLibrary: Display: ShaderCodeLibraryPakFileMountedCallback: pending pak file info (ChunkID:-1 Root:root:/ File:D:/Epic Games/UE_4.27/FeaturePacks/FP_FirstPersonBP.upack)
[2023.08.04-10.41.25:693][  0]LogPakFile: OnPakFileMounted2Time == 0.000144
[2023.08.04-10.41.25:693][  0]LogPakFile: PakFile PrimaryIndexSize=191
[2023.08.04-10.41.25:693][  0]LogPakFile: PakFile PathHashIndexSize=101
[2023.08.04-10.41.25:693][  0]LogPakFile: PakFile FullDirectoryIndexSize=160
[2023.08.04-10.41.25:693][  0]LogShaderLibrary: Display: ShaderCodeLibraryPakFileMountedCallback: PakFile 'D:/Epic Games/UE_4.27/FeaturePacks/MobileStarterContent.upack' (chunk index -1, root 'root:/') mounted
[2023.08.04-10.41.25:693][  0]LogShaderLibrary: Display: ShaderCodeLibraryPakFileMountedCallback: pending pak file info (ChunkID:-1 Root:root:/ File:D:/Epic Games/UE_4.27/FeaturePacks/MobileStarterContent.upack)
[2023.08.04-10.41.25:694][  0]LogPakFile: OnPakFileMounted2Time == 0.000133
[2023.08.04-10.41.25:694][  0]LogPakFile: PakFile PrimaryIndexSize=185
[2023.08.04-10.41.25:694][  0]LogPakFile: PakFile PathHashIndexSize=101
[2023.08.04-10.41.25:694][  0]LogPakFile: PakFile FullDirectoryIndexSize=148
[2023.08.04-10.41.25:694][  0]LogShaderLibrary: Display: ShaderCodeLibraryPakFileMountedCallback: PakFile 'D:/Epic Games/UE_4.27/FeaturePacks/StarterContent.upack' (chunk index -1, root 'root:/') mounted
[2023.08.04-10.41.25:694][  0]LogShaderLibrary: Display: ShaderCodeLibraryPakFileMountedCallback: pending pak file info (ChunkID:-1 Root:root:/ File:D:/Epic Games/UE_4.27/FeaturePacks/StarterContent.upack)
[2023.08.04-10.41.25:695][  0]LogPakFile: OnPakFileMounted2Time == 0.000167
[2023.08.04-10.41.25:695][  0]LogPakFile: PakFile PrimaryIndexSize=190
[2023.08.04-10.41.25:695][  0]LogPakFile: PakFile PathHashIndexSize=101
[2023.08.04-10.41.25:695][  0]LogPakFile: PakFile FullDirectoryIndexSize=154
[2023.08.04-10.41.25:695][  0]LogShaderLibrary: Display: ShaderCodeLibraryPakFileMountedCallback: PakFile 'D:/Epic Games/UE_4.27/FeaturePacks/TP_2DSideScroller.upack' (chunk index -1, root 'root:/') mounted
[2023.08.04-10.41.25:696][  0]LogShaderLibrary: Display: ShaderCodeLibraryPakFileMountedCallback: pending pak file info (ChunkID:-1 Root:root:/ File:D:/Epic Games/UE_4.27/FeaturePacks/TP_2DSideScroller.upack)
[2023.08.04-10.41.25:696][  0]LogPakFile: OnPakFileMounted2Time == 0.000176
[2023.08.04-10.41.25:696][  0]LogPakFile: PakFile PrimaryIndexSize=192
[2023.08.04-10.41.25:696][  0]LogPakFile: PakFile PathHashIndexSize=101
[2023.08.04-10.41.25:696][  0]LogPakFile: PakFile FullDirectoryIndexSize=158
[2023.08.04-10.41.25:696][  0]LogShaderLibrary: Display: ShaderCodeLibraryPakFileMountedCallback: PakFile 'D:/Epic Games/UE_4.27/FeaturePacks/TP_2DSideScrollerBP.upack' (chunk index -1, root 'root:/') mounted
[2023.08.04-10.41.25:697][  0]LogShaderLibrary: Display: ShaderCodeLibraryPakFileMountedCallback: pending pak file info (ChunkID:-1 Root:root:/ File:D:/Epic Games/UE_4.27/FeaturePacks/TP_2DSideScrollerBP.upack)
[2023.08.04-10.41.25:697][  0]LogPakFile: OnPakFileMounted2Time == 0.000182
[2023.08.04-10.41.25:697][  0]LogPakFile: PakFile PrimaryIndexSize=182
[2023.08.04-10.41.25:697][  0]LogPakFile: PakFile PathHashIndexSize=101
[2023.08.04-10.41.25:697][  0]LogPakFile: PakFile FullDirectoryIndexSize=138
[2023.08.04-10.41.25:697][  0]LogShaderLibrary: Display: ShaderCodeLibraryPakFileMountedCallback: PakFile 'D:/Epic Games/UE_4.27/FeaturePacks/TP_Flying.upack' (chunk index -1, root 'root:/') mounted
[2023.08.04-10.41.25:698][  0]LogShaderLibrary: Display: ShaderCodeLibraryPakFileMountedCallback: pending pak file info (ChunkID:-1 Root:root:/ File:D:/Epic Games/UE_4.27/FeaturePacks/TP_Flying.upack)
[2023.08.04-10.41.25:698][  0]LogPakFile: OnPakFileMounted2Time == 0.000204
[2023.08.04-10.41.25:698][  0]LogPakFile: PakFile PrimaryIndexSize=184
[2023.08.04-10.41.25:698][  0]LogPakFile: PakFile PathHashIndexSize=101
[2023.08.04-10.41.25:698][  0]LogPakFile: PakFile FullDirectoryIndexSize=142
[2023.08.04-10.41.25:699][  0]LogShaderLibrary: Display: ShaderCodeLibraryPakFileMountedCallback: PakFile 'D:/Epic Games/UE_4.27/FeaturePacks/TP_FlyingBP.upack' (chunk index -1, root 'root:/') mounted
[2023.08.04-10.41.25:699][  0]LogShaderLibrary: Display: ShaderCodeLibraryPakFileMountedCallback: pending pak file info (ChunkID:-1 Root:root:/ File:D:/Epic Games/UE_4.27/FeaturePacks/TP_FlyingBP.upack)
[2023.08.04-10.41.25:699][  0]LogPakFile: OnPakFileMounted2Time == 0.000169
[2023.08.04-10.41.25:699][  0]LogPakFile: PakFile PrimaryIndexSize=188
[2023.08.04-10.41.25:699][  0]LogPakFile: PakFile PathHashIndexSize=101
[2023.08.04-10.41.25:699][  0]LogPakFile: PakFile FullDirectoryIndexSize=150
[2023.08.04-10.41.25:699][  0]LogShaderLibrary: Display: ShaderCodeLibraryPakFileMountedCallback: PakFile 'D:/Epic Games/UE_4.27/FeaturePacks/TP_HandheldARBP.upack' (chunk index -1, root 'root:/') mounted
[2023.08.04-10.41.25:699][  0]LogShaderLibrary: Display: ShaderCodeLibraryPakFileMountedCallback: pending pak file info (ChunkID:-1 Root:root:/ File:D:/Epic Games/UE_4.27/FeaturePacks/TP_HandheldARBP.upack)
[2023.08.04-10.41.25:699][  0]LogPakFile: OnPakFileMounted2Time == 0.000226
[2023.08.04-10.41.25:699][  0]LogPakFile: PakFile PrimaryIndexSize=182
[2023.08.04-10.41.25:700][  0]LogPakFile: PakFile PathHashIndexSize=101
[2023.08.04-10.41.25:700][  0]LogPakFile: PakFile FullDirectoryIndexSize=138
[2023.08.04-10.41.25:700][  0]LogShaderLibrary: Display: ShaderCodeLibraryPakFileMountedCallback: PakFile 'D:/Epic Games/UE_4.27/FeaturePacks/TP_Puzzle.upack' (chunk index -1, root 'root:/') mounted
[2023.08.04-10.41.25:700][  0]LogShaderLibrary: Display: ShaderCodeLibraryPakFileMountedCallback: pending pak file info (ChunkID:-1 Root:root:/ File:D:/Epic Games/UE_4.27/FeaturePacks/TP_Puzzle.upack)
[2023.08.04-10.41.25:700][  0]LogPakFile: OnPakFileMounted2Time == 0.000186
[2023.08.04-10.41.25:701][  0]LogPakFile: PakFile PrimaryIndexSize=184
[2023.08.04-10.41.25:701][  0]LogPakFile: PakFile PathHashIndexSize=101
[2023.08.04-10.41.25:701][  0]LogPakFile: PakFile FullDirectoryIndexSize=142
[2023.08.04-10.41.25:701][  0]LogShaderLibrary: Display: ShaderCodeLibraryPakFileMountedCallback: PakFile 'D:/Epic Games/UE_4.27/FeaturePacks/TP_PuzzleBP.upack' (chunk index -1, root 'root:/') mounted
[2023.08.04-10.41.25:701][  0]LogShaderLibrary: Display: ShaderCodeLibraryPakFileMountedCallback: pending pak file info (ChunkID:-1 Root:root:/ File:D:/Epic Games/UE_4.27/FeaturePacks/TP_PuzzleBP.upack)
[2023.08.04-10.41.25:701][  0]LogPakFile: OnPakFileMounted2Time == 0.000203
[2023.08.04-10.41.25:702][  0]LogPakFile: PakFile PrimaryIndexSize=183
[2023.08.04-10.41.25:702][  0]LogPakFile: PakFile PathHashIndexSize=101
[2023.08.04-10.41.25:702][  0]LogPakFile: PakFile FullDirectoryIndexSize=140
[2023.08.04-10.41.25:702][  0]LogShaderLibrary: Display: ShaderCodeLibraryPakFileMountedCallback: PakFile 'D:/Epic Games/UE_4.27/FeaturePacks/TP_Rolling.upack' (chunk index -1, root 'root:/') mounted
[2023.08.04-10.41.25:702][  0]LogShaderLibrary: Display: ShaderCodeLibraryPakFileMountedCallback: pending pak file info (ChunkID:-1 Root:root:/ File:D:/Epic Games/UE_4.27/FeaturePacks/TP_Rolling.upack)
[2023.08.04-10.41.25:702][  0]LogPakFile: OnPakFileMounted2Time == 0.000261
[2023.08.04-10.41.25:703][  0]LogPakFile: PakFile PrimaryIndexSize=185
[2023.08.04-10.41.25:703][  0]LogPakFile: PakFile PathHashIndexSize=101
[2023.08.04-10.41.25:704][  0]LogPakFile: PakFile FullDirectoryIndexSize=144
[2023.08.04-10.41.25:704][  0]LogShaderLibrary: Display: ShaderCodeLibraryPakFileMountedCallback: PakFile 'D:/Epic Games/UE_4.27/FeaturePacks/TP_RollingBP.upack' (chunk index -1, root 'root:/') mounted
[2023.08.04-10.41.25:704][  0]LogShaderLibrary: Display: ShaderCodeLibraryPakFileMountedCallback: pending pak file info (ChunkID:-1 Root:root:/ File:D:/Epic Games/UE_4.27/FeaturePacks/TP_RollingBP.upack)
[2023.08.04-10.41.25:704][  0]LogPakFile: OnPakFileMounted2Time == 0.000254
[2023.08.04-10.41.25:705][  0]LogPakFile: PakFile PrimaryIndexSize=188
[2023.08.04-10.41.25:705][  0]LogPakFile: PakFile PathHashIndexSize=101
[2023.08.04-10.41.25:705][  0]LogPakFile: PakFile FullDirectoryIndexSize=150
[2023.08.04-10.41.25:705][  0]LogShaderLibrary: Display: ShaderCodeLibraryPakFileMountedCallback: PakFile 'D:/Epic Games/UE_4.27/FeaturePacks/TP_SideScroller.upack' (chunk index -1, root 'root:/') mounted
[2023.08.04-10.41.25:705][  0]LogShaderLibrary: Display: ShaderCodeLibraryPakFileMountedCallback: pending pak file info (ChunkID:-1 Root:root:/ File:D:/Epic Games/UE_4.27/FeaturePacks/TP_SideScroller.upack)
[2023.08.04-10.41.25:705][  0]LogPakFile: OnPakFileMounted2Time == 0.000195
[2023.08.04-10.41.25:706][  0]LogPakFile: PakFile PrimaryIndexSize=190
[2023.08.04-10.41.25:706][  0]LogPakFile: PakFile PathHashIndexSize=101
[2023.08.04-10.41.25:706][  0]LogPakFile: PakFile FullDirectoryIndexSize=154
[2023.08.04-10.41.25:706][  0]LogShaderLibrary: Display: ShaderCodeLibraryPakFileMountedCallback: PakFile 'D:/Epic Games/UE_4.27/FeaturePacks/TP_SideScrollerBP.upack' (chunk index -1, root 'root:/') mounted
[2023.08.04-10.41.25:706][  0]LogShaderLibrary: Display: ShaderCodeLibraryPakFileMountedCallback: pending pak file info (ChunkID:-1 Root:root:/ File:D:/Epic Games/UE_4.27/FeaturePacks/TP_SideScrollerBP.upack)
[2023.08.04-10.41.25:707][  0]LogPakFile: OnPakFileMounted2Time == 0.000200
[2023.08.04-10.41.25:707][  0]LogPakFile: PakFile PrimaryIndexSize=187
[2023.08.04-10.41.25:707][  0]LogPakFile: PakFile PathHashIndexSize=101
[2023.08.04-10.41.25:708][  0]LogPakFile: PakFile FullDirectoryIndexSize=148
[2023.08.04-10.41.25:708][  0]LogShaderLibrary: Display: ShaderCodeLibraryPakFileMountedCallback: PakFile 'D:/Epic Games/UE_4.27/FeaturePacks/TP_ThirdPerson.upack' (chunk index -1, root 'root:/') mounted
[2023.08.04-10.41.25:708][  0]LogShaderLibrary: Display: ShaderCodeLibraryPakFileMountedCallback: pending pak file info (ChunkID:-1 Root:root:/ File:D:/Epic Games/UE_4.27/FeaturePacks/TP_ThirdPerson.upack)
[2023.08.04-10.41.25:708][  0]LogPakFile: OnPakFileMounted2Time == 0.000228
[2023.08.04-10.41.25:709][  0]LogPakFile: PakFile PrimaryIndexSize=189
[2023.08.04-10.41.25:709][  0]LogPakFile: PakFile PathHashIndexSize=101
[2023.08.04-10.41.25:709][  0]LogPakFile: PakFile FullDirectoryIndexSize=152
[2023.08.04-10.41.25:709][  0]LogShaderLibrary: Display: ShaderCodeLibraryPakFileMountedCallback: PakFile 'D:/Epic Games/UE_4.27/FeaturePacks/TP_ThirdPersonBP.upack' (chunk index -1, root 'root:/') mounted
[2023.08.04-10.41.25:709][  0]LogShaderLibrary: Display: ShaderCodeLibraryPakFileMountedCallback: pending pak file info (ChunkID:-1 Root:root:/ File:D:/Epic Games/UE_4.27/FeaturePacks/TP_ThirdPersonBP.upack)
[2023.08.04-10.41.25:709][  0]LogPakFile: OnPakFileMounted2Time == 0.000133
[2023.08.04-10.41.25:710][  0]LogPakFile: PakFile PrimaryIndexSize=183
[2023.08.04-10.41.25:710][  0]LogPakFile: PakFile PathHashIndexSize=101
[2023.08.04-10.41.25:710][  0]LogPakFile: PakFile FullDirectoryIndexSize=140
[2023.08.04-10.41.25:710][  0]LogShaderLibrary: Display: ShaderCodeLibraryPakFileMountedCallback: PakFile 'D:/Epic Games/UE_4.27/FeaturePacks/TP_TopDown.upack' (chunk index -1, root 'root:/') mounted
[2023.08.04-10.41.25:710][  0]LogShaderLibrary: Display: ShaderCodeLibraryPakFileMountedCallback: pending pak file info (ChunkID:-1 Root:root:/ File:D:/Epic Games/UE_4.27/FeaturePacks/TP_TopDown.upack)
[2023.08.04-10.41.25:710][  0]LogPakFile: OnPakFileMounted2Time == 0.000217
[2023.08.04-10.41.25:711][  0]LogPakFile: PakFile PrimaryIndexSize=185
[2023.08.04-10.41.25:711][  0]LogPakFile: PakFile PathHashIndexSize=101
[2023.08.04-10.41.25:711][  0]LogPakFile: PakFile FullDirectoryIndexSize=144
[2023.08.04-10.41.25:711][  0]LogShaderLibrary: Display: ShaderCodeLibraryPakFileMountedCallback: PakFile 'D:/Epic Games/UE_4.27/FeaturePacks/TP_TopDownBP.upack' (chunk index -1, root 'root:/') mounted
[2023.08.04-10.41.25:711][  0]LogShaderLibrary: Display: ShaderCodeLibraryPakFileMountedCallback: pending pak file info (ChunkID:-1 Root:root:/ File:D:/Epic Games/UE_4.27/FeaturePacks/TP_TopDownBP.upack)
[2023.08.04-10.41.25:711][  0]LogPakFile: OnPakFileMounted2Time == 0.000211
[2023.08.04-10.41.25:712][  0]LogPakFile: PakFile PrimaryIndexSize=185
[2023.08.04-10.41.25:712][  0]LogPakFile: PakFile PathHashIndexSize=101
[2023.08.04-10.41.25:712][  0]LogPakFile: PakFile FullDirectoryIndexSize=144
[2023.08.04-10.41.25:712][  0]LogShaderLibrary: Display: ShaderCodeLibraryPakFileMountedCallback: PakFile 'D:/Epic Games/UE_4.27/FeaturePacks/TP_TwinStick.upack' (chunk index -1, root 'root:/') mounted
[2023.08.04-10.41.25:712][  0]LogShaderLibrary: Display: ShaderCodeLibraryPakFileMountedCallback: pending pak file info (ChunkID:-1 Root:root:/ File:D:/Epic Games/UE_4.27/FeaturePacks/TP_TwinStick.upack)
[2023.08.04-10.41.25:712][  0]LogPakFile: OnPakFileMounted2Time == 0.000171
[2023.08.04-10.41.25:713][  0]LogPakFile: PakFile PrimaryIndexSize=187
[2023.08.04-10.41.25:713][  0]LogPakFile: PakFile PathHashIndexSize=101
[2023.08.04-10.41.25:713][  0]LogPakFile: PakFile FullDirectoryIndexSize=148
[2023.08.04-10.41.25:713][  0]LogShaderLibrary: Display: ShaderCodeLibraryPakFileMountedCallback: PakFile 'D:/Epic Games/UE_4.27/FeaturePacks/TP_TwinStickBP.upack' (chunk index -1, root 'root:/') mounted
[2023.08.04-10.41.25:713][  0]LogShaderLibrary: Display: ShaderCodeLibraryPakFileMountedCallback: pending pak file info (ChunkID:-1 Root:root:/ File:D:/Epic Games/UE_4.27/FeaturePacks/TP_TwinStickBP.upack)
[2023.08.04-10.41.25:713][  0]LogPakFile: OnPakFileMounted2Time == 0.000197
[2023.08.04-10.41.25:714][  0]LogPakFile: PakFile PrimaryIndexSize=183
[2023.08.04-10.41.25:714][  0]LogPakFile: PakFile PathHashIndexSize=101
[2023.08.04-10.41.25:714][  0]LogPakFile: PakFile FullDirectoryIndexSize=140
[2023.08.04-10.41.25:714][  0]LogShaderLibrary: Display: ShaderCodeLibraryPakFileMountedCallback: PakFile 'D:/Epic Games/UE_4.27/FeaturePacks/TP_Vehicle.upack' (chunk index -1, root 'root:/') mounted
[2023.08.04-10.41.25:714][  0]LogShaderLibrary: Display: ShaderCodeLibraryPakFileMountedCallback: pending pak file info (ChunkID:-1 Root:root:/ File:D:/Epic Games/UE_4.27/FeaturePacks/TP_Vehicle.upack)
[2023.08.04-10.41.25:714][  0]LogPakFile: OnPakFileMounted2Time == 0.000171
[2023.08.04-10.41.25:715][  0]LogPakFile: PakFile PrimaryIndexSize=186
[2023.08.04-10.41.25:715][  0]LogPakFile: PakFile PathHashIndexSize=101
[2023.08.04-10.41.25:715][  0]LogPakFile: PakFile FullDirectoryIndexSize=146
[2023.08.04-10.41.25:715][  0]LogShaderLibrary: Display: ShaderCodeLibraryPakFileMountedCallback: PakFile 'D:/Epic Games/UE_4.27/FeaturePacks/TP_VehicleAdv.upack' (chunk index -1, root 'root:/') mounted
[2023.08.04-10.41.25:715][  0]LogShaderLibrary: Display: ShaderCodeLibraryPakFileMountedCallback: pending pak file info (ChunkID:-1 Root:root:/ File:D:/Epic Games/UE_4.27/FeaturePacks/TP_VehicleAdv.upack)
[2023.08.04-10.41.25:715][  0]LogPakFile: OnPakFileMounted2Time == 0.000176
[2023.08.04-10.41.25:716][  0]LogPakFile: PakFile PrimaryIndexSize=188
[2023.08.04-10.41.25:716][  0]LogPakFile: PakFile PathHashIndexSize=101
[2023.08.04-10.41.25:716][  0]LogPakFile: PakFile FullDirectoryIndexSize=150
[2023.08.04-10.41.25:716][  0]LogShaderLibrary: Display: ShaderCodeLibraryPakFileMountedCallback: PakFile 'D:/Epic Games/UE_4.27/FeaturePacks/TP_VehicleAdvBP.upack' (chunk index -1, root 'root:/') mounted
[2023.08.04-10.41.25:716][  0]LogShaderLibrary: Display: ShaderCodeLibraryPakFileMountedCallback: pending pak file info (ChunkID:-1 Root:root:/ File:D:/Epic Games/UE_4.27/FeaturePacks/TP_VehicleAdvBP.upack)
[2023.08.04-10.41.25:716][  0]LogPakFile: OnPakFileMounted2Time == 0.000205
[2023.08.04-10.41.25:717][  0]LogPakFile: PakFile PrimaryIndexSize=185
[2023.08.04-10.41.25:717][  0]LogPakFile: PakFile PathHashIndexSize=101
[2023.08.04-10.41.25:717][  0]LogPakFile: PakFile FullDirectoryIndexSize=144
[2023.08.04-10.41.25:717][  0]LogShaderLibrary: Display: ShaderCodeLibraryPakFileMountedCallback: PakFile 'D:/Epic Games/UE_4.27/FeaturePacks/TP_VehicleBP.upack' (chunk index -1, root 'root:/') mounted
[2023.08.04-10.41.25:717][  0]LogShaderLibrary: Display: ShaderCodeLibraryPakFileMountedCallback: pending pak file info (ChunkID:-1 Root:root:/ File:D:/Epic Games/UE_4.27/FeaturePacks/TP_VehicleBP.upack)
[2023.08.04-10.41.25:717][  0]LogPakFile: OnPakFileMounted2Time == 0.000198
[2023.08.04-10.41.25:718][  0]LogPakFile: PakFile PrimaryIndexSize=192
[2023.08.04-10.41.25:718][  0]LogPakFile: PakFile PathHashIndexSize=101
[2023.08.04-10.41.25:718][  0]LogPakFile: PakFile FullDirectoryIndexSize=158
[2023.08.04-10.41.25:718][  0]LogShaderLibrary: Display: ShaderCodeLibraryPakFileMountedCallback: PakFile 'D:/Epic Games/UE_4.27/FeaturePacks/TP_VirtualRealityBP.upack' (chunk index -1, root 'root:/') mounted
[2023.08.04-10.41.25:719][  0]LogShaderLibrary: Display: ShaderCodeLibraryPakFileMountedCallback: pending pak file info (ChunkID:-1 Root:root:/ File:D:/Epic Games/UE_4.27/FeaturePacks/TP_VirtualRealityBP.upack)
[2023.08.04-10.41.25:719][  0]LogPakFile: OnPakFileMounted2Time == 0.000321
[2023.08.04-10.41.25:751][  0]LogNativeClassHierarchy: Verbose: Native class hierarchy updated for 'AddContentDialog' in 0.0005 seconds. Added 0 classes and 0 folders.
[2023.08.04-10.41.25:753][  0]LogNativeClassHierarchy: Verbose: Native class hierarchy updated for 'SceneOutliner' in 0.0003 seconds. Added 2 classes and 0 folders.
[2023.08.04-10.41.25:799][  0]LogSlate: Took 0.000194 seconds to synchronously load lazily loaded font '../../../Engine/Content/Slate/Fonts/Roboto-Regular.ttf' (155K)
[2023.08.04-10.41.25:801][  0]LogSlate: Took 0.000156 seconds to synchronously load lazily loaded font '../../../Engine/Content/Editor/Slate/Fonts/FontAwesome.ttf' (139K)
[2023.08.04-10.41.25:802][  0]LogSlate: Took 0.000178 seconds to synchronously load lazily loaded font '../../../Engine/Content/Slate/Fonts/Roboto-Bold.ttf' (160K)
[2023.08.04-10.41.25:911][  0]LogRenderer: Reallocating scene render targets to support 1208x572 Format 10 NumSamples 1 (Frame:1).
[2023.08.04-10.41.25:971][  0]LogSlate: Took 0.000221 seconds to synchronously load lazily loaded font '../../../Engine/Content/Slate/Fonts/Roboto-Light.ttf' (167K)
[2023.08.04-10.41.26:036][  0]LogNativeClassHierarchy: Verbose: Native class hierarchy updated for 'HierarchicalLODOutliner' in 0.0004 seconds. Added 0 classes and 0 folders.
[2023.08.04-10.41.26:036][  0]LogLoad: (Engine Initialization) Total time: 11.21 seconds
[2023.08.04-10.41.26:036][  0]LogLoad: (Engine Initialization) Total Blueprint compile time: 0.00 seconds
[2023.08.04-10.41.26:088][  0]LogAssetRegistry: Asset discovery search completed in 5.8487 seconds
[2023.08.04-10.41.26:093][  0]LogCollectionManager: Fixed up redirectors for 0 collections in 0.000005 seconds (updated 0 objects)
[2023.08.04-10.41.26:095][  0]LogContentStreaming: Texture pool size now 1000 MB
[2023.08.04-10.41.40:425][397]LogSlate: Took 0.000178 seconds to synchronously load lazily loaded font '../../../Engine/Content/Slate/Fonts/Roboto-Light.ttf' (167K)
[2023.08.04-10.41.40:443][397]LogAssetEditorSubsystem: Opening Asset editor for Blueprint /Game/AI/ZombieEnemy.ZombieEnemy
[2023.08.04-10.41.40:651][397]LogNativeClassHierarchy: Verbose: Native class hierarchy updated for 'BlueprintGraph' in 0.0006 seconds. Added 126 classes and 0 folders.
[2023.08.04-10.41.41:673][397]LogSlate: Took 0.000234 seconds to synchronously load lazily loaded font '../../../Engine/Content/Slate/Fonts/Roboto-BoldCondensed.ttf' (158K)
[2023.08.04-10.41.43:303][530]LogSlate: Window 'ZombieEnemy' being destroyed
