Log file open, 10/08/22 13:21:01
LogWindows: Failed to load 'aqProf.dll' (GetLastError=126)
LogWindows: File 'aqProf.dll' does not exist
LogWindows: Failed to load 'VtuneApi.dll' (GetLastError=126)
LogWindows: File 'VtuneApi.dll' does not exist
LogWindows: Failed to load 'VtuneApi32e.dll' (GetLastError=126)
LogWindows: File 'VtuneApi32e.dll' does not exist
LogConsoleResponse: Display: Failed to find resolution value strings in scalability ini. Falling back to default.
LogConsoleResponse: Display: Failed to find resolution value strings in scalability ini. Falling back to default.
LogInit: Display: Running engine for game: Zombone
LogPlatformFile: Not using cached read wrapper
LogTaskGraph: Started task graph with 5 named threads and 35 total threads with 3 sets of task threads.
LogStats: Stats thread started at 0.379696
LogICUInternationalization: ICU TimeZone Detection - Raw Offset: +1:00, Platform Override: ''
LogInit: Display: Loading text-based GConfig....
LogPluginManager: Mounting plugin MeshPainting
LogPluginManager: Mounting plugin XGEController
LogPluginManager: Mounting plugin Paper2D
LogPluginManager: Mounting plugin AISupport
LogPluginManager: Mounting plugin EnvironmentQueryEditor
LogPluginManager: Mounting plugin LightPropagationVolume
LogPluginManager: Mounting plugin LiveLink
LogPluginManager: Mounting plugin AnimationSharing
LogPluginManager: Mounting plugin OodleData
LogPluginManager: Mounting plugin OodleNetwork
LogPluginManager: Mounting plugin GitSourceControl
LogPluginManager: Mounting plugin CodeLiteSourceCodeAccess
LogPluginManager: Mounting plugin KDevelopSourceCodeAccess
LogPluginManager: Mounting plugin PerforceSourceControl
LogPluginManager: Mounting plugin NullSourceCodeAccess
LogPluginManager: Mounting plugin PlasticSourceControl
LogPluginManager: Mounting plugin PixWinPlugin
LogPluginManager: Mounting plugin PropertyAccessNode
LogPluginManager: Mounting plugin PluginUtils
LogPluginManager: Mounting plugin RiderSourceCodeAccess
LogPluginManager: Mounting plugin SubversionSourceControl
LogPluginManager: Mounting plugin VisualStudioSourceCodeAccess
LogPluginManager: Mounting plugin TextureFormatOodle
LogPluginManager: Mounting plugin VisualStudioCodeSourceCodeAccess
LogPluginManager: Mounting plugin XCodeSourceCodeAccess
LogPluginManager: Mounting plugin AssetManagerEditor
LogPluginManager: Mounting plugin CryptoKeys
LogPluginManager: Mounting plugin CurveEditorTools
LogPluginManager: Mounting plugin FacialAnimation
LogPluginManager: Mounting plugin GameplayTagsEditor
LogPluginManager: Mounting plugin MacGraphicsSwitching
LogPluginManager: Mounting plugin CLionSourceCodeAccess
LogPluginManager: Mounting plugin GeometryMode
LogPluginManager: Mounting plugin MaterialAnalyzer
LogPluginManager: Mounting plugin MobileLauncherProfileWizard
LogPluginManager: Mounting plugin SpeedTreeImporter
LogPluginManager: Mounting plugin PluginBrowser
LogPluginManager: Mounting plugin DatasmithContent
LogPluginManager: Mounting plugin VariantManagerContent
LogPluginManager: Mounting plugin GameplayCameras
LogPluginManager: Mounting plugin CameraShakePreviewer
LogPluginManager: Mounting plugin LuminPlatformFeatures
LogPluginManager: Mounting plugin Niagara
LogPluginManager: Mounting plugin MagicLeap
LogPluginManager: Mounting plugin MagicLeapLightEstimation
LogPluginManager: Mounting plugin MagicLeapMedia
LogPluginManager: Mounting plugin MagicLeapPassableWorld
LogPluginManager: Mounting plugin TcpMessaging
LogPluginManager: Mounting plugin MLSDK
LogPluginManager: Mounting plugin AndroidMedia
LogPluginManager: Mounting plugin AlembicImporter
LogPluginManager: Mounting plugin UdpMessaging
LogPluginManager: Mounting plugin UObjectPlugin
LogPluginManager: Mounting plugin AutomationUtils
LogPluginManager: Mounting plugin BackChannel
LogPluginManager: Mounting plugin ChaosCloth
LogPluginManager: Mounting plugin ChaosNiagara
LogPluginManager: Mounting plugin ChaosSolverPlugin
LogPluginManager: Mounting plugin ChaosClothEditor
LogPluginManager: Mounting plugin ChaosEditor
LogPluginManager: Mounting plugin ActorSequence
LogPluginManager: Mounting plugin LevelSequenceEditor
LogPluginManager: Mounting plugin MatineeToLevelSequence
LogPluginManager: Mounting plugin TemplateSequence
LogPluginManager: Mounting plugin OnlineSubsystem
LogPluginManager: Mounting plugin OnlineSubsystemNull
LogPluginManager: Mounting plugin DataValidation
LogPluginManager: Mounting plugin OnlineSubsystemUtils
LogPluginManager: Mounting plugin ActorLayerUtilities
LogPluginManager: Mounting plugin LauncherChunkInstaller
LogPluginManager: Mounting plugin AndroidMoviePlayer
LogPluginManager: Mounting plugin AndroidDeviceProfileSelector
LogPluginManager: Mounting plugin AndroidPermission
LogPluginManager: Mounting plugin AppleMoviePlayer
LogPluginManager: Mounting plugin AppleImageUtils
LogPluginManager: Mounting plugin AudioSynesthesia
LogPluginManager: Mounting plugin AudioCapture
LogPluginManager: Mounting plugin CableComponent
LogPluginManager: Mounting plugin AssetTags
LogPluginManager: Mounting plugin ChunkDownloader
LogPluginManager: Mounting plugin CustomMeshComponent
LogPluginManager: Mounting plugin EditableMesh
LogPluginManager: Mounting plugin GooglePAD
LogPluginManager: Mounting plugin ExampleDeviceProfileSelector
LogPluginManager: Mounting plugin GoogleCloudMessaging
LogPluginManager: Mounting plugin IOSDeviceProfileSelector
LogPluginManager: Mounting plugin LinuxDeviceProfileSelector
LogPluginManager: Mounting plugin LocationServicesBPLibrary
LogPluginManager: Mounting plugin MobilePatchingUtils
LogPluginManager: Mounting plugin OpenXR
LogPluginManager: Mounting plugin OpenXRHandTracking
LogPluginManager: Mounting plugin OpenXREyeTracker
LogPluginManager: Mounting plugin PhysXVehicles
LogPluginManager: Mounting plugin AvfMedia
LogPluginManager: Mounting plugin PostSplashScreen
LogPluginManager: Mounting plugin ProceduralMeshComponent
LogPluginManager: Mounting plugin ArchVisCharacter
LogPluginManager: Mounting plugin PropertyAccessEditor
LogPluginManager: Mounting plugin RuntimePhysXCooking
LogPluginManager: Mounting plugin SignificanceManager
LogPluginManager: Mounting plugin SoundFields
LogPluginManager: Mounting plugin Synthesis
LogPluginManager: Mounting plugin WebMMoviePlayer
LogPluginManager: Mounting plugin ImgMedia
LogPluginManager: Mounting plugin WindowsMoviePlayer
LogPluginManager: Mounting plugin MediaCompositing
LogPluginManager: Mounting plugin MediaPlayerEditor
LogPluginManager: Mounting plugin WebMMedia
LogPluginManager: Mounting plugin WmfMedia
LogPluginManager: Mounting plugin ScreenshotTools
LogPluginManager: Mounting plugin Takes
LogPluginManager: Mounting plugin CharacterAI
LogPluginManager: Mounting plugin GeometryCache
LogPluginManager: Mounting plugin GeometryCollectionPlugin
LogPluginManager: Mounting plugin GeometryProcessing
LogPluginManager: Mounting plugin MotoSynth
LogPluginManager: Mounting plugin OpenImageDenoise
LogPluginManager: Mounting plugin ProxyLODPlugin
LogPluginManager: Mounting plugin PlatformCrypto
LogPluginManager: Mounting plugin PythonScriptPlugin
LogPluginManager: Mounting plugin PlanarCut
LogPluginManager: Mounting plugin SkeletalReduction
LogPluginManager: Mounting plugin ContentBrowserFileDataSource
LogPluginManager: Mounting plugin ContentBrowserClassDataSource
LogPluginManager: Mounting plugin ContentBrowserAssetDataSource
LogPluginManager: Mounting plugin OnlineSubsystemGooglePlay
LogPluginManager: Mounting plugin OnlineSubsystemIOS
LogPluginManager: Mounting plugin OculusVR
LogPluginManager: Mounting plugin SteamVR
PixWinPlugin: PIX capture plugin failed to initialize! Check that the process is launched from PIX.
LogInit: Using libcurl 7.55.1-DEV
LogInit:  - built for x86_64-pc-win32
LogInit:  - supports SSL with OpenSSL/1.1.1
LogInit:  - supports HTTP deflate (compression) using libz 1.2.8
LogInit:  - other features:
LogInit:      CURL_VERSION_SSL
LogInit:      CURL_VERSION_LIBZ
LogInit:      CURL_VERSION_IPV6
LogInit:      CURL_VERSION_ASYNCHDNS
LogInit:      CURL_VERSION_LARGEFILE
LogInit:      CURL_VERSION_IDN
LogInit:  CurlRequestOptions (configurable via config and command line):
LogInit:  - bVerifyPeer = true  - Libcurl will verify peer certificate
LogInit:  - bUseHttpProxy = false  - Libcurl will NOT use HTTP proxy
LogInit:  - bDontReuseConnections = false  - Libcurl will reuse connections
LogInit:  - MaxHostConnections = 16  - Libcurl will limit the number of connections to a host
LogInit:  - LocalHostAddr = Default
LogInit:  - BufferSize = 65536
LogOnline: OSS: Creating online subsystem instance for: NULL
LogInit: WinSock: version 1.1 (2.2), MaxSocks=32767, MaxUdp=65467
LogOnline: OSS: TryLoadSubsystemAndSetDefault: Loaded subsystem for module [NULL]
LogOculusPluginWrapper: OculusPlugin initialized successfully
LogHMD: Failed initializing OVRPlugin 1.59.0
LogInit: Build: ++UE4+Release-4.27-CL-18319896
LogInit: Engine Version: 4.27.2-18319896+++UE4+Release-4.27
LogInit: Compatible Engine Version: 4.27.0-17155196+++UE4+Release-4.27
LogInit: Net CL: 17155196
LogInit: OS: Windows 10 (Release 2009) (), CPU: Intel(R) Core(TM) i7-7800X CPU @ 3.50GHz, GPU: NVIDIA GeForce GTX 1060 6GB
LogInit: Compiled (64-bit): Nov 30 2021 07:12:08
LogInit: Compiled with Visual C++: 19.24.28315.00
LogInit: Build Configuration: Development
LogInit: Branch Name: ++UE4+Release-4.27
LogInit: Command Line:  -skipcompile
LogInit: Base Directory: D:/Epic Games/UE_4.27/Engine/Binaries/Win64/
LogInit: Allocator: TBB
LogInit: Installed Engine Build: 1
LogDevObjectVersion: Number of dev versions registered: 29
LogDevObjectVersion:   Dev-Blueprints (B0D832E4-1F89-4F0D-ACCF-7EB736FD4AA2): 10
LogDevObjectVersion:   Dev-Build (E1C64328-A22C-4D53-A36C-8E866417BD8C): 0
LogDevObjectVersion:   Dev-Core (375EC13C-06E4-48FB-B500-84F0262A717E): 4
LogDevObjectVersion:   Dev-Editor (E4B068ED-F494-42E9-A231-DA0B2E46BB41): 40
LogDevObjectVersion:   Dev-Framework (CFFC743F-43B0-4480-9391-14DF171D2073): 37
LogDevObjectVersion:   Dev-Mobile (B02B49B5-BB20-44E9-A304-32B752E40360): 3
LogDevObjectVersion:   Dev-Networking (A4E4105C-59A1-49B5-A7C5-40C4547EDFEE): 0
LogDevObjectVersion:   Dev-Online (39C831C9-5AE6-47DC-9A44-9C173E1C8E7C): 0
LogDevObjectVersion:   Dev-Physics (78F01B33-EBEA-4F98-B9B4-84EACCB95AA2): 14
LogDevObjectVersion:   Dev-Platform (6631380F-2D4D-43E0-8009-CF276956A95A): 0
LogDevObjectVersion:   Dev-Rendering (12F88B9F-8875-4AFC-A67C-D90C383ABD29): 45
LogDevObjectVersion:   Dev-Sequencer (7B5AE74C-D270-4C10-A958-57980B212A5A): 13
LogDevObjectVersion:   Dev-VR (D7296918-1DD6-4BDD-9DE2-64A83CC13884): 3
LogDevObjectVersion:   Dev-LoadTimes (C2A15278-BFE7-4AFE-6C17-90FF531DF755): 1
LogDevObjectVersion:   Private-Geometry (6EACA3D4-40EC-4CC1-B786-8BED09428FC5): 3
LogDevObjectVersion:   Dev-AnimPhys (29E575DD-E0A3-4627-9D10-D276232CDCEA): 17
LogDevObjectVersion:   Dev-Anim (AF43A65D-7FD3-4947-9873-3E8ED9C1BB05): 15
LogDevObjectVersion:   Dev-ReflectionCapture (6B266CEC-1EC7-4B8F-A30B-E4D90942FC07): 1
LogDevObjectVersion:   Dev-Automation (0DF73D61-A23F-47EA-B727-89E90C41499A): 1
LogDevObjectVersion:   FortniteMain (601D1886-AC64-4F84-AA16-D3DE0DEAC7D6): 47
LogDevObjectVersion:   FortniteRelease (E7086368-6B23-4C58-8439-1B7016265E91): 1
LogDevObjectVersion:   Dev-Enterprise (9DFFBCD6-494F-0158-E221-12823C92A888): 10
LogDevObjectVersion:   Dev-Niagara (F2AED0AC-9AFE-416F-8664-AA7FFA26D6FC): 1
LogDevObjectVersion:   Dev-Destruction (174F1F0B-B4C6-45A5-B13F-2EE8D0FB917D): 10
LogDevObjectVersion:   Dev-Physics-Ext (35F94A83-E258-406C-A318-09F59610247C): 41
LogDevObjectVersion:   Dev-PhysicsMaterial-Chaos (B68FC16E-8B1B-42E2-B453-215C058844FE): 1
LogDevObjectVersion:   Dev-CineCamera (B2E18506-4273-CFC2-A54E-F4BB758BBA07): 1
LogDevObjectVersion:   Dev-VirtualProduction (64F58936-FD1B-42BA-BA96-7289D5D0FA4E): 1
LogDevObjectVersion:   Dev-MediaFramework (6F0ED827-A609-4895-9C91-998D90180EA4): 2
LogInit: Presizing for max 25165824 objects, including 0 objects not considered by GC, pre-allocating 0 bytes for permanent pool.
LogConfig: Applying CVar settings from Section [/Script/Engine.StreamingSettings] File [D:/Portfolio/Unreal/FPS_Game/Zombone/Saved/Config/Windows/Engine.ini]
LogConfig: Setting CVar [[s.MinBulkDataSizeForAsyncLoading:131072]]
LogConfig: Setting CVar [[s.AsyncLoadingThreadEnabled:0]]
LogConfig: Setting CVar [[s.EventDrivenLoaderEnabled:1]]
LogConfig: Setting CVar [[s.WarnIfTimeLimitExceeded:0]]
LogConfig: Setting CVar [[s.TimeLimitExceededMultiplier:1.5]]
LogConfig: Setting CVar [[s.TimeLimitExceededMinTime:0.005]]
LogConfig: Setting CVar [[s.UseBackgroundLevelStreaming:1]]
LogConfig: Setting CVar [[s.PriorityAsyncLoadingExtraTime:15.0]]
LogConfig: Setting CVar [[s.LevelStreamingActorsUpdateTimeLimit:5.0]]
LogConfig: Setting CVar [[s.PriorityLevelStreamingActorsUpdateExtraTime:5.0]]
LogConfig: Setting CVar [[s.LevelStreamingComponentsRegistrationGranularity:10]]
LogConfig: Setting CVar [[s.UnregisterComponentsTimeLimit:1.0]]
LogConfig: Setting CVar [[s.LevelStreamingComponentsUnregistrationGranularity:5]]
LogConfig: Setting CVar [[s.FlushStreamingOnExit:1]]
LogInit: Object subsystem initialized
LogConfig: Setting CVar [[con.DebugEarlyDefault:1]]
LogConfig: Setting CVar [[r.setres:1280x720]]
[2022.10.08-11.21.06:823][  0]LogConfig: Setting CVar [[r.VSync:0]]
[2022.10.08-11.21.06:823][  0]LogConfig: Setting CVar [[r.RHICmdBypass:0]]
[2022.10.08-11.21.06:823][  0]LogConfig: Applying CVar settings from Section [/Script/Engine.RendererSettings] File [D:/Portfolio/Unreal/FPS_Game/Zombone/Saved/Config/Windows/Engine.ini]
[2022.10.08-11.21.06:823][  0]LogConfig: Setting CVar [[r.GPUCrashDebugging:0]]
[2022.10.08-11.21.06:823][  0]LogConfig: Applying CVar settings from Section [/Script/Engine.RendererOverrideSettings] File [D:/Portfolio/Unreal/FPS_Game/Zombone/Saved/Config/Windows/Engine.ini]
[2022.10.08-11.21.06:824][  0]LogConfig: Applying CVar settings from Section [/Script/Engine.StreamingSettings] File [D:/Portfolio/Unreal/FPS_Game/Zombone/Saved/Config/Windows/Engine.ini]
[2022.10.08-11.21.06:824][  0]LogConfig: Setting CVar [[s.MinBulkDataSizeForAsyncLoading:131072]]
[2022.10.08-11.21.06:824][  0]LogConfig: Setting CVar [[s.AsyncLoadingThreadEnabled:0]]
[2022.10.08-11.21.06:824][  0]LogConfig: Setting CVar [[s.EventDrivenLoaderEnabled:1]]
[2022.10.08-11.21.06:824][  0]LogConfig: Setting CVar [[s.WarnIfTimeLimitExceeded:0]]
[2022.10.08-11.21.06:824][  0]LogConfig: Setting CVar [[s.TimeLimitExceededMultiplier:1.5]]
[2022.10.08-11.21.06:824][  0]LogConfig: Setting CVar [[s.TimeLimitExceededMinTime:0.005]]
[2022.10.08-11.21.06:824][  0]LogConfig: Setting CVar [[s.UseBackgroundLevelStreaming:1]]
[2022.10.08-11.21.06:824][  0]LogConfig: Setting CVar [[s.PriorityAsyncLoadingExtraTime:15.0]]
[2022.10.08-11.21.06:824][  0]LogConfig: Setting CVar [[s.LevelStreamingActorsUpdateTimeLimit:5.0]]
[2022.10.08-11.21.06:825][  0]LogConfig: Setting CVar [[s.PriorityLevelStreamingActorsUpdateExtraTime:5.0]]
[2022.10.08-11.21.06:825][  0]LogConfig: Setting CVar [[s.LevelStreamingComponentsRegistrationGranularity:10]]
[2022.10.08-11.21.06:825][  0]LogConfig: Setting CVar [[s.UnregisterComponentsTimeLimit:1.0]]
[2022.10.08-11.21.06:825][  0]LogConfig: Setting CVar [[s.LevelStreamingComponentsUnregistrationGranularity:5]]
[2022.10.08-11.21.06:825][  0]LogConfig: Setting CVar [[s.FlushStreamingOnExit:1]]
[2022.10.08-11.21.06:825][  0]LogConfig: Applying CVar settings from Section [/Script/Engine.GarbageCollectionSettings] File [D:/Portfolio/Unreal/FPS_Game/Zombone/Saved/Config/Windows/Engine.ini]
[2022.10.08-11.21.06:825][  0]LogConfig: Setting CVar [[gc.MaxObjectsNotConsideredByGC:1]]
[2022.10.08-11.21.06:825][  0]LogConfig: Setting CVar [[gc.SizeOfPermanentObjectPool:0]]
[2022.10.08-11.21.06:825][  0]LogConfig: Setting CVar [[gc.FlushStreamingOnGC:0]]
[2022.10.08-11.21.06:826][  0]LogConfig: Setting CVar [[gc.NumRetriesBeforeForcingGC:10]]
[2022.10.08-11.21.06:826][  0]LogConfig: Setting CVar [[gc.AllowParallelGC:1]]
[2022.10.08-11.21.06:826][  0]LogConfig: Setting CVar [[gc.TimeBetweenPurgingPendingKillObjects:61.1]]
[2022.10.08-11.21.06:826][  0]LogConfig: Setting CVar [[gc.MaxObjectsInEditor:25165824]]
[2022.10.08-11.21.06:826][  0]LogConfig: Setting CVar [[gc.IncrementalBeginDestroyEnabled:1]]
[2022.10.08-11.21.06:826][  0]LogConfig: Setting CVar [[gc.CreateGCClusters:1]]
[2022.10.08-11.21.06:826][  0]LogConfig: Setting CVar [[gc.MinGCClusterSize:5]]
[2022.10.08-11.21.06:826][  0]LogConfig: Setting CVar [[gc.ActorClusteringEnabled:0]]
[2022.10.08-11.21.06:827][  0]LogConfig: Setting CVar [[gc.BlueprintClusteringEnabled:0]]
[2022.10.08-11.21.06:827][  0]LogConfig: Setting CVar [[gc.UseDisregardForGCOnDedicatedServers:0]]
[2022.10.08-11.21.06:827][  0]LogConfig: Setting CVar [[gc.MultithreadedDestructionEnabled:1]]
[2022.10.08-11.21.06:827][  0]LogConfig: Applying CVar settings from Section [/Script/Engine.NetworkSettings] File [D:/Portfolio/Unreal/FPS_Game/Zombone/Saved/Config/Windows/Engine.ini]
[2022.10.08-11.21.06:827][  0]LogConfig: Applying CVar settings from Section [/Script/UnrealEd.CookerSettings] File [D:/Portfolio/Unreal/FPS_Game/Zombone/Saved/Config/Windows/Engine.ini]
[2022.10.08-11.21.06:852][  0]LogConfig: Applying CVar settings from Section [ViewDistanceQuality@3] File [D:/Portfolio/Unreal/FPS_Game/Zombone/Saved/Config/Windows/Scalability.ini]
[2022.10.08-11.21.06:853][  0]LogConfig: Setting CVar [[r.SkeletalMeshLODBias:0]]
[2022.10.08-11.21.06:853][  0]LogConfig: Setting CVar [[r.ViewDistanceScale:1.0]]
[2022.10.08-11.21.06:853][  0]LogConfig: Applying CVar settings from Section [AntiAliasingQuality@3] File [D:/Portfolio/Unreal/FPS_Game/Zombone/Saved/Config/Windows/Scalability.ini]
[2022.10.08-11.21.06:853][  0]LogConfig: Setting CVar [[r.PostProcessAAQuality:4]]
[2022.10.08-11.21.06:853][  0]LogConfig: Applying CVar settings from Section [ShadowQuality@3] File [D:/Portfolio/Unreal/FPS_Game/Zombone/Saved/Config/Windows/Scalability.ini]
[2022.10.08-11.21.06:853][  0]LogConfig: Setting CVar [[r.LightFunctionQuality:1]]
[2022.10.08-11.21.06:853][  0]LogConfig: Setting CVar [[r.ShadowQuality:5]]
[2022.10.08-11.21.06:853][  0]LogConfig: Setting CVar [[r.Shadow.CSM.MaxCascades:10]]
[2022.10.08-11.21.06:853][  0]LogConfig: Setting CVar [[r.Shadow.MaxResolution:2048]]
[2022.10.08-11.21.06:853][  0]LogConfig: Setting CVar [[r.Shadow.MaxCSMResolution:2048]]
[2022.10.08-11.21.06:853][  0]LogConfig: Setting CVar [[r.Shadow.RadiusThreshold:0.01]]
[2022.10.08-11.21.06:853][  0]LogConfig: Setting CVar [[r.Shadow.DistanceScale:1.0]]
[2022.10.08-11.21.06:853][  0]LogConfig: Setting CVar [[r.Shadow.CSM.TransitionScale:1.0]]
[2022.10.08-11.21.06:853][  0]LogConfig: Setting CVar [[r.Shadow.PreShadowResolutionFactor:1.0]]
[2022.10.08-11.21.06:853][  0]LogConfig: Setting CVar [[r.DistanceFieldShadowing:1]]
[2022.10.08-11.21.06:854][  0]LogConfig: Setting CVar [[r.DistanceFieldAO:1]]
[2022.10.08-11.21.06:854][  0]LogConfig: Setting CVar [[r.AOQuality:2]]
[2022.10.08-11.21.06:854][  0]LogConfig: Setting CVar [[r.VolumetricFog:1]]
[2022.10.08-11.21.06:854][  0]LogConfig: Setting CVar [[r.VolumetricFog.GridPixelSize:8]]
[2022.10.08-11.21.06:854][  0]LogConfig: Setting CVar [[r.VolumetricFog.GridSizeZ:128]]
[2022.10.08-11.21.06:854][  0]LogConfig: Setting CVar [[r.VolumetricFog.HistoryMissSupersampleCount:4]]
[2022.10.08-11.21.06:854][  0]LogConfig: Setting CVar [[r.LightMaxDrawDistanceScale:1]]
[2022.10.08-11.21.06:854][  0]LogConfig: Setting CVar [[r.CapsuleShadows:1]]
[2022.10.08-11.21.06:854][  0]LogConfig: Applying CVar settings from Section [PostProcessQuality@3] File [D:/Portfolio/Unreal/FPS_Game/Zombone/Saved/Config/Windows/Scalability.ini]
[2022.10.08-11.21.06:854][  0]LogConfig: Setting CVar [[r.MotionBlurQuality:4]]
[2022.10.08-11.21.06:854][  0]LogConfig: Setting CVar [[r.AmbientOcclusionMipLevelFactor:0.4]]
[2022.10.08-11.21.06:855][  0]LogConfig: Setting CVar [[r.AmbientOcclusionMaxQuality:100]]
[2022.10.08-11.21.06:855][  0]LogConfig: Setting CVar [[r.AmbientOcclusionLevels:-1]]
[2022.10.08-11.21.06:855][  0]LogConfig: Setting CVar [[r.AmbientOcclusionRadiusScale:1.0]]
[2022.10.08-11.21.06:855][  0]LogConfig: Setting CVar [[r.DepthOfFieldQuality:2]]
[2022.10.08-11.21.06:855][  0]LogConfig: Setting CVar [[r.RenderTargetPoolMin:400]]
[2022.10.08-11.21.06:855][  0]LogConfig: Setting CVar [[r.LensFlareQuality:2]]
[2022.10.08-11.21.06:855][  0]LogConfig: Setting CVar [[r.SceneColorFringeQuality:1]]
[2022.10.08-11.21.06:855][  0]LogConfig: Setting CVar [[r.EyeAdaptationQuality:2]]
[2022.10.08-11.21.06:855][  0]LogConfig: Setting CVar [[r.BloomQuality:5]]
[2022.10.08-11.21.06:855][  0]LogConfig: Setting CVar [[r.FastBlurThreshold:100]]
[2022.10.08-11.21.06:855][  0]LogConfig: Setting CVar [[r.Upscale.Quality:3]]
[2022.10.08-11.21.06:855][  0]LogConfig: Setting CVar [[r.Tonemapper.GrainQuantization:1]]
[2022.10.08-11.21.06:856][  0]LogConfig: Setting CVar [[r.LightShaftQuality:1]]
[2022.10.08-11.21.06:856][  0]LogConfig: Setting CVar [[r.Filter.SizeScale:1]]
[2022.10.08-11.21.06:856][  0]LogConfig: Setting CVar [[r.Tonemapper.Quality:5]]
[2022.10.08-11.21.06:856][  0]LogConfig: Setting CVar [[r.DOF.Gather.AccumulatorQuality:1        ; higher gathering accumulator quality]]
[2022.10.08-11.21.06:856][  0]LogConfig: Setting CVar [[r.DOF.Gather.PostfilterMethod:1          ; Median3x3 postfilering method]]
[2022.10.08-11.21.06:856][  0]LogConfig: Setting CVar [[r.DOF.Gather.EnableBokehSettings:0       ; no bokeh simulation when gathering]]
[2022.10.08-11.21.06:856][  0]LogConfig: Setting CVar [[r.DOF.Gather.RingCount:4                 ; medium number of samples when gathering]]
[2022.10.08-11.21.06:856][  0]LogConfig: Setting CVar [[r.DOF.Scatter.ForegroundCompositing:1    ; additive foreground scattering]]
[2022.10.08-11.21.06:856][  0]LogConfig: Setting CVar [[r.DOF.Scatter.BackgroundCompositing:2    ; additive background scattering]]
[2022.10.08-11.21.06:857][  0]LogConfig: Setting CVar [[r.DOF.Scatter.EnableBokehSettings:1      ; bokeh simulation when scattering]]
[2022.10.08-11.21.06:857][  0]LogConfig: Setting CVar [[r.DOF.Scatter.MaxSpriteRatio:0.1         ; only a maximum of 10% of scattered bokeh]]
[2022.10.08-11.21.06:857][  0]LogConfig: Setting CVar [[r.DOF.Recombine.Quality:1                ; cheap slight out of focus]]
[2022.10.08-11.21.06:857][  0]LogConfig: Setting CVar [[r.DOF.Recombine.EnableBokehSettings:0    ; no bokeh simulation on slight out of focus]]
[2022.10.08-11.21.06:857][  0]LogConfig: Setting CVar [[r.DOF.TemporalAAQuality:1                ; more stable temporal accumulation]]
[2022.10.08-11.21.06:857][  0]LogConfig: Setting CVar [[r.DOF.Kernel.MaxForegroundRadius:0.025]]
[2022.10.08-11.21.06:857][  0]LogConfig: Setting CVar [[r.DOF.Kernel.MaxBackgroundRadius:0.025]]
[2022.10.08-11.21.06:857][  0]LogConfig: Applying CVar settings from Section [TextureQuality@3] File [D:/Portfolio/Unreal/FPS_Game/Zombone/Saved/Config/Windows/Scalability.ini]
[2022.10.08-11.21.06:857][  0]LogConfig: Setting CVar [[r.Streaming.MipBias:0]]
[2022.10.08-11.21.06:857][  0]LogConfig: Setting CVar [[r.Streaming.AmortizeCPUToGPUCopy:0]]
[2022.10.08-11.21.06:858][  0]LogConfig: Setting CVar [[r.Streaming.MaxNumTexturesToStreamPerFrame:0]]
[2022.10.08-11.21.06:858][  0]LogConfig: Setting CVar [[r.Streaming.Boost:1]]
[2022.10.08-11.21.06:858][  0]LogConfig: Setting CVar [[r.MaxAnisotropy:8]]
[2022.10.08-11.21.06:858][  0]LogConfig: Setting CVar [[r.VT.MaxAnisotropy:8]]
[2022.10.08-11.21.06:858][  0]LogConfig: Setting CVar [[r.Streaming.LimitPoolSizeToVRAM:0]]
[2022.10.08-11.21.06:858][  0]LogConfig: Setting CVar [[r.Streaming.PoolSize:1000]]
[2022.10.08-11.21.06:858][  0]LogConfig: Setting CVar [[r.Streaming.MaxEffectiveScreenSize:0]]
[2022.10.08-11.21.06:858][  0]LogConfig: Applying CVar settings from Section [EffectsQuality@3] File [D:/Portfolio/Unreal/FPS_Game/Zombone/Saved/Config/Windows/Scalability.ini]
[2022.10.08-11.21.06:858][  0]LogConfig: Setting CVar [[r.TranslucencyLightingVolumeDim:64]]
[2022.10.08-11.21.06:858][  0]LogConfig: Setting CVar [[r.RefractionQuality:2]]
[2022.10.08-11.21.06:859][  0]LogConfig: Setting CVar [[r.SSR.Quality:3]]
[2022.10.08-11.21.06:859][  0]LogConfig: Setting CVar [[r.SSR.HalfResSceneColor:0]]
[2022.10.08-11.21.06:859][  0]LogConfig: Setting CVar [[r.SceneColorFormat:4]]
[2022.10.08-11.21.06:859][  0]LogConfig: Setting CVar [[r.DetailMode:2]]
[2022.10.08-11.21.06:859][  0]LogConfig: Setting CVar [[r.TranslucencyVolumeBlur:1]]
[2022.10.08-11.21.06:859][  0]LogConfig: Setting CVar [[r.MaterialQualityLevel:1 ; High quality]]
[2022.10.08-11.21.06:859][  0]LogConfig: Setting CVar [[r.AnisotropicMaterials:1]]
[2022.10.08-11.21.06:859][  0]LogConfig: Setting CVar [[r.SSS.Scale:1]]
[2022.10.08-11.21.06:859][  0]LogConfig: Setting CVar [[r.SSS.SampleSet:2]]
[2022.10.08-11.21.06:859][  0]LogConfig: Setting CVar [[r.SSS.Quality:1]]
[2022.10.08-11.21.06:859][  0]LogConfig: Setting CVar [[r.SSS.HalfRes:0]]
[2022.10.08-11.21.06:859][  0]LogConfig: Setting CVar [[r.SSGI.Quality:3]]
[2022.10.08-11.21.06:860][  0]LogConfig: Setting CVar [[r.EmitterSpawnRateScale:1.0]]
[2022.10.08-11.21.06:860][  0]LogConfig: Setting CVar [[r.ParticleLightQuality:2]]
[2022.10.08-11.21.06:860][  0]LogConfig: Setting CVar [[r.SkyAtmosphere.AerialPerspectiveLUT.FastApplyOnOpaque:1 ; Always have FastSkyLUT 1 in this case to avoid wrong sky]]
[2022.10.08-11.21.06:860][  0]LogConfig: Setting CVar [[r.SkyAtmosphere.AerialPerspectiveLUT.SampleCountMaxPerSlice:4]]
[2022.10.08-11.21.06:860][  0]LogConfig: Setting CVar [[r.SkyAtmosphere.AerialPerspectiveLUT.DepthResolution:16.0]]
[2022.10.08-11.21.06:860][  0]LogConfig: Setting CVar [[r.SkyAtmosphere.FastSkyLUT:1]]
[2022.10.08-11.21.06:860][  0]LogConfig: Setting CVar [[r.SkyAtmosphere.FastSkyLUT.SampleCountMin:4.0]]
[2022.10.08-11.21.06:860][  0]LogConfig: Setting CVar [[r.SkyAtmosphere.FastSkyLUT.SampleCountMax:128.0]]
[2022.10.08-11.21.06:860][  0]LogConfig: Setting CVar [[r.SkyAtmosphere.SampleCountMin:4.0]]
[2022.10.08-11.21.06:860][  0]LogConfig: Setting CVar [[r.SkyAtmosphere.SampleCountMax:128.0]]
[2022.10.08-11.21.06:860][  0]LogConfig: Setting CVar [[r.SkyAtmosphere.TransmittanceLUT.UseSmallFormat:0]]
[2022.10.08-11.21.06:860][  0]LogConfig: Setting CVar [[r.SkyAtmosphere.TransmittanceLUT.SampleCount:10.0]]
[2022.10.08-11.21.06:860][  0]LogConfig: Setting CVar [[r.SkyAtmosphere.MultiScatteringLUT.SampleCount:15.0]]
[2022.10.08-11.21.06:861][  0]LogConfig: Setting CVar [[r.SkyLight.RealTimeReflectionCapture:1]]
[2022.10.08-11.21.06:861][  0]LogConfig: Applying CVar settings from Section [FoliageQuality@3] File [D:/Portfolio/Unreal/FPS_Game/Zombone/Saved/Config/Windows/Scalability.ini]
[2022.10.08-11.21.06:861][  0]LogConfig: Setting CVar [[foliage.DensityScale:1.0]]
[2022.10.08-11.21.06:861][  0]LogConfig: Setting CVar [[grass.DensityScale:1.0]]
[2022.10.08-11.21.06:861][  0]LogConfig: Applying CVar settings from Section [ShadingQuality@3] File [D:/Portfolio/Unreal/FPS_Game/Zombone/Saved/Config/Windows/Scalability.ini]
[2022.10.08-11.21.06:861][  0]LogConfig: Setting CVar [[r.HairStrands.SkyLighting.IntegrationType:2]]
[2022.10.08-11.21.06:861][  0]LogConfig: Setting CVar [[r.HairStrands.SkyAO.SampleCount:4]]
[2022.10.08-11.21.06:861][  0]LogConfig: Setting CVar [[r.HairStrands.Visibility.MSAA.SamplePerPixel:4]]
[2022.10.08-11.21.06:861][  0]LogInit: Selected Device Profile: [Windows]
[2022.10.08-11.21.06:862][  0]LogInit: Applying CVar settings loaded from the selected device profile: [Windows]
[2022.10.08-11.21.06:862][  0]LogHAL: Display: Platform has ~ 32 GB [34019524608 / 34359738368 / 32], which maps to Largest [LargestMinGB=32, LargerMinGB=12, DefaultMinGB=8, SmallerMinGB=6, SmallestMinGB=0)
[2022.10.08-11.21.06:862][  0]LogInit: Going up to parent DeviceProfile []
[2022.10.08-11.21.06:862][  0]LogConfig: Applying CVar settings from Section [ViewDistanceQuality@3] File [D:/Portfolio/Unreal/FPS_Game/Zombone/Saved/Config/Windows/Scalability.ini]
[2022.10.08-11.21.06:862][  0]LogConfig: Setting CVar [[r.SkeletalMeshLODBias:0]]
[2022.10.08-11.21.06:862][  0]LogConfig: Setting CVar [[r.ViewDistanceScale:1.0]]
[2022.10.08-11.21.06:862][  0]LogConfig: Applying CVar settings from Section [AntiAliasingQuality@3] File [D:/Portfolio/Unreal/FPS_Game/Zombone/Saved/Config/Windows/Scalability.ini]
[2022.10.08-11.21.06:862][  0]LogConfig: Setting CVar [[r.PostProcessAAQuality:4]]
[2022.10.08-11.21.06:862][  0]LogConfig: Applying CVar settings from Section [ShadowQuality@3] File [D:/Portfolio/Unreal/FPS_Game/Zombone/Saved/Config/Windows/Scalability.ini]
[2022.10.08-11.21.06:863][  0]LogConfig: Setting CVar [[r.LightFunctionQuality:1]]
[2022.10.08-11.21.06:863][  0]LogConfig: Setting CVar [[r.ShadowQuality:5]]
[2022.10.08-11.21.06:863][  0]LogConfig: Setting CVar [[r.Shadow.CSM.MaxCascades:10]]
[2022.10.08-11.21.06:863][  0]LogConfig: Setting CVar [[r.Shadow.MaxResolution:2048]]
[2022.10.08-11.21.06:863][  0]LogConfig: Setting CVar [[r.Shadow.MaxCSMResolution:2048]]
[2022.10.08-11.21.06:863][  0]LogConfig: Setting CVar [[r.Shadow.RadiusThreshold:0.01]]
[2022.10.08-11.21.06:863][  0]LogConfig: Setting CVar [[r.Shadow.DistanceScale:1.0]]
[2022.10.08-11.21.06:863][  0]LogConfig: Setting CVar [[r.Shadow.CSM.TransitionScale:1.0]]
[2022.10.08-11.21.06:863][  0]LogConfig: Setting CVar [[r.Shadow.PreShadowResolutionFactor:1.0]]
[2022.10.08-11.21.06:863][  0]LogConfig: Setting CVar [[r.DistanceFieldShadowing:1]]
[2022.10.08-11.21.06:863][  0]LogConfig: Setting CVar [[r.DistanceFieldAO:1]]
[2022.10.08-11.21.06:863][  0]LogConfig: Setting CVar [[r.AOQuality:2]]
[2022.10.08-11.21.06:864][  0]LogConfig: Setting CVar [[r.VolumetricFog:1]]
[2022.10.08-11.21.06:864][  0]LogConfig: Setting CVar [[r.VolumetricFog.GridPixelSize:8]]
[2022.10.08-11.21.06:864][  0]LogConfig: Setting CVar [[r.VolumetricFog.GridSizeZ:128]]
[2022.10.08-11.21.06:864][  0]LogConfig: Setting CVar [[r.VolumetricFog.HistoryMissSupersampleCount:4]]
[2022.10.08-11.21.06:864][  0]LogConfig: Setting CVar [[r.LightMaxDrawDistanceScale:1]]
[2022.10.08-11.21.06:864][  0]LogConfig: Setting CVar [[r.CapsuleShadows:1]]
[2022.10.08-11.21.06:864][  0]LogConfig: Applying CVar settings from Section [PostProcessQuality@3] File [D:/Portfolio/Unreal/FPS_Game/Zombone/Saved/Config/Windows/Scalability.ini]
[2022.10.08-11.21.06:864][  0]LogConfig: Setting CVar [[r.MotionBlurQuality:4]]
[2022.10.08-11.21.06:864][  0]LogConfig: Setting CVar [[r.AmbientOcclusionMipLevelFactor:0.4]]
[2022.10.08-11.21.06:864][  0]LogConfig: Setting CVar [[r.AmbientOcclusionMaxQuality:100]]
[2022.10.08-11.21.06:864][  0]LogConfig: Setting CVar [[r.AmbientOcclusionLevels:-1]]
[2022.10.08-11.21.06:864][  0]LogConfig: Setting CVar [[r.AmbientOcclusionRadiusScale:1.0]]
[2022.10.08-11.21.06:864][  0]LogConfig: Setting CVar [[r.DepthOfFieldQuality:2]]
[2022.10.08-11.21.06:865][  0]LogConfig: Setting CVar [[r.RenderTargetPoolMin:400]]
[2022.10.08-11.21.06:865][  0]LogConfig: Setting CVar [[r.LensFlareQuality:2]]
[2022.10.08-11.21.06:865][  0]LogConfig: Setting CVar [[r.SceneColorFringeQuality:1]]
[2022.10.08-11.21.06:865][  0]LogConfig: Setting CVar [[r.EyeAdaptationQuality:2]]
[2022.10.08-11.21.06:865][  0]LogConfig: Setting CVar [[r.BloomQuality:5]]
[2022.10.08-11.21.06:865][  0]LogConfig: Setting CVar [[r.FastBlurThreshold:100]]
[2022.10.08-11.21.06:865][  0]LogConfig: Setting CVar [[r.Upscale.Quality:3]]
[2022.10.08-11.21.06:865][  0]LogConfig: Setting CVar [[r.Tonemapper.GrainQuantization:1]]
[2022.10.08-11.21.06:865][  0]LogConfig: Setting CVar [[r.LightShaftQuality:1]]
[2022.10.08-11.21.06:865][  0]LogConfig: Setting CVar [[r.Filter.SizeScale:1]]
[2022.10.08-11.21.06:865][  0]LogConfig: Setting CVar [[r.Tonemapper.Quality:5]]
[2022.10.08-11.21.06:866][  0]LogConfig: Setting CVar [[r.DOF.Gather.AccumulatorQuality:1        ; higher gathering accumulator quality]]
[2022.10.08-11.21.06:866][  0]LogConfig: Setting CVar [[r.DOF.Gather.PostfilterMethod:1          ; Median3x3 postfilering method]]
[2022.10.08-11.21.06:866][  0]LogConfig: Setting CVar [[r.DOF.Gather.EnableBokehSettings:0       ; no bokeh simulation when gathering]]
[2022.10.08-11.21.06:866][  0]LogConfig: Setting CVar [[r.DOF.Gather.RingCount:4                 ; medium number of samples when gathering]]
[2022.10.08-11.21.06:866][  0]LogConfig: Setting CVar [[r.DOF.Scatter.ForegroundCompositing:1    ; additive foreground scattering]]
[2022.10.08-11.21.06:866][  0]LogConfig: Setting CVar [[r.DOF.Scatter.BackgroundCompositing:2    ; additive background scattering]]
[2022.10.08-11.21.06:866][  0]LogConfig: Setting CVar [[r.DOF.Scatter.EnableBokehSettings:1      ; bokeh simulation when scattering]]
[2022.10.08-11.21.06:866][  0]LogConfig: Setting CVar [[r.DOF.Scatter.MaxSpriteRatio:0.1         ; only a maximum of 10% of scattered bokeh]]
[2022.10.08-11.21.06:866][  0]LogConfig: Setting CVar [[r.DOF.Recombine.Quality:1                ; cheap slight out of focus]]
[2022.10.08-11.21.06:866][  0]LogConfig: Setting CVar [[r.DOF.Recombine.EnableBokehSettings:0    ; no bokeh simulation on slight out of focus]]
[2022.10.08-11.21.06:866][  0]LogConfig: Setting CVar [[r.DOF.TemporalAAQuality:1                ; more stable temporal accumulation]]
[2022.10.08-11.21.06:867][  0]LogConfig: Setting CVar [[r.DOF.Kernel.MaxForegroundRadius:0.025]]
[2022.10.08-11.21.06:867][  0]LogConfig: Setting CVar [[r.DOF.Kernel.MaxBackgroundRadius:0.025]]
[2022.10.08-11.21.06:867][  0]LogConfig: Applying CVar settings from Section [TextureQuality@3] File [D:/Portfolio/Unreal/FPS_Game/Zombone/Saved/Config/Windows/Scalability.ini]
[2022.10.08-11.21.06:867][  0]LogConfig: Setting CVar [[r.Streaming.MipBias:0]]
[2022.10.08-11.21.06:867][  0]LogConfig: Setting CVar [[r.Streaming.AmortizeCPUToGPUCopy:0]]
[2022.10.08-11.21.06:867][  0]LogConfig: Setting CVar [[r.Streaming.MaxNumTexturesToStreamPerFrame:0]]
[2022.10.08-11.21.06:867][  0]LogConfig: Setting CVar [[r.Streaming.Boost:1]]
[2022.10.08-11.21.06:867][  0]LogConfig: Setting CVar [[r.MaxAnisotropy:8]]
[2022.10.08-11.21.06:867][  0]LogConfig: Setting CVar [[r.VT.MaxAnisotropy:8]]
[2022.10.08-11.21.06:867][  0]LogConfig: Setting CVar [[r.Streaming.LimitPoolSizeToVRAM:0]]
[2022.10.08-11.21.06:867][  0]LogConfig: Setting CVar [[r.Streaming.PoolSize:1000]]
[2022.10.08-11.21.06:867][  0]LogConfig: Setting CVar [[r.Streaming.MaxEffectiveScreenSize:0]]
[2022.10.08-11.21.06:868][  0]LogConfig: Applying CVar settings from Section [EffectsQuality@3] File [D:/Portfolio/Unreal/FPS_Game/Zombone/Saved/Config/Windows/Scalability.ini]
[2022.10.08-11.21.06:868][  0]LogConfig: Setting CVar [[r.TranslucencyLightingVolumeDim:64]]
[2022.10.08-11.21.06:868][  0]LogConfig: Setting CVar [[r.RefractionQuality:2]]
[2022.10.08-11.21.06:868][  0]LogConfig: Setting CVar [[r.SSR.Quality:3]]
[2022.10.08-11.21.06:868][  0]LogConfig: Setting CVar [[r.SSR.HalfResSceneColor:0]]
[2022.10.08-11.21.06:868][  0]LogConfig: Setting CVar [[r.SceneColorFormat:4]]
[2022.10.08-11.21.06:868][  0]LogConfig: Setting CVar [[r.DetailMode:2]]
[2022.10.08-11.21.06:868][  0]LogConfig: Setting CVar [[r.TranslucencyVolumeBlur:1]]
[2022.10.08-11.21.06:868][  0]LogConfig: Setting CVar [[r.MaterialQualityLevel:1 ; High quality]]
[2022.10.08-11.21.06:868][  0]LogConfig: Setting CVar [[r.AnisotropicMaterials:1]]
[2022.10.08-11.21.06:868][  0]LogConfig: Setting CVar [[r.SSS.Scale:1]]
[2022.10.08-11.21.06:868][  0]LogConfig: Setting CVar [[r.SSS.SampleSet:2]]
[2022.10.08-11.21.06:868][  0]LogConfig: Setting CVar [[r.SSS.Quality:1]]
[2022.10.08-11.21.06:868][  0]LogConfig: Setting CVar [[r.SSS.HalfRes:0]]
[2022.10.08-11.21.06:869][  0]LogConfig: Setting CVar [[r.SSGI.Quality:3]]
[2022.10.08-11.21.06:869][  0]LogConfig: Setting CVar [[r.EmitterSpawnRateScale:1.0]]
[2022.10.08-11.21.06:869][  0]LogConfig: Setting CVar [[r.ParticleLightQuality:2]]
[2022.10.08-11.21.06:869][  0]LogConfig: Setting CVar [[r.SkyAtmosphere.AerialPerspectiveLUT.FastApplyOnOpaque:1 ; Always have FastSkyLUT 1 in this case to avoid wrong sky]]
[2022.10.08-11.21.06:869][  0]LogConfig: Setting CVar [[r.SkyAtmosphere.AerialPerspectiveLUT.SampleCountMaxPerSlice:4]]
[2022.10.08-11.21.06:869][  0]LogConfig: Setting CVar [[r.SkyAtmosphere.AerialPerspectiveLUT.DepthResolution:16.0]]
[2022.10.08-11.21.06:869][  0]LogConfig: Setting CVar [[r.SkyAtmosphere.FastSkyLUT:1]]
[2022.10.08-11.21.06:869][  0]LogConfig: Setting CVar [[r.SkyAtmosphere.FastSkyLUT.SampleCountMin:4.0]]
[2022.10.08-11.21.06:869][  0]LogConfig: Setting CVar [[r.SkyAtmosphere.FastSkyLUT.SampleCountMax:128.0]]
[2022.10.08-11.21.06:869][  0]LogConfig: Setting CVar [[r.SkyAtmosphere.SampleCountMin:4.0]]
[2022.10.08-11.21.06:869][  0]LogConfig: Setting CVar [[r.SkyAtmosphere.SampleCountMax:128.0]]
[2022.10.08-11.21.06:870][  0]LogConfig: Setting CVar [[r.SkyAtmosphere.TransmittanceLUT.UseSmallFormat:0]]
[2022.10.08-11.21.06:870][  0]LogConfig: Setting CVar [[r.SkyAtmosphere.TransmittanceLUT.SampleCount:10.0]]
[2022.10.08-11.21.06:870][  0]LogConfig: Setting CVar [[r.SkyAtmosphere.MultiScatteringLUT.SampleCount:15.0]]
[2022.10.08-11.21.06:870][  0]LogConfig: Setting CVar [[r.SkyLight.RealTimeReflectionCapture:1]]
[2022.10.08-11.21.06:870][  0]LogConfig: Applying CVar settings from Section [FoliageQuality@3] File [D:/Portfolio/Unreal/FPS_Game/Zombone/Saved/Config/Windows/Scalability.ini]
[2022.10.08-11.21.06:870][  0]LogConfig: Setting CVar [[foliage.DensityScale:1.0]]
[2022.10.08-11.21.06:870][  0]LogConfig: Setting CVar [[grass.DensityScale:1.0]]
[2022.10.08-11.21.06:870][  0]LogConfig: Applying CVar settings from Section [ShadingQuality@3] File [D:/Portfolio/Unreal/FPS_Game/Zombone/Saved/Config/Windows/Scalability.ini]
[2022.10.08-11.21.06:870][  0]LogConfig: Setting CVar [[r.HairStrands.SkyLighting.IntegrationType:2]]
[2022.10.08-11.21.06:870][  0]LogConfig: Setting CVar [[r.HairStrands.SkyAO.SampleCount:4]]
[2022.10.08-11.21.06:870][  0]LogConfig: Setting CVar [[r.HairStrands.Visibility.MSAA.SamplePerPixel:4]]
[2022.10.08-11.21.06:870][  0]LogConfig: Applying CVar settings from Section [Startup] File [../../../Engine/Config/ConsoleVariables.ini]
[2022.10.08-11.21.06:871][  0]LogConfig: Setting CVar [[net.UseAdaptiveNetUpdateFrequency:0]]
[2022.10.08-11.21.06:871][  0]LogConfig: Setting CVar [[p.chaos.AllowCreatePhysxBodies:1]]
[2022.10.08-11.21.06:871][  0]LogConfig: Setting CVar [[fx.SkipVectorVMBackendOptimizations:1]]
[2022.10.08-11.21.06:871][  0]LogConfig: Applying CVar settings from Section [ConsoleVariables] File [D:/Portfolio/Unreal/FPS_Game/Zombone/Saved/Config/Windows/Engine.ini]
[2022.10.08-11.21.06:871][  0]LogConfig: Applying CVar settings from Section [ConsoleVariables] File [D:/Portfolio/Unreal/FPS_Game/Zombone/Saved/Config/Windows/Editor.ini]
[2022.10.08-11.21.06:871][  0]LogInit: Computer: DESKTOP-J6VGNOD
[2022.10.08-11.21.06:871][  0]LogInit: User: timve
[2022.10.08-11.21.06:871][  0]LogInit: CPU Page size=4096, Cores=6
[2022.10.08-11.21.06:871][  0]LogInit: High frequency timer resolution =10.000000 MHz
[2022.10.08-11.21.06:871][  0]LogMemory: Memory total: Physical=31.7GB (32GB approx)
[2022.10.08-11.21.06:871][  0]LogMemory: Platform Memory Stats for Windows
[2022.10.08-11.21.06:872][  0]LogMemory: Process Physical Memory: 143.38 MB used, 143.38 MB peak
[2022.10.08-11.21.06:872][  0]LogMemory: Process Virtual Memory: 122.09 MB used, 122.09 MB peak
[2022.10.08-11.21.06:872][  0]LogMemory: Physical Memory: 15100.63 MB used,  17342.92 MB free, 32443.55 MB total
[2022.10.08-11.21.06:872][  0]LogMemory: Virtual Memory: 134207784.00 MB used,  9945.69 MB free, 134217728.00 MB total
[2022.10.08-11.21.06:881][  0]LogWindows: WindowsPlatformFeatures enabled
[2022.10.08-11.21.08:979][  0]LogInit: Physics initialised using underlying interface: PhysX
[2022.10.08-11.21.08:980][  0]LogInit: Using OS detected language (nl-NL).
[2022.10.08-11.21.08:980][  0]LogInit: Using OS detected locale (en-BE).
[2022.10.08-11.21.08:988][  0]LogTextLocalizationManager: No localization for 'nl-NL' exists, so 'en' will be used for the language.
[2022.10.08-11.21.09:246][  0]LogInit: Setting process to per monitor DPI aware
[2022.10.08-11.21.09:278][  0]LogWindowsTextInputMethodSystem: Display: IME system deactivated.
[2022.10.08-11.21.09:300][  0]LogSlate: New Slate User Created.  User Index 0, Is Virtual User: 0
[2022.10.08-11.21.09:300][  0]LogSlate: Slate User Registered.  User Index 0, Is Virtual User: 0
[2022.10.08-11.21.09:489][  0]LogD3D11RHI: Loaded GFSDK_Aftermath_Lib.x64.dll
[2022.10.08-11.21.09:535][  0]LogHMD: Failed to initialize OpenVR with code 110
[2022.10.08-11.21.09:536][  0]LogD3D11RHI: D3D11 min allowed feature level: 11_0
[2022.10.08-11.21.09:536][  0]LogD3D11RHI: D3D11 max allowed feature level: 11_0
[2022.10.08-11.21.09:536][  0]LogD3D11RHI: D3D11 adapters:
[2022.10.08-11.21.09:666][  0]LogD3D11RHI:    0. 'NVIDIA GeForce GTX 1060 6GB' (Feature Level 11_0)
[2022.10.08-11.21.09:666][  0]LogD3D11RHI:       6052/0/16221 MB DedicatedVideo/DedicatedSystem/SharedSystem, Outputs:2, VendorId:0x10de
[2022.10.08-11.21.09:738][  0]LogD3D11RHI:    1. 'Microsoft Basic Render Driver' (Feature Level 11_0)
[2022.10.08-11.21.09:738][  0]LogD3D11RHI:       0/0/16221 MB DedicatedVideo/DedicatedSystem/SharedSystem, Outputs:0, VendorId:0x1414
[2022.10.08-11.21.09:738][  0]LogD3D11RHI: Chosen D3D11 Adapter:
[2022.10.08-11.21.09:738][  0]LogD3D11RHI:     Description : NVIDIA GeForce GTX 1060 6GB
[2022.10.08-11.21.09:738][  0]LogD3D11RHI:     VendorId    : 10de
[2022.10.08-11.21.09:738][  0]LogD3D11RHI:     DeviceId    : 1c03
[2022.10.08-11.21.09:738][  0]LogD3D11RHI:     SubSysId    : 32831462
[2022.10.08-11.21.09:738][  0]LogD3D11RHI:     Revision    : 00a1
[2022.10.08-11.21.09:738][  0]LogD3D11RHI:     DedicatedVideoMemory : 6345981952 bytes
[2022.10.08-11.21.09:738][  0]LogD3D11RHI:     DedicatedSystemMemory : 0 bytes
[2022.10.08-11.21.09:739][  0]LogD3D11RHI:     SharedSystemMemory : 17009762304 bytes
[2022.10.08-11.21.09:739][  0]LogD3D11RHI:     AdapterLuid : 0 85470
[2022.10.08-11.21.09:750][  0]LogD3D11RHI: Creating new Direct3DDevice
[2022.10.08-11.21.09:750][  0]LogD3D11RHI:     GPU DeviceId: 0x1c03 (for the marketing name, search the web for "GPU Device Id")
[2022.10.08-11.21.09:751][  0]LogWindows: EnumDisplayDevices:
[2022.10.08-11.21.09:751][  0]LogWindows:    0. 'NVIDIA GeForce GTX 1060 6GB' (P:1 D:1)
[2022.10.08-11.21.09:752][  0]LogWindows:    1. 'NVIDIA GeForce GTX 1060 6GB' (P:0 D:1)
[2022.10.08-11.21.09:752][  0]LogWindows:    2. 'NVIDIA GeForce GTX 1060 6GB' (P:0 D:0)
[2022.10.08-11.21.09:753][  0]LogWindows:    3. 'NVIDIA GeForce GTX 1060 6GB' (P:0 D:0)
[2022.10.08-11.21.09:753][  0]LogWindows: DebugString: FoundDriverCount:4 
[2022.10.08-11.21.09:753][  0]LogD3D11RHI:     Adapter Name: NVIDIA GeForce GTX 1060 6GB
[2022.10.08-11.21.09:753][  0]LogD3D11RHI:   Driver Version: 457.51 (internal:27.21.14.5751, unified:457.51)
[2022.10.08-11.21.09:753][  0]LogD3D11RHI:      Driver Date: 11-22-2020
[2022.10.08-11.21.09:753][  0]LogRHI: Texture pool is 4236 MB (70% of 6052 MB)
[2022.10.08-11.21.09:753][  0]LogD3D11RHI: Creating D3DDevice using adapter:
[2022.10.08-11.21.09:754][  0]LogD3D11RHI:     Description : NVIDIA GeForce GTX 1060 6GB
[2022.10.08-11.21.09:754][  0]LogD3D11RHI:     VendorId    : 10de
[2022.10.08-11.21.09:754][  0]LogD3D11RHI:     DeviceId    : 1c03
[2022.10.08-11.21.09:754][  0]LogD3D11RHI:     SubSysId    : 32831462
[2022.10.08-11.21.09:754][  0]LogD3D11RHI:     Revision    : 00a1
[2022.10.08-11.21.09:754][  0]LogD3D11RHI:     DedicatedVideoMemory : 6345981952 bytes
[2022.10.08-11.21.09:754][  0]LogD3D11RHI:     DedicatedSystemMemory : 0 bytes
[2022.10.08-11.21.09:754][  0]LogD3D11RHI:     SharedSystemMemory : 17009762304 bytes
[2022.10.08-11.21.09:754][  0]LogD3D11RHI:     AdapterLuid : 0 85470
[2022.10.08-11.21.09:859][  0]LogD3D11RHI: RHI has support for 64 bit atomics
[2022.10.08-11.21.09:859][  0]LogD3D11RHI: Async texture creation enabled
[2022.10.08-11.21.09:859][  0]LogD3D11RHI: Array index from any shader is supported
[2022.10.08-11.21.09:883][  0]LogD3D11RHI: GPU Timing Frequency: 1000.000000 (Debug: 2 1)
[2022.10.08-11.21.09:963][  0]LogRHI: GeForceNow SDK initialized: 1
[2022.10.08-11.21.10:350][  0]LogTargetPlatformManager: Display: Loaded TargetPlatform 'AllDesktop'
[2022.10.08-11.21.10:376][  0]LogTargetPlatformManager: Display: Loaded TargetPlatform 'Android'
[2022.10.08-11.21.10:377][  0]LogTargetPlatformManager: Display: Loaded TargetPlatform 'Android_ASTC'
[2022.10.08-11.21.10:377][  0]LogTargetPlatformManager: Display: Loaded TargetPlatform 'Android_DXT'
[2022.10.08-11.21.10:377][  0]LogTargetPlatformManager: Display: Loaded TargetPlatform 'Android_ETC2'
[2022.10.08-11.21.10:377][  0]LogTargetPlatformManager: Display: Loaded TargetPlatform 'AndroidClient'
[2022.10.08-11.21.10:377][  0]LogTargetPlatformManager: Display: Loaded TargetPlatform 'Android_ASTCClient'
[2022.10.08-11.21.10:377][  0]LogTargetPlatformManager: Display: Loaded TargetPlatform 'Android_DXTClient'
[2022.10.08-11.21.10:377][  0]LogTargetPlatformManager: Display: Loaded TargetPlatform 'Android_ETC2Client'
[2022.10.08-11.21.10:377][  0]LogTargetPlatformManager: Display: Loaded TargetPlatform 'Android_Multi'
[2022.10.08-11.21.10:377][  0]LogTargetPlatformManager: Display: Loaded TargetPlatform 'Android_MultiClient'
[2022.10.08-11.21.10:404][  0]LogTargetPlatformManager: Display: Loaded TargetPlatform 'IOSClient'
[2022.10.08-11.21.10:404][  0]LogTargetPlatformManager: Display: Loaded TargetPlatform 'IOS'
[2022.10.08-11.21.10:415][  0]LogTargetPlatformManager: Display: Loaded TargetPlatform 'Linux'
[2022.10.08-11.21.10:422][  0]LogTargetPlatformManager: Display: Loaded TargetPlatform 'LinuxNoEditor'
[2022.10.08-11.21.10:431][  0]LogTargetPlatformManager: Display: Loaded TargetPlatform 'LinuxClient'
[2022.10.08-11.21.10:437][  0]LogTargetPlatformManager: Display: Loaded TargetPlatform 'LinuxServer'
[2022.10.08-11.21.10:454][  0]LogTargetPlatformManager: Display: Loaded TargetPlatform 'LinuxAArch64NoEditor'
[2022.10.08-11.21.10:462][  0]LogTargetPlatformManager: Display: Loaded TargetPlatform 'LinuxAArch64Client'
[2022.10.08-11.21.10:470][  0]LogTargetPlatformManager: Display: Loaded TargetPlatform 'LinuxAArch64Server'
[2022.10.08-11.21.10:495][  0]LogTargetPlatformManager: Display: Loaded TargetPlatform 'Lumin'
[2022.10.08-11.21.10:495][  0]LogTargetPlatformManager: Display: Loaded TargetPlatform 'LuminClient'
[2022.10.08-11.21.10:507][  0]LogTargetPlatformManager: Display: Loaded TargetPlatform 'MacNoEditor'
[2022.10.08-11.21.10:513][  0]LogTargetPlatformManager: Display: Loaded TargetPlatform 'Mac'
[2022.10.08-11.21.10:528][  0]LogTargetPlatformManager: Display: Loaded TargetPlatform 'MacClient'
[2022.10.08-11.21.10:542][  0]LogTargetPlatformManager: Display: Loaded TargetPlatform 'MacServer'
[2022.10.08-11.21.10:560][  0]LogTargetPlatformManager: Display: Loaded TargetPlatform 'TVOSClient'
[2022.10.08-11.21.10:560][  0]LogTargetPlatformManager: Display: Loaded TargetPlatform 'TVOS'
[2022.10.08-11.21.10:571][  0]LogTargetPlatformManager: Display: Loaded TargetPlatform 'WindowsNoEditor'
[2022.10.08-11.21.10:580][  0]LogTargetPlatformManager: Display: Loaded TargetPlatform 'Windows'
[2022.10.08-11.21.10:591][  0]LogTargetPlatformManager: Display: Loaded TargetPlatform 'WindowsClient'
[2022.10.08-11.21.10:600][  0]LogTargetPlatformManager: Display: Loaded TargetPlatform 'WindowsServer'
[2022.10.08-11.21.10:600][  0]LogTargetPlatformManager: Display: Building Assets For Windows
[2022.10.08-11.21.10:615][  0]LogAudioDebug: Display: Lib vorbis DLL was dynamically loaded.
[2022.10.08-11.21.10:689][  0]LogTextureFormatOodle: Display: Oodle Texture 2.9.0 init RDO Off
[2022.10.08-11.21.11:130][  0]LogRendererCore: Ray tracing is disabled. Reason: r.RayTracing=0.
[2022.10.08-11.21.11:130][  0]LogShaderCompilers: Guid format shader working directory is -3 characters bigger than the processId version (../../../../../Portfolio/Unreal/FPS_Game/Zombone/Intermediate/Shaders/WorkingDirectory/10776/).
[2022.10.08-11.21.11:131][  0]LogShaderCompilers: Cleaned the shader compiler working directory 'C:/Users/timve/AppData/Local/Temp/UnrealShaderWorkingDir/22EE839444AFF62E2FB5619B762BF0E3/'.
[2022.10.08-11.21.11:131][  0]LogXGEController: Cannot use XGE Controller as Incredibuild is not installed on this machine.
[2022.10.08-11.21.11:131][  0]LogShaderCompilers: Cannot use XGE Shader Compiler as Incredibuild is not installed on this machine.
[2022.10.08-11.21.11:132][  0]LogShaderCompilers: Display: Using Local Shader Compiler.
[2022.10.08-11.21.11:895][  0]LogDerivedDataCache: Display: Max Cache Size: 512 MB
[2022.10.08-11.21.11:989][  0]LogDerivedDataCache: Loaded boot cache 0.09s 99MB C:/Users/timve/AppData/Local/UnrealEngine/4.27/DerivedDataCache/Boot.ddc.
[2022.10.08-11.21.11:989][  0]LogDerivedDataCache: Display: Loaded Boot cache: C:/Users/timve/AppData/Local/UnrealEngine/4.27/DerivedDataCache/Boot.ddc
[2022.10.08-11.21.11:989][  0]LogDerivedDataCache: FDerivedDataBackendGraph:  Pak pak cache file ../../../../../Portfolio/Unreal/FPS_Game/Zombone/DerivedDataCache/DDC.ddp not found, will not use a pak cache.
[2022.10.08-11.21.11:989][  0]LogDerivedDataCache: Unable to find inner node Pak for hierarchical cache Hierarchy.
[2022.10.08-11.21.11:989][  0]LogDerivedDataCache: FDerivedDataBackendGraph:  CompressedPak pak cache file ../../../../../Portfolio/Unreal/FPS_Game/Zombone/DerivedDataCache/Compressed.ddp not found, will not use a pak cache.
[2022.10.08-11.21.11:989][  0]LogDerivedDataCache: Unable to find inner node CompressedPak for hierarchical cache Hierarchy.
[2022.10.08-11.21.12:007][  0]LogDerivedDataCache: Display: Pak cache opened for reading ../../../Engine/DerivedDataCache/Compressed.ddp.
[2022.10.08-11.21.12:007][  0]LogDerivedDataCache: FDerivedDataBackendGraph:  EnterprisePak pak cache file ../../../Enterprise/DerivedDataCache/Compressed.ddp not found, will not use a pak cache.
[2022.10.08-11.21.12:007][  0]LogDerivedDataCache: Unable to find inner node EnterprisePak for hierarchical cache Hierarchy.
[2022.10.08-11.21.12:014][  0]LogDerivedDataCache: Speed tests for C:/Users/timve/AppData/Local/UnrealEngine/Common/DerivedDataCache took 0.01 seconds
[2022.10.08-11.21.12:016][  0]LogDerivedDataCache: Display: Performance to C:/Users/timve/AppData/Local/UnrealEngine/Common/DerivedDataCache: Latency=0.03ms. RandomReadSpeed=1122.13MBs, RandomWriteSpeed=159.64MBs. Assigned SpeedClass 'Local'
[2022.10.08-11.21.12:019][  0]LogDerivedDataCache: Using Local data cache path C:/Users/timve/AppData/Local/UnrealEngine/Common/DerivedDataCache: Writable
[2022.10.08-11.21.12:019][  0]LogDerivedDataCache: Shared data cache path not found in *engine.ini, will not use an Shared cache.
[2022.10.08-11.21.12:019][  0]LogDerivedDataCache: Unable to find inner node Shared for hierarchical cache Hierarchy.
[2022.10.08-11.21.12:064][  0]LogSlate: Using FreeType 2.10.0
[2022.10.08-11.21.12:065][  0]LogSlate: SlateFontServices - WITH_FREETYPE: 1, WITH_HARFBUZZ: 1
[2022.10.08-11.21.12:099][  0]LogAssetRegistry: FAssetRegistry took 0.0056 seconds to start up
[2022.10.08-11.21.12:417][  0]LogInit: Selected Device Profile: [Windows]
[2022.10.08-11.21.12:417][  0]LogInit: Active device profile: [0000019E589E8D00][0000019E4EBA76C0 49] Windows
[2022.10.08-11.21.12:418][  0]LogInit: Profiles: [0000019E589E8D00][0000019E4EBA76C0 49] Windows, [0000019E58996300][0000019E5792F840 49] WindowsNoEditor, [0000019E589E9C00][0000019E5793B9C0 49] WindowsServer, [0000019E58997100][0000019E562E7B40 49] WindowsClient, [0000019E589EA900][0000019E49B66140 49] IOS, [0000019E58995A00][0000019E49B6A2C0 49] iPadAir, [0000019E589EBE00][0000019E550F6440 49] iPadAir2, [0000019E58945100][0000019E550FA680 49] IPadPro, [0000019E58945200][0000019E5792A6C0 49] iPadAir3, [0000019E58994C00][0000019E57642800 49] iPadAir4, [0000019E58945E00][0000019E57646940 49] iPadMini2, [0000019E58997300][0000019E5764EAC0 49] iPadMini3, [0000019E58947900][0000019E57652C40 49] iPadMini4, [0000019E58995000][0000019E57656DC0 49] iPadMini5, [0000019E5894C900][0000019E57D3D080 49] iPhone6, [0000019E5894CA00][0000019E57D390C0 49] iPodTouch6, [0000019E589EAE00][0000019E57D45380 49] iPhone7, [0000019E589EAF00][0000019E57D413C0 49] iPodTouch7, [0000019E58947E00][0000019E57D49540 49] iPhone5S, [0000019E589E8F00][0000019E57D4D6C0 49] iPhone6Plus, [0000019E5894C100][0000019E56407840 49] iPhone6S, [0000019E58944300][0000019E5640B9C0 49] iPhone6SPlus, [0000019E5894E800][0000019E5640FB40 49] iPhone7Plus, [0000019E58946400][0000019E56412140 49] iPhoneSE, [0000019E5894E600][0000019E564162C0 49] iPhone8, [0000019E58944400][0000019E5641A440 49] iPhone8Plus, [0000019E5894F100][0000019E5641E5C0 49] iPhoneX, [0000019E589E9400][0000019E56422740 49] iPhoneXS, [0000019E5894EB00][0000019E5764A880 49] iPhoneXSMax, [0000019E589E8700][0000019E564269C0 49] iPhoneXR, [0000019E5894C800][0000019E56500B00 49] iPhone11, [0000019E589E9100][0000019E56508C80 49] iPhone11Pro, [0000019E5894DA00][0000019E5650CE00 49] iPhone11ProMax, [0000019E589EB700][0000019E56510F80 49] iPhoneSE2, [0000019E5894F800][0000019E56515100 49] iPhone12Mini, [0000019E589EA300][0000019E56519280 49] iPhone12, [0000019E5894F200][0000019E5651D400 49] iPhone12Pro, [0000019E589E9300][0000019E56521580 49] iPhone12ProMax, [0000019E5894D500][0000019E56525700 49] iPadPro105, [0000019E589E8A00][0000019E5630F880 49] iPadPro129, [0000019E5894FD00][0000019E56313A00 49] iPadPro97, [0000019E589EAA00][0000019E56317B80 49] iPadPro2_129, [0000019E5894E900][0000019E5631A180 49] iPad5, [0000019E589E9E00][0000019E5631E300 49] iPad6, [0000019E5894D300][0000019E56322480 49] iPad7, [0000019E589E8200][0000019E56326600 49] iPad8, [0000019E5894C400][0000019E5632A780 49] iPadPro11, [0000019E589E9A00][0000019E5632E900 49] iPadPro2_11, [0000019E5894D600][0000019E56504A40 49] iPadPro3_129, [0000019E589EA700][0000019E56332B80 49] iPadPro4_129, [0000019E5894C200][0000019E56336CC0 49] AppleTV, [0000019E589E8900][0000019E5633EE40 49] AppleTV4K, [0000019E5894DD00][0000019E56342FC0 49] TVOS, [0000019E589EAD00][0000019E56347140 49] Mac, [0000019E5894F600][0000019E577A72C0 49] MacClient, [0000019E589EB900][0000019E577AB440 49] MacNoEditor, [0000019E5894F500][0000019E577AF5C0 49] MacServer, [0000019E589E9200][0000019E577B3740 49] Linux, [0000019E5894DC00][0000019E577B78C0 49] LinuxAArch64, [0000019E589EBC00][0000019E577BBA40 49] LinuxNoEditor, [0000019E5894E300][0000019E577BFBC0 49] LinuxAArch64NoEditor, [0000019E589E9B00][0000019E577C21C0 49] LinuxClient, [0000019E5894E500][0000019E577C6340 49] LinuxAArch64Client, [0000019E589E8E00][0000019E577CA4C0 49] LinuxServer, [0000019E5894F900][0000019E577CE640 49] LinuxAArch64Server, [0000019E589EB500][0000019E577D27C0 49] Android, [0000019E5894DE00][0000019E577D6940 49] Android_Low, [0000019E589E9F00][0000019E577DAAC0 49] Android_Mid, [0000019E5894E200][0000019E5633AC00 49] Android_High, [0000019E589EBF00][0000019E577DED40 49] Android_Default, [0000019E5894E000][0000019E577E2E80 49] Android_Adreno4xx, [0000019E589EBD00][0000019E577E6FC0 49] Android_Adreno5xx_Low, [0000019E5894EA00][0000019E577EF140 49] Android_Adreno5xx, [0000019E589EB800][0000019E577F32C0 49] Android_Adreno6xx, [0000019E58994500][0000019E577F7440 49] Android_Adreno6xx_Vulkan, [0000019E58945400][0000019E577FB5C0 49] Android_Mali_T6xx, [0000019E58995100][0000019E577FF740 49] Android_Mali_T7xx, [0000019E58946D00][0000019E578038C0 49] Android_Mali_T8xx, [0000019E58996F00][0000019E57807A40 49] Android_Mali_G71, [0000019E58947400][0000019E5780BBC0 49] Android_Mali_G72, [0000019E58995700][0000019E5780E1C0 49] Android_Mali_G72_Vulkan, [0000019E58945300][0000019E57812340 49] Android_Mali_G76, [0000019E58997A00][0000019E578164C0 49] Android_Mali_G76_Vulkan, [0000019E58946C00][0000019E5781A640 49] Android_Mali_G77, [0000019E58995500][0000019E5781E7C0 49] Android_Mali_G77_Vulkan, [0000019E58945800][0000019E57822940 49] Android_Mali_G78, [0000019E58996200][0000019E57826AC0 49] Android_Mali_G78_Vulkan, [0000019E58947D00][0000019E5782AC40 49] Android_Mali_G710, [0000019E58994300][0000019E577EAD80 49] Android_Mali_G710_Vulkan, [0000019E58944200][0000019E5782EEC0 49] Android_Vulkan_SM5, [0000019E58994800][0000019E57833000 49] Android_PowerVR_G6xxx, [0000019E58946500][0000019E57837140 49] Android_PowerVR_GT7xxx, [0000019E58994E00][0000019E5783F2C0 49] Android_PowerVR_GE8xxx, [0000019E58945500][0000019E57843440 49] Android_PowerVR_GM9xxx, [0000019E58994D00][0000019E578475C0 49] Android_PowerVR_GM9xxx_Vulkan, [0000019E58945900][0000019E5784B740 49] Android_TegraK1, [0000019E58994600][0000019E5784F8C0 49] Android_Unknown_Vulkan, [0000019E58947800][0000019E57853A40 49] Lumin, [0000019E58996600][0000019E57857BC0 49] Lumin_Desktop, [0000019E58947B00][0000019E5785A1C0 49] HoloLens, 
[2022.10.08-11.21.12:629][  0]LogMeshReduction: Using QuadricMeshReduction for automatic static mesh reduction
[2022.10.08-11.21.12:629][  0]LogMeshReduction: Using SimplygonMeshReduction for automatic skeletal mesh reduction
[2022.10.08-11.21.12:629][  0]LogMeshReduction: Using ProxyLODMeshReduction for automatic mesh merging
[2022.10.08-11.21.12:629][  0]LogMeshReduction: No distributed automatic mesh merging module available
[2022.10.08-11.21.12:629][  0]LogMeshMerging: No distributed automatic mesh merging module available
[2022.10.08-11.21.12:650][  0]LogNetVersion: Zombone 1.0.0, NetCL: 17155196, EngineNetVer: 17, GameNetVer: 0 (Checksum: 1748673324)
[2022.10.08-11.21.13:073][  0]LogTexture: Default maximum texture size for cubemaps generated from long-lat sources has been changed from 512 to unlimited. In order to preserve old behaiour for '/Engine/MapTemplates/Sky/DaylightAmbientCubemap.DaylightAmbientCubemap', its maximum texture size has been explicitly set to 512.
[2022.10.08-11.21.13:172][  0]LogHMD: PokeAHoleMaterial loaded successfully
[2022.10.08-11.21.13:180][  0]LogUObjectArray: 17178 objects as part of root set at end of initial load.
[2022.10.08-11.21.13:180][  0]LogUObjectAllocator: 4302048 out of 0 bytes used by permanent object pool.
[2022.10.08-11.21.13:180][  0]LogUObjectArray: CloseDisregardForGC: 0/0 objects in disregard for GC pool
[2022.10.08-11.21.13:727][  0]LogNiagaraDebuggerClient: Niagara Debugger Client Initialized | Session: 910AC2554FD31CE98BA45EA595C18156 | Instance: 62F47308402E7CB9456E0F96407291E3 (DESKTOP-J6VGNOD-10776).
[2022.10.08-11.21.13:909][  0]LogTcpMessaging: Initializing TcpMessaging bridge
[2022.10.08-11.21.13:916][  0]LogUdpMessaging: Initializing bridge on interface 0.0.0.0:0 to multicast group 230.0.0.1:6666.
[2022.10.08-11.21.14:006][  0]LogPython: Using Python 3.7.7
[2022.10.08-11.21.14:998][  0]SourceControl: Source control is disabled
[2022.10.08-11.21.14:999][  0]SourceControl: Source control is disabled
[2022.10.08-11.21.15:019][  0]SourceControl: Source control is disabled
[2022.10.08-11.21.15:026][  0]SourceControl: Source control is disabled
[2022.10.08-11.21.15:050][  0]SourceControl: Source control is disabled
[2022.10.08-11.21.15:055][  0]LogUProjectInfo: Found projects:
[2022.10.08-11.21.15:405][  0]LogAndroidPermission: UAndroidPermissionCallbackProxy::GetInstance
[2022.10.08-11.21.15:428][  0]LogAudioCaptureCore: Display: No Audio Capture implementations found. Audio input will be silent.
[2022.10.08-11.21.15:428][  0]LogAudioCaptureCore: Display: No Audio Capture implementations found. Audio input will be silent.
[2022.10.08-11.21.15:663][  0]LogOpenImageDenoise: OIDN starting up
[2022.10.08-11.21.15:675][  0]LogCollectionManager: Loaded 0 collections in 0.000706 seconds
[2022.10.08-11.21.15:715][  0]LogFileCache: Scanning file cache for directory 'D:/Portfolio/Unreal/FPS_Game/Zombone/Saved/Collections/' took 0.00s
[2022.10.08-11.21.15:715][  0]LogFileCache: Scanning file cache for directory 'D:/Portfolio/Unreal/FPS_Game/Zombone/Content/Developers/timve/Collections/' took 0.00s
[2022.10.08-11.21.15:715][  0]LogFileCache: Scanning file cache for directory 'D:/Portfolio/Unreal/FPS_Game/Zombone/Content/Collections/' took 0.00s
[2022.10.08-11.21.15:715][  0]LogOcInput: OculusInput pre-init called
[2022.10.08-11.21.15:987][  0]LogEngine: Initializing Engine...
[2022.10.08-11.21.15:991][  0]LogHMD: Failed to enumerate extensions. Please check that you have a valid OpenXR runtime installed.
[2022.10.08-11.21.15:992][  0]LogHMD: Failed to initialize OpenVR with code 110
[2022.10.08-11.21.15:992][  0]LogMagicLeap: Warning: VR disabled because ZI is not enabled.  To enable, in the editor, Edit -> Project Settings -> Plugins -> Magic Leap Plugin -> Enable Zero Iteration
[2022.10.08-11.21.15:993][  0]LogStats: UGameplayTagsManager::InitializeManager -  0.000 s
[2022.10.08-11.21.16:132][  0]LogInit: Initializing FReadOnlyCVARCache
[2022.10.08-11.21.16:143][  0]LogAIModule: Creating AISystem for world Untitled
[2022.10.08-11.21.16:165][  0]LogAudio: Display: Initializing Audio Device Manager...
[2022.10.08-11.21.16:171][  0]LogAudio: Display: Loading Default Audio Settings Objects...
[2022.10.08-11.21.16:171][  0]LogAudio: Display: No default SoundConcurrencyObject specified (or failed to load).
[2022.10.08-11.21.16:172][  0]LogAudio: Display: Audio Device Manager Initialized
[2022.10.08-11.21.16:172][  0]LogAudio: Display: Creating Audio Device:                 Id: 1, Scope: Shared, Realtime: True
[2022.10.08-11.21.16:172][  0]LogAudioMixer: Display: Audio Mixer Platform Settings:
[2022.10.08-11.21.16:172][  0]LogAudioMixer: Display: 	Sample Rate:						  48000
[2022.10.08-11.21.16:172][  0]LogAudioMixer: Display: 	Callback Buffer Frame Size Requested: 1024
[2022.10.08-11.21.16:173][  0]LogAudioMixer: Display: 	Callback Buffer Frame Size To Use:	  1024
[2022.10.08-11.21.16:173][  0]LogAudioMixer: Display: 	Number of buffers to queue:			  2
[2022.10.08-11.21.16:173][  0]LogAudioMixer: Display: 	Max Channels (voices):				  32
[2022.10.08-11.21.16:173][  0]LogAudioMixer: Display: 	Number of Async Source Workers:		  0
[2022.10.08-11.21.16:173][  0]LogAudio: Display: AudioDevice MaxSources: 32
[2022.10.08-11.21.16:174][  0]LogAudio: Display: Audio Spatialization Plugin: None (built-in).
[2022.10.08-11.21.16:174][  0]LogAudio: Display: Audio Reverb Plugin: None (built-in).
[2022.10.08-11.21.16:174][  0]LogAudio: Display: Audio Occlusion Plugin: None (built-in).
[2022.10.08-11.21.16:174][  0]LogAudioMixer: Display: Initializing audio mixer.
[2022.10.08-11.21.16:200][  0]LogAudioMixer: Display: 0: FrontLeft
[2022.10.08-11.21.16:200][  0]LogAudioMixer: Display: 1: FrontRight
[2022.10.08-11.21.16:227][  0]LogAudioMixer: Display: Using Audio Device Luidsprekers (Sennheiser Main Audio)
[2022.10.08-11.21.16:239][  0]LogAudioMixer: Display: Initializing Sound Submixes...
[2022.10.08-11.21.16:242][  0]LogAudioMixer: Display: Creating Master Submix 'MasterSubmixDefault'
[2022.10.08-11.21.16:242][  0]LogAudioMixer: Display: Creating Master Submix 'MasterReverbSubmixDefault'
[2022.10.08-11.21.16:245][  0]LogAudioMixer: Display: Creating Master Submix 'MasterEQSubmixDefault'
[2022.10.08-11.21.16:245][  0]LogAudioMixer: FMixerPlatformXAudio2::StartAudioStream() called
[2022.10.08-11.21.16:245][  0]LogAudioMixer: Display: Output buffers initialized: Frames=1024, Channels=2, Samples=2048
[2022.10.08-11.21.16:248][  0]LogAudioMixer: Display: Starting AudioMixerPlatformInterface::RunInternal()
[2022.10.08-11.21.16:248][  0]LogAudioMixer: Display: FMixerPlatformXAudio2::SubmitBuffer() called for the first time
[2022.10.08-11.21.16:248][  0]LogInit: FAudioDevice initialized.
[2022.10.08-11.21.16:248][  0]LogAudio: Display: Audio Device (ID: 1) registered with world 'Untitled'.
[2022.10.08-11.21.16:248][  0]LogNetVersion: Set ProjectVersion to 1.0.0.0. Version Checksum will be recalculated on next use.
[2022.10.08-11.21.16:435][  0]LogDerivedDataCache: Saved boot cache 0.19s 99MB C:/Users/timve/AppData/Local/UnrealEngine/4.27/DerivedDataCache/Boot.ddc.
[2022.10.08-11.21.16:436][  0]LogInit: Texture streaming: Enabled
[2022.10.08-11.21.16:456][  0]LogAnalytics: Display: [UEEditor.Rocket.Release] APIServer = https://datarouter.ol.epicgames.com/. AppVersion = 4.27.2-18319896+++UE4+Release-4.27
[2022.10.08-11.21.16:461][  0]LogEngineSessionManager: EngineSessionManager initialized
[2022.10.08-11.21.16:461][  0]LogEditorSessionSummary: Verbose: Initializing EditorSessionSummaryWriter for editor session tracking
[2022.10.08-11.21.16:466][  0]LogEditorSessionSummary: EditorSessionSummaryWriter initialized
[2022.10.08-11.21.16:499][  0]LogInit: Transaction tracking system initialized
[2022.10.08-11.21.16:536][  0]BlueprintLog: New page: Editor Load
[2022.10.08-11.21.16:627][  0]LocalizationService: Localization service is disabled
[2022.10.08-11.21.16:658][  0]TimingProfiler: Initialize
[2022.10.08-11.21.16:658][  0]TimingProfiler: OnSessionChanged
[2022.10.08-11.21.16:658][  0]LoadingProfiler: Initialize
[2022.10.08-11.21.16:659][  0]LoadingProfiler: OnSessionChanged
[2022.10.08-11.21.16:659][  0]NetworkingProfiler: Initialize
[2022.10.08-11.21.16:659][  0]NetworkingProfiler: OnSessionChanged
[2022.10.08-11.21.16:659][  0]MemoryProfiler: Initialize
[2022.10.08-11.21.16:659][  0]MemoryProfiler: OnSessionChanged
[2022.10.08-11.21.16:883][  0]LogCook: Display: CookSettings for Memory: MemoryMaxUsedVirtual 0MiB, MemoryMaxUsedPhysical 16384MiB, MemoryMinFreeVirtual 0MiB, MemoryMinFreePhysical 1024MiB
[2022.10.08-11.21.16:883][  0]LogCook: Display: Mobile HDR setting 1
[2022.10.08-11.21.17:147][  0]LogFileCache: Scanning file cache for directory 'D:/Portfolio/Unreal/FPS_Game/Zombone/Content/' took 0.01s
[2022.10.08-11.21.17:356][  0]LogInit: Display: Engine is initialized. Leaving FEngineLoop::Init()
[2022.10.08-11.21.17:359][  0]SourceControl: Source control is disabled
[2022.10.08-11.21.17:359][  0]LogUnrealEdMisc: Loading editor; pre map load, took 17.055
[2022.10.08-11.21.17:359][  0]Cmd: MAP LOAD FILE="../../../../../Portfolio/Unreal/FPS_Game/Zombone/Content/FirstPersonCPP/Maps/FirstPersonExampleMap.umap" TEMPLATE=0 SHOWPROGRESS=1 FEATURELEVEL=3
[2022.10.08-11.21.17:360][  0]LightingResults: New page: Lighting Build
[2022.10.08-11.21.17:361][  0]LogWorld: UWorld::CleanupWorld for Untitled, bSessionEnded=true, bCleanupResources=true
[2022.10.08-11.21.17:361][  0]LogSlate: InvalidateAllWidgets triggered.  All widgets were invalidated
[2022.10.08-11.21.17:362][  0]MapCheck: New page: Map Check
[2022.10.08-11.21.17:362][  0]LightingResults: New page: Lighting Build
[2022.10.08-11.21.17:371][  0]LogAudio: Display: Audio Device unregistered from world 'None'.
[2022.10.08-11.21.17:376][  0]LogUObjectHash: Compacting FUObjectHashTables data took   0.88ms
[2022.10.08-11.21.17:429][  0]LogTexture: Display: Building textures: DeprecatedTextureD5B55AC7496CD3FBF6154CA3715BB71F (BGRA8, 128X128)
[2022.10.08-11.21.17:433][  0]LogAudio: Display: Audio Device (ID: 1) registered with world 'FirstPersonExampleMap'.
[2022.10.08-11.21.17:435][  0]LogAIModule: Creating AISystem for world FirstPersonExampleMap
[2022.10.08-11.21.17:450][  0]LogEditorServer: Finished looking for orphan Actors (0.000 secs)
[2022.10.08-11.21.17:462][  0]LogUObjectHash: Compacting FUObjectHashTables data took   1.03ms
[2022.10.08-11.21.17:462][  0]Cmd: MAP CHECKDEP NOCLEARLOG
[2022.10.08-11.21.17:463][  0]MapCheck: Map check complete: 0 Error(s), 0 Warning(s), took 0,218ms to complete.
[2022.10.08-11.21.17:463][  0]LogFileHelpers: Loading map 'FirstPersonExampleMap' took 0.104
[2022.10.08-11.21.17:466][  0]LogUnrealEdMisc: Total Editor Startup Time, took 17.162
[2022.10.08-11.21.17:595][  0]LogSlate: Updating window title bar state: overlay mode, drag disabled, window buttons hidden, title bar hidden
[2022.10.08-11.21.17:602][  0]LogSlate: Updating window title bar state: overlay mode, drag disabled, window buttons hidden, title bar hidden
[2022.10.08-11.21.17:608][  0]LogSlate: Updating window title bar state: overlay mode, drag disabled, window buttons hidden, title bar hidden
[2022.10.08-11.21.17:615][  0]LogSlate: Updating window title bar state: overlay mode, drag disabled, window buttons hidden, title bar hidden
[2022.10.08-11.21.17:632][  0]LogNativeClassHierarchy: Verbose: Native class hierarchy populated in 0.0110 seconds. Added 3827 classes and 930 folders.
[2022.10.08-11.21.17:635][  0]LogNativeClassHierarchy: Verbose: Native class hierarchy updated for 'WidgetCarousel' in 0.0003 seconds. Added 0 classes and 0 folders.
[2022.10.08-11.21.17:636][  0]LogPakFile: PakFile PrimaryIndexSize=187
[2022.10.08-11.21.17:636][  0]LogPakFile: PakFile PathHashIndexSize=101
[2022.10.08-11.21.17:636][  0]LogPakFile: PakFile FullDirectoryIndexSize=148
[2022.10.08-11.21.17:637][  0]LogShaderLibrary: Display: ShaderCodeLibraryPakFileMountedCallback: PakFile 'D:/Epic Games/UE_4.27/FeaturePacks/FP_FirstPerson.upack' (chunk index -1, root 'root:/') mounted
[2022.10.08-11.21.17:637][  0]LogShaderLibrary: Display: ShaderCodeLibraryPakFileMountedCallback: pending pak file info (ChunkID:-1 Root:root:/ File:D:/Epic Games/UE_4.27/FeaturePacks/FP_FirstPerson.upack)
[2022.10.08-11.21.17:637][  0]LogPakFile: OnPakFileMounted2Time == 0.000238
[2022.10.08-11.21.17:637][  0]LogPakFile: PakFile PrimaryIndexSize=189
[2022.10.08-11.21.17:638][  0]LogPakFile: PakFile PathHashIndexSize=101
[2022.10.08-11.21.17:638][  0]LogPakFile: PakFile FullDirectoryIndexSize=152
[2022.10.08-11.21.17:638][  0]LogShaderLibrary: Display: ShaderCodeLibraryPakFileMountedCallback: PakFile 'D:/Epic Games/UE_4.27/FeaturePacks/FP_FirstPersonBP.upack' (chunk index -1, root 'root:/') mounted
[2022.10.08-11.21.17:638][  0]LogShaderLibrary: Display: ShaderCodeLibraryPakFileMountedCallback: pending pak file info (ChunkID:-1 Root:root:/ File:D:/Epic Games/UE_4.27/FeaturePacks/FP_FirstPersonBP.upack)
[2022.10.08-11.21.17:638][  0]LogPakFile: OnPakFileMounted2Time == 0.000156
[2022.10.08-11.21.17:638][  0]LogPakFile: PakFile PrimaryIndexSize=191
[2022.10.08-11.21.17:639][  0]LogPakFile: PakFile PathHashIndexSize=101
[2022.10.08-11.21.17:639][  0]LogPakFile: PakFile FullDirectoryIndexSize=160
[2022.10.08-11.21.17:639][  0]LogShaderLibrary: Display: ShaderCodeLibraryPakFileMountedCallback: PakFile 'D:/Epic Games/UE_4.27/FeaturePacks/MobileStarterContent.upack' (chunk index -1, root 'root:/') mounted
[2022.10.08-11.21.17:639][  0]LogShaderLibrary: Display: ShaderCodeLibraryPakFileMountedCallback: pending pak file info (ChunkID:-1 Root:root:/ File:D:/Epic Games/UE_4.27/FeaturePacks/MobileStarterContent.upack)
[2022.10.08-11.21.17:639][  0]LogPakFile: OnPakFileMounted2Time == 0.000168
[2022.10.08-11.21.17:640][  0]LogPakFile: PakFile PrimaryIndexSize=185
[2022.10.08-11.21.17:640][  0]LogPakFile: PakFile PathHashIndexSize=101
[2022.10.08-11.21.17:640][  0]LogPakFile: PakFile FullDirectoryIndexSize=148
[2022.10.08-11.21.17:640][  0]LogShaderLibrary: Display: ShaderCodeLibraryPakFileMountedCallback: PakFile 'D:/Epic Games/UE_4.27/FeaturePacks/StarterContent.upack' (chunk index -1, root 'root:/') mounted
[2022.10.08-11.21.17:640][  0]LogShaderLibrary: Display: ShaderCodeLibraryPakFileMountedCallback: pending pak file info (ChunkID:-1 Root:root:/ File:D:/Epic Games/UE_4.27/FeaturePacks/StarterContent.upack)
[2022.10.08-11.21.17:640][  0]LogPakFile: OnPakFileMounted2Time == 0.000133
[2022.10.08-11.21.17:641][  0]LogPakFile: PakFile PrimaryIndexSize=190
[2022.10.08-11.21.17:641][  0]LogPakFile: PakFile PathHashIndexSize=101
[2022.10.08-11.21.17:641][  0]LogPakFile: PakFile FullDirectoryIndexSize=154
[2022.10.08-11.21.17:641][  0]LogShaderLibrary: Display: ShaderCodeLibraryPakFileMountedCallback: PakFile 'D:/Epic Games/UE_4.27/FeaturePacks/TP_2DSideScroller.upack' (chunk index -1, root 'root:/') mounted
[2022.10.08-11.21.17:641][  0]LogShaderLibrary: Display: ShaderCodeLibraryPakFileMountedCallback: pending pak file info (ChunkID:-1 Root:root:/ File:D:/Epic Games/UE_4.27/FeaturePacks/TP_2DSideScroller.upack)
[2022.10.08-11.21.17:641][  0]LogPakFile: OnPakFileMounted2Time == 0.000175
[2022.10.08-11.21.17:642][  0]LogPakFile: PakFile PrimaryIndexSize=192
[2022.10.08-11.21.17:642][  0]LogPakFile: PakFile PathHashIndexSize=101
[2022.10.08-11.21.17:642][  0]LogPakFile: PakFile FullDirectoryIndexSize=158
[2022.10.08-11.21.17:642][  0]LogShaderLibrary: Display: ShaderCodeLibraryPakFileMountedCallback: PakFile 'D:/Epic Games/UE_4.27/FeaturePacks/TP_2DSideScrollerBP.upack' (chunk index -1, root 'root:/') mounted
[2022.10.08-11.21.17:642][  0]LogShaderLibrary: Display: ShaderCodeLibraryPakFileMountedCallback: pending pak file info (ChunkID:-1 Root:root:/ File:D:/Epic Games/UE_4.27/FeaturePacks/TP_2DSideScrollerBP.upack)
[2022.10.08-11.21.17:642][  0]LogPakFile: OnPakFileMounted2Time == 0.000132
[2022.10.08-11.21.17:642][  0]LogPakFile: PakFile PrimaryIndexSize=182
[2022.10.08-11.21.17:643][  0]LogPakFile: PakFile PathHashIndexSize=101
[2022.10.08-11.21.17:643][  0]LogPakFile: PakFile FullDirectoryIndexSize=138
[2022.10.08-11.21.17:643][  0]LogShaderLibrary: Display: ShaderCodeLibraryPakFileMountedCallback: PakFile 'D:/Epic Games/UE_4.27/FeaturePacks/TP_Flying.upack' (chunk index -1, root 'root:/') mounted
[2022.10.08-11.21.17:643][  0]LogShaderLibrary: Display: ShaderCodeLibraryPakFileMountedCallback: pending pak file info (ChunkID:-1 Root:root:/ File:D:/Epic Games/UE_4.27/FeaturePacks/TP_Flying.upack)
[2022.10.08-11.21.17:643][  0]LogPakFile: OnPakFileMounted2Time == 0.000131
[2022.10.08-11.21.17:643][  0]LogPakFile: PakFile PrimaryIndexSize=184
[2022.10.08-11.21.17:643][  0]LogPakFile: PakFile PathHashIndexSize=101
[2022.10.08-11.21.17:643][  0]LogPakFile: PakFile FullDirectoryIndexSize=142
[2022.10.08-11.21.17:644][  0]LogShaderLibrary: Display: ShaderCodeLibraryPakFileMountedCallback: PakFile 'D:/Epic Games/UE_4.27/FeaturePacks/TP_FlyingBP.upack' (chunk index -1, root 'root:/') mounted
[2022.10.08-11.21.17:644][  0]LogShaderLibrary: Display: ShaderCodeLibraryPakFileMountedCallback: pending pak file info (ChunkID:-1 Root:root:/ File:D:/Epic Games/UE_4.27/FeaturePacks/TP_FlyingBP.upack)
[2022.10.08-11.21.17:644][  0]LogPakFile: OnPakFileMounted2Time == 0.000190
[2022.10.08-11.21.17:644][  0]LogPakFile: PakFile PrimaryIndexSize=188
[2022.10.08-11.21.17:644][  0]LogPakFile: PakFile PathHashIndexSize=101
[2022.10.08-11.21.17:644][  0]LogPakFile: PakFile FullDirectoryIndexSize=150
[2022.10.08-11.21.17:644][  0]LogShaderLibrary: Display: ShaderCodeLibraryPakFileMountedCallback: PakFile 'D:/Epic Games/UE_4.27/FeaturePacks/TP_HandheldARBP.upack' (chunk index -1, root 'root:/') mounted
[2022.10.08-11.21.17:645][  0]LogShaderLibrary: Display: ShaderCodeLibraryPakFileMountedCallback: pending pak file info (ChunkID:-1 Root:root:/ File:D:/Epic Games/UE_4.27/FeaturePacks/TP_HandheldARBP.upack)
[2022.10.08-11.21.17:645][  0]LogPakFile: OnPakFileMounted2Time == 0.000139
[2022.10.08-11.21.17:646][  0]LogPakFile: PakFile PrimaryIndexSize=182
[2022.10.08-11.21.17:646][  0]LogPakFile: PakFile PathHashIndexSize=101
[2022.10.08-11.21.17:646][  0]LogPakFile: PakFile FullDirectoryIndexSize=138
[2022.10.08-11.21.17:646][  0]LogShaderLibrary: Display: ShaderCodeLibraryPakFileMountedCallback: PakFile 'D:/Epic Games/UE_4.27/FeaturePacks/TP_Puzzle.upack' (chunk index -1, root 'root:/') mounted
[2022.10.08-11.21.17:646][  0]LogShaderLibrary: Display: ShaderCodeLibraryPakFileMountedCallback: pending pak file info (ChunkID:-1 Root:root:/ File:D:/Epic Games/UE_4.27/FeaturePacks/TP_Puzzle.upack)
[2022.10.08-11.21.17:646][  0]LogPakFile: OnPakFileMounted2Time == 0.000245
[2022.10.08-11.21.17:647][  0]LogPakFile: PakFile PrimaryIndexSize=184
[2022.10.08-11.21.17:647][  0]LogPakFile: PakFile PathHashIndexSize=101
[2022.10.08-11.21.17:647][  0]LogPakFile: PakFile FullDirectoryIndexSize=142
[2022.10.08-11.21.17:647][  0]LogShaderLibrary: Display: ShaderCodeLibraryPakFileMountedCallback: PakFile 'D:/Epic Games/UE_4.27/FeaturePacks/TP_PuzzleBP.upack' (chunk index -1, root 'root:/') mounted
[2022.10.08-11.21.17:647][  0]LogShaderLibrary: Display: ShaderCodeLibraryPakFileMountedCallback: pending pak file info (ChunkID:-1 Root:root:/ File:D:/Epic Games/UE_4.27/FeaturePacks/TP_PuzzleBP.upack)
[2022.10.08-11.21.17:647][  0]LogPakFile: OnPakFileMounted2Time == 0.000192
[2022.10.08-11.21.17:648][  0]LogPakFile: PakFile PrimaryIndexSize=183
[2022.10.08-11.21.17:648][  0]LogPakFile: PakFile PathHashIndexSize=101
[2022.10.08-11.21.17:648][  0]LogPakFile: PakFile FullDirectoryIndexSize=140
[2022.10.08-11.21.17:648][  0]LogShaderLibrary: Display: ShaderCodeLibraryPakFileMountedCallback: PakFile 'D:/Epic Games/UE_4.27/FeaturePacks/TP_Rolling.upack' (chunk index -1, root 'root:/') mounted
[2022.10.08-11.21.17:648][  0]LogShaderLibrary: Display: ShaderCodeLibraryPakFileMountedCallback: pending pak file info (ChunkID:-1 Root:root:/ File:D:/Epic Games/UE_4.27/FeaturePacks/TP_Rolling.upack)
[2022.10.08-11.21.17:648][  0]LogPakFile: OnPakFileMounted2Time == 0.000207
[2022.10.08-11.21.17:649][  0]LogPakFile: PakFile PrimaryIndexSize=185
[2022.10.08-11.21.17:649][  0]LogPakFile: PakFile PathHashIndexSize=101
[2022.10.08-11.21.17:649][  0]LogPakFile: PakFile FullDirectoryIndexSize=144
[2022.10.08-11.21.17:649][  0]LogShaderLibrary: Display: ShaderCodeLibraryPakFileMountedCallback: PakFile 'D:/Epic Games/UE_4.27/FeaturePacks/TP_RollingBP.upack' (chunk index -1, root 'root:/') mounted
[2022.10.08-11.21.17:649][  0]LogShaderLibrary: Display: ShaderCodeLibraryPakFileMountedCallback: pending pak file info (ChunkID:-1 Root:root:/ File:D:/Epic Games/UE_4.27/FeaturePacks/TP_RollingBP.upack)
[2022.10.08-11.21.17:649][  0]LogPakFile: OnPakFileMounted2Time == 0.000140
[2022.10.08-11.21.17:650][  0]LogPakFile: PakFile PrimaryIndexSize=188
[2022.10.08-11.21.17:650][  0]LogPakFile: PakFile PathHashIndexSize=101
[2022.10.08-11.21.17:650][  0]LogPakFile: PakFile FullDirectoryIndexSize=150
[2022.10.08-11.21.17:650][  0]LogShaderLibrary: Display: ShaderCodeLibraryPakFileMountedCallback: PakFile 'D:/Epic Games/UE_4.27/FeaturePacks/TP_SideScroller.upack' (chunk index -1, root 'root:/') mounted
[2022.10.08-11.21.17:650][  0]LogShaderLibrary: Display: ShaderCodeLibraryPakFileMountedCallback: pending pak file info (ChunkID:-1 Root:root:/ File:D:/Epic Games/UE_4.27/FeaturePacks/TP_SideScroller.upack)
[2022.10.08-11.21.17:650][  0]LogPakFile: OnPakFileMounted2Time == 0.000248
[2022.10.08-11.21.17:651][  0]LogPakFile: PakFile PrimaryIndexSize=190
[2022.10.08-11.21.17:651][  0]LogPakFile: PakFile PathHashIndexSize=101
[2022.10.08-11.21.17:651][  0]LogPakFile: PakFile FullDirectoryIndexSize=154
[2022.10.08-11.21.17:651][  0]LogShaderLibrary: Display: ShaderCodeLibraryPakFileMountedCallback: PakFile 'D:/Epic Games/UE_4.27/FeaturePacks/TP_SideScrollerBP.upack' (chunk index -1, root 'root:/') mounted
[2022.10.08-11.21.17:651][  0]LogShaderLibrary: Display: ShaderCodeLibraryPakFileMountedCallback: pending pak file info (ChunkID:-1 Root:root:/ File:D:/Epic Games/UE_4.27/FeaturePacks/TP_SideScrollerBP.upack)
[2022.10.08-11.21.17:651][  0]LogPakFile: OnPakFileMounted2Time == 0.000237
[2022.10.08-11.21.17:652][  0]LogPakFile: PakFile PrimaryIndexSize=187
[2022.10.08-11.21.17:652][  0]LogPakFile: PakFile PathHashIndexSize=101
[2022.10.08-11.21.17:652][  0]LogPakFile: PakFile FullDirectoryIndexSize=148
[2022.10.08-11.21.17:652][  0]LogShaderLibrary: Display: ShaderCodeLibraryPakFileMountedCallback: PakFile 'D:/Epic Games/UE_4.27/FeaturePacks/TP_ThirdPerson.upack' (chunk index -1, root 'root:/') mounted
[2022.10.08-11.21.17:652][  0]LogShaderLibrary: Display: ShaderCodeLibraryPakFileMountedCallback: pending pak file info (ChunkID:-1 Root:root:/ File:D:/Epic Games/UE_4.27/FeaturePacks/TP_ThirdPerson.upack)
[2022.10.08-11.21.17:652][  0]LogPakFile: OnPakFileMounted2Time == 0.000237
[2022.10.08-11.21.17:653][  0]LogPakFile: PakFile PrimaryIndexSize=189
[2022.10.08-11.21.17:653][  0]LogPakFile: PakFile PathHashIndexSize=101
[2022.10.08-11.21.17:653][  0]LogPakFile: PakFile FullDirectoryIndexSize=152
[2022.10.08-11.21.17:653][  0]LogShaderLibrary: Display: ShaderCodeLibraryPakFileMountedCallback: PakFile 'D:/Epic Games/UE_4.27/FeaturePacks/TP_ThirdPersonBP.upack' (chunk index -1, root 'root:/') mounted
[2022.10.08-11.21.17:653][  0]LogShaderLibrary: Display: ShaderCodeLibraryPakFileMountedCallback: pending pak file info (ChunkID:-1 Root:root:/ File:D:/Epic Games/UE_4.27/FeaturePacks/TP_ThirdPersonBP.upack)
[2022.10.08-11.21.17:654][  0]LogPakFile: OnPakFileMounted2Time == 0.000192
[2022.10.08-11.21.17:654][  0]LogPakFile: PakFile PrimaryIndexSize=183
[2022.10.08-11.21.17:654][  0]LogPakFile: PakFile PathHashIndexSize=101
[2022.10.08-11.21.17:654][  0]LogPakFile: PakFile FullDirectoryIndexSize=140
[2022.10.08-11.21.17:655][  0]LogShaderLibrary: Display: ShaderCodeLibraryPakFileMountedCallback: PakFile 'D:/Epic Games/UE_4.27/FeaturePacks/TP_TopDown.upack' (chunk index -1, root 'root:/') mounted
[2022.10.08-11.21.17:655][  0]LogShaderLibrary: Display: ShaderCodeLibraryPakFileMountedCallback: pending pak file info (ChunkID:-1 Root:root:/ File:D:/Epic Games/UE_4.27/FeaturePacks/TP_TopDown.upack)
[2022.10.08-11.21.17:655][  0]LogPakFile: OnPakFileMounted2Time == 0.000306
[2022.10.08-11.21.17:656][  0]LogPakFile: PakFile PrimaryIndexSize=185
[2022.10.08-11.21.17:656][  0]LogPakFile: PakFile PathHashIndexSize=101
[2022.10.08-11.21.17:656][  0]LogPakFile: PakFile FullDirectoryIndexSize=144
[2022.10.08-11.21.17:656][  0]LogShaderLibrary: Display: ShaderCodeLibraryPakFileMountedCallback: PakFile 'D:/Epic Games/UE_4.27/FeaturePacks/TP_TopDownBP.upack' (chunk index -1, root 'root:/') mounted
[2022.10.08-11.21.17:656][  0]LogShaderLibrary: Display: ShaderCodeLibraryPakFileMountedCallback: pending pak file info (ChunkID:-1 Root:root:/ File:D:/Epic Games/UE_4.27/FeaturePacks/TP_TopDownBP.upack)
[2022.10.08-11.21.17:656][  0]LogPakFile: OnPakFileMounted2Time == 0.000252
[2022.10.08-11.21.17:657][  0]LogPakFile: PakFile PrimaryIndexSize=185
[2022.10.08-11.21.17:657][  0]LogPakFile: PakFile PathHashIndexSize=101
[2022.10.08-11.21.17:657][  0]LogPakFile: PakFile FullDirectoryIndexSize=144
[2022.10.08-11.21.17:658][  0]LogShaderLibrary: Display: ShaderCodeLibraryPakFileMountedCallback: PakFile 'D:/Epic Games/UE_4.27/FeaturePacks/TP_TwinStick.upack' (chunk index -1, root 'root:/') mounted
[2022.10.08-11.21.17:658][  0]LogShaderLibrary: Display: ShaderCodeLibraryPakFileMountedCallback: pending pak file info (ChunkID:-1 Root:root:/ File:D:/Epic Games/UE_4.27/FeaturePacks/TP_TwinStick.upack)
[2022.10.08-11.21.17:658][  0]LogPakFile: OnPakFileMounted2Time == 0.000200
[2022.10.08-11.21.17:658][  0]LogPakFile: PakFile PrimaryIndexSize=187
[2022.10.08-11.21.17:658][  0]LogPakFile: PakFile PathHashIndexSize=101
[2022.10.08-11.21.17:658][  0]LogPakFile: PakFile FullDirectoryIndexSize=148
[2022.10.08-11.21.17:659][  0]LogShaderLibrary: Display: ShaderCodeLibraryPakFileMountedCallback: PakFile 'D:/Epic Games/UE_4.27/FeaturePacks/TP_TwinStickBP.upack' (chunk index -1, root 'root:/') mounted
[2022.10.08-11.21.17:659][  0]LogShaderLibrary: Display: ShaderCodeLibraryPakFileMountedCallback: pending pak file info (ChunkID:-1 Root:root:/ File:D:/Epic Games/UE_4.27/FeaturePacks/TP_TwinStickBP.upack)
[2022.10.08-11.21.17:659][  0]LogPakFile: OnPakFileMounted2Time == 0.000154
[2022.10.08-11.21.17:659][  0]LogPakFile: PakFile PrimaryIndexSize=183
[2022.10.08-11.21.17:659][  0]LogPakFile: PakFile PathHashIndexSize=101
[2022.10.08-11.21.17:659][  0]LogPakFile: PakFile FullDirectoryIndexSize=140
[2022.10.08-11.21.17:659][  0]LogShaderLibrary: Display: ShaderCodeLibraryPakFileMountedCallback: PakFile 'D:/Epic Games/UE_4.27/FeaturePacks/TP_Vehicle.upack' (chunk index -1, root 'root:/') mounted
[2022.10.08-11.21.17:660][  0]LogShaderLibrary: Display: ShaderCodeLibraryPakFileMountedCallback: pending pak file info (ChunkID:-1 Root:root:/ File:D:/Epic Games/UE_4.27/FeaturePacks/TP_Vehicle.upack)
[2022.10.08-11.21.17:660][  0]LogPakFile: OnPakFileMounted2Time == 0.000204
[2022.10.08-11.21.17:660][  0]LogPakFile: PakFile PrimaryIndexSize=186
[2022.10.08-11.21.17:660][  0]LogPakFile: PakFile PathHashIndexSize=101
[2022.10.08-11.21.17:660][  0]LogPakFile: PakFile FullDirectoryIndexSize=146
[2022.10.08-11.21.17:661][  0]LogShaderLibrary: Display: ShaderCodeLibraryPakFileMountedCallback: PakFile 'D:/Epic Games/UE_4.27/FeaturePacks/TP_VehicleAdv.upack' (chunk index -1, root 'root:/') mounted
[2022.10.08-11.21.17:661][  0]LogShaderLibrary: Display: ShaderCodeLibraryPakFileMountedCallback: pending pak file info (ChunkID:-1 Root:root:/ File:D:/Epic Games/UE_4.27/FeaturePacks/TP_VehicleAdv.upack)
[2022.10.08-11.21.17:661][  0]LogPakFile: OnPakFileMounted2Time == 0.000248
[2022.10.08-11.21.17:661][  0]LogPakFile: PakFile PrimaryIndexSize=188
[2022.10.08-11.21.17:661][  0]LogPakFile: PakFile PathHashIndexSize=101
[2022.10.08-11.21.17:662][  0]LogPakFile: PakFile FullDirectoryIndexSize=150
[2022.10.08-11.21.17:662][  0]LogShaderLibrary: Display: ShaderCodeLibraryPakFileMountedCallback: PakFile 'D:/Epic Games/UE_4.27/FeaturePacks/TP_VehicleAdvBP.upack' (chunk index -1, root 'root:/') mounted
[2022.10.08-11.21.17:662][  0]LogShaderLibrary: Display: ShaderCodeLibraryPakFileMountedCallback: pending pak file info (ChunkID:-1 Root:root:/ File:D:/Epic Games/UE_4.27/FeaturePacks/TP_VehicleAdvBP.upack)
[2022.10.08-11.21.17:662][  0]LogPakFile: OnPakFileMounted2Time == 0.000231
[2022.10.08-11.21.17:663][  0]LogPakFile: PakFile PrimaryIndexSize=185
[2022.10.08-11.21.17:663][  0]LogPakFile: PakFile PathHashIndexSize=101
[2022.10.08-11.21.17:663][  0]LogPakFile: PakFile FullDirectoryIndexSize=144
[2022.10.08-11.21.17:663][  0]LogShaderLibrary: Display: ShaderCodeLibraryPakFileMountedCallback: PakFile 'D:/Epic Games/UE_4.27/FeaturePacks/TP_VehicleBP.upack' (chunk index -1, root 'root:/') mounted
[2022.10.08-11.21.17:663][  0]LogShaderLibrary: Display: ShaderCodeLibraryPakFileMountedCallback: pending pak file info (ChunkID:-1 Root:root:/ File:D:/Epic Games/UE_4.27/FeaturePacks/TP_VehicleBP.upack)
[2022.10.08-11.21.17:663][  0]LogPakFile: OnPakFileMounted2Time == 0.000180
[2022.10.08-11.21.17:663][  0]LogPakFile: PakFile PrimaryIndexSize=192
[2022.10.08-11.21.17:664][  0]LogPakFile: PakFile PathHashIndexSize=101
[2022.10.08-11.21.17:664][  0]LogPakFile: PakFile FullDirectoryIndexSize=158
[2022.10.08-11.21.17:664][  0]LogShaderLibrary: Display: ShaderCodeLibraryPakFileMountedCallback: PakFile 'D:/Epic Games/UE_4.27/FeaturePacks/TP_VirtualRealityBP.upack' (chunk index -1, root 'root:/') mounted
[2022.10.08-11.21.17:664][  0]LogShaderLibrary: Display: ShaderCodeLibraryPakFileMountedCallback: pending pak file info (ChunkID:-1 Root:root:/ File:D:/Epic Games/UE_4.27/FeaturePacks/TP_VirtualRealityBP.upack)
[2022.10.08-11.21.17:664][  0]LogPakFile: OnPakFileMounted2Time == 0.000194
[2022.10.08-11.21.17:713][  0]LogNativeClassHierarchy: Verbose: Native class hierarchy updated for 'AddContentDialog' in 0.0003 seconds. Added 0 classes and 0 folders.
[2022.10.08-11.21.17:715][  0]LogNativeClassHierarchy: Verbose: Native class hierarchy updated for 'SceneOutliner' in 0.0003 seconds. Added 2 classes and 0 folders.
[2022.10.08-11.21.17:748][  0]LogSlate: Took 0.000163 seconds to synchronously load lazily loaded font '../../../Engine/Content/Slate/Fonts/Roboto-Regular.ttf' (155K)
[2022.10.08-11.21.17:750][  0]LogSlate: Took 0.000177 seconds to synchronously load lazily loaded font '../../../Engine/Content/Editor/Slate/Fonts/FontAwesome.ttf' (139K)
[2022.10.08-11.21.17:751][  0]LogSlate: Took 0.000170 seconds to synchronously load lazily loaded font '../../../Engine/Content/Slate/Fonts/Roboto-Bold.ttf' (160K)
[2022.10.08-11.21.17:847][  0]LogRenderer: Reallocating scene render targets to support 1208x572 Format 10 NumSamples 1 (Frame:1).
[2022.10.08-11.21.17:923][  0]LogSlate: Took 0.000453 seconds to synchronously load lazily loaded font '../../../Engine/Content/Slate/Fonts/Roboto-Light.ttf' (167K)
[2022.10.08-11.21.17:991][  0]LogNativeClassHierarchy: Verbose: Native class hierarchy updated for 'HierarchicalLODOutliner' in 0.0003 seconds. Added 0 classes and 0 folders.
[2022.10.08-11.21.17:991][  0]LogLoad: (Engine Initialization) Total time: 17.69 seconds
[2022.10.08-11.21.17:992][  0]LogLoad: (Engine Initialization) Total Blueprint compile time: 0.00 seconds
[2022.10.08-11.21.18:071][  0]LogContentStreaming: Texture pool size now 1000 MB
[2022.10.08-11.21.18:093][  1]LogAssetRegistry: Asset discovery search completed in 5.9980 seconds
[2022.10.08-11.21.18:106][  1]LogCollectionManager: Fixed up redirectors for 0 collections in 0.000007 seconds (updated 0 objects)
[2022.10.08-11.21.19:013][ 89]LogSlate: Took 0.000171 seconds to synchronously load lazily loaded font '../../../Engine/Content/Slate/Fonts/Roboto-Light.ttf' (167K)
[2022.10.08-11.21.26:406][888]LogUObjectHash: Compacting FUObjectHashTables data took   0.64ms
[2022.10.08-11.21.26:456][888]LogAssetEditorSubsystem: Opening Asset editor for World /Game/FirstPersonCPP/Maps/FirstPersonExampleMap_2.FirstPersonExampleMap_2
[2022.10.08-11.21.26:457][888]Cmd: MAP LOAD FILE="../../../../../Portfolio/Unreal/FPS_Game/Zombone/Content/FirstPersonCPP/Maps/FirstPersonExampleMap_2.umap" TEMPLATE=0 SHOWPROGRESS=1 FEATURELEVEL=3
[2022.10.08-11.21.26:457][888]LightingResults: New page: Lighting Build
[2022.10.08-11.21.26:457][888]LoadErrors: New page: Loading map: FirstPersonExampleMap_2.umap
[2022.10.08-11.21.26:528][888]LogWorld: UWorld::CleanupWorld for FirstPersonExampleMap, bSessionEnded=true, bCleanupResources=true
[2022.10.08-11.21.26:528][888]LogSlate: InvalidateAllWidgets triggered.  All widgets were invalidated
[2022.10.08-11.21.26:528][888]MapCheck: New page: Map Check
[2022.10.08-11.21.26:529][888]LightingResults: New page: Lighting Build
[2022.10.08-11.21.26:534][888]LogAudio: Display: Audio Device unregistered from world 'None'.
[2022.10.08-11.21.26:538][888]LogUObjectHash: Compacting FUObjectHashTables data took   1.11ms
[2022.10.08-11.21.26:538][888]LogAudio: Display: Audio Device (ID: 1) registered with world 'FirstPersonExampleMap_2'.
[2022.10.08-11.21.26:542][888]LogEditorServer: Finished looking for orphan Actors (0.000 secs)
[2022.10.08-11.21.26:542][888]LogAIModule: Creating AISystem for world FirstPersonExampleMap_2
[2022.10.08-11.21.26:552][888]LogUObjectHash: Compacting FUObjectHashTables data took   1.02ms
[2022.10.08-11.21.26:553][888]Cmd: MAP CHECKDEP NOCLEARLOG
[2022.10.08-11.21.26:554][888]MapCheck: Map check complete: 0 Error(s), 0 Warning(s), took 0,144ms to complete.
[2022.10.08-11.21.26:554][888]LogFileHelpers: Loading map 'FirstPersonExampleMap_2' took 0.097
[2022.10.08-11.21.27:376][975]LogEditorViewport: Clicking on Actor (LMB): StaticMeshActor (Floor)
[2022.10.08-11.21.28:672][111]LogTemp: Repeating last play command: Selected Viewport
[2022.10.08-11.21.28:676][111]LogPlayLevel: PlayLevel: No blueprints needed recompiling
[2022.10.08-11.21.28:676][111]PIE: New page: PIE session: FirstPersonExampleMap_2 (08 Oct 2022, 15:21:28)
[2022.10.08-11.21.28:678][111]LogOnline: OSS: Creating online subsystem instance for: NULL
[2022.10.08-11.21.28:681][111]LogOnline: OSS: TryLoadSubsystemAndSetDefault: Loaded subsystem for module [NULL]
[2022.10.08-11.21.28:681][111]LogPlayLevel: Creating play world package: /Game/FirstPersonCPP/Maps/UEDPIE_0_FirstPersonExampleMap_2
[2022.10.08-11.21.28:698][111]LogPlayLevel: PIE: StaticDuplicateObject took: (0.016720s)
[2022.10.08-11.21.28:699][111]LogAIModule: Creating AISystem for world FirstPersonExampleMap_2
[2022.10.08-11.21.28:700][111]LogPlayLevel: PIE: World Init took: (0.001382s)
[2022.10.08-11.21.28:700][111]LogPlayLevel: PIE: Created PIE world by copying editor world from /Game/FirstPersonCPP/Maps/FirstPersonExampleMap_2.FirstPersonExampleMap_2 to /Game/FirstPersonCPP/Maps/UEDPIE_0_FirstPersonExampleMap_2.FirstPersonExampleMap_2 (0.018548s)
[2022.10.08-11.21.28:707][111]LogUObjectHash: Compacting FUObjectHashTables data took   1.33ms
[2022.10.08-11.21.28:709][111]LogAudio: Display: Creating Audio Device:                 Id: 2, Scope: Unique, Realtime: True
[2022.10.08-11.21.28:709][111]LogAudioMixer: Display: Audio Mixer Platform Settings:
[2022.10.08-11.21.28:709][111]LogAudioMixer: Display: 	Sample Rate:						  48000
[2022.10.08-11.21.28:709][111]LogAudioMixer: Display: 	Callback Buffer Frame Size Requested: 1024
[2022.10.08-11.21.28:709][111]LogAudioMixer: Display: 	Callback Buffer Frame Size To Use:	  1024
[2022.10.08-11.21.28:710][111]LogAudioMixer: Display: 	Number of buffers to queue:			  2
[2022.10.08-11.21.28:710][111]LogAudioMixer: Display: 	Max Channels (voices):				  32
[2022.10.08-11.21.28:710][111]LogAudioMixer: Display: 	Number of Async Source Workers:		  0
[2022.10.08-11.21.28:710][111]LogAudio: Display: AudioDevice MaxSources: 32
[2022.10.08-11.21.28:711][111]LogAudio: Display: Audio Spatialization Plugin: None (built-in).
[2022.10.08-11.21.28:711][111]LogAudio: Display: Audio Reverb Plugin: None (built-in).
[2022.10.08-11.21.28:712][111]LogAudio: Display: Audio Occlusion Plugin: None (built-in).
[2022.10.08-11.21.28:712][111]LogAudioMixer: Display: Initializing audio mixer.
[2022.10.08-11.21.28:720][111]LogAudioMixer: Display: 0: FrontLeft
[2022.10.08-11.21.28:721][111]LogAudioMixer: Display: 1: FrontRight
[2022.10.08-11.21.28:733][111]LogAudioMixer: Display: Using Audio Device Luidsprekers (Sennheiser Main Audio)
[2022.10.08-11.21.28:733][111]LogAudioMixer: Display: Initializing Sound Submixes...
[2022.10.08-11.21.28:733][111]LogAudioMixer: Display: Creating Master Submix 'MasterSubmixDefault'
[2022.10.08-11.21.28:733][111]LogAudioMixer: Display: Creating Master Submix 'MasterReverbSubmixDefault'
[2022.10.08-11.21.28:734][111]LogAudioMixer: Display: Creating Master Submix 'MasterEQSubmixDefault'
[2022.10.08-11.21.28:734][111]LogAudioMixer: FMixerPlatformXAudio2::StartAudioStream() called
[2022.10.08-11.21.28:734][111]LogAudioMixer: Display: Output buffers initialized: Frames=1024, Channels=2, Samples=2048
[2022.10.08-11.21.28:737][111]LogAudioMixer: Display: Starting AudioMixerPlatformInterface::RunInternal()
[2022.10.08-11.21.28:737][111]LogAudioMixer: Display: FMixerPlatformXAudio2::SubmitBuffer() called for the first time
[2022.10.08-11.21.28:738][111]LogInit: FAudioDevice initialized.
[2022.10.08-11.21.28:738][111]LogAudio: Display: Audio Device (ID: 2) registered with world 'FirstPersonExampleMap_2'.
[2022.10.08-11.21.28:755][111]LogLoad: Game class is 'ZomboneGameMode'
[2022.10.08-11.21.28:757][111]LogWorld: Bringing World /Game/FirstPersonCPP/Maps/UEDPIE_0_FirstPersonExampleMap_2.FirstPersonExampleMap_2 up for play (max tick rate 0) at 2022.10.08-13.21.28
[2022.10.08-11.21.28:757][111]LogWorld: Bringing up level for play took: 0.001268
[2022.10.08-11.21.28:757][111]LogOnline: OSS: Creating online subsystem instance for: :Context_3
[2022.10.08-11.21.28:762][111]LogNativeClassHierarchy: Verbose: Native class hierarchy updated for 'MovieSceneCapture' in 0.0004 seconds. Added 20 classes and 0 folders.
[2022.10.08-11.21.28:764][111]PIE: Server logged in
[2022.10.08-11.21.28:766][111]PIE: Play in editor total start time 0,092 seconds.
[2022.10.08-11.21.42:696][306]LogAudioMixer: Resetting audio stream to device id 
[2022.10.08-11.21.42:707][306]LogAudioMixer: Display: 0: FrontLeft
[2022.10.08-11.21.42:707][306]LogAudioMixer: Display: 1: FrontRight
[2022.10.08-11.21.42:748][306]LogAudioMixer: Resetting audio stream to device id 
[2022.10.08-11.21.42:762][306]LogAudioMixer: Display: 0: FrontLeft
[2022.10.08-11.21.42:763][306]LogAudioMixer: Display: 1: FrontRight
[2022.10.08-11.21.49:987][ 72]LogSlate: Updating window title bar state: overlay mode, drag disabled, window buttons hidden, title bar hidden
[2022.10.08-11.21.49:988][ 72]LogWorld: BeginTearingDown for /Game/FirstPersonCPP/Maps/UEDPIE_0_FirstPersonExampleMap_2
[2022.10.08-11.21.49:988][ 72]LogWorld: UWorld::CleanupWorld for FirstPersonExampleMap_2, bSessionEnded=true, bCleanupResources=true
[2022.10.08-11.21.49:989][ 72]LogSlate: InvalidateAllWidgets triggered.  All widgets were invalidated
[2022.10.08-11.21.50:008][ 72]LogPlayLevel: Display: Shutting down PIE online subsystems
[2022.10.08-11.21.50:032][ 72]LogSlate: InvalidateAllWidgets triggered.  All widgets were invalidated
[2022.10.08-11.21.50:041][ 72]LogSlate: Updating window title bar state: overlay mode, drag disabled, window buttons hidden, title bar hidden
[2022.10.08-11.21.50:041][ 72]LogAudioMixer: FMixerPlatformXAudio2::StopAudioStream() called
[2022.10.08-11.21.50:044][ 72]LogAudioMixer: FMixerPlatformXAudio2::StopAudioStream() called
[2022.10.08-11.21.50:052][ 72]LogUObjectHash: Compacting FUObjectHashTables data took   0.69ms
[2022.10.08-11.21.50:088][ 73]LogPlayLevel: Display: Destroying online subsystem :Context_3
