Log file open, 09/14/23 16:16:40
LogWindows: Failed to load 'aqProf.dll' (GetLastError=126)
LogWindows: File 'aqProf.dll' does not exist
LogWindows: Failed to load 'VtuneApi.dll' (GetLastError=126)
LogWindows: File 'VtuneApi.dll' does not exist
LogWindows: Failed to load 'VtuneApi32e.dll' (GetLastError=126)
LogWindows: File 'VtuneApi32e.dll' does not exist
LogConsoleResponse: Display: Failed to find resolution value strings in scalability ini. Falling back to default.
LogConsoleResponse: Display: Failed to find resolution value strings in scalability ini. Falling back to default.
LogInit: Display: Running engine for game: Zombone
LogPlatformFile: Not using cached read wrapper
LogTaskGraph: Started task graph with 5 named threads and 35 total threads with 3 sets of task threads.
LogStats: Stats thread started at 0.650399
LogICUInternationalization: ICU TimeZone Detection - Raw Offset: +1:00, Platform Override: ''
LogInit: Display: Loading text-based GConfig....
LogPluginManager: Mounting plugin MeshPainting
LogPluginManager: Mounting plugin XGEController
LogPluginManager: Mounting plugin AISupport
LogPluginManager: Mounting plugin Paper2D
LogPluginManager: Mounting plugin EnvironmentQueryEditor
LogPluginManager: Mounting plugin CameraShakePreviewer
LogPluginManager: Mounting plugin LightPropagationVolume
LogPluginManager: Mounting plugin GameplayCameras
LogPluginManager: Mounting plugin OodleData
LogPluginManager: Mounting plugin OodleNetwork
LogPluginManager: Mounting plugin DatasmithContent
LogPluginManager: Mounting plugin LiveLink
LogPluginManager: Mounting plugin Niagara
LogPluginManager: Mounting plugin AssetManagerEditor
LogPluginManager: Mounting plugin AnimationSharing
LogPluginManager: Mounting plugin VariantManagerContent
LogPluginManager: Mounting plugin CurveEditorTools
LogPluginManager: Mounting plugin CryptoKeys
LogPluginManager: Mounting plugin CLionSourceCodeAccess
LogPluginManager: Mounting plugin DataValidation
LogPluginManager: Mounting plugin FacialAnimation
LogPluginManager: Mounting plugin GameplayTagsEditor
LogPluginManager: Mounting plugin GeometryMode
LogPluginManager: Mounting plugin MacGraphicsSwitching
LogPluginManager: Mounting plugin MaterialAnalyzer
LogPluginManager: Mounting plugin MobileLauncherProfileWizard
LogPluginManager: Mounting plugin PluginBrowser
LogPluginManager: Mounting plugin CodeLiteSourceCodeAccess
LogPluginManager: Mounting plugin GitSourceControl
LogPluginManager: Mounting plugin KDevelopSourceCodeAccess
LogPluginManager: Mounting plugin NullSourceCodeAccess
LogPluginManager: Mounting plugin PerforceSourceControl
LogPluginManager: Mounting plugin PixWinPlugin
LogPluginManager: Mounting plugin PlasticSourceControl
LogPluginManager: Mounting plugin PluginUtils
LogPluginManager: Mounting plugin PropertyAccessNode
LogPluginManager: Mounting plugin RiderSourceCodeAccess
LogPluginManager: Mounting plugin SubversionSourceControl
LogPluginManager: Mounting plugin TextureFormatOodle
LogPluginManager: Mounting plugin UObjectPlugin
LogPluginManager: Mounting plugin VisualStudioCodeSourceCodeAccess
LogPluginManager: Mounting plugin VisualStudioSourceCodeAccess
LogPluginManager: Mounting plugin XCodeSourceCodeAccess
LogPluginManager: Mounting plugin LuminPlatformFeatures
LogPluginManager: Mounting plugin AlembicImporter
LogPluginManager: Mounting plugin MagicLeap
LogPluginManager: Mounting plugin AndroidMedia
LogPluginManager: Mounting plugin AutomationUtils
LogPluginManager: Mounting plugin AvfMedia
LogPluginManager: Mounting plugin BackChannel
LogPluginManager: Mounting plugin SpeedTreeImporter
LogPluginManager: Mounting plugin ChaosCloth
LogPluginManager: Mounting plugin ChaosClothEditor
LogPluginManager: Mounting plugin ChaosEditor
LogPluginManager: Mounting plugin ChaosSolverPlugin
LogPluginManager: Mounting plugin ImgMedia
LogPluginManager: Mounting plugin CharacterAI
LogPluginManager: Mounting plugin ChaosNiagara
LogPluginManager: Mounting plugin MediaCompositing
LogPluginManager: Mounting plugin MediaPlayerEditor
LogPluginManager: Mounting plugin GeometryCache
LogPluginManager: Mounting plugin WebMMedia
LogPluginManager: Mounting plugin WmfMedia
LogPluginManager: Mounting plugin GeometryCollectionPlugin
LogPluginManager: Mounting plugin MagicLeapMedia
LogPluginManager: Mounting plugin MagicLeapLightEstimation
LogPluginManager: Mounting plugin MagicLeapPassableWorld
LogPluginManager: Mounting plugin MLSDK
LogPluginManager: Mounting plugin GeometryProcessing
LogPluginManager: Mounting plugin MotoSynth
LogPluginManager: Mounting plugin OpenImageDenoise
LogPluginManager: Mounting plugin PlanarCut
LogPluginManager: Mounting plugin PlatformCrypto
LogPluginManager: Mounting plugin ProxyLODPlugin
LogPluginManager: Mounting plugin PythonScriptPlugin
LogPluginManager: Mounting plugin SkeletalReduction
LogPluginManager: Mounting plugin TcpMessaging
LogPluginManager: Mounting plugin ActorSequence
LogPluginManager: Mounting plugin UdpMessaging
LogPluginManager: Mounting plugin LevelSequenceEditor
LogPluginManager: Mounting plugin MatineeToLevelSequence
LogPluginManager: Mounting plugin TemplateSequence
LogPluginManager: Mounting plugin OnlineSubsystem
LogPluginManager: Mounting plugin OnlineSubsystemNull
LogPluginManager: Mounting plugin OnlineSubsystemUtils
LogPluginManager: Mounting plugin LauncherChunkInstaller
LogPluginManager: Mounting plugin ActorLayerUtilities
LogPluginManager: Mounting plugin AndroidMoviePlayer
LogPluginManager: Mounting plugin AndroidDeviceProfileSelector
LogPluginManager: Mounting plugin AndroidPermission
LogPluginManager: Mounting plugin AppleMoviePlayer
LogPluginManager: Mounting plugin ArchVisCharacter
LogPluginManager: Mounting plugin AppleImageUtils
LogPluginManager: Mounting plugin AudioCapture
LogPluginManager: Mounting plugin AssetTags
LogPluginManager: Mounting plugin AudioSynesthesia
LogPluginManager: Mounting plugin CableComponent
LogPluginManager: Mounting plugin EditableMesh
LogPluginManager: Mounting plugin ChunkDownloader
LogPluginManager: Mounting plugin ExampleDeviceProfileSelector
LogPluginManager: Mounting plugin GoogleCloudMessaging
LogPluginManager: Mounting plugin CustomMeshComponent
LogPluginManager: Mounting plugin GooglePAD
LogPluginManager: Mounting plugin IOSDeviceProfileSelector
LogPluginManager: Mounting plugin LinuxDeviceProfileSelector
LogPluginManager: Mounting plugin LocationServicesBPLibrary
LogPluginManager: Mounting plugin MobilePatchingUtils
LogPluginManager: Mounting plugin OpenXR
LogPluginManager: Mounting plugin OpenXRHandTracking
LogPluginManager: Mounting plugin OpenXREyeTracker
LogPluginManager: Mounting plugin PhysXVehicles
LogPluginManager: Mounting plugin ScreenshotTools
LogPluginManager: Mounting plugin PostSplashScreen
LogPluginManager: Mounting plugin PropertyAccessEditor
LogPluginManager: Mounting plugin ProceduralMeshComponent
LogPluginManager: Mounting plugin RuntimePhysXCooking
LogPluginManager: Mounting plugin SignificanceManager
LogPluginManager: Mounting plugin SoundFields
LogPluginManager: Mounting plugin Synthesis
LogPluginManager: Mounting plugin WebMMoviePlayer
LogPluginManager: Mounting plugin WindowsMoviePlayer
LogPluginManager: Mounting plugin Takes
LogPluginManager: Mounting plugin ContentBrowserAssetDataSource
LogPluginManager: Mounting plugin ContentBrowserClassDataSource
LogPluginManager: Mounting plugin ContentBrowserFileDataSource
LogPluginManager: Mounting plugin OnlineSubsystemGooglePlay
LogPluginManager: Mounting plugin OnlineSubsystemIOS
LogPluginManager: Mounting plugin OculusVR
LogPluginManager: Mounting plugin SteamVR
PixWinPlugin: PIX capture plugin failed to initialize! Check that the process is launched from PIX.
LogInit: Using libcurl 7.55.1-DEV
LogInit:  - built for x86_64-pc-win32
LogInit:  - supports SSL with OpenSSL/1.1.1
LogInit:  - supports HTTP deflate (compression) using libz 1.2.8
LogInit:  - other features:
LogInit:      CURL_VERSION_SSL
LogInit:      CURL_VERSION_LIBZ
LogInit:      CURL_VERSION_IPV6
LogInit:      CURL_VERSION_ASYNCHDNS
LogInit:      CURL_VERSION_LARGEFILE
LogInit:      CURL_VERSION_IDN
LogInit:  CurlRequestOptions (configurable via config and command line):
LogInit:  - bVerifyPeer = true  - Libcurl will verify peer certificate
LogInit:  - bUseHttpProxy = false  - Libcurl will NOT use HTTP proxy
LogInit:  - bDontReuseConnections = false  - Libcurl will reuse connections
LogInit:  - MaxHostConnections = 16  - Libcurl will limit the number of connections to a host
LogInit:  - LocalHostAddr = Default
LogInit:  - BufferSize = 65536
LogOnline: OSS: Creating online subsystem instance for: NULL
LogInit: WinSock: version 1.1 (2.2), MaxSocks=32767, MaxUdp=65467
LogOnline: OSS: TryLoadSubsystemAndSetDefault: Loaded subsystem for module [NULL]
LogOculusPluginWrapper: OculusPlugin initialized successfully
LogHMD: Failed initializing OVRPlugin 1.59.0
LogInit: Build: ++UE4+Release-4.27-CL-18319896
LogInit: Engine Version: 4.27.2-18319896+++UE4+Release-4.27
LogInit: Compatible Engine Version: 4.27.0-17155196+++UE4+Release-4.27
LogInit: Net CL: 17155196
LogInit: OS: Windows 10 (Release 2009) (), CPU: Intel(R) Core(TM) i7-7800X CPU @ 3.50GHz, GPU: NVIDIA GeForce GTX 1060 6GB
LogInit: Compiled (64-bit): Nov 30 2021 07:12:08
LogInit: Compiled with Visual C++: 19.24.28315.00
LogInit: Build Configuration: Development
LogInit: Branch Name: ++UE4+Release-4.27
LogInit: Command Line:  -skipcompile
LogInit: Base Directory: D:/Epic Games/UE_4.27/Engine/Binaries/Win64/
LogInit: Allocator: TBB
LogInit: Installed Engine Build: 1
LogDevObjectVersion: Number of dev versions registered: 29
LogDevObjectVersion:   Dev-Blueprints (B0D832E4-1F89-4F0D-ACCF-7EB736FD4AA2): 10
LogDevObjectVersion:   Dev-Build (E1C64328-A22C-4D53-A36C-8E866417BD8C): 0
LogDevObjectVersion:   Dev-Core (375EC13C-06E4-48FB-B500-84F0262A717E): 4
LogDevObjectVersion:   Dev-Editor (E4B068ED-F494-42E9-A231-DA0B2E46BB41): 40
LogDevObjectVersion:   Dev-Framework (CFFC743F-43B0-4480-9391-14DF171D2073): 37
LogDevObjectVersion:   Dev-Mobile (B02B49B5-BB20-44E9-A304-32B752E40360): 3
LogDevObjectVersion:   Dev-Networking (A4E4105C-59A1-49B5-A7C5-40C4547EDFEE): 0
LogDevObjectVersion:   Dev-Online (39C831C9-5AE6-47DC-9A44-9C173E1C8E7C): 0
LogDevObjectVersion:   Dev-Physics (78F01B33-EBEA-4F98-B9B4-84EACCB95AA2): 14
LogDevObjectVersion:   Dev-Platform (6631380F-2D4D-43E0-8009-CF276956A95A): 0
LogDevObjectVersion:   Dev-Rendering (12F88B9F-8875-4AFC-A67C-D90C383ABD29): 45
LogDevObjectVersion:   Dev-Sequencer (7B5AE74C-D270-4C10-A958-57980B212A5A): 13
LogDevObjectVersion:   Dev-VR (D7296918-1DD6-4BDD-9DE2-64A83CC13884): 3
LogDevObjectVersion:   Dev-LoadTimes (C2A15278-BFE7-4AFE-6C17-90FF531DF755): 1
LogDevObjectVersion:   Private-Geometry (6EACA3D4-40EC-4CC1-B786-8BED09428FC5): 3
LogDevObjectVersion:   Dev-AnimPhys (29E575DD-E0A3-4627-9D10-D276232CDCEA): 17
LogDevObjectVersion:   Dev-Anim (AF43A65D-7FD3-4947-9873-3E8ED9C1BB05): 15
LogDevObjectVersion:   Dev-ReflectionCapture (6B266CEC-1EC7-4B8F-A30B-E4D90942FC07): 1
LogDevObjectVersion:   Dev-Automation (0DF73D61-A23F-47EA-B727-89E90C41499A): 1
LogDevObjectVersion:   FortniteMain (601D1886-AC64-4F84-AA16-D3DE0DEAC7D6): 47
LogDevObjectVersion:   FortniteRelease (E7086368-6B23-4C58-8439-1B7016265E91): 1
LogDevObjectVersion:   Dev-Enterprise (9DFFBCD6-494F-0158-E221-12823C92A888): 10
LogDevObjectVersion:   Dev-Niagara (F2AED0AC-9AFE-416F-8664-AA7FFA26D6FC): 1
LogDevObjectVersion:   Dev-Destruction (174F1F0B-B4C6-45A5-B13F-2EE8D0FB917D): 10
LogDevObjectVersion:   Dev-Physics-Ext (35F94A83-E258-406C-A318-09F59610247C): 41
LogDevObjectVersion:   Dev-PhysicsMaterial-Chaos (B68FC16E-8B1B-42E2-B453-215C058844FE): 1
LogDevObjectVersion:   Dev-CineCamera (B2E18506-4273-CFC2-A54E-F4BB758BBA07): 1
LogDevObjectVersion:   Dev-VirtualProduction (64F58936-FD1B-42BA-BA96-7289D5D0FA4E): 1
LogDevObjectVersion:   Dev-MediaFramework (6F0ED827-A609-4895-9C91-998D90180EA4): 2
LogInit: Presizing for max 25165824 objects, including 0 objects not considered by GC, pre-allocating 0 bytes for permanent pool.
LogConfig: Applying CVar settings from Section [/Script/Engine.StreamingSettings] File [E:/Portfolio/Unreal/FPS_Game/Zombone/Saved/Config/Windows/Engine.ini]
LogConfig: Setting CVar [[s.MinBulkDataSizeForAsyncLoading:131072]]
LogConfig: Setting CVar [[s.AsyncLoadingThreadEnabled:0]]
LogConfig: Setting CVar [[s.EventDrivenLoaderEnabled:1]]
LogConfig: Setting CVar [[s.WarnIfTimeLimitExceeded:0]]
LogConfig: Setting CVar [[s.TimeLimitExceededMultiplier:1.5]]
LogConfig: Setting CVar [[s.TimeLimitExceededMinTime:0.005]]
LogConfig: Setting CVar [[s.UseBackgroundLevelStreaming:1]]
LogConfig: Setting CVar [[s.PriorityAsyncLoadingExtraTime:15.0]]
LogConfig: Setting CVar [[s.LevelStreamingActorsUpdateTimeLimit:5.0]]
LogConfig: Setting CVar [[s.PriorityLevelStreamingActorsUpdateExtraTime:5.0]]
LogConfig: Setting CVar [[s.LevelStreamingComponentsRegistrationGranularity:10]]
LogConfig: Setting CVar [[s.UnregisterComponentsTimeLimit:1.0]]
LogConfig: Setting CVar [[s.LevelStreamingComponentsUnregistrationGranularity:5]]
LogConfig: Setting CVar [[s.FlushStreamingOnExit:1]]
LogInit: Object subsystem initialized
LogConfig: Setting CVar [[con.DebugEarlyDefault:1]]
LogConfig: Setting CVar [[r.setres:1280x720]]
[2023.09.14-14.16.45:452][  0]LogConfig: Setting CVar [[r.VSync:0]]
[2023.09.14-14.16.45:452][  0]LogConfig: Setting CVar [[r.RHICmdBypass:0]]
[2023.09.14-14.16.45:452][  0]LogConfig: Applying CVar settings from Section [/Script/Engine.RendererSettings] File [E:/Portfolio/Unreal/FPS_Game/Zombone/Saved/Config/Windows/Engine.ini]
[2023.09.14-14.16.45:452][  0]LogConfig: Setting CVar [[r.GPUCrashDebugging:0]]
[2023.09.14-14.16.45:452][  0]LogConfig: Applying CVar settings from Section [/Script/Engine.RendererOverrideSettings] File [E:/Portfolio/Unreal/FPS_Game/Zombone/Saved/Config/Windows/Engine.ini]
[2023.09.14-14.16.45:452][  0]LogConfig: Applying CVar settings from Section [/Script/Engine.StreamingSettings] File [E:/Portfolio/Unreal/FPS_Game/Zombone/Saved/Config/Windows/Engine.ini]
[2023.09.14-14.16.45:452][  0]LogConfig: Setting CVar [[s.MinBulkDataSizeForAsyncLoading:131072]]
[2023.09.14-14.16.45:452][  0]LogConfig: Setting CVar [[s.AsyncLoadingThreadEnabled:0]]
[2023.09.14-14.16.45:452][  0]LogConfig: Setting CVar [[s.EventDrivenLoaderEnabled:1]]
[2023.09.14-14.16.45:452][  0]LogConfig: Setting CVar [[s.WarnIfTimeLimitExceeded:0]]
[2023.09.14-14.16.45:453][  0]LogConfig: Setting CVar [[s.TimeLimitExceededMultiplier:1.5]]
[2023.09.14-14.16.45:453][  0]LogConfig: Setting CVar [[s.TimeLimitExceededMinTime:0.005]]
[2023.09.14-14.16.45:453][  0]LogConfig: Setting CVar [[s.UseBackgroundLevelStreaming:1]]
[2023.09.14-14.16.45:453][  0]LogConfig: Setting CVar [[s.PriorityAsyncLoadingExtraTime:15.0]]
[2023.09.14-14.16.45:453][  0]LogConfig: Setting CVar [[s.LevelStreamingActorsUpdateTimeLimit:5.0]]
[2023.09.14-14.16.45:453][  0]LogConfig: Setting CVar [[s.PriorityLevelStreamingActorsUpdateExtraTime:5.0]]
[2023.09.14-14.16.45:453][  0]LogConfig: Setting CVar [[s.LevelStreamingComponentsRegistrationGranularity:10]]
[2023.09.14-14.16.45:453][  0]LogConfig: Setting CVar [[s.UnregisterComponentsTimeLimit:1.0]]
[2023.09.14-14.16.45:453][  0]LogConfig: Setting CVar [[s.LevelStreamingComponentsUnregistrationGranularity:5]]
[2023.09.14-14.16.45:453][  0]LogConfig: Setting CVar [[s.FlushStreamingOnExit:1]]
[2023.09.14-14.16.45:453][  0]LogConfig: Applying CVar settings from Section [/Script/Engine.GarbageCollectionSettings] File [E:/Portfolio/Unreal/FPS_Game/Zombone/Saved/Config/Windows/Engine.ini]
[2023.09.14-14.16.45:453][  0]LogConfig: Setting CVar [[gc.MaxObjectsNotConsideredByGC:1]]
[2023.09.14-14.16.45:453][  0]LogConfig: Setting CVar [[gc.SizeOfPermanentObjectPool:0]]
[2023.09.14-14.16.45:453][  0]LogConfig: Setting CVar [[gc.FlushStreamingOnGC:0]]
[2023.09.14-14.16.45:453][  0]LogConfig: Setting CVar [[gc.NumRetriesBeforeForcingGC:10]]
[2023.09.14-14.16.45:454][  0]LogConfig: Setting CVar [[gc.AllowParallelGC:1]]
[2023.09.14-14.16.45:454][  0]LogConfig: Setting CVar [[gc.TimeBetweenPurgingPendingKillObjects:61.1]]
[2023.09.14-14.16.45:454][  0]LogConfig: Setting CVar [[gc.MaxObjectsInEditor:25165824]]
[2023.09.14-14.16.45:454][  0]LogConfig: Setting CVar [[gc.IncrementalBeginDestroyEnabled:1]]
[2023.09.14-14.16.45:454][  0]LogConfig: Setting CVar [[gc.CreateGCClusters:1]]
[2023.09.14-14.16.45:454][  0]LogConfig: Setting CVar [[gc.MinGCClusterSize:5]]
[2023.09.14-14.16.45:454][  0]LogConfig: Setting CVar [[gc.ActorClusteringEnabled:0]]
[2023.09.14-14.16.45:454][  0]LogConfig: Setting CVar [[gc.BlueprintClusteringEnabled:0]]
[2023.09.14-14.16.45:454][  0]LogConfig: Setting CVar [[gc.UseDisregardForGCOnDedicatedServers:0]]
[2023.09.14-14.16.45:454][  0]LogConfig: Setting CVar [[gc.MultithreadedDestructionEnabled:1]]
[2023.09.14-14.16.45:454][  0]LogConfig: Applying CVar settings from Section [/Script/Engine.NetworkSettings] File [E:/Portfolio/Unreal/FPS_Game/Zombone/Saved/Config/Windows/Engine.ini]
[2023.09.14-14.16.45:454][  0]LogConfig: Applying CVar settings from Section [/Script/UnrealEd.CookerSettings] File [E:/Portfolio/Unreal/FPS_Game/Zombone/Saved/Config/Windows/Engine.ini]
[2023.09.14-14.16.45:470][  0]LogConfig: Applying CVar settings from Section [ViewDistanceQuality@3] File [E:/Portfolio/Unreal/FPS_Game/Zombone/Saved/Config/Windows/Scalability.ini]
[2023.09.14-14.16.45:470][  0]LogConfig: Setting CVar [[r.SkeletalMeshLODBias:0]]
[2023.09.14-14.16.45:470][  0]LogConfig: Setting CVar [[r.ViewDistanceScale:1.0]]
[2023.09.14-14.16.45:470][  0]LogConfig: Applying CVar settings from Section [AntiAliasingQuality@3] File [E:/Portfolio/Unreal/FPS_Game/Zombone/Saved/Config/Windows/Scalability.ini]
[2023.09.14-14.16.45:470][  0]LogConfig: Setting CVar [[r.PostProcessAAQuality:4]]
[2023.09.14-14.16.45:471][  0]LogConfig: Applying CVar settings from Section [ShadowQuality@3] File [E:/Portfolio/Unreal/FPS_Game/Zombone/Saved/Config/Windows/Scalability.ini]
[2023.09.14-14.16.45:471][  0]LogConfig: Setting CVar [[r.LightFunctionQuality:1]]
[2023.09.14-14.16.45:471][  0]LogConfig: Setting CVar [[r.ShadowQuality:5]]
[2023.09.14-14.16.45:471][  0]LogConfig: Setting CVar [[r.Shadow.CSM.MaxCascades:10]]
[2023.09.14-14.16.45:471][  0]LogConfig: Setting CVar [[r.Shadow.MaxResolution:2048]]
[2023.09.14-14.16.45:471][  0]LogConfig: Setting CVar [[r.Shadow.MaxCSMResolution:2048]]
[2023.09.14-14.16.45:471][  0]LogConfig: Setting CVar [[r.Shadow.RadiusThreshold:0.01]]
[2023.09.14-14.16.45:471][  0]LogConfig: Setting CVar [[r.Shadow.DistanceScale:1.0]]
[2023.09.14-14.16.45:471][  0]LogConfig: Setting CVar [[r.Shadow.CSM.TransitionScale:1.0]]
[2023.09.14-14.16.45:471][  0]LogConfig: Setting CVar [[r.Shadow.PreShadowResolutionFactor:1.0]]
[2023.09.14-14.16.45:471][  0]LogConfig: Setting CVar [[r.DistanceFieldShadowing:1]]
[2023.09.14-14.16.45:471][  0]LogConfig: Setting CVar [[r.DistanceFieldAO:1]]
[2023.09.14-14.16.45:471][  0]LogConfig: Setting CVar [[r.AOQuality:2]]
[2023.09.14-14.16.45:472][  0]LogConfig: Setting CVar [[r.VolumetricFog:1]]
[2023.09.14-14.16.45:472][  0]LogConfig: Setting CVar [[r.VolumetricFog.GridPixelSize:8]]
[2023.09.14-14.16.45:472][  0]LogConfig: Setting CVar [[r.VolumetricFog.GridSizeZ:128]]
[2023.09.14-14.16.45:472][  0]LogConfig: Setting CVar [[r.VolumetricFog.HistoryMissSupersampleCount:4]]
[2023.09.14-14.16.45:472][  0]LogConfig: Setting CVar [[r.LightMaxDrawDistanceScale:1]]
[2023.09.14-14.16.45:472][  0]LogConfig: Setting CVar [[r.CapsuleShadows:1]]
[2023.09.14-14.16.45:472][  0]LogConfig: Applying CVar settings from Section [PostProcessQuality@3] File [E:/Portfolio/Unreal/FPS_Game/Zombone/Saved/Config/Windows/Scalability.ini]
[2023.09.14-14.16.45:472][  0]LogConfig: Setting CVar [[r.MotionBlurQuality:4]]
[2023.09.14-14.16.45:472][  0]LogConfig: Setting CVar [[r.AmbientOcclusionMipLevelFactor:0.4]]
[2023.09.14-14.16.45:472][  0]LogConfig: Setting CVar [[r.AmbientOcclusionMaxQuality:100]]
[2023.09.14-14.16.45:472][  0]LogConfig: Setting CVar [[r.AmbientOcclusionLevels:-1]]
[2023.09.14-14.16.45:472][  0]LogConfig: Setting CVar [[r.AmbientOcclusionRadiusScale:1.0]]
[2023.09.14-14.16.45:472][  0]LogConfig: Setting CVar [[r.DepthOfFieldQuality:2]]
[2023.09.14-14.16.45:472][  0]LogConfig: Setting CVar [[r.RenderTargetPoolMin:400]]
[2023.09.14-14.16.45:472][  0]LogConfig: Setting CVar [[r.LensFlareQuality:2]]
[2023.09.14-14.16.45:472][  0]LogConfig: Setting CVar [[r.SceneColorFringeQuality:1]]
[2023.09.14-14.16.45:472][  0]LogConfig: Setting CVar [[r.EyeAdaptationQuality:2]]
[2023.09.14-14.16.45:473][  0]LogConfig: Setting CVar [[r.BloomQuality:5]]
[2023.09.14-14.16.45:473][  0]LogConfig: Setting CVar [[r.FastBlurThreshold:100]]
[2023.09.14-14.16.45:473][  0]LogConfig: Setting CVar [[r.Upscale.Quality:3]]
[2023.09.14-14.16.45:473][  0]LogConfig: Setting CVar [[r.Tonemapper.GrainQuantization:1]]
[2023.09.14-14.16.45:473][  0]LogConfig: Setting CVar [[r.LightShaftQuality:1]]
[2023.09.14-14.16.45:473][  0]LogConfig: Setting CVar [[r.Filter.SizeScale:1]]
[2023.09.14-14.16.45:473][  0]LogConfig: Setting CVar [[r.Tonemapper.Quality:5]]
[2023.09.14-14.16.45:473][  0]LogConfig: Setting CVar [[r.DOF.Gather.AccumulatorQuality:1        ; higher gathering accumulator quality]]
[2023.09.14-14.16.45:473][  0]LogConfig: Setting CVar [[r.DOF.Gather.PostfilterMethod:1          ; Median3x3 postfilering method]]
[2023.09.14-14.16.45:473][  0]LogConfig: Setting CVar [[r.DOF.Gather.EnableBokehSettings:0       ; no bokeh simulation when gathering]]
[2023.09.14-14.16.45:473][  0]LogConfig: Setting CVar [[r.DOF.Gather.RingCount:4                 ; medium number of samples when gathering]]
[2023.09.14-14.16.45:473][  0]LogConfig: Setting CVar [[r.DOF.Scatter.ForegroundCompositing:1    ; additive foreground scattering]]
[2023.09.14-14.16.45:473][  0]LogConfig: Setting CVar [[r.DOF.Scatter.BackgroundCompositing:2    ; additive background scattering]]
[2023.09.14-14.16.45:474][  0]LogConfig: Setting CVar [[r.DOF.Scatter.EnableBokehSettings:1      ; bokeh simulation when scattering]]
[2023.09.14-14.16.45:474][  0]LogConfig: Setting CVar [[r.DOF.Scatter.MaxSpriteRatio:0.1         ; only a maximum of 10% of scattered bokeh]]
[2023.09.14-14.16.45:474][  0]LogConfig: Setting CVar [[r.DOF.Recombine.Quality:1                ; cheap slight out of focus]]
[2023.09.14-14.16.45:474][  0]LogConfig: Setting CVar [[r.DOF.Recombine.EnableBokehSettings:0    ; no bokeh simulation on slight out of focus]]
[2023.09.14-14.16.45:474][  0]LogConfig: Setting CVar [[r.DOF.TemporalAAQuality:1                ; more stable temporal accumulation]]
[2023.09.14-14.16.45:474][  0]LogConfig: Setting CVar [[r.DOF.Kernel.MaxForegroundRadius:0.025]]
[2023.09.14-14.16.45:474][  0]LogConfig: Setting CVar [[r.DOF.Kernel.MaxBackgroundRadius:0.025]]
[2023.09.14-14.16.45:474][  0]LogConfig: Applying CVar settings from Section [TextureQuality@3] File [E:/Portfolio/Unreal/FPS_Game/Zombone/Saved/Config/Windows/Scalability.ini]
[2023.09.14-14.16.45:474][  0]LogConfig: Setting CVar [[r.Streaming.MipBias:0]]
[2023.09.14-14.16.45:474][  0]LogConfig: Setting CVar [[r.Streaming.AmortizeCPUToGPUCopy:0]]
[2023.09.14-14.16.45:474][  0]LogConfig: Setting CVar [[r.Streaming.MaxNumTexturesToStreamPerFrame:0]]
[2023.09.14-14.16.45:474][  0]LogConfig: Setting CVar [[r.Streaming.Boost:1]]
[2023.09.14-14.16.45:474][  0]LogConfig: Setting CVar [[r.MaxAnisotropy:8]]
[2023.09.14-14.16.45:474][  0]LogConfig: Setting CVar [[r.VT.MaxAnisotropy:8]]
[2023.09.14-14.16.45:474][  0]LogConfig: Setting CVar [[r.Streaming.LimitPoolSizeToVRAM:0]]
[2023.09.14-14.16.45:475][  0]LogConfig: Setting CVar [[r.Streaming.PoolSize:1000]]
[2023.09.14-14.16.45:475][  0]LogConfig: Setting CVar [[r.Streaming.MaxEffectiveScreenSize:0]]
[2023.09.14-14.16.45:475][  0]LogConfig: Applying CVar settings from Section [EffectsQuality@3] File [E:/Portfolio/Unreal/FPS_Game/Zombone/Saved/Config/Windows/Scalability.ini]
[2023.09.14-14.16.45:475][  0]LogConfig: Setting CVar [[r.TranslucencyLightingVolumeDim:64]]
[2023.09.14-14.16.45:475][  0]LogConfig: Setting CVar [[r.RefractionQuality:2]]
[2023.09.14-14.16.45:475][  0]LogConfig: Setting CVar [[r.SSR.Quality:3]]
[2023.09.14-14.16.45:475][  0]LogConfig: Setting CVar [[r.SSR.HalfResSceneColor:0]]
[2023.09.14-14.16.45:475][  0]LogConfig: Setting CVar [[r.SceneColorFormat:4]]
[2023.09.14-14.16.45:475][  0]LogConfig: Setting CVar [[r.DetailMode:2]]
[2023.09.14-14.16.45:475][  0]LogConfig: Setting CVar [[r.TranslucencyVolumeBlur:1]]
[2023.09.14-14.16.45:475][  0]LogConfig: Setting CVar [[r.MaterialQualityLevel:1 ; High quality]]
[2023.09.14-14.16.45:475][  0]LogConfig: Setting CVar [[r.AnisotropicMaterials:1]]
[2023.09.14-14.16.45:475][  0]LogConfig: Setting CVar [[r.SSS.Scale:1]]
[2023.09.14-14.16.45:475][  0]LogConfig: Setting CVar [[r.SSS.SampleSet:2]]
[2023.09.14-14.16.45:475][  0]LogConfig: Setting CVar [[r.SSS.Quality:1]]
[2023.09.14-14.16.45:475][  0]LogConfig: Setting CVar [[r.SSS.HalfRes:0]]
[2023.09.14-14.16.45:476][  0]LogConfig: Setting CVar [[r.SSGI.Quality:3]]
[2023.09.14-14.16.45:476][  0]LogConfig: Setting CVar [[r.EmitterSpawnRateScale:1.0]]
[2023.09.14-14.16.45:476][  0]LogConfig: Setting CVar [[r.ParticleLightQuality:2]]
[2023.09.14-14.16.45:476][  0]LogConfig: Setting CVar [[r.SkyAtmosphere.AerialPerspectiveLUT.FastApplyOnOpaque:1 ; Always have FastSkyLUT 1 in this case to avoid wrong sky]]
[2023.09.14-14.16.45:476][  0]LogConfig: Setting CVar [[r.SkyAtmosphere.AerialPerspectiveLUT.SampleCountMaxPerSlice:4]]
[2023.09.14-14.16.45:476][  0]LogConfig: Setting CVar [[r.SkyAtmosphere.AerialPerspectiveLUT.DepthResolution:16.0]]
[2023.09.14-14.16.45:476][  0]LogConfig: Setting CVar [[r.SkyAtmosphere.FastSkyLUT:1]]
[2023.09.14-14.16.45:476][  0]LogConfig: Setting CVar [[r.SkyAtmosphere.FastSkyLUT.SampleCountMin:4.0]]
[2023.09.14-14.16.45:476][  0]LogConfig: Setting CVar [[r.SkyAtmosphere.FastSkyLUT.SampleCountMax:128.0]]
[2023.09.14-14.16.45:476][  0]LogConfig: Setting CVar [[r.SkyAtmosphere.SampleCountMin:4.0]]
[2023.09.14-14.16.45:476][  0]LogConfig: Setting CVar [[r.SkyAtmosphere.SampleCountMax:128.0]]
[2023.09.14-14.16.45:476][  0]LogConfig: Setting CVar [[r.SkyAtmosphere.TransmittanceLUT.UseSmallFormat:0]]
[2023.09.14-14.16.45:476][  0]LogConfig: Setting CVar [[r.SkyAtmosphere.TransmittanceLUT.SampleCount:10.0]]
[2023.09.14-14.16.45:476][  0]LogConfig: Setting CVar [[r.SkyAtmosphere.MultiScatteringLUT.SampleCount:15.0]]
[2023.09.14-14.16.45:476][  0]LogConfig: Setting CVar [[r.SkyLight.RealTimeReflectionCapture:1]]
[2023.09.14-14.16.45:477][  0]LogConfig: Applying CVar settings from Section [FoliageQuality@3] File [E:/Portfolio/Unreal/FPS_Game/Zombone/Saved/Config/Windows/Scalability.ini]
[2023.09.14-14.16.45:477][  0]LogConfig: Setting CVar [[foliage.DensityScale:1.0]]
[2023.09.14-14.16.45:477][  0]LogConfig: Setting CVar [[grass.DensityScale:1.0]]
[2023.09.14-14.16.45:477][  0]LogConfig: Applying CVar settings from Section [ShadingQuality@3] File [E:/Portfolio/Unreal/FPS_Game/Zombone/Saved/Config/Windows/Scalability.ini]
[2023.09.14-14.16.45:477][  0]LogConfig: Setting CVar [[r.HairStrands.SkyLighting.IntegrationType:2]]
[2023.09.14-14.16.45:477][  0]LogConfig: Setting CVar [[r.HairStrands.SkyAO.SampleCount:4]]
[2023.09.14-14.16.45:477][  0]LogConfig: Setting CVar [[r.HairStrands.Visibility.MSAA.SamplePerPixel:4]]
[2023.09.14-14.16.45:477][  0]LogInit: Selected Device Profile: [Windows]
[2023.09.14-14.16.45:477][  0]LogInit: Applying CVar settings loaded from the selected device profile: [Windows]
[2023.09.14-14.16.45:477][  0]LogHAL: Display: Platform has ~ 32 GB [34019524608 / 34359738368 / 32], which maps to Largest [LargestMinGB=32, LargerMinGB=12, DefaultMinGB=8, SmallerMinGB=6, SmallestMinGB=0)
[2023.09.14-14.16.45:477][  0]LogInit: Going up to parent DeviceProfile []
[2023.09.14-14.16.45:477][  0]LogConfig: Applying CVar settings from Section [ViewDistanceQuality@3] File [E:/Portfolio/Unreal/FPS_Game/Zombone/Saved/Config/Windows/Scalability.ini]
[2023.09.14-14.16.45:478][  0]LogConfig: Setting CVar [[r.SkeletalMeshLODBias:0]]
[2023.09.14-14.16.45:478][  0]LogConfig: Setting CVar [[r.ViewDistanceScale:1.0]]
[2023.09.14-14.16.45:478][  0]LogConfig: Applying CVar settings from Section [AntiAliasingQuality@3] File [E:/Portfolio/Unreal/FPS_Game/Zombone/Saved/Config/Windows/Scalability.ini]
[2023.09.14-14.16.45:478][  0]LogConfig: Setting CVar [[r.PostProcessAAQuality:4]]
[2023.09.14-14.16.45:478][  0]LogConfig: Applying CVar settings from Section [ShadowQuality@3] File [E:/Portfolio/Unreal/FPS_Game/Zombone/Saved/Config/Windows/Scalability.ini]
[2023.09.14-14.16.45:478][  0]LogConfig: Setting CVar [[r.LightFunctionQuality:1]]
[2023.09.14-14.16.45:478][  0]LogConfig: Setting CVar [[r.ShadowQuality:5]]
[2023.09.14-14.16.45:478][  0]LogConfig: Setting CVar [[r.Shadow.CSM.MaxCascades:10]]
[2023.09.14-14.16.45:478][  0]LogConfig: Setting CVar [[r.Shadow.MaxResolution:2048]]
[2023.09.14-14.16.45:478][  0]LogConfig: Setting CVar [[r.Shadow.MaxCSMResolution:2048]]
[2023.09.14-14.16.45:478][  0]LogConfig: Setting CVar [[r.Shadow.RadiusThreshold:0.01]]
[2023.09.14-14.16.45:478][  0]LogConfig: Setting CVar [[r.Shadow.DistanceScale:1.0]]
[2023.09.14-14.16.45:478][  0]LogConfig: Setting CVar [[r.Shadow.CSM.TransitionScale:1.0]]
[2023.09.14-14.16.45:478][  0]LogConfig: Setting CVar [[r.Shadow.PreShadowResolutionFactor:1.0]]
[2023.09.14-14.16.45:478][  0]LogConfig: Setting CVar [[r.DistanceFieldShadowing:1]]
[2023.09.14-14.16.45:478][  0]LogConfig: Setting CVar [[r.DistanceFieldAO:1]]
[2023.09.14-14.16.45:478][  0]LogConfig: Setting CVar [[r.AOQuality:2]]
[2023.09.14-14.16.45:478][  0]LogConfig: Setting CVar [[r.VolumetricFog:1]]
[2023.09.14-14.16.45:478][  0]LogConfig: Setting CVar [[r.VolumetricFog.GridPixelSize:8]]
[2023.09.14-14.16.45:478][  0]LogConfig: Setting CVar [[r.VolumetricFog.GridSizeZ:128]]
[2023.09.14-14.16.45:478][  0]LogConfig: Setting CVar [[r.VolumetricFog.HistoryMissSupersampleCount:4]]
[2023.09.14-14.16.45:478][  0]LogConfig: Setting CVar [[r.LightMaxDrawDistanceScale:1]]
[2023.09.14-14.16.45:478][  0]LogConfig: Setting CVar [[r.CapsuleShadows:1]]
[2023.09.14-14.16.45:478][  0]LogConfig: Applying CVar settings from Section [PostProcessQuality@3] File [E:/Portfolio/Unreal/FPS_Game/Zombone/Saved/Config/Windows/Scalability.ini]
[2023.09.14-14.16.45:478][  0]LogConfig: Setting CVar [[r.MotionBlurQuality:4]]
[2023.09.14-14.16.45:478][  0]LogConfig: Setting CVar [[r.AmbientOcclusionMipLevelFactor:0.4]]
[2023.09.14-14.16.45:478][  0]LogConfig: Setting CVar [[r.AmbientOcclusionMaxQuality:100]]
[2023.09.14-14.16.45:478][  0]LogConfig: Setting CVar [[r.AmbientOcclusionLevels:-1]]
[2023.09.14-14.16.45:478][  0]LogConfig: Setting CVar [[r.AmbientOcclusionRadiusScale:1.0]]
[2023.09.14-14.16.45:479][  0]LogConfig: Setting CVar [[r.DepthOfFieldQuality:2]]
[2023.09.14-14.16.45:479][  0]LogConfig: Setting CVar [[r.RenderTargetPoolMin:400]]
[2023.09.14-14.16.45:479][  0]LogConfig: Setting CVar [[r.LensFlareQuality:2]]
[2023.09.14-14.16.45:479][  0]LogConfig: Setting CVar [[r.SceneColorFringeQuality:1]]
[2023.09.14-14.16.45:479][  0]LogConfig: Setting CVar [[r.EyeAdaptationQuality:2]]
[2023.09.14-14.16.45:479][  0]LogConfig: Setting CVar [[r.BloomQuality:5]]
[2023.09.14-14.16.45:479][  0]LogConfig: Setting CVar [[r.FastBlurThreshold:100]]
[2023.09.14-14.16.45:479][  0]LogConfig: Setting CVar [[r.Upscale.Quality:3]]
[2023.09.14-14.16.45:479][  0]LogConfig: Setting CVar [[r.Tonemapper.GrainQuantization:1]]
[2023.09.14-14.16.45:479][  0]LogConfig: Setting CVar [[r.LightShaftQuality:1]]
[2023.09.14-14.16.45:479][  0]LogConfig: Setting CVar [[r.Filter.SizeScale:1]]
[2023.09.14-14.16.45:479][  0]LogConfig: Setting CVar [[r.Tonemapper.Quality:5]]
[2023.09.14-14.16.45:479][  0]LogConfig: Setting CVar [[r.DOF.Gather.AccumulatorQuality:1        ; higher gathering accumulator quality]]
[2023.09.14-14.16.45:479][  0]LogConfig: Setting CVar [[r.DOF.Gather.PostfilterMethod:1          ; Median3x3 postfilering method]]
[2023.09.14-14.16.45:480][  0]LogConfig: Setting CVar [[r.DOF.Gather.EnableBokehSettings:0       ; no bokeh simulation when gathering]]
[2023.09.14-14.16.45:480][  0]LogConfig: Setting CVar [[r.DOF.Gather.RingCount:4                 ; medium number of samples when gathering]]
[2023.09.14-14.16.45:480][  0]LogConfig: Setting CVar [[r.DOF.Scatter.ForegroundCompositing:1    ; additive foreground scattering]]
[2023.09.14-14.16.45:480][  0]LogConfig: Setting CVar [[r.DOF.Scatter.BackgroundCompositing:2    ; additive background scattering]]
[2023.09.14-14.16.45:480][  0]LogConfig: Setting CVar [[r.DOF.Scatter.EnableBokehSettings:1      ; bokeh simulation when scattering]]
[2023.09.14-14.16.45:480][  0]LogConfig: Setting CVar [[r.DOF.Scatter.MaxSpriteRatio:0.1         ; only a maximum of 10% of scattered bokeh]]
[2023.09.14-14.16.45:480][  0]LogConfig: Setting CVar [[r.DOF.Recombine.Quality:1                ; cheap slight out of focus]]
[2023.09.14-14.16.45:480][  0]LogConfig: Setting CVar [[r.DOF.Recombine.EnableBokehSettings:0    ; no bokeh simulation on slight out of focus]]
[2023.09.14-14.16.45:480][  0]LogConfig: Setting CVar [[r.DOF.TemporalAAQuality:1                ; more stable temporal accumulation]]
[2023.09.14-14.16.45:480][  0]LogConfig: Setting CVar [[r.DOF.Kernel.MaxForegroundRadius:0.025]]
[2023.09.14-14.16.45:480][  0]LogConfig: Setting CVar [[r.DOF.Kernel.MaxBackgroundRadius:0.025]]
[2023.09.14-14.16.45:480][  0]LogConfig: Applying CVar settings from Section [TextureQuality@3] File [E:/Portfolio/Unreal/FPS_Game/Zombone/Saved/Config/Windows/Scalability.ini]
[2023.09.14-14.16.45:480][  0]LogConfig: Setting CVar [[r.Streaming.MipBias:0]]
[2023.09.14-14.16.45:480][  0]LogConfig: Setting CVar [[r.Streaming.AmortizeCPUToGPUCopy:0]]
[2023.09.14-14.16.45:480][  0]LogConfig: Setting CVar [[r.Streaming.MaxNumTexturesToStreamPerFrame:0]]
[2023.09.14-14.16.45:480][  0]LogConfig: Setting CVar [[r.Streaming.Boost:1]]
[2023.09.14-14.16.45:481][  0]LogConfig: Setting CVar [[r.MaxAnisotropy:8]]
[2023.09.14-14.16.45:481][  0]LogConfig: Setting CVar [[r.VT.MaxAnisotropy:8]]
[2023.09.14-14.16.45:481][  0]LogConfig: Setting CVar [[r.Streaming.LimitPoolSizeToVRAM:0]]
[2023.09.14-14.16.45:481][  0]LogConfig: Setting CVar [[r.Streaming.PoolSize:1000]]
[2023.09.14-14.16.45:481][  0]LogConfig: Setting CVar [[r.Streaming.MaxEffectiveScreenSize:0]]
[2023.09.14-14.16.45:481][  0]LogConfig: Applying CVar settings from Section [EffectsQuality@3] File [E:/Portfolio/Unreal/FPS_Game/Zombone/Saved/Config/Windows/Scalability.ini]
[2023.09.14-14.16.45:481][  0]LogConfig: Setting CVar [[r.TranslucencyLightingVolumeDim:64]]
[2023.09.14-14.16.45:481][  0]LogConfig: Setting CVar [[r.RefractionQuality:2]]
[2023.09.14-14.16.45:481][  0]LogConfig: Setting CVar [[r.SSR.Quality:3]]
[2023.09.14-14.16.45:481][  0]LogConfig: Setting CVar [[r.SSR.HalfResSceneColor:0]]
[2023.09.14-14.16.45:481][  0]LogConfig: Setting CVar [[r.SceneColorFormat:4]]
[2023.09.14-14.16.45:481][  0]LogConfig: Setting CVar [[r.DetailMode:2]]
[2023.09.14-14.16.45:481][  0]LogConfig: Setting CVar [[r.TranslucencyVolumeBlur:1]]
[2023.09.14-14.16.45:481][  0]LogConfig: Setting CVar [[r.MaterialQualityLevel:1 ; High quality]]
[2023.09.14-14.16.45:481][  0]LogConfig: Setting CVar [[r.AnisotropicMaterials:1]]
[2023.09.14-14.16.45:481][  0]LogConfig: Setting CVar [[r.SSS.Scale:1]]
[2023.09.14-14.16.45:481][  0]LogConfig: Setting CVar [[r.SSS.SampleSet:2]]
[2023.09.14-14.16.45:481][  0]LogConfig: Setting CVar [[r.SSS.Quality:1]]
[2023.09.14-14.16.45:482][  0]LogConfig: Setting CVar [[r.SSS.HalfRes:0]]
[2023.09.14-14.16.45:482][  0]LogConfig: Setting CVar [[r.SSGI.Quality:3]]
[2023.09.14-14.16.45:482][  0]LogConfig: Setting CVar [[r.EmitterSpawnRateScale:1.0]]
[2023.09.14-14.16.45:482][  0]LogConfig: Setting CVar [[r.ParticleLightQuality:2]]
[2023.09.14-14.16.45:482][  0]LogConfig: Setting CVar [[r.SkyAtmosphere.AerialPerspectiveLUT.FastApplyOnOpaque:1 ; Always have FastSkyLUT 1 in this case to avoid wrong sky]]
[2023.09.14-14.16.45:482][  0]LogConfig: Setting CVar [[r.SkyAtmosphere.AerialPerspectiveLUT.SampleCountMaxPerSlice:4]]
[2023.09.14-14.16.45:482][  0]LogConfig: Setting CVar [[r.SkyAtmosphere.AerialPerspectiveLUT.DepthResolution:16.0]]
[2023.09.14-14.16.45:482][  0]LogConfig: Setting CVar [[r.SkyAtmosphere.FastSkyLUT:1]]
[2023.09.14-14.16.45:482][  0]LogConfig: Setting CVar [[r.SkyAtmosphere.FastSkyLUT.SampleCountMin:4.0]]
[2023.09.14-14.16.45:482][  0]LogConfig: Setting CVar [[r.SkyAtmosphere.FastSkyLUT.SampleCountMax:128.0]]
[2023.09.14-14.16.45:482][  0]LogConfig: Setting CVar [[r.SkyAtmosphere.SampleCountMin:4.0]]
[2023.09.14-14.16.45:482][  0]LogConfig: Setting CVar [[r.SkyAtmosphere.SampleCountMax:128.0]]
[2023.09.14-14.16.45:482][  0]LogConfig: Setting CVar [[r.SkyAtmosphere.TransmittanceLUT.UseSmallFormat:0]]
[2023.09.14-14.16.45:482][  0]LogConfig: Setting CVar [[r.SkyAtmosphere.TransmittanceLUT.SampleCount:10.0]]
[2023.09.14-14.16.45:482][  0]LogConfig: Setting CVar [[r.SkyAtmosphere.MultiScatteringLUT.SampleCount:15.0]]
[2023.09.14-14.16.45:482][  0]LogConfig: Setting CVar [[r.SkyLight.RealTimeReflectionCapture:1]]
[2023.09.14-14.16.45:482][  0]LogConfig: Applying CVar settings from Section [FoliageQuality@3] File [E:/Portfolio/Unreal/FPS_Game/Zombone/Saved/Config/Windows/Scalability.ini]
[2023.09.14-14.16.45:482][  0]LogConfig: Setting CVar [[foliage.DensityScale:1.0]]
[2023.09.14-14.16.45:483][  0]LogConfig: Setting CVar [[grass.DensityScale:1.0]]
[2023.09.14-14.16.45:483][  0]LogConfig: Applying CVar settings from Section [ShadingQuality@3] File [E:/Portfolio/Unreal/FPS_Game/Zombone/Saved/Config/Windows/Scalability.ini]
[2023.09.14-14.16.45:483][  0]LogConfig: Setting CVar [[r.HairStrands.SkyLighting.IntegrationType:2]]
[2023.09.14-14.16.45:483][  0]LogConfig: Setting CVar [[r.HairStrands.SkyAO.SampleCount:4]]
[2023.09.14-14.16.45:483][  0]LogConfig: Setting CVar [[r.HairStrands.Visibility.MSAA.SamplePerPixel:4]]
[2023.09.14-14.16.45:483][  0]LogConfig: Applying CVar settings from Section [Startup] File [../../../Engine/Config/ConsoleVariables.ini]
[2023.09.14-14.16.45:483][  0]LogConfig: Setting CVar [[net.UseAdaptiveNetUpdateFrequency:0]]
[2023.09.14-14.16.45:483][  0]LogConfig: Setting CVar [[p.chaos.AllowCreatePhysxBodies:1]]
[2023.09.14-14.16.45:483][  0]LogConfig: Setting CVar [[fx.SkipVectorVMBackendOptimizations:1]]
[2023.09.14-14.16.45:483][  0]LogConfig: Applying CVar settings from Section [ConsoleVariables] File [E:/Portfolio/Unreal/FPS_Game/Zombone/Saved/Config/Windows/Engine.ini]
[2023.09.14-14.16.45:483][  0]LogConfig: Applying CVar settings from Section [ConsoleVariables] File [E:/Portfolio/Unreal/FPS_Game/Zombone/Saved/Config/Windows/Editor.ini]
[2023.09.14-14.16.45:483][  0]LogInit: Computer: DESKTOP-J6VGNOD
[2023.09.14-14.16.45:484][  0]LogInit: User: timve
[2023.09.14-14.16.45:484][  0]LogInit: CPU Page size=4096, Cores=6
[2023.09.14-14.16.45:484][  0]LogInit: High frequency timer resolution =10.000000 MHz
[2023.09.14-14.16.45:484][  0]LogMemory: Memory total: Physical=31.7GB (32GB approx)
[2023.09.14-14.16.45:484][  0]LogMemory: Platform Memory Stats for Windows
[2023.09.14-14.16.45:484][  0]LogMemory: Process Physical Memory: 148.54 MB used, 152.58 MB peak
[2023.09.14-14.16.45:484][  0]LogMemory: Process Virtual Memory: 130.43 MB used, 130.43 MB peak
[2023.09.14-14.16.45:484][  0]LogMemory: Physical Memory: 13593.21 MB used,  18850.34 MB free, 32443.55 MB total
[2023.09.14-14.16.45:484][  0]LogMemory: Virtual Memory: 134200816.00 MB used,  16913.65 MB free, 134217728.00 MB total
[2023.09.14-14.16.45:519][  0]LogWindows: WindowsPlatformFeatures enabled
[2023.09.14-14.16.46:221][  0]LogInit: Physics initialised using underlying interface: PhysX
[2023.09.14-14.16.46:222][  0]LogInit: Using OS detected language (en-US).
[2023.09.14-14.16.46:222][  0]LogInit: Using OS detected locale (nl-BE).
[2023.09.14-14.16.46:226][  0]LogTextLocalizationManager: No specific localization for 'en-US' exists, so the 'en' localization will be used.
[2023.09.14-14.16.46:517][  0]LogInit: Setting process to per monitor DPI aware
[2023.09.14-14.16.46:558][  0]LogWindowsTextInputMethodSystem: Display: IME system deactivated.
[2023.09.14-14.16.46:662][  0]LogSlate: New Slate User Created.  User Index 0, Is Virtual User: 0
[2023.09.14-14.16.46:663][  0]LogSlate: Slate User Registered.  User Index 0, Is Virtual User: 0
[2023.09.14-14.16.49:698][  0]LogD3D11RHI: Loaded GFSDK_Aftermath_Lib.x64.dll
[2023.09.14-14.16.49:703][  0]LogHMD: Failed to initialize OpenVR with code 110
[2023.09.14-14.16.49:704][  0]LogD3D11RHI: D3D11 min allowed feature level: 11_0
[2023.09.14-14.16.49:704][  0]LogD3D11RHI: D3D11 max allowed feature level: 11_0
[2023.09.14-14.16.49:704][  0]LogD3D11RHI: D3D11 adapters:
[2023.09.14-14.16.49:872][  0]LogD3D11RHI:    0. 'NVIDIA GeForce GTX 1060 6GB' (Feature Level 11_0)
[2023.09.14-14.16.49:872][  0]LogD3D11RHI:       6043/0/16221 MB DedicatedVideo/DedicatedSystem/SharedSystem, Outputs:2, VendorId:0x10de
[2023.09.14-14.16.49:879][  0]LogD3D11RHI:    1. 'Microsoft Basic Render Driver' (Feature Level 11_0)
[2023.09.14-14.16.49:879][  0]LogD3D11RHI:       0/0/16221 MB DedicatedVideo/DedicatedSystem/SharedSystem, Outputs:0, VendorId:0x1414
[2023.09.14-14.16.49:879][  0]LogD3D11RHI: Chosen D3D11 Adapter:
[2023.09.14-14.16.49:879][  0]LogD3D11RHI:     Description : NVIDIA GeForce GTX 1060 6GB
[2023.09.14-14.16.49:879][  0]LogD3D11RHI:     VendorId    : 10de
[2023.09.14-14.16.49:879][  0]LogD3D11RHI:     DeviceId    : 1c03
[2023.09.14-14.16.49:880][  0]LogD3D11RHI:     SubSysId    : 32831462
[2023.09.14-14.16.49:880][  0]LogD3D11RHI:     Revision    : 00a1
[2023.09.14-14.16.49:880][  0]LogD3D11RHI:     DedicatedVideoMemory : 6336544768 bytes
[2023.09.14-14.16.49:880][  0]LogD3D11RHI:     DedicatedSystemMemory : 0 bytes
[2023.09.14-14.16.49:880][  0]LogD3D11RHI:     SharedSystemMemory : 17009762304 bytes
[2023.09.14-14.16.49:880][  0]LogD3D11RHI:     AdapterLuid : 0 93674
[2023.09.14-14.16.49:890][  0]LogD3D11RHI: Creating new Direct3DDevice
[2023.09.14-14.16.49:890][  0]LogD3D11RHI:     GPU DeviceId: 0x1c03 (for the marketing name, search the web for "GPU Device Id")
[2023.09.14-14.16.49:890][  0]LogWindows: EnumDisplayDevices:
[2023.09.14-14.16.49:890][  0]LogWindows:    0. 'NVIDIA GeForce GTX 1060 6GB' (P:1 D:1)
[2023.09.14-14.16.49:891][  0]LogWindows:    1. 'NVIDIA GeForce GTX 1060 6GB' (P:0 D:1)
[2023.09.14-14.16.49:891][  0]LogWindows:    2. 'NVIDIA GeForce GTX 1060 6GB' (P:0 D:0)
[2023.09.14-14.16.49:891][  0]LogWindows:    3. 'NVIDIA GeForce GTX 1060 6GB' (P:0 D:0)
[2023.09.14-14.16.49:891][  0]LogWindows: DebugString: FoundDriverCount:4 
[2023.09.14-14.16.49:891][  0]LogD3D11RHI:     Adapter Name: NVIDIA GeForce GTX 1060 6GB
[2023.09.14-14.16.49:892][  0]LogD3D11RHI:   Driver Version: 531.29 (internal:31.0.15.3129, unified:531.29)
[2023.09.14-14.16.49:892][  0]LogD3D11RHI:      Driver Date: 3-8-2023
[2023.09.14-14.16.49:892][  0]LogRHI: Texture pool is 4230 MB (70% of 6043 MB)
[2023.09.14-14.16.49:892][  0]LogD3D11RHI: Creating D3DDevice using adapter:
[2023.09.14-14.16.49:892][  0]LogD3D11RHI:     Description : NVIDIA GeForce GTX 1060 6GB
[2023.09.14-14.16.49:892][  0]LogD3D11RHI:     VendorId    : 10de
[2023.09.14-14.16.49:892][  0]LogD3D11RHI:     DeviceId    : 1c03
[2023.09.14-14.16.49:892][  0]LogD3D11RHI:     SubSysId    : 32831462
[2023.09.14-14.16.49:892][  0]LogD3D11RHI:     Revision    : 00a1
[2023.09.14-14.16.49:892][  0]LogD3D11RHI:     DedicatedVideoMemory : 6336544768 bytes
[2023.09.14-14.16.49:892][  0]LogD3D11RHI:     DedicatedSystemMemory : 0 bytes
[2023.09.14-14.16.49:892][  0]LogD3D11RHI:     SharedSystemMemory : 17009762304 bytes
[2023.09.14-14.16.49:892][  0]LogD3D11RHI:     AdapterLuid : 0 93674
[2023.09.14-14.16.50:002][  0]LogD3D11RHI: RHI has support for 64 bit atomics
[2023.09.14-14.16.50:002][  0]LogD3D11RHI: Async texture creation enabled
[2023.09.14-14.16.50:002][  0]LogD3D11RHI: Array index from any shader is supported
[2023.09.14-14.16.50:021][  0]LogD3D11RHI: GPU Timing Frequency: 1000.000000 (Debug: 2 1)
[2023.09.14-14.16.50:101][  0]LogRHI: GeForceNow SDK initialized: 1
[2023.09.14-14.16.50:449][  0]LogTargetPlatformManager: Display: Loaded TargetPlatform 'AllDesktop'
[2023.09.14-14.16.50:509][  0]LogTargetPlatformManager: Display: Loaded TargetPlatform 'Android'
[2023.09.14-14.16.50:509][  0]LogTargetPlatformManager: Display: Loaded TargetPlatform 'Android_ASTC'
[2023.09.14-14.16.50:509][  0]LogTargetPlatformManager: Display: Loaded TargetPlatform 'Android_DXT'
[2023.09.14-14.16.50:509][  0]LogTargetPlatformManager: Display: Loaded TargetPlatform 'Android_ETC2'
[2023.09.14-14.16.50:509][  0]LogTargetPlatformManager: Display: Loaded TargetPlatform 'AndroidClient'
[2023.09.14-14.16.50:509][  0]LogTargetPlatformManager: Display: Loaded TargetPlatform 'Android_ASTCClient'
[2023.09.14-14.16.50:509][  0]LogTargetPlatformManager: Display: Loaded TargetPlatform 'Android_DXTClient'
[2023.09.14-14.16.50:509][  0]LogTargetPlatformManager: Display: Loaded TargetPlatform 'Android_ETC2Client'
[2023.09.14-14.16.50:509][  0]LogTargetPlatformManager: Display: Loaded TargetPlatform 'Android_Multi'
[2023.09.14-14.16.50:509][  0]LogTargetPlatformManager: Display: Loaded TargetPlatform 'Android_MultiClient'
[2023.09.14-14.16.50:624][  0]LogTargetPlatformManager: Display: Loaded TargetPlatform 'IOSClient'
[2023.09.14-14.16.50:624][  0]LogTargetPlatformManager: Display: Loaded TargetPlatform 'IOS'
[2023.09.14-14.16.50:682][  0]LogTargetPlatformManager: Display: Loaded TargetPlatform 'Linux'
[2023.09.14-14.16.50:719][  0]LogTargetPlatformManager: Display: Loaded TargetPlatform 'LinuxNoEditor'
[2023.09.14-14.16.50:758][  0]LogTargetPlatformManager: Display: Loaded TargetPlatform 'LinuxClient'
[2023.09.14-14.16.50:785][  0]LogTargetPlatformManager: Display: Loaded TargetPlatform 'LinuxServer'
[2023.09.14-14.16.50:833][  0]LogTargetPlatformManager: Display: Loaded TargetPlatform 'LinuxAArch64NoEditor'
[2023.09.14-14.16.50:862][  0]LogTargetPlatformManager: Display: Loaded TargetPlatform 'LinuxAArch64Client'
[2023.09.14-14.16.50:901][  0]LogTargetPlatformManager: Display: Loaded TargetPlatform 'LinuxAArch64Server'
[2023.09.14-14.16.50:958][  0]LogTargetPlatformManager: Display: Loaded TargetPlatform 'Lumin'
[2023.09.14-14.16.50:958][  0]LogTargetPlatformManager: Display: Loaded TargetPlatform 'LuminClient'
[2023.09.14-14.16.51:003][  0]LogTargetPlatformManager: Display: Loaded TargetPlatform 'MacNoEditor'
[2023.09.14-14.16.51:044][  0]LogTargetPlatformManager: Display: Loaded TargetPlatform 'Mac'
[2023.09.14-14.16.51:071][  0]LogTargetPlatformManager: Display: Loaded TargetPlatform 'MacClient'
[2023.09.14-14.16.51:096][  0]LogTargetPlatformManager: Display: Loaded TargetPlatform 'MacServer'
[2023.09.14-14.16.51:137][  0]LogTargetPlatformManager: Display: Loaded TargetPlatform 'TVOSClient'
[2023.09.14-14.16.51:137][  0]LogTargetPlatformManager: Display: Loaded TargetPlatform 'TVOS'
[2023.09.14-14.16.51:184][  0]LogTargetPlatformManager: Display: Loaded TargetPlatform 'WindowsNoEditor'
[2023.09.14-14.16.51:230][  0]LogTargetPlatformManager: Display: Loaded TargetPlatform 'Windows'
[2023.09.14-14.16.51:273][  0]LogTargetPlatformManager: Display: Loaded TargetPlatform 'WindowsClient'
[2023.09.14-14.16.51:322][  0]LogTargetPlatformManager: Display: Loaded TargetPlatform 'WindowsServer'
[2023.09.14-14.16.51:322][  0]LogTargetPlatformManager: Display: Building Assets For Windows
[2023.09.14-14.16.51:506][  0]LogAudioDebug: Display: Lib vorbis DLL was dynamically loaded.
[2023.09.14-14.16.51:969][  0]LogTextureFormatOodle: Display: Oodle Texture 2.9.0 init RDO Off
[2023.09.14-14.16.52:799][  0]LogRendererCore: Ray tracing is disabled. Reason: r.RayTracing=0.
[2023.09.14-14.16.52:799][  0]LogShaderCompilers: Guid format shader working directory is 9 characters bigger than the processId version (E:/Portfolio/Unreal/FPS_Game/Zombone/Intermediate/Shaders/WorkingDirectory/19176/).
[2023.09.14-14.16.52:799][  0]LogShaderCompilers: Cleaned the shader compiler working directory 'C:/Users/timve/AppData/Local/Temp/UnrealShaderWorkingDir/522F81ED433FB9FEB8A4ECAAAE0120F3/'.
[2023.09.14-14.16.52:800][  0]LogXGEController: Cannot use XGE Controller as Incredibuild is not installed on this machine.
[2023.09.14-14.16.52:800][  0]LogShaderCompilers: Cannot use XGE Shader Compiler as Incredibuild is not installed on this machine.
[2023.09.14-14.16.52:800][  0]LogShaderCompilers: Display: Using Local Shader Compiler.
[2023.09.14-14.16.56:761][  0]LogDerivedDataCache: Display: Max Cache Size: 512 MB
[2023.09.14-14.16.56:857][  0]LogDerivedDataCache: Loaded boot cache 0.10s 99MB C:/Users/timve/AppData/Local/UnrealEngine/4.27/DerivedDataCache/Boot.ddc.
[2023.09.14-14.16.56:857][  0]LogDerivedDataCache: Display: Loaded Boot cache: C:/Users/timve/AppData/Local/UnrealEngine/4.27/DerivedDataCache/Boot.ddc
[2023.09.14-14.16.56:857][  0]LogDerivedDataCache: FDerivedDataBackendGraph:  Pak pak cache file E:/Portfolio/Unreal/FPS_Game/Zombone/DerivedDataCache/DDC.ddp not found, will not use a pak cache.
[2023.09.14-14.16.56:858][  0]LogDerivedDataCache: Unable to find inner node Pak for hierarchical cache Hierarchy.
[2023.09.14-14.16.56:858][  0]LogDerivedDataCache: FDerivedDataBackendGraph:  CompressedPak pak cache file E:/Portfolio/Unreal/FPS_Game/Zombone/DerivedDataCache/Compressed.ddp not found, will not use a pak cache.
[2023.09.14-14.16.56:858][  0]LogDerivedDataCache: Unable to find inner node CompressedPak for hierarchical cache Hierarchy.
[2023.09.14-14.16.56:896][  0]LogDerivedDataCache: Display: Pak cache opened for reading ../../../Engine/DerivedDataCache/Compressed.ddp.
[2023.09.14-14.16.56:897][  0]LogDerivedDataCache: FDerivedDataBackendGraph:  EnterprisePak pak cache file ../../../Enterprise/DerivedDataCache/Compressed.ddp not found, will not use a pak cache.
[2023.09.14-14.16.56:897][  0]LogDerivedDataCache: Unable to find inner node EnterprisePak for hierarchical cache Hierarchy.
[2023.09.14-14.16.56:956][  0]LogDerivedDataCache: Speed tests for C:/Users/timve/AppData/Local/UnrealEngine/Common/DerivedDataCache took 0.06 seconds
[2023.09.14-14.16.56:957][  0]LogDerivedDataCache: Display: Performance to C:/Users/timve/AppData/Local/UnrealEngine/Common/DerivedDataCache: Latency=0.03ms. RandomReadSpeed=17.81MBs, RandomWriteSpeed=152.15MBs. Assigned SpeedClass 'Local'
[2023.09.14-14.16.56:962][  0]LogDerivedDataCache: Using Local data cache path C:/Users/timve/AppData/Local/UnrealEngine/Common/DerivedDataCache: Writable
[2023.09.14-14.16.56:963][  0]LogDerivedDataCache: Shared data cache path not found in *engine.ini, will not use an Shared cache.
[2023.09.14-14.16.56:963][  0]LogDerivedDataCache: Unable to find inner node Shared for hierarchical cache Hierarchy.
[2023.09.14-14.16.57:017][  0]LogSlate: Using FreeType 2.10.0
[2023.09.14-14.16.57:039][  0]LogSlate: SlateFontServices - WITH_FREETYPE: 1, WITH_HARFBUZZ: 1
[2023.09.14-14.16.57:297][  0]LogAssetRegistry: FAssetRegistry took 0.0049 seconds to start up
[2023.09.14-14.16.57:570][  0]LogInit: Selected Device Profile: [Windows]
[2023.09.14-14.16.57:571][  0]LogInit: Active device profile: [0000028D6A674F00][0000028D6B1F1140 49] Windows
[2023.09.14-14.16.57:571][  0]LogInit: Profiles: [0000028D6A674F00][0000028D6B1F1140 49] Windows, [0000028D6A632A00][0000028D6B1F92C0 49] WindowsNoEditor, [0000028D6A675F00][0000028D6B1FD440 49] WindowsServer, [0000028D6A631B00][0000028D6B2015C0 49] WindowsClient, [0000028D6A675200][0000028D6B205740 49] IOS, [0000028D6A631800][0000028D6B2098C0 49] iPadAir, [0000028D6A677300][0000028D6B20DA40 49] iPadAir2, [0000028D6C625300][0000028D6B214180 49] IPadPro, [0000028D6C625400][0000028D6B2101C0 49] iPadAir3, [0000028D6A630B00][0000028D6B218340 49] iPadAir4, [0000028D6C626100][0000028D6B21C4C0 49] iPadMini2, [0000028D6A633A00][0000028D6B1F4600 49] iPadMini3, [0000028D6C626C00][0000028D6B220740 49] iPadMini4, [0000028D6A632C00][0000028D6B224880 49] iPadMini5, [0000028D6A61CE00][0000028D6B230B00 49] iPhone6, [0000028D6A61CF00][0000028D6B228B40 49] iPodTouch6, [0000028D6A677700][0000028D6B238E00 49] iPhone7, [0000028D6A676800][0000028D6B234E40 49] iPodTouch7, [0000028D6C625100][0000028D6B23CFC0 49] iPhone5S, [0000028D6A675100][0000028D6B241140 49] iPhone6Plus, [0000028D6C626A00][0000028D6B2452C0 49] iPhone6S, [0000028D6A675A00][0000028D6B249440 49] iPhone6SPlus, [0000028D6A61C100][0000028D6B24D5C0 49] iPhone7Plus, [0000028D6C625D00][0000028D6B251740 49] iPhoneSE, [0000028D6A61CC00][0000028D6B2558C0 49] iPhone8, [0000028D6C624400][0000028D6B259A40 49] iPhone8Plus, [0000028D6A61EA00][0000028D6B25DBC0 49] iPhoneX, [0000028D6C627C00][0000028D6B2601C0 49] iPhoneXS, [0000028D6A61E900][0000028D6B264340 49] iPhoneXSMax, [0000028D6C624B00][0000028D6B2684C0 49] iPhoneXR, [0000028D6A677800][0000028D6B26C640 49] iPhone11, [0000028D6C627D00][0000028D6B22C780 49] iPhone11Pro, [0000028D6A675B00][0000028D6B2708C0 49] iPhone11ProMax, [0000028D6C625500][0000028D6B274A00 49] iPhoneSE2, [0000028D6A675E00][0000028D6B278B40 49] iPhone12Mini, [0000028D6C627100][0000028D6B280CC0 49] iPhone12, [0000028D6A677400][0000028D6B284E40 49] iPhone12Pro, [0000028D6C624D00][0000028D6B288FC0 49] iPhone12ProMax, [0000028D6A677C00][0000028D6B28D140 49] iPadPro105, [0000028D6C627700][0000028D6B2912C0 49] iPadPro129, [0000028D6A676A00][0000028D6B295440 49] iPadPro97, [0000028D6C624900][0000028D6B2995C0 49] iPadPro2_129, [0000028D6A674800][0000028D6B29D740 49] iPad5, [0000028D6C625000][0000028D6B2A18C0 49] iPad6, [0000028D6A674400][0000028D6B2A5A40 49] iPad7, [0000028D6C626B00][0000028D6B2A9BC0 49] iPad8, [0000028D6A677500][0000028D6B2AC1C0 49] iPadPro11, [0000028D6C625800][0000028D6B2B0340 49] iPadPro2_11, [0000028D6A674900][0000028D6B2B44C0 49] iPadPro3_129, [0000028D6C626800][0000028D6B2B8640 49] iPadPro4_129, [0000028D6A676E00][0000028D6B2BC7C0 49] AppleTV, [0000028D6C627E00][0000028D6B2C0940 49] AppleTV4K, [0000028D6A674500][0000028D6B27CA80 49] TVOS, [0000028D6C625700][0000028D6B2C4BC0 49] Mac, [0000028D6A676300][0000028D6B2C8D00 49] MacClient, [0000028D6C624800][0000028D6B2D0E80 49] MacNoEditor, [0000028D6A675000][0000028D6B2D5000 49] MacServer, [0000028D6C624500][0000028D6B2D9180 49] Linux, [0000028D6A676B00][0000028D6B2DD300 49] LinuxAArch64, [0000028D6C625600][0000028D6B2E1480 49] LinuxNoEditor, [0000028D6A676100][0000028D6B2E5600 49] LinuxAArch64NoEditor, [0000028D6C627900][0000028D6B2E9780 49] LinuxClient, [0000028D6A676600][0000028D6B2ED900 49] LinuxAArch64Client, [0000028D6C626300][0000028D6B2F1A80 49] LinuxServer, [0000028D6A674700][0000028D6B2F5C00 49] LinuxAArch64Server, [0000028D6C625A00][0000028D6B2F8200 49] Android, [0000028D6A676200][0000028D6B2FC380 49] Android_Low, [0000028D6C625C00][0000028D6B300500 49] Android_Mid, [0000028D6A675300][0000028D6B304680 49] Android_High, [0000028D6C624E00][0000028D6B308800 49] Android_Default, [0000028D6A677600][0000028D6B30C980 49] Android_Adreno4xx, [0000028D6C624F00][0000028D6B310B00 49] Android_Adreno5xx_Low, [0000028D6A677B00][0000028D6B2CCC40 49] Android_Adreno5xx, [0000028D6C627A00][0000028D6B314D80 49] Android_Adreno6xx, [0000028D6A674B00][0000028D6B318EC0 49] Android_Adreno6xx_Vulkan, [0000028D6C625900][0000028D6B321040 49] Android_Mali_T6xx, [0000028D6A674A00][0000028D6B3251C0 49] Android_Mali_T7xx, [0000028D6A631A00][0000028D6B329340 49] Android_Mali_T8xx, [0000028D6A61C500][0000028D6B32D4C0 49] Android_Mali_G71, [0000028D6A630600][0000028D6B331640 49] Android_Mali_G72, [0000028D6A61C300][0000028D6B3357C0 49] Android_Mali_G72_Vulkan, [0000028D6A633900][0000028D6B339940 49] Android_Mali_G76, [0000028D6A61D000][0000028D6B33DAC0 49] Android_Mali_G76_Vulkan, [0000028D6A632600][0000028D6B3400C0 49] Android_Mali_G77, [0000028D6A61EF00][0000028D6B344240 49] Android_Mali_G77_Vulkan, [0000028D6A630E00][0000028D6B3483C0 49] Android_Mali_G78, [0000028D6A61F100][0000028D6B34C540 49] Android_Mali_G78_Vulkan, [0000028D6A630800][0000028D6B3506C0 49] Android_Mali_G710, [0000028D6A61EC00][0000028D6B354840 49] Android_Mali_G710_Vulkan, [0000028D6A633C00][0000028D6B3589C0 49] Android_Vulkan_SM5, [0000028D6A61F500][0000028D6B35CB40 49] Android_PowerVR_G6xxx, [0000028D6A631F00][0000028D6B360CC0 49] Android_PowerVR_GT7xxx, [0000028D6A61DD00][0000028D6B31CE00 49] Android_PowerVR_GE8xxx, [0000028D6A633300][0000028D6B364F40 49] Android_PowerVR_GM9xxx, [0000028D6A61C800][0000028D6B369080 49] Android_PowerVR_GM9xxx_Vulkan, [0000028D6A633700][0000028D6B36D1C0 49] Android_TegraK1, [0000028D6A61D200][0000028D6B375340 49] Android_Unknown_Vulkan, [0000028D6A632900][0000028D6B3794C0 49] Lumin, [0000028D6A61F700][0000028D6B37D640 49] Lumin_Desktop, [0000028D6A632E00][0000028D6B3817C0 49] HoloLens, 
[2023.09.14-14.16.59:460][  0]LogMeshReduction: Using QuadricMeshReduction for automatic static mesh reduction
[2023.09.14-14.16.59:460][  0]LogMeshReduction: Using SimplygonMeshReduction for automatic skeletal mesh reduction
[2023.09.14-14.16.59:460][  0]LogMeshReduction: Using ProxyLODMeshReduction for automatic mesh merging
[2023.09.14-14.16.59:460][  0]LogMeshReduction: No distributed automatic mesh merging module available
[2023.09.14-14.16.59:460][  0]LogMeshMerging: No distributed automatic mesh merging module available
[2023.09.14-14.16.59:564][  0]LogNetVersion: Zombone 1.0.0, NetCL: 17155196, EngineNetVer: 17, GameNetVer: 0 (Checksum: 1748673324)
[2023.09.14-14.17.03:377][  0]LogTexture: Default maximum texture size for cubemaps generated from long-lat sources has been changed from 512 to unlimited. In order to preserve old behaiour for '/Engine/MapTemplates/Sky/DaylightAmbientCubemap.DaylightAmbientCubemap', its maximum texture size has been explicitly set to 512.
[2023.09.14-14.17.03:602][  0]LogHMD: PokeAHoleMaterial loaded successfully
[2023.09.14-14.17.03:612][  0]LogUObjectArray: 17178 objects as part of root set at end of initial load.
[2023.09.14-14.17.03:612][  0]LogUObjectAllocator: 4302048 out of 0 bytes used by permanent object pool.
[2023.09.14-14.17.03:612][  0]LogUObjectArray: CloseDisregardForGC: 0/0 objects in disregard for GC pool
[2023.09.14-14.17.05:868][  0]LogNiagaraDebuggerClient: Niagara Debugger Client Initialized | Session: 491D51E74A5B32D814635EBF00BA2D7C | Instance: 7E98F5E942637A83172F68A8F2B3EF28 (DESKTOP-J6VGNOD-19176).
[2023.09.14-14.17.08:416][  0]LogPython: Using Python 3.7.7
[2023.09.14-14.17.09:412][  0]LogTcpMessaging: Initializing TcpMessaging bridge
[2023.09.14-14.17.09:524][  0]LogUdpMessaging: Initializing bridge on interface 0.0.0.0:0 to multicast group 230.0.0.1:6666.
[2023.09.14-14.17.12:440][  0]SourceControl: Source control is disabled
[2023.09.14-14.17.12:440][  0]SourceControl: Source control is disabled
[2023.09.14-14.17.12:536][  0]SourceControl: Source control is disabled
[2023.09.14-14.17.12:595][  0]SourceControl: Source control is disabled
[2023.09.14-14.17.12:699][  0]SourceControl: Source control is disabled
[2023.09.14-14.17.12:758][  0]LogUProjectInfo: Found projects:
[2023.09.14-14.17.14:938][  0]LogOpenImageDenoise: OIDN starting up
[2023.09.14-14.17.15:132][  0]LogAndroidPermission: UAndroidPermissionCallbackProxy::GetInstance
[2023.09.14-14.17.15:338][  0]LogAudioCaptureCore: Display: No Audio Capture implementations found. Audio input will be silent.
[2023.09.14-14.17.15:338][  0]LogAudioCaptureCore: Display: No Audio Capture implementations found. Audio input will be silent.
[2023.09.14-14.17.16:698][  0]LogCollectionManager: Loaded 0 collections in 0.000692 seconds
[2023.09.14-14.17.16:882][  0]LogFileCache: Scanning file cache for directory 'E:/Portfolio/Unreal/FPS_Game/Zombone/Saved/Collections/' took 0.00s
[2023.09.14-14.17.16:882][  0]LogFileCache: Scanning file cache for directory 'E:/Portfolio/Unreal/FPS_Game/Zombone/Content/Developers/timve/Collections/' took 0.00s
[2023.09.14-14.17.16:882][  0]LogFileCache: Scanning file cache for directory 'E:/Portfolio/Unreal/FPS_Game/Zombone/Content/Collections/' took 0.00s
[2023.09.14-14.17.16:882][  0]LogOcInput: OculusInput pre-init called
[2023.09.14-14.17.17:575][  0]LogEngine: Initializing Engine...
[2023.09.14-14.17.17:790][  0]LogHMD: Optional extension XR_VARJO_quad_views is not available
[2023.09.14-14.17.17:790][  0]LogHMD: Warning: Required extension XR_EXT_eye_gaze_interaction is not available
[2023.09.14-14.17.17:790][  0]LogHMD: Could not enable all required OpenXR extensions for OpenXREyeTracker on current system. This plugin will be loaded but ignored, but will be enabled on a target platform that supports the required extension.
[2023.09.14-14.17.17:791][  0]LogHMD: Failed to get an OpenXR system, result is XR_ERROR_FORM_FACTOR_UNAVAILABLE. Please check that your runtime supports VR headsets.
[2023.09.14-14.17.17:791][  0]LogHMD: Failed to initialize OpenVR with code 110
[2023.09.14-14.17.17:792][  0]LogMagicLeap: Warning: VR disabled because ZI is not enabled.  To enable, in the editor, Edit -> Project Settings -> Plugins -> Magic Leap Plugin -> Enable Zero Iteration
[2023.09.14-14.17.17:793][  0]LogStats: UGameplayTagsManager::InitializeManager -  0.000 s
[2023.09.14-14.17.18:365][  0]LogInit: Initializing FReadOnlyCVARCache
[2023.09.14-14.17.18:446][  0]LogAIModule: Creating AISystem for world Untitled
[2023.09.14-14.17.18:446][  0]LogAudio: Display: Initializing Audio Device Manager...
[2023.09.14-14.17.18:496][  0]LogAudio: Display: Loading Default Audio Settings Objects...
[2023.09.14-14.17.18:501][  0]LogAudio: Display: No default SoundConcurrencyObject specified (or failed to load).
[2023.09.14-14.17.18:502][  0]LogAudio: Display: Audio Device Manager Initialized
[2023.09.14-14.17.18:502][  0]LogAudio: Display: Creating Audio Device:                 Id: 1, Scope: Shared, Realtime: True
[2023.09.14-14.17.18:503][  0]LogAudioMixer: Display: Audio Mixer Platform Settings:
[2023.09.14-14.17.18:503][  0]LogAudioMixer: Display: 	Sample Rate:						  48000
[2023.09.14-14.17.18:503][  0]LogAudioMixer: Display: 	Callback Buffer Frame Size Requested: 1024
[2023.09.14-14.17.18:503][  0]LogAudioMixer: Display: 	Callback Buffer Frame Size To Use:	  1024
[2023.09.14-14.17.18:503][  0]LogAudioMixer: Display: 	Number of buffers to queue:			  2
[2023.09.14-14.17.18:503][  0]LogAudioMixer: Display: 	Max Channels (voices):				  32
[2023.09.14-14.17.18:503][  0]LogAudioMixer: Display: 	Number of Async Source Workers:		  0
[2023.09.14-14.17.18:503][  0]LogAudio: Display: AudioDevice MaxSources: 32
[2023.09.14-14.17.18:504][  0]LogAudio: Display: Audio Spatialization Plugin: None (built-in).
[2023.09.14-14.17.18:504][  0]LogAudio: Display: Audio Reverb Plugin: None (built-in).
[2023.09.14-14.17.18:504][  0]LogAudio: Display: Audio Occlusion Plugin: None (built-in).
[2023.09.14-14.17.18:504][  0]LogAudioMixer: Display: Initializing audio mixer.
[2023.09.14-14.17.18:645][  0]LogAudioMixer: Display: 0: FrontLeft
[2023.09.14-14.17.18:645][  0]LogAudioMixer: Display: 1: FrontRight
[2023.09.14-14.17.18:676][  0]LogAudioMixer: Display: Using Audio Device Oortelefoon van hoofdtelefoon (Sennheiser Communication Audio)
[2023.09.14-14.17.18:677][  0]LogAudioMixer: Display: Initializing Sound Submixes...
[2023.09.14-14.17.18:708][  0]LogAudioMixer: Display: Creating Master Submix 'MasterSubmixDefault'
[2023.09.14-14.17.18:708][  0]LogAudioMixer: Display: Creating Master Submix 'MasterReverbSubmixDefault'
[2023.09.14-14.17.18:710][  0]LogAudioMixer: Display: Creating Master Submix 'MasterEQSubmixDefault'
[2023.09.14-14.17.18:711][  0]LogAudioMixer: FMixerPlatformXAudio2::StartAudioStream() called
[2023.09.14-14.17.18:711][  0]LogAudioMixer: Display: Output buffers initialized: Frames=1024, Channels=2, Samples=2048
[2023.09.14-14.17.18:714][  0]LogAudioMixer: Display: Starting AudioMixerPlatformInterface::RunInternal()
[2023.09.14-14.17.18:714][  0]LogAudioMixer: Display: FMixerPlatformXAudio2::SubmitBuffer() called for the first time
[2023.09.14-14.17.18:714][  0]LogInit: FAudioDevice initialized.
[2023.09.14-14.17.18:715][  0]LogAudio: Display: Audio Device (ID: 1) registered with world 'Untitled'.
[2023.09.14-14.17.18:715][  0]LogNetVersion: Set ProjectVersion to 1.0.0.0. Version Checksum will be recalculated on next use.
[2023.09.14-14.17.18:882][  0]LogDerivedDataCache: Saved boot cache 0.17s 99MB C:/Users/timve/AppData/Local/UnrealEngine/4.27/DerivedDataCache/Boot.ddc.
[2023.09.14-14.17.18:883][  0]LogInit: Texture streaming: Enabled
[2023.09.14-14.17.19:038][  0]LogAnalytics: Display: [UEEditor.Rocket.Release] APIServer = https://datarouter.ol.epicgames.com/. AppVersion = 4.27.2-18319896+++UE4+Release-4.27
[2023.09.14-14.17.19:067][  0]LogEngineSessionManager: EngineSessionManager initialized
[2023.09.14-14.17.19:067][  0]LogEngineSessionManager: EngineSessionManager sent abnormal shutdown report. Type=Debugger, SessionId={47DEBA95-4D54-7288-9CC0-4D98A2DE33D2}
[2023.09.14-14.17.19:067][  0]LogEngineSessionManager: EngineSessionManager sent abnormal shutdown report. Type=Debugger, SessionId={08FAAA90-4281-CD91-D006-B3A4B609024E}
[2023.09.14-14.17.19:067][  0]LogEngineSessionManager: EngineSessionManager sent abnormal shutdown report. Type=Debugger, SessionId={417BD63F-446E-E982-CB39-30B1E51CCC67}
[2023.09.14-14.17.19:068][  0]LogEditorSessionSummary: Verbose: Initializing EditorSessionSummaryWriter for editor session tracking
[2023.09.14-14.17.19:070][  0]LogEditorSessionSummary: EditorSessionSummaryWriter initialized
[2023.09.14-14.17.19:310][  0]LogInit: Transaction tracking system initialized
[2023.09.14-14.17.19:638][  0]BlueprintLog: New page: Editor Load
[2023.09.14-14.17.20:541][  0]LocalizationService: Localization service is disabled
[2023.09.14-14.17.20:895][  0]TimingProfiler: Initialize
[2023.09.14-14.17.20:895][  0]TimingProfiler: OnSessionChanged
[2023.09.14-14.17.20:895][  0]LoadingProfiler: Initialize
[2023.09.14-14.17.20:895][  0]LoadingProfiler: OnSessionChanged
[2023.09.14-14.17.20:895][  0]NetworkingProfiler: Initialize
[2023.09.14-14.17.20:895][  0]NetworkingProfiler: OnSessionChanged
[2023.09.14-14.17.20:896][  0]MemoryProfiler: Initialize
[2023.09.14-14.17.20:896][  0]MemoryProfiler: OnSessionChanged
[2023.09.14-14.17.22:060][  0]LogCook: Display: CookSettings for Memory: MemoryMaxUsedVirtual 0MiB, MemoryMaxUsedPhysical 16384MiB, MemoryMinFreeVirtual 0MiB, MemoryMinFreePhysical 1024MiB
[2023.09.14-14.17.22:060][  0]LogCook: Display: Mobile HDR setting 1
[2023.09.14-14.17.22:315][  0]LogFileCache: Scanning file cache for directory 'E:/Portfolio/Unreal/FPS_Game/Zombone/Content/' took 0.01s
[2023.09.14-14.17.24:184][  0]LogInit: Display: Engine is initialized. Leaving FEngineLoop::Init()
[2023.09.14-14.17.24:187][  0]SourceControl: Source control is disabled
[2023.09.14-14.17.24:187][  0]LogUnrealEdMisc: Loading editor; pre map load, took 45.432
[2023.09.14-14.17.24:187][  0]Cmd: MAP LOAD FILE="E:/Portfolio/Unreal/FPS_Game/Zombone/Content/PalaceHall/Levels/Level_PalaceHall_Demo.umap" TEMPLATE=0 SHOWPROGRESS=1 FEATURELEVEL=3
[2023.09.14-14.17.24:188][  0]LightingResults: New page: Lighting Build
[2023.09.14-14.17.24:189][  0]LogWorld: UWorld::CleanupWorld for Untitled, bSessionEnded=true, bCleanupResources=true
[2023.09.14-14.17.24:190][  0]LogSlate: InvalidateAllWidgets triggered.  All widgets were invalidated
[2023.09.14-14.17.24:190][  0]MapCheck: New page: Map Check
[2023.09.14-14.17.24:190][  0]LightingResults: New page: Lighting Build
[2023.09.14-14.17.24:197][  0]LogAudio: Display: Audio Device unregistered from world 'None'.
[2023.09.14-14.17.24:202][  0]LogUObjectHash: Compacting FUObjectHashTables data took   0.90ms
[2023.09.14-14.17.27:502][  0]LogAudio: Display: Audio Device (ID: 1) registered with world 'Level_PalaceHall_Demo'.
[2023.09.14-14.17.27:504][  0]LogAIModule: Creating AISystem for world Level_PalaceHall_Demo
[2023.09.14-14.17.27:583][  0]LogEditorServer: Finished looking for orphan Actors (0.000 secs)
[2023.09.14-14.17.27:652][  0]LogUObjectHash: Compacting FUObjectHashTables data took   1.05ms
[2023.09.14-14.17.27:653][  0]Cmd: MAP CHECKDEP NOCLEARLOG
[2023.09.14-14.17.27:653][  0]MapCheck: Map check complete: 0 Error(s), 0 Warning(s), took 0,417ms to complete.
[2023.09.14-14.17.27:654][  0]LogFileHelpers: Loading map 'Level_PalaceHall_Demo' took 3.466
[2023.09.14-14.17.27:657][  0]LogUnrealEdMisc: Total Editor Startup Time, took 48.902
[2023.09.14-14.17.27:834][  0]LogSlate: Updating window title bar state: overlay mode, drag disabled, window buttons hidden, title bar hidden
[2023.09.14-14.17.27:842][  0]LogSlate: Updating window title bar state: overlay mode, drag disabled, window buttons hidden, title bar hidden
[2023.09.14-14.17.27:850][  0]LogSlate: Updating window title bar state: overlay mode, drag disabled, window buttons hidden, title bar hidden
[2023.09.14-14.17.27:859][  0]LogSlate: Updating window title bar state: overlay mode, drag disabled, window buttons hidden, title bar hidden
[2023.09.14-14.17.27:882][  0]LogNativeClassHierarchy: Verbose: Native class hierarchy populated in 0.0116 seconds. Added 3830 classes and 930 folders.
[2023.09.14-14.17.27:884][  0]LogNativeClassHierarchy: Verbose: Native class hierarchy updated for 'WidgetCarousel' in 0.0004 seconds. Added 0 classes and 0 folders.
[2023.09.14-14.17.27:902][  0]LogPakFile: PakFile PrimaryIndexSize=187
[2023.09.14-14.17.27:902][  0]LogPakFile: PakFile PathHashIndexSize=101
[2023.09.14-14.17.27:902][  0]LogPakFile: PakFile FullDirectoryIndexSize=148
[2023.09.14-14.17.27:902][  0]LogShaderLibrary: Display: ShaderCodeLibraryPakFileMountedCallback: PakFile 'D:/Epic Games/UE_4.27/FeaturePacks/FP_FirstPerson.upack' (chunk index -1, root 'root:/') mounted
[2023.09.14-14.17.27:902][  0]LogShaderLibrary: Display: ShaderCodeLibraryPakFileMountedCallback: pending pak file info (ChunkID:-1 Root:root:/ File:D:/Epic Games/UE_4.27/FeaturePacks/FP_FirstPerson.upack)
[2023.09.14-14.17.27:902][  0]LogPakFile: OnPakFileMounted2Time == 0.000200
[2023.09.14-14.17.27:911][  0]LogPakFile: PakFile PrimaryIndexSize=189
[2023.09.14-14.17.27:912][  0]LogPakFile: PakFile PathHashIndexSize=101
[2023.09.14-14.17.27:912][  0]LogPakFile: PakFile FullDirectoryIndexSize=152
[2023.09.14-14.17.27:912][  0]LogShaderLibrary: Display: ShaderCodeLibraryPakFileMountedCallback: PakFile 'D:/Epic Games/UE_4.27/FeaturePacks/FP_FirstPersonBP.upack' (chunk index -1, root 'root:/') mounted
[2023.09.14-14.17.27:912][  0]LogShaderLibrary: Display: ShaderCodeLibraryPakFileMountedCallback: pending pak file info (ChunkID:-1 Root:root:/ File:D:/Epic Games/UE_4.27/FeaturePacks/FP_FirstPersonBP.upack)
[2023.09.14-14.17.27:912][  0]LogPakFile: OnPakFileMounted2Time == 0.000381
[2023.09.14-14.17.27:918][  0]LogPakFile: PakFile PrimaryIndexSize=191
[2023.09.14-14.17.27:919][  0]LogPakFile: PakFile PathHashIndexSize=101
[2023.09.14-14.17.27:919][  0]LogPakFile: PakFile FullDirectoryIndexSize=160
[2023.09.14-14.17.27:919][  0]LogShaderLibrary: Display: ShaderCodeLibraryPakFileMountedCallback: PakFile 'D:/Epic Games/UE_4.27/FeaturePacks/MobileStarterContent.upack' (chunk index -1, root 'root:/') mounted
[2023.09.14-14.17.27:919][  0]LogShaderLibrary: Display: ShaderCodeLibraryPakFileMountedCallback: pending pak file info (ChunkID:-1 Root:root:/ File:D:/Epic Games/UE_4.27/FeaturePacks/MobileStarterContent.upack)
[2023.09.14-14.17.27:919][  0]LogPakFile: OnPakFileMounted2Time == 0.000251
[2023.09.14-14.17.27:926][  0]LogPakFile: PakFile PrimaryIndexSize=185
[2023.09.14-14.17.27:926][  0]LogPakFile: PakFile PathHashIndexSize=101
[2023.09.14-14.17.27:926][  0]LogPakFile: PakFile FullDirectoryIndexSize=148
[2023.09.14-14.17.27:926][  0]LogShaderLibrary: Display: ShaderCodeLibraryPakFileMountedCallback: PakFile 'D:/Epic Games/UE_4.27/FeaturePacks/StarterContent.upack' (chunk index -1, root 'root:/') mounted
[2023.09.14-14.17.27:927][  0]LogShaderLibrary: Display: ShaderCodeLibraryPakFileMountedCallback: pending pak file info (ChunkID:-1 Root:root:/ File:D:/Epic Games/UE_4.27/FeaturePacks/StarterContent.upack)
[2023.09.14-14.17.27:927][  0]LogPakFile: OnPakFileMounted2Time == 0.000259
[2023.09.14-14.17.27:933][  0]LogPakFile: PakFile PrimaryIndexSize=190
[2023.09.14-14.17.27:933][  0]LogPakFile: PakFile PathHashIndexSize=101
[2023.09.14-14.17.27:933][  0]LogPakFile: PakFile FullDirectoryIndexSize=154
[2023.09.14-14.17.27:933][  0]LogShaderLibrary: Display: ShaderCodeLibraryPakFileMountedCallback: PakFile 'D:/Epic Games/UE_4.27/FeaturePacks/TP_2DSideScroller.upack' (chunk index -1, root 'root:/') mounted
[2023.09.14-14.17.27:934][  0]LogShaderLibrary: Display: ShaderCodeLibraryPakFileMountedCallback: pending pak file info (ChunkID:-1 Root:root:/ File:D:/Epic Games/UE_4.27/FeaturePacks/TP_2DSideScroller.upack)
[2023.09.14-14.17.27:934][  0]LogPakFile: OnPakFileMounted2Time == 0.000215
[2023.09.14-14.17.27:940][  0]LogPakFile: PakFile PrimaryIndexSize=192
[2023.09.14-14.17.27:941][  0]LogPakFile: PakFile PathHashIndexSize=101
[2023.09.14-14.17.27:941][  0]LogPakFile: PakFile FullDirectoryIndexSize=158
[2023.09.14-14.17.27:941][  0]LogShaderLibrary: Display: ShaderCodeLibraryPakFileMountedCallback: PakFile 'D:/Epic Games/UE_4.27/FeaturePacks/TP_2DSideScrollerBP.upack' (chunk index -1, root 'root:/') mounted
[2023.09.14-14.17.27:941][  0]LogShaderLibrary: Display: ShaderCodeLibraryPakFileMountedCallback: pending pak file info (ChunkID:-1 Root:root:/ File:D:/Epic Games/UE_4.27/FeaturePacks/TP_2DSideScrollerBP.upack)
[2023.09.14-14.17.27:941][  0]LogPakFile: OnPakFileMounted2Time == 0.000222
[2023.09.14-14.17.27:947][  0]LogPakFile: PakFile PrimaryIndexSize=182
[2023.09.14-14.17.27:948][  0]LogPakFile: PakFile PathHashIndexSize=101
[2023.09.14-14.17.27:948][  0]LogPakFile: PakFile FullDirectoryIndexSize=138
[2023.09.14-14.17.27:948][  0]LogShaderLibrary: Display: ShaderCodeLibraryPakFileMountedCallback: PakFile 'D:/Epic Games/UE_4.27/FeaturePacks/TP_Flying.upack' (chunk index -1, root 'root:/') mounted
[2023.09.14-14.17.27:948][  0]LogShaderLibrary: Display: ShaderCodeLibraryPakFileMountedCallback: pending pak file info (ChunkID:-1 Root:root:/ File:D:/Epic Games/UE_4.27/FeaturePacks/TP_Flying.upack)
[2023.09.14-14.17.27:948][  0]LogPakFile: OnPakFileMounted2Time == 0.000157
[2023.09.14-14.17.27:954][  0]LogPakFile: PakFile PrimaryIndexSize=184
[2023.09.14-14.17.27:954][  0]LogPakFile: PakFile PathHashIndexSize=101
[2023.09.14-14.17.27:954][  0]LogPakFile: PakFile FullDirectoryIndexSize=142
[2023.09.14-14.17.27:955][  0]LogShaderLibrary: Display: ShaderCodeLibraryPakFileMountedCallback: PakFile 'D:/Epic Games/UE_4.27/FeaturePacks/TP_FlyingBP.upack' (chunk index -1, root 'root:/') mounted
[2023.09.14-14.17.27:955][  0]LogShaderLibrary: Display: ShaderCodeLibraryPakFileMountedCallback: pending pak file info (ChunkID:-1 Root:root:/ File:D:/Epic Games/UE_4.27/FeaturePacks/TP_FlyingBP.upack)
[2023.09.14-14.17.27:955][  0]LogPakFile: OnPakFileMounted2Time == 0.000265
[2023.09.14-14.17.27:962][  0]LogPakFile: PakFile PrimaryIndexSize=188
[2023.09.14-14.17.27:962][  0]LogPakFile: PakFile PathHashIndexSize=101
[2023.09.14-14.17.27:962][  0]LogPakFile: PakFile FullDirectoryIndexSize=150
[2023.09.14-14.17.27:962][  0]LogShaderLibrary: Display: ShaderCodeLibraryPakFileMountedCallback: PakFile 'D:/Epic Games/UE_4.27/FeaturePacks/TP_HandheldARBP.upack' (chunk index -1, root 'root:/') mounted
[2023.09.14-14.17.27:963][  0]LogShaderLibrary: Display: ShaderCodeLibraryPakFileMountedCallback: pending pak file info (ChunkID:-1 Root:root:/ File:D:/Epic Games/UE_4.27/FeaturePacks/TP_HandheldARBP.upack)
[2023.09.14-14.17.27:963][  0]LogPakFile: OnPakFileMounted2Time == 0.000206
[2023.09.14-14.17.27:969][  0]LogPakFile: PakFile PrimaryIndexSize=182
[2023.09.14-14.17.27:969][  0]LogPakFile: PakFile PathHashIndexSize=101
[2023.09.14-14.17.27:969][  0]LogPakFile: PakFile FullDirectoryIndexSize=138
[2023.09.14-14.17.27:969][  0]LogShaderLibrary: Display: ShaderCodeLibraryPakFileMountedCallback: PakFile 'D:/Epic Games/UE_4.27/FeaturePacks/TP_Puzzle.upack' (chunk index -1, root 'root:/') mounted
[2023.09.14-14.17.27:969][  0]LogShaderLibrary: Display: ShaderCodeLibraryPakFileMountedCallback: pending pak file info (ChunkID:-1 Root:root:/ File:D:/Epic Games/UE_4.27/FeaturePacks/TP_Puzzle.upack)
[2023.09.14-14.17.27:969][  0]LogPakFile: OnPakFileMounted2Time == 0.000177
[2023.09.14-14.17.27:976][  0]LogPakFile: PakFile PrimaryIndexSize=184
[2023.09.14-14.17.27:976][  0]LogPakFile: PakFile PathHashIndexSize=101
[2023.09.14-14.17.27:976][  0]LogPakFile: PakFile FullDirectoryIndexSize=142
[2023.09.14-14.17.27:977][  0]LogShaderLibrary: Display: ShaderCodeLibraryPakFileMountedCallback: PakFile 'D:/Epic Games/UE_4.27/FeaturePacks/TP_PuzzleBP.upack' (chunk index -1, root 'root:/') mounted
[2023.09.14-14.17.27:977][  0]LogShaderLibrary: Display: ShaderCodeLibraryPakFileMountedCallback: pending pak file info (ChunkID:-1 Root:root:/ File:D:/Epic Games/UE_4.27/FeaturePacks/TP_PuzzleBP.upack)
[2023.09.14-14.17.27:977][  0]LogPakFile: OnPakFileMounted2Time == 0.000207
[2023.09.14-14.17.27:983][  0]LogPakFile: PakFile PrimaryIndexSize=183
[2023.09.14-14.17.27:983][  0]LogPakFile: PakFile PathHashIndexSize=101
[2023.09.14-14.17.27:983][  0]LogPakFile: PakFile FullDirectoryIndexSize=140
[2023.09.14-14.17.27:983][  0]LogShaderLibrary: Display: ShaderCodeLibraryPakFileMountedCallback: PakFile 'D:/Epic Games/UE_4.27/FeaturePacks/TP_Rolling.upack' (chunk index -1, root 'root:/') mounted
[2023.09.14-14.17.27:983][  0]LogShaderLibrary: Display: ShaderCodeLibraryPakFileMountedCallback: pending pak file info (ChunkID:-1 Root:root:/ File:D:/Epic Games/UE_4.27/FeaturePacks/TP_Rolling.upack)
[2023.09.14-14.17.27:983][  0]LogPakFile: OnPakFileMounted2Time == 0.000152
[2023.09.14-14.17.27:989][  0]LogPakFile: PakFile PrimaryIndexSize=185
[2023.09.14-14.17.27:989][  0]LogPakFile: PakFile PathHashIndexSize=101
[2023.09.14-14.17.27:990][  0]LogPakFile: PakFile FullDirectoryIndexSize=144
[2023.09.14-14.17.27:990][  0]LogShaderLibrary: Display: ShaderCodeLibraryPakFileMountedCallback: PakFile 'D:/Epic Games/UE_4.27/FeaturePacks/TP_RollingBP.upack' (chunk index -1, root 'root:/') mounted
[2023.09.14-14.17.27:990][  0]LogShaderLibrary: Display: ShaderCodeLibraryPakFileMountedCallback: pending pak file info (ChunkID:-1 Root:root:/ File:D:/Epic Games/UE_4.27/FeaturePacks/TP_RollingBP.upack)
[2023.09.14-14.17.27:990][  0]LogPakFile: OnPakFileMounted2Time == 0.000235
[2023.09.14-14.17.27:996][  0]LogPakFile: PakFile PrimaryIndexSize=188
[2023.09.14-14.17.27:996][  0]LogPakFile: PakFile PathHashIndexSize=101
[2023.09.14-14.17.27:996][  0]LogPakFile: PakFile FullDirectoryIndexSize=150
[2023.09.14-14.17.27:996][  0]LogShaderLibrary: Display: ShaderCodeLibraryPakFileMountedCallback: PakFile 'D:/Epic Games/UE_4.27/FeaturePacks/TP_SideScroller.upack' (chunk index -1, root 'root:/') mounted
[2023.09.14-14.17.27:996][  0]LogShaderLibrary: Display: ShaderCodeLibraryPakFileMountedCallback: pending pak file info (ChunkID:-1 Root:root:/ File:D:/Epic Games/UE_4.27/FeaturePacks/TP_SideScroller.upack)
[2023.09.14-14.17.27:997][  0]LogPakFile: OnPakFileMounted2Time == 0.000155
[2023.09.14-14.17.28:002][  0]LogPakFile: PakFile PrimaryIndexSize=190
[2023.09.14-14.17.28:002][  0]LogPakFile: PakFile PathHashIndexSize=101
[2023.09.14-14.17.28:002][  0]LogPakFile: PakFile FullDirectoryIndexSize=154
[2023.09.14-14.17.28:003][  0]LogShaderLibrary: Display: ShaderCodeLibraryPakFileMountedCallback: PakFile 'D:/Epic Games/UE_4.27/FeaturePacks/TP_SideScrollerBP.upack' (chunk index -1, root 'root:/') mounted
[2023.09.14-14.17.28:003][  0]LogShaderLibrary: Display: ShaderCodeLibraryPakFileMountedCallback: pending pak file info (ChunkID:-1 Root:root:/ File:D:/Epic Games/UE_4.27/FeaturePacks/TP_SideScrollerBP.upack)
[2023.09.14-14.17.28:003][  0]LogPakFile: OnPakFileMounted2Time == 0.000249
[2023.09.14-14.17.28:009][  0]LogPakFile: PakFile PrimaryIndexSize=187
[2023.09.14-14.17.28:009][  0]LogPakFile: PakFile PathHashIndexSize=101
[2023.09.14-14.17.28:009][  0]LogPakFile: PakFile FullDirectoryIndexSize=148
[2023.09.14-14.17.28:010][  0]LogShaderLibrary: Display: ShaderCodeLibraryPakFileMountedCallback: PakFile 'D:/Epic Games/UE_4.27/FeaturePacks/TP_ThirdPerson.upack' (chunk index -1, root 'root:/') mounted
[2023.09.14-14.17.28:010][  0]LogShaderLibrary: Display: ShaderCodeLibraryPakFileMountedCallback: pending pak file info (ChunkID:-1 Root:root:/ File:D:/Epic Games/UE_4.27/FeaturePacks/TP_ThirdPerson.upack)
[2023.09.14-14.17.28:010][  0]LogPakFile: OnPakFileMounted2Time == 0.000210
[2023.09.14-14.17.28:016][  0]LogPakFile: PakFile PrimaryIndexSize=189
[2023.09.14-14.17.28:016][  0]LogPakFile: PakFile PathHashIndexSize=101
[2023.09.14-14.17.28:016][  0]LogPakFile: PakFile FullDirectoryIndexSize=152
[2023.09.14-14.17.28:016][  0]LogShaderLibrary: Display: ShaderCodeLibraryPakFileMountedCallback: PakFile 'D:/Epic Games/UE_4.27/FeaturePacks/TP_ThirdPersonBP.upack' (chunk index -1, root 'root:/') mounted
[2023.09.14-14.17.28:016][  0]LogShaderLibrary: Display: ShaderCodeLibraryPakFileMountedCallback: pending pak file info (ChunkID:-1 Root:root:/ File:D:/Epic Games/UE_4.27/FeaturePacks/TP_ThirdPersonBP.upack)
[2023.09.14-14.17.28:016][  0]LogPakFile: OnPakFileMounted2Time == 0.000158
[2023.09.14-14.17.28:023][  0]LogPakFile: PakFile PrimaryIndexSize=183
[2023.09.14-14.17.28:023][  0]LogPakFile: PakFile PathHashIndexSize=101
[2023.09.14-14.17.28:023][  0]LogPakFile: PakFile FullDirectoryIndexSize=140
[2023.09.14-14.17.28:023][  0]LogShaderLibrary: Display: ShaderCodeLibraryPakFileMountedCallback: PakFile 'D:/Epic Games/UE_4.27/FeaturePacks/TP_TopDown.upack' (chunk index -1, root 'root:/') mounted
[2023.09.14-14.17.28:023][  0]LogShaderLibrary: Display: ShaderCodeLibraryPakFileMountedCallback: pending pak file info (ChunkID:-1 Root:root:/ File:D:/Epic Games/UE_4.27/FeaturePacks/TP_TopDown.upack)
[2023.09.14-14.17.28:023][  0]LogPakFile: OnPakFileMounted2Time == 0.000175
[2023.09.14-14.17.28:030][  0]LogPakFile: PakFile PrimaryIndexSize=185
[2023.09.14-14.17.28:030][  0]LogPakFile: PakFile PathHashIndexSize=101
[2023.09.14-14.17.28:030][  0]LogPakFile: PakFile FullDirectoryIndexSize=144
[2023.09.14-14.17.28:030][  0]LogShaderLibrary: Display: ShaderCodeLibraryPakFileMountedCallback: PakFile 'D:/Epic Games/UE_4.27/FeaturePacks/TP_TopDownBP.upack' (chunk index -1, root 'root:/') mounted
[2023.09.14-14.17.28:030][  0]LogShaderLibrary: Display: ShaderCodeLibraryPakFileMountedCallback: pending pak file info (ChunkID:-1 Root:root:/ File:D:/Epic Games/UE_4.27/FeaturePacks/TP_TopDownBP.upack)
[2023.09.14-14.17.28:030][  0]LogPakFile: OnPakFileMounted2Time == 0.000183
[2023.09.14-14.17.28:040][  0]LogPakFile: PakFile PrimaryIndexSize=185
[2023.09.14-14.17.28:040][  0]LogPakFile: PakFile PathHashIndexSize=101
[2023.09.14-14.17.28:040][  0]LogPakFile: PakFile FullDirectoryIndexSize=144
[2023.09.14-14.17.28:040][  0]LogShaderLibrary: Display: ShaderCodeLibraryPakFileMountedCallback: PakFile 'D:/Epic Games/UE_4.27/FeaturePacks/TP_TwinStick.upack' (chunk index -1, root 'root:/') mounted
[2023.09.14-14.17.28:041][  0]LogShaderLibrary: Display: ShaderCodeLibraryPakFileMountedCallback: pending pak file info (ChunkID:-1 Root:root:/ File:D:/Epic Games/UE_4.27/FeaturePacks/TP_TwinStick.upack)
[2023.09.14-14.17.28:041][  0]LogPakFile: OnPakFileMounted2Time == 0.000221
[2023.09.14-14.17.28:047][  0]LogPakFile: PakFile PrimaryIndexSize=187
[2023.09.14-14.17.28:047][  0]LogPakFile: PakFile PathHashIndexSize=101
[2023.09.14-14.17.28:047][  0]LogPakFile: PakFile FullDirectoryIndexSize=148
[2023.09.14-14.17.28:047][  0]LogShaderLibrary: Display: ShaderCodeLibraryPakFileMountedCallback: PakFile 'D:/Epic Games/UE_4.27/FeaturePacks/TP_TwinStickBP.upack' (chunk index -1, root 'root:/') mounted
[2023.09.14-14.17.28:047][  0]LogShaderLibrary: Display: ShaderCodeLibraryPakFileMountedCallback: pending pak file info (ChunkID:-1 Root:root:/ File:D:/Epic Games/UE_4.27/FeaturePacks/TP_TwinStickBP.upack)
[2023.09.14-14.17.28:047][  0]LogPakFile: OnPakFileMounted2Time == 0.000162
[2023.09.14-14.17.28:053][  0]LogPakFile: PakFile PrimaryIndexSize=183
[2023.09.14-14.17.28:053][  0]LogPakFile: PakFile PathHashIndexSize=101
[2023.09.14-14.17.28:053][  0]LogPakFile: PakFile FullDirectoryIndexSize=140
[2023.09.14-14.17.28:054][  0]LogShaderLibrary: Display: ShaderCodeLibraryPakFileMountedCallback: PakFile 'D:/Epic Games/UE_4.27/FeaturePacks/TP_Vehicle.upack' (chunk index -1, root 'root:/') mounted
[2023.09.14-14.17.28:054][  0]LogShaderLibrary: Display: ShaderCodeLibraryPakFileMountedCallback: pending pak file info (ChunkID:-1 Root:root:/ File:D:/Epic Games/UE_4.27/FeaturePacks/TP_Vehicle.upack)
[2023.09.14-14.17.28:054][  0]LogPakFile: OnPakFileMounted2Time == 0.000691
[2023.09.14-14.17.28:061][  0]LogPakFile: PakFile PrimaryIndexSize=186
[2023.09.14-14.17.28:061][  0]LogPakFile: PakFile PathHashIndexSize=101
[2023.09.14-14.17.28:061][  0]LogPakFile: PakFile FullDirectoryIndexSize=146
[2023.09.14-14.17.28:061][  0]LogShaderLibrary: Display: ShaderCodeLibraryPakFileMountedCallback: PakFile 'D:/Epic Games/UE_4.27/FeaturePacks/TP_VehicleAdv.upack' (chunk index -1, root 'root:/') mounted
[2023.09.14-14.17.28:062][  0]LogShaderLibrary: Display: ShaderCodeLibraryPakFileMountedCallback: pending pak file info (ChunkID:-1 Root:root:/ File:D:/Epic Games/UE_4.27/FeaturePacks/TP_VehicleAdv.upack)
[2023.09.14-14.17.28:062][  0]LogPakFile: OnPakFileMounted2Time == 0.000218
[2023.09.14-14.17.28:068][  0]LogPakFile: PakFile PrimaryIndexSize=188
[2023.09.14-14.17.28:068][  0]LogPakFile: PakFile PathHashIndexSize=101
[2023.09.14-14.17.28:068][  0]LogPakFile: PakFile FullDirectoryIndexSize=150
[2023.09.14-14.17.28:068][  0]LogShaderLibrary: Display: ShaderCodeLibraryPakFileMountedCallback: PakFile 'D:/Epic Games/UE_4.27/FeaturePacks/TP_VehicleAdvBP.upack' (chunk index -1, root 'root:/') mounted
[2023.09.14-14.17.28:068][  0]LogShaderLibrary: Display: ShaderCodeLibraryPakFileMountedCallback: pending pak file info (ChunkID:-1 Root:root:/ File:D:/Epic Games/UE_4.27/FeaturePacks/TP_VehicleAdvBP.upack)
[2023.09.14-14.17.28:069][  0]LogPakFile: OnPakFileMounted2Time == 0.000418
[2023.09.14-14.17.28:076][  0]LogPakFile: PakFile PrimaryIndexSize=185
[2023.09.14-14.17.28:076][  0]LogPakFile: PakFile PathHashIndexSize=101
[2023.09.14-14.17.28:076][  0]LogPakFile: PakFile FullDirectoryIndexSize=144
[2023.09.14-14.17.28:077][  0]LogShaderLibrary: Display: ShaderCodeLibraryPakFileMountedCallback: PakFile 'D:/Epic Games/UE_4.27/FeaturePacks/TP_VehicleBP.upack' (chunk index -1, root 'root:/') mounted
[2023.09.14-14.17.28:077][  0]LogShaderLibrary: Display: ShaderCodeLibraryPakFileMountedCallback: pending pak file info (ChunkID:-1 Root:root:/ File:D:/Epic Games/UE_4.27/FeaturePacks/TP_VehicleBP.upack)
[2023.09.14-14.17.28:077][  0]LogPakFile: OnPakFileMounted2Time == 0.000282
[2023.09.14-14.17.28:084][  0]LogPakFile: PakFile PrimaryIndexSize=192
[2023.09.14-14.17.28:084][  0]LogPakFile: PakFile PathHashIndexSize=101
[2023.09.14-14.17.28:085][  0]LogPakFile: PakFile FullDirectoryIndexSize=158
[2023.09.14-14.17.28:085][  0]LogShaderLibrary: Display: ShaderCodeLibraryPakFileMountedCallback: PakFile 'D:/Epic Games/UE_4.27/FeaturePacks/TP_VirtualRealityBP.upack' (chunk index -1, root 'root:/') mounted
[2023.09.14-14.17.28:085][  0]LogShaderLibrary: Display: ShaderCodeLibraryPakFileMountedCallback: pending pak file info (ChunkID:-1 Root:root:/ File:D:/Epic Games/UE_4.27/FeaturePacks/TP_VirtualRealityBP.upack)
[2023.09.14-14.17.28:085][  0]LogPakFile: OnPakFileMounted2Time == 0.000281
[2023.09.14-14.17.28:510][  0]LogNativeClassHierarchy: Verbose: Native class hierarchy updated for 'AddContentDialog' in 0.0004 seconds. Added 0 classes and 0 folders.
[2023.09.14-14.17.28:512][  0]LogNativeClassHierarchy: Verbose: Native class hierarchy updated for 'SceneOutliner' in 0.0003 seconds. Added 2 classes and 0 folders.
[2023.09.14-14.17.29:221][  0]LogSlate: Only BGRA pngs, bmps or icos are supported in by External Image Picker
[2023.09.14-14.17.29:342][  0]LogSlate: Took 0.005634 seconds to synchronously load lazily loaded font '../../../Engine/Content/Slate/Fonts/Roboto-Regular.ttf' (155K)
[2023.09.14-14.17.29:349][  0]LogSlate: Took 0.005669 seconds to synchronously load lazily loaded font '../../../Engine/Content/Editor/Slate/Fonts/FontAwesome.ttf' (139K)
[2023.09.14-14.17.29:359][  0]LogSlate: Took 0.008303 seconds to synchronously load lazily loaded font '../../../Engine/Content/Slate/Fonts/Roboto-Bold.ttf' (160K)
[2023.09.14-14.17.29:630][  0]LogRenderer: Reallocating scene render targets to support 1208x572 Format 10 NumSamples 1 (Frame:1).
[2023.09.14-14.17.29:705][  0]LogSlate: Took 0.004837 seconds to synchronously load lazily loaded font '../../../Engine/Content/Slate/Fonts/Roboto-Light.ttf' (167K)
[2023.09.14-14.17.29:915][  0]LogNativeClassHierarchy: Verbose: Native class hierarchy updated for 'HierarchicalLODOutliner' in 0.0003 seconds. Added 0 classes and 0 folders.
[2023.09.14-14.17.29:916][  0]LogLoad: (Engine Initialization) Total time: 51.16 seconds
[2023.09.14-14.17.29:916][  0]LogLoad: (Engine Initialization) Total Blueprint compile time: 0.00 seconds
[2023.09.14-14.17.29:985][  0]LogAssetRegistry: Asset discovery search completed in 32.6915 seconds
[2023.09.14-14.17.30:019][  0]LogCollectionManager: Fixed up redirectors for 0 collections in 0.000005 seconds (updated 0 objects)
[2023.09.14-14.17.30:035][  0]LogContentStreaming: Texture pool size now 1000 MB
[2023.09.14-14.17.40:199][162]LogTemp: Repeating last play command: Selected Viewport
[2023.09.14-14.17.40:219][162]LogPlayLevel: PlayLevel: No blueprints needed recompiling
[2023.09.14-14.17.40:219][162]PIE: New page: PIE session: Level_PalaceHall_Demo (14 sep. 2023 18:17:40)
[2023.09.14-14.17.40:221][162]LogOnline: OSS: Creating online subsystem instance for: NULL
[2023.09.14-14.17.40:224][162]LogOnline: OSS: TryLoadSubsystemAndSetDefault: Loaded subsystem for module [NULL]
[2023.09.14-14.17.40:224][162]LogPlayLevel: Creating play world package: /Game/PalaceHall/Levels/UEDPIE_0_Level_PalaceHall_Demo
