Log file open, 10/08/22 16:15:44
LogWindows: Failed to load 'aqProf.dll' (GetLastError=126)
LogWindows: File 'aqProf.dll' does not exist
LogWindows: Failed to load 'VtuneApi.dll' (GetLastError=126)
LogWindows: File 'VtuneApi.dll' does not exist
LogWindows: Failed to load 'VtuneApi32e.dll' (GetLastError=126)
LogWindows: File 'VtuneApi32e.dll' does not exist
LogConsoleResponse: Display: Failed to find resolution value strings in scalability ini. Falling back to default.
LogConsoleResponse: Display: Failed to find resolution value strings in scalability ini. Falling back to default.
LogInit: Display: Running engine for game: Zombone
LogPlatformFile: Not using cached read wrapper
LogTaskGraph: Started task graph with 5 named threads and 35 total threads with 3 sets of task threads.
LogStats: Stats thread started at 0.341453
LogICUInternationalization: ICU TimeZone Detection - Raw Offset: +1:00, Platform Override: ''
LogInit: Display: Loading text-based GConfig....
LogPluginManager: Mounting plugin MeshPainting
LogPluginManager: Mounting plugin XGEController
LogPluginManager: Mounting plugin Paper2D
LogPluginManager: Mounting plugin EnvironmentQueryEditor
LogPluginManager: Mounting plugin AISupport
LogPluginManager: Mounting plugin LiveLink
LogPluginManager: Mounting plugin GameplayCameras
LogPluginManager: Mounting plugin OodleData
LogPluginManager: Mounting plugin CameraShakePreviewer
LogPluginManager: Mounting plugin KDevelopSourceCodeAccess
LogPluginManager: Mounting plugin CLionSourceCodeAccess
LogPluginManager: Mounting plugin CodeLiteSourceCodeAccess
LogPluginManager: Mounting plugin GitSourceControl
LogPluginManager: Mounting plugin PerforceSourceControl
LogPluginManager: Mounting plugin AnimationSharing
LogPluginManager: Mounting plugin PixWinPlugin
LogPluginManager: Mounting plugin PluginUtils
LogPluginManager: Mounting plugin PropertyAccessNode
LogPluginManager: Mounting plugin OodleNetwork
LogPluginManager: Mounting plugin RiderSourceCodeAccess
LogPluginManager: Mounting plugin SubversionSourceControl
LogPluginManager: Mounting plugin PlasticSourceControl
LogPluginManager: Mounting plugin UObjectPlugin
LogPluginManager: Mounting plugin VisualStudioSourceCodeAccess
LogPluginManager: Mounting plugin NullSourceCodeAccess
LogPluginManager: Mounting plugin VisualStudioCodeSourceCodeAccess
LogPluginManager: Mounting plugin LightPropagationVolume
LogPluginManager: Mounting plugin TextureFormatOodle
LogPluginManager: Mounting plugin XCodeSourceCodeAccess
LogPluginManager: Mounting plugin DatasmithContent
LogPluginManager: Mounting plugin VariantManagerContent
LogPluginManager: Mounting plugin AlembicImporter
LogPluginManager: Mounting plugin AutomationUtils
LogPluginManager: Mounting plugin BackChannel
LogPluginManager: Mounting plugin ChaosCloth
LogPluginManager: Mounting plugin ChaosClothEditor
LogPluginManager: Mounting plugin ChaosEditor
LogPluginManager: Mounting plugin ChaosNiagara
LogPluginManager: Mounting plugin ChaosSolverPlugin
LogPluginManager: Mounting plugin CharacterAI
LogPluginManager: Mounting plugin GeometryCache
LogPluginManager: Mounting plugin GeometryCollectionPlugin
LogPluginManager: Mounting plugin GeometryProcessing
LogPluginManager: Mounting plugin MotoSynth
LogPluginManager: Mounting plugin PlanarCut
LogPluginManager: Mounting plugin ProxyLODPlugin
LogPluginManager: Mounting plugin PlatformCrypto
LogPluginManager: Mounting plugin PythonScriptPlugin
LogPluginManager: Mounting plugin OpenImageDenoise
LogPluginManager: Mounting plugin SkeletalReduction
LogPluginManager: Mounting plugin LuminPlatformFeatures
LogPluginManager: Mounting plugin MagicLeap
LogPluginManager: Mounting plugin MagicLeapLightEstimation
LogPluginManager: Mounting plugin MagicLeapPassableWorld
LogPluginManager: Mounting plugin MLSDK
LogPluginManager: Mounting plugin MagicLeapMedia
LogPluginManager: Mounting plugin AssetManagerEditor
LogPluginManager: Mounting plugin Niagara
LogPluginManager: Mounting plugin AvfMedia
LogPluginManager: Mounting plugin AndroidMedia
LogPluginManager: Mounting plugin ImgMedia
LogPluginManager: Mounting plugin MediaCompositing
LogPluginManager: Mounting plugin MediaPlayerEditor
LogPluginManager: Mounting plugin WebMMedia
LogPluginManager: Mounting plugin WmfMedia
LogPluginManager: Mounting plugin CryptoKeys
LogPluginManager: Mounting plugin DataValidation
LogPluginManager: Mounting plugin FacialAnimation
LogPluginManager: Mounting plugin CurveEditorTools
LogPluginManager: Mounting plugin GameplayTagsEditor
LogPluginManager: Mounting plugin MacGraphicsSwitching
LogPluginManager: Mounting plugin MaterialAnalyzer
LogPluginManager: Mounting plugin MobileLauncherProfileWizard
LogPluginManager: Mounting plugin PluginBrowser
LogPluginManager: Mounting plugin TcpMessaging
LogPluginManager: Mounting plugin UdpMessaging
LogPluginManager: Mounting plugin GeometryMode
LogPluginManager: Mounting plugin SpeedTreeImporter
LogPluginManager: Mounting plugin OnlineSubsystem
LogPluginManager: Mounting plugin OnlineSubsystemUtils
LogPluginManager: Mounting plugin LauncherChunkInstaller
LogPluginManager: Mounting plugin OnlineSubsystemNull
LogPluginManager: Mounting plugin ActorLayerUtilities
LogPluginManager: Mounting plugin AndroidDeviceProfileSelector
LogPluginManager: Mounting plugin AppleImageUtils
LogPluginManager: Mounting plugin AppleMoviePlayer
LogPluginManager: Mounting plugin AndroidMoviePlayer
LogPluginManager: Mounting plugin AndroidPermission
LogPluginManager: Mounting plugin ArchVisCharacter
LogPluginManager: Mounting plugin AssetTags
LogPluginManager: Mounting plugin AudioCapture
LogPluginManager: Mounting plugin AudioSynesthesia
LogPluginManager: Mounting plugin ChunkDownloader
LogPluginManager: Mounting plugin CustomMeshComponent
LogPluginManager: Mounting plugin CableComponent
LogPluginManager: Mounting plugin ExampleDeviceProfileSelector
LogPluginManager: Mounting plugin EditableMesh
LogPluginManager: Mounting plugin ScreenshotTools
LogPluginManager: Mounting plugin GoogleCloudMessaging
LogPluginManager: Mounting plugin GooglePAD
LogPluginManager: Mounting plugin IOSDeviceProfileSelector
LogPluginManager: Mounting plugin LinuxDeviceProfileSelector
LogPluginManager: Mounting plugin LocationServicesBPLibrary
LogPluginManager: Mounting plugin MobilePatchingUtils
LogPluginManager: Mounting plugin OpenXREyeTracker
LogPluginManager: Mounting plugin OpenXR
LogPluginManager: Mounting plugin Takes
LogPluginManager: Mounting plugin OpenXRHandTracking
LogPluginManager: Mounting plugin ActorSequence
LogPluginManager: Mounting plugin LevelSequenceEditor
LogPluginManager: Mounting plugin PostSplashScreen
LogPluginManager: Mounting plugin TemplateSequence
LogPluginManager: Mounting plugin ProceduralMeshComponent
LogPluginManager: Mounting plugin MatineeToLevelSequence
LogPluginManager: Mounting plugin PhysXVehicles
LogPluginManager: Mounting plugin PropertyAccessEditor
LogPluginManager: Mounting plugin SignificanceManager
LogPluginManager: Mounting plugin SoundFields
LogPluginManager: Mounting plugin RuntimePhysXCooking
LogPluginManager: Mounting plugin Synthesis
LogPluginManager: Mounting plugin WindowsMoviePlayer
LogPluginManager: Mounting plugin WebMMoviePlayer
LogPluginManager: Mounting plugin ContentBrowserAssetDataSource
LogPluginManager: Mounting plugin ContentBrowserFileDataSource
LogPluginManager: Mounting plugin ContentBrowserClassDataSource
LogPluginManager: Mounting plugin OnlineSubsystemGooglePlay
LogPluginManager: Mounting plugin OnlineSubsystemIOS
LogPluginManager: Mounting plugin OculusVR
LogPluginManager: Mounting plugin SteamVR
PixWinPlugin: PIX capture plugin failed to initialize! Check that the process is launched from PIX.
LogInit: Using libcurl 7.55.1-DEV
LogInit:  - built for x86_64-pc-win32
LogInit:  - supports SSL with OpenSSL/1.1.1
LogInit:  - supports HTTP deflate (compression) using libz 1.2.8
LogInit:  - other features:
LogInit:      CURL_VERSION_SSL
LogInit:      CURL_VERSION_LIBZ
LogInit:      CURL_VERSION_IPV6
LogInit:      CURL_VERSION_ASYNCHDNS
LogInit:      CURL_VERSION_LARGEFILE
LogInit:      CURL_VERSION_IDN
LogInit:  CurlRequestOptions (configurable via config and command line):
LogInit:  - bVerifyPeer = true  - Libcurl will verify peer certificate
LogInit:  - bUseHttpProxy = false  - Libcurl will NOT use HTTP proxy
LogInit:  - bDontReuseConnections = false  - Libcurl will reuse connections
LogInit:  - MaxHostConnections = 16  - Libcurl will limit the number of connections to a host
LogInit:  - LocalHostAddr = Default
LogInit:  - BufferSize = 65536
LogOnline: OSS: Creating online subsystem instance for: NULL
LogInit: WinSock: version 1.1 (2.2), MaxSocks=32767, MaxUdp=65467
LogOnline: OSS: TryLoadSubsystemAndSetDefault: Loaded subsystem for module [NULL]
LogOculusPluginWrapper: OculusPlugin initialized successfully
LogHMD: Failed initializing OVRPlugin 1.59.0
LogInit: Build: ++UE4+Release-4.27-CL-18319896
LogInit: Engine Version: 4.27.2-18319896+++UE4+Release-4.27
LogInit: Compatible Engine Version: 4.27.0-17155196+++UE4+Release-4.27
LogInit: Net CL: 17155196
LogInit: OS: Windows 10 (Release 2009) (), CPU: Intel(R) Core(TM) i7-7800X CPU @ 3.50GHz, GPU: NVIDIA GeForce GTX 1060 6GB
LogInit: Compiled (64-bit): Nov 30 2021 07:12:08
LogInit: Compiled with Visual C++: 19.24.28315.00
LogInit: Build Configuration: Development
LogInit: Branch Name: ++UE4+Release-4.27
LogInit: Command Line:  -skipcompile
LogInit: Base Directory: D:/Epic Games/UE_4.27/Engine/Binaries/Win64/
LogInit: Allocator: TBB
LogInit: Installed Engine Build: 1
LogDevObjectVersion: Number of dev versions registered: 29
LogDevObjectVersion:   Dev-Blueprints (B0D832E4-1F89-4F0D-ACCF-7EB736FD4AA2): 10
LogDevObjectVersion:   Dev-Build (E1C64328-A22C-4D53-A36C-8E866417BD8C): 0
LogDevObjectVersion:   Dev-Core (375EC13C-06E4-48FB-B500-84F0262A717E): 4
LogDevObjectVersion:   Dev-Editor (E4B068ED-F494-42E9-A231-DA0B2E46BB41): 40
LogDevObjectVersion:   Dev-Framework (CFFC743F-43B0-4480-9391-14DF171D2073): 37
LogDevObjectVersion:   Dev-Mobile (B02B49B5-BB20-44E9-A304-32B752E40360): 3
LogDevObjectVersion:   Dev-Networking (A4E4105C-59A1-49B5-A7C5-40C4547EDFEE): 0
LogDevObjectVersion:   Dev-Online (39C831C9-5AE6-47DC-9A44-9C173E1C8E7C): 0
LogDevObjectVersion:   Dev-Physics (78F01B33-EBEA-4F98-B9B4-84EACCB95AA2): 14
LogDevObjectVersion:   Dev-Platform (6631380F-2D4D-43E0-8009-CF276956A95A): 0
LogDevObjectVersion:   Dev-Rendering (12F88B9F-8875-4AFC-A67C-D90C383ABD29): 45
LogDevObjectVersion:   Dev-Sequencer (7B5AE74C-D270-4C10-A958-57980B212A5A): 13
LogDevObjectVersion:   Dev-VR (D7296918-1DD6-4BDD-9DE2-64A83CC13884): 3
LogDevObjectVersion:   Dev-LoadTimes (C2A15278-BFE7-4AFE-6C17-90FF531DF755): 1
LogDevObjectVersion:   Private-Geometry (6EACA3D4-40EC-4CC1-B786-8BED09428FC5): 3
LogDevObjectVersion:   Dev-AnimPhys (29E575DD-E0A3-4627-9D10-D276232CDCEA): 17
LogDevObjectVersion:   Dev-Anim (AF43A65D-7FD3-4947-9873-3E8ED9C1BB05): 15
LogDevObjectVersion:   Dev-ReflectionCapture (6B266CEC-1EC7-4B8F-A30B-E4D90942FC07): 1
LogDevObjectVersion:   Dev-Automation (0DF73D61-A23F-47EA-B727-89E90C41499A): 1
LogDevObjectVersion:   FortniteMain (601D1886-AC64-4F84-AA16-D3DE0DEAC7D6): 47
LogDevObjectVersion:   FortniteRelease (E7086368-6B23-4C58-8439-1B7016265E91): 1
LogDevObjectVersion:   Dev-Enterprise (9DFFBCD6-494F-0158-E221-12823C92A888): 10
LogDevObjectVersion:   Dev-Niagara (F2AED0AC-9AFE-416F-8664-AA7FFA26D6FC): 1
LogDevObjectVersion:   Dev-Destruction (174F1F0B-B4C6-45A5-B13F-2EE8D0FB917D): 10
LogDevObjectVersion:   Dev-Physics-Ext (35F94A83-E258-406C-A318-09F59610247C): 41
LogDevObjectVersion:   Dev-PhysicsMaterial-Chaos (B68FC16E-8B1B-42E2-B453-215C058844FE): 1
LogDevObjectVersion:   Dev-CineCamera (B2E18506-4273-CFC2-A54E-F4BB758BBA07): 1
LogDevObjectVersion:   Dev-VirtualProduction (64F58936-FD1B-42BA-BA96-7289D5D0FA4E): 1
LogDevObjectVersion:   Dev-MediaFramework (6F0ED827-A609-4895-9C91-998D90180EA4): 2
LogInit: Presizing for max 25165824 objects, including 0 objects not considered by GC, pre-allocating 0 bytes for permanent pool.
LogConfig: Applying CVar settings from Section [/Script/Engine.StreamingSettings] File [D:/Portfolio/Unreal/FPS_Game/Zombone/Saved/Config/Windows/Engine.ini]
LogConfig: Setting CVar [[s.MinBulkDataSizeForAsyncLoading:131072]]
LogConfig: Setting CVar [[s.AsyncLoadingThreadEnabled:0]]
LogConfig: Setting CVar [[s.EventDrivenLoaderEnabled:1]]
LogConfig: Setting CVar [[s.WarnIfTimeLimitExceeded:0]]
LogConfig: Setting CVar [[s.TimeLimitExceededMultiplier:1.5]]
LogConfig: Setting CVar [[s.TimeLimitExceededMinTime:0.005]]
LogConfig: Setting CVar [[s.UseBackgroundLevelStreaming:1]]
LogConfig: Setting CVar [[s.PriorityAsyncLoadingExtraTime:15.0]]
LogConfig: Setting CVar [[s.LevelStreamingActorsUpdateTimeLimit:5.0]]
LogConfig: Setting CVar [[s.PriorityLevelStreamingActorsUpdateExtraTime:5.0]]
LogConfig: Setting CVar [[s.LevelStreamingComponentsRegistrationGranularity:10]]
LogConfig: Setting CVar [[s.UnregisterComponentsTimeLimit:1.0]]
LogConfig: Setting CVar [[s.LevelStreamingComponentsUnregistrationGranularity:5]]
LogConfig: Setting CVar [[s.FlushStreamingOnExit:1]]
LogInit: Object subsystem initialized
LogConfig: Setting CVar [[con.DebugEarlyDefault:1]]
LogConfig: Setting CVar [[r.setres:1280x720]]
[2022.10.08-14.15.45:332][  0]LogConfig: Setting CVar [[r.VSync:0]]
[2022.10.08-14.15.45:332][  0]LogConfig: Setting CVar [[r.RHICmdBypass:0]]
[2022.10.08-14.15.45:332][  0]LogConfig: Applying CVar settings from Section [/Script/Engine.RendererSettings] File [D:/Portfolio/Unreal/FPS_Game/Zombone/Saved/Config/Windows/Engine.ini]
[2022.10.08-14.15.45:333][  0]LogConfig: Setting CVar [[r.GPUCrashDebugging:0]]
[2022.10.08-14.15.45:333][  0]LogConfig: Applying CVar settings from Section [/Script/Engine.RendererOverrideSettings] File [D:/Portfolio/Unreal/FPS_Game/Zombone/Saved/Config/Windows/Engine.ini]
[2022.10.08-14.15.45:333][  0]LogConfig: Applying CVar settings from Section [/Script/Engine.StreamingSettings] File [D:/Portfolio/Unreal/FPS_Game/Zombone/Saved/Config/Windows/Engine.ini]
[2022.10.08-14.15.45:333][  0]LogConfig: Setting CVar [[s.MinBulkDataSizeForAsyncLoading:131072]]
[2022.10.08-14.15.45:333][  0]LogConfig: Setting CVar [[s.AsyncLoadingThreadEnabled:0]]
[2022.10.08-14.15.45:333][  0]LogConfig: Setting CVar [[s.EventDrivenLoaderEnabled:1]]
[2022.10.08-14.15.45:333][  0]LogConfig: Setting CVar [[s.WarnIfTimeLimitExceeded:0]]
[2022.10.08-14.15.45:333][  0]LogConfig: Setting CVar [[s.TimeLimitExceededMultiplier:1.5]]
[2022.10.08-14.15.45:333][  0]LogConfig: Setting CVar [[s.TimeLimitExceededMinTime:0.005]]
[2022.10.08-14.15.45:333][  0]LogConfig: Setting CVar [[s.UseBackgroundLevelStreaming:1]]
[2022.10.08-14.15.45:333][  0]LogConfig: Setting CVar [[s.PriorityAsyncLoadingExtraTime:15.0]]
[2022.10.08-14.15.45:333][  0]LogConfig: Setting CVar [[s.LevelStreamingActorsUpdateTimeLimit:5.0]]
[2022.10.08-14.15.45:333][  0]LogConfig: Setting CVar [[s.PriorityLevelStreamingActorsUpdateExtraTime:5.0]]
[2022.10.08-14.15.45:333][  0]LogConfig: Setting CVar [[s.LevelStreamingComponentsRegistrationGranularity:10]]
[2022.10.08-14.15.45:333][  0]LogConfig: Setting CVar [[s.UnregisterComponentsTimeLimit:1.0]]
[2022.10.08-14.15.45:333][  0]LogConfig: Setting CVar [[s.LevelStreamingComponentsUnregistrationGranularity:5]]
[2022.10.08-14.15.45:334][  0]LogConfig: Setting CVar [[s.FlushStreamingOnExit:1]]
[2022.10.08-14.15.45:334][  0]LogConfig: Applying CVar settings from Section [/Script/Engine.GarbageCollectionSettings] File [D:/Portfolio/Unreal/FPS_Game/Zombone/Saved/Config/Windows/Engine.ini]
[2022.10.08-14.15.45:334][  0]LogConfig: Setting CVar [[gc.MaxObjectsNotConsideredByGC:1]]
[2022.10.08-14.15.45:334][  0]LogConfig: Setting CVar [[gc.SizeOfPermanentObjectPool:0]]
[2022.10.08-14.15.45:334][  0]LogConfig: Setting CVar [[gc.FlushStreamingOnGC:0]]
[2022.10.08-14.15.45:334][  0]LogConfig: Setting CVar [[gc.NumRetriesBeforeForcingGC:10]]
[2022.10.08-14.15.45:334][  0]LogConfig: Setting CVar [[gc.AllowParallelGC:1]]
[2022.10.08-14.15.45:334][  0]LogConfig: Setting CVar [[gc.TimeBetweenPurgingPendingKillObjects:61.1]]
[2022.10.08-14.15.45:334][  0]LogConfig: Setting CVar [[gc.MaxObjectsInEditor:25165824]]
[2022.10.08-14.15.45:334][  0]LogConfig: Setting CVar [[gc.IncrementalBeginDestroyEnabled:1]]
[2022.10.08-14.15.45:334][  0]LogConfig: Setting CVar [[gc.CreateGCClusters:1]]
[2022.10.08-14.15.45:334][  0]LogConfig: Setting CVar [[gc.MinGCClusterSize:5]]
[2022.10.08-14.15.45:334][  0]LogConfig: Setting CVar [[gc.ActorClusteringEnabled:0]]
[2022.10.08-14.15.45:334][  0]LogConfig: Setting CVar [[gc.BlueprintClusteringEnabled:0]]
[2022.10.08-14.15.45:334][  0]LogConfig: Setting CVar [[gc.UseDisregardForGCOnDedicatedServers:0]]
[2022.10.08-14.15.45:334][  0]LogConfig: Setting CVar [[gc.MultithreadedDestructionEnabled:1]]
[2022.10.08-14.15.45:334][  0]LogConfig: Applying CVar settings from Section [/Script/Engine.NetworkSettings] File [D:/Portfolio/Unreal/FPS_Game/Zombone/Saved/Config/Windows/Engine.ini]
[2022.10.08-14.15.45:334][  0]LogConfig: Applying CVar settings from Section [/Script/UnrealEd.CookerSettings] File [D:/Portfolio/Unreal/FPS_Game/Zombone/Saved/Config/Windows/Engine.ini]
[2022.10.08-14.15.45:351][  0]LogConfig: Applying CVar settings from Section [ViewDistanceQuality@3] File [D:/Portfolio/Unreal/FPS_Game/Zombone/Saved/Config/Windows/Scalability.ini]
[2022.10.08-14.15.45:352][  0]LogConfig: Setting CVar [[r.SkeletalMeshLODBias:0]]
[2022.10.08-14.15.45:352][  0]LogConfig: Setting CVar [[r.ViewDistanceScale:1.0]]
[2022.10.08-14.15.45:352][  0]LogConfig: Applying CVar settings from Section [AntiAliasingQuality@3] File [D:/Portfolio/Unreal/FPS_Game/Zombone/Saved/Config/Windows/Scalability.ini]
[2022.10.08-14.15.45:352][  0]LogConfig: Setting CVar [[r.PostProcessAAQuality:4]]
[2022.10.08-14.15.45:352][  0]LogConfig: Applying CVar settings from Section [ShadowQuality@3] File [D:/Portfolio/Unreal/FPS_Game/Zombone/Saved/Config/Windows/Scalability.ini]
[2022.10.08-14.15.45:352][  0]LogConfig: Setting CVar [[r.LightFunctionQuality:1]]
[2022.10.08-14.15.45:352][  0]LogConfig: Setting CVar [[r.ShadowQuality:5]]
[2022.10.08-14.15.45:352][  0]LogConfig: Setting CVar [[r.Shadow.CSM.MaxCascades:10]]
[2022.10.08-14.15.45:352][  0]LogConfig: Setting CVar [[r.Shadow.MaxResolution:2048]]
[2022.10.08-14.15.45:352][  0]LogConfig: Setting CVar [[r.Shadow.MaxCSMResolution:2048]]
[2022.10.08-14.15.45:352][  0]LogConfig: Setting CVar [[r.Shadow.RadiusThreshold:0.01]]
[2022.10.08-14.15.45:352][  0]LogConfig: Setting CVar [[r.Shadow.DistanceScale:1.0]]
[2022.10.08-14.15.45:352][  0]LogConfig: Setting CVar [[r.Shadow.CSM.TransitionScale:1.0]]
[2022.10.08-14.15.45:352][  0]LogConfig: Setting CVar [[r.Shadow.PreShadowResolutionFactor:1.0]]
[2022.10.08-14.15.45:352][  0]LogConfig: Setting CVar [[r.DistanceFieldShadowing:1]]
[2022.10.08-14.15.45:352][  0]LogConfig: Setting CVar [[r.DistanceFieldAO:1]]
[2022.10.08-14.15.45:352][  0]LogConfig: Setting CVar [[r.AOQuality:2]]
[2022.10.08-14.15.45:353][  0]LogConfig: Setting CVar [[r.VolumetricFog:1]]
[2022.10.08-14.15.45:353][  0]LogConfig: Setting CVar [[r.VolumetricFog.GridPixelSize:8]]
[2022.10.08-14.15.45:353][  0]LogConfig: Setting CVar [[r.VolumetricFog.GridSizeZ:128]]
[2022.10.08-14.15.45:353][  0]LogConfig: Setting CVar [[r.VolumetricFog.HistoryMissSupersampleCount:4]]
[2022.10.08-14.15.45:353][  0]LogConfig: Setting CVar [[r.LightMaxDrawDistanceScale:1]]
[2022.10.08-14.15.45:353][  0]LogConfig: Setting CVar [[r.CapsuleShadows:1]]
[2022.10.08-14.15.45:353][  0]LogConfig: Applying CVar settings from Section [PostProcessQuality@3] File [D:/Portfolio/Unreal/FPS_Game/Zombone/Saved/Config/Windows/Scalability.ini]
[2022.10.08-14.15.45:353][  0]LogConfig: Setting CVar [[r.MotionBlurQuality:4]]
[2022.10.08-14.15.45:353][  0]LogConfig: Setting CVar [[r.AmbientOcclusionMipLevelFactor:0.4]]
[2022.10.08-14.15.45:353][  0]LogConfig: Setting CVar [[r.AmbientOcclusionMaxQuality:100]]
[2022.10.08-14.15.45:353][  0]LogConfig: Setting CVar [[r.AmbientOcclusionLevels:-1]]
[2022.10.08-14.15.45:353][  0]LogConfig: Setting CVar [[r.AmbientOcclusionRadiusScale:1.0]]
[2022.10.08-14.15.45:353][  0]LogConfig: Setting CVar [[r.DepthOfFieldQuality:2]]
[2022.10.08-14.15.45:353][  0]LogConfig: Setting CVar [[r.RenderTargetPoolMin:400]]
[2022.10.08-14.15.45:354][  0]LogConfig: Setting CVar [[r.LensFlareQuality:2]]
[2022.10.08-14.15.45:354][  0]LogConfig: Setting CVar [[r.SceneColorFringeQuality:1]]
[2022.10.08-14.15.45:354][  0]LogConfig: Setting CVar [[r.EyeAdaptationQuality:2]]
[2022.10.08-14.15.45:354][  0]LogConfig: Setting CVar [[r.BloomQuality:5]]
[2022.10.08-14.15.45:354][  0]LogConfig: Setting CVar [[r.FastBlurThreshold:100]]
[2022.10.08-14.15.45:354][  0]LogConfig: Setting CVar [[r.Upscale.Quality:3]]
[2022.10.08-14.15.45:354][  0]LogConfig: Setting CVar [[r.Tonemapper.GrainQuantization:1]]
[2022.10.08-14.15.45:354][  0]LogConfig: Setting CVar [[r.LightShaftQuality:1]]
[2022.10.08-14.15.45:354][  0]LogConfig: Setting CVar [[r.Filter.SizeScale:1]]
[2022.10.08-14.15.45:354][  0]LogConfig: Setting CVar [[r.Tonemapper.Quality:5]]
[2022.10.08-14.15.45:354][  0]LogConfig: Setting CVar [[r.DOF.Gather.AccumulatorQuality:1        ; higher gathering accumulator quality]]
[2022.10.08-14.15.45:354][  0]LogConfig: Setting CVar [[r.DOF.Gather.PostfilterMethod:1          ; Median3x3 postfilering method]]
[2022.10.08-14.15.45:354][  0]LogConfig: Setting CVar [[r.DOF.Gather.EnableBokehSettings:0       ; no bokeh simulation when gathering]]
[2022.10.08-14.15.45:354][  0]LogConfig: Setting CVar [[r.DOF.Gather.RingCount:4                 ; medium number of samples when gathering]]
[2022.10.08-14.15.45:354][  0]LogConfig: Setting CVar [[r.DOF.Scatter.ForegroundCompositing:1    ; additive foreground scattering]]
[2022.10.08-14.15.45:355][  0]LogConfig: Setting CVar [[r.DOF.Scatter.BackgroundCompositing:2    ; additive background scattering]]
[2022.10.08-14.15.45:355][  0]LogConfig: Setting CVar [[r.DOF.Scatter.EnableBokehSettings:1      ; bokeh simulation when scattering]]
[2022.10.08-14.15.45:355][  0]LogConfig: Setting CVar [[r.DOF.Scatter.MaxSpriteRatio:0.1         ; only a maximum of 10% of scattered bokeh]]
[2022.10.08-14.15.45:355][  0]LogConfig: Setting CVar [[r.DOF.Recombine.Quality:1                ; cheap slight out of focus]]
[2022.10.08-14.15.45:355][  0]LogConfig: Setting CVar [[r.DOF.Recombine.EnableBokehSettings:0    ; no bokeh simulation on slight out of focus]]
[2022.10.08-14.15.45:355][  0]LogConfig: Setting CVar [[r.DOF.TemporalAAQuality:1                ; more stable temporal accumulation]]
[2022.10.08-14.15.45:355][  0]LogConfig: Setting CVar [[r.DOF.Kernel.MaxForegroundRadius:0.025]]
[2022.10.08-14.15.45:355][  0]LogConfig: Setting CVar [[r.DOF.Kernel.MaxBackgroundRadius:0.025]]
[2022.10.08-14.15.45:355][  0]LogConfig: Applying CVar settings from Section [TextureQuality@3] File [D:/Portfolio/Unreal/FPS_Game/Zombone/Saved/Config/Windows/Scalability.ini]
[2022.10.08-14.15.45:355][  0]LogConfig: Setting CVar [[r.Streaming.MipBias:0]]
[2022.10.08-14.15.45:355][  0]LogConfig: Setting CVar [[r.Streaming.AmortizeCPUToGPUCopy:0]]
[2022.10.08-14.15.45:355][  0]LogConfig: Setting CVar [[r.Streaming.MaxNumTexturesToStreamPerFrame:0]]
[2022.10.08-14.15.45:355][  0]LogConfig: Setting CVar [[r.Streaming.Boost:1]]
[2022.10.08-14.15.45:355][  0]LogConfig: Setting CVar [[r.MaxAnisotropy:8]]
[2022.10.08-14.15.45:355][  0]LogConfig: Setting CVar [[r.VT.MaxAnisotropy:8]]
[2022.10.08-14.15.45:356][  0]LogConfig: Setting CVar [[r.Streaming.LimitPoolSizeToVRAM:0]]
[2022.10.08-14.15.45:356][  0]LogConfig: Setting CVar [[r.Streaming.PoolSize:1000]]
[2022.10.08-14.15.45:356][  0]LogConfig: Setting CVar [[r.Streaming.MaxEffectiveScreenSize:0]]
[2022.10.08-14.15.45:356][  0]LogConfig: Applying CVar settings from Section [EffectsQuality@3] File [D:/Portfolio/Unreal/FPS_Game/Zombone/Saved/Config/Windows/Scalability.ini]
[2022.10.08-14.15.45:356][  0]LogConfig: Setting CVar [[r.TranslucencyLightingVolumeDim:64]]
[2022.10.08-14.15.45:356][  0]LogConfig: Setting CVar [[r.RefractionQuality:2]]
[2022.10.08-14.15.45:356][  0]LogConfig: Setting CVar [[r.SSR.Quality:3]]
[2022.10.08-14.15.45:356][  0]LogConfig: Setting CVar [[r.SSR.HalfResSceneColor:0]]
[2022.10.08-14.15.45:356][  0]LogConfig: Setting CVar [[r.SceneColorFormat:4]]
[2022.10.08-14.15.45:356][  0]LogConfig: Setting CVar [[r.DetailMode:2]]
[2022.10.08-14.15.45:356][  0]LogConfig: Setting CVar [[r.TranslucencyVolumeBlur:1]]
[2022.10.08-14.15.45:356][  0]LogConfig: Setting CVar [[r.MaterialQualityLevel:1 ; High quality]]
[2022.10.08-14.15.45:356][  0]LogConfig: Setting CVar [[r.AnisotropicMaterials:1]]
[2022.10.08-14.15.45:356][  0]LogConfig: Setting CVar [[r.SSS.Scale:1]]
[2022.10.08-14.15.45:356][  0]LogConfig: Setting CVar [[r.SSS.SampleSet:2]]
[2022.10.08-14.15.45:357][  0]LogConfig: Setting CVar [[r.SSS.Quality:1]]
[2022.10.08-14.15.45:357][  0]LogConfig: Setting CVar [[r.SSS.HalfRes:0]]
[2022.10.08-14.15.45:357][  0]LogConfig: Setting CVar [[r.SSGI.Quality:3]]
[2022.10.08-14.15.45:357][  0]LogConfig: Setting CVar [[r.EmitterSpawnRateScale:1.0]]
[2022.10.08-14.15.45:357][  0]LogConfig: Setting CVar [[r.ParticleLightQuality:2]]
[2022.10.08-14.15.45:357][  0]LogConfig: Setting CVar [[r.SkyAtmosphere.AerialPerspectiveLUT.FastApplyOnOpaque:1 ; Always have FastSkyLUT 1 in this case to avoid wrong sky]]
[2022.10.08-14.15.45:357][  0]LogConfig: Setting CVar [[r.SkyAtmosphere.AerialPerspectiveLUT.SampleCountMaxPerSlice:4]]
[2022.10.08-14.15.45:357][  0]LogConfig: Setting CVar [[r.SkyAtmosphere.AerialPerspectiveLUT.DepthResolution:16.0]]
[2022.10.08-14.15.45:357][  0]LogConfig: Setting CVar [[r.SkyAtmosphere.FastSkyLUT:1]]
[2022.10.08-14.15.45:357][  0]LogConfig: Setting CVar [[r.SkyAtmosphere.FastSkyLUT.SampleCountMin:4.0]]
[2022.10.08-14.15.45:357][  0]LogConfig: Setting CVar [[r.SkyAtmosphere.FastSkyLUT.SampleCountMax:128.0]]
[2022.10.08-14.15.45:357][  0]LogConfig: Setting CVar [[r.SkyAtmosphere.SampleCountMin:4.0]]
[2022.10.08-14.15.45:357][  0]LogConfig: Setting CVar [[r.SkyAtmosphere.SampleCountMax:128.0]]
[2022.10.08-14.15.45:357][  0]LogConfig: Setting CVar [[r.SkyAtmosphere.TransmittanceLUT.UseSmallFormat:0]]
[2022.10.08-14.15.45:358][  0]LogConfig: Setting CVar [[r.SkyAtmosphere.TransmittanceLUT.SampleCount:10.0]]
[2022.10.08-14.15.45:358][  0]LogConfig: Setting CVar [[r.SkyAtmosphere.MultiScatteringLUT.SampleCount:15.0]]
[2022.10.08-14.15.45:358][  0]LogConfig: Setting CVar [[r.SkyLight.RealTimeReflectionCapture:1]]
[2022.10.08-14.15.45:358][  0]LogConfig: Applying CVar settings from Section [FoliageQuality@3] File [D:/Portfolio/Unreal/FPS_Game/Zombone/Saved/Config/Windows/Scalability.ini]
[2022.10.08-14.15.45:358][  0]LogConfig: Setting CVar [[foliage.DensityScale:1.0]]
[2022.10.08-14.15.45:358][  0]LogConfig: Setting CVar [[grass.DensityScale:1.0]]
[2022.10.08-14.15.45:358][  0]LogConfig: Applying CVar settings from Section [ShadingQuality@3] File [D:/Portfolio/Unreal/FPS_Game/Zombone/Saved/Config/Windows/Scalability.ini]
[2022.10.08-14.15.45:358][  0]LogConfig: Setting CVar [[r.HairStrands.SkyLighting.IntegrationType:2]]
[2022.10.08-14.15.45:358][  0]LogConfig: Setting CVar [[r.HairStrands.SkyAO.SampleCount:4]]
[2022.10.08-14.15.45:358][  0]LogConfig: Setting CVar [[r.HairStrands.Visibility.MSAA.SamplePerPixel:4]]
[2022.10.08-14.15.45:358][  0]LogInit: Selected Device Profile: [Windows]
[2022.10.08-14.15.45:358][  0]LogInit: Applying CVar settings loaded from the selected device profile: [Windows]
[2022.10.08-14.15.45:358][  0]LogHAL: Display: Platform has ~ 32 GB [34019524608 / 34359738368 / 32], which maps to Largest [LargestMinGB=32, LargerMinGB=12, DefaultMinGB=8, SmallerMinGB=6, SmallestMinGB=0)
[2022.10.08-14.15.45:358][  0]LogInit: Going up to parent DeviceProfile []
[2022.10.08-14.15.45:359][  0]LogConfig: Applying CVar settings from Section [ViewDistanceQuality@3] File [D:/Portfolio/Unreal/FPS_Game/Zombone/Saved/Config/Windows/Scalability.ini]
[2022.10.08-14.15.45:359][  0]LogConfig: Setting CVar [[r.SkeletalMeshLODBias:0]]
[2022.10.08-14.15.45:359][  0]LogConfig: Setting CVar [[r.ViewDistanceScale:1.0]]
[2022.10.08-14.15.45:359][  0]LogConfig: Applying CVar settings from Section [AntiAliasingQuality@3] File [D:/Portfolio/Unreal/FPS_Game/Zombone/Saved/Config/Windows/Scalability.ini]
[2022.10.08-14.15.45:359][  0]LogConfig: Setting CVar [[r.PostProcessAAQuality:4]]
[2022.10.08-14.15.45:359][  0]LogConfig: Applying CVar settings from Section [ShadowQuality@3] File [D:/Portfolio/Unreal/FPS_Game/Zombone/Saved/Config/Windows/Scalability.ini]
[2022.10.08-14.15.45:359][  0]LogConfig: Setting CVar [[r.LightFunctionQuality:1]]
[2022.10.08-14.15.45:359][  0]LogConfig: Setting CVar [[r.ShadowQuality:5]]
[2022.10.08-14.15.45:359][  0]LogConfig: Setting CVar [[r.Shadow.CSM.MaxCascades:10]]
[2022.10.08-14.15.45:359][  0]LogConfig: Setting CVar [[r.Shadow.MaxResolution:2048]]
[2022.10.08-14.15.45:359][  0]LogConfig: Setting CVar [[r.Shadow.MaxCSMResolution:2048]]
[2022.10.08-14.15.45:359][  0]LogConfig: Setting CVar [[r.Shadow.RadiusThreshold:0.01]]
[2022.10.08-14.15.45:359][  0]LogConfig: Setting CVar [[r.Shadow.DistanceScale:1.0]]
[2022.10.08-14.15.45:359][  0]LogConfig: Setting CVar [[r.Shadow.CSM.TransitionScale:1.0]]
[2022.10.08-14.15.45:359][  0]LogConfig: Setting CVar [[r.Shadow.PreShadowResolutionFactor:1.0]]
[2022.10.08-14.15.45:359][  0]LogConfig: Setting CVar [[r.DistanceFieldShadowing:1]]
[2022.10.08-14.15.45:360][  0]LogConfig: Setting CVar [[r.DistanceFieldAO:1]]
[2022.10.08-14.15.45:360][  0]LogConfig: Setting CVar [[r.AOQuality:2]]
[2022.10.08-14.15.45:360][  0]LogConfig: Setting CVar [[r.VolumetricFog:1]]
[2022.10.08-14.15.45:360][  0]LogConfig: Setting CVar [[r.VolumetricFog.GridPixelSize:8]]
[2022.10.08-14.15.45:360][  0]LogConfig: Setting CVar [[r.VolumetricFog.GridSizeZ:128]]
[2022.10.08-14.15.45:360][  0]LogConfig: Setting CVar [[r.VolumetricFog.HistoryMissSupersampleCount:4]]
[2022.10.08-14.15.45:360][  0]LogConfig: Setting CVar [[r.LightMaxDrawDistanceScale:1]]
[2022.10.08-14.15.45:360][  0]LogConfig: Setting CVar [[r.CapsuleShadows:1]]
[2022.10.08-14.15.45:360][  0]LogConfig: Applying CVar settings from Section [PostProcessQuality@3] File [D:/Portfolio/Unreal/FPS_Game/Zombone/Saved/Config/Windows/Scalability.ini]
[2022.10.08-14.15.45:360][  0]LogConfig: Setting CVar [[r.MotionBlurQuality:4]]
[2022.10.08-14.15.45:360][  0]LogConfig: Setting CVar [[r.AmbientOcclusionMipLevelFactor:0.4]]
[2022.10.08-14.15.45:360][  0]LogConfig: Setting CVar [[r.AmbientOcclusionMaxQuality:100]]
[2022.10.08-14.15.45:360][  0]LogConfig: Setting CVar [[r.AmbientOcclusionLevels:-1]]
[2022.10.08-14.15.45:360][  0]LogConfig: Setting CVar [[r.AmbientOcclusionRadiusScale:1.0]]
[2022.10.08-14.15.45:360][  0]LogConfig: Setting CVar [[r.DepthOfFieldQuality:2]]
[2022.10.08-14.15.45:360][  0]LogConfig: Setting CVar [[r.RenderTargetPoolMin:400]]
[2022.10.08-14.15.45:361][  0]LogConfig: Setting CVar [[r.LensFlareQuality:2]]
[2022.10.08-14.15.45:361][  0]LogConfig: Setting CVar [[r.SceneColorFringeQuality:1]]
[2022.10.08-14.15.45:361][  0]LogConfig: Setting CVar [[r.EyeAdaptationQuality:2]]
[2022.10.08-14.15.45:361][  0]LogConfig: Setting CVar [[r.BloomQuality:5]]
[2022.10.08-14.15.45:361][  0]LogConfig: Setting CVar [[r.FastBlurThreshold:100]]
[2022.10.08-14.15.45:361][  0]LogConfig: Setting CVar [[r.Upscale.Quality:3]]
[2022.10.08-14.15.45:361][  0]LogConfig: Setting CVar [[r.Tonemapper.GrainQuantization:1]]
[2022.10.08-14.15.45:361][  0]LogConfig: Setting CVar [[r.LightShaftQuality:1]]
[2022.10.08-14.15.45:361][  0]LogConfig: Setting CVar [[r.Filter.SizeScale:1]]
[2022.10.08-14.15.45:361][  0]LogConfig: Setting CVar [[r.Tonemapper.Quality:5]]
[2022.10.08-14.15.45:361][  0]LogConfig: Setting CVar [[r.DOF.Gather.AccumulatorQuality:1        ; higher gathering accumulator quality]]
[2022.10.08-14.15.45:361][  0]LogConfig: Setting CVar [[r.DOF.Gather.PostfilterMethod:1          ; Median3x3 postfilering method]]
[2022.10.08-14.15.45:361][  0]LogConfig: Setting CVar [[r.DOF.Gather.EnableBokehSettings:0       ; no bokeh simulation when gathering]]
[2022.10.08-14.15.45:361][  0]LogConfig: Setting CVar [[r.DOF.Gather.RingCount:4                 ; medium number of samples when gathering]]
[2022.10.08-14.15.45:361][  0]LogConfig: Setting CVar [[r.DOF.Scatter.ForegroundCompositing:1    ; additive foreground scattering]]
[2022.10.08-14.15.45:361][  0]LogConfig: Setting CVar [[r.DOF.Scatter.BackgroundCompositing:2    ; additive background scattering]]
[2022.10.08-14.15.45:362][  0]LogConfig: Setting CVar [[r.DOF.Scatter.EnableBokehSettings:1      ; bokeh simulation when scattering]]
[2022.10.08-14.15.45:362][  0]LogConfig: Setting CVar [[r.DOF.Scatter.MaxSpriteRatio:0.1         ; only a maximum of 10% of scattered bokeh]]
[2022.10.08-14.15.45:362][  0]LogConfig: Setting CVar [[r.DOF.Recombine.Quality:1                ; cheap slight out of focus]]
[2022.10.08-14.15.45:362][  0]LogConfig: Setting CVar [[r.DOF.Recombine.EnableBokehSettings:0    ; no bokeh simulation on slight out of focus]]
[2022.10.08-14.15.45:362][  0]LogConfig: Setting CVar [[r.DOF.TemporalAAQuality:1                ; more stable temporal accumulation]]
[2022.10.08-14.15.45:362][  0]LogConfig: Setting CVar [[r.DOF.Kernel.MaxForegroundRadius:0.025]]
[2022.10.08-14.15.45:362][  0]LogConfig: Setting CVar [[r.DOF.Kernel.MaxBackgroundRadius:0.025]]
[2022.10.08-14.15.45:362][  0]LogConfig: Applying CVar settings from Section [TextureQuality@3] File [D:/Portfolio/Unreal/FPS_Game/Zombone/Saved/Config/Windows/Scalability.ini]
[2022.10.08-14.15.45:362][  0]LogConfig: Setting CVar [[r.Streaming.MipBias:0]]
[2022.10.08-14.15.45:362][  0]LogConfig: Setting CVar [[r.Streaming.AmortizeCPUToGPUCopy:0]]
[2022.10.08-14.15.45:362][  0]LogConfig: Setting CVar [[r.Streaming.MaxNumTexturesToStreamPerFrame:0]]
[2022.10.08-14.15.45:362][  0]LogConfig: Setting CVar [[r.Streaming.Boost:1]]
[2022.10.08-14.15.45:362][  0]LogConfig: Setting CVar [[r.MaxAnisotropy:8]]
[2022.10.08-14.15.45:362][  0]LogConfig: Setting CVar [[r.VT.MaxAnisotropy:8]]
[2022.10.08-14.15.45:362][  0]LogConfig: Setting CVar [[r.Streaming.LimitPoolSizeToVRAM:0]]
[2022.10.08-14.15.45:362][  0]LogConfig: Setting CVar [[r.Streaming.PoolSize:1000]]
[2022.10.08-14.15.45:362][  0]LogConfig: Setting CVar [[r.Streaming.MaxEffectiveScreenSize:0]]
[2022.10.08-14.15.45:362][  0]LogConfig: Applying CVar settings from Section [EffectsQuality@3] File [D:/Portfolio/Unreal/FPS_Game/Zombone/Saved/Config/Windows/Scalability.ini]
[2022.10.08-14.15.45:362][  0]LogConfig: Setting CVar [[r.TranslucencyLightingVolumeDim:64]]
[2022.10.08-14.15.45:363][  0]LogConfig: Setting CVar [[r.RefractionQuality:2]]
[2022.10.08-14.15.45:363][  0]LogConfig: Setting CVar [[r.SSR.Quality:3]]
[2022.10.08-14.15.45:363][  0]LogConfig: Setting CVar [[r.SSR.HalfResSceneColor:0]]
[2022.10.08-14.15.45:363][  0]LogConfig: Setting CVar [[r.SceneColorFormat:4]]
[2022.10.08-14.15.45:363][  0]LogConfig: Setting CVar [[r.DetailMode:2]]
[2022.10.08-14.15.45:363][  0]LogConfig: Setting CVar [[r.TranslucencyVolumeBlur:1]]
[2022.10.08-14.15.45:363][  0]LogConfig: Setting CVar [[r.MaterialQualityLevel:1 ; High quality]]
[2022.10.08-14.15.45:363][  0]LogConfig: Setting CVar [[r.AnisotropicMaterials:1]]
[2022.10.08-14.15.45:363][  0]LogConfig: Setting CVar [[r.SSS.Scale:1]]
[2022.10.08-14.15.45:363][  0]LogConfig: Setting CVar [[r.SSS.SampleSet:2]]
[2022.10.08-14.15.45:363][  0]LogConfig: Setting CVar [[r.SSS.Quality:1]]
[2022.10.08-14.15.45:363][  0]LogConfig: Setting CVar [[r.SSS.HalfRes:0]]
[2022.10.08-14.15.45:363][  0]LogConfig: Setting CVar [[r.SSGI.Quality:3]]
[2022.10.08-14.15.45:363][  0]LogConfig: Setting CVar [[r.EmitterSpawnRateScale:1.0]]
[2022.10.08-14.15.45:363][  0]LogConfig: Setting CVar [[r.ParticleLightQuality:2]]
[2022.10.08-14.15.45:363][  0]LogConfig: Setting CVar [[r.SkyAtmosphere.AerialPerspectiveLUT.FastApplyOnOpaque:1 ; Always have FastSkyLUT 1 in this case to avoid wrong sky]]
[2022.10.08-14.15.45:364][  0]LogConfig: Setting CVar [[r.SkyAtmosphere.AerialPerspectiveLUT.SampleCountMaxPerSlice:4]]
[2022.10.08-14.15.45:364][  0]LogConfig: Setting CVar [[r.SkyAtmosphere.AerialPerspectiveLUT.DepthResolution:16.0]]
[2022.10.08-14.15.45:364][  0]LogConfig: Setting CVar [[r.SkyAtmosphere.FastSkyLUT:1]]
[2022.10.08-14.15.45:364][  0]LogConfig: Setting CVar [[r.SkyAtmosphere.FastSkyLUT.SampleCountMin:4.0]]
[2022.10.08-14.15.45:364][  0]LogConfig: Setting CVar [[r.SkyAtmosphere.FastSkyLUT.SampleCountMax:128.0]]
[2022.10.08-14.15.45:364][  0]LogConfig: Setting CVar [[r.SkyAtmosphere.SampleCountMin:4.0]]
[2022.10.08-14.15.45:364][  0]LogConfig: Setting CVar [[r.SkyAtmosphere.SampleCountMax:128.0]]
[2022.10.08-14.15.45:364][  0]LogConfig: Setting CVar [[r.SkyAtmosphere.TransmittanceLUT.UseSmallFormat:0]]
[2022.10.08-14.15.45:364][  0]LogConfig: Setting CVar [[r.SkyAtmosphere.TransmittanceLUT.SampleCount:10.0]]
[2022.10.08-14.15.45:364][  0]LogConfig: Setting CVar [[r.SkyAtmosphere.MultiScatteringLUT.SampleCount:15.0]]
[2022.10.08-14.15.45:364][  0]LogConfig: Setting CVar [[r.SkyLight.RealTimeReflectionCapture:1]]
[2022.10.08-14.15.45:364][  0]LogConfig: Applying CVar settings from Section [FoliageQuality@3] File [D:/Portfolio/Unreal/FPS_Game/Zombone/Saved/Config/Windows/Scalability.ini]
[2022.10.08-14.15.45:364][  0]LogConfig: Setting CVar [[foliage.DensityScale:1.0]]
[2022.10.08-14.15.45:364][  0]LogConfig: Setting CVar [[grass.DensityScale:1.0]]
[2022.10.08-14.15.45:364][  0]LogConfig: Applying CVar settings from Section [ShadingQuality@3] File [D:/Portfolio/Unreal/FPS_Game/Zombone/Saved/Config/Windows/Scalability.ini]
[2022.10.08-14.15.45:364][  0]LogConfig: Setting CVar [[r.HairStrands.SkyLighting.IntegrationType:2]]
[2022.10.08-14.15.45:365][  0]LogConfig: Setting CVar [[r.HairStrands.SkyAO.SampleCount:4]]
[2022.10.08-14.15.45:365][  0]LogConfig: Setting CVar [[r.HairStrands.Visibility.MSAA.SamplePerPixel:4]]
[2022.10.08-14.15.45:365][  0]LogConfig: Applying CVar settings from Section [Startup] File [../../../Engine/Config/ConsoleVariables.ini]
[2022.10.08-14.15.45:365][  0]LogConfig: Setting CVar [[net.UseAdaptiveNetUpdateFrequency:0]]
[2022.10.08-14.15.45:365][  0]LogConfig: Setting CVar [[p.chaos.AllowCreatePhysxBodies:1]]
[2022.10.08-14.15.45:365][  0]LogConfig: Setting CVar [[fx.SkipVectorVMBackendOptimizations:1]]
[2022.10.08-14.15.45:365][  0]LogConfig: Applying CVar settings from Section [ConsoleVariables] File [D:/Portfolio/Unreal/FPS_Game/Zombone/Saved/Config/Windows/Engine.ini]
[2022.10.08-14.15.45:365][  0]LogConfig: Applying CVar settings from Section [ConsoleVariables] File [D:/Portfolio/Unreal/FPS_Game/Zombone/Saved/Config/Windows/Editor.ini]
[2022.10.08-14.15.45:365][  0]LogInit: Computer: DESKTOP-J6VGNOD
[2022.10.08-14.15.45:365][  0]LogInit: User: timve
[2022.10.08-14.15.45:365][  0]LogInit: CPU Page size=4096, Cores=6
[2022.10.08-14.15.45:365][  0]LogInit: High frequency timer resolution =10.000000 MHz
[2022.10.08-14.15.45:366][  0]LogMemory: Memory total: Physical=31.7GB (32GB approx)
[2022.10.08-14.15.45:366][  0]LogMemory: Platform Memory Stats for Windows
[2022.10.08-14.15.45:366][  0]LogMemory: Process Physical Memory: 144.68 MB used, 144.68 MB peak
[2022.10.08-14.15.45:366][  0]LogMemory: Process Virtual Memory: 125.82 MB used, 125.82 MB peak
[2022.10.08-14.15.45:366][  0]LogMemory: Physical Memory: 13642.63 MB used,  18800.91 MB free, 32443.55 MB total
[2022.10.08-14.15.45:366][  0]LogMemory: Virtual Memory: 134204392.00 MB used,  13337.64 MB free, 134217728.00 MB total
[2022.10.08-14.15.45:374][  0]LogWindows: WindowsPlatformFeatures enabled
[2022.10.08-14.15.45:589][  0]LogInit: Physics initialised using underlying interface: PhysX
[2022.10.08-14.15.45:590][  0]LogInit: Using OS detected language (nl-NL).
[2022.10.08-14.15.45:590][  0]LogInit: Using OS detected locale (en-BE).
[2022.10.08-14.15.45:593][  0]LogTextLocalizationManager: No localization for 'nl-NL' exists, so 'en' will be used for the language.
[2022.10.08-14.15.45:809][  0]LogInit: Setting process to per monitor DPI aware
[2022.10.08-14.15.45:852][  0]LogWindowsTextInputMethodSystem: Display: IME system deactivated.
[2022.10.08-14.15.45:874][  0]LogSlate: New Slate User Created.  User Index 0, Is Virtual User: 0
[2022.10.08-14.15.45:874][  0]LogSlate: Slate User Registered.  User Index 0, Is Virtual User: 0
[2022.10.08-14.15.45:977][  0]LogD3D11RHI: Loaded GFSDK_Aftermath_Lib.x64.dll
[2022.10.08-14.15.45:984][  0]LogHMD: Failed to initialize OpenVR with code 110
[2022.10.08-14.15.45:984][  0]LogD3D11RHI: D3D11 min allowed feature level: 11_0
[2022.10.08-14.15.45:984][  0]LogD3D11RHI: D3D11 max allowed feature level: 11_0
[2022.10.08-14.15.45:984][  0]LogD3D11RHI: D3D11 adapters:
[2022.10.08-14.15.46:119][  0]LogD3D11RHI:    0. 'NVIDIA GeForce GTX 1060 6GB' (Feature Level 11_0)
[2022.10.08-14.15.46:119][  0]LogD3D11RHI:       6052/0/16221 MB DedicatedVideo/DedicatedSystem/SharedSystem, Outputs:2, VendorId:0x10de
[2022.10.08-14.15.46:126][  0]LogD3D11RHI:    1. 'Microsoft Basic Render Driver' (Feature Level 11_0)
[2022.10.08-14.15.46:126][  0]LogD3D11RHI:       0/0/16221 MB DedicatedVideo/DedicatedSystem/SharedSystem, Outputs:0, VendorId:0x1414
[2022.10.08-14.15.46:126][  0]LogD3D11RHI: Chosen D3D11 Adapter:
[2022.10.08-14.15.46:126][  0]LogD3D11RHI:     Description : NVIDIA GeForce GTX 1060 6GB
[2022.10.08-14.15.46:126][  0]LogD3D11RHI:     VendorId    : 10de
[2022.10.08-14.15.46:126][  0]LogD3D11RHI:     DeviceId    : 1c03
[2022.10.08-14.15.46:126][  0]LogD3D11RHI:     SubSysId    : 32831462
[2022.10.08-14.15.46:126][  0]LogD3D11RHI:     Revision    : 00a1
[2022.10.08-14.15.46:127][  0]LogD3D11RHI:     DedicatedVideoMemory : 6345981952 bytes
[2022.10.08-14.15.46:127][  0]LogD3D11RHI:     DedicatedSystemMemory : 0 bytes
[2022.10.08-14.15.46:127][  0]LogD3D11RHI:     SharedSystemMemory : 17009762304 bytes
[2022.10.08-14.15.46:127][  0]LogD3D11RHI:     AdapterLuid : 0 85470
[2022.10.08-14.15.46:134][  0]LogD3D11RHI: Creating new Direct3DDevice
[2022.10.08-14.15.46:134][  0]LogD3D11RHI:     GPU DeviceId: 0x1c03 (for the marketing name, search the web for "GPU Device Id")
[2022.10.08-14.15.46:134][  0]LogWindows: EnumDisplayDevices:
[2022.10.08-14.15.46:134][  0]LogWindows:    0. 'NVIDIA GeForce GTX 1060 6GB' (P:1 D:1)
[2022.10.08-14.15.46:134][  0]LogWindows:    1. 'NVIDIA GeForce GTX 1060 6GB' (P:0 D:1)
[2022.10.08-14.15.46:135][  0]LogWindows:    2. 'NVIDIA GeForce GTX 1060 6GB' (P:0 D:0)
[2022.10.08-14.15.46:135][  0]LogWindows:    3. 'NVIDIA GeForce GTX 1060 6GB' (P:0 D:0)
[2022.10.08-14.15.46:135][  0]LogWindows: DebugString: FoundDriverCount:4 
[2022.10.08-14.15.46:135][  0]LogD3D11RHI:     Adapter Name: NVIDIA GeForce GTX 1060 6GB
[2022.10.08-14.15.46:135][  0]LogD3D11RHI:   Driver Version: 457.51 (internal:27.21.14.5751, unified:457.51)
[2022.10.08-14.15.46:135][  0]LogD3D11RHI:      Driver Date: 11-22-2020
[2022.10.08-14.15.46:135][  0]LogRHI: Texture pool is 4236 MB (70% of 6052 MB)
[2022.10.08-14.15.46:135][  0]LogD3D11RHI: Creating D3DDevice using adapter:
[2022.10.08-14.15.46:135][  0]LogD3D11RHI:     Description : NVIDIA GeForce GTX 1060 6GB
[2022.10.08-14.15.46:136][  0]LogD3D11RHI:     VendorId    : 10de
[2022.10.08-14.15.46:136][  0]LogD3D11RHI:     DeviceId    : 1c03
[2022.10.08-14.15.46:136][  0]LogD3D11RHI:     SubSysId    : 32831462
[2022.10.08-14.15.46:136][  0]LogD3D11RHI:     Revision    : 00a1
[2022.10.08-14.15.46:136][  0]LogD3D11RHI:     DedicatedVideoMemory : 6345981952 bytes
[2022.10.08-14.15.46:136][  0]LogD3D11RHI:     DedicatedSystemMemory : 0 bytes
[2022.10.08-14.15.46:136][  0]LogD3D11RHI:     SharedSystemMemory : 17009762304 bytes
[2022.10.08-14.15.46:136][  0]LogD3D11RHI:     AdapterLuid : 0 85470
[2022.10.08-14.15.46:200][  0]LogD3D11RHI: RHI has support for 64 bit atomics
[2022.10.08-14.15.46:200][  0]LogD3D11RHI: Async texture creation enabled
[2022.10.08-14.15.46:201][  0]LogD3D11RHI: Array index from any shader is supported
[2022.10.08-14.15.46:224][  0]LogD3D11RHI: GPU Timing Frequency: 1000.000000 (Debug: 2 1)
[2022.10.08-14.15.46:277][  0]LogRHI: GeForceNow SDK initialized: 1
[2022.10.08-14.15.46:616][  0]LogTargetPlatformManager: Display: Loaded TargetPlatform 'AllDesktop'
[2022.10.08-14.15.46:639][  0]LogTargetPlatformManager: Display: Loaded TargetPlatform 'Android'
[2022.10.08-14.15.46:639][  0]LogTargetPlatformManager: Display: Loaded TargetPlatform 'Android_ASTC'
[2022.10.08-14.15.46:639][  0]LogTargetPlatformManager: Display: Loaded TargetPlatform 'Android_DXT'
[2022.10.08-14.15.46:639][  0]LogTargetPlatformManager: Display: Loaded TargetPlatform 'Android_ETC2'
[2022.10.08-14.15.46:639][  0]LogTargetPlatformManager: Display: Loaded TargetPlatform 'AndroidClient'
[2022.10.08-14.15.46:639][  0]LogTargetPlatformManager: Display: Loaded TargetPlatform 'Android_ASTCClient'
[2022.10.08-14.15.46:639][  0]LogTargetPlatformManager: Display: Loaded TargetPlatform 'Android_DXTClient'
[2022.10.08-14.15.46:639][  0]LogTargetPlatformManager: Display: Loaded TargetPlatform 'Android_ETC2Client'
[2022.10.08-14.15.46:639][  0]LogTargetPlatformManager: Display: Loaded TargetPlatform 'Android_Multi'
[2022.10.08-14.15.46:639][  0]LogTargetPlatformManager: Display: Loaded TargetPlatform 'Android_MultiClient'
[2022.10.08-14.15.46:666][  0]LogTargetPlatformManager: Display: Loaded TargetPlatform 'IOSClient'
[2022.10.08-14.15.46:666][  0]LogTargetPlatformManager: Display: Loaded TargetPlatform 'IOS'
[2022.10.08-14.15.46:677][  0]LogTargetPlatformManager: Display: Loaded TargetPlatform 'Linux'
[2022.10.08-14.15.46:684][  0]LogTargetPlatformManager: Display: Loaded TargetPlatform 'LinuxNoEditor'
[2022.10.08-14.15.46:690][  0]LogTargetPlatformManager: Display: Loaded TargetPlatform 'LinuxClient'
[2022.10.08-14.15.46:698][  0]LogTargetPlatformManager: Display: Loaded TargetPlatform 'LinuxServer'
[2022.10.08-14.15.46:711][  0]LogTargetPlatformManager: Display: Loaded TargetPlatform 'LinuxAArch64NoEditor'
[2022.10.08-14.15.46:720][  0]LogTargetPlatformManager: Display: Loaded TargetPlatform 'LinuxAArch64Client'
[2022.10.08-14.15.46:728][  0]LogTargetPlatformManager: Display: Loaded TargetPlatform 'LinuxAArch64Server'
[2022.10.08-14.15.46:765][  0]LogTargetPlatformManager: Display: Loaded TargetPlatform 'Lumin'
[2022.10.08-14.15.46:766][  0]LogTargetPlatformManager: Display: Loaded TargetPlatform 'LuminClient'
[2022.10.08-14.15.46:781][  0]LogTargetPlatformManager: Display: Loaded TargetPlatform 'MacNoEditor'
[2022.10.08-14.15.46:790][  0]LogTargetPlatformManager: Display: Loaded TargetPlatform 'Mac'
[2022.10.08-14.15.46:799][  0]LogTargetPlatformManager: Display: Loaded TargetPlatform 'MacClient'
[2022.10.08-14.15.46:807][  0]LogTargetPlatformManager: Display: Loaded TargetPlatform 'MacServer'
[2022.10.08-14.15.46:818][  0]LogTargetPlatformManager: Display: Loaded TargetPlatform 'TVOSClient'
[2022.10.08-14.15.46:819][  0]LogTargetPlatformManager: Display: Loaded TargetPlatform 'TVOS'
[2022.10.08-14.15.46:832][  0]LogTargetPlatformManager: Display: Loaded TargetPlatform 'WindowsNoEditor'
[2022.10.08-14.15.46:839][  0]LogTargetPlatformManager: Display: Loaded TargetPlatform 'Windows'
[2022.10.08-14.15.46:848][  0]LogTargetPlatformManager: Display: Loaded TargetPlatform 'WindowsClient'
[2022.10.08-14.15.46:855][  0]LogTargetPlatformManager: Display: Loaded TargetPlatform 'WindowsServer'
[2022.10.08-14.15.46:855][  0]LogTargetPlatformManager: Display: Building Assets For Windows
[2022.10.08-14.15.46:874][  0]LogAudioDebug: Display: Lib vorbis DLL was dynamically loaded.
[2022.10.08-14.15.46:950][  0]LogTextureFormatOodle: Display: Oodle Texture 2.9.0 init RDO Off
[2022.10.08-14.15.47:027][  0]LogRendererCore: Ray tracing is disabled. Reason: r.RayTracing=0.
[2022.10.08-14.15.47:027][  0]LogShaderCompilers: Guid format shader working directory is -3 characters bigger than the processId version (../../../../../Portfolio/Unreal/FPS_Game/Zombone/Intermediate/Shaders/WorkingDirectory/23212/).
[2022.10.08-14.15.47:028][  0]LogShaderCompilers: Cleaned the shader compiler working directory 'C:/Users/timve/AppData/Local/Temp/UnrealShaderWorkingDir/358510624CA218DE92DBD386F3DA5531/'.
[2022.10.08-14.15.47:028][  0]LogXGEController: Cannot use XGE Controller as Incredibuild is not installed on this machine.
[2022.10.08-14.15.47:028][  0]LogShaderCompilers: Cannot use XGE Shader Compiler as Incredibuild is not installed on this machine.
[2022.10.08-14.15.47:028][  0]LogShaderCompilers: Display: Using Local Shader Compiler.
[2022.10.08-14.15.47:792][  0]LogDerivedDataCache: Display: Max Cache Size: 512 MB
[2022.10.08-14.15.47:865][  0]LogDerivedDataCache: Loaded boot cache 0.07s 99MB C:/Users/timve/AppData/Local/UnrealEngine/4.27/DerivedDataCache/Boot.ddc.
[2022.10.08-14.15.47:865][  0]LogDerivedDataCache: Display: Loaded Boot cache: C:/Users/timve/AppData/Local/UnrealEngine/4.27/DerivedDataCache/Boot.ddc
[2022.10.08-14.15.47:865][  0]LogDerivedDataCache: FDerivedDataBackendGraph:  Pak pak cache file ../../../../../Portfolio/Unreal/FPS_Game/Zombone/DerivedDataCache/DDC.ddp not found, will not use a pak cache.
[2022.10.08-14.15.47:865][  0]LogDerivedDataCache: Unable to find inner node Pak for hierarchical cache Hierarchy.
[2022.10.08-14.15.47:865][  0]LogDerivedDataCache: FDerivedDataBackendGraph:  CompressedPak pak cache file ../../../../../Portfolio/Unreal/FPS_Game/Zombone/DerivedDataCache/Compressed.ddp not found, will not use a pak cache.
[2022.10.08-14.15.47:866][  0]LogDerivedDataCache: Unable to find inner node CompressedPak for hierarchical cache Hierarchy.
[2022.10.08-14.15.47:883][  0]LogDerivedDataCache: Display: Pak cache opened for reading ../../../Engine/DerivedDataCache/Compressed.ddp.
[2022.10.08-14.15.47:883][  0]LogDerivedDataCache: FDerivedDataBackendGraph:  EnterprisePak pak cache file ../../../Enterprise/DerivedDataCache/Compressed.ddp not found, will not use a pak cache.
[2022.10.08-14.15.47:883][  0]LogDerivedDataCache: Unable to find inner node EnterprisePak for hierarchical cache Hierarchy.
[2022.10.08-14.15.47:891][  0]LogDerivedDataCache: Speed tests for C:/Users/timve/AppData/Local/UnrealEngine/Common/DerivedDataCache took 0.01 seconds
[2022.10.08-14.15.47:891][  0]LogDerivedDataCache: Display: Performance to C:/Users/timve/AppData/Local/UnrealEngine/Common/DerivedDataCache: Latency=0.03ms. RandomReadSpeed=1010.64MBs, RandomWriteSpeed=152.69MBs. Assigned SpeedClass 'Local'
[2022.10.08-14.15.47:895][  0]LogDerivedDataCache: Using Local data cache path C:/Users/timve/AppData/Local/UnrealEngine/Common/DerivedDataCache: Writable
[2022.10.08-14.15.47:895][  0]LogDerivedDataCache: Shared data cache path not found in *engine.ini, will not use an Shared cache.
[2022.10.08-14.15.47:896][  0]LogDerivedDataCache: Unable to find inner node Shared for hierarchical cache Hierarchy.
[2022.10.08-14.15.47:943][  0]LogSlate: Using FreeType 2.10.0
[2022.10.08-14.15.47:943][  0]LogSlate: SlateFontServices - WITH_FREETYPE: 1, WITH_HARFBUZZ: 1
[2022.10.08-14.15.47:975][  0]LogAssetRegistry: FAssetRegistry took 0.0057 seconds to start up
[2022.10.08-14.15.48:279][  0]LogInit: Selected Device Profile: [Windows]
[2022.10.08-14.15.48:279][  0]LogInit: Active device profile: [000001C93BC4AC00][000001C931DD4300 49] Windows
[2022.10.08-14.15.48:280][  0]LogInit: Profiles: [000001C93BC4AC00][000001C931DD4300 49] Windows, [000001C93BBFD600][000001C93065E480 49] WindowsNoEditor, [000001C93BC49600][000001C9306665C0 49] WindowsServer, [000001C93BBFE300][000001C930662700 49] WindowsClient, [000001C93BC4A200][000001C9383FC840 49] IOS, [000001C93BBFE400][000001C931F34980 49] iPadAir, [000001C93BC4A900][000001C938412B00 49] iPadAir2, [000001C93BBAAC00][000001C9383C8DC0 49] IPadPro, [000001C93BBAAD00][000001C938416E00 49] iPadAir3, [000001C93BC4A300][000001C9383CCF80 49] iPadAir4, [000001C93BBAB400][000001C9383D1100 49] iPadMini2, [000001C93BC49D00][000001C9383D5280 49] iPadMini3, [000001C93BBA9200][000001C9383D9400 49] iPadMini4, [000001C93BC48B00][000001C9383DD580 49] iPadMini5, [000001C93BBF2500][000001C9383E5840 49] iPhone6, [000001C93BBF2600][000001C9383E1880 49] iPodTouch6, [000001C93BBA9F00][000001C9383EDB40 49] iPhone7, [000001C93BBAA000][000001C9383E9B80 49] iPodTouch7, [000001C93BBF2700][000001C939926180 49] iPhone5S, [000001C93BBA8A00][000001C93992A300 49] iPhone6Plus, [000001C93BBF1200][000001C93992E480 49] iPhone6S, [000001C93BBABB00][000001C939932600 49] iPhone6SPlus, [000001C93BBF3C00][000001C931EFA740 49] iPhone7Plus, [000001C93BBAB700][000001C939936880 49] iPhoneSE, [000001C93BBF3000][000001C93993A9C0 49] iPhone8, [000001C93BBA8800][000001C93993EB00 49] iPhone8Plus, [000001C93BBF0200][000001C939946C80 49] iPhoneX, [000001C93BBA9900][000001C93994AE00 49] iPhoneXS, [000001C93BBF2100][000001C93BE40F80 49] iPhoneXSMax, [000001C93BBAA500][000001C93BE45100 49] iPhoneXR, [000001C93BBF3F00][000001C93BE49280 49] iPhone11, [000001C93BBA8E00][000001C93BE4D400 49] iPhone11Pro, [000001C93BBF2F00][000001C93BE51580 49] iPhone11ProMax, [000001C93BBABC00][000001C93BE55700 49] iPhoneSE2, [000001C93BBF0500][000001C93BE59880 49] iPhone12Mini, [000001C93BBABE00][000001C93BE5DA00 49] iPhone12, [000001C93BBF0600][000001C93BE61B80 49] iPhone12Pro, [000001C93BBA8900][000001C93BE64180 49] iPhone12ProMax, [000001C93BBF3300][000001C93BE68300 49] iPadPro105, [000001C93BBA8600][000001C93BE6C480 49] iPadPro129, [000001C93BBF0A00][000001C93BE70600 49] iPadPro97, [000001C93BBAB900][000001C93BE74780 49] iPadPro2_129, [000001C93BBF1F00][000001C93BE78900 49] iPad5, [000001C93BBA9A00][000001C939942A40 49] iPad6, [000001C93BBF0C00][000001C931D4EB80 49] iPad7, [000001C93BBA9500][000001C931D52CC0 49] iPad8, [000001C93BBF0700][000001C931D5AE40 49] iPadPro11, [000001C93BBAA300][000001C931D5EFC0 49] iPadPro2_11, [000001C93BBF0D00][000001C931D63140 49] iPadPro3_129, [000001C93BBA8300][000001C931D672C0 49] iPadPro4_129, [000001C93BBFD900][000001C931D6B440 49] AppleTV, [000001C93BC84800][000001C931D6F5C0 49] AppleTV4K, [000001C93BBFF500][000001C931D73740 49] TVOS, [000001C93BC85C00][000001C931D778C0 49] Mac, [000001C93BBFF100][000001C931D7BA40 49] MacClient, [000001C93BC85600][000001C931D7FBC0 49] MacNoEditor, [000001C93BBFC600][000001C931D821C0 49] MacServer, [000001C93BC85E00][000001C931D86340 49] Linux, [000001C93BBFE500][000001C931D8A4C0 49] LinuxAArch64, [000001C93BC84C00][000001C931D8E640 49] LinuxNoEditor, [000001C93BBFF600][000001C931D927C0 49] LinuxAArch64NoEditor, [000001C93BC85100][000001C931D96940 49] LinuxClient, [000001C93BBFEA00][000001C931D9AAC0 49] LinuxAArch64Client, [000001C93BC84E00][000001C931D56C00 49] LinuxServer, [000001C93BBFD100][000001C931D9ED40 49] LinuxAArch64Server, [000001C93BC84100][000001C931DA2E80 49] Android, [000001C93BBFCD00][000001C931DA6FC0 49] Android_Low, [000001C93BC85B00][000001C931DAF140 49] Android_Mid, [000001C93BBAB800][000001C931DB32C0 49] Android_High, [000001C93BBF1D00][000001C931DB7440 49] Android_Default, [000001C93BBAA200][000001C931E6B5C0 49] Android_Adreno4xx, [000001C93BBF2000][000001C931E6F740 49] Android_Adreno5xx_Low, [000001C93BBABD00][000001C931E738C0 49] Android_Adreno5xx, [000001C93BBF2C00][000001C931E77A40 49] Android_Adreno6xx, [000001C93BBAB100][000001C931E7BBC0 49] Android_Adreno6xx_Vulkan, [000001C93BBF0F00][000001C931E7E1C0 49] Android_Mali_T6xx, [000001C93BBA8B00][000001C931E82340 49] Android_Mali_T7xx, [000001C93BBF0100][000001C931E864C0 49] Android_Mali_T8xx, [000001C93BBAA800][000001C931E8A640 49] Android_Mali_G71, [000001C93BBF3E00][000001C931E8E7C0 49] Android_Mali_G72, [000001C93BBAA600][000001C931E92940 49] Android_Mali_G72_Vulkan, [000001C93BBF1B00][000001C931E96AC0 49] Android_Mali_G76, [000001C93BBA8200][000001C931E9AC40 49] Android_Mali_G76_Vulkan, [000001C93BBF1700][000001C931DAAD80 49] Android_Mali_G77, [000001C93BBAAF00][000001C931E9EEC0 49] Android_Mali_G77_Vulkan, [000001C93BC85900][000001C931EA3000 49] Android_Mali_G78, [000001C93BBA8C00][000001C931EA7140 49] Android_Mali_G78_Vulkan, [000001C93BC84300][000001C931EAF2C0 49] Android_Mali_G710, [000001C93BBAAA00][000001C931EB3440 49] Android_Mali_G710_Vulkan, [000001C93BBF1A00][000001C931EB75C0 49] Android_Vulkan_SM5, [000001C93BBA9700][000001C931EBB740 49] Android_PowerVR_G6xxx, [000001C93BBF3700][000001C931EBF8C0 49] Android_PowerVR_GT7xxx, [000001C93BBAAE00][000001C931EC3A40 49] Android_PowerVR_GE8xxx, [000001C93BBF2B00][000001C931EC7BC0 49] Android_PowerVR_GM9xxx, [000001C93BBA8500][000001C931ECA1C0 49] Android_PowerVR_GM9xxx_Vulkan, [000001C93BBF2400][000001C931ECE340 49] Android_TegraK1, [000001C93BBABF00][000001C931ED24C0 49] Android_Unknown_Vulkan, [000001C93BBF1300][000001C931ED6640 49] Lumin, [000001C93BBA8F00][000001C93C0127C0 49] Lumin_Desktop, [000001C93BBF1600][000001C93C016940 49] HoloLens, 
[2022.10.08-14.15.48:444][  0]LogMeshReduction: Using QuadricMeshReduction for automatic static mesh reduction
[2022.10.08-14.15.48:444][  0]LogMeshReduction: Using SimplygonMeshReduction for automatic skeletal mesh reduction
[2022.10.08-14.15.48:444][  0]LogMeshReduction: Using ProxyLODMeshReduction for automatic mesh merging
[2022.10.08-14.15.48:444][  0]LogMeshReduction: No distributed automatic mesh merging module available
[2022.10.08-14.15.48:444][  0]LogMeshMerging: No distributed automatic mesh merging module available
[2022.10.08-14.15.48:463][  0]LogNetVersion: Zombone 1.0.0, NetCL: 17155196, EngineNetVer: 17, GameNetVer: 0 (Checksum: 1748673324)
[2022.10.08-14.15.48:859][  0]LogTexture: Default maximum texture size for cubemaps generated from long-lat sources has been changed from 512 to unlimited. In order to preserve old behaiour for '/Engine/MapTemplates/Sky/DaylightAmbientCubemap.DaylightAmbientCubemap', its maximum texture size has been explicitly set to 512.
[2022.10.08-14.15.48:934][  0]LogHMD: PokeAHoleMaterial loaded successfully
[2022.10.08-14.15.48:941][  0]LogUObjectArray: 17178 objects as part of root set at end of initial load.
[2022.10.08-14.15.48:941][  0]LogUObjectAllocator: 4302048 out of 0 bytes used by permanent object pool.
[2022.10.08-14.15.48:941][  0]LogUObjectArray: CloseDisregardForGC: 0/0 objects in disregard for GC pool
[2022.10.08-14.15.49:220][  0]LogPython: Using Python 3.7.7
[2022.10.08-14.15.50:001][  0]LogNiagaraDebuggerClient: Niagara Debugger Client Initialized | Session: 0928B151498AFAAF207268AF2A795415 | Instance: A9305A6E44740B0FEC591E96832AC6E1 (DESKTOP-J6VGNOD-23212).
[2022.10.08-14.15.50:121][  0]LogTcpMessaging: Initializing TcpMessaging bridge
[2022.10.08-14.15.50:130][  0]LogUdpMessaging: Initializing bridge on interface 0.0.0.0:0 to multicast group 230.0.0.1:6666.
