Log file open, 10/08/22 16:45:48
LogWindows: Failed to load 'aqProf.dll' (GetLastError=126)
LogWindows: File 'aqProf.dll' does not exist
LogWindows: Failed to load 'VtuneApi.dll' (GetLastError=126)
LogWindows: File 'VtuneApi.dll' does not exist
LogWindows: Failed to load 'VtuneApi32e.dll' (GetLastError=126)
LogWindows: File 'VtuneApi32e.dll' does not exist
LogConsoleResponse: Display: Failed to find resolution value strings in scalability ini. Falling back to default.
LogConsoleResponse: Display: Failed to find resolution value strings in scalability ini. Falling back to default.
LogInit: Display: Running engine for game: Zombone
LogPlatformFile: Not using cached read wrapper
LogTaskGraph: Started task graph with 5 named threads and 35 total threads with 3 sets of task threads.
LogStats: Stats thread started at 0.355020
LogICUInternationalization: ICU TimeZone Detection - Raw Offset: +1:00, Platform Override: ''
LogInit: Display: Loading text-based GConfig....
LogPluginManager: Mounting plugin MeshPainting
LogPluginManager: Mounting plugin XGEController
LogPluginManager: Mounting plugin AISupport
LogPluginManager: Mounting plugin Paper2D
LogPluginManager: Mounting plugin EnvironmentQueryEditor
LogPluginManager: Mounting plugin LiveLink
LogPluginManager: Mounting plugin LightPropagationVolume
LogPluginManager: Mounting plugin CameraShakePreviewer
LogPluginManager: Mounting plugin AnimationSharing
LogPluginManager: Mounting plugin CodeLiteSourceCodeAccess
LogPluginManager: Mounting plugin CLionSourceCodeAccess
LogPluginManager: Mounting plugin GitSourceControl
LogPluginManager: Mounting plugin KDevelopSourceCodeAccess
LogPluginManager: Mounting plugin NullSourceCodeAccess
LogPluginManager: Mounting plugin PerforceSourceControl
LogPluginManager: Mounting plugin PixWinPlugin
LogPluginManager: Mounting plugin PlasticSourceControl
LogPluginManager: Mounting plugin PluginUtils
LogPluginManager: Mounting plugin PropertyAccessNode
LogPluginManager: Mounting plugin RiderSourceCodeAccess
LogPluginManager: Mounting plugin SubversionSourceControl
LogPluginManager: Mounting plugin TextureFormatOodle
LogPluginManager: Mounting plugin GameplayCameras
LogPluginManager: Mounting plugin UObjectPlugin
LogPluginManager: Mounting plugin VisualStudioCodeSourceCodeAccess
LogPluginManager: Mounting plugin VisualStudioSourceCodeAccess
LogPluginManager: Mounting plugin XCodeSourceCodeAccess
LogPluginManager: Mounting plugin OodleData
LogPluginManager: Mounting plugin OodleNetwork
LogPluginManager: Mounting plugin AssetManagerEditor
LogPluginManager: Mounting plugin CurveEditorTools
LogPluginManager: Mounting plugin CryptoKeys
LogPluginManager: Mounting plugin DataValidation
LogPluginManager: Mounting plugin LuminPlatformFeatures
LogPluginManager: Mounting plugin Niagara
LogPluginManager: Mounting plugin MagicLeap
LogPluginManager: Mounting plugin MagicLeapMedia
LogPluginManager: Mounting plugin ActorSequence
LogPluginManager: Mounting plugin MagicLeapLightEstimation
LogPluginManager: Mounting plugin MagicLeapPassableWorld
LogPluginManager: Mounting plugin DatasmithContent
LogPluginManager: Mounting plugin MLSDK
LogPluginManager: Mounting plugin LevelSequenceEditor
LogPluginManager: Mounting plugin MatineeToLevelSequence
LogPluginManager: Mounting plugin AndroidMedia
LogPluginManager: Mounting plugin TemplateSequence
LogPluginManager: Mounting plugin AvfMedia
LogPluginManager: Mounting plugin ImgMedia
LogPluginManager: Mounting plugin VariantManagerContent
LogPluginManager: Mounting plugin MediaPlayerEditor
LogPluginManager: Mounting plugin WebMMedia
LogPluginManager: Mounting plugin WmfMedia
LogPluginManager: Mounting plugin FacialAnimation
LogPluginManager: Mounting plugin GameplayTagsEditor
LogPluginManager: Mounting plugin GeometryMode
LogPluginManager: Mounting plugin MacGraphicsSwitching
LogPluginManager: Mounting plugin MaterialAnalyzer
LogPluginManager: Mounting plugin MobileLauncherProfileWizard
LogPluginManager: Mounting plugin SpeedTreeImporter
LogPluginManager: Mounting plugin PluginBrowser
LogPluginManager: Mounting plugin MediaCompositing
LogPluginManager: Mounting plugin TcpMessaging
LogPluginManager: Mounting plugin UdpMessaging
LogPluginManager: Mounting plugin LauncherChunkInstaller
LogPluginManager: Mounting plugin OnlineSubsystem
LogPluginManager: Mounting plugin OnlineSubsystemNull
LogPluginManager: Mounting plugin OnlineSubsystemUtils
LogPluginManager: Mounting plugin AlembicImporter
LogPluginManager: Mounting plugin AutomationUtils
LogPluginManager: Mounting plugin BackChannel
LogPluginManager: Mounting plugin ChaosCloth
LogPluginManager: Mounting plugin ChaosEditor
LogPluginManager: Mounting plugin ChaosSolverPlugin
LogPluginManager: Mounting plugin ChaosNiagara
LogPluginManager: Mounting plugin ScreenshotTools
LogPluginManager: Mounting plugin CharacterAI
LogPluginManager: Mounting plugin GeometryCache
LogPluginManager: Mounting plugin GeometryCollectionPlugin
LogPluginManager: Mounting plugin ChaosClothEditor
LogPluginManager: Mounting plugin Takes
LogPluginManager: Mounting plugin ActorLayerUtilities
LogPluginManager: Mounting plugin AndroidMoviePlayer
LogPluginManager: Mounting plugin AndroidDeviceProfileSelector
LogPluginManager: Mounting plugin AndroidPermission
LogPluginManager: Mounting plugin AppleImageUtils
LogPluginManager: Mounting plugin AppleMoviePlayer
LogPluginManager: Mounting plugin ArchVisCharacter
LogPluginManager: Mounting plugin GeometryProcessing
LogPluginManager: Mounting plugin AssetTags
LogPluginManager: Mounting plugin AudioCapture
LogPluginManager: Mounting plugin ChunkDownloader
LogPluginManager: Mounting plugin CableComponent
LogPluginManager: Mounting plugin CustomMeshComponent
LogPluginManager: Mounting plugin AudioSynesthesia
LogPluginManager: Mounting plugin OpenImageDenoise
LogPluginManager: Mounting plugin MotoSynth
LogPluginManager: Mounting plugin EditableMesh
LogPluginManager: Mounting plugin PlanarCut
LogPluginManager: Mounting plugin ExampleDeviceProfileSelector
LogPluginManager: Mounting plugin PlatformCrypto
LogPluginManager: Mounting plugin ProxyLODPlugin
LogPluginManager: Mounting plugin PythonScriptPlugin
LogPluginManager: Mounting plugin SkeletalReduction
LogPluginManager: Mounting plugin GoogleCloudMessaging
LogPluginManager: Mounting plugin GooglePAD
LogPluginManager: Mounting plugin LinuxDeviceProfileSelector
LogPluginManager: Mounting plugin IOSDeviceProfileSelector
LogPluginManager: Mounting plugin LocationServicesBPLibrary
LogPluginManager: Mounting plugin MobilePatchingUtils
LogPluginManager: Mounting plugin OpenXR
LogPluginManager: Mounting plugin OpenXREyeTracker
LogPluginManager: Mounting plugin OpenXRHandTracking
LogPluginManager: Mounting plugin PhysXVehicles
LogPluginManager: Mounting plugin ProceduralMeshComponent
LogPluginManager: Mounting plugin PostSplashScreen
LogPluginManager: Mounting plugin PropertyAccessEditor
LogPluginManager: Mounting plugin SignificanceManager
LogPluginManager: Mounting plugin RuntimePhysXCooking
LogPluginManager: Mounting plugin SoundFields
LogPluginManager: Mounting plugin Synthesis
LogPluginManager: Mounting plugin WebMMoviePlayer
LogPluginManager: Mounting plugin WindowsMoviePlayer
LogPluginManager: Mounting plugin ContentBrowserFileDataSource
LogPluginManager: Mounting plugin ContentBrowserAssetDataSource
LogPluginManager: Mounting plugin ContentBrowserClassDataSource
LogPluginManager: Mounting plugin OnlineSubsystemGooglePlay
LogPluginManager: Mounting plugin OnlineSubsystemIOS
LogPluginManager: Mounting plugin OculusVR
LogPluginManager: Mounting plugin SteamVR
PixWinPlugin: PIX capture plugin failed to initialize! Check that the process is launched from PIX.
LogInit: Using libcurl 7.55.1-DEV
LogInit:  - built for x86_64-pc-win32
LogInit:  - supports SSL with OpenSSL/1.1.1
LogInit:  - supports HTTP deflate (compression) using libz 1.2.8
LogInit:  - other features:
LogInit:      CURL_VERSION_SSL
LogInit:      CURL_VERSION_LIBZ
LogInit:      CURL_VERSION_IPV6
LogInit:      CURL_VERSION_ASYNCHDNS
LogInit:      CURL_VERSION_LARGEFILE
LogInit:      CURL_VERSION_IDN
LogInit:  CurlRequestOptions (configurable via config and command line):
LogInit:  - bVerifyPeer = true  - Libcurl will verify peer certificate
LogInit:  - bUseHttpProxy = false  - Libcurl will NOT use HTTP proxy
LogInit:  - bDontReuseConnections = false  - Libcurl will reuse connections
LogInit:  - MaxHostConnections = 16  - Libcurl will limit the number of connections to a host
LogInit:  - LocalHostAddr = Default
LogInit:  - BufferSize = 65536
LogOnline: OSS: Creating online subsystem instance for: NULL
LogInit: WinSock: version 1.1 (2.2), MaxSocks=32767, MaxUdp=65467
LogOnline: OSS: TryLoadSubsystemAndSetDefault: Loaded subsystem for module [NULL]
LogOculusPluginWrapper: OculusPlugin initialized successfully
LogHMD: Failed initializing OVRPlugin 1.59.0
LogInit: Build: ++UE4+Release-4.27-CL-18319896
LogInit: Engine Version: 4.27.2-18319896+++UE4+Release-4.27
LogInit: Compatible Engine Version: 4.27.0-17155196+++UE4+Release-4.27
LogInit: Net CL: 17155196
LogInit: OS: Windows 10 (Release 2009) (), CPU: Intel(R) Core(TM) i7-7800X CPU @ 3.50GHz, GPU: NVIDIA GeForce GTX 1060 6GB
LogInit: Compiled (64-bit): Nov 30 2021 07:12:08
LogInit: Compiled with Visual C++: 19.24.28315.00
LogInit: Build Configuration: Development
LogInit: Branch Name: ++UE4+Release-4.27
LogInit: Command Line:  -skipcompile
LogInit: Base Directory: D:/Epic Games/UE_4.27/Engine/Binaries/Win64/
LogInit: Allocator: TBB
LogInit: Installed Engine Build: 1
LogDevObjectVersion: Number of dev versions registered: 29
LogDevObjectVersion:   Dev-Blueprints (B0D832E4-1F89-4F0D-ACCF-7EB736FD4AA2): 10
LogDevObjectVersion:   Dev-Build (E1C64328-A22C-4D53-A36C-8E866417BD8C): 0
LogDevObjectVersion:   Dev-Core (375EC13C-06E4-48FB-B500-84F0262A717E): 4
LogDevObjectVersion:   Dev-Editor (E4B068ED-F494-42E9-A231-DA0B2E46BB41): 40
LogDevObjectVersion:   Dev-Framework (CFFC743F-43B0-4480-9391-14DF171D2073): 37
LogDevObjectVersion:   Dev-Mobile (B02B49B5-BB20-44E9-A304-32B752E40360): 3
LogDevObjectVersion:   Dev-Networking (A4E4105C-59A1-49B5-A7C5-40C4547EDFEE): 0
LogDevObjectVersion:   Dev-Online (39C831C9-5AE6-47DC-9A44-9C173E1C8E7C): 0
LogDevObjectVersion:   Dev-Physics (78F01B33-EBEA-4F98-B9B4-84EACCB95AA2): 14
LogDevObjectVersion:   Dev-Platform (6631380F-2D4D-43E0-8009-CF276956A95A): 0
LogDevObjectVersion:   Dev-Rendering (12F88B9F-8875-4AFC-A67C-D90C383ABD29): 45
LogDevObjectVersion:   Dev-Sequencer (7B5AE74C-D270-4C10-A958-57980B212A5A): 13
LogDevObjectVersion:   Dev-VR (D7296918-1DD6-4BDD-9DE2-64A83CC13884): 3
LogDevObjectVersion:   Dev-LoadTimes (C2A15278-BFE7-4AFE-6C17-90FF531DF755): 1
LogDevObjectVersion:   Private-Geometry (6EACA3D4-40EC-4CC1-B786-8BED09428FC5): 3
LogDevObjectVersion:   Dev-AnimPhys (29E575DD-E0A3-4627-9D10-D276232CDCEA): 17
LogDevObjectVersion:   Dev-Anim (AF43A65D-7FD3-4947-9873-3E8ED9C1BB05): 15
LogDevObjectVersion:   Dev-ReflectionCapture (6B266CEC-1EC7-4B8F-A30B-E4D90942FC07): 1
LogDevObjectVersion:   Dev-Automation (0DF73D61-A23F-47EA-B727-89E90C41499A): 1
LogDevObjectVersion:   FortniteMain (601D1886-AC64-4F84-AA16-D3DE0DEAC7D6): 47
LogDevObjectVersion:   FortniteRelease (E7086368-6B23-4C58-8439-1B7016265E91): 1
LogDevObjectVersion:   Dev-Enterprise (9DFFBCD6-494F-0158-E221-12823C92A888): 10
LogDevObjectVersion:   Dev-Niagara (F2AED0AC-9AFE-416F-8664-AA7FFA26D6FC): 1
LogDevObjectVersion:   Dev-Destruction (174F1F0B-B4C6-45A5-B13F-2EE8D0FB917D): 10
LogDevObjectVersion:   Dev-Physics-Ext (35F94A83-E258-406C-A318-09F59610247C): 41
LogDevObjectVersion:   Dev-PhysicsMaterial-Chaos (B68FC16E-8B1B-42E2-B453-215C058844FE): 1
LogDevObjectVersion:   Dev-CineCamera (B2E18506-4273-CFC2-A54E-F4BB758BBA07): 1
LogDevObjectVersion:   Dev-VirtualProduction (64F58936-FD1B-42BA-BA96-7289D5D0FA4E): 1
LogDevObjectVersion:   Dev-MediaFramework (6F0ED827-A609-4895-9C91-998D90180EA4): 2
LogInit: Presizing for max 25165824 objects, including 0 objects not considered by GC, pre-allocating 0 bytes for permanent pool.
LogConfig: Applying CVar settings from Section [/Script/Engine.StreamingSettings] File [D:/Portfolio/Unreal/FPS_Game/Zombone/Saved/Config/Windows/Engine.ini]
LogConfig: Setting CVar [[s.MinBulkDataSizeForAsyncLoading:131072]]
LogConfig: Setting CVar [[s.AsyncLoadingThreadEnabled:0]]
LogConfig: Setting CVar [[s.EventDrivenLoaderEnabled:1]]
LogConfig: Setting CVar [[s.WarnIfTimeLimitExceeded:0]]
LogConfig: Setting CVar [[s.TimeLimitExceededMultiplier:1.5]]
LogConfig: Setting CVar [[s.TimeLimitExceededMinTime:0.005]]
LogConfig: Setting CVar [[s.UseBackgroundLevelStreaming:1]]
LogConfig: Setting CVar [[s.PriorityAsyncLoadingExtraTime:15.0]]
LogConfig: Setting CVar [[s.LevelStreamingActorsUpdateTimeLimit:5.0]]
LogConfig: Setting CVar [[s.PriorityLevelStreamingActorsUpdateExtraTime:5.0]]
LogConfig: Setting CVar [[s.LevelStreamingComponentsRegistrationGranularity:10]]
LogConfig: Setting CVar [[s.UnregisterComponentsTimeLimit:1.0]]
LogConfig: Setting CVar [[s.LevelStreamingComponentsUnregistrationGranularity:5]]
LogConfig: Setting CVar [[s.FlushStreamingOnExit:1]]
LogInit: Object subsystem initialized
LogConfig: Setting CVar [[con.DebugEarlyDefault:1]]
LogConfig: Setting CVar [[r.setres:1280x720]]
[2022.10.08-14.45.49:611][  0]LogConfig: Setting CVar [[r.VSync:0]]
[2022.10.08-14.45.49:611][  0]LogConfig: Setting CVar [[r.RHICmdBypass:0]]
[2022.10.08-14.45.49:611][  0]LogConfig: Applying CVar settings from Section [/Script/Engine.RendererSettings] File [D:/Portfolio/Unreal/FPS_Game/Zombone/Saved/Config/Windows/Engine.ini]
[2022.10.08-14.45.49:611][  0]LogConfig: Setting CVar [[r.GPUCrashDebugging:0]]
[2022.10.08-14.45.49:611][  0]LogConfig: Applying CVar settings from Section [/Script/Engine.RendererOverrideSettings] File [D:/Portfolio/Unreal/FPS_Game/Zombone/Saved/Config/Windows/Engine.ini]
[2022.10.08-14.45.49:611][  0]LogConfig: Applying CVar settings from Section [/Script/Engine.StreamingSettings] File [D:/Portfolio/Unreal/FPS_Game/Zombone/Saved/Config/Windows/Engine.ini]
[2022.10.08-14.45.49:612][  0]LogConfig: Setting CVar [[s.MinBulkDataSizeForAsyncLoading:131072]]
[2022.10.08-14.45.49:612][  0]LogConfig: Setting CVar [[s.AsyncLoadingThreadEnabled:0]]
[2022.10.08-14.45.49:612][  0]LogConfig: Setting CVar [[s.EventDrivenLoaderEnabled:1]]
[2022.10.08-14.45.49:612][  0]LogConfig: Setting CVar [[s.WarnIfTimeLimitExceeded:0]]
[2022.10.08-14.45.49:612][  0]LogConfig: Setting CVar [[s.TimeLimitExceededMultiplier:1.5]]
[2022.10.08-14.45.49:612][  0]LogConfig: Setting CVar [[s.TimeLimitExceededMinTime:0.005]]
[2022.10.08-14.45.49:612][  0]LogConfig: Setting CVar [[s.UseBackgroundLevelStreaming:1]]
[2022.10.08-14.45.49:612][  0]LogConfig: Setting CVar [[s.PriorityAsyncLoadingExtraTime:15.0]]
[2022.10.08-14.45.49:612][  0]LogConfig: Setting CVar [[s.LevelStreamingActorsUpdateTimeLimit:5.0]]
[2022.10.08-14.45.49:612][  0]LogConfig: Setting CVar [[s.PriorityLevelStreamingActorsUpdateExtraTime:5.0]]
[2022.10.08-14.45.49:612][  0]LogConfig: Setting CVar [[s.LevelStreamingComponentsRegistrationGranularity:10]]
[2022.10.08-14.45.49:612][  0]LogConfig: Setting CVar [[s.UnregisterComponentsTimeLimit:1.0]]
[2022.10.08-14.45.49:612][  0]LogConfig: Setting CVar [[s.LevelStreamingComponentsUnregistrationGranularity:5]]
[2022.10.08-14.45.49:612][  0]LogConfig: Setting CVar [[s.FlushStreamingOnExit:1]]
[2022.10.08-14.45.49:612][  0]LogConfig: Applying CVar settings from Section [/Script/Engine.GarbageCollectionSettings] File [D:/Portfolio/Unreal/FPS_Game/Zombone/Saved/Config/Windows/Engine.ini]
[2022.10.08-14.45.49:612][  0]LogConfig: Setting CVar [[gc.MaxObjectsNotConsideredByGC:1]]
[2022.10.08-14.45.49:613][  0]LogConfig: Setting CVar [[gc.SizeOfPermanentObjectPool:0]]
[2022.10.08-14.45.49:613][  0]LogConfig: Setting CVar [[gc.FlushStreamingOnGC:0]]
[2022.10.08-14.45.49:613][  0]LogConfig: Setting CVar [[gc.NumRetriesBeforeForcingGC:10]]
[2022.10.08-14.45.49:613][  0]LogConfig: Setting CVar [[gc.AllowParallelGC:1]]
[2022.10.08-14.45.49:613][  0]LogConfig: Setting CVar [[gc.TimeBetweenPurgingPendingKillObjects:61.1]]
[2022.10.08-14.45.49:613][  0]LogConfig: Setting CVar [[gc.MaxObjectsInEditor:25165824]]
[2022.10.08-14.45.49:613][  0]LogConfig: Setting CVar [[gc.IncrementalBeginDestroyEnabled:1]]
[2022.10.08-14.45.49:613][  0]LogConfig: Setting CVar [[gc.CreateGCClusters:1]]
[2022.10.08-14.45.49:613][  0]LogConfig: Setting CVar [[gc.MinGCClusterSize:5]]
[2022.10.08-14.45.49:613][  0]LogConfig: Setting CVar [[gc.ActorClusteringEnabled:0]]
[2022.10.08-14.45.49:613][  0]LogConfig: Setting CVar [[gc.BlueprintClusteringEnabled:0]]
[2022.10.08-14.45.49:613][  0]LogConfig: Setting CVar [[gc.UseDisregardForGCOnDedicatedServers:0]]
[2022.10.08-14.45.49:613][  0]LogConfig: Setting CVar [[gc.MultithreadedDestructionEnabled:1]]
[2022.10.08-14.45.49:613][  0]LogConfig: Applying CVar settings from Section [/Script/Engine.NetworkSettings] File [D:/Portfolio/Unreal/FPS_Game/Zombone/Saved/Config/Windows/Engine.ini]
[2022.10.08-14.45.49:613][  0]LogConfig: Applying CVar settings from Section [/Script/UnrealEd.CookerSettings] File [D:/Portfolio/Unreal/FPS_Game/Zombone/Saved/Config/Windows/Engine.ini]
[2022.10.08-14.45.49:629][  0]LogConfig: Applying CVar settings from Section [ViewDistanceQuality@3] File [D:/Portfolio/Unreal/FPS_Game/Zombone/Saved/Config/Windows/Scalability.ini]
[2022.10.08-14.45.49:629][  0]LogConfig: Setting CVar [[r.SkeletalMeshLODBias:0]]
[2022.10.08-14.45.49:629][  0]LogConfig: Setting CVar [[r.ViewDistanceScale:1.0]]
[2022.10.08-14.45.49:629][  0]LogConfig: Applying CVar settings from Section [AntiAliasingQuality@3] File [D:/Portfolio/Unreal/FPS_Game/Zombone/Saved/Config/Windows/Scalability.ini]
[2022.10.08-14.45.49:629][  0]LogConfig: Setting CVar [[r.PostProcessAAQuality:4]]
[2022.10.08-14.45.49:629][  0]LogConfig: Applying CVar settings from Section [ShadowQuality@3] File [D:/Portfolio/Unreal/FPS_Game/Zombone/Saved/Config/Windows/Scalability.ini]
[2022.10.08-14.45.49:629][  0]LogConfig: Setting CVar [[r.LightFunctionQuality:1]]
[2022.10.08-14.45.49:629][  0]LogConfig: Setting CVar [[r.ShadowQuality:5]]
[2022.10.08-14.45.49:629][  0]LogConfig: Setting CVar [[r.Shadow.CSM.MaxCascades:10]]
[2022.10.08-14.45.49:629][  0]LogConfig: Setting CVar [[r.Shadow.MaxResolution:2048]]
[2022.10.08-14.45.49:630][  0]LogConfig: Setting CVar [[r.Shadow.MaxCSMResolution:2048]]
[2022.10.08-14.45.49:630][  0]LogConfig: Setting CVar [[r.Shadow.RadiusThreshold:0.01]]
[2022.10.08-14.45.49:630][  0]LogConfig: Setting CVar [[r.Shadow.DistanceScale:1.0]]
[2022.10.08-14.45.49:630][  0]LogConfig: Setting CVar [[r.Shadow.CSM.TransitionScale:1.0]]
[2022.10.08-14.45.49:630][  0]LogConfig: Setting CVar [[r.Shadow.PreShadowResolutionFactor:1.0]]
[2022.10.08-14.45.49:630][  0]LogConfig: Setting CVar [[r.DistanceFieldShadowing:1]]
[2022.10.08-14.45.49:630][  0]LogConfig: Setting CVar [[r.DistanceFieldAO:1]]
[2022.10.08-14.45.49:630][  0]LogConfig: Setting CVar [[r.AOQuality:2]]
[2022.10.08-14.45.49:630][  0]LogConfig: Setting CVar [[r.VolumetricFog:1]]
[2022.10.08-14.45.49:630][  0]LogConfig: Setting CVar [[r.VolumetricFog.GridPixelSize:8]]
[2022.10.08-14.45.49:630][  0]LogConfig: Setting CVar [[r.VolumetricFog.GridSizeZ:128]]
[2022.10.08-14.45.49:630][  0]LogConfig: Setting CVar [[r.VolumetricFog.HistoryMissSupersampleCount:4]]
[2022.10.08-14.45.49:630][  0]LogConfig: Setting CVar [[r.LightMaxDrawDistanceScale:1]]
[2022.10.08-14.45.49:630][  0]LogConfig: Setting CVar [[r.CapsuleShadows:1]]
[2022.10.08-14.45.49:630][  0]LogConfig: Applying CVar settings from Section [PostProcessQuality@3] File [D:/Portfolio/Unreal/FPS_Game/Zombone/Saved/Config/Windows/Scalability.ini]
[2022.10.08-14.45.49:630][  0]LogConfig: Setting CVar [[r.MotionBlurQuality:4]]
[2022.10.08-14.45.49:631][  0]LogConfig: Setting CVar [[r.AmbientOcclusionMipLevelFactor:0.4]]
[2022.10.08-14.45.49:631][  0]LogConfig: Setting CVar [[r.AmbientOcclusionMaxQuality:100]]
[2022.10.08-14.45.49:631][  0]LogConfig: Setting CVar [[r.AmbientOcclusionLevels:-1]]
[2022.10.08-14.45.49:631][  0]LogConfig: Setting CVar [[r.AmbientOcclusionRadiusScale:1.0]]
[2022.10.08-14.45.49:631][  0]LogConfig: Setting CVar [[r.DepthOfFieldQuality:2]]
[2022.10.08-14.45.49:631][  0]LogConfig: Setting CVar [[r.RenderTargetPoolMin:400]]
[2022.10.08-14.45.49:631][  0]LogConfig: Setting CVar [[r.LensFlareQuality:2]]
[2022.10.08-14.45.49:631][  0]LogConfig: Setting CVar [[r.SceneColorFringeQuality:1]]
[2022.10.08-14.45.49:631][  0]LogConfig: Setting CVar [[r.EyeAdaptationQuality:2]]
[2022.10.08-14.45.49:631][  0]LogConfig: Setting CVar [[r.BloomQuality:5]]
[2022.10.08-14.45.49:631][  0]LogConfig: Setting CVar [[r.FastBlurThreshold:100]]
[2022.10.08-14.45.49:631][  0]LogConfig: Setting CVar [[r.Upscale.Quality:3]]
[2022.10.08-14.45.49:631][  0]LogConfig: Setting CVar [[r.Tonemapper.GrainQuantization:1]]
[2022.10.08-14.45.49:631][  0]LogConfig: Setting CVar [[r.LightShaftQuality:1]]
[2022.10.08-14.45.49:631][  0]LogConfig: Setting CVar [[r.Filter.SizeScale:1]]
[2022.10.08-14.45.49:631][  0]LogConfig: Setting CVar [[r.Tonemapper.Quality:5]]
[2022.10.08-14.45.49:631][  0]LogConfig: Setting CVar [[r.DOF.Gather.AccumulatorQuality:1        ; higher gathering accumulator quality]]
[2022.10.08-14.45.49:631][  0]LogConfig: Setting CVar [[r.DOF.Gather.PostfilterMethod:1          ; Median3x3 postfilering method]]
[2022.10.08-14.45.49:632][  0]LogConfig: Setting CVar [[r.DOF.Gather.EnableBokehSettings:0       ; no bokeh simulation when gathering]]
[2022.10.08-14.45.49:632][  0]LogConfig: Setting CVar [[r.DOF.Gather.RingCount:4                 ; medium number of samples when gathering]]
[2022.10.08-14.45.49:632][  0]LogConfig: Setting CVar [[r.DOF.Scatter.ForegroundCompositing:1    ; additive foreground scattering]]
[2022.10.08-14.45.49:632][  0]LogConfig: Setting CVar [[r.DOF.Scatter.BackgroundCompositing:2    ; additive background scattering]]
[2022.10.08-14.45.49:632][  0]LogConfig: Setting CVar [[r.DOF.Scatter.EnableBokehSettings:1      ; bokeh simulation when scattering]]
[2022.10.08-14.45.49:632][  0]LogConfig: Setting CVar [[r.DOF.Scatter.MaxSpriteRatio:0.1         ; only a maximum of 10% of scattered bokeh]]
[2022.10.08-14.45.49:632][  0]LogConfig: Setting CVar [[r.DOF.Recombine.Quality:1                ; cheap slight out of focus]]
[2022.10.08-14.45.49:632][  0]LogConfig: Setting CVar [[r.DOF.Recombine.EnableBokehSettings:0    ; no bokeh simulation on slight out of focus]]
[2022.10.08-14.45.49:632][  0]LogConfig: Setting CVar [[r.DOF.TemporalAAQuality:1                ; more stable temporal accumulation]]
[2022.10.08-14.45.49:632][  0]LogConfig: Setting CVar [[r.DOF.Kernel.MaxForegroundRadius:0.025]]
[2022.10.08-14.45.49:632][  0]LogConfig: Setting CVar [[r.DOF.Kernel.MaxBackgroundRadius:0.025]]
[2022.10.08-14.45.49:632][  0]LogConfig: Applying CVar settings from Section [TextureQuality@3] File [D:/Portfolio/Unreal/FPS_Game/Zombone/Saved/Config/Windows/Scalability.ini]
[2022.10.08-14.45.49:632][  0]LogConfig: Setting CVar [[r.Streaming.MipBias:0]]
[2022.10.08-14.45.49:632][  0]LogConfig: Setting CVar [[r.Streaming.AmortizeCPUToGPUCopy:0]]
[2022.10.08-14.45.49:632][  0]LogConfig: Setting CVar [[r.Streaming.MaxNumTexturesToStreamPerFrame:0]]
[2022.10.08-14.45.49:632][  0]LogConfig: Setting CVar [[r.Streaming.Boost:1]]
[2022.10.08-14.45.49:632][  0]LogConfig: Setting CVar [[r.MaxAnisotropy:8]]
[2022.10.08-14.45.49:632][  0]LogConfig: Setting CVar [[r.VT.MaxAnisotropy:8]]
[2022.10.08-14.45.49:632][  0]LogConfig: Setting CVar [[r.Streaming.LimitPoolSizeToVRAM:0]]
[2022.10.08-14.45.49:633][  0]LogConfig: Setting CVar [[r.Streaming.PoolSize:1000]]
[2022.10.08-14.45.49:633][  0]LogConfig: Setting CVar [[r.Streaming.MaxEffectiveScreenSize:0]]
[2022.10.08-14.45.49:633][  0]LogConfig: Applying CVar settings from Section [EffectsQuality@3] File [D:/Portfolio/Unreal/FPS_Game/Zombone/Saved/Config/Windows/Scalability.ini]
[2022.10.08-14.45.49:633][  0]LogConfig: Setting CVar [[r.TranslucencyLightingVolumeDim:64]]
[2022.10.08-14.45.49:633][  0]LogConfig: Setting CVar [[r.RefractionQuality:2]]
[2022.10.08-14.45.49:633][  0]LogConfig: Setting CVar [[r.SSR.Quality:3]]
[2022.10.08-14.45.49:633][  0]LogConfig: Setting CVar [[r.SSR.HalfResSceneColor:0]]
[2022.10.08-14.45.49:633][  0]LogConfig: Setting CVar [[r.SceneColorFormat:4]]
[2022.10.08-14.45.49:633][  0]LogConfig: Setting CVar [[r.DetailMode:2]]
[2022.10.08-14.45.49:633][  0]LogConfig: Setting CVar [[r.TranslucencyVolumeBlur:1]]
[2022.10.08-14.45.49:633][  0]LogConfig: Setting CVar [[r.MaterialQualityLevel:1 ; High quality]]
[2022.10.08-14.45.49:633][  0]LogConfig: Setting CVar [[r.AnisotropicMaterials:1]]
[2022.10.08-14.45.49:633][  0]LogConfig: Setting CVar [[r.SSS.Scale:1]]
[2022.10.08-14.45.49:634][  0]LogConfig: Setting CVar [[r.SSS.SampleSet:2]]
[2022.10.08-14.45.49:634][  0]LogConfig: Setting CVar [[r.SSS.Quality:1]]
[2022.10.08-14.45.49:634][  0]LogConfig: Setting CVar [[r.SSS.HalfRes:0]]
[2022.10.08-14.45.49:634][  0]LogConfig: Setting CVar [[r.SSGI.Quality:3]]
[2022.10.08-14.45.49:634][  0]LogConfig: Setting CVar [[r.EmitterSpawnRateScale:1.0]]
[2022.10.08-14.45.49:634][  0]LogConfig: Setting CVar [[r.ParticleLightQuality:2]]
[2022.10.08-14.45.49:634][  0]LogConfig: Setting CVar [[r.SkyAtmosphere.AerialPerspectiveLUT.FastApplyOnOpaque:1 ; Always have FastSkyLUT 1 in this case to avoid wrong sky]]
[2022.10.08-14.45.49:634][  0]LogConfig: Setting CVar [[r.SkyAtmosphere.AerialPerspectiveLUT.SampleCountMaxPerSlice:4]]
[2022.10.08-14.45.49:634][  0]LogConfig: Setting CVar [[r.SkyAtmosphere.AerialPerspectiveLUT.DepthResolution:16.0]]
[2022.10.08-14.45.49:634][  0]LogConfig: Setting CVar [[r.SkyAtmosphere.FastSkyLUT:1]]
[2022.10.08-14.45.49:634][  0]LogConfig: Setting CVar [[r.SkyAtmosphere.FastSkyLUT.SampleCountMin:4.0]]
[2022.10.08-14.45.49:634][  0]LogConfig: Setting CVar [[r.SkyAtmosphere.FastSkyLUT.SampleCountMax:128.0]]
[2022.10.08-14.45.49:634][  0]LogConfig: Setting CVar [[r.SkyAtmosphere.SampleCountMin:4.0]]
[2022.10.08-14.45.49:634][  0]LogConfig: Setting CVar [[r.SkyAtmosphere.SampleCountMax:128.0]]
[2022.10.08-14.45.49:634][  0]LogConfig: Setting CVar [[r.SkyAtmosphere.TransmittanceLUT.UseSmallFormat:0]]
[2022.10.08-14.45.49:634][  0]LogConfig: Setting CVar [[r.SkyAtmosphere.TransmittanceLUT.SampleCount:10.0]]
[2022.10.08-14.45.49:634][  0]LogConfig: Setting CVar [[r.SkyAtmosphere.MultiScatteringLUT.SampleCount:15.0]]
[2022.10.08-14.45.49:635][  0]LogConfig: Setting CVar [[r.SkyLight.RealTimeReflectionCapture:1]]
[2022.10.08-14.45.49:635][  0]LogConfig: Applying CVar settings from Section [FoliageQuality@3] File [D:/Portfolio/Unreal/FPS_Game/Zombone/Saved/Config/Windows/Scalability.ini]
[2022.10.08-14.45.49:635][  0]LogConfig: Setting CVar [[foliage.DensityScale:1.0]]
[2022.10.08-14.45.49:635][  0]LogConfig: Setting CVar [[grass.DensityScale:1.0]]
[2022.10.08-14.45.49:635][  0]LogConfig: Applying CVar settings from Section [ShadingQuality@3] File [D:/Portfolio/Unreal/FPS_Game/Zombone/Saved/Config/Windows/Scalability.ini]
[2022.10.08-14.45.49:635][  0]LogConfig: Setting CVar [[r.HairStrands.SkyLighting.IntegrationType:2]]
[2022.10.08-14.45.49:635][  0]LogConfig: Setting CVar [[r.HairStrands.SkyAO.SampleCount:4]]
[2022.10.08-14.45.49:635][  0]LogConfig: Setting CVar [[r.HairStrands.Visibility.MSAA.SamplePerPixel:4]]
[2022.10.08-14.45.49:635][  0]LogInit: Selected Device Profile: [Windows]
[2022.10.08-14.45.49:635][  0]LogInit: Applying CVar settings loaded from the selected device profile: [Windows]
[2022.10.08-14.45.49:635][  0]LogHAL: Display: Platform has ~ 32 GB [34019524608 / 34359738368 / 32], which maps to Largest [LargestMinGB=32, LargerMinGB=12, DefaultMinGB=8, SmallerMinGB=6, SmallestMinGB=0)
[2022.10.08-14.45.49:635][  0]LogInit: Going up to parent DeviceProfile []
[2022.10.08-14.45.49:635][  0]LogConfig: Applying CVar settings from Section [ViewDistanceQuality@3] File [D:/Portfolio/Unreal/FPS_Game/Zombone/Saved/Config/Windows/Scalability.ini]
[2022.10.08-14.45.49:636][  0]LogConfig: Setting CVar [[r.SkeletalMeshLODBias:0]]
[2022.10.08-14.45.49:636][  0]LogConfig: Setting CVar [[r.ViewDistanceScale:1.0]]
[2022.10.08-14.45.49:636][  0]LogConfig: Applying CVar settings from Section [AntiAliasingQuality@3] File [D:/Portfolio/Unreal/FPS_Game/Zombone/Saved/Config/Windows/Scalability.ini]
[2022.10.08-14.45.49:636][  0]LogConfig: Setting CVar [[r.PostProcessAAQuality:4]]
[2022.10.08-14.45.49:636][  0]LogConfig: Applying CVar settings from Section [ShadowQuality@3] File [D:/Portfolio/Unreal/FPS_Game/Zombone/Saved/Config/Windows/Scalability.ini]
[2022.10.08-14.45.49:636][  0]LogConfig: Setting CVar [[r.LightFunctionQuality:1]]
[2022.10.08-14.45.49:636][  0]LogConfig: Setting CVar [[r.ShadowQuality:5]]
[2022.10.08-14.45.49:636][  0]LogConfig: Setting CVar [[r.Shadow.CSM.MaxCascades:10]]
[2022.10.08-14.45.49:636][  0]LogConfig: Setting CVar [[r.Shadow.MaxResolution:2048]]
[2022.10.08-14.45.49:636][  0]LogConfig: Setting CVar [[r.Shadow.MaxCSMResolution:2048]]
[2022.10.08-14.45.49:636][  0]LogConfig: Setting CVar [[r.Shadow.RadiusThreshold:0.01]]
[2022.10.08-14.45.49:636][  0]LogConfig: Setting CVar [[r.Shadow.DistanceScale:1.0]]
[2022.10.08-14.45.49:636][  0]LogConfig: Setting CVar [[r.Shadow.CSM.TransitionScale:1.0]]
[2022.10.08-14.45.49:636][  0]LogConfig: Setting CVar [[r.Shadow.PreShadowResolutionFactor:1.0]]
[2022.10.08-14.45.49:636][  0]LogConfig: Setting CVar [[r.DistanceFieldShadowing:1]]
[2022.10.08-14.45.49:636][  0]LogConfig: Setting CVar [[r.DistanceFieldAO:1]]
[2022.10.08-14.45.49:636][  0]LogConfig: Setting CVar [[r.AOQuality:2]]
[2022.10.08-14.45.49:636][  0]LogConfig: Setting CVar [[r.VolumetricFog:1]]
[2022.10.08-14.45.49:636][  0]LogConfig: Setting CVar [[r.VolumetricFog.GridPixelSize:8]]
[2022.10.08-14.45.49:637][  0]LogConfig: Setting CVar [[r.VolumetricFog.GridSizeZ:128]]
[2022.10.08-14.45.49:637][  0]LogConfig: Setting CVar [[r.VolumetricFog.HistoryMissSupersampleCount:4]]
[2022.10.08-14.45.49:637][  0]LogConfig: Setting CVar [[r.LightMaxDrawDistanceScale:1]]
[2022.10.08-14.45.49:637][  0]LogConfig: Setting CVar [[r.CapsuleShadows:1]]
[2022.10.08-14.45.49:637][  0]LogConfig: Applying CVar settings from Section [PostProcessQuality@3] File [D:/Portfolio/Unreal/FPS_Game/Zombone/Saved/Config/Windows/Scalability.ini]
[2022.10.08-14.45.49:637][  0]LogConfig: Setting CVar [[r.MotionBlurQuality:4]]
[2022.10.08-14.45.49:637][  0]LogConfig: Setting CVar [[r.AmbientOcclusionMipLevelFactor:0.4]]
[2022.10.08-14.45.49:637][  0]LogConfig: Setting CVar [[r.AmbientOcclusionMaxQuality:100]]
[2022.10.08-14.45.49:637][  0]LogConfig: Setting CVar [[r.AmbientOcclusionLevels:-1]]
[2022.10.08-14.45.49:637][  0]LogConfig: Setting CVar [[r.AmbientOcclusionRadiusScale:1.0]]
[2022.10.08-14.45.49:637][  0]LogConfig: Setting CVar [[r.DepthOfFieldQuality:2]]
[2022.10.08-14.45.49:637][  0]LogConfig: Setting CVar [[r.RenderTargetPoolMin:400]]
[2022.10.08-14.45.49:637][  0]LogConfig: Setting CVar [[r.LensFlareQuality:2]]
[2022.10.08-14.45.49:637][  0]LogConfig: Setting CVar [[r.SceneColorFringeQuality:1]]
[2022.10.08-14.45.49:637][  0]LogConfig: Setting CVar [[r.EyeAdaptationQuality:2]]
[2022.10.08-14.45.49:637][  0]LogConfig: Setting CVar [[r.BloomQuality:5]]
[2022.10.08-14.45.49:637][  0]LogConfig: Setting CVar [[r.FastBlurThreshold:100]]
[2022.10.08-14.45.49:637][  0]LogConfig: Setting CVar [[r.Upscale.Quality:3]]
[2022.10.08-14.45.49:637][  0]LogConfig: Setting CVar [[r.Tonemapper.GrainQuantization:1]]
[2022.10.08-14.45.49:637][  0]LogConfig: Setting CVar [[r.LightShaftQuality:1]]
[2022.10.08-14.45.49:638][  0]LogConfig: Setting CVar [[r.Filter.SizeScale:1]]
[2022.10.08-14.45.49:638][  0]LogConfig: Setting CVar [[r.Tonemapper.Quality:5]]
[2022.10.08-14.45.49:638][  0]LogConfig: Setting CVar [[r.DOF.Gather.AccumulatorQuality:1        ; higher gathering accumulator quality]]
[2022.10.08-14.45.49:638][  0]LogConfig: Setting CVar [[r.DOF.Gather.PostfilterMethod:1          ; Median3x3 postfilering method]]
[2022.10.08-14.45.49:638][  0]LogConfig: Setting CVar [[r.DOF.Gather.EnableBokehSettings:0       ; no bokeh simulation when gathering]]
[2022.10.08-14.45.49:638][  0]LogConfig: Setting CVar [[r.DOF.Gather.RingCount:4                 ; medium number of samples when gathering]]
[2022.10.08-14.45.49:638][  0]LogConfig: Setting CVar [[r.DOF.Scatter.ForegroundCompositing:1    ; additive foreground scattering]]
[2022.10.08-14.45.49:638][  0]LogConfig: Setting CVar [[r.DOF.Scatter.BackgroundCompositing:2    ; additive background scattering]]
[2022.10.08-14.45.49:638][  0]LogConfig: Setting CVar [[r.DOF.Scatter.EnableBokehSettings:1      ; bokeh simulation when scattering]]
[2022.10.08-14.45.49:638][  0]LogConfig: Setting CVar [[r.DOF.Scatter.MaxSpriteRatio:0.1         ; only a maximum of 10% of scattered bokeh]]
[2022.10.08-14.45.49:638][  0]LogConfig: Setting CVar [[r.DOF.Recombine.Quality:1                ; cheap slight out of focus]]
[2022.10.08-14.45.49:638][  0]LogConfig: Setting CVar [[r.DOF.Recombine.EnableBokehSettings:0    ; no bokeh simulation on slight out of focus]]
[2022.10.08-14.45.49:638][  0]LogConfig: Setting CVar [[r.DOF.TemporalAAQuality:1                ; more stable temporal accumulation]]
[2022.10.08-14.45.49:638][  0]LogConfig: Setting CVar [[r.DOF.Kernel.MaxForegroundRadius:0.025]]
[2022.10.08-14.45.49:638][  0]LogConfig: Setting CVar [[r.DOF.Kernel.MaxBackgroundRadius:0.025]]
[2022.10.08-14.45.49:638][  0]LogConfig: Applying CVar settings from Section [TextureQuality@3] File [D:/Portfolio/Unreal/FPS_Game/Zombone/Saved/Config/Windows/Scalability.ini]
[2022.10.08-14.45.49:638][  0]LogConfig: Setting CVar [[r.Streaming.MipBias:0]]
[2022.10.08-14.45.49:638][  0]LogConfig: Setting CVar [[r.Streaming.AmortizeCPUToGPUCopy:0]]
[2022.10.08-14.45.49:639][  0]LogConfig: Setting CVar [[r.Streaming.MaxNumTexturesToStreamPerFrame:0]]
[2022.10.08-14.45.49:639][  0]LogConfig: Setting CVar [[r.Streaming.Boost:1]]
[2022.10.08-14.45.49:639][  0]LogConfig: Setting CVar [[r.MaxAnisotropy:8]]
[2022.10.08-14.45.49:639][  0]LogConfig: Setting CVar [[r.VT.MaxAnisotropy:8]]
[2022.10.08-14.45.49:639][  0]LogConfig: Setting CVar [[r.Streaming.LimitPoolSizeToVRAM:0]]
[2022.10.08-14.45.49:639][  0]LogConfig: Setting CVar [[r.Streaming.PoolSize:1000]]
[2022.10.08-14.45.49:639][  0]LogConfig: Setting CVar [[r.Streaming.MaxEffectiveScreenSize:0]]
[2022.10.08-14.45.49:639][  0]LogConfig: Applying CVar settings from Section [EffectsQuality@3] File [D:/Portfolio/Unreal/FPS_Game/Zombone/Saved/Config/Windows/Scalability.ini]
[2022.10.08-14.45.49:639][  0]LogConfig: Setting CVar [[r.TranslucencyLightingVolumeDim:64]]
[2022.10.08-14.45.49:639][  0]LogConfig: Setting CVar [[r.RefractionQuality:2]]
[2022.10.08-14.45.49:639][  0]LogConfig: Setting CVar [[r.SSR.Quality:3]]
[2022.10.08-14.45.49:639][  0]LogConfig: Setting CVar [[r.SSR.HalfResSceneColor:0]]
[2022.10.08-14.45.49:639][  0]LogConfig: Setting CVar [[r.SceneColorFormat:4]]
[2022.10.08-14.45.49:639][  0]LogConfig: Setting CVar [[r.DetailMode:2]]
[2022.10.08-14.45.49:639][  0]LogConfig: Setting CVar [[r.TranslucencyVolumeBlur:1]]
[2022.10.08-14.45.49:639][  0]LogConfig: Setting CVar [[r.MaterialQualityLevel:1 ; High quality]]
[2022.10.08-14.45.49:639][  0]LogConfig: Setting CVar [[r.AnisotropicMaterials:1]]
[2022.10.08-14.45.49:639][  0]LogConfig: Setting CVar [[r.SSS.Scale:1]]
[2022.10.08-14.45.49:639][  0]LogConfig: Setting CVar [[r.SSS.SampleSet:2]]
[2022.10.08-14.45.49:640][  0]LogConfig: Setting CVar [[r.SSS.Quality:1]]
[2022.10.08-14.45.49:640][  0]LogConfig: Setting CVar [[r.SSS.HalfRes:0]]
[2022.10.08-14.45.49:640][  0]LogConfig: Setting CVar [[r.SSGI.Quality:3]]
[2022.10.08-14.45.49:640][  0]LogConfig: Setting CVar [[r.EmitterSpawnRateScale:1.0]]
[2022.10.08-14.45.49:640][  0]LogConfig: Setting CVar [[r.ParticleLightQuality:2]]
[2022.10.08-14.45.49:640][  0]LogConfig: Setting CVar [[r.SkyAtmosphere.AerialPerspectiveLUT.FastApplyOnOpaque:1 ; Always have FastSkyLUT 1 in this case to avoid wrong sky]]
[2022.10.08-14.45.49:640][  0]LogConfig: Setting CVar [[r.SkyAtmosphere.AerialPerspectiveLUT.SampleCountMaxPerSlice:4]]
[2022.10.08-14.45.49:640][  0]LogConfig: Setting CVar [[r.SkyAtmosphere.AerialPerspectiveLUT.DepthResolution:16.0]]
[2022.10.08-14.45.49:640][  0]LogConfig: Setting CVar [[r.SkyAtmosphere.FastSkyLUT:1]]
[2022.10.08-14.45.49:640][  0]LogConfig: Setting CVar [[r.SkyAtmosphere.FastSkyLUT.SampleCountMin:4.0]]
[2022.10.08-14.45.49:640][  0]LogConfig: Setting CVar [[r.SkyAtmosphere.FastSkyLUT.SampleCountMax:128.0]]
[2022.10.08-14.45.49:640][  0]LogConfig: Setting CVar [[r.SkyAtmosphere.SampleCountMin:4.0]]
[2022.10.08-14.45.49:640][  0]LogConfig: Setting CVar [[r.SkyAtmosphere.SampleCountMax:128.0]]
[2022.10.08-14.45.49:640][  0]LogConfig: Setting CVar [[r.SkyAtmosphere.TransmittanceLUT.UseSmallFormat:0]]
[2022.10.08-14.45.49:640][  0]LogConfig: Setting CVar [[r.SkyAtmosphere.TransmittanceLUT.SampleCount:10.0]]
[2022.10.08-14.45.49:640][  0]LogConfig: Setting CVar [[r.SkyAtmosphere.MultiScatteringLUT.SampleCount:15.0]]
[2022.10.08-14.45.49:640][  0]LogConfig: Setting CVar [[r.SkyLight.RealTimeReflectionCapture:1]]
[2022.10.08-14.45.49:641][  0]LogConfig: Applying CVar settings from Section [FoliageQuality@3] File [D:/Portfolio/Unreal/FPS_Game/Zombone/Saved/Config/Windows/Scalability.ini]
[2022.10.08-14.45.49:641][  0]LogConfig: Setting CVar [[foliage.DensityScale:1.0]]
[2022.10.08-14.45.49:641][  0]LogConfig: Setting CVar [[grass.DensityScale:1.0]]
[2022.10.08-14.45.49:641][  0]LogConfig: Applying CVar settings from Section [ShadingQuality@3] File [D:/Portfolio/Unreal/FPS_Game/Zombone/Saved/Config/Windows/Scalability.ini]
[2022.10.08-14.45.49:641][  0]LogConfig: Setting CVar [[r.HairStrands.SkyLighting.IntegrationType:2]]
[2022.10.08-14.45.49:641][  0]LogConfig: Setting CVar [[r.HairStrands.SkyAO.SampleCount:4]]
[2022.10.08-14.45.49:641][  0]LogConfig: Setting CVar [[r.HairStrands.Visibility.MSAA.SamplePerPixel:4]]
[2022.10.08-14.45.49:641][  0]LogConfig: Applying CVar settings from Section [Startup] File [../../../Engine/Config/ConsoleVariables.ini]
[2022.10.08-14.45.49:641][  0]LogConfig: Setting CVar [[net.UseAdaptiveNetUpdateFrequency:0]]
[2022.10.08-14.45.49:641][  0]LogConfig: Setting CVar [[p.chaos.AllowCreatePhysxBodies:1]]
[2022.10.08-14.45.49:642][  0]LogConfig: Setting CVar [[fx.SkipVectorVMBackendOptimizations:1]]
[2022.10.08-14.45.49:642][  0]LogConfig: Applying CVar settings from Section [ConsoleVariables] File [D:/Portfolio/Unreal/FPS_Game/Zombone/Saved/Config/Windows/Engine.ini]
[2022.10.08-14.45.49:642][  0]LogConfig: Applying CVar settings from Section [ConsoleVariables] File [D:/Portfolio/Unreal/FPS_Game/Zombone/Saved/Config/Windows/Editor.ini]
[2022.10.08-14.45.49:642][  0]LogInit: Computer: DESKTOP-J6VGNOD
[2022.10.08-14.45.49:642][  0]LogInit: User: timve
[2022.10.08-14.45.49:642][  0]LogInit: CPU Page size=4096, Cores=6
[2022.10.08-14.45.49:642][  0]LogInit: High frequency timer resolution =10.000000 MHz
[2022.10.08-14.45.49:642][  0]LogMemory: Memory total: Physical=31.7GB (32GB approx)
[2022.10.08-14.45.49:642][  0]LogMemory: Platform Memory Stats for Windows
[2022.10.08-14.45.49:642][  0]LogMemory: Process Physical Memory: 144.99 MB used, 144.99 MB peak
[2022.10.08-14.45.49:642][  0]LogMemory: Process Virtual Memory: 125.89 MB used, 125.89 MB peak
[2022.10.08-14.45.49:642][  0]LogMemory: Physical Memory: 15088.91 MB used,  17354.64 MB free, 32443.55 MB total
[2022.10.08-14.45.49:642][  0]LogMemory: Virtual Memory: 134206768.00 MB used,  10963.42 MB free, 134217728.00 MB total
[2022.10.08-14.45.49:651][  0]LogWindows: WindowsPlatformFeatures enabled
[2022.10.08-14.45.49:806][  0]LogInit: Physics initialised using underlying interface: PhysX
[2022.10.08-14.45.49:807][  0]LogInit: Using OS detected language (nl-NL).
[2022.10.08-14.45.49:807][  0]LogInit: Using OS detected locale (en-BE).
[2022.10.08-14.45.49:811][  0]LogTextLocalizationManager: No localization for 'nl-NL' exists, so 'en' will be used for the language.
[2022.10.08-14.45.50:041][  0]LogInit: Setting process to per monitor DPI aware
[2022.10.08-14.45.50:144][  0]LogWindowsTextInputMethodSystem: Display: IME system deactivated.
[2022.10.08-14.45.50:163][  0]LogSlate: New Slate User Created.  User Index 0, Is Virtual User: 0
[2022.10.08-14.45.50:163][  0]LogSlate: Slate User Registered.  User Index 0, Is Virtual User: 0
[2022.10.08-14.45.50:270][  0]LogD3D11RHI: Loaded GFSDK_Aftermath_Lib.x64.dll
[2022.10.08-14.45.50:277][  0]LogHMD: Failed to initialize OpenVR with code 110
[2022.10.08-14.45.50:277][  0]LogD3D11RHI: D3D11 min allowed feature level: 11_0
[2022.10.08-14.45.50:277][  0]LogD3D11RHI: D3D11 max allowed feature level: 11_0
[2022.10.08-14.45.50:277][  0]LogD3D11RHI: D3D11 adapters:
[2022.10.08-14.45.50:370][  0]LogD3D11RHI:    0. 'NVIDIA GeForce GTX 1060 6GB' (Feature Level 11_0)
[2022.10.08-14.45.50:370][  0]LogD3D11RHI:       6052/0/16221 MB DedicatedVideo/DedicatedSystem/SharedSystem, Outputs:2, VendorId:0x10de
[2022.10.08-14.45.50:376][  0]LogD3D11RHI:    1. 'Microsoft Basic Render Driver' (Feature Level 11_0)
[2022.10.08-14.45.50:376][  0]LogD3D11RHI:       0/0/16221 MB DedicatedVideo/DedicatedSystem/SharedSystem, Outputs:0, VendorId:0x1414
[2022.10.08-14.45.50:376][  0]LogD3D11RHI: Chosen D3D11 Adapter:
[2022.10.08-14.45.50:376][  0]LogD3D11RHI:     Description : NVIDIA GeForce GTX 1060 6GB
[2022.10.08-14.45.50:377][  0]LogD3D11RHI:     VendorId    : 10de
[2022.10.08-14.45.50:377][  0]LogD3D11RHI:     DeviceId    : 1c03
[2022.10.08-14.45.50:377][  0]LogD3D11RHI:     SubSysId    : 32831462
[2022.10.08-14.45.50:377][  0]LogD3D11RHI:     Revision    : 00a1
[2022.10.08-14.45.50:377][  0]LogD3D11RHI:     DedicatedVideoMemory : 6345981952 bytes
[2022.10.08-14.45.50:377][  0]LogD3D11RHI:     DedicatedSystemMemory : 0 bytes
[2022.10.08-14.45.50:377][  0]LogD3D11RHI:     SharedSystemMemory : 17009762304 bytes
[2022.10.08-14.45.50:377][  0]LogD3D11RHI:     AdapterLuid : 0 85470
[2022.10.08-14.45.50:389][  0]LogD3D11RHI: Creating new Direct3DDevice
[2022.10.08-14.45.50:389][  0]LogD3D11RHI:     GPU DeviceId: 0x1c03 (for the marketing name, search the web for "GPU Device Id")
[2022.10.08-14.45.50:389][  0]LogWindows: EnumDisplayDevices:
[2022.10.08-14.45.50:389][  0]LogWindows:    0. 'NVIDIA GeForce GTX 1060 6GB' (P:1 D:1)
[2022.10.08-14.45.50:390][  0]LogWindows:    1. 'NVIDIA GeForce GTX 1060 6GB' (P:0 D:1)
[2022.10.08-14.45.50:390][  0]LogWindows:    2. 'NVIDIA GeForce GTX 1060 6GB' (P:0 D:0)
[2022.10.08-14.45.50:390][  0]LogWindows:    3. 'NVIDIA GeForce GTX 1060 6GB' (P:0 D:0)
[2022.10.08-14.45.50:391][  0]LogWindows: DebugString: FoundDriverCount:4 
[2022.10.08-14.45.50:391][  0]LogD3D11RHI:     Adapter Name: NVIDIA GeForce GTX 1060 6GB
[2022.10.08-14.45.50:391][  0]LogD3D11RHI:   Driver Version: 457.51 (internal:27.21.14.5751, unified:457.51)
[2022.10.08-14.45.50:391][  0]LogD3D11RHI:      Driver Date: 11-22-2020
[2022.10.08-14.45.50:391][  0]LogRHI: Texture pool is 4236 MB (70% of 6052 MB)
[2022.10.08-14.45.50:391][  0]LogD3D11RHI: Creating D3DDevice using adapter:
[2022.10.08-14.45.50:391][  0]LogD3D11RHI:     Description : NVIDIA GeForce GTX 1060 6GB
[2022.10.08-14.45.50:391][  0]LogD3D11RHI:     VendorId    : 10de
[2022.10.08-14.45.50:391][  0]LogD3D11RHI:     DeviceId    : 1c03
[2022.10.08-14.45.50:391][  0]LogD3D11RHI:     SubSysId    : 32831462
[2022.10.08-14.45.50:391][  0]LogD3D11RHI:     Revision    : 00a1
[2022.10.08-14.45.50:392][  0]LogD3D11RHI:     DedicatedVideoMemory : 6345981952 bytes
[2022.10.08-14.45.50:392][  0]LogD3D11RHI:     DedicatedSystemMemory : 0 bytes
[2022.10.08-14.45.50:392][  0]LogD3D11RHI:     SharedSystemMemory : 17009762304 bytes
[2022.10.08-14.45.50:392][  0]LogD3D11RHI:     AdapterLuid : 0 85470
[2022.10.08-14.45.50:453][  0]LogD3D11RHI: RHI has support for 64 bit atomics
[2022.10.08-14.45.50:453][  0]LogD3D11RHI: Async texture creation enabled
[2022.10.08-14.45.50:453][  0]LogD3D11RHI: Array index from any shader is supported
[2022.10.08-14.45.50:471][  0]LogD3D11RHI: GPU Timing Frequency: 1000.000000 (Debug: 2 1)
[2022.10.08-14.45.50:537][  0]LogRHI: GeForceNow SDK initialized: 1
[2022.10.08-14.45.50:910][  0]LogTargetPlatformManager: Display: Loaded TargetPlatform 'AllDesktop'
[2022.10.08-14.45.50:955][  0]LogTargetPlatformManager: Display: Loaded TargetPlatform 'Android'
[2022.10.08-14.45.50:956][  0]LogTargetPlatformManager: Display: Loaded TargetPlatform 'Android_ASTC'
[2022.10.08-14.45.50:956][  0]LogTargetPlatformManager: Display: Loaded TargetPlatform 'Android_DXT'
[2022.10.08-14.45.50:956][  0]LogTargetPlatformManager: Display: Loaded TargetPlatform 'Android_ETC2'
[2022.10.08-14.45.50:956][  0]LogTargetPlatformManager: Display: Loaded TargetPlatform 'AndroidClient'
[2022.10.08-14.45.50:956][  0]LogTargetPlatformManager: Display: Loaded TargetPlatform 'Android_ASTCClient'
[2022.10.08-14.45.50:956][  0]LogTargetPlatformManager: Display: Loaded TargetPlatform 'Android_DXTClient'
[2022.10.08-14.45.50:956][  0]LogTargetPlatformManager: Display: Loaded TargetPlatform 'Android_ETC2Client'
[2022.10.08-14.45.50:957][  0]LogTargetPlatformManager: Display: Loaded TargetPlatform 'Android_Multi'
[2022.10.08-14.45.50:957][  0]LogTargetPlatformManager: Display: Loaded TargetPlatform 'Android_MultiClient'
[2022.10.08-14.45.50:990][  0]LogTargetPlatformManager: Display: Loaded TargetPlatform 'IOSClient'
[2022.10.08-14.45.50:990][  0]LogTargetPlatformManager: Display: Loaded TargetPlatform 'IOS'
[2022.10.08-14.45.51:014][  0]LogTargetPlatformManager: Display: Loaded TargetPlatform 'Linux'
[2022.10.08-14.45.51:021][  0]LogTargetPlatformManager: Display: Loaded TargetPlatform 'LinuxNoEditor'
[2022.10.08-14.45.51:028][  0]LogTargetPlatformManager: Display: Loaded TargetPlatform 'LinuxClient'
[2022.10.08-14.45.51:035][  0]LogTargetPlatformManager: Display: Loaded TargetPlatform 'LinuxServer'
[2022.10.08-14.45.51:048][  0]LogTargetPlatformManager: Display: Loaded TargetPlatform 'LinuxAArch64NoEditor'
[2022.10.08-14.45.51:055][  0]LogTargetPlatformManager: Display: Loaded TargetPlatform 'LinuxAArch64Client'
[2022.10.08-14.45.51:064][  0]LogTargetPlatformManager: Display: Loaded TargetPlatform 'LinuxAArch64Server'
[2022.10.08-14.45.51:088][  0]LogTargetPlatformManager: Display: Loaded TargetPlatform 'Lumin'
[2022.10.08-14.45.51:088][  0]LogTargetPlatformManager: Display: Loaded TargetPlatform 'LuminClient'
[2022.10.08-14.45.51:099][  0]LogTargetPlatformManager: Display: Loaded TargetPlatform 'MacNoEditor'
[2022.10.08-14.45.51:106][  0]LogTargetPlatformManager: Display: Loaded TargetPlatform 'Mac'
[2022.10.08-14.45.51:119][  0]LogTargetPlatformManager: Display: Loaded TargetPlatform 'MacClient'
[2022.10.08-14.45.51:130][  0]LogTargetPlatformManager: Display: Loaded TargetPlatform 'MacServer'
[2022.10.08-14.45.51:146][  0]LogTargetPlatformManager: Display: Loaded TargetPlatform 'TVOSClient'
[2022.10.08-14.45.51:146][  0]LogTargetPlatformManager: Display: Loaded TargetPlatform 'TVOS'
[2022.10.08-14.45.51:157][  0]LogTargetPlatformManager: Display: Loaded TargetPlatform 'WindowsNoEditor'
[2022.10.08-14.45.51:164][  0]LogTargetPlatformManager: Display: Loaded TargetPlatform 'Windows'
[2022.10.08-14.45.51:172][  0]LogTargetPlatformManager: Display: Loaded TargetPlatform 'WindowsClient'
[2022.10.08-14.45.51:179][  0]LogTargetPlatformManager: Display: Loaded TargetPlatform 'WindowsServer'
[2022.10.08-14.45.51:179][  0]LogTargetPlatformManager: Display: Building Assets For Windows
[2022.10.08-14.45.51:199][  0]LogAudioDebug: Display: Lib vorbis DLL was dynamically loaded.
[2022.10.08-14.45.51:271][  0]LogTextureFormatOodle: Display: Oodle Texture 2.9.0 init RDO Off
[2022.10.08-14.45.51:332][  0]LogRendererCore: Ray tracing is disabled. Reason: r.RayTracing=0.
[2022.10.08-14.45.51:332][  0]LogShaderCompilers: Guid format shader working directory is -2 characters bigger than the processId version (../../../../../Portfolio/Unreal/FPS_Game/Zombone/Intermediate/Shaders/WorkingDirectory/2616/).
[2022.10.08-14.45.51:332][  0]LogShaderCompilers: Cleaned the shader compiler working directory 'C:/Users/timve/AppData/Local/Temp/UnrealShaderWorkingDir/5E2249F84AEDDEF1CE81E3B87396569C/'.
[2022.10.08-14.45.51:333][  0]LogXGEController: Cannot use XGE Controller as Incredibuild is not installed on this machine.
[2022.10.08-14.45.51:333][  0]LogShaderCompilers: Cannot use XGE Shader Compiler as Incredibuild is not installed on this machine.
[2022.10.08-14.45.51:333][  0]LogShaderCompilers: Display: Using Local Shader Compiler.
[2022.10.08-14.45.52:085][  0]LogDerivedDataCache: Display: Max Cache Size: 512 MB
[2022.10.08-14.45.52:169][  0]LogDerivedDataCache: Loaded boot cache 0.08s 99MB C:/Users/timve/AppData/Local/UnrealEngine/4.27/DerivedDataCache/Boot.ddc.
[2022.10.08-14.45.52:169][  0]LogDerivedDataCache: Display: Loaded Boot cache: C:/Users/timve/AppData/Local/UnrealEngine/4.27/DerivedDataCache/Boot.ddc
[2022.10.08-14.45.52:169][  0]LogDerivedDataCache: FDerivedDataBackendGraph:  Pak pak cache file ../../../../../Portfolio/Unreal/FPS_Game/Zombone/DerivedDataCache/DDC.ddp not found, will not use a pak cache.
[2022.10.08-14.45.52:169][  0]LogDerivedDataCache: Unable to find inner node Pak for hierarchical cache Hierarchy.
[2022.10.08-14.45.52:169][  0]LogDerivedDataCache: FDerivedDataBackendGraph:  CompressedPak pak cache file ../../../../../Portfolio/Unreal/FPS_Game/Zombone/DerivedDataCache/Compressed.ddp not found, will not use a pak cache.
[2022.10.08-14.45.52:170][  0]LogDerivedDataCache: Unable to find inner node CompressedPak for hierarchical cache Hierarchy.
[2022.10.08-14.45.52:200][  0]LogDerivedDataCache: Display: Pak cache opened for reading ../../../Engine/DerivedDataCache/Compressed.ddp.
[2022.10.08-14.45.52:200][  0]LogDerivedDataCache: FDerivedDataBackendGraph:  EnterprisePak pak cache file ../../../Enterprise/DerivedDataCache/Compressed.ddp not found, will not use a pak cache.
[2022.10.08-14.45.52:200][  0]LogDerivedDataCache: Unable to find inner node EnterprisePak for hierarchical cache Hierarchy.
[2022.10.08-14.45.52:222][  0]LogDerivedDataCache: Speed tests for C:/Users/timve/AppData/Local/UnrealEngine/Common/DerivedDataCache took 0.02 seconds
[2022.10.08-14.45.52:223][  0]LogDerivedDataCache: Display: Performance to C:/Users/timve/AppData/Local/UnrealEngine/Common/DerivedDataCache: Latency=0.04ms. RandomReadSpeed=1330.98MBs, RandomWriteSpeed=44.71MBs. Assigned SpeedClass 'Local'
[2022.10.08-14.45.52:226][  0]LogDerivedDataCache: Using Local data cache path C:/Users/timve/AppData/Local/UnrealEngine/Common/DerivedDataCache: Writable
[2022.10.08-14.45.52:226][  0]LogDerivedDataCache: Shared data cache path not found in *engine.ini, will not use an Shared cache.
[2022.10.08-14.45.52:226][  0]LogDerivedDataCache: Unable to find inner node Shared for hierarchical cache Hierarchy.
[2022.10.08-14.45.52:294][  0]LogSlate: Using FreeType 2.10.0
[2022.10.08-14.45.52:294][  0]LogSlate: SlateFontServices - WITH_FREETYPE: 1, WITH_HARFBUZZ: 1
[2022.10.08-14.45.52:331][  0]LogAssetRegistry: FAssetRegistry took 0.0059 seconds to start up
[2022.10.08-14.45.52:575][  0]LogInit: Selected Device Profile: [Windows]
[2022.10.08-14.45.52:575][  0]LogInit: Active device profile: [00000212B792EC00][00000212A9159AC0 49] Windows
[2022.10.08-14.45.52:575][  0]LogInit: Profiles: [00000212B792EC00][00000212A9159AC0 49] Windows, [00000212B78E1600][00000212A91600C0 49] WindowsNoEditor, [00000212B792D600][00000212B81D2240 49] WindowsServer, [00000212B78E2300][00000212B81D63C0 49] WindowsClient, [00000212B792E200][00000212B81DA540 49] IOS, [00000212B78E2400][00000212A915C680 49] iPadAir, [00000212B792E900][00000212B81DE7C0 49] iPadAir2, [00000212B787AC00][00000212B592AA40 49] IPadPro, [00000212B787AD00][00000212B5922A80 49] iPadAir3, [00000212B792E300][00000212B594CC00 49] iPadAir4, [00000212B787B400][00000212B5992D80 49] iPadMini2, [00000212B792DD00][00000212B5996F00 49] iPadMini3, [00000212B7879200][00000212B8275080 49] iPadMini4, [00000212B792CB00][00000212B59A7200 49] iPadMini5, [00000212B7896500][00000212B59AF4C0 49] iPhone6, [00000212B7896600][00000212B59AB500 49] iPodTouch6, [00000212B7879F00][00000212B59B77C0 49] iPhone7, [00000212B787A000][00000212B59B3800 49] iPodTouch7, [00000212B7896700][00000212B59BB980 49] iPhone5S, [00000212B7878A00][00000212B6D3DB00 49] iPhone6Plus, [00000212B7895200][00000212B6D40100 49] iPhone6S, [00000212B787BB00][00000212B6D44280 49] iPhone6SPlus, [00000212B7897C00][00000212B6D48400 49] iPhone7Plus, [00000212B787B700][00000212B59C2580 49] iPhoneSE, [00000212B7897000][00000212B59C6700 49] iPhone8, [00000212B7878800][00000212B5926840 49] iPhone8Plus, [00000212B7894200][00000212B59CA980 49] iPhoneX, [00000212B7879900][00000212B59CEAC0 49] iPhoneXS, [00000212B7896100][00000212B59D6C40 49] iPhoneXSMax, [00000212B787A500][00000212B59DADC0 49] iPhoneXR, [00000212B7897F00][00000212ADD58F40 49] iPhone11, [00000212B7878E00][00000212B6CFD0C0 49] iPhone11Pro, [00000212B7896F00][00000212B59BF240 49] iPhone11ProMax, [00000212B787BC00][00000212A91273C0 49] iPhoneSE2, [00000212B7894500][00000212A912B540 49] iPhone12Mini, [00000212B787BE00][00000212A912F6C0 49] iPhone12, [00000212B7894600][00000212A9133840 49] iPhone12Pro, [00000212B7878900][00000212A91379C0 49] iPhone12ProMax, [00000212B7897300][00000212B5A5DB40 49] iPadPro105, [00000212B7878600][00000212B59E8140 49] iPadPro129, [00000212B7894A00][00000212AD98E2C0 49] iPadPro97, [00000212B787B900][00000212AD992440 49] iPadPro2_129, [00000212B7895F00][00000212A913A5C0 49] iPad5, [00000212B7879A00][00000212A913E740 49] iPad6, [00000212B7894C00][00000212A91428C0 49] iPad7, [00000212B7879500][00000212B59D2A00 49] iPad8, [00000212B7894700][00000212A9146B40 49] iPadPro11, [00000212B787A300][00000212B58FAC80 49] iPadPro2_11, [00000212B7894D00][00000212B58FEDC0 49] iPadPro3_129, [00000212B7878300][00000212B5906F40 49] iPadPro4_129, [00000212B78E1900][00000212B590B0C0 49] AppleTV, [00000212B798C800][00000212B590F240 49] AppleTV4K, [00000212B78E3500][00000212B59133C0 49] TVOS, [00000212B798DC00][00000212B5917540 49] Mac, [00000212B78E3100][00000212B591B6C0 49] MacClient, [00000212B798D600][00000212B591F840 49] MacNoEditor, [00000212B78E0600][00000212B81399C0 49] MacServer, [00000212B798DE00][00000212B813DB40 49] Linux, [00000212B78E2500][00000212B8140140 49] LinuxAArch64, [00000212B798CC00][00000212B81442C0 49] LinuxNoEditor, [00000212B78E3600][00000212B8148440 49] LinuxAArch64NoEditor, [00000212B798D100][00000212B814C5C0 49] LinuxClient, [00000212B78E2A00][00000212B8150740 49] LinuxAArch64Client, [00000212B798CE00][00000212B81548C0 49] LinuxServer, [00000212B78E1100][00000212B8158A40 49] LinuxAArch64Server, [00000212B798C100][00000212B5902B80 49] Android, [00000212B78E0D00][00000212B815CCC0 49] Android_Low, [00000212B798DB00][00000212B8160E00 49] Android_Mid, [00000212B787B800][00000212B8164F40 49] Android_High, [00000212B7895D00][00000212B6D010C0 49] Android_Default, [00000212B787A200][00000212B6D05240 49] Android_Adreno4xx, [00000212B7896000][00000212B6D093C0 49] Android_Adreno5xx_Low, [00000212B787BD00][00000212B6D0D540 49] Android_Adreno5xx, [00000212B7896C00][00000212B6D116C0 49] Android_Adreno6xx, [00000212B787B100][00000212B6D15840 49] Android_Adreno6xx_Vulkan, [00000212B7894F00][00000212B6D199C0 49] Android_Mali_T6xx, [00000212B7878B00][00000212B6D1DB40 49] Android_Mali_T7xx, [00000212B7894100][00000212B6D20140 49] Android_Mali_T8xx, [00000212B787A800][00000212B6D242C0 49] Android_Mali_G71, [00000212B7897E00][00000212B6D28440 49] Android_Mali_G72, [00000212B787A600][00000212B6D2C5C0 49] Android_Mali_G72_Vulkan, [00000212B7895B00][00000212B6D30740 49] Android_Mali_G76, [00000212B7878200][00000212B6D348C0 49] Android_Mali_G76_Vulkan, [00000212B7895700][00000212B6D38A40 49] Android_Mali_G77, [00000212B787AF00][00000212ADD68BC0 49] Android_Mali_G77_Vulkan, [00000212B798D900][00000212ADD6CD40 49] Android_Mali_G78, [00000212B7878C00][00000212B8168E80 49] Android_Mali_G78_Vulkan, [00000212B798C300][00000212ADD70FC0 49] Android_Mali_G710, [00000212B787AA00][00000212ADD75100 49] Android_Mali_G710_Vulkan, [00000212B7895A00][00000212ADD7D280 49] Android_Vulkan_SM5, [00000212B7879700][00000212ADD81400 49] Android_PowerVR_G6xxx, [00000212B7897700][00000212ADD85580 49] Android_PowerVR_GT7xxx, [00000212B787AE00][00000212ADD89700 49] Android_PowerVR_GE8xxx, [00000212B7896B00][00000212ADD8D880 49] Android_PowerVR_GM9xxx, [00000212B7878500][00000212ADD91A00 49] Android_PowerVR_GM9xxx_Vulkan, [00000212B7896400][00000212ADD95B80 49] Android_TegraK1, [00000212B787BF00][00000212ADD98180 49] Android_Unknown_Vulkan, [00000212B7895300][00000212ADD9C300 49] Lumin, [00000212B7878F00][00000212ADDA0480 49] Lumin_Desktop, [00000212B7895600][00000212ADDA4600 49] HoloLens, 
[2022.10.08-14.45.52:729][  0]LogMeshReduction: Using QuadricMeshReduction for automatic static mesh reduction
[2022.10.08-14.45.52:729][  0]LogMeshReduction: Using SimplygonMeshReduction for automatic skeletal mesh reduction
[2022.10.08-14.45.52:729][  0]LogMeshReduction: Using ProxyLODMeshReduction for automatic mesh merging
[2022.10.08-14.45.52:729][  0]LogMeshReduction: No distributed automatic mesh merging module available
[2022.10.08-14.45.52:729][  0]LogMeshMerging: No distributed automatic mesh merging module available
[2022.10.08-14.45.52:757][  0]LogNetVersion: Zombone 1.0.0, NetCL: 17155196, EngineNetVer: 17, GameNetVer: 0 (Checksum: 1748673324)
[2022.10.08-14.45.53:194][  0]LogTexture: Default maximum texture size for cubemaps generated from long-lat sources has been changed from 512 to unlimited. In order to preserve old behaiour for '/Engine/MapTemplates/Sky/DaylightAmbientCubemap.DaylightAmbientCubemap', its maximum texture size has been explicitly set to 512.
[2022.10.08-14.45.53:258][  0]LogHMD: PokeAHoleMaterial loaded successfully
[2022.10.08-14.45.53:265][  0]LogUObjectArray: 17178 objects as part of root set at end of initial load.
[2022.10.08-14.45.53:265][  0]LogUObjectAllocator: 4302048 out of 0 bytes used by permanent object pool.
[2022.10.08-14.45.53:265][  0]LogUObjectArray: CloseDisregardForGC: 0/0 objects in disregard for GC pool
[2022.10.08-14.45.53:665][  0]LogNiagaraDebuggerClient: Niagara Debugger Client Initialized | Session: DF97810E49439EC55576279284FF8F53 | Instance: 717E64E441C80C9DBF9EE58CEE788E74 (DESKTOP-J6VGNOD-2616).
[2022.10.08-14.45.53:876][  0]LogTcpMessaging: Initializing TcpMessaging bridge
[2022.10.08-14.45.53:883][  0]LogUdpMessaging: Initializing bridge on interface 0.0.0.0:0 to multicast group 230.0.0.1:6666.
[2022.10.08-14.45.53:930][  0]LogPython: Using Python 3.7.7
[2022.10.08-14.45.54:914][  0]SourceControl: Source control is disabled
[2022.10.08-14.45.54:914][  0]SourceControl: Source control is disabled
[2022.10.08-14.45.54:920][  0]SourceControl: Source control is disabled
[2022.10.08-14.45.54:926][  0]SourceControl: Source control is disabled
[2022.10.08-14.45.54:940][  0]SourceControl: Source control is disabled
[2022.10.08-14.45.54:950][  0]LogUProjectInfo: Found projects:
[2022.10.08-14.45.55:353][  0]LogAndroidPermission: UAndroidPermissionCallbackProxy::GetInstance
[2022.10.08-14.45.55:391][  0]LogAudioCaptureCore: Display: No Audio Capture implementations found. Audio input will be silent.
[2022.10.08-14.45.55:391][  0]LogAudioCaptureCore: Display: No Audio Capture implementations found. Audio input will be silent.
[2022.10.08-14.45.55:424][  0]LogOpenImageDenoise: OIDN starting up
[2022.10.08-14.45.55:560][  0]LogCollectionManager: Loaded 0 collections in 0.000675 seconds
[2022.10.08-14.45.55:594][  0]LogFileCache: Scanning file cache for directory 'D:/Portfolio/Unreal/FPS_Game/Zombone/Saved/Collections/' took 0.00s
[2022.10.08-14.45.55:595][  0]LogFileCache: Scanning file cache for directory 'D:/Portfolio/Unreal/FPS_Game/Zombone/Content/Developers/timve/Collections/' took 0.00s
[2022.10.08-14.45.55:595][  0]LogFileCache: Scanning file cache for directory 'D:/Portfolio/Unreal/FPS_Game/Zombone/Content/Collections/' took 0.00s
[2022.10.08-14.45.55:595][  0]LogOcInput: OculusInput pre-init called
[2022.10.08-14.45.55:851][  0]LogEngine: Initializing Engine...
[2022.10.08-14.45.55:856][  0]LogHMD: Failed to enumerate extensions. Please check that you have a valid OpenXR runtime installed.
[2022.10.08-14.45.55:857][  0]LogHMD: Failed to initialize OpenVR with code 110
[2022.10.08-14.45.55:857][  0]LogMagicLeap: Warning: VR disabled because ZI is not enabled.  To enable, in the editor, Edit -> Project Settings -> Plugins -> Magic Leap Plugin -> Enable Zero Iteration
[2022.10.08-14.45.55:859][  0]LogStats: UGameplayTagsManager::InitializeManager -  0.000 s
[2022.10.08-14.45.56:011][  0]LogInit: Initializing FReadOnlyCVARCache
[2022.10.08-14.45.56:024][  0]LogAIModule: Creating AISystem for world Untitled
[2022.10.08-14.45.56:060][  0]LogAudio: Display: Initializing Audio Device Manager...
[2022.10.08-14.45.56:070][  0]LogAudio: Display: Loading Default Audio Settings Objects...
[2022.10.08-14.45.56:071][  0]LogAudio: Display: No default SoundConcurrencyObject specified (or failed to load).
[2022.10.08-14.45.56:072][  0]LogAudio: Display: Audio Device Manager Initialized
[2022.10.08-14.45.56:072][  0]LogAudio: Display: Creating Audio Device:                 Id: 1, Scope: Shared, Realtime: True
[2022.10.08-14.45.56:072][  0]LogAudioMixer: Display: Audio Mixer Platform Settings:
[2022.10.08-14.45.56:072][  0]LogAudioMixer: Display: 	Sample Rate:						  48000
[2022.10.08-14.45.56:072][  0]LogAudioMixer: Display: 	Callback Buffer Frame Size Requested: 1024
[2022.10.08-14.45.56:072][  0]LogAudioMixer: Display: 	Callback Buffer Frame Size To Use:	  1024
[2022.10.08-14.45.56:073][  0]LogAudioMixer: Display: 	Number of buffers to queue:			  2
[2022.10.08-14.45.56:073][  0]LogAudioMixer: Display: 	Max Channels (voices):				  32
[2022.10.08-14.45.56:073][  0]LogAudioMixer: Display: 	Number of Async Source Workers:		  0
[2022.10.08-14.45.56:073][  0]LogAudio: Display: AudioDevice MaxSources: 32
[2022.10.08-14.45.56:074][  0]LogAudio: Display: Audio Spatialization Plugin: None (built-in).
[2022.10.08-14.45.56:074][  0]LogAudio: Display: Audio Reverb Plugin: None (built-in).
[2022.10.08-14.45.56:074][  0]LogAudio: Display: Audio Occlusion Plugin: None (built-in).
[2022.10.08-14.45.56:074][  0]LogAudioMixer: Display: Initializing audio mixer.
[2022.10.08-14.45.56:114][  0]LogAudioMixer: Display: 0: FrontLeft
[2022.10.08-14.45.56:114][  0]LogAudioMixer: Display: 1: FrontRight
[2022.10.08-14.45.56:167][  0]LogAudioMixer: Display: Using Audio Device Luidsprekers (Sennheiser Main Audio)
[2022.10.08-14.45.56:175][  0]LogAudioMixer: Display: Initializing Sound Submixes...
[2022.10.08-14.45.56:177][  0]LogAudioMixer: Display: Creating Master Submix 'MasterSubmixDefault'
[2022.10.08-14.45.56:177][  0]LogAudioMixer: Display: Creating Master Submix 'MasterReverbSubmixDefault'
[2022.10.08-14.45.56:180][  0]LogAudioMixer: Display: Creating Master Submix 'MasterEQSubmixDefault'
[2022.10.08-14.45.56:181][  0]LogAudioMixer: FMixerPlatformXAudio2::StartAudioStream() called
[2022.10.08-14.45.56:181][  0]LogAudioMixer: Display: Output buffers initialized: Frames=1024, Channels=2, Samples=2048
[2022.10.08-14.45.56:183][  0]LogAudioMixer: Display: Starting AudioMixerPlatformInterface::RunInternal()
[2022.10.08-14.45.56:184][  0]LogAudioMixer: Display: FMixerPlatformXAudio2::SubmitBuffer() called for the first time
[2022.10.08-14.45.56:184][  0]LogInit: FAudioDevice initialized.
[2022.10.08-14.45.56:184][  0]LogAudio: Display: Audio Device (ID: 1) registered with world 'Untitled'.
[2022.10.08-14.45.56:184][  0]LogNetVersion: Set ProjectVersion to 1.0.0.0. Version Checksum will be recalculated on next use.
[2022.10.08-14.45.56:338][  0]LogDerivedDataCache: Saved boot cache 0.15s 99MB C:/Users/timve/AppData/Local/UnrealEngine/4.27/DerivedDataCache/Boot.ddc.
[2022.10.08-14.45.56:339][  0]LogInit: Texture streaming: Enabled
[2022.10.08-14.45.56:371][  0]LogAnalytics: Display: [UEEditor.Rocket.Release] APIServer = https://datarouter.ol.epicgames.com/. AppVersion = 4.27.2-18319896+++UE4+Release-4.27
[2022.10.08-14.45.56:378][  0]LogEngineSessionManager: EngineSessionManager initialized
[2022.10.08-14.45.56:378][  0]LogEngineSessionManager: EngineSessionManager sent abnormal shutdown report. Type=Debugger, SessionId={7BC0BFD5-4E30-9A82-1031-649F9812AC37}
[2022.10.08-14.45.56:378][  0]LogEngineSessionManager: EngineSessionManager sent abnormal shutdown report. Type=Debugger, SessionId={48DBA596-417B-1376-7573-0CB60FA0DB3C}
[2022.10.08-14.45.56:378][  0]LogEditorSessionSummary: Verbose: Initializing EditorSessionSummaryWriter for editor session tracking
[2022.10.08-14.45.56:380][  0]LogEditorSessionSummary: EditorSessionSummaryWriter initialized
[2022.10.08-14.45.56:413][  0]LogInit: Transaction tracking system initialized
[2022.10.08-14.45.56:448][  0]BlueprintLog: New page: Editor Load
[2022.10.08-14.45.56:538][  0]LocalizationService: Localization service is disabled
[2022.10.08-14.45.56:583][  0]TimingProfiler: Initialize
[2022.10.08-14.45.56:583][  0]TimingProfiler: OnSessionChanged
[2022.10.08-14.45.56:583][  0]LoadingProfiler: Initialize
[2022.10.08-14.45.56:584][  0]LoadingProfiler: OnSessionChanged
[2022.10.08-14.45.56:584][  0]NetworkingProfiler: Initialize
[2022.10.08-14.45.56:584][  0]NetworkingProfiler: OnSessionChanged
[2022.10.08-14.45.56:584][  0]MemoryProfiler: Initialize
[2022.10.08-14.45.56:584][  0]MemoryProfiler: OnSessionChanged
[2022.10.08-14.45.56:778][  0]LogCook: Display: CookSettings for Memory: MemoryMaxUsedVirtual 0MiB, MemoryMaxUsedPhysical 16384MiB, MemoryMinFreeVirtual 0MiB, MemoryMinFreePhysical 1024MiB
[2022.10.08-14.45.56:778][  0]LogCook: Display: Mobile HDR setting 1
[2022.10.08-14.45.56:866][  0]LogFileCache: Scanning file cache for directory 'D:/Portfolio/Unreal/FPS_Game/Zombone/Content/' took 0.01s
[2022.10.08-14.45.57:241][  0]LogInit: Display: Engine is initialized. Leaving FEngineLoop::Init()
[2022.10.08-14.45.57:247][  0]SourceControl: Source control is disabled
[2022.10.08-14.45.57:247][  0]LogUnrealEdMisc: Loading editor; pre map load, took 9.162
[2022.10.08-14.45.57:247][  0]Cmd: MAP LOAD FILE="../../../../../Portfolio/Unreal/FPS_Game/Zombone/Content/FirstPersonCPP/Maps/FirstPersonExampleMap.umap" TEMPLATE=0 SHOWPROGRESS=1 FEATURELEVEL=3
[2022.10.08-14.45.57:248][  0]LightingResults: New page: Lighting Build
[2022.10.08-14.45.57:250][  0]LogWorld: UWorld::CleanupWorld for Untitled, bSessionEnded=true, bCleanupResources=true
[2022.10.08-14.45.57:251][  0]LogSlate: InvalidateAllWidgets triggered.  All widgets were invalidated
[2022.10.08-14.45.57:251][  0]MapCheck: New page: Map Check
[2022.10.08-14.45.57:251][  0]LightingResults: New page: Lighting Build
[2022.10.08-14.45.57:257][  0]LogAudio: Display: Audio Device unregistered from world 'None'.
[2022.10.08-14.45.57:263][  0]LogUObjectHash: Compacting FUObjectHashTables data took   1.15ms
[2022.10.08-14.45.57:450][  0]LogAudio: Display: Audio Device (ID: 1) registered with world 'FirstPersonExampleMap'.
[2022.10.08-14.45.57:451][  0]LogAIModule: Creating AISystem for world FirstPersonExampleMap
[2022.10.08-14.45.57:464][  0]LogEditorServer: Finished looking for orphan Actors (0.000 secs)
[2022.10.08-14.45.57:480][  0]LogUObjectHash: Compacting FUObjectHashTables data took   0.83ms
[2022.10.08-14.45.57:483][  0]Cmd: MAP CHECKDEP NOCLEARLOG
[2022.10.08-14.45.57:483][  0]MapCheck: Map check complete: 0 Error(s), 0 Warning(s), took 0,177ms to complete.
[2022.10.08-14.45.57:484][  0]LogFileHelpers: Loading map 'FirstPersonExampleMap' took 0.236
[2022.10.08-14.45.57:488][  0]LogUnrealEdMisc: Total Editor Startup Time, took 9.403
[2022.10.08-14.45.57:653][  0]LogSlate: Updating window title bar state: overlay mode, drag disabled, window buttons hidden, title bar hidden
[2022.10.08-14.45.57:659][  0]LogSlate: Updating window title bar state: overlay mode, drag disabled, window buttons hidden, title bar hidden
[2022.10.08-14.45.57:666][  0]LogSlate: Updating window title bar state: overlay mode, drag disabled, window buttons hidden, title bar hidden
[2022.10.08-14.45.57:673][  0]LogSlate: Updating window title bar state: overlay mode, drag disabled, window buttons hidden, title bar hidden
[2022.10.08-14.45.57:689][  0]LogNativeClassHierarchy: Verbose: Native class hierarchy populated in 0.0111 seconds. Added 3828 classes and 930 folders.
[2022.10.08-14.45.57:692][  0]LogNativeClassHierarchy: Verbose: Native class hierarchy updated for 'WidgetCarousel' in 0.0003 seconds. Added 0 classes and 0 folders.
[2022.10.08-14.45.57:694][  0]LogPakFile: PakFile PrimaryIndexSize=187
[2022.10.08-14.45.57:694][  0]LogPakFile: PakFile PathHashIndexSize=101
[2022.10.08-14.45.57:694][  0]LogPakFile: PakFile FullDirectoryIndexSize=148
[2022.10.08-14.45.57:694][  0]LogShaderLibrary: Display: ShaderCodeLibraryPakFileMountedCallback: PakFile 'D:/Epic Games/UE_4.27/FeaturePacks/FP_FirstPerson.upack' (chunk index -1, root 'root:/') mounted
[2022.10.08-14.45.57:694][  0]LogShaderLibrary: Display: ShaderCodeLibraryPakFileMountedCallback: pending pak file info (ChunkID:-1 Root:root:/ File:D:/Epic Games/UE_4.27/FeaturePacks/FP_FirstPerson.upack)
[2022.10.08-14.45.57:694][  0]LogPakFile: OnPakFileMounted2Time == 0.000295
[2022.10.08-14.45.57:695][  0]LogPakFile: PakFile PrimaryIndexSize=189
[2022.10.08-14.45.57:695][  0]LogPakFile: PakFile PathHashIndexSize=101
[2022.10.08-14.45.57:695][  0]LogPakFile: PakFile FullDirectoryIndexSize=152
[2022.10.08-14.45.57:695][  0]LogShaderLibrary: Display: ShaderCodeLibraryPakFileMountedCallback: PakFile 'D:/Epic Games/UE_4.27/FeaturePacks/FP_FirstPersonBP.upack' (chunk index -1, root 'root:/') mounted
[2022.10.08-14.45.57:695][  0]LogShaderLibrary: Display: ShaderCodeLibraryPakFileMountedCallback: pending pak file info (ChunkID:-1 Root:root:/ File:D:/Epic Games/UE_4.27/FeaturePacks/FP_FirstPersonBP.upack)
[2022.10.08-14.45.57:695][  0]LogPakFile: OnPakFileMounted2Time == 0.000229
[2022.10.08-14.45.57:696][  0]LogPakFile: PakFile PrimaryIndexSize=191
[2022.10.08-14.45.57:696][  0]LogPakFile: PakFile PathHashIndexSize=101
[2022.10.08-14.45.57:696][  0]LogPakFile: PakFile FullDirectoryIndexSize=160
[2022.10.08-14.45.57:696][  0]LogShaderLibrary: Display: ShaderCodeLibraryPakFileMountedCallback: PakFile 'D:/Epic Games/UE_4.27/FeaturePacks/MobileStarterContent.upack' (chunk index -1, root 'root:/') mounted
[2022.10.08-14.45.57:696][  0]LogShaderLibrary: Display: ShaderCodeLibraryPakFileMountedCallback: pending pak file info (ChunkID:-1 Root:root:/ File:D:/Epic Games/UE_4.27/FeaturePacks/MobileStarterContent.upack)
[2022.10.08-14.45.57:696][  0]LogPakFile: OnPakFileMounted2Time == 0.000173
[2022.10.08-14.45.57:697][  0]LogPakFile: PakFile PrimaryIndexSize=185
[2022.10.08-14.45.57:697][  0]LogPakFile: PakFile PathHashIndexSize=101
[2022.10.08-14.45.57:697][  0]LogPakFile: PakFile FullDirectoryIndexSize=148
[2022.10.08-14.45.57:697][  0]LogShaderLibrary: Display: ShaderCodeLibraryPakFileMountedCallback: PakFile 'D:/Epic Games/UE_4.27/FeaturePacks/StarterContent.upack' (chunk index -1, root 'root:/') mounted
[2022.10.08-14.45.57:697][  0]LogShaderLibrary: Display: ShaderCodeLibraryPakFileMountedCallback: pending pak file info (ChunkID:-1 Root:root:/ File:D:/Epic Games/UE_4.27/FeaturePacks/StarterContent.upack)
[2022.10.08-14.45.57:697][  0]LogPakFile: OnPakFileMounted2Time == 0.000132
[2022.10.08-14.45.57:698][  0]LogPakFile: PakFile PrimaryIndexSize=190
[2022.10.08-14.45.57:698][  0]LogPakFile: PakFile PathHashIndexSize=101
[2022.10.08-14.45.57:698][  0]LogPakFile: PakFile FullDirectoryIndexSize=154
[2022.10.08-14.45.57:698][  0]LogShaderLibrary: Display: ShaderCodeLibraryPakFileMountedCallback: PakFile 'D:/Epic Games/UE_4.27/FeaturePacks/TP_2DSideScroller.upack' (chunk index -1, root 'root:/') mounted
[2022.10.08-14.45.57:698][  0]LogShaderLibrary: Display: ShaderCodeLibraryPakFileMountedCallback: pending pak file info (ChunkID:-1 Root:root:/ File:D:/Epic Games/UE_4.27/FeaturePacks/TP_2DSideScroller.upack)
[2022.10.08-14.45.57:698][  0]LogPakFile: OnPakFileMounted2Time == 0.000162
[2022.10.08-14.45.57:699][  0]LogPakFile: PakFile PrimaryIndexSize=192
[2022.10.08-14.45.57:699][  0]LogPakFile: PakFile PathHashIndexSize=101
[2022.10.08-14.45.57:699][  0]LogPakFile: PakFile FullDirectoryIndexSize=158
[2022.10.08-14.45.57:699][  0]LogShaderLibrary: Display: ShaderCodeLibraryPakFileMountedCallback: PakFile 'D:/Epic Games/UE_4.27/FeaturePacks/TP_2DSideScrollerBP.upack' (chunk index -1, root 'root:/') mounted
[2022.10.08-14.45.57:699][  0]LogShaderLibrary: Display: ShaderCodeLibraryPakFileMountedCallback: pending pak file info (ChunkID:-1 Root:root:/ File:D:/Epic Games/UE_4.27/FeaturePacks/TP_2DSideScrollerBP.upack)
[2022.10.08-14.45.57:699][  0]LogPakFile: OnPakFileMounted2Time == 0.000168
[2022.10.08-14.45.57:700][  0]LogPakFile: PakFile PrimaryIndexSize=182
[2022.10.08-14.45.57:700][  0]LogPakFile: PakFile PathHashIndexSize=101
[2022.10.08-14.45.57:700][  0]LogPakFile: PakFile FullDirectoryIndexSize=138
[2022.10.08-14.45.57:700][  0]LogShaderLibrary: Display: ShaderCodeLibraryPakFileMountedCallback: PakFile 'D:/Epic Games/UE_4.27/FeaturePacks/TP_Flying.upack' (chunk index -1, root 'root:/') mounted
[2022.10.08-14.45.57:700][  0]LogShaderLibrary: Display: ShaderCodeLibraryPakFileMountedCallback: pending pak file info (ChunkID:-1 Root:root:/ File:D:/Epic Games/UE_4.27/FeaturePacks/TP_Flying.upack)
[2022.10.08-14.45.57:701][  0]LogPakFile: OnPakFileMounted2Time == 0.000190
[2022.10.08-14.45.57:701][  0]LogPakFile: PakFile PrimaryIndexSize=184
[2022.10.08-14.45.57:701][  0]LogPakFile: PakFile PathHashIndexSize=101
[2022.10.08-14.45.57:701][  0]LogPakFile: PakFile FullDirectoryIndexSize=142
[2022.10.08-14.45.57:701][  0]LogShaderLibrary: Display: ShaderCodeLibraryPakFileMountedCallback: PakFile 'D:/Epic Games/UE_4.27/FeaturePacks/TP_FlyingBP.upack' (chunk index -1, root 'root:/') mounted
[2022.10.08-14.45.57:701][  0]LogShaderLibrary: Display: ShaderCodeLibraryPakFileMountedCallback: pending pak file info (ChunkID:-1 Root:root:/ File:D:/Epic Games/UE_4.27/FeaturePacks/TP_FlyingBP.upack)
[2022.10.08-14.45.57:701][  0]LogPakFile: OnPakFileMounted2Time == 0.000145
[2022.10.08-14.45.57:702][  0]LogPakFile: PakFile PrimaryIndexSize=188
[2022.10.08-14.45.57:702][  0]LogPakFile: PakFile PathHashIndexSize=101
[2022.10.08-14.45.57:702][  0]LogPakFile: PakFile FullDirectoryIndexSize=150
[2022.10.08-14.45.57:702][  0]LogShaderLibrary: Display: ShaderCodeLibraryPakFileMountedCallback: PakFile 'D:/Epic Games/UE_4.27/FeaturePacks/TP_HandheldARBP.upack' (chunk index -1, root 'root:/') mounted
[2022.10.08-14.45.57:703][  0]LogShaderLibrary: Display: ShaderCodeLibraryPakFileMountedCallback: pending pak file info (ChunkID:-1 Root:root:/ File:D:/Epic Games/UE_4.27/FeaturePacks/TP_HandheldARBP.upack)
[2022.10.08-14.45.57:703][  0]LogPakFile: OnPakFileMounted2Time == 0.000200
[2022.10.08-14.45.57:703][  0]LogPakFile: PakFile PrimaryIndexSize=182
[2022.10.08-14.45.57:704][  0]LogPakFile: PakFile PathHashIndexSize=101
[2022.10.08-14.45.57:704][  0]LogPakFile: PakFile FullDirectoryIndexSize=138
[2022.10.08-14.45.57:704][  0]LogShaderLibrary: Display: ShaderCodeLibraryPakFileMountedCallback: PakFile 'D:/Epic Games/UE_4.27/FeaturePacks/TP_Puzzle.upack' (chunk index -1, root 'root:/') mounted
[2022.10.08-14.45.57:704][  0]LogShaderLibrary: Display: ShaderCodeLibraryPakFileMountedCallback: pending pak file info (ChunkID:-1 Root:root:/ File:D:/Epic Games/UE_4.27/FeaturePacks/TP_Puzzle.upack)
[2022.10.08-14.45.57:704][  0]LogPakFile: OnPakFileMounted2Time == 0.000158
[2022.10.08-14.45.57:704][  0]LogPakFile: PakFile PrimaryIndexSize=184
[2022.10.08-14.45.57:704][  0]LogPakFile: PakFile PathHashIndexSize=101
[2022.10.08-14.45.57:704][  0]LogPakFile: PakFile FullDirectoryIndexSize=142
[2022.10.08-14.45.57:705][  0]LogShaderLibrary: Display: ShaderCodeLibraryPakFileMountedCallback: PakFile 'D:/Epic Games/UE_4.27/FeaturePacks/TP_PuzzleBP.upack' (chunk index -1, root 'root:/') mounted
[2022.10.08-14.45.57:705][  0]LogShaderLibrary: Display: ShaderCodeLibraryPakFileMountedCallback: pending pak file info (ChunkID:-1 Root:root:/ File:D:/Epic Games/UE_4.27/FeaturePacks/TP_PuzzleBP.upack)
[2022.10.08-14.45.57:705][  0]LogPakFile: OnPakFileMounted2Time == 0.000221
[2022.10.08-14.45.57:705][  0]LogPakFile: PakFile PrimaryIndexSize=183
[2022.10.08-14.45.57:705][  0]LogPakFile: PakFile PathHashIndexSize=101
[2022.10.08-14.45.57:705][  0]LogPakFile: PakFile FullDirectoryIndexSize=140
[2022.10.08-14.45.57:705][  0]LogShaderLibrary: Display: ShaderCodeLibraryPakFileMountedCallback: PakFile 'D:/Epic Games/UE_4.27/FeaturePacks/TP_Rolling.upack' (chunk index -1, root 'root:/') mounted
[2022.10.08-14.45.57:706][  0]LogShaderLibrary: Display: ShaderCodeLibraryPakFileMountedCallback: pending pak file info (ChunkID:-1 Root:root:/ File:D:/Epic Games/UE_4.27/FeaturePacks/TP_Rolling.upack)
[2022.10.08-14.45.57:706][  0]LogPakFile: OnPakFileMounted2Time == 0.000228
[2022.10.08-14.45.57:706][  0]LogPakFile: PakFile PrimaryIndexSize=185
[2022.10.08-14.45.57:707][  0]LogPakFile: PakFile PathHashIndexSize=101
[2022.10.08-14.45.57:707][  0]LogPakFile: PakFile FullDirectoryIndexSize=144
[2022.10.08-14.45.57:707][  0]LogShaderLibrary: Display: ShaderCodeLibraryPakFileMountedCallback: PakFile 'D:/Epic Games/UE_4.27/FeaturePacks/TP_RollingBP.upack' (chunk index -1, root 'root:/') mounted
[2022.10.08-14.45.57:707][  0]LogShaderLibrary: Display: ShaderCodeLibraryPakFileMountedCallback: pending pak file info (ChunkID:-1 Root:root:/ File:D:/Epic Games/UE_4.27/FeaturePacks/TP_RollingBP.upack)
[2022.10.08-14.45.57:707][  0]LogPakFile: OnPakFileMounted2Time == 0.000129
[2022.10.08-14.45.57:708][  0]LogPakFile: PakFile PrimaryIndexSize=188
[2022.10.08-14.45.57:708][  0]LogPakFile: PakFile PathHashIndexSize=101
[2022.10.08-14.45.57:708][  0]LogPakFile: PakFile FullDirectoryIndexSize=150
[2022.10.08-14.45.57:708][  0]LogShaderLibrary: Display: ShaderCodeLibraryPakFileMountedCallback: PakFile 'D:/Epic Games/UE_4.27/FeaturePacks/TP_SideScroller.upack' (chunk index -1, root 'root:/') mounted
[2022.10.08-14.45.57:708][  0]LogShaderLibrary: Display: ShaderCodeLibraryPakFileMountedCallback: pending pak file info (ChunkID:-1 Root:root:/ File:D:/Epic Games/UE_4.27/FeaturePacks/TP_SideScroller.upack)
[2022.10.08-14.45.57:708][  0]LogPakFile: OnPakFileMounted2Time == 0.000219
[2022.10.08-14.45.57:709][  0]LogPakFile: PakFile PrimaryIndexSize=190
[2022.10.08-14.45.57:709][  0]LogPakFile: PakFile PathHashIndexSize=101
[2022.10.08-14.45.57:709][  0]LogPakFile: PakFile FullDirectoryIndexSize=154
[2022.10.08-14.45.57:709][  0]LogShaderLibrary: Display: ShaderCodeLibraryPakFileMountedCallback: PakFile 'D:/Epic Games/UE_4.27/FeaturePacks/TP_SideScrollerBP.upack' (chunk index -1, root 'root:/') mounted
[2022.10.08-14.45.57:709][  0]LogShaderLibrary: Display: ShaderCodeLibraryPakFileMountedCallback: pending pak file info (ChunkID:-1 Root:root:/ File:D:/Epic Games/UE_4.27/FeaturePacks/TP_SideScrollerBP.upack)
[2022.10.08-14.45.57:710][  0]LogPakFile: OnPakFileMounted2Time == 0.000194
[2022.10.08-14.45.57:710][  0]LogPakFile: PakFile PrimaryIndexSize=187
[2022.10.08-14.45.57:710][  0]LogPakFile: PakFile PathHashIndexSize=101
[2022.10.08-14.45.57:710][  0]LogPakFile: PakFile FullDirectoryIndexSize=148
[2022.10.08-14.45.57:710][  0]LogShaderLibrary: Display: ShaderCodeLibraryPakFileMountedCallback: PakFile 'D:/Epic Games/UE_4.27/FeaturePacks/TP_ThirdPerson.upack' (chunk index -1, root 'root:/') mounted
[2022.10.08-14.45.57:710][  0]LogShaderLibrary: Display: ShaderCodeLibraryPakFileMountedCallback: pending pak file info (ChunkID:-1 Root:root:/ File:D:/Epic Games/UE_4.27/FeaturePacks/TP_ThirdPerson.upack)
[2022.10.08-14.45.57:711][  0]LogPakFile: OnPakFileMounted2Time == 0.000202
[2022.10.08-14.45.57:711][  0]LogPakFile: PakFile PrimaryIndexSize=189
[2022.10.08-14.45.57:711][  0]LogPakFile: PakFile PathHashIndexSize=101
[2022.10.08-14.45.57:711][  0]LogPakFile: PakFile FullDirectoryIndexSize=152
[2022.10.08-14.45.57:711][  0]LogShaderLibrary: Display: ShaderCodeLibraryPakFileMountedCallback: PakFile 'D:/Epic Games/UE_4.27/FeaturePacks/TP_ThirdPersonBP.upack' (chunk index -1, root 'root:/') mounted
[2022.10.08-14.45.57:712][  0]LogShaderLibrary: Display: ShaderCodeLibraryPakFileMountedCallback: pending pak file info (ChunkID:-1 Root:root:/ File:D:/Epic Games/UE_4.27/FeaturePacks/TP_ThirdPersonBP.upack)
[2022.10.08-14.45.57:712][  0]LogPakFile: OnPakFileMounted2Time == 0.000177
[2022.10.08-14.45.57:712][  0]LogPakFile: PakFile PrimaryIndexSize=183
[2022.10.08-14.45.57:712][  0]LogPakFile: PakFile PathHashIndexSize=101
[2022.10.08-14.45.57:712][  0]LogPakFile: PakFile FullDirectoryIndexSize=140
[2022.10.08-14.45.57:712][  0]LogShaderLibrary: Display: ShaderCodeLibraryPakFileMountedCallback: PakFile 'D:/Epic Games/UE_4.27/FeaturePacks/TP_TopDown.upack' (chunk index -1, root 'root:/') mounted
[2022.10.08-14.45.57:712][  0]LogShaderLibrary: Display: ShaderCodeLibraryPakFileMountedCallback: pending pak file info (ChunkID:-1 Root:root:/ File:D:/Epic Games/UE_4.27/FeaturePacks/TP_TopDown.upack)
[2022.10.08-14.45.57:713][  0]LogPakFile: OnPakFileMounted2Time == 0.000201
[2022.10.08-14.45.57:713][  0]LogPakFile: PakFile PrimaryIndexSize=185
[2022.10.08-14.45.57:713][  0]LogPakFile: PakFile PathHashIndexSize=101
[2022.10.08-14.45.57:713][  0]LogPakFile: PakFile FullDirectoryIndexSize=144
[2022.10.08-14.45.57:713][  0]LogShaderLibrary: Display: ShaderCodeLibraryPakFileMountedCallback: PakFile 'D:/Epic Games/UE_4.27/FeaturePacks/TP_TopDownBP.upack' (chunk index -1, root 'root:/') mounted
[2022.10.08-14.45.57:713][  0]LogShaderLibrary: Display: ShaderCodeLibraryPakFileMountedCallback: pending pak file info (ChunkID:-1 Root:root:/ File:D:/Epic Games/UE_4.27/FeaturePacks/TP_TopDownBP.upack)
[2022.10.08-14.45.57:713][  0]LogPakFile: OnPakFileMounted2Time == 0.000126
[2022.10.08-14.45.57:714][  0]LogPakFile: PakFile PrimaryIndexSize=185
[2022.10.08-14.45.57:714][  0]LogPakFile: PakFile PathHashIndexSize=101
[2022.10.08-14.45.57:714][  0]LogPakFile: PakFile FullDirectoryIndexSize=144
[2022.10.08-14.45.57:714][  0]LogShaderLibrary: Display: ShaderCodeLibraryPakFileMountedCallback: PakFile 'D:/Epic Games/UE_4.27/FeaturePacks/TP_TwinStick.upack' (chunk index -1, root 'root:/') mounted
[2022.10.08-14.45.57:714][  0]LogShaderLibrary: Display: ShaderCodeLibraryPakFileMountedCallback: pending pak file info (ChunkID:-1 Root:root:/ File:D:/Epic Games/UE_4.27/FeaturePacks/TP_TwinStick.upack)
[2022.10.08-14.45.57:714][  0]LogPakFile: OnPakFileMounted2Time == 0.000266
[2022.10.08-14.45.57:715][  0]LogPakFile: PakFile PrimaryIndexSize=187
[2022.10.08-14.45.57:715][  0]LogPakFile: PakFile PathHashIndexSize=101
[2022.10.08-14.45.57:715][  0]LogPakFile: PakFile FullDirectoryIndexSize=148
[2022.10.08-14.45.57:715][  0]LogShaderLibrary: Display: ShaderCodeLibraryPakFileMountedCallback: PakFile 'D:/Epic Games/UE_4.27/FeaturePacks/TP_TwinStickBP.upack' (chunk index -1, root 'root:/') mounted
[2022.10.08-14.45.57:715][  0]LogShaderLibrary: Display: ShaderCodeLibraryPakFileMountedCallback: pending pak file info (ChunkID:-1 Root:root:/ File:D:/Epic Games/UE_4.27/FeaturePacks/TP_TwinStickBP.upack)
[2022.10.08-14.45.57:715][  0]LogPakFile: OnPakFileMounted2Time == 0.000131
[2022.10.08-14.45.57:716][  0]LogPakFile: PakFile PrimaryIndexSize=183
[2022.10.08-14.45.57:716][  0]LogPakFile: PakFile PathHashIndexSize=101
[2022.10.08-14.45.57:716][  0]LogPakFile: PakFile FullDirectoryIndexSize=140
[2022.10.08-14.45.57:716][  0]LogShaderLibrary: Display: ShaderCodeLibraryPakFileMountedCallback: PakFile 'D:/Epic Games/UE_4.27/FeaturePacks/TP_Vehicle.upack' (chunk index -1, root 'root:/') mounted
[2022.10.08-14.45.57:716][  0]LogShaderLibrary: Display: ShaderCodeLibraryPakFileMountedCallback: pending pak file info (ChunkID:-1 Root:root:/ File:D:/Epic Games/UE_4.27/FeaturePacks/TP_Vehicle.upack)
[2022.10.08-14.45.57:717][  0]LogPakFile: OnPakFileMounted2Time == 0.000231
[2022.10.08-14.45.57:717][  0]LogPakFile: PakFile PrimaryIndexSize=186
[2022.10.08-14.45.57:717][  0]LogPakFile: PakFile PathHashIndexSize=101
[2022.10.08-14.45.57:717][  0]LogPakFile: PakFile FullDirectoryIndexSize=146
[2022.10.08-14.45.57:717][  0]LogShaderLibrary: Display: ShaderCodeLibraryPakFileMountedCallback: PakFile 'D:/Epic Games/UE_4.27/FeaturePacks/TP_VehicleAdv.upack' (chunk index -1, root 'root:/') mounted
[2022.10.08-14.45.57:717][  0]LogShaderLibrary: Display: ShaderCodeLibraryPakFileMountedCallback: pending pak file info (ChunkID:-1 Root:root:/ File:D:/Epic Games/UE_4.27/FeaturePacks/TP_VehicleAdv.upack)
[2022.10.08-14.45.57:718][  0]LogPakFile: OnPakFileMounted2Time == 0.000237
[2022.10.08-14.45.57:719][  0]LogPakFile: PakFile PrimaryIndexSize=188
[2022.10.08-14.45.57:719][  0]LogPakFile: PakFile PathHashIndexSize=101
[2022.10.08-14.45.57:719][  0]LogPakFile: PakFile FullDirectoryIndexSize=150
[2022.10.08-14.45.57:719][  0]LogShaderLibrary: Display: ShaderCodeLibraryPakFileMountedCallback: PakFile 'D:/Epic Games/UE_4.27/FeaturePacks/TP_VehicleAdvBP.upack' (chunk index -1, root 'root:/') mounted
[2022.10.08-14.45.57:719][  0]LogShaderLibrary: Display: ShaderCodeLibraryPakFileMountedCallback: pending pak file info (ChunkID:-1 Root:root:/ File:D:/Epic Games/UE_4.27/FeaturePacks/TP_VehicleAdvBP.upack)
[2022.10.08-14.45.57:719][  0]LogPakFile: OnPakFileMounted2Time == 0.000153
[2022.10.08-14.45.57:720][  0]LogPakFile: PakFile PrimaryIndexSize=185
[2022.10.08-14.45.57:720][  0]LogPakFile: PakFile PathHashIndexSize=101
[2022.10.08-14.45.57:720][  0]LogPakFile: PakFile FullDirectoryIndexSize=144
[2022.10.08-14.45.57:720][  0]LogShaderLibrary: Display: ShaderCodeLibraryPakFileMountedCallback: PakFile 'D:/Epic Games/UE_4.27/FeaturePacks/TP_VehicleBP.upack' (chunk index -1, root 'root:/') mounted
[2022.10.08-14.45.57:720][  0]LogShaderLibrary: Display: ShaderCodeLibraryPakFileMountedCallback: pending pak file info (ChunkID:-1 Root:root:/ File:D:/Epic Games/UE_4.27/FeaturePacks/TP_VehicleBP.upack)
[2022.10.08-14.45.57:720][  0]LogPakFile: OnPakFileMounted2Time == 0.000169
[2022.10.08-14.45.57:721][  0]LogPakFile: PakFile PrimaryIndexSize=192
[2022.10.08-14.45.57:721][  0]LogPakFile: PakFile PathHashIndexSize=101
[2022.10.08-14.45.57:721][  0]LogPakFile: PakFile FullDirectoryIndexSize=158
[2022.10.08-14.45.57:721][  0]LogShaderLibrary: Display: ShaderCodeLibraryPakFileMountedCallback: PakFile 'D:/Epic Games/UE_4.27/FeaturePacks/TP_VirtualRealityBP.upack' (chunk index -1, root 'root:/') mounted
[2022.10.08-14.45.57:721][  0]LogShaderLibrary: Display: ShaderCodeLibraryPakFileMountedCallback: pending pak file info (ChunkID:-1 Root:root:/ File:D:/Epic Games/UE_4.27/FeaturePacks/TP_VirtualRealityBP.upack)
[2022.10.08-14.45.57:721][  0]LogPakFile: OnPakFileMounted2Time == 0.000210
[2022.10.08-14.45.57:752][  0]LogNativeClassHierarchy: Verbose: Native class hierarchy updated for 'AddContentDialog' in 0.0003 seconds. Added 0 classes and 0 folders.
[2022.10.08-14.45.57:754][  0]LogNativeClassHierarchy: Verbose: Native class hierarchy updated for 'SceneOutliner' in 0.0003 seconds. Added 2 classes and 0 folders.
[2022.10.08-14.45.57:792][  0]LogSlate: Took 0.000303 seconds to synchronously load lazily loaded font '../../../Engine/Content/Slate/Fonts/Roboto-Regular.ttf' (155K)
[2022.10.08-14.45.57:794][  0]LogSlate: Took 0.000244 seconds to synchronously load lazily loaded font '../../../Engine/Content/Editor/Slate/Fonts/FontAwesome.ttf' (139K)
[2022.10.08-14.45.57:795][  0]LogSlate: Took 0.000177 seconds to synchronously load lazily loaded font '../../../Engine/Content/Slate/Fonts/Roboto-Bold.ttf' (160K)
[2022.10.08-14.45.57:898][  0]LogRenderer: Reallocating scene render targets to support 1208x572 Format 10 NumSamples 1 (Frame:1).
[2022.10.08-14.45.57:959][  0]LogSlate: Took 0.000192 seconds to synchronously load lazily loaded font '../../../Engine/Content/Slate/Fonts/Roboto-Light.ttf' (167K)
[2022.10.08-14.45.58:020][  0]LogNativeClassHierarchy: Verbose: Native class hierarchy updated for 'HierarchicalLODOutliner' in 0.0005 seconds. Added 0 classes and 0 folders.
[2022.10.08-14.45.58:020][  0]LogLoad: (Engine Initialization) Total time: 9.93 seconds
[2022.10.08-14.45.58:020][  0]LogLoad: (Engine Initialization) Total Blueprint compile time: 0.00 seconds
[2022.10.08-14.45.58:065][  0]LogAssetRegistry: Asset discovery search completed in 5.7384 seconds
[2022.10.08-14.45.58:079][  0]LogCollectionManager: Fixed up redirectors for 0 collections in 0.000008 seconds (updated 0 objects)
[2022.10.08-14.45.58:081][  0]LogContentStreaming: Texture pool size now 1000 MB
[2022.10.08-14.46.03:501][559]LogSlate: Took 0.000314 seconds to synchronously load lazily loaded font '../../../Engine/Content/Slate/Fonts/Roboto-Light.ttf' (167K)
[2022.10.08-14.46.03:519][559]LogAssetEditorSubsystem: Opening Asset editor for Blueprint /Game/FirstPersonCPP/Blueprints/WaveManager.WaveManager
[2022.10.08-14.46.03:659][559]LogNativeClassHierarchy: Verbose: Native class hierarchy updated for 'BlueprintGraph' in 0.0006 seconds. Added 126 classes and 0 folders.
[2022.10.08-14.46.09:926][149]LogEditorClassViewer: Warning: Class /Engine/Tutorial/InWorldBlueprintEditing/TutorialAssets/IWBE_Blutility.IWBE_Blutility_C has parent /Script/Blutility.PlacedEditorUtilityBase, but this parent is not found. The Class will not be shown in ClassViewer.
[2022.10.08-14.46.15:493][719]BlueprintLog: New page: Compile WaveManager
[2022.10.08-14.46.15:531][719]LogUObjectHash: Compacting FUObjectHashTables data took   2.07ms
[2022.10.08-14.46.15:984][758]Cmd: OBJ SAVEPACKAGE PACKAGE="/Game/FirstPersonCPP/Blueprints/WaveManager" FILE="../../../../../Portfolio/Unreal/FPS_Game/Zombone/Content/FirstPersonCPP/Blueprints/WaveManager.uasset" SILENT=true
[2022.10.08-14.46.15:988][758]LogSavePackage: Moving '../../../../../Portfolio/Unreal/FPS_Game/Zombone/Saved/WaveManagerED60AD7148DB575326CC3896367D7085.tmp' to '../../../../../Portfolio/Unreal/FPS_Game/Zombone/Content/FirstPersonCPP/Blueprints/WaveManager.uasset'
[2022.10.08-14.46.16:001][758]AssetCheck: New page: Asset Save: WaveManager
[2022.10.08-14.46.16:001][758]LogContentValidation: Display: Validating Blueprint /Game/FirstPersonCPP/Blueprints/WaveManager.WaveManager
[2022.10.08-14.46.16:626][823]LogSlate: Window 'WaveManager' being destroyed
[2022.10.08-14.46.16:633][823]LogWorld: UWorld::CleanupWorld for World_3, bSessionEnded=true, bCleanupResources=true
[2022.10.08-14.46.16:633][823]LogSlate: InvalidateAllWidgets triggered.  All widgets were invalidated
[2022.10.08-14.46.22:757][477]LogEditorViewport: Clicking on Actor (LMB): StaticMeshActor (Wall4)
[2022.10.08-14.46.23:846][586]LogTemp: Repeating last play command: Selected Viewport
[2022.10.08-14.46.23:851][586]LogPlayLevel: PlayLevel: No blueprints needed recompiling
[2022.10.08-14.46.23:852][586]PIE: New page: PIE session: FirstPersonExampleMap (08 Oct 2022, 18:46:23)
[2022.10.08-14.46.23:854][586]LogOnline: OSS: Creating online subsystem instance for: NULL
[2022.10.08-14.46.23:857][586]LogOnline: OSS: TryLoadSubsystemAndSetDefault: Loaded subsystem for module [NULL]
[2022.10.08-14.46.23:857][586]LogPlayLevel: Creating play world package: /Game/FirstPersonCPP/Maps/UEDPIE_0_FirstPersonExampleMap
[2022.10.08-14.46.23:874][586]LogPlayLevel: PIE: StaticDuplicateObject took: (0.016818s)
[2022.10.08-14.46.23:875][586]LogAIModule: Creating AISystem for world FirstPersonExampleMap
[2022.10.08-14.46.23:875][586]LogPlayLevel: PIE: World Init took: (0.001571s)
[2022.10.08-14.46.23:876][586]LogPlayLevel: PIE: Created PIE world by copying editor world from /Game/FirstPersonCPP/Maps/FirstPersonExampleMap.FirstPersonExampleMap to /Game/FirstPersonCPP/Maps/UEDPIE_0_FirstPersonExampleMap.FirstPersonExampleMap (0.018919s)
[2022.10.08-14.46.23:899][586]LogUObjectHash: Compacting FUObjectHashTables data took   2.46ms
[2022.10.08-14.46.23:902][586]LogAudio: Display: Creating Audio Device:                 Id: 2, Scope: Unique, Realtime: True
[2022.10.08-14.46.23:902][586]LogAudioMixer: Display: Audio Mixer Platform Settings:
[2022.10.08-14.46.23:902][586]LogAudioMixer: Display: 	Sample Rate:						  48000
[2022.10.08-14.46.23:902][586]LogAudioMixer: Display: 	Callback Buffer Frame Size Requested: 1024
[2022.10.08-14.46.23:902][586]LogAudioMixer: Display: 	Callback Buffer Frame Size To Use:	  1024
[2022.10.08-14.46.23:902][586]LogAudioMixer: Display: 	Number of buffers to queue:			  2
[2022.10.08-14.46.23:902][586]LogAudioMixer: Display: 	Max Channels (voices):				  32
[2022.10.08-14.46.23:902][586]LogAudioMixer: Display: 	Number of Async Source Workers:		  0
[2022.10.08-14.46.23:902][586]LogAudio: Display: AudioDevice MaxSources: 32
[2022.10.08-14.46.23:903][586]LogAudio: Display: Audio Spatialization Plugin: None (built-in).
[2022.10.08-14.46.23:903][586]LogAudio: Display: Audio Reverb Plugin: None (built-in).
[2022.10.08-14.46.23:903][586]LogAudio: Display: Audio Occlusion Plugin: None (built-in).
[2022.10.08-14.46.23:903][586]LogAudioMixer: Display: Initializing audio mixer.
[2022.10.08-14.46.23:907][586]LogAudioMixer: Display: 0: FrontLeft
[2022.10.08-14.46.23:908][586]LogAudioMixer: Display: 1: FrontRight
[2022.10.08-14.46.23:917][586]LogAudioMixer: Display: Using Audio Device Luidsprekers (Sennheiser Main Audio)
[2022.10.08-14.46.23:917][586]LogAudioMixer: Display: Initializing Sound Submixes...
[2022.10.08-14.46.23:917][586]LogAudioMixer: Display: Creating Master Submix 'MasterSubmixDefault'
[2022.10.08-14.46.23:917][586]LogAudioMixer: Display: Creating Master Submix 'MasterReverbSubmixDefault'
[2022.10.08-14.46.23:918][586]LogAudioMixer: Display: Creating Master Submix 'MasterEQSubmixDefault'
[2022.10.08-14.46.23:918][586]LogAudioMixer: FMixerPlatformXAudio2::StartAudioStream() called
[2022.10.08-14.46.23:918][586]LogAudioMixer: Display: Output buffers initialized: Frames=1024, Channels=2, Samples=2048
[2022.10.08-14.46.23:920][586]LogAudioMixer: Display: Starting AudioMixerPlatformInterface::RunInternal()
[2022.10.08-14.46.23:920][586]LogAudioMixer: Display: FMixerPlatformXAudio2::SubmitBuffer() called for the first time
[2022.10.08-14.46.23:920][586]LogInit: FAudioDevice initialized.
[2022.10.08-14.46.23:920][586]LogAudio: Display: Audio Device (ID: 2) registered with world 'FirstPersonExampleMap'.
[2022.10.08-14.46.23:935][586]LogLoad: Game class is 'WaveManager_C'
[2022.10.08-14.46.23:938][586]LogWorld: Bringing World /Game/FirstPersonCPP/Maps/UEDPIE_0_FirstPersonExampleMap.FirstPersonExampleMap up for play (max tick rate 0) at 2022.10.08-16.46.23
[2022.10.08-14.46.23:938][586]LogWorld: Bringing up level for play took: 0.001948
[2022.10.08-14.46.23:939][586]LogOnline: OSS: Creating online subsystem instance for: :Context_7
[2022.10.08-14.46.23:944][586]LogNativeClassHierarchy: Verbose: Native class hierarchy updated for 'MovieSceneCapture' in 0.0005 seconds. Added 20 classes and 0 folders.
[2022.10.08-14.46.23:946][586]PIE: Server logged in
[2022.10.08-14.46.23:947][586]PIE: Play in editor total start time 0,097 seconds.
[2022.10.08-14.46.35:312][870]LogSlate: Updating window title bar state: overlay mode, drag disabled, window buttons hidden, title bar hidden
[2022.10.08-14.46.35:312][870]LogWorld: BeginTearingDown for /Game/FirstPersonCPP/Maps/UEDPIE_0_FirstPersonExampleMap
[2022.10.08-14.46.35:313][870]LogWorld: UWorld::CleanupWorld for FirstPersonExampleMap, bSessionEnded=true, bCleanupResources=true
[2022.10.08-14.46.35:313][870]LogSlate: InvalidateAllWidgets triggered.  All widgets were invalidated
[2022.10.08-14.46.35:334][870]LogPlayLevel: Display: Shutting down PIE online subsystems
[2022.10.08-14.46.35:361][870]LogSlate: InvalidateAllWidgets triggered.  All widgets were invalidated
[2022.10.08-14.46.35:412][870]LogAudio: Display: Audio Device unregistered from world 'None'.
[2022.10.08-14.46.35:413][870]LogAudioMixer: FMixerPlatformXAudio2::StopAudioStream() called
[2022.10.08-14.46.35:416][870]LogAudioMixer: FMixerPlatformXAudio2::StopAudioStream() called
[2022.10.08-14.46.35:421][870]LogSlate: Updating window title bar state: overlay mode, drag disabled, window buttons hidden, title bar hidden
[2022.10.08-14.46.35:468][870]LogUObjectHash: Compacting FUObjectHashTables data took   3.27ms
[2022.10.08-14.46.35:529][871]LogPlayLevel: Display: Destroying online subsystem :Context_7
