Log file open, 08/05/23 11:15:28
LogWindows: Failed to load 'aqProf.dll' (GetLastError=126)
LogWindows: File 'aqProf.dll' does not exist
LogWindows: Failed to load 'VtuneApi.dll' (GetLastError=126)
LogWindows: File 'VtuneApi.dll' does not exist
LogWindows: Failed to load 'VtuneApi32e.dll' (GetLastError=126)
LogWindows: File 'VtuneApi32e.dll' does not exist
LogConsoleResponse: Display: Failed to find resolution value strings in scalability ini. Falling back to default.
LogConsoleResponse: Display: Failed to find resolution value strings in scalability ini. Falling back to default.
LogInit: Display: Running engine for game: Zombone
LogPlatformFile: Not using cached read wrapper
LogTaskGraph: Started task graph with 5 named threads and 35 total threads with 3 sets of task threads.
LogStats: Stats thread started at 36.871947
LogICUInternationalization: ICU TimeZone Detection - Raw Offset: +1:00, Platform Override: ''
LogInit: Display: Loading text-based GConfig....
LogPluginManager: Mounting plugin MeshPainting
LogPluginManager: Mounting plugin XGEController
LogPluginManager: Mounting plugin Paper2D
LogPluginManager: Mounting plugin AISupport
LogPluginManager: Mounting plugin EnvironmentQueryEditor
LogPluginManager: Mounting plugin LightPropagationVolume
LogPluginManager: Mounting plugin LiveLink
LogPluginManager: Mounting plugin CameraShakePreviewer
LogPluginManager: Mounting plugin GameplayCameras
LogPluginManager: Mounting plugin AnimationSharing
LogPluginManager: Mounting plugin OodleData
LogPluginManager: Mounting plugin CLionSourceCodeAccess
LogPluginManager: Mounting plugin CodeLiteSourceCodeAccess
LogPluginManager: Mounting plugin KDevelopSourceCodeAccess
LogPluginManager: Mounting plugin GitSourceControl
LogPluginManager: Mounting plugin NullSourceCodeAccess
LogPluginManager: Mounting plugin AssetManagerEditor
LogPluginManager: Mounting plugin OodleNetwork
LogPluginManager: Mounting plugin PerforceSourceControl
LogPluginManager: Mounting plugin DatasmithContent
LogPluginManager: Mounting plugin VariantManagerContent
LogPluginManager: Mounting plugin AlembicImporter
LogPluginManager: Mounting plugin AutomationUtils
LogPluginManager: Mounting plugin BackChannel
LogPluginManager: Mounting plugin ChaosCloth
LogPluginManager: Mounting plugin ChaosNiagara
LogPluginManager: Mounting plugin ChaosEditor
LogPluginManager: Mounting plugin CharacterAI
LogPluginManager: Mounting plugin GeometryCache
LogPluginManager: Mounting plugin GeometryCollectionPlugin
LogPluginManager: Mounting plugin GeometryProcessing
LogPluginManager: Mounting plugin ChaosClothEditor
LogPluginManager: Mounting plugin MotoSynth
LogPluginManager: Mounting plugin PlatformCrypto
LogPluginManager: Mounting plugin PlanarCut
LogPluginManager: Mounting plugin ProxyLODPlugin
LogPluginManager: Mounting plugin PythonScriptPlugin
LogPluginManager: Mounting plugin OpenImageDenoise
LogPluginManager: Mounting plugin LuminPlatformFeatures
LogPluginManager: Mounting plugin MagicLeap
LogPluginManager: Mounting plugin MagicLeapLightEstimation
LogPluginManager: Mounting plugin SkeletalReduction
LogPluginManager: Mounting plugin MagicLeapMedia
LogPluginManager: Mounting plugin MagicLeapPassableWorld
LogPluginManager: Mounting plugin AndroidMedia
LogPluginManager: Mounting plugin AvfMedia
LogPluginManager: Mounting plugin MLSDK
LogPluginManager: Mounting plugin ImgMedia
LogPluginManager: Mounting plugin MediaCompositing
LogPluginManager: Mounting plugin MediaPlayerEditor
LogPluginManager: Mounting plugin WebMMedia
LogPluginManager: Mounting plugin WmfMedia
LogPluginManager: Mounting plugin LevelSequenceEditor
LogPluginManager: Mounting plugin ActorSequence
LogPluginManager: Mounting plugin MatineeToLevelSequence
LogPluginManager: Mounting plugin TemplateSequence
LogPluginManager: Mounting plugin TcpMessaging
LogPluginManager: Mounting plugin UdpMessaging
LogPluginManager: Mounting plugin OnlineSubsystem
LogPluginManager: Mounting plugin OnlineSubsystemNull
LogPluginManager: Mounting plugin OnlineSubsystemUtils
LogPluginManager: Mounting plugin LauncherChunkInstaller
LogPluginManager: Mounting plugin ActorLayerUtilities
LogPluginManager: Mounting plugin AndroidMoviePlayer
LogPluginManager: Mounting plugin AndroidDeviceProfileSelector
LogPluginManager: Mounting plugin AndroidPermission
LogPluginManager: Mounting plugin AppleMoviePlayer
LogPluginManager: Mounting plugin AppleImageUtils
LogPluginManager: Mounting plugin ArchVisCharacter
LogPluginManager: Mounting plugin AssetTags
LogPluginManager: Mounting plugin AudioCapture
LogPluginManager: Mounting plugin AudioSynesthesia
LogPluginManager: Mounting plugin CableComponent
LogPluginManager: Mounting plugin CustomMeshComponent
LogPluginManager: Mounting plugin EditableMesh
LogPluginManager: Mounting plugin GoogleCloudMessaging
LogPluginManager: Mounting plugin GooglePAD
LogPluginManager: Mounting plugin IOSDeviceProfileSelector
LogPluginManager: Mounting plugin LinuxDeviceProfileSelector
LogPluginManager: Mounting plugin LocationServicesBPLibrary
LogPluginManager: Mounting plugin MobilePatchingUtils
LogPluginManager: Mounting plugin OpenXR
LogPluginManager: Mounting plugin OpenXREyeTracker
LogPluginManager: Mounting plugin OpenXRHandTracking
LogPluginManager: Mounting plugin ExampleDeviceProfileSelector
LogPluginManager: Mounting plugin PhysXVehicles
LogPluginManager: Mounting plugin PostSplashScreen
LogPluginManager: Mounting plugin ProceduralMeshComponent
LogPluginManager: Mounting plugin PropertyAccessEditor
LogPluginManager: Mounting plugin RuntimePhysXCooking
LogPluginManager: Mounting plugin SignificanceManager
LogPluginManager: Mounting plugin SoundFields
LogPluginManager: Mounting plugin Synthesis
LogPluginManager: Mounting plugin WebMMoviePlayer
LogPluginManager: Mounting plugin WindowsMoviePlayer
LogPluginManager: Mounting plugin ScreenshotTools
LogPluginManager: Mounting plugin Takes
LogPluginManager: Mounting plugin PixWinPlugin
LogPluginManager: Mounting plugin CryptoKeys
LogPluginManager: Mounting plugin DataValidation
LogPluginManager: Mounting plugin FacialAnimation
LogPluginManager: Mounting plugin GameplayTagsEditor
LogPluginManager: Mounting plugin MacGraphicsSwitching
LogPluginManager: Mounting plugin GeometryMode
LogPluginManager: Mounting plugin MobileLauncherProfileWizard
LogPluginManager: Mounting plugin MaterialAnalyzer
LogPluginManager: Mounting plugin PluginBrowser
LogPluginManager: Mounting plugin SpeedTreeImporter
LogPluginManager: Mounting plugin PlasticSourceControl
LogPluginManager: Mounting plugin PluginUtils
LogPluginManager: Mounting plugin RiderSourceCodeAccess
LogPluginManager: Mounting plugin SubversionSourceControl
LogPluginManager: Mounting plugin PropertyAccessNode
LogPluginManager: Mounting plugin TextureFormatOodle
LogPluginManager: Mounting plugin UObjectPlugin
LogPluginManager: Mounting plugin VisualStudioSourceCodeAccess
LogPluginManager: Mounting plugin VisualStudioCodeSourceCodeAccess
LogPluginManager: Mounting plugin XCodeSourceCodeAccess
LogPluginManager: Mounting plugin CurveEditorTools
LogPluginManager: Mounting plugin Niagara
LogPluginManager: Mounting plugin ChunkDownloader
LogPluginManager: Mounting plugin ChaosSolverPlugin
LogPluginManager: Mounting plugin OnlineSubsystemIOS
LogPluginManager: Mounting plugin OnlineSubsystemGooglePlay
LogPluginManager: Mounting plugin OculusVR
LogPluginManager: Mounting plugin SteamVR
LogPluginManager: Mounting plugin ContentBrowserAssetDataSource
LogPluginManager: Mounting plugin ContentBrowserClassDataSource
LogPluginManager: Mounting plugin ContentBrowserFileDataSource
LogInit: Using libcurl 7.55.1-DEV
LogInit:  - built for x86_64-pc-win32
LogInit:  - supports SSL with OpenSSL/1.1.1
LogInit:  - supports HTTP deflate (compression) using libz 1.2.8
LogInit:  - other features:
LogInit:      CURL_VERSION_SSL
LogInit:      CURL_VERSION_LIBZ
LogInit:      CURL_VERSION_IPV6
LogInit:      CURL_VERSION_ASYNCHDNS
LogInit:      CURL_VERSION_LARGEFILE
LogInit:      CURL_VERSION_IDN
LogInit:  CurlRequestOptions (configurable via config and command line):
LogInit:  - bVerifyPeer = true  - Libcurl will verify peer certificate
LogInit:  - bUseHttpProxy = false  - Libcurl will NOT use HTTP proxy
LogInit:  - bDontReuseConnections = false  - Libcurl will reuse connections
LogInit:  - MaxHostConnections = 16  - Libcurl will limit the number of connections to a host
LogInit:  - LocalHostAddr = Default
LogInit:  - BufferSize = 65536
LogOnline: OSS: Creating online subsystem instance for: NULL
LogInit: WinSock: version 1.1 (2.2), MaxSocks=32767, MaxUdp=65467
LogOnline: OSS: TryLoadSubsystemAndSetDefault: Loaded subsystem for module [NULL]
PixWinPlugin: PIX capture plugin failed to initialize! Check that the process is launched from PIX.
LogInit: Build: ++UE4+Release-4.27-CL-18319896
LogInit: Engine Version: 4.27.2-18319896+++UE4+Release-4.27
LogInit: Compatible Engine Version: 4.27.0-17155196+++UE4+Release-4.27
LogInit: Net CL: 17155196
LogInit: OS: Windows 10 (Release 2009) (), CPU: Intel(R) Core(TM) i7-7800X CPU @ 3.50GHz, GPU: NVIDIA GeForce GTX 1060 6GB
LogInit: Compiled (64-bit): Nov 30 2021 07:12:08
LogInit: Compiled with Visual C++: 19.24.28315.00
LogInit: Build Configuration: Development
LogInit: Branch Name: ++UE4+Release-4.27
LogInit: Command Line:  E:\Portfolio\Unreal\FPS_Game\Zombone\Zombone.uproject -run=VisualStudioTools -unattended -noshadercompile -nosound -nullrhi -nocpuprofilertrace -nocrashreports -nosplash -ddc=noshared -output=C:\Users\timve\AppData\Local\Temp\tmp6B81.tmp
LogInit: Base Directory: D:/Epic Games/UE_4.27/Engine/Binaries/Win64/
LogInit: Allocator: TBB
LogInit: Installed Engine Build: 1
LogDevObjectVersion: Number of dev versions registered: 29
LogDevObjectVersion:   Dev-Blueprints (B0D832E4-1F89-4F0D-ACCF-7EB736FD4AA2): 10
LogDevObjectVersion:   Dev-Build (E1C64328-A22C-4D53-A36C-8E866417BD8C): 0
LogDevObjectVersion:   Dev-Core (375EC13C-06E4-48FB-B500-84F0262A717E): 4
LogDevObjectVersion:   Dev-Editor (E4B068ED-F494-42E9-A231-DA0B2E46BB41): 40
LogDevObjectVersion:   Dev-Framework (CFFC743F-43B0-4480-9391-14DF171D2073): 37
LogDevObjectVersion:   Dev-Mobile (B02B49B5-BB20-44E9-A304-32B752E40360): 3
LogDevObjectVersion:   Dev-Networking (A4E4105C-59A1-49B5-A7C5-40C4547EDFEE): 0
LogDevObjectVersion:   Dev-Online (39C831C9-5AE6-47DC-9A44-9C173E1C8E7C): 0
LogDevObjectVersion:   Dev-Physics (78F01B33-EBEA-4F98-B9B4-84EACCB95AA2): 14
LogDevObjectVersion:   Dev-Platform (6631380F-2D4D-43E0-8009-CF276956A95A): 0
LogDevObjectVersion:   Dev-Rendering (12F88B9F-8875-4AFC-A67C-D90C383ABD29): 45
LogDevObjectVersion:   Dev-Sequencer (7B5AE74C-D270-4C10-A958-57980B212A5A): 13
LogDevObjectVersion:   Dev-VR (D7296918-1DD6-4BDD-9DE2-64A83CC13884): 3
LogDevObjectVersion:   Dev-LoadTimes (C2A15278-BFE7-4AFE-6C17-90FF531DF755): 1
LogDevObjectVersion:   Private-Geometry (6EACA3D4-40EC-4CC1-B786-8BED09428FC5): 3
LogDevObjectVersion:   Dev-AnimPhys (29E575DD-E0A3-4627-9D10-D276232CDCEA): 17
LogDevObjectVersion:   Dev-Anim (AF43A65D-7FD3-4947-9873-3E8ED9C1BB05): 15
LogDevObjectVersion:   Dev-ReflectionCapture (6B266CEC-1EC7-4B8F-A30B-E4D90942FC07): 1
LogDevObjectVersion:   Dev-Automation (0DF73D61-A23F-47EA-B727-89E90C41499A): 1
LogDevObjectVersion:   FortniteMain (601D1886-AC64-4F84-AA16-D3DE0DEAC7D6): 47
LogDevObjectVersion:   FortniteRelease (E7086368-6B23-4C58-8439-1B7016265E91): 1
LogDevObjectVersion:   Dev-Enterprise (9DFFBCD6-494F-0158-E221-12823C92A888): 10
LogDevObjectVersion:   Dev-Niagara (F2AED0AC-9AFE-416F-8664-AA7FFA26D6FC): 1
LogDevObjectVersion:   Dev-Destruction (174F1F0B-B4C6-45A5-B13F-2EE8D0FB917D): 10
LogDevObjectVersion:   Dev-Physics-Ext (35F94A83-E258-406C-A318-09F59610247C): 41
LogDevObjectVersion:   Dev-PhysicsMaterial-Chaos (B68FC16E-8B1B-42E2-B453-215C058844FE): 1
LogDevObjectVersion:   Dev-CineCamera (B2E18506-4273-CFC2-A54E-F4BB758BBA07): 1
LogDevObjectVersion:   Dev-VirtualProduction (64F58936-FD1B-42BA-BA96-7289D5D0FA4E): 1
LogDevObjectVersion:   Dev-MediaFramework (6F0ED827-A609-4895-9C91-998D90180EA4): 2
LogInit: Presizing for max 25165824 objects, including 0 objects not considered by GC, pre-allocating 0 bytes for permanent pool.
LogConfig: Applying CVar settings from Section [/Script/Engine.StreamingSettings] File [E:/Portfolio/Unreal/FPS_Game/Zombone/Saved/Config/Windows/Engine.ini]
LogConfig: Setting CVar [[s.MinBulkDataSizeForAsyncLoading:131072]]
LogConfig: Setting CVar [[s.AsyncLoadingThreadEnabled:0]]
LogConfig: Setting CVar [[s.EventDrivenLoaderEnabled:1]]
LogConfig: Setting CVar [[s.WarnIfTimeLimitExceeded:0]]
LogConfig: Setting CVar [[s.TimeLimitExceededMultiplier:1.5]]
LogConfig: Setting CVar [[s.TimeLimitExceededMinTime:0.005]]
LogConfig: Setting CVar [[s.UseBackgroundLevelStreaming:1]]
LogConfig: Setting CVar [[s.PriorityAsyncLoadingExtraTime:15.0]]
LogConfig: Setting CVar [[s.LevelStreamingActorsUpdateTimeLimit:5.0]]
LogConfig: Setting CVar [[s.PriorityLevelStreamingActorsUpdateExtraTime:5.0]]
LogConfig: Setting CVar [[s.LevelStreamingComponentsRegistrationGranularity:10]]
LogConfig: Setting CVar [[s.UnregisterComponentsTimeLimit:1.0]]
LogConfig: Setting CVar [[s.LevelStreamingComponentsUnregistrationGranularity:5]]
LogConfig: Setting CVar [[s.FlushStreamingOnExit:1]]
LogInit: Object subsystem initialized
LogConfig: Setting CVar [[con.DebugEarlyDefault:1]]
LogConfig: Setting CVar [[r.setres:1280x720]]
[2023.08.05-09.15.52:054][  0]LogConfig: Setting CVar [[con.DebugEarlyDefault:1]]
[2023.08.05-09.15.52:054][  0]LogConfig: Setting CVar [[r.setres:1280x720]]
[2023.08.05-09.15.52:072][  0]LogConfig: Applying CVar settings from Section [/Script/Engine.RendererSettings] File [E:/Portfolio/Unreal/FPS_Game/Zombone/Saved/Config/Windows/Engine.ini]
[2023.08.05-09.15.52:072][  0]LogConfig: Setting CVar [[r.GPUCrashDebugging:0]]
[2023.08.05-09.15.52:072][  0]LogConfig: Applying CVar settings from Section [/Script/Engine.RendererOverrideSettings] File [E:/Portfolio/Unreal/FPS_Game/Zombone/Saved/Config/Windows/Engine.ini]
[2023.08.05-09.15.52:073][  0]LogConfig: Applying CVar settings from Section [/Script/Engine.StreamingSettings] File [E:/Portfolio/Unreal/FPS_Game/Zombone/Saved/Config/Windows/Engine.ini]
[2023.08.05-09.15.52:073][  0]LogConfig: Setting CVar [[s.MinBulkDataSizeForAsyncLoading:131072]]
[2023.08.05-09.15.52:073][  0]LogConfig: Setting CVar [[s.AsyncLoadingThreadEnabled:0]]
[2023.08.05-09.15.52:073][  0]LogConfig: Setting CVar [[s.EventDrivenLoaderEnabled:1]]
[2023.08.05-09.15.52:073][  0]LogConfig: Setting CVar [[s.WarnIfTimeLimitExceeded:0]]
[2023.08.05-09.15.52:073][  0]LogConfig: Setting CVar [[s.TimeLimitExceededMultiplier:1.5]]
[2023.08.05-09.15.52:073][  0]LogConfig: Setting CVar [[s.TimeLimitExceededMinTime:0.005]]
[2023.08.05-09.15.52:073][  0]LogConfig: Setting CVar [[s.UseBackgroundLevelStreaming:1]]
[2023.08.05-09.15.52:073][  0]LogConfig: Setting CVar [[s.PriorityAsyncLoadingExtraTime:15.0]]
[2023.08.05-09.15.52:073][  0]LogConfig: Setting CVar [[s.LevelStreamingActorsUpdateTimeLimit:5.0]]
[2023.08.05-09.15.52:073][  0]LogConfig: Setting CVar [[s.PriorityLevelStreamingActorsUpdateExtraTime:5.0]]
[2023.08.05-09.15.52:073][  0]LogConfig: Setting CVar [[s.LevelStreamingComponentsRegistrationGranularity:10]]
[2023.08.05-09.15.52:073][  0]LogConfig: Setting CVar [[s.UnregisterComponentsTimeLimit:1.0]]
[2023.08.05-09.15.52:073][  0]LogConfig: Setting CVar [[s.LevelStreamingComponentsUnregistrationGranularity:5]]
[2023.08.05-09.15.52:073][  0]LogConfig: Setting CVar [[s.FlushStreamingOnExit:1]]
[2023.08.05-09.15.52:073][  0]LogConfig: Applying CVar settings from Section [/Script/Engine.GarbageCollectionSettings] File [E:/Portfolio/Unreal/FPS_Game/Zombone/Saved/Config/Windows/Engine.ini]
[2023.08.05-09.15.52:073][  0]LogConfig: Setting CVar [[gc.MaxObjectsNotConsideredByGC:1]]
[2023.08.05-09.15.52:073][  0]LogConfig: Setting CVar [[gc.SizeOfPermanentObjectPool:0]]
[2023.08.05-09.15.52:073][  0]LogConfig: Setting CVar [[gc.FlushStreamingOnGC:0]]
[2023.08.05-09.15.52:073][  0]LogConfig: Setting CVar [[gc.NumRetriesBeforeForcingGC:10]]
[2023.08.05-09.15.52:073][  0]LogConfig: Setting CVar [[gc.AllowParallelGC:1]]
[2023.08.05-09.15.52:073][  0]LogConfig: Setting CVar [[gc.TimeBetweenPurgingPendingKillObjects:61.1]]
[2023.08.05-09.15.52:073][  0]LogConfig: Setting CVar [[gc.MaxObjectsInEditor:25165824]]
[2023.08.05-09.15.52:073][  0]LogConfig: Setting CVar [[gc.IncrementalBeginDestroyEnabled:1]]
[2023.08.05-09.15.52:073][  0]LogConfig: Setting CVar [[gc.CreateGCClusters:1]]
[2023.08.05-09.15.52:073][  0]LogConfig: Setting CVar [[gc.MinGCClusterSize:5]]
[2023.08.05-09.15.52:073][  0]LogConfig: Setting CVar [[gc.ActorClusteringEnabled:0]]
[2023.08.05-09.15.52:073][  0]LogConfig: Setting CVar [[gc.BlueprintClusteringEnabled:0]]
[2023.08.05-09.15.52:073][  0]LogConfig: Setting CVar [[gc.UseDisregardForGCOnDedicatedServers:0]]
[2023.08.05-09.15.52:073][  0]LogConfig: Setting CVar [[gc.MultithreadedDestructionEnabled:1]]
[2023.08.05-09.15.52:073][  0]LogConfig: Applying CVar settings from Section [/Script/Engine.NetworkSettings] File [E:/Portfolio/Unreal/FPS_Game/Zombone/Saved/Config/Windows/Engine.ini]
[2023.08.05-09.15.52:073][  0]LogConfig: Applying CVar settings from Section [/Script/UnrealEd.CookerSettings] File [E:/Portfolio/Unreal/FPS_Game/Zombone/Saved/Config/Windows/Engine.ini]
[2023.08.05-09.15.52:073][  0]LogConfig: Applying CVar settings from Section [ViewDistanceQuality@3] File [E:/Portfolio/Unreal/FPS_Game/Zombone/Saved/Config/Windows/Scalability.ini]
[2023.08.05-09.15.52:073][  0]LogConfig: Setting CVar [[r.SkeletalMeshLODBias:0]]
[2023.08.05-09.15.52:073][  0]LogConfig: Setting CVar [[r.ViewDistanceScale:1.0]]
[2023.08.05-09.15.52:073][  0]LogConfig: Applying CVar settings from Section [AntiAliasingQuality@3] File [E:/Portfolio/Unreal/FPS_Game/Zombone/Saved/Config/Windows/Scalability.ini]
[2023.08.05-09.15.52:073][  0]LogConfig: Setting CVar [[r.PostProcessAAQuality:4]]
[2023.08.05-09.15.52:073][  0]LogConfig: Applying CVar settings from Section [ShadowQuality@3] File [E:/Portfolio/Unreal/FPS_Game/Zombone/Saved/Config/Windows/Scalability.ini]
[2023.08.05-09.15.52:073][  0]LogConfig: Setting CVar [[r.LightFunctionQuality:1]]
[2023.08.05-09.15.52:073][  0]LogConfig: Setting CVar [[r.ShadowQuality:5]]
[2023.08.05-09.15.52:073][  0]LogConfig: Setting CVar [[r.Shadow.CSM.MaxCascades:10]]
[2023.08.05-09.15.52:073][  0]LogConfig: Setting CVar [[r.Shadow.MaxResolution:2048]]
[2023.08.05-09.15.52:073][  0]LogConfig: Setting CVar [[r.Shadow.MaxCSMResolution:2048]]
[2023.08.05-09.15.52:073][  0]LogConfig: Setting CVar [[r.Shadow.RadiusThreshold:0.01]]
[2023.08.05-09.15.52:073][  0]LogConfig: Setting CVar [[r.Shadow.DistanceScale:1.0]]
[2023.08.05-09.15.52:073][  0]LogConfig: Setting CVar [[r.Shadow.CSM.TransitionScale:1.0]]
[2023.08.05-09.15.52:073][  0]LogConfig: Setting CVar [[r.Shadow.PreShadowResolutionFactor:1.0]]
[2023.08.05-09.15.52:073][  0]LogConfig: Setting CVar [[r.DistanceFieldShadowing:1]]
[2023.08.05-09.15.52:073][  0]LogConfig: Setting CVar [[r.DistanceFieldAO:1]]
[2023.08.05-09.15.52:073][  0]LogConfig: Setting CVar [[r.AOQuality:2]]
[2023.08.05-09.15.52:073][  0]LogConfig: Setting CVar [[r.VolumetricFog:1]]
[2023.08.05-09.15.52:073][  0]LogConfig: Setting CVar [[r.VolumetricFog.GridPixelSize:8]]
[2023.08.05-09.15.52:073][  0]LogConfig: Setting CVar [[r.VolumetricFog.GridSizeZ:128]]
[2023.08.05-09.15.52:073][  0]LogConfig: Setting CVar [[r.VolumetricFog.HistoryMissSupersampleCount:4]]
[2023.08.05-09.15.52:073][  0]LogConfig: Setting CVar [[r.LightMaxDrawDistanceScale:1]]
[2023.08.05-09.15.52:073][  0]LogConfig: Setting CVar [[r.CapsuleShadows:1]]
[2023.08.05-09.15.52:073][  0]LogConfig: Applying CVar settings from Section [PostProcessQuality@3] File [E:/Portfolio/Unreal/FPS_Game/Zombone/Saved/Config/Windows/Scalability.ini]
[2023.08.05-09.15.52:073][  0]LogConfig: Setting CVar [[r.MotionBlurQuality:4]]
[2023.08.05-09.15.52:073][  0]LogConfig: Setting CVar [[r.AmbientOcclusionMipLevelFactor:0.4]]
[2023.08.05-09.15.52:073][  0]LogConfig: Setting CVar [[r.AmbientOcclusionMaxQuality:100]]
[2023.08.05-09.15.52:073][  0]LogConfig: Setting CVar [[r.AmbientOcclusionLevels:-1]]
[2023.08.05-09.15.52:073][  0]LogConfig: Setting CVar [[r.AmbientOcclusionRadiusScale:1.0]]
[2023.08.05-09.15.52:073][  0]LogConfig: Setting CVar [[r.DepthOfFieldQuality:2]]
[2023.08.05-09.15.52:073][  0]LogConfig: Setting CVar [[r.RenderTargetPoolMin:400]]
[2023.08.05-09.15.52:073][  0]LogConfig: Setting CVar [[r.LensFlareQuality:2]]
[2023.08.05-09.15.52:073][  0]LogConfig: Setting CVar [[r.SceneColorFringeQuality:1]]
[2023.08.05-09.15.52:073][  0]LogConfig: Setting CVar [[r.EyeAdaptationQuality:2]]
[2023.08.05-09.15.52:073][  0]LogConfig: Setting CVar [[r.BloomQuality:5]]
[2023.08.05-09.15.52:073][  0]LogConfig: Setting CVar [[r.FastBlurThreshold:100]]
[2023.08.05-09.15.52:073][  0]LogConfig: Setting CVar [[r.Upscale.Quality:3]]
[2023.08.05-09.15.52:073][  0]LogConfig: Setting CVar [[r.Tonemapper.GrainQuantization:1]]
[2023.08.05-09.15.52:073][  0]LogConfig: Setting CVar [[r.LightShaftQuality:1]]
[2023.08.05-09.15.52:073][  0]LogConfig: Setting CVar [[r.Filter.SizeScale:1]]
[2023.08.05-09.15.52:073][  0]LogConfig: Setting CVar [[r.Tonemapper.Quality:5]]
[2023.08.05-09.15.52:073][  0]LogConfig: Setting CVar [[r.DOF.Gather.AccumulatorQuality:1        ; higher gathering accumulator quality]]
[2023.08.05-09.15.52:074][  0]LogConfig: Setting CVar [[r.DOF.Gather.PostfilterMethod:1          ; Median3x3 postfilering method]]
[2023.08.05-09.15.52:074][  0]LogConfig: Setting CVar [[r.DOF.Gather.EnableBokehSettings:0       ; no bokeh simulation when gathering]]
[2023.08.05-09.15.52:074][  0]LogConfig: Setting CVar [[r.DOF.Gather.RingCount:4                 ; medium number of samples when gathering]]
[2023.08.05-09.15.52:074][  0]LogConfig: Setting CVar [[r.DOF.Scatter.ForegroundCompositing:1    ; additive foreground scattering]]
[2023.08.05-09.15.52:074][  0]LogConfig: Setting CVar [[r.DOF.Scatter.BackgroundCompositing:2    ; additive background scattering]]
[2023.08.05-09.15.52:074][  0]LogConfig: Setting CVar [[r.DOF.Scatter.EnableBokehSettings:1      ; bokeh simulation when scattering]]
[2023.08.05-09.15.52:074][  0]LogConfig: Setting CVar [[r.DOF.Scatter.MaxSpriteRatio:0.1         ; only a maximum of 10% of scattered bokeh]]
[2023.08.05-09.15.52:074][  0]LogConfig: Setting CVar [[r.DOF.Recombine.Quality:1                ; cheap slight out of focus]]
[2023.08.05-09.15.52:074][  0]LogConfig: Setting CVar [[r.DOF.Recombine.EnableBokehSettings:0    ; no bokeh simulation on slight out of focus]]
[2023.08.05-09.15.52:074][  0]LogConfig: Setting CVar [[r.DOF.TemporalAAQuality:1                ; more stable temporal accumulation]]
[2023.08.05-09.15.52:074][  0]LogConfig: Setting CVar [[r.DOF.Kernel.MaxForegroundRadius:0.025]]
[2023.08.05-09.15.52:074][  0]LogConfig: Setting CVar [[r.DOF.Kernel.MaxBackgroundRadius:0.025]]
[2023.08.05-09.15.52:074][  0]LogConfig: Applying CVar settings from Section [TextureQuality@3] File [E:/Portfolio/Unreal/FPS_Game/Zombone/Saved/Config/Windows/Scalability.ini]
[2023.08.05-09.15.52:074][  0]LogConfig: Setting CVar [[r.Streaming.MipBias:0]]
[2023.08.05-09.15.52:074][  0]LogConfig: Setting CVar [[r.Streaming.AmortizeCPUToGPUCopy:0]]
[2023.08.05-09.15.52:074][  0]LogConfig: Setting CVar [[r.Streaming.MaxNumTexturesToStreamPerFrame:0]]
[2023.08.05-09.15.52:074][  0]LogConfig: Setting CVar [[r.Streaming.Boost:1]]
[2023.08.05-09.15.52:074][  0]LogConfig: Setting CVar [[r.MaxAnisotropy:8]]
[2023.08.05-09.15.52:074][  0]LogConfig: Setting CVar [[r.VT.MaxAnisotropy:8]]
[2023.08.05-09.15.52:074][  0]LogConfig: Setting CVar [[r.Streaming.LimitPoolSizeToVRAM:0]]
[2023.08.05-09.15.52:074][  0]LogConfig: Setting CVar [[r.Streaming.PoolSize:1000]]
[2023.08.05-09.15.52:074][  0]LogConfig: Setting CVar [[r.Streaming.MaxEffectiveScreenSize:0]]
[2023.08.05-09.15.52:074][  0]LogConfig: Applying CVar settings from Section [EffectsQuality@3] File [E:/Portfolio/Unreal/FPS_Game/Zombone/Saved/Config/Windows/Scalability.ini]
[2023.08.05-09.15.52:074][  0]LogConfig: Setting CVar [[r.TranslucencyLightingVolumeDim:64]]
[2023.08.05-09.15.52:074][  0]LogConfig: Setting CVar [[r.RefractionQuality:2]]
[2023.08.05-09.15.52:074][  0]LogConfig: Setting CVar [[r.SSR.Quality:3]]
[2023.08.05-09.15.52:074][  0]LogConfig: Setting CVar [[r.SSR.HalfResSceneColor:0]]
[2023.08.05-09.15.52:074][  0]LogConfig: Setting CVar [[r.SceneColorFormat:4]]
[2023.08.05-09.15.52:074][  0]LogConfig: Setting CVar [[r.DetailMode:2]]
[2023.08.05-09.15.52:074][  0]LogConfig: Setting CVar [[r.TranslucencyVolumeBlur:1]]
[2023.08.05-09.15.52:074][  0]LogConfig: Setting CVar [[r.MaterialQualityLevel:1 ; High quality]]
[2023.08.05-09.15.52:074][  0]LogConfig: Setting CVar [[r.AnisotropicMaterials:1]]
[2023.08.05-09.15.52:074][  0]LogConfig: Setting CVar [[r.SSS.Scale:1]]
[2023.08.05-09.15.52:074][  0]LogConfig: Setting CVar [[r.SSS.SampleSet:2]]
[2023.08.05-09.15.52:074][  0]LogConfig: Setting CVar [[r.SSS.Quality:1]]
[2023.08.05-09.15.52:074][  0]LogConfig: Setting CVar [[r.SSS.HalfRes:0]]
[2023.08.05-09.15.52:074][  0]LogConfig: Setting CVar [[r.SSGI.Quality:3]]
[2023.08.05-09.15.52:074][  0]LogConfig: Setting CVar [[r.EmitterSpawnRateScale:1.0]]
[2023.08.05-09.15.52:074][  0]LogConfig: Setting CVar [[r.ParticleLightQuality:2]]
[2023.08.05-09.15.52:074][  0]LogConfig: Setting CVar [[r.SkyAtmosphere.AerialPerspectiveLUT.FastApplyOnOpaque:1 ; Always have FastSkyLUT 1 in this case to avoid wrong sky]]
[2023.08.05-09.15.52:074][  0]LogConfig: Setting CVar [[r.SkyAtmosphere.AerialPerspectiveLUT.SampleCountMaxPerSlice:4]]
[2023.08.05-09.15.52:074][  0]LogConfig: Setting CVar [[r.SkyAtmosphere.AerialPerspectiveLUT.DepthResolution:16.0]]
[2023.08.05-09.15.52:074][  0]LogConfig: Setting CVar [[r.SkyAtmosphere.FastSkyLUT:1]]
[2023.08.05-09.15.52:074][  0]LogConfig: Setting CVar [[r.SkyAtmosphere.FastSkyLUT.SampleCountMin:4.0]]
[2023.08.05-09.15.52:074][  0]LogConfig: Setting CVar [[r.SkyAtmosphere.FastSkyLUT.SampleCountMax:128.0]]
[2023.08.05-09.15.52:074][  0]LogConfig: Setting CVar [[r.SkyAtmosphere.SampleCountMin:4.0]]
[2023.08.05-09.15.52:074][  0]LogConfig: Setting CVar [[r.SkyAtmosphere.SampleCountMax:128.0]]
[2023.08.05-09.15.52:074][  0]LogConfig: Setting CVar [[r.SkyAtmosphere.TransmittanceLUT.UseSmallFormat:0]]
[2023.08.05-09.15.52:074][  0]LogConfig: Setting CVar [[r.SkyAtmosphere.TransmittanceLUT.SampleCount:10.0]]
[2023.08.05-09.15.52:074][  0]LogConfig: Setting CVar [[r.SkyAtmosphere.MultiScatteringLUT.SampleCount:15.0]]
[2023.08.05-09.15.52:074][  0]LogConfig: Setting CVar [[r.SkyLight.RealTimeReflectionCapture:1]]
[2023.08.05-09.15.52:074][  0]LogConfig: Applying CVar settings from Section [FoliageQuality@3] File [E:/Portfolio/Unreal/FPS_Game/Zombone/Saved/Config/Windows/Scalability.ini]
[2023.08.05-09.15.52:074][  0]LogConfig: Setting CVar [[foliage.DensityScale:1.0]]
[2023.08.05-09.15.52:074][  0]LogConfig: Setting CVar [[grass.DensityScale:1.0]]
[2023.08.05-09.15.52:074][  0]LogConfig: Applying CVar settings from Section [ShadingQuality@3] File [E:/Portfolio/Unreal/FPS_Game/Zombone/Saved/Config/Windows/Scalability.ini]
[2023.08.05-09.15.52:074][  0]LogConfig: Setting CVar [[r.HairStrands.SkyLighting.IntegrationType:2]]
[2023.08.05-09.15.52:074][  0]LogConfig: Setting CVar [[r.HairStrands.SkyAO.SampleCount:4]]
[2023.08.05-09.15.52:074][  0]LogConfig: Setting CVar [[r.HairStrands.Visibility.MSAA.SamplePerPixel:4]]
[2023.08.05-09.15.52:203][  0]LogInit: Selected Device Profile: [Windows]
[2023.08.05-09.15.52:222][  0]LogInit: Applying CVar settings loaded from the selected device profile: [Windows]
[2023.08.05-09.15.52:271][  0]LogHAL: Display: Platform has ~ 32 GB [34019524608 / 34359738368 / 32], which maps to Largest [LargestMinGB=32, LargerMinGB=12, DefaultMinGB=8, SmallerMinGB=6, SmallestMinGB=0)
[2023.08.05-09.15.52:271][  0]LogInit: Going up to parent DeviceProfile []
[2023.08.05-09.15.52:301][  0]LogConfig: Applying CVar settings from Section [ViewDistanceQuality@3] File [E:/Portfolio/Unreal/FPS_Game/Zombone/Saved/Config/Windows/Scalability.ini]
[2023.08.05-09.15.52:301][  0]LogConfig: Setting CVar [[r.SkeletalMeshLODBias:0]]
[2023.08.05-09.15.52:301][  0]LogConfig: Setting CVar [[r.ViewDistanceScale:1.0]]
[2023.08.05-09.15.52:301][  0]LogConfig: Applying CVar settings from Section [AntiAliasingQuality@3] File [E:/Portfolio/Unreal/FPS_Game/Zombone/Saved/Config/Windows/Scalability.ini]
[2023.08.05-09.15.52:301][  0]LogConfig: Setting CVar [[r.PostProcessAAQuality:4]]
[2023.08.05-09.15.52:301][  0]LogConfig: Applying CVar settings from Section [ShadowQuality@3] File [E:/Portfolio/Unreal/FPS_Game/Zombone/Saved/Config/Windows/Scalability.ini]
[2023.08.05-09.15.52:301][  0]LogConfig: Setting CVar [[r.LightFunctionQuality:1]]
[2023.08.05-09.15.52:301][  0]LogConfig: Setting CVar [[r.ShadowQuality:5]]
[2023.08.05-09.15.52:301][  0]LogConfig: Setting CVar [[r.Shadow.CSM.MaxCascades:10]]
[2023.08.05-09.15.52:301][  0]LogConfig: Setting CVar [[r.Shadow.MaxResolution:2048]]
[2023.08.05-09.15.52:301][  0]LogConfig: Setting CVar [[r.Shadow.MaxCSMResolution:2048]]
[2023.08.05-09.15.52:301][  0]LogConfig: Setting CVar [[r.Shadow.RadiusThreshold:0.01]]
[2023.08.05-09.15.52:301][  0]LogConfig: Setting CVar [[r.Shadow.DistanceScale:1.0]]
[2023.08.05-09.15.52:301][  0]LogConfig: Setting CVar [[r.Shadow.CSM.TransitionScale:1.0]]
[2023.08.05-09.15.52:301][  0]LogConfig: Setting CVar [[r.Shadow.PreShadowResolutionFactor:1.0]]
[2023.08.05-09.15.52:301][  0]LogConfig: Setting CVar [[r.DistanceFieldShadowing:1]]
[2023.08.05-09.15.52:301][  0]LogConfig: Setting CVar [[r.DistanceFieldAO:1]]
[2023.08.05-09.15.52:301][  0]LogConfig: Setting CVar [[r.AOQuality:2]]
[2023.08.05-09.15.52:301][  0]LogConfig: Setting CVar [[r.VolumetricFog:1]]
[2023.08.05-09.15.52:301][  0]LogConfig: Setting CVar [[r.VolumetricFog.GridPixelSize:8]]
[2023.08.05-09.15.52:301][  0]LogConfig: Setting CVar [[r.VolumetricFog.GridSizeZ:128]]
[2023.08.05-09.15.52:301][  0]LogConfig: Setting CVar [[r.VolumetricFog.HistoryMissSupersampleCount:4]]
[2023.08.05-09.15.52:301][  0]LogConfig: Setting CVar [[r.LightMaxDrawDistanceScale:1]]
[2023.08.05-09.15.52:301][  0]LogConfig: Setting CVar [[r.CapsuleShadows:1]]
[2023.08.05-09.15.52:301][  0]LogConfig: Applying CVar settings from Section [PostProcessQuality@3] File [E:/Portfolio/Unreal/FPS_Game/Zombone/Saved/Config/Windows/Scalability.ini]
[2023.08.05-09.15.52:301][  0]LogConfig: Setting CVar [[r.MotionBlurQuality:4]]
[2023.08.05-09.15.52:301][  0]LogConfig: Setting CVar [[r.AmbientOcclusionMipLevelFactor:0.4]]
[2023.08.05-09.15.52:301][  0]LogConfig: Setting CVar [[r.AmbientOcclusionMaxQuality:100]]
[2023.08.05-09.15.52:301][  0]LogConfig: Setting CVar [[r.AmbientOcclusionLevels:-1]]
[2023.08.05-09.15.52:301][  0]LogConfig: Setting CVar [[r.AmbientOcclusionRadiusScale:1.0]]
[2023.08.05-09.15.52:301][  0]LogConfig: Setting CVar [[r.DepthOfFieldQuality:2]]
[2023.08.05-09.15.52:301][  0]LogConfig: Setting CVar [[r.RenderTargetPoolMin:400]]
[2023.08.05-09.15.52:301][  0]LogConfig: Setting CVar [[r.LensFlareQuality:2]]
[2023.08.05-09.15.52:301][  0]LogConfig: Setting CVar [[r.SceneColorFringeQuality:1]]
[2023.08.05-09.15.52:301][  0]LogConfig: Setting CVar [[r.EyeAdaptationQuality:2]]
[2023.08.05-09.15.52:301][  0]LogConfig: Setting CVar [[r.BloomQuality:5]]
[2023.08.05-09.15.52:301][  0]LogConfig: Setting CVar [[r.FastBlurThreshold:100]]
[2023.08.05-09.15.52:301][  0]LogConfig: Setting CVar [[r.Upscale.Quality:3]]
[2023.08.05-09.15.52:301][  0]LogConfig: Setting CVar [[r.Tonemapper.GrainQuantization:1]]
[2023.08.05-09.15.52:301][  0]LogConfig: Setting CVar [[r.LightShaftQuality:1]]
[2023.08.05-09.15.52:301][  0]LogConfig: Setting CVar [[r.Filter.SizeScale:1]]
[2023.08.05-09.15.52:301][  0]LogConfig: Setting CVar [[r.Tonemapper.Quality:5]]
[2023.08.05-09.15.52:301][  0]LogConfig: Setting CVar [[r.DOF.Gather.AccumulatorQuality:1        ; higher gathering accumulator quality]]
[2023.08.05-09.15.52:301][  0]LogConfig: Setting CVar [[r.DOF.Gather.PostfilterMethod:1          ; Median3x3 postfilering method]]
[2023.08.05-09.15.52:301][  0]LogConfig: Setting CVar [[r.DOF.Gather.EnableBokehSettings:0       ; no bokeh simulation when gathering]]
[2023.08.05-09.15.52:301][  0]LogConfig: Setting CVar [[r.DOF.Gather.RingCount:4                 ; medium number of samples when gathering]]
[2023.08.05-09.15.52:301][  0]LogConfig: Setting CVar [[r.DOF.Scatter.ForegroundCompositing:1    ; additive foreground scattering]]
[2023.08.05-09.15.52:301][  0]LogConfig: Setting CVar [[r.DOF.Scatter.BackgroundCompositing:2    ; additive background scattering]]
[2023.08.05-09.15.52:301][  0]LogConfig: Setting CVar [[r.DOF.Scatter.EnableBokehSettings:1      ; bokeh simulation when scattering]]
[2023.08.05-09.15.52:301][  0]LogConfig: Setting CVar [[r.DOF.Scatter.MaxSpriteRatio:0.1         ; only a maximum of 10% of scattered bokeh]]
[2023.08.05-09.15.52:301][  0]LogConfig: Setting CVar [[r.DOF.Recombine.Quality:1                ; cheap slight out of focus]]
[2023.08.05-09.15.52:301][  0]LogConfig: Setting CVar [[r.DOF.Recombine.EnableBokehSettings:0    ; no bokeh simulation on slight out of focus]]
[2023.08.05-09.15.52:301][  0]LogConfig: Setting CVar [[r.DOF.TemporalAAQuality:1                ; more stable temporal accumulation]]
[2023.08.05-09.15.52:301][  0]LogConfig: Setting CVar [[r.DOF.Kernel.MaxForegroundRadius:0.025]]
[2023.08.05-09.15.52:301][  0]LogConfig: Setting CVar [[r.DOF.Kernel.MaxBackgroundRadius:0.025]]
[2023.08.05-09.15.52:301][  0]LogConfig: Applying CVar settings from Section [TextureQuality@3] File [E:/Portfolio/Unreal/FPS_Game/Zombone/Saved/Config/Windows/Scalability.ini]
[2023.08.05-09.15.52:301][  0]LogConfig: Setting CVar [[r.Streaming.MipBias:0]]
[2023.08.05-09.15.52:301][  0]LogConfig: Setting CVar [[r.Streaming.AmortizeCPUToGPUCopy:0]]
[2023.08.05-09.15.52:301][  0]LogConfig: Setting CVar [[r.Streaming.MaxNumTexturesToStreamPerFrame:0]]
[2023.08.05-09.15.52:301][  0]LogConfig: Setting CVar [[r.Streaming.Boost:1]]
[2023.08.05-09.15.52:301][  0]LogConfig: Setting CVar [[r.MaxAnisotropy:8]]
[2023.08.05-09.15.52:301][  0]LogConfig: Setting CVar [[r.VT.MaxAnisotropy:8]]
[2023.08.05-09.15.52:301][  0]LogConfig: Setting CVar [[r.Streaming.LimitPoolSizeToVRAM:0]]
[2023.08.05-09.15.52:301][  0]LogConfig: Setting CVar [[r.Streaming.PoolSize:1000]]
[2023.08.05-09.15.52:301][  0]LogConfig: Setting CVar [[r.Streaming.MaxEffectiveScreenSize:0]]
[2023.08.05-09.15.52:301][  0]LogConfig: Applying CVar settings from Section [EffectsQuality@3] File [E:/Portfolio/Unreal/FPS_Game/Zombone/Saved/Config/Windows/Scalability.ini]
[2023.08.05-09.15.52:301][  0]LogConfig: Setting CVar [[r.TranslucencyLightingVolumeDim:64]]
[2023.08.05-09.15.52:301][  0]LogConfig: Setting CVar [[r.RefractionQuality:2]]
[2023.08.05-09.15.52:301][  0]LogConfig: Setting CVar [[r.SSR.Quality:3]]
[2023.08.05-09.15.52:301][  0]LogConfig: Setting CVar [[r.SSR.HalfResSceneColor:0]]
[2023.08.05-09.15.52:301][  0]LogConfig: Setting CVar [[r.SceneColorFormat:4]]
[2023.08.05-09.15.52:301][  0]LogConfig: Setting CVar [[r.DetailMode:2]]
[2023.08.05-09.15.52:302][  0]LogConfig: Setting CVar [[r.TranslucencyVolumeBlur:1]]
[2023.08.05-09.15.52:302][  0]LogConfig: Setting CVar [[r.MaterialQualityLevel:1 ; High quality]]
[2023.08.05-09.15.52:302][  0]LogConfig: Setting CVar [[r.AnisotropicMaterials:1]]
[2023.08.05-09.15.52:302][  0]LogConfig: Setting CVar [[r.SSS.Scale:1]]
[2023.08.05-09.15.52:302][  0]LogConfig: Setting CVar [[r.SSS.SampleSet:2]]
[2023.08.05-09.15.52:302][  0]LogConfig: Setting CVar [[r.SSS.Quality:1]]
[2023.08.05-09.15.52:302][  0]LogConfig: Setting CVar [[r.SSS.HalfRes:0]]
[2023.08.05-09.15.52:302][  0]LogConfig: Setting CVar [[r.SSGI.Quality:3]]
[2023.08.05-09.15.52:302][  0]LogConfig: Setting CVar [[r.EmitterSpawnRateScale:1.0]]
[2023.08.05-09.15.52:302][  0]LogConfig: Setting CVar [[r.ParticleLightQuality:2]]
[2023.08.05-09.15.52:302][  0]LogConfig: Setting CVar [[r.SkyAtmosphere.AerialPerspectiveLUT.FastApplyOnOpaque:1 ; Always have FastSkyLUT 1 in this case to avoid wrong sky]]
[2023.08.05-09.15.52:302][  0]LogConfig: Setting CVar [[r.SkyAtmosphere.AerialPerspectiveLUT.SampleCountMaxPerSlice:4]]
[2023.08.05-09.15.52:302][  0]LogConfig: Setting CVar [[r.SkyAtmosphere.AerialPerspectiveLUT.DepthResolution:16.0]]
[2023.08.05-09.15.52:302][  0]LogConfig: Setting CVar [[r.SkyAtmosphere.FastSkyLUT:1]]
[2023.08.05-09.15.52:302][  0]LogConfig: Setting CVar [[r.SkyAtmosphere.FastSkyLUT.SampleCountMin:4.0]]
[2023.08.05-09.15.52:302][  0]LogConfig: Setting CVar [[r.SkyAtmosphere.FastSkyLUT.SampleCountMax:128.0]]
[2023.08.05-09.15.52:302][  0]LogConfig: Setting CVar [[r.SkyAtmosphere.SampleCountMin:4.0]]
[2023.08.05-09.15.52:302][  0]LogConfig: Setting CVar [[r.SkyAtmosphere.SampleCountMax:128.0]]
[2023.08.05-09.15.52:302][  0]LogConfig: Setting CVar [[r.SkyAtmosphere.TransmittanceLUT.UseSmallFormat:0]]
[2023.08.05-09.15.52:302][  0]LogConfig: Setting CVar [[r.SkyAtmosphere.TransmittanceLUT.SampleCount:10.0]]
[2023.08.05-09.15.52:302][  0]LogConfig: Setting CVar [[r.SkyAtmosphere.MultiScatteringLUT.SampleCount:15.0]]
[2023.08.05-09.15.52:302][  0]LogConfig: Setting CVar [[r.SkyLight.RealTimeReflectionCapture:1]]
[2023.08.05-09.15.52:302][  0]LogConfig: Applying CVar settings from Section [FoliageQuality@3] File [E:/Portfolio/Unreal/FPS_Game/Zombone/Saved/Config/Windows/Scalability.ini]
[2023.08.05-09.15.52:302][  0]LogConfig: Setting CVar [[foliage.DensityScale:1.0]]
[2023.08.05-09.15.52:302][  0]LogConfig: Setting CVar [[grass.DensityScale:1.0]]
[2023.08.05-09.15.52:302][  0]LogConfig: Applying CVar settings from Section [ShadingQuality@3] File [E:/Portfolio/Unreal/FPS_Game/Zombone/Saved/Config/Windows/Scalability.ini]
[2023.08.05-09.15.52:302][  0]LogConfig: Setting CVar [[r.HairStrands.SkyLighting.IntegrationType:2]]
[2023.08.05-09.15.52:302][  0]LogConfig: Setting CVar [[r.HairStrands.SkyAO.SampleCount:4]]
[2023.08.05-09.15.52:302][  0]LogConfig: Setting CVar [[r.HairStrands.Visibility.MSAA.SamplePerPixel:4]]
[2023.08.05-09.15.52:302][  0]LogConfig: Applying CVar settings from Section [Startup] File [../../../Engine/Config/ConsoleVariables.ini]
[2023.08.05-09.15.52:328][  0]LogConfig: Setting CVar [[net.UseAdaptiveNetUpdateFrequency:0]]
[2023.08.05-09.15.52:328][  0]LogConfig: Setting CVar [[p.chaos.AllowCreatePhysxBodies:1]]
[2023.08.05-09.15.52:328][  0]LogConfig: Setting CVar [[fx.SkipVectorVMBackendOptimizations:1]]
[2023.08.05-09.15.52:328][  0]LogConfig: Applying CVar settings from Section [ConsoleVariables] File [E:/Portfolio/Unreal/FPS_Game/Zombone/Saved/Config/Windows/Engine.ini]
[2023.08.05-09.15.52:328][  0]LogConfig: Applying CVar settings from Section [ConsoleVariables] File [E:/Portfolio/Unreal/FPS_Game/Zombone/Saved/Config/Windows/Editor.ini]
[2023.08.05-09.15.52:336][  0]LogInit: Computer: DESKTOP-J6VGNOD
[2023.08.05-09.15.52:336][  0]LogInit: User: timve
[2023.08.05-09.15.52:336][  0]LogInit: CPU Page size=4096, Cores=6
[2023.08.05-09.15.52:336][  0]LogInit: High frequency timer resolution =10.000000 MHz
[2023.08.05-09.15.52:364][  0]LogMemory: Memory total: Physical=31.7GB (32GB approx)
[2023.08.05-09.15.52:364][  0]LogMemory: Platform Memory Stats for Windows
[2023.08.05-09.15.52:364][  0]LogMemory: Process Physical Memory: 137.98 MB used, 137.98 MB peak
[2023.08.05-09.15.52:364][  0]LogMemory: Process Virtual Memory: 111.11 MB used, 111.11 MB peak
[2023.08.05-09.15.52:364][  0]LogMemory: Physical Memory: 9381.43 MB used,  23062.11 MB free, 32443.55 MB total
[2023.08.05-09.15.52:364][  0]LogMemory: Virtual Memory: 134192016.00 MB used,  25710.94 MB free, 134217728.00 MB total
[2023.08.05-09.15.52:387][  0]LogWindows: WindowsPlatformFeatures enabled
[2023.08.05-09.15.58:155][  0]LogInit: Physics initialised using underlying interface: PhysX
[2023.08.05-09.15.58:155][  0]LogInit: Using OS detected language (en-US).
[2023.08.05-09.15.58:155][  0]LogInit: Using OS detected locale (nl-BE).
[2023.08.05-09.15.59:129][  0]LogTextLocalizationManager: No specific localization for 'en-US' exists, so the 'en' localization will be used.
[2023.08.05-09.16.25:111][  0]LogTargetPlatformManager: Display: Loaded TargetPlatform 'AllDesktop'
[2023.08.05-09.16.25:452][  0]LogTargetPlatformManager: Display: Loaded TargetPlatform 'Android'
[2023.08.05-09.16.25:452][  0]LogTargetPlatformManager: Display: Loaded TargetPlatform 'Android_ASTC'
[2023.08.05-09.16.25:452][  0]LogTargetPlatformManager: Display: Loaded TargetPlatform 'Android_DXT'
[2023.08.05-09.16.25:452][  0]LogTargetPlatformManager: Display: Loaded TargetPlatform 'Android_ETC2'
[2023.08.05-09.16.25:452][  0]LogTargetPlatformManager: Display: Loaded TargetPlatform 'AndroidClient'
[2023.08.05-09.16.25:452][  0]LogTargetPlatformManager: Display: Loaded TargetPlatform 'Android_ASTCClient'
[2023.08.05-09.16.25:452][  0]LogTargetPlatformManager: Display: Loaded TargetPlatform 'Android_DXTClient'
[2023.08.05-09.16.25:452][  0]LogTargetPlatformManager: Display: Loaded TargetPlatform 'Android_ETC2Client'
[2023.08.05-09.16.25:452][  0]LogTargetPlatformManager: Display: Loaded TargetPlatform 'Android_Multi'
[2023.08.05-09.16.25:452][  0]LogTargetPlatformManager: Display: Loaded TargetPlatform 'Android_MultiClient'
[2023.08.05-09.16.25:680][  0]LogTargetPlatformManager: Display: Loaded TargetPlatform 'IOSClient'
[2023.08.05-09.16.25:680][  0]LogTargetPlatformManager: Display: Loaded TargetPlatform 'IOS'
[2023.08.05-09.16.25:817][  0]LogTargetPlatformManager: Display: Loaded TargetPlatform 'Linux'
[2023.08.05-09.16.25:876][  0]LogTargetPlatformManager: Display: Loaded TargetPlatform 'LinuxNoEditor'
[2023.08.05-09.16.26:016][  0]LogTargetPlatformManager: Display: Loaded TargetPlatform 'LinuxClient'
[2023.08.05-09.16.26:130][  0]LogTargetPlatformManager: Display: Loaded TargetPlatform 'LinuxServer'
[2023.08.05-09.16.26:242][  0]LogTargetPlatformManager: Display: Loaded TargetPlatform 'LinuxAArch64NoEditor'
[2023.08.05-09.16.26:277][  0]LogTargetPlatformManager: Display: Loaded TargetPlatform 'LinuxAArch64Client'
[2023.08.05-09.16.26:416][  0]LogTargetPlatformManager: Display: Loaded TargetPlatform 'LinuxAArch64Server'
[2023.08.05-09.16.26:543][  0]LogTargetPlatformManager: Display: Loaded TargetPlatform 'Lumin'
[2023.08.05-09.16.26:543][  0]LogTargetPlatformManager: Display: Loaded TargetPlatform 'LuminClient'
[2023.08.05-09.16.26:661][  0]LogTargetPlatformManager: Display: Loaded TargetPlatform 'MacNoEditor'
[2023.08.05-09.16.26:702][  0]LogTargetPlatformManager: Display: Loaded TargetPlatform 'Mac'
[2023.08.05-09.16.26:856][  0]LogTargetPlatformManager: Display: Loaded TargetPlatform 'MacClient'
[2023.08.05-09.16.26:968][  0]LogTargetPlatformManager: Display: Loaded TargetPlatform 'MacServer'
[2023.08.05-09.16.27:049][  0]LogTargetPlatformManager: Display: Loaded TargetPlatform 'TVOSClient'
[2023.08.05-09.16.27:049][  0]LogTargetPlatformManager: Display: Loaded TargetPlatform 'TVOS'
[2023.08.05-09.16.27:157][  0]LogTargetPlatformManager: Display: Loaded TargetPlatform 'WindowsNoEditor'
[2023.08.05-09.16.27:205][  0]LogTargetPlatformManager: Display: Loaded TargetPlatform 'Windows'
[2023.08.05-09.16.27:331][  0]LogTargetPlatformManager: Display: Loaded TargetPlatform 'WindowsClient'
[2023.08.05-09.16.27:480][  0]LogTargetPlatformManager: Display: Loaded TargetPlatform 'WindowsServer'
[2023.08.05-09.16.27:480][  0]LogTargetPlatformManager: Display: Building Assets For Windows
[2023.08.05-09.16.28:099][  0]LogAudioDebug: Display: Lib vorbis DLL was dynamically loaded.
[2023.08.05-09.16.29:716][  0]LogTextureFormatOodle: Display: Oodle Texture 2.9.0 init RDO Off
[2023.08.05-09.16.35:796][  0]LogRendererCore: Ray tracing is disabled. Reason: r.RayTracing=0.
[2023.08.05-09.16.36:421][  0]LogDerivedDataCache: Display: Max Cache Size: 512 MB
[2023.08.05-09.16.36:421][  0]LogDerivedDataCache: Display: Starting with empty Boot cache
[2023.08.05-09.16.36:421][  0]LogDerivedDataCache: FDerivedDataBackendGraph:  Pak pak cache file E:/Portfolio/Unreal/FPS_Game/Zombone/DerivedDataCache/DDC.ddp not found, will not use a pak cache.
[2023.08.05-09.16.36:421][  0]LogDerivedDataCache: Unable to find inner node Pak for hierarchical cache Hierarchy.
[2023.08.05-09.16.37:023][  0]LogDerivedDataCache: Speed tests for ../../../Engine/DerivedDataCache took 0.60 seconds
[2023.08.05-09.16.37:023][  0]LogDerivedDataCache: Display: Performance to ../../../Engine/DerivedDataCache: Latency=5.74ms. RandomReadSpeed=3.10MBs, RandomWriteSpeed=3.99MBs. Assigned SpeedClass 'Fast'
[2023.08.05-09.16.37:024][  0]LogDerivedDataCache: Using Local data cache path ../../../Engine/DerivedDataCache: Writable
[2023.08.05-09.16.37:559][  0]LogAssetRegistry: FAssetRegistry took 0.1666 seconds to start up
[2023.08.05-09.16.48:112][  0]LogInit: Selected Device Profile: [Windows]
[2023.08.05-09.16.48:112][  0]LogInit: Active device profile: [000001C7A417ED00][000001C7A18141C0 49] Windows
[2023.08.05-09.16.48:112][  0]LogInit: Profiles: [000001C7A417ED00][000001C7A18141C0 49] Windows, [000001C7A411E800][000001C7A1900340 49] WindowsNoEditor, [000001C7A417D100][000001C7A18F6480 49] WindowsServer, [000001C7A411E900][000001C7A19045C0 49] WindowsClient, [000001C7A417E800][000001C793D50700 49] IOS, [000001C7A417D200][000001C793D54840 49] iPadAir, [000001C7A4106100][000001C793D5C9C0 49] iPadAir2, [000001C7A40C4D00][000001C793D6AC80 49] IPadPro, [000001C7A40C4E00][000001C793D60CC0 49] iPadAir3, [000001C7A4104600][000001C79BFF0E40 49] iPadAir4, [000001C7A40C4200][000001C79BFF4FC0 49] iPadMini2, [000001C7A4107800][000001C79BFF9140 49] iPadMini3, [000001C7A40C6E00][000001C79BFFD2C0 49] iPadMini4, [000001C7A4106000][000001C79C001440 49] iPadMini5, [000001C7A411FD00][000001C79C009700 49] iPhone6, [000001C7A411FC00][000001C79C005740 49] iPodTouch6, [000001C7A40C4900][000001C7A16F7A00 49] iPhone7, [000001C7A40C7600][000001C79C00DA40 49] iPodTouch7, [000001C7A411D600][000001C7A16FBBC0 49] iPhone5S, [000001C7A40C5600][000001C7A16FE1C0 49] iPhone6Plus, [000001C7A411F400][000001C7A1702340 49] iPhone6S, [000001C7A40C5400][000001C7A17064C0 49] iPhone6SPlus, [000001C7A411E300][000001C793D58600 49] iPhone7Plus, [000001C7A40C6100][000001C7A170A740 49] iPhoneSE, [000001C7A411E500][000001C7A170E880 49] iPhone8, [000001C7A40C4B00][000001C7A17129C0 49] iPhone8Plus, [000001C7A411C900][000001C7A171AB40 49] iPhoneX, [000001C7A40C6800][000001C7A171ECC0 49] iPhoneXS, [000001C7A411C200][000001C7A1722E40 49] iPhoneXSMax, [000001C7A40C4100][000001C7A1726FC0 49] iPhoneXR, [000001C7A411F500][000001C7A172B140 49] iPhone11, [000001C7A40C7100][000001C7A2DC52C0 49] iPhone11Pro, [000001C7A411F900][000001C7A2DC9440 49] iPhone11ProMax, [000001C7A40C7D00][000001C7A2DCD5C0 49] iPhoneSE2, [000001C7A411FB00][000001C7A2DD1740 49] iPhone12Mini, [000001C7A40C6F00][000001C7A2DD58C0 49] iPhone12, [000001C7A411CD00][000001C7A2DD9A40 49] iPhone12Pro, [000001C7A40C6900][000001C7A2DDDBC0 49] iPhone12ProMax, [000001C7A411C400][000001C7A2DE01C0 49] iPadPro105, [000001C7A40C6500][000001C7A2DE4340 49] iPadPro129, [000001C7A411C100][000001C7A2DE84C0 49] iPadPro97, [000001C7A40C6700][000001C7A2DEC640 49] iPadPro2_129, [000001C7A411C600][000001C7A2DF07C0 49] iPad5, [000001C7A40C6C00][000001C7A1716900 49] iPad6, [000001C7A411CE00][000001C7A2DF4A40 49] iPad7, [000001C7A40C5500][000001C7A2DF8B80 49] iPad8, [000001C7A411F700][000001C7A2E00D00 49] iPadPro11, [000001C7A40C7C00][000001C7A2E04E80 49] iPadPro2_11, [000001C7A411F200][000001C7A2E09000 49] iPadPro3_129, [000001C7A40C6200][000001C7A2E0D180 49] iPadPro4_129, [000001C7A411DF00][000001C7A2E11300 49] AppleTV, [000001C7A40C5A00][000001C7A2E15480 49] AppleTV4K, [000001C7A411DA00][000001C7A2E19600 49] TVOS, [000001C7A40C4F00][000001C7A2E1D780 49] Mac, [000001C7A411E200][000001C7A2E21900 49] MacClient, [000001C7A40C5700][000001C7A2E25A80 49] MacNoEditor, [000001C7A411FE00][000001C7A2E29C00 49] MacServer, [000001C7A40C7400][000001C7A2E2C200 49] Linux, [000001C7A411EB00][000001C7A2E30380 49] LinuxAArch64, [000001C7A40C7200][000001C7A2E34500 49] LinuxNoEditor, [000001C7A411F000][000001C7A2E38680 49] LinuxAArch64NoEditor, [000001C7A40C5E00][000001C7A2E3C800 49] LinuxClient, [000001C7A411F600][000001C7A4E50980 49] LinuxAArch64Client, [000001C7A40C4300][000001C7A2DFCAC0 49] LinuxServer, [000001C7A411D200][000001C7A4E54C00 49] LinuxAArch64Server, [000001C7A40C6000][000001C7A4E58D40 49] Android, [000001C7A4104200][000001C7A4E60EC0 49] Android_Low, [000001C7A417DE00][000001C7A4E65040 49] Android_Mid, [000001C7A4107000][000001C7A4E691C0 49] Android_High, [000001C7A417E900][000001C7A4E6D340 49] Android_Default, [000001C7A4105700][000001C7A4E714C0 49] Android_Adreno4xx, [000001C7A417C700][000001C7A4E75640 49] Android_Adreno5xx_Low, [000001C7A4104D00][000001C7A4E797C0 49] Android_Adreno5xx, [000001C7A417D300][000001C7A4E7D940 49] Android_Adreno6xx, [000001C7A4105000][000001C7A4E81AC0 49] Android_Adreno6xx_Vulkan, [000001C7A417C100][000001C7A4E840C0 49] Android_Mali_T6xx, [000001C7A4106E00][000001C7A4E88240 49] Android_Mali_T7xx, [000001C7A417E500][000001C7A4E8C3C0 49] Android_Mali_T8xx, [000001C7A4107E00][000001C7A4E90540 49] Android_Mali_G71, [000001C7A417F000][000001C7A4E946C0 49] Android_Mali_G72, [000001C7A4107500][000001C7A4E98840 49] Android_Mali_G72_Vulkan, [000001C7A417CB00][000001C7A4E9C9C0 49] Android_Mali_G76, [000001C7A4104C00][000001C7A4EA0B40 49] Android_Mali_G76_Vulkan, [000001C7A417EB00][000001C7A4E5CC80 49] Android_Mali_G77, [000001C7A4105600][000001C7A4EA4DC0 49] Android_Mali_G77_Vulkan, [000001C7A417E100][000001C7A4EA8F00 49] Android_Mali_G78, [000001C7A4107600][000001C7A4EAD040 49] Android_Mali_G78_Vulkan, [000001C7A417D600][000001C7A4EB51C0 49] Android_Mali_G710, [000001C7A4104F00][000001C7A4EB9340 49] Android_Mali_G710_Vulkan, [000001C7A417D700][000001C7A4EBD4C0 49] Android_Vulkan_SM5, [000001C7A4106600][000001C7A4EC1640 49] Android_PowerVR_G6xxx, [000001C7A417C600][000001C7A4EC57C0 49] Android_PowerVR_GT7xxx, [000001C7A4106500][000001C7A4EC9940 49] Android_PowerVR_GE8xxx, [000001C7A417EC00][000001C7A4ECDAC0 49] Android_PowerVR_GM9xxx, [000001C7A40C7300][000001C7A4ED00C0 49] Android_PowerVR_GM9xxx_Vulkan, [000001C7A417DC00][000001C7A4ED4240 49] Android_TegraK1, [000001C7A40C4800][000001C7A4ED83C0 49] Android_Unknown_Vulkan, [000001C7A417C900][000001C7A4EDC540 49] Lumin, [000001C7A40C5000][000001C7A4EE06C0 49] Lumin_Desktop, [000001C7A417F200][000001C7A4EE4840 49] HoloLens, 
[2023.08.05-09.16.53:553][  0]LogMeshReduction: Using QuadricMeshReduction for automatic static mesh reduction
[2023.08.05-09.16.53:553][  0]LogMeshReduction: Using SimplygonMeshReduction for automatic skeletal mesh reduction
[2023.08.05-09.16.53:553][  0]LogMeshReduction: Using ProxyLODMeshReduction for automatic mesh merging
[2023.08.05-09.16.53:553][  0]LogMeshReduction: No distributed automatic mesh merging module available
[2023.08.05-09.16.53:642][  0]LogMeshMerging: No distributed automatic mesh merging module available
[2023.08.05-09.16.54:821][  0]LogNetVersion: Zombone 1.0.0, NetCL: 17155196, EngineNetVer: 17, GameNetVer: 0 (Checksum: 1748673324)
[2023.08.05-09.17.22:227][  0]LogHMD: PokeAHoleMaterial loaded successfully
