Log file open, 10/10/22 19:29:01
LogWindows: Failed to load 'aqProf.dll' (GetLastError=126)
LogWindows: File 'aqProf.dll' does not exist
LogWindows: Failed to load 'VtuneApi.dll' (GetLastError=126)
LogWindows: File 'VtuneApi.dll' does not exist
LogWindows: Failed to load 'VtuneApi32e.dll' (GetLastError=126)
LogWindows: File 'VtuneApi32e.dll' does not exist
LogConsoleResponse: Display: Failed to find resolution value strings in scalability ini. Falling back to default.
LogConsoleResponse: Display: Failed to find resolution value strings in scalability ini. Falling back to default.
LogInit: Display: Running engine for game: Zombone
LogPlatformFile: Not using cached read wrapper
LogTaskGraph: Started task graph with 5 named threads and 23 total threads with 3 sets of task threads.
LogStats: Stats thread started at 0.376476
LogICUInternationalization: ICU TimeZone Detection - Raw Offset: +1:00, Platform Override: ''
LogInit: Display: Loading text-based GConfig....
LogPluginManager: Mounting plugin MeshPainting
LogPluginManager: Mounting plugin XGEController
LogPluginManager: Mounting plugin AISupport
LogPluginManager: Mounting plugin Paper2D
LogPluginManager: Mounting plugin EnvironmentQueryEditor
LogPluginManager: Mounting plugin CameraShakePreviewer
LogPluginManager: Mounting plugin GameplayCameras
LogPluginManager: Mounting plugin LiveLink
LogPluginManager: Mounting plugin OodleData
LogPluginManager: Mounting plugin OodleNetwork
LogPluginManager: Mounting plugin DatasmithContent
LogPluginManager: Mounting plugin AnimationSharing
LogPluginManager: Mounting plugin CLionSourceCodeAccess
LogPluginManager: Mounting plugin AlembicImporter
LogPluginManager: Mounting plugin AutomationUtils
LogPluginManager: Mounting plugin BackChannel
LogPluginManager: Mounting plugin ChaosCloth
LogPluginManager: Mounting plugin ChaosEditor
LogPluginManager: Mounting plugin ChaosClothEditor
LogPluginManager: Mounting plugin ChaosSolverPlugin
LogPluginManager: Mounting plugin ChaosNiagara
LogPluginManager: Mounting plugin CharacterAI
LogPluginManager: Mounting plugin GeometryCache
LogPluginManager: Mounting plugin GeometryCollectionPlugin
LogPluginManager: Mounting plugin LuminPlatformFeatures
LogPluginManager: Mounting plugin MagicLeap
LogPluginManager: Mounting plugin GeometryProcessing
LogPluginManager: Mounting plugin LightPropagationVolume
LogPluginManager: Mounting plugin MagicLeapLightEstimation
LogPluginManager: Mounting plugin MagicLeapMedia
LogPluginManager: Mounting plugin MagicLeapPassableWorld
LogPluginManager: Mounting plugin MotoSynth
LogPluginManager: Mounting plugin OpenImageDenoise
LogPluginManager: Mounting plugin MLSDK
LogPluginManager: Mounting plugin PlanarCut
LogPluginManager: Mounting plugin PlatformCrypto
LogPluginManager: Mounting plugin ProxyLODPlugin
LogPluginManager: Mounting plugin PythonScriptPlugin
LogPluginManager: Mounting plugin AssetManagerEditor
LogPluginManager: Mounting plugin SkeletalReduction
LogPluginManager: Mounting plugin CryptoKeys
LogPluginManager: Mounting plugin CurveEditorTools
LogPluginManager: Mounting plugin DataValidation
LogPluginManager: Mounting plugin FacialAnimation
LogPluginManager: Mounting plugin GameplayTagsEditor
LogPluginManager: Mounting plugin GeometryMode
LogPluginManager: Mounting plugin VariantManagerContent
LogPluginManager: Mounting plugin MacGraphicsSwitching
LogPluginManager: Mounting plugin MaterialAnalyzer
LogPluginManager: Mounting plugin MobileLauncherProfileWizard
LogPluginManager: Mounting plugin SpeedTreeImporter
LogPluginManager: Mounting plugin PluginBrowser
LogPluginManager: Mounting plugin AndroidMedia
LogPluginManager: Mounting plugin AvfMedia
LogPluginManager: Mounting plugin ImgMedia
LogPluginManager: Mounting plugin MediaCompositing
LogPluginManager: Mounting plugin MediaPlayerEditor
LogPluginManager: Mounting plugin WebMMedia
LogPluginManager: Mounting plugin WmfMedia
LogPluginManager: Mounting plugin UdpMessaging
LogPluginManager: Mounting plugin TcpMessaging
LogPluginManager: Mounting plugin ActorSequence
LogPluginManager: Mounting plugin LevelSequenceEditor
LogPluginManager: Mounting plugin MatineeToLevelSequence
LogPluginManager: Mounting plugin OnlineSubsystem
LogPluginManager: Mounting plugin TemplateSequence
LogPluginManager: Mounting plugin OnlineSubsystemNull
LogPluginManager: Mounting plugin OnlineSubsystemUtils
LogPluginManager: Mounting plugin LauncherChunkInstaller
LogPluginManager: Mounting plugin ActorLayerUtilities
LogPluginManager: Mounting plugin ScreenshotTools
LogPluginManager: Mounting plugin AndroidMoviePlayer
LogPluginManager: Mounting plugin AndroidDeviceProfileSelector
LogPluginManager: Mounting plugin AndroidPermission
LogPluginManager: Mounting plugin AppleImageUtils
LogPluginManager: Mounting plugin AppleMoviePlayer
LogPluginManager: Mounting plugin AssetTags
LogPluginManager: Mounting plugin ArchVisCharacter
LogPluginManager: Mounting plugin AudioCapture
LogPluginManager: Mounting plugin AudioSynesthesia
LogPluginManager: Mounting plugin CableComponent
LogPluginManager: Mounting plugin ChunkDownloader
LogPluginManager: Mounting plugin CustomMeshComponent
LogPluginManager: Mounting plugin EditableMesh
LogPluginManager: Mounting plugin ExampleDeviceProfileSelector
LogPluginManager: Mounting plugin GoogleCloudMessaging
LogPluginManager: Mounting plugin GooglePAD
LogPluginManager: Mounting plugin IOSDeviceProfileSelector
LogPluginManager: Mounting plugin LinuxDeviceProfileSelector
LogPluginManager: Mounting plugin LocationServicesBPLibrary
LogPluginManager: Mounting plugin MobilePatchingUtils
LogPluginManager: Mounting plugin Takes
LogPluginManager: Mounting plugin OpenXR
LogPluginManager: Mounting plugin OpenXREyeTracker
LogPluginManager: Mounting plugin OpenXRHandTracking
LogPluginManager: Mounting plugin PhysXVehicles
LogPluginManager: Mounting plugin PostSplashScreen
LogPluginManager: Mounting plugin ProceduralMeshComponent
LogPluginManager: Mounting plugin PropertyAccessEditor
LogPluginManager: Mounting plugin RuntimePhysXCooking
LogPluginManager: Mounting plugin SignificanceManager
LogPluginManager: Mounting plugin SoundFields
LogPluginManager: Mounting plugin Synthesis
LogPluginManager: Mounting plugin WebMMoviePlayer
LogPluginManager: Mounting plugin WindowsMoviePlayer
LogPluginManager: Mounting plugin CodeLiteSourceCodeAccess
LogPluginManager: Mounting plugin KDevelopSourceCodeAccess
LogPluginManager: Mounting plugin GitSourceControl
LogPluginManager: Mounting plugin NullSourceCodeAccess
LogPluginManager: Mounting plugin PerforceSourceControl
LogPluginManager: Mounting plugin PixWinPlugin
LogPluginManager: Mounting plugin PlasticSourceControl
LogPluginManager: Mounting plugin PluginUtils
LogPluginManager: Mounting plugin PropertyAccessNode
LogPluginManager: Mounting plugin RiderSourceCodeAccess
LogPluginManager: Mounting plugin SubversionSourceControl
LogPluginManager: Mounting plugin TextureFormatOodle
LogPluginManager: Mounting plugin UObjectPlugin
LogPluginManager: Mounting plugin VisualStudioCodeSourceCodeAccess
LogPluginManager: Mounting plugin VisualStudioSourceCodeAccess
LogPluginManager: Mounting plugin XCodeSourceCodeAccess
LogPluginManager: Mounting plugin Niagara
LogPluginManager: Mounting plugin ContentBrowserAssetDataSource
LogPluginManager: Mounting plugin ContentBrowserClassDataSource
LogPluginManager: Mounting plugin ContentBrowserFileDataSource
LogPluginManager: Mounting plugin OnlineSubsystemGooglePlay
LogPluginManager: Mounting plugin OnlineSubsystemIOS
LogPluginManager: Mounting plugin OculusVR
LogPluginManager: Mounting plugin SteamVR
LogInit: Using libcurl 7.55.1-DEV
LogInit:  - built for x86_64-pc-win32
LogInit:  - supports SSL with OpenSSL/1.1.1
LogInit:  - supports HTTP deflate (compression) using libz 1.2.8
LogInit:  - other features:
LogInit:      CURL_VERSION_SSL
LogInit:      CURL_VERSION_LIBZ
LogInit:      CURL_VERSION_IPV6
LogInit:      CURL_VERSION_ASYNCHDNS
LogInit:      CURL_VERSION_LARGEFILE
LogInit:      CURL_VERSION_IDN
LogInit:  CurlRequestOptions (configurable via config and command line):
LogInit:  - bVerifyPeer = true  - Libcurl will verify peer certificate
LogInit:  - bUseHttpProxy = false  - Libcurl will NOT use HTTP proxy
LogInit:  - bDontReuseConnections = false  - Libcurl will reuse connections
LogInit:  - MaxHostConnections = 16  - Libcurl will limit the number of connections to a host
LogInit:  - LocalHostAddr = Default
LogInit:  - BufferSize = 65536
LogOnline: OSS: Creating online subsystem instance for: NULL
LogInit: WinSock: version 1.1 (2.2), MaxSocks=32767, MaxUdp=65467
LogOnline: OSS: TryLoadSubsystemAndSetDefault: Loaded subsystem for module [NULL]
PixWinPlugin: PIX capture plugin failed to initialize! Check that the process is launched from PIX.
LogOculusPluginWrapper: OculusPlugin initialized successfully
LogHMD: Failed initializing OVRPlugin 1.59.0
LogInit: Build: ++UE4+Release-4.27-CL-18319896
LogInit: Engine Version: 4.27.2-18319896+++UE4+Release-4.27
LogInit: Compatible Engine Version: 4.27.0-17155196+++UE4+Release-4.27
LogInit: Net CL: 17155196
LogInit: OS: Windows 10 (Release 2009) (), CPU: Intel(R) Core(TM) i5-9300H CPU @ 2.40GHz, GPU: NVIDIA GeForce RTX 2060
LogInit: Compiled (64-bit): Nov 30 2021 07:12:08
LogInit: Compiled with Visual C++: 19.24.28315.00
LogInit: Build Configuration: Development
LogInit: Branch Name: ++UE4+Release-4.27
LogInit: Command Line:  -skipcompile
LogInit: Base Directory: D:/Epic/UE_4.27/Engine/Binaries/Win64/
LogInit: Allocator: TBB
LogInit: Installed Engine Build: 1
LogDevObjectVersion: Number of dev versions registered: 29
LogDevObjectVersion:   Dev-Blueprints (B0D832E4-1F89-4F0D-ACCF-7EB736FD4AA2): 10
LogDevObjectVersion:   Dev-Build (E1C64328-A22C-4D53-A36C-8E866417BD8C): 0
LogDevObjectVersion:   Dev-Core (375EC13C-06E4-48FB-B500-84F0262A717E): 4
LogDevObjectVersion:   Dev-Editor (E4B068ED-F494-42E9-A231-DA0B2E46BB41): 40
LogDevObjectVersion:   Dev-Framework (CFFC743F-43B0-4480-9391-14DF171D2073): 37
LogDevObjectVersion:   Dev-Mobile (B02B49B5-BB20-44E9-A304-32B752E40360): 3
LogDevObjectVersion:   Dev-Networking (A4E4105C-59A1-49B5-A7C5-40C4547EDFEE): 0
LogDevObjectVersion:   Dev-Online (39C831C9-5AE6-47DC-9A44-9C173E1C8E7C): 0
LogDevObjectVersion:   Dev-Physics (78F01B33-EBEA-4F98-B9B4-84EACCB95AA2): 14
LogDevObjectVersion:   Dev-Platform (6631380F-2D4D-43E0-8009-CF276956A95A): 0
LogDevObjectVersion:   Dev-Rendering (12F88B9F-8875-4AFC-A67C-D90C383ABD29): 45
LogDevObjectVersion:   Dev-Sequencer (7B5AE74C-D270-4C10-A958-57980B212A5A): 13
LogDevObjectVersion:   Dev-VR (D7296918-1DD6-4BDD-9DE2-64A83CC13884): 3
LogDevObjectVersion:   Dev-LoadTimes (C2A15278-BFE7-4AFE-6C17-90FF531DF755): 1
LogDevObjectVersion:   Private-Geometry (6EACA3D4-40EC-4CC1-B786-8BED09428FC5): 3
LogDevObjectVersion:   Dev-AnimPhys (29E575DD-E0A3-4627-9D10-D276232CDCEA): 17
LogDevObjectVersion:   Dev-Anim (AF43A65D-7FD3-4947-9873-3E8ED9C1BB05): 15
LogDevObjectVersion:   Dev-ReflectionCapture (6B266CEC-1EC7-4B8F-A30B-E4D90942FC07): 1
LogDevObjectVersion:   Dev-Automation (0DF73D61-A23F-47EA-B727-89E90C41499A): 1
LogDevObjectVersion:   FortniteMain (601D1886-AC64-4F84-AA16-D3DE0DEAC7D6): 47
LogDevObjectVersion:   FortniteRelease (E7086368-6B23-4C58-8439-1B7016265E91): 1
LogDevObjectVersion:   Dev-Enterprise (9DFFBCD6-494F-0158-E221-12823C92A888): 10
LogDevObjectVersion:   Dev-Niagara (F2AED0AC-9AFE-416F-8664-AA7FFA26D6FC): 1
LogDevObjectVersion:   Dev-Destruction (174F1F0B-B4C6-45A5-B13F-2EE8D0FB917D): 10
LogDevObjectVersion:   Dev-Physics-Ext (35F94A83-E258-406C-A318-09F59610247C): 41
LogDevObjectVersion:   Dev-PhysicsMaterial-Chaos (B68FC16E-8B1B-42E2-B453-215C058844FE): 1
LogDevObjectVersion:   Dev-CineCamera (B2E18506-4273-CFC2-A54E-F4BB758BBA07): 1
LogDevObjectVersion:   Dev-VirtualProduction (64F58936-FD1B-42BA-BA96-7289D5D0FA4E): 1
LogDevObjectVersion:   Dev-MediaFramework (6F0ED827-A609-4895-9C91-998D90180EA4): 2
LogInit: Presizing for max 25165824 objects, including 0 objects not considered by GC, pre-allocating 0 bytes for permanent pool.
LogConfig: Applying CVar settings from Section [/Script/Engine.StreamingSettings] File [D:/Portfolio/Unreal/FPS_Game/Zombone/Saved/Config/Windows/Engine.ini]
LogConfig: Setting CVar [[s.MinBulkDataSizeForAsyncLoading:131072]]
LogConfig: Setting CVar [[s.AsyncLoadingThreadEnabled:0]]
LogConfig: Setting CVar [[s.EventDrivenLoaderEnabled:1]]
LogConfig: Setting CVar [[s.WarnIfTimeLimitExceeded:0]]
LogConfig: Setting CVar [[s.TimeLimitExceededMultiplier:1.5]]
LogConfig: Setting CVar [[s.TimeLimitExceededMinTime:0.005]]
LogConfig: Setting CVar [[s.UseBackgroundLevelStreaming:1]]
LogConfig: Setting CVar [[s.PriorityAsyncLoadingExtraTime:15.0]]
LogConfig: Setting CVar [[s.LevelStreamingActorsUpdateTimeLimit:5.0]]
LogConfig: Setting CVar [[s.PriorityLevelStreamingActorsUpdateExtraTime:5.0]]
LogConfig: Setting CVar [[s.LevelStreamingComponentsRegistrationGranularity:10]]
LogConfig: Setting CVar [[s.UnregisterComponentsTimeLimit:1.0]]
LogConfig: Setting CVar [[s.LevelStreamingComponentsUnregistrationGranularity:5]]
LogConfig: Setting CVar [[s.FlushStreamingOnExit:1]]
LogInit: Object subsystem initialized
LogConfig: Setting CVar [[con.DebugEarlyDefault:1]]
LogConfig: Setting CVar [[r.setres:1280x720]]
[2022.10.10-17.29.02:911][  0]LogConfig: Setting CVar [[r.VSync:0]]
[2022.10.10-17.29.02:911][  0]LogConfig: Setting CVar [[r.RHICmdBypass:0]]
[2022.10.10-17.29.02:911][  0]LogConfig: Applying CVar settings from Section [/Script/Engine.RendererSettings] File [D:/Portfolio/Unreal/FPS_Game/Zombone/Saved/Config/Windows/Engine.ini]
[2022.10.10-17.29.02:911][  0]LogConfig: Setting CVar [[r.GPUCrashDebugging:0]]
[2022.10.10-17.29.02:912][  0]LogConfig: Applying CVar settings from Section [/Script/Engine.RendererOverrideSettings] File [D:/Portfolio/Unreal/FPS_Game/Zombone/Saved/Config/Windows/Engine.ini]
[2022.10.10-17.29.02:912][  0]LogConfig: Applying CVar settings from Section [/Script/Engine.StreamingSettings] File [D:/Portfolio/Unreal/FPS_Game/Zombone/Saved/Config/Windows/Engine.ini]
[2022.10.10-17.29.02:912][  0]LogConfig: Setting CVar [[s.MinBulkDataSizeForAsyncLoading:131072]]
[2022.10.10-17.29.02:912][  0]LogConfig: Setting CVar [[s.AsyncLoadingThreadEnabled:0]]
[2022.10.10-17.29.02:912][  0]LogConfig: Setting CVar [[s.EventDrivenLoaderEnabled:1]]
[2022.10.10-17.29.02:912][  0]LogConfig: Setting CVar [[s.WarnIfTimeLimitExceeded:0]]
[2022.10.10-17.29.02:912][  0]LogConfig: Setting CVar [[s.TimeLimitExceededMultiplier:1.5]]
[2022.10.10-17.29.02:912][  0]LogConfig: Setting CVar [[s.TimeLimitExceededMinTime:0.005]]
[2022.10.10-17.29.02:912][  0]LogConfig: Setting CVar [[s.UseBackgroundLevelStreaming:1]]
[2022.10.10-17.29.02:912][  0]LogConfig: Setting CVar [[s.PriorityAsyncLoadingExtraTime:15.0]]
[2022.10.10-17.29.02:912][  0]LogConfig: Setting CVar [[s.LevelStreamingActorsUpdateTimeLimit:5.0]]
[2022.10.10-17.29.02:912][  0]LogConfig: Setting CVar [[s.PriorityLevelStreamingActorsUpdateExtraTime:5.0]]
[2022.10.10-17.29.02:912][  0]LogConfig: Setting CVar [[s.LevelStreamingComponentsRegistrationGranularity:10]]
[2022.10.10-17.29.02:912][  0]LogConfig: Setting CVar [[s.UnregisterComponentsTimeLimit:1.0]]
[2022.10.10-17.29.02:912][  0]LogConfig: Setting CVar [[s.LevelStreamingComponentsUnregistrationGranularity:5]]
[2022.10.10-17.29.02:912][  0]LogConfig: Setting CVar [[s.FlushStreamingOnExit:1]]
[2022.10.10-17.29.02:912][  0]LogConfig: Applying CVar settings from Section [/Script/Engine.GarbageCollectionSettings] File [D:/Portfolio/Unreal/FPS_Game/Zombone/Saved/Config/Windows/Engine.ini]
[2022.10.10-17.29.02:912][  0]LogConfig: Setting CVar [[gc.MaxObjectsNotConsideredByGC:1]]
[2022.10.10-17.29.02:912][  0]LogConfig: Setting CVar [[gc.SizeOfPermanentObjectPool:0]]
[2022.10.10-17.29.02:912][  0]LogConfig: Setting CVar [[gc.FlushStreamingOnGC:0]]
[2022.10.10-17.29.02:913][  0]LogConfig: Setting CVar [[gc.NumRetriesBeforeForcingGC:10]]
[2022.10.10-17.29.02:913][  0]LogConfig: Setting CVar [[gc.AllowParallelGC:1]]
[2022.10.10-17.29.02:913][  0]LogConfig: Setting CVar [[gc.TimeBetweenPurgingPendingKillObjects:61.1]]
[2022.10.10-17.29.02:913][  0]LogConfig: Setting CVar [[gc.MaxObjectsInEditor:25165824]]
[2022.10.10-17.29.02:913][  0]LogConfig: Setting CVar [[gc.IncrementalBeginDestroyEnabled:1]]
[2022.10.10-17.29.02:913][  0]LogConfig: Setting CVar [[gc.CreateGCClusters:1]]
[2022.10.10-17.29.02:913][  0]LogConfig: Setting CVar [[gc.MinGCClusterSize:5]]
[2022.10.10-17.29.02:913][  0]LogConfig: Setting CVar [[gc.ActorClusteringEnabled:0]]
[2022.10.10-17.29.02:913][  0]LogConfig: Setting CVar [[gc.BlueprintClusteringEnabled:0]]
[2022.10.10-17.29.02:913][  0]LogConfig: Setting CVar [[gc.UseDisregardForGCOnDedicatedServers:0]]
[2022.10.10-17.29.02:913][  0]LogConfig: Setting CVar [[gc.MultithreadedDestructionEnabled:1]]
[2022.10.10-17.29.02:913][  0]LogConfig: Applying CVar settings from Section [/Script/Engine.NetworkSettings] File [D:/Portfolio/Unreal/FPS_Game/Zombone/Saved/Config/Windows/Engine.ini]
[2022.10.10-17.29.02:913][  0]LogConfig: Applying CVar settings from Section [/Script/UnrealEd.CookerSettings] File [D:/Portfolio/Unreal/FPS_Game/Zombone/Saved/Config/Windows/Engine.ini]
[2022.10.10-17.29.02:922][  0]LogConfig: Applying CVar settings from Section [ViewDistanceQuality@3] File [D:/Portfolio/Unreal/FPS_Game/Zombone/Saved/Config/Windows/Scalability.ini]
[2022.10.10-17.29.02:923][  0]LogConfig: Setting CVar [[r.SkeletalMeshLODBias:0]]
[2022.10.10-17.29.02:923][  0]LogConfig: Setting CVar [[r.ViewDistanceScale:1.0]]
[2022.10.10-17.29.02:923][  0]LogConfig: Applying CVar settings from Section [AntiAliasingQuality@3] File [D:/Portfolio/Unreal/FPS_Game/Zombone/Saved/Config/Windows/Scalability.ini]
[2022.10.10-17.29.02:923][  0]LogConfig: Setting CVar [[r.PostProcessAAQuality:4]]
[2022.10.10-17.29.02:923][  0]LogConfig: Applying CVar settings from Section [ShadowQuality@3] File [D:/Portfolio/Unreal/FPS_Game/Zombone/Saved/Config/Windows/Scalability.ini]
[2022.10.10-17.29.02:923][  0]LogConfig: Setting CVar [[r.LightFunctionQuality:1]]
[2022.10.10-17.29.02:923][  0]LogConfig: Setting CVar [[r.ShadowQuality:5]]
[2022.10.10-17.29.02:923][  0]LogConfig: Setting CVar [[r.Shadow.CSM.MaxCascades:10]]
[2022.10.10-17.29.02:923][  0]LogConfig: Setting CVar [[r.Shadow.MaxResolution:2048]]
[2022.10.10-17.29.02:923][  0]LogConfig: Setting CVar [[r.Shadow.MaxCSMResolution:2048]]
[2022.10.10-17.29.02:923][  0]LogConfig: Setting CVar [[r.Shadow.RadiusThreshold:0.01]]
[2022.10.10-17.29.02:923][  0]LogConfig: Setting CVar [[r.Shadow.DistanceScale:1.0]]
[2022.10.10-17.29.02:923][  0]LogConfig: Setting CVar [[r.Shadow.CSM.TransitionScale:1.0]]
[2022.10.10-17.29.02:923][  0]LogConfig: Setting CVar [[r.Shadow.PreShadowResolutionFactor:1.0]]
[2022.10.10-17.29.02:923][  0]LogConfig: Setting CVar [[r.DistanceFieldShadowing:1]]
[2022.10.10-17.29.02:923][  0]LogConfig: Setting CVar [[r.DistanceFieldAO:1]]
[2022.10.10-17.29.02:923][  0]LogConfig: Setting CVar [[r.AOQuality:2]]
[2022.10.10-17.29.02:923][  0]LogConfig: Setting CVar [[r.VolumetricFog:1]]
[2022.10.10-17.29.02:923][  0]LogConfig: Setting CVar [[r.VolumetricFog.GridPixelSize:8]]
[2022.10.10-17.29.02:924][  0]LogConfig: Setting CVar [[r.VolumetricFog.GridSizeZ:128]]
[2022.10.10-17.29.02:924][  0]LogConfig: Setting CVar [[r.VolumetricFog.HistoryMissSupersampleCount:4]]
[2022.10.10-17.29.02:924][  0]LogConfig: Setting CVar [[r.LightMaxDrawDistanceScale:1]]
[2022.10.10-17.29.02:924][  0]LogConfig: Setting CVar [[r.CapsuleShadows:1]]
[2022.10.10-17.29.02:924][  0]LogConfig: Applying CVar settings from Section [PostProcessQuality@3] File [D:/Portfolio/Unreal/FPS_Game/Zombone/Saved/Config/Windows/Scalability.ini]
[2022.10.10-17.29.02:924][  0]LogConfig: Setting CVar [[r.MotionBlurQuality:4]]
[2022.10.10-17.29.02:924][  0]LogConfig: Setting CVar [[r.AmbientOcclusionMipLevelFactor:0.4]]
[2022.10.10-17.29.02:924][  0]LogConfig: Setting CVar [[r.AmbientOcclusionMaxQuality:100]]
[2022.10.10-17.29.02:924][  0]LogConfig: Setting CVar [[r.AmbientOcclusionLevels:-1]]
[2022.10.10-17.29.02:924][  0]LogConfig: Setting CVar [[r.AmbientOcclusionRadiusScale:1.0]]
[2022.10.10-17.29.02:924][  0]LogConfig: Setting CVar [[r.DepthOfFieldQuality:2]]
[2022.10.10-17.29.02:924][  0]LogConfig: Setting CVar [[r.RenderTargetPoolMin:400]]
[2022.10.10-17.29.02:924][  0]LogConfig: Setting CVar [[r.LensFlareQuality:2]]
[2022.10.10-17.29.02:924][  0]LogConfig: Setting CVar [[r.SceneColorFringeQuality:1]]
[2022.10.10-17.29.02:924][  0]LogConfig: Setting CVar [[r.EyeAdaptationQuality:2]]
[2022.10.10-17.29.02:924][  0]LogConfig: Setting CVar [[r.BloomQuality:5]]
[2022.10.10-17.29.02:924][  0]LogConfig: Setting CVar [[r.FastBlurThreshold:100]]
[2022.10.10-17.29.02:924][  0]LogConfig: Setting CVar [[r.Upscale.Quality:3]]
[2022.10.10-17.29.02:924][  0]LogConfig: Setting CVar [[r.Tonemapper.GrainQuantization:1]]
[2022.10.10-17.29.02:924][  0]LogConfig: Setting CVar [[r.LightShaftQuality:1]]
[2022.10.10-17.29.02:925][  0]LogConfig: Setting CVar [[r.Filter.SizeScale:1]]
[2022.10.10-17.29.02:925][  0]LogConfig: Setting CVar [[r.Tonemapper.Quality:5]]
[2022.10.10-17.29.02:925][  0]LogConfig: Setting CVar [[r.DOF.Gather.AccumulatorQuality:1        ; higher gathering accumulator quality]]
[2022.10.10-17.29.02:925][  0]LogConfig: Setting CVar [[r.DOF.Gather.PostfilterMethod:1          ; Median3x3 postfilering method]]
[2022.10.10-17.29.02:925][  0]LogConfig: Setting CVar [[r.DOF.Gather.EnableBokehSettings:0       ; no bokeh simulation when gathering]]
[2022.10.10-17.29.02:925][  0]LogConfig: Setting CVar [[r.DOF.Gather.RingCount:4                 ; medium number of samples when gathering]]
[2022.10.10-17.29.02:925][  0]LogConfig: Setting CVar [[r.DOF.Scatter.ForegroundCompositing:1    ; additive foreground scattering]]
[2022.10.10-17.29.02:925][  0]LogConfig: Setting CVar [[r.DOF.Scatter.BackgroundCompositing:2    ; additive background scattering]]
[2022.10.10-17.29.02:925][  0]LogConfig: Setting CVar [[r.DOF.Scatter.EnableBokehSettings:1      ; bokeh simulation when scattering]]
[2022.10.10-17.29.02:925][  0]LogConfig: Setting CVar [[r.DOF.Scatter.MaxSpriteRatio:0.1         ; only a maximum of 10% of scattered bokeh]]
[2022.10.10-17.29.02:925][  0]LogConfig: Setting CVar [[r.DOF.Recombine.Quality:1                ; cheap slight out of focus]]
[2022.10.10-17.29.02:925][  0]LogConfig: Setting CVar [[r.DOF.Recombine.EnableBokehSettings:0    ; no bokeh simulation on slight out of focus]]
[2022.10.10-17.29.02:925][  0]LogConfig: Setting CVar [[r.DOF.TemporalAAQuality:1                ; more stable temporal accumulation]]
[2022.10.10-17.29.02:925][  0]LogConfig: Setting CVar [[r.DOF.Kernel.MaxForegroundRadius:0.025]]
[2022.10.10-17.29.02:925][  0]LogConfig: Setting CVar [[r.DOF.Kernel.MaxBackgroundRadius:0.025]]
[2022.10.10-17.29.02:925][  0]LogConfig: Applying CVar settings from Section [TextureQuality@3] File [D:/Portfolio/Unreal/FPS_Game/Zombone/Saved/Config/Windows/Scalability.ini]
[2022.10.10-17.29.02:925][  0]LogConfig: Setting CVar [[r.Streaming.MipBias:0]]
[2022.10.10-17.29.02:925][  0]LogConfig: Setting CVar [[r.Streaming.AmortizeCPUToGPUCopy:0]]
[2022.10.10-17.29.02:925][  0]LogConfig: Setting CVar [[r.Streaming.MaxNumTexturesToStreamPerFrame:0]]
[2022.10.10-17.29.02:925][  0]LogConfig: Setting CVar [[r.Streaming.Boost:1]]
[2022.10.10-17.29.02:926][  0]LogConfig: Setting CVar [[r.MaxAnisotropy:8]]
[2022.10.10-17.29.02:926][  0]LogConfig: Setting CVar [[r.VT.MaxAnisotropy:8]]
[2022.10.10-17.29.02:926][  0]LogConfig: Setting CVar [[r.Streaming.LimitPoolSizeToVRAM:0]]
[2022.10.10-17.29.02:926][  0]LogConfig: Setting CVar [[r.Streaming.PoolSize:1000]]
[2022.10.10-17.29.02:926][  0]LogConfig: Setting CVar [[r.Streaming.MaxEffectiveScreenSize:0]]
[2022.10.10-17.29.02:926][  0]LogConfig: Applying CVar settings from Section [EffectsQuality@3] File [D:/Portfolio/Unreal/FPS_Game/Zombone/Saved/Config/Windows/Scalability.ini]
[2022.10.10-17.29.02:926][  0]LogConfig: Setting CVar [[r.TranslucencyLightingVolumeDim:64]]
[2022.10.10-17.29.02:926][  0]LogConfig: Setting CVar [[r.RefractionQuality:2]]
[2022.10.10-17.29.02:926][  0]LogConfig: Setting CVar [[r.SSR.Quality:3]]
[2022.10.10-17.29.02:926][  0]LogConfig: Setting CVar [[r.SSR.HalfResSceneColor:0]]
[2022.10.10-17.29.02:926][  0]LogConfig: Setting CVar [[r.SceneColorFormat:4]]
[2022.10.10-17.29.02:926][  0]LogConfig: Setting CVar [[r.DetailMode:2]]
[2022.10.10-17.29.02:926][  0]LogConfig: Setting CVar [[r.TranslucencyVolumeBlur:1]]
[2022.10.10-17.29.02:926][  0]LogConfig: Setting CVar [[r.MaterialQualityLevel:1 ; High quality]]
[2022.10.10-17.29.02:926][  0]LogConfig: Setting CVar [[r.AnisotropicMaterials:1]]
[2022.10.10-17.29.02:927][  0]LogConfig: Setting CVar [[r.SSS.Scale:1]]
[2022.10.10-17.29.02:927][  0]LogConfig: Setting CVar [[r.SSS.SampleSet:2]]
[2022.10.10-17.29.02:927][  0]LogConfig: Setting CVar [[r.SSS.Quality:1]]
[2022.10.10-17.29.02:927][  0]LogConfig: Setting CVar [[r.SSS.HalfRes:0]]
[2022.10.10-17.29.02:927][  0]LogConfig: Setting CVar [[r.SSGI.Quality:3]]
[2022.10.10-17.29.02:927][  0]LogConfig: Setting CVar [[r.EmitterSpawnRateScale:1.0]]
[2022.10.10-17.29.02:927][  0]LogConfig: Setting CVar [[r.ParticleLightQuality:2]]
[2022.10.10-17.29.02:927][  0]LogConfig: Setting CVar [[r.SkyAtmosphere.AerialPerspectiveLUT.FastApplyOnOpaque:1 ; Always have FastSkyLUT 1 in this case to avoid wrong sky]]
[2022.10.10-17.29.02:927][  0]LogConfig: Setting CVar [[r.SkyAtmosphere.AerialPerspectiveLUT.SampleCountMaxPerSlice:4]]
[2022.10.10-17.29.02:927][  0]LogConfig: Setting CVar [[r.SkyAtmosphere.AerialPerspectiveLUT.DepthResolution:16.0]]
[2022.10.10-17.29.02:927][  0]LogConfig: Setting CVar [[r.SkyAtmosphere.FastSkyLUT:1]]
[2022.10.10-17.29.02:927][  0]LogConfig: Setting CVar [[r.SkyAtmosphere.FastSkyLUT.SampleCountMin:4.0]]
[2022.10.10-17.29.02:927][  0]LogConfig: Setting CVar [[r.SkyAtmosphere.FastSkyLUT.SampleCountMax:128.0]]
[2022.10.10-17.29.02:927][  0]LogConfig: Setting CVar [[r.SkyAtmosphere.SampleCountMin:4.0]]
[2022.10.10-17.29.02:927][  0]LogConfig: Setting CVar [[r.SkyAtmosphere.SampleCountMax:128.0]]
[2022.10.10-17.29.02:927][  0]LogConfig: Setting CVar [[r.SkyAtmosphere.TransmittanceLUT.UseSmallFormat:0]]
[2022.10.10-17.29.02:927][  0]LogConfig: Setting CVar [[r.SkyAtmosphere.TransmittanceLUT.SampleCount:10.0]]
[2022.10.10-17.29.02:927][  0]LogConfig: Setting CVar [[r.SkyAtmosphere.MultiScatteringLUT.SampleCount:15.0]]
[2022.10.10-17.29.02:928][  0]LogConfig: Setting CVar [[r.SkyLight.RealTimeReflectionCapture:1]]
[2022.10.10-17.29.02:928][  0]LogConfig: Applying CVar settings from Section [FoliageQuality@3] File [D:/Portfolio/Unreal/FPS_Game/Zombone/Saved/Config/Windows/Scalability.ini]
[2022.10.10-17.29.02:928][  0]LogConfig: Setting CVar [[foliage.DensityScale:1.0]]
[2022.10.10-17.29.02:928][  0]LogConfig: Setting CVar [[grass.DensityScale:1.0]]
[2022.10.10-17.29.02:928][  0]LogConfig: Applying CVar settings from Section [ShadingQuality@3] File [D:/Portfolio/Unreal/FPS_Game/Zombone/Saved/Config/Windows/Scalability.ini]
[2022.10.10-17.29.02:928][  0]LogConfig: Setting CVar [[r.HairStrands.SkyLighting.IntegrationType:2]]
[2022.10.10-17.29.02:928][  0]LogConfig: Setting CVar [[r.HairStrands.SkyAO.SampleCount:4]]
[2022.10.10-17.29.02:928][  0]LogConfig: Setting CVar [[r.HairStrands.Visibility.MSAA.SamplePerPixel:4]]
[2022.10.10-17.29.02:928][  0]LogInit: Selected Device Profile: [Windows]
[2022.10.10-17.29.02:928][  0]LogInit: Applying CVar settings loaded from the selected device profile: [Windows]
[2022.10.10-17.29.02:928][  0]LogHAL: Display: Platform has ~ 16 GB [17052086272 / 17179869184 / 16], which maps to Larger [LargestMinGB=32, LargerMinGB=12, DefaultMinGB=8, SmallerMinGB=6, SmallestMinGB=0)
[2022.10.10-17.29.02:928][  0]LogInit: Going up to parent DeviceProfile []
[2022.10.10-17.29.02:928][  0]LogConfig: Applying CVar settings from Section [ViewDistanceQuality@3] File [D:/Portfolio/Unreal/FPS_Game/Zombone/Saved/Config/Windows/Scalability.ini]
[2022.10.10-17.29.02:928][  0]LogConfig: Setting CVar [[r.SkeletalMeshLODBias:0]]
[2022.10.10-17.29.02:929][  0]LogConfig: Setting CVar [[r.ViewDistanceScale:1.0]]
[2022.10.10-17.29.02:929][  0]LogConfig: Applying CVar settings from Section [AntiAliasingQuality@3] File [D:/Portfolio/Unreal/FPS_Game/Zombone/Saved/Config/Windows/Scalability.ini]
[2022.10.10-17.29.02:929][  0]LogConfig: Setting CVar [[r.PostProcessAAQuality:4]]
[2022.10.10-17.29.02:929][  0]LogConfig: Applying CVar settings from Section [ShadowQuality@3] File [D:/Portfolio/Unreal/FPS_Game/Zombone/Saved/Config/Windows/Scalability.ini]
[2022.10.10-17.29.02:929][  0]LogConfig: Setting CVar [[r.LightFunctionQuality:1]]
[2022.10.10-17.29.02:929][  0]LogConfig: Setting CVar [[r.ShadowQuality:5]]
[2022.10.10-17.29.02:929][  0]LogConfig: Setting CVar [[r.Shadow.CSM.MaxCascades:10]]
[2022.10.10-17.29.02:929][  0]LogConfig: Setting CVar [[r.Shadow.MaxResolution:2048]]
[2022.10.10-17.29.02:929][  0]LogConfig: Setting CVar [[r.Shadow.MaxCSMResolution:2048]]
[2022.10.10-17.29.02:929][  0]LogConfig: Setting CVar [[r.Shadow.RadiusThreshold:0.01]]
[2022.10.10-17.29.02:929][  0]LogConfig: Setting CVar [[r.Shadow.DistanceScale:1.0]]
[2022.10.10-17.29.02:929][  0]LogConfig: Setting CVar [[r.Shadow.CSM.TransitionScale:1.0]]
[2022.10.10-17.29.02:929][  0]LogConfig: Setting CVar [[r.Shadow.PreShadowResolutionFactor:1.0]]
[2022.10.10-17.29.02:929][  0]LogConfig: Setting CVar [[r.DistanceFieldShadowing:1]]
[2022.10.10-17.29.02:929][  0]LogConfig: Setting CVar [[r.DistanceFieldAO:1]]
[2022.10.10-17.29.02:929][  0]LogConfig: Setting CVar [[r.AOQuality:2]]
[2022.10.10-17.29.02:929][  0]LogConfig: Setting CVar [[r.VolumetricFog:1]]
[2022.10.10-17.29.02:929][  0]LogConfig: Setting CVar [[r.VolumetricFog.GridPixelSize:8]]
[2022.10.10-17.29.02:929][  0]LogConfig: Setting CVar [[r.VolumetricFog.GridSizeZ:128]]
[2022.10.10-17.29.02:929][  0]LogConfig: Setting CVar [[r.VolumetricFog.HistoryMissSupersampleCount:4]]
[2022.10.10-17.29.02:930][  0]LogConfig: Setting CVar [[r.LightMaxDrawDistanceScale:1]]
[2022.10.10-17.29.02:930][  0]LogConfig: Setting CVar [[r.CapsuleShadows:1]]
[2022.10.10-17.29.02:930][  0]LogConfig: Applying CVar settings from Section [PostProcessQuality@3] File [D:/Portfolio/Unreal/FPS_Game/Zombone/Saved/Config/Windows/Scalability.ini]
[2022.10.10-17.29.02:930][  0]LogConfig: Setting CVar [[r.MotionBlurQuality:4]]
[2022.10.10-17.29.02:930][  0]LogConfig: Setting CVar [[r.AmbientOcclusionMipLevelFactor:0.4]]
[2022.10.10-17.29.02:930][  0]LogConfig: Setting CVar [[r.AmbientOcclusionMaxQuality:100]]
[2022.10.10-17.29.02:930][  0]LogConfig: Setting CVar [[r.AmbientOcclusionLevels:-1]]
[2022.10.10-17.29.02:930][  0]LogConfig: Setting CVar [[r.AmbientOcclusionRadiusScale:1.0]]
[2022.10.10-17.29.02:930][  0]LogConfig: Setting CVar [[r.DepthOfFieldQuality:2]]
[2022.10.10-17.29.02:930][  0]LogConfig: Setting CVar [[r.RenderTargetPoolMin:400]]
[2022.10.10-17.29.02:930][  0]LogConfig: Setting CVar [[r.LensFlareQuality:2]]
[2022.10.10-17.29.02:930][  0]LogConfig: Setting CVar [[r.SceneColorFringeQuality:1]]
[2022.10.10-17.29.02:930][  0]LogConfig: Setting CVar [[r.EyeAdaptationQuality:2]]
[2022.10.10-17.29.02:930][  0]LogConfig: Setting CVar [[r.BloomQuality:5]]
[2022.10.10-17.29.02:930][  0]LogConfig: Setting CVar [[r.FastBlurThreshold:100]]
[2022.10.10-17.29.02:930][  0]LogConfig: Setting CVar [[r.Upscale.Quality:3]]
[2022.10.10-17.29.02:930][  0]LogConfig: Setting CVar [[r.Tonemapper.GrainQuantization:1]]
[2022.10.10-17.29.02:930][  0]LogConfig: Setting CVar [[r.LightShaftQuality:1]]
[2022.10.10-17.29.02:930][  0]LogConfig: Setting CVar [[r.Filter.SizeScale:1]]
[2022.10.10-17.29.02:930][  0]LogConfig: Setting CVar [[r.Tonemapper.Quality:5]]
[2022.10.10-17.29.02:931][  0]LogConfig: Setting CVar [[r.DOF.Gather.AccumulatorQuality:1        ; higher gathering accumulator quality]]
[2022.10.10-17.29.02:931][  0]LogConfig: Setting CVar [[r.DOF.Gather.PostfilterMethod:1          ; Median3x3 postfilering method]]
[2022.10.10-17.29.02:931][  0]LogConfig: Setting CVar [[r.DOF.Gather.EnableBokehSettings:0       ; no bokeh simulation when gathering]]
[2022.10.10-17.29.02:931][  0]LogConfig: Setting CVar [[r.DOF.Gather.RingCount:4                 ; medium number of samples when gathering]]
[2022.10.10-17.29.02:931][  0]LogConfig: Setting CVar [[r.DOF.Scatter.ForegroundCompositing:1    ; additive foreground scattering]]
[2022.10.10-17.29.02:931][  0]LogConfig: Setting CVar [[r.DOF.Scatter.BackgroundCompositing:2    ; additive background scattering]]
[2022.10.10-17.29.02:931][  0]LogConfig: Setting CVar [[r.DOF.Scatter.EnableBokehSettings:1      ; bokeh simulation when scattering]]
[2022.10.10-17.29.02:931][  0]LogConfig: Setting CVar [[r.DOF.Scatter.MaxSpriteRatio:0.1         ; only a maximum of 10% of scattered bokeh]]
[2022.10.10-17.29.02:931][  0]LogConfig: Setting CVar [[r.DOF.Recombine.Quality:1                ; cheap slight out of focus]]
[2022.10.10-17.29.02:931][  0]LogConfig: Setting CVar [[r.DOF.Recombine.EnableBokehSettings:0    ; no bokeh simulation on slight out of focus]]
[2022.10.10-17.29.02:931][  0]LogConfig: Setting CVar [[r.DOF.TemporalAAQuality:1                ; more stable temporal accumulation]]
[2022.10.10-17.29.02:931][  0]LogConfig: Setting CVar [[r.DOF.Kernel.MaxForegroundRadius:0.025]]
[2022.10.10-17.29.02:931][  0]LogConfig: Setting CVar [[r.DOF.Kernel.MaxBackgroundRadius:0.025]]
[2022.10.10-17.29.02:931][  0]LogConfig: Applying CVar settings from Section [TextureQuality@3] File [D:/Portfolio/Unreal/FPS_Game/Zombone/Saved/Config/Windows/Scalability.ini]
[2022.10.10-17.29.02:931][  0]LogConfig: Setting CVar [[r.Streaming.MipBias:0]]
[2022.10.10-17.29.02:931][  0]LogConfig: Setting CVar [[r.Streaming.AmortizeCPUToGPUCopy:0]]
[2022.10.10-17.29.02:931][  0]LogConfig: Setting CVar [[r.Streaming.MaxNumTexturesToStreamPerFrame:0]]
[2022.10.10-17.29.02:931][  0]LogConfig: Setting CVar [[r.Streaming.Boost:1]]
[2022.10.10-17.29.02:931][  0]LogConfig: Setting CVar [[r.MaxAnisotropy:8]]
[2022.10.10-17.29.02:931][  0]LogConfig: Setting CVar [[r.VT.MaxAnisotropy:8]]
[2022.10.10-17.29.02:931][  0]LogConfig: Setting CVar [[r.Streaming.LimitPoolSizeToVRAM:0]]
[2022.10.10-17.29.02:932][  0]LogConfig: Setting CVar [[r.Streaming.PoolSize:1000]]
[2022.10.10-17.29.02:932][  0]LogConfig: Setting CVar [[r.Streaming.MaxEffectiveScreenSize:0]]
[2022.10.10-17.29.02:932][  0]LogConfig: Applying CVar settings from Section [EffectsQuality@3] File [D:/Portfolio/Unreal/FPS_Game/Zombone/Saved/Config/Windows/Scalability.ini]
[2022.10.10-17.29.02:932][  0]LogConfig: Setting CVar [[r.TranslucencyLightingVolumeDim:64]]
[2022.10.10-17.29.02:932][  0]LogConfig: Setting CVar [[r.RefractionQuality:2]]
[2022.10.10-17.29.02:932][  0]LogConfig: Setting CVar [[r.SSR.Quality:3]]
[2022.10.10-17.29.02:932][  0]LogConfig: Setting CVar [[r.SSR.HalfResSceneColor:0]]
[2022.10.10-17.29.02:932][  0]LogConfig: Setting CVar [[r.SceneColorFormat:4]]
[2022.10.10-17.29.02:932][  0]LogConfig: Setting CVar [[r.DetailMode:2]]
[2022.10.10-17.29.02:932][  0]LogConfig: Setting CVar [[r.TranslucencyVolumeBlur:1]]
[2022.10.10-17.29.02:932][  0]LogConfig: Setting CVar [[r.MaterialQualityLevel:1 ; High quality]]
[2022.10.10-17.29.02:932][  0]LogConfig: Setting CVar [[r.AnisotropicMaterials:1]]
[2022.10.10-17.29.02:932][  0]LogConfig: Setting CVar [[r.SSS.Scale:1]]
[2022.10.10-17.29.02:932][  0]LogConfig: Setting CVar [[r.SSS.SampleSet:2]]
[2022.10.10-17.29.02:932][  0]LogConfig: Setting CVar [[r.SSS.Quality:1]]
[2022.10.10-17.29.02:932][  0]LogConfig: Setting CVar [[r.SSS.HalfRes:0]]
[2022.10.10-17.29.02:932][  0]LogConfig: Setting CVar [[r.SSGI.Quality:3]]
[2022.10.10-17.29.02:932][  0]LogConfig: Setting CVar [[r.EmitterSpawnRateScale:1.0]]
[2022.10.10-17.29.02:932][  0]LogConfig: Setting CVar [[r.ParticleLightQuality:2]]
[2022.10.10-17.29.02:932][  0]LogConfig: Setting CVar [[r.SkyAtmosphere.AerialPerspectiveLUT.FastApplyOnOpaque:1 ; Always have FastSkyLUT 1 in this case to avoid wrong sky]]
[2022.10.10-17.29.02:933][  0]LogConfig: Setting CVar [[r.SkyAtmosphere.AerialPerspectiveLUT.SampleCountMaxPerSlice:4]]
[2022.10.10-17.29.02:933][  0]LogConfig: Setting CVar [[r.SkyAtmosphere.AerialPerspectiveLUT.DepthResolution:16.0]]
[2022.10.10-17.29.02:933][  0]LogConfig: Setting CVar [[r.SkyAtmosphere.FastSkyLUT:1]]
[2022.10.10-17.29.02:933][  0]LogConfig: Setting CVar [[r.SkyAtmosphere.FastSkyLUT.SampleCountMin:4.0]]
[2022.10.10-17.29.02:933][  0]LogConfig: Setting CVar [[r.SkyAtmosphere.FastSkyLUT.SampleCountMax:128.0]]
[2022.10.10-17.29.02:933][  0]LogConfig: Setting CVar [[r.SkyAtmosphere.SampleCountMin:4.0]]
[2022.10.10-17.29.02:933][  0]LogConfig: Setting CVar [[r.SkyAtmosphere.SampleCountMax:128.0]]
[2022.10.10-17.29.02:933][  0]LogConfig: Setting CVar [[r.SkyAtmosphere.TransmittanceLUT.UseSmallFormat:0]]
[2022.10.10-17.29.02:933][  0]LogConfig: Setting CVar [[r.SkyAtmosphere.TransmittanceLUT.SampleCount:10.0]]
[2022.10.10-17.29.02:933][  0]LogConfig: Setting CVar [[r.SkyAtmosphere.MultiScatteringLUT.SampleCount:15.0]]
[2022.10.10-17.29.02:933][  0]LogConfig: Setting CVar [[r.SkyLight.RealTimeReflectionCapture:1]]
[2022.10.10-17.29.02:933][  0]LogConfig: Applying CVar settings from Section [FoliageQuality@3] File [D:/Portfolio/Unreal/FPS_Game/Zombone/Saved/Config/Windows/Scalability.ini]
[2022.10.10-17.29.02:933][  0]LogConfig: Setting CVar [[foliage.DensityScale:1.0]]
[2022.10.10-17.29.02:933][  0]LogConfig: Setting CVar [[grass.DensityScale:1.0]]
[2022.10.10-17.29.02:933][  0]LogConfig: Applying CVar settings from Section [ShadingQuality@3] File [D:/Portfolio/Unreal/FPS_Game/Zombone/Saved/Config/Windows/Scalability.ini]
[2022.10.10-17.29.02:933][  0]LogConfig: Setting CVar [[r.HairStrands.SkyLighting.IntegrationType:2]]
[2022.10.10-17.29.02:933][  0]LogConfig: Setting CVar [[r.HairStrands.SkyAO.SampleCount:4]]
[2022.10.10-17.29.02:933][  0]LogConfig: Setting CVar [[r.HairStrands.Visibility.MSAA.SamplePerPixel:4]]
[2022.10.10-17.29.02:933][  0]LogConfig: Applying CVar settings from Section [Startup] File [../../../Engine/Config/ConsoleVariables.ini]
[2022.10.10-17.29.02:934][  0]LogConfig: Setting CVar [[net.UseAdaptiveNetUpdateFrequency:0]]
[2022.10.10-17.29.02:934][  0]LogConfig: Setting CVar [[p.chaos.AllowCreatePhysxBodies:1]]
[2022.10.10-17.29.02:934][  0]LogConfig: Setting CVar [[fx.SkipVectorVMBackendOptimizations:1]]
[2022.10.10-17.29.02:934][  0]LogConfig: Applying CVar settings from Section [ConsoleVariables] File [D:/Portfolio/Unreal/FPS_Game/Zombone/Saved/Config/Windows/Engine.ini]
[2022.10.10-17.29.02:934][  0]LogConfig: Applying CVar settings from Section [ConsoleVariables] File [D:/Portfolio/Unreal/FPS_Game/Zombone/Saved/Config/Windows/Editor.ini]
[2022.10.10-17.29.02:934][  0]LogInit: Computer: LAPTOP-3NPPO45G
[2022.10.10-17.29.02:934][  0]LogInit: User: timve
[2022.10.10-17.29.02:934][  0]LogInit: CPU Page size=4096, Cores=4
[2022.10.10-17.29.02:934][  0]LogInit: High frequency timer resolution =10.000000 MHz
[2022.10.10-17.29.02:934][  0]LogMemory: Memory total: Physical=15.9GB (16GB approx)
[2022.10.10-17.29.02:934][  0]LogMemory: Platform Memory Stats for Windows
[2022.10.10-17.29.02:934][  0]LogMemory: Process Physical Memory: 142.07 MB used, 142.07 MB peak
[2022.10.10-17.29.02:934][  0]LogMemory: Process Virtual Memory: 120.38 MB used, 120.38 MB peak
[2022.10.10-17.29.02:934][  0]LogMemory: Physical Memory: 10290.04 MB used,  5972.10 MB free, 16262.14 MB total
[2022.10.10-17.29.02:934][  0]LogMemory: Virtual Memory: 134209728.00 MB used,  8002.39 MB free, 134217728.00 MB total
[2022.10.10-17.29.02:945][  0]LogWindows: WindowsPlatformFeatures enabled
[2022.10.10-17.29.03:100][  0]LogInit: Physics initialised using underlying interface: PhysX
[2022.10.10-17.29.03:102][  0]LogInit: Using OS detected language (en-US).
[2022.10.10-17.29.03:102][  0]LogInit: Using OS detected locale (nl-BE).
[2022.10.10-17.29.03:105][  0]LogTextLocalizationManager: No specific localization for 'en-US' exists, so the 'en' localization will be used.
[2022.10.10-17.29.03:304][  0]LogInit: Setting process to per monitor DPI aware
[2022.10.10-17.29.03:348][  0]LogWindowsTextInputMethodSystem: Display: IME system deactivated.
[2022.10.10-17.29.03:372][  0]LogSlate: New Slate User Created.  User Index 0, Is Virtual User: 0
[2022.10.10-17.29.03:372][  0]LogSlate: Slate User Registered.  User Index 0, Is Virtual User: 0
[2022.10.10-17.29.03:506][  0]LogD3D11RHI: Loaded GFSDK_Aftermath_Lib.x64.dll
[2022.10.10-17.29.03:510][  0]LogHMD: Failed to initialize OpenVR with code 110
[2022.10.10-17.29.03:511][  0]LogD3D11RHI: D3D11 min allowed feature level: 11_0
[2022.10.10-17.29.03:511][  0]LogD3D11RHI: D3D11 max allowed feature level: 11_0
[2022.10.10-17.29.03:511][  0]LogD3D11RHI: D3D11 adapters:
[2022.10.10-17.29.03:647][  0]LogD3D11RHI:    0. 'NVIDIA GeForce RTX 2060' (Feature Level 11_0)
[2022.10.10-17.29.03:647][  0]LogD3D11RHI:       5980/0/8131 MB DedicatedVideo/DedicatedSystem/SharedSystem, Outputs:1, VendorId:0x10de
[2022.10.10-17.29.03:652][  0]LogD3D11RHI:    1. 'Microsoft Basic Render Driver' (Feature Level 11_0)
[2022.10.10-17.29.03:652][  0]LogD3D11RHI:       0/0/8131 MB DedicatedVideo/DedicatedSystem/SharedSystem, Outputs:0, VendorId:0x1414
[2022.10.10-17.29.03:652][  0]LogD3D11RHI: Chosen D3D11 Adapter:
[2022.10.10-17.29.03:652][  0]LogD3D11RHI:     Description : NVIDIA GeForce RTX 2060
[2022.10.10-17.29.03:652][  0]LogD3D11RHI:     VendorId    : 10de
[2022.10.10-17.29.03:652][  0]LogD3D11RHI:     DeviceId    : 1f11
[2022.10.10-17.29.03:652][  0]LogD3D11RHI:     SubSysId    : 8600103c
[2022.10.10-17.29.03:652][  0]LogD3D11RHI:     Revision    : 00a1
[2022.10.10-17.29.03:652][  0]LogD3D11RHI:     DedicatedVideoMemory : 6270484480 bytes
[2022.10.10-17.29.03:652][  0]LogD3D11RHI:     DedicatedSystemMemory : 0 bytes
[2022.10.10-17.29.03:652][  0]LogD3D11RHI:     SharedSystemMemory : 8526043136 bytes
[2022.10.10-17.29.03:652][  0]LogD3D11RHI:     AdapterLuid : 0 81227
[2022.10.10-17.29.03:659][  0]LogD3D11RHI: Creating new Direct3DDevice
[2022.10.10-17.29.03:659][  0]LogD3D11RHI:     GPU DeviceId: 0x1f11 (for the marketing name, search the web for "GPU Device Id")
[2022.10.10-17.29.03:659][  0]LogWindows: EnumDisplayDevices:
[2022.10.10-17.29.03:659][  0]LogWindows:    0. 'NVIDIA GeForce RTX 2060' (P:1 D:1)
[2022.10.10-17.29.03:660][  0]LogWindows:    1. 'NVIDIA GeForce RTX 2060' (P:0 D:0)
[2022.10.10-17.29.03:660][  0]LogWindows:    2. 'NVIDIA GeForce RTX 2060' (P:0 D:0)
[2022.10.10-17.29.03:660][  0]LogWindows:    3. 'NVIDIA GeForce RTX 2060' (P:0 D:0)
[2022.10.10-17.29.03:661][  0]LogWindows: DebugString: FoundDriverCount:4 
[2022.10.10-17.29.03:661][  0]LogD3D11RHI:     Adapter Name: NVIDIA GeForce RTX 2060
[2022.10.10-17.29.03:661][  0]LogD3D11RHI:   Driver Version: 512.78 (internal:30.0.15.1278, unified:512.78)
[2022.10.10-17.29.03:661][  0]LogD3D11RHI:      Driver Date: 5-5-2022
[2022.10.10-17.29.03:661][  0]LogRHI: Texture pool is 4186 MB (70% of 5980 MB)
[2022.10.10-17.29.03:661][  0]LogD3D11RHI: Creating D3DDevice using adapter:
[2022.10.10-17.29.03:661][  0]LogD3D11RHI:     Description : NVIDIA GeForce RTX 2060
[2022.10.10-17.29.03:661][  0]LogD3D11RHI:     VendorId    : 10de
[2022.10.10-17.29.03:661][  0]LogD3D11RHI:     DeviceId    : 1f11
[2022.10.10-17.29.03:661][  0]LogD3D11RHI:     SubSysId    : 8600103c
[2022.10.10-17.29.03:661][  0]LogD3D11RHI:     Revision    : 00a1
[2022.10.10-17.29.03:661][  0]LogD3D11RHI:     DedicatedVideoMemory : 6270484480 bytes
[2022.10.10-17.29.03:661][  0]LogD3D11RHI:     DedicatedSystemMemory : 0 bytes
[2022.10.10-17.29.03:661][  0]LogD3D11RHI:     SharedSystemMemory : 8526043136 bytes
[2022.10.10-17.29.03:661][  0]LogD3D11RHI:     AdapterLuid : 0 81227
[2022.10.10-17.29.03:726][  0]LogD3D11RHI: RHI has support for 64 bit atomics
[2022.10.10-17.29.03:726][  0]LogD3D11RHI: Async texture creation enabled
[2022.10.10-17.29.03:726][  0]LogD3D11RHI: Array index from any shader is supported
[2022.10.10-17.29.03:739][  0]LogD3D11RHI: GPU Timing Frequency: 1000.000000 (Debug: 2 1)
[2022.10.10-17.29.03:784][  0]LogRHI: GeForceNow SDK initialized: 1
[2022.10.10-17.29.04:074][  0]LogTargetPlatformManager: Display: Loaded TargetPlatform 'AllDesktop'
[2022.10.10-17.29.04:093][  0]LogTargetPlatformManager: Display: Loaded TargetPlatform 'Android'
[2022.10.10-17.29.04:093][  0]LogTargetPlatformManager: Display: Loaded TargetPlatform 'Android_ASTC'
[2022.10.10-17.29.04:093][  0]LogTargetPlatformManager: Display: Loaded TargetPlatform 'Android_DXT'
[2022.10.10-17.29.04:093][  0]LogTargetPlatformManager: Display: Loaded TargetPlatform 'Android_ETC2'
[2022.10.10-17.29.04:093][  0]LogTargetPlatformManager: Display: Loaded TargetPlatform 'AndroidClient'
[2022.10.10-17.29.04:093][  0]LogTargetPlatformManager: Display: Loaded TargetPlatform 'Android_ASTCClient'
[2022.10.10-17.29.04:093][  0]LogTargetPlatformManager: Display: Loaded TargetPlatform 'Android_DXTClient'
[2022.10.10-17.29.04:093][  0]LogTargetPlatformManager: Display: Loaded TargetPlatform 'Android_ETC2Client'
[2022.10.10-17.29.04:093][  0]LogTargetPlatformManager: Display: Loaded TargetPlatform 'Android_Multi'
[2022.10.10-17.29.04:094][  0]LogTargetPlatformManager: Display: Loaded TargetPlatform 'Android_MultiClient'
[2022.10.10-17.29.04:113][  0]LogTargetPlatformManager: Display: Loaded TargetPlatform 'IOSClient'
[2022.10.10-17.29.04:113][  0]LogTargetPlatformManager: Display: Loaded TargetPlatform 'IOS'
[2022.10.10-17.29.04:123][  0]LogTargetPlatformManager: Display: Loaded TargetPlatform 'Linux'
[2022.10.10-17.29.04:128][  0]LogTargetPlatformManager: Display: Loaded TargetPlatform 'LinuxNoEditor'
[2022.10.10-17.29.04:133][  0]LogTargetPlatformManager: Display: Loaded TargetPlatform 'LinuxClient'
[2022.10.10-17.29.04:138][  0]LogTargetPlatformManager: Display: Loaded TargetPlatform 'LinuxServer'
[2022.10.10-17.29.04:147][  0]LogTargetPlatformManager: Display: Loaded TargetPlatform 'LinuxAArch64NoEditor'
[2022.10.10-17.29.04:152][  0]LogTargetPlatformManager: Display: Loaded TargetPlatform 'LinuxAArch64Client'
[2022.10.10-17.29.04:157][  0]LogTargetPlatformManager: Display: Loaded TargetPlatform 'LinuxAArch64Server'
[2022.10.10-17.29.04:178][  0]LogTargetPlatformManager: Display: Loaded TargetPlatform 'Lumin'
[2022.10.10-17.29.04:178][  0]LogTargetPlatformManager: Display: Loaded TargetPlatform 'LuminClient'
[2022.10.10-17.29.04:187][  0]LogTargetPlatformManager: Display: Loaded TargetPlatform 'MacNoEditor'
[2022.10.10-17.29.04:193][  0]LogTargetPlatformManager: Display: Loaded TargetPlatform 'Mac'
[2022.10.10-17.29.04:197][  0]LogTargetPlatformManager: Display: Loaded TargetPlatform 'MacClient'
[2022.10.10-17.29.04:203][  0]LogTargetPlatformManager: Display: Loaded TargetPlatform 'MacServer'
[2022.10.10-17.29.04:214][  0]LogTargetPlatformManager: Display: Loaded TargetPlatform 'TVOSClient'
[2022.10.10-17.29.04:214][  0]LogTargetPlatformManager: Display: Loaded TargetPlatform 'TVOS'
[2022.10.10-17.29.04:223][  0]LogTargetPlatformManager: Display: Loaded TargetPlatform 'WindowsNoEditor'
[2022.10.10-17.29.04:228][  0]LogTargetPlatformManager: Display: Loaded TargetPlatform 'Windows'
[2022.10.10-17.29.04:233][  0]LogTargetPlatformManager: Display: Loaded TargetPlatform 'WindowsClient'
[2022.10.10-17.29.04:239][  0]LogTargetPlatformManager: Display: Loaded TargetPlatform 'WindowsServer'
[2022.10.10-17.29.04:239][  0]LogTargetPlatformManager: Display: Building Assets For Windows
[2022.10.10-17.29.04:252][  0]LogAudioDebug: Display: Lib vorbis DLL was dynamically loaded.
[2022.10.10-17.29.04:300][  0]LogTextureFormatOodle: Display: Oodle Texture 2.9.0 init RDO Off
[2022.10.10-17.29.04:348][  0]LogRendererCore: Ray tracing is disabled. Reason: r.RayTracing=0.
[2022.10.10-17.29.04:348][  0]LogShaderCompilers: Guid format shader working directory is -3 characters bigger than the processId version (../../../../../Portfolio/Unreal/FPS_Game/Zombone/Intermediate/Shaders/WorkingDirectory/23108/).
[2022.10.10-17.29.04:348][  0]LogShaderCompilers: Cleaned the shader compiler working directory 'C:/Users/timve/AppData/Local/Temp/UnrealShaderWorkingDir/975BAD3A48D5A23E67B4DFB6600CFB9F/'.
[2022.10.10-17.29.04:348][  0]LogXGEController: Cannot use XGE Controller as Incredibuild is not installed on this machine.
[2022.10.10-17.29.04:348][  0]LogShaderCompilers: Cannot use XGE Shader Compiler as Incredibuild is not installed on this machine.
[2022.10.10-17.29.04:348][  0]LogShaderCompilers: Display: Using Local Shader Compiler.
[2022.10.10-17.29.05:039][  0]LogDerivedDataCache: Display: Max Cache Size: 512 MB
[2022.10.10-17.29.05:091][  0]LogDerivedDataCache: Loaded boot cache 0.05s 99MB C:/Users/timve/AppData/Local/UnrealEngine/4.27/DerivedDataCache/Boot.ddc.
[2022.10.10-17.29.05:091][  0]LogDerivedDataCache: Display: Loaded Boot cache: C:/Users/timve/AppData/Local/UnrealEngine/4.27/DerivedDataCache/Boot.ddc
[2022.10.10-17.29.05:091][  0]LogDerivedDataCache: FDerivedDataBackendGraph:  Pak pak cache file ../../../../../Portfolio/Unreal/FPS_Game/Zombone/DerivedDataCache/DDC.ddp not found, will not use a pak cache.
[2022.10.10-17.29.05:092][  0]LogDerivedDataCache: Unable to find inner node Pak for hierarchical cache Hierarchy.
[2022.10.10-17.29.05:092][  0]LogDerivedDataCache: FDerivedDataBackendGraph:  CompressedPak pak cache file ../../../../../Portfolio/Unreal/FPS_Game/Zombone/DerivedDataCache/Compressed.ddp not found, will not use a pak cache.
[2022.10.10-17.29.05:092][  0]LogDerivedDataCache: Unable to find inner node CompressedPak for hierarchical cache Hierarchy.
[2022.10.10-17.29.05:109][  0]LogDerivedDataCache: Display: Pak cache opened for reading ../../../Engine/DerivedDataCache/Compressed.ddp.
[2022.10.10-17.29.05:109][  0]LogDerivedDataCache: FDerivedDataBackendGraph:  EnterprisePak pak cache file ../../../Enterprise/DerivedDataCache/Compressed.ddp not found, will not use a pak cache.
[2022.10.10-17.29.05:109][  0]LogDerivedDataCache: Unable to find inner node EnterprisePak for hierarchical cache Hierarchy.
[2022.10.10-17.29.05:124][  0]LogDerivedDataCache: Speed tests for C:/Users/timve/AppData/Local/UnrealEngine/Common/DerivedDataCache took 0.01 seconds
[2022.10.10-17.29.05:124][  0]LogDerivedDataCache: Display: Performance to C:/Users/timve/AppData/Local/UnrealEngine/Common/DerivedDataCache: Latency=0.03ms. RandomReadSpeed=1284.99MBs, RandomWriteSpeed=72.77MBs. Assigned SpeedClass 'Local'
[2022.10.10-17.29.05:127][  0]LogDerivedDataCache: Using Local data cache path C:/Users/timve/AppData/Local/UnrealEngine/Common/DerivedDataCache: Writable
[2022.10.10-17.29.05:127][  0]LogDerivedDataCache: Shared data cache path not found in *engine.ini, will not use an Shared cache.
[2022.10.10-17.29.05:127][  0]LogDerivedDataCache: Unable to find inner node Shared for hierarchical cache Hierarchy.
[2022.10.10-17.29.05:169][  0]LogSlate: Using FreeType 2.10.0
[2022.10.10-17.29.05:170][  0]LogSlate: SlateFontServices - WITH_FREETYPE: 1, WITH_HARFBUZZ: 1
[2022.10.10-17.29.05:195][  0]LogAssetRegistry: FAssetRegistry took 0.0039 seconds to start up
[2022.10.10-17.29.05:412][  0]LogInit: Selected Device Profile: [Windows]
[2022.10.10-17.29.05:412][  0]LogInit: Active device profile: [000001D75F2FAA00][000001D75E269180 49] Windows
[2022.10.10-17.29.05:412][  0]LogInit: Profiles: [000001D75F2FAA00][000001D75E269180 49] Windows, [000001D75F2A5800][000001D755D31300 49] WindowsNoEditor, [000001D75F2F9800][000001D755D35480 49] WindowsServer, [000001D75F2A5600][000001D755DA9600 49] WindowsClient, [000001D75F2F9000][000001D755DAD780 49] IOS, [000001D75F2A7A00][000001D755DB1900 49] iPadAir, [000001D75F2FBD00][000001D755DB5A80 49] iPadAir2, [000001D75F222900][000001D75E4341C0 49] IPadPro, [000001D75F222A00][000001D75E430200 49] iPadAir3, [000001D75F2F8100][000001D75E438380 49] iPadAir4, [000001D75F223500][000001D75E43C500 49] iPadMini2, [000001D75F2FB700][000001D755DB8680 49] iPadMini3, [000001D75F221700][000001D75E26C7C0 49] iPadMini4, [000001D75F2F9F00][000001D755DBC900 49] iPadMini5, [000001D75F24E200][000001D755DC4B40 49] iPhone6, [000001D75F24E300][000001D755DC0B80 49] iPodTouch6, [000001D75F221E00][000001D75E824E40 49] iPhone7, [000001D75F221F00][000001D75E820E80 49] iPodTouch7, [000001D75F24ED00][000001D75E829000 49] iPhone5S, [000001D75F220A00][000001D75E82D180 49] iPhone6Plus, [000001D75F24DC00][000001D75E831300 49] iPhone6S, [000001D75F222800][000001D75E835480 49] iPhone6SPlus, [000001D75F24FE00][000001D75477B600 49] iPhone7Plus, [000001D75F223D00][000001D75E441780 49] iPhoneSE, [000001D75F24FC00][000001D75E179900 49] iPhone8, [000001D75F222300][000001D75E17DA80 49] iPhone8Plus, [000001D75F24D400][000001D75E181C00 49] iPhoneX, [000001D75F221000][000001D75E184200 49] iPhoneXS, [000001D75F24FF00][000001D75E188380 49] iPhoneXSMax, [000001D75F221800][000001D75E4D8500 49] iPhoneXR, [000001D75F24EC00][000001D75D958680 49] iPhone11, [000001D75F220C00][000001D755E42800 49] iPhone11Pro, [000001D75F24E100][000001D755DC8940 49] iPhone11ProMax, [000001D75F220E00][000001D75E758A80 49] iPhoneSE2, [000001D75F24F700][000001D75E18CBC0 49] iPhone12Mini, [000001D75F222500][000001D75E190D00 49] iPhone12, [000001D75F24C900][000001D75E198E80 49] iPhone12Pro, [000001D75F221900][000001D75E19D000 49] iPhone12ProMax, [000001D75F24F900][000001D75E1A1180 49] iPadPro105, [000001D75F222200][000001D75E1A5300 49] iPadPro129, [000001D75F24C500][000001D75E1A9480 49] iPadPro97, [000001D75F223000][000001D754711600 49] iPadPro2_129, [000001D75F24EB00][000001D754715780 49] iPad5, [000001D75F220200][000001D754719900 49] iPad6, [000001D75F24F600][000001D75471DA80 49] iPad7, [000001D75F221C00][000001D754721C00 49] iPad8, [000001D75F24F500][000001D754724200 49] iPadPro11, [000001D75F220800][000001D754728380 49] iPadPro2_11, [000001D75F24D900][000001D75472C500 49] iPadPro3_129, [000001D75F349300][000001D754730680 49] iPadPro4_129, [000001D75F2A7500][000001D754734800 49] AppleTV, [000001D75F348300][000001D754738980 49] AppleTV4K, [000001D75F2A4100][000001D75473CB00 49] TVOS, [000001D75F349200][000001D75E194C40 49] Mac, [000001D75F2A6B00][000001D754740D80 49] MacClient, [000001D75F349400][000001D754744EC0 49] MacNoEditor, [000001D75F2A7E00][000001D75E845040 49] MacServer, [000001D75F348F00][000001D75E8491C0 49] Linux, [000001D75F2A4C00][000001D75E84D340 49] LinuxAArch64, [000001D75F348900][000001D75E8514C0 49] LinuxNoEditor, [000001D75F2A5B00][000001D75E855640 49] LinuxAArch64NoEditor, [000001D75F349600][000001D75E8597C0 49] LinuxClient, [000001D75F2A4600][000001D75E85D940 49] LinuxAArch64Client, [000001D75F348B00][000001D75E861AC0 49] LinuxServer, [000001D75F222600][000001D75E8640C0 49] LinuxAArch64Server, [000001D75F24E900][000001D75E868240 49] Android, [000001D75F221B00][000001D75E86C3C0 49] Android_Low, [000001D75F24D700][000001D75E870540 49] Android_Mid, [000001D75F222400][000001D75E8746C0 49] Android_High, [000001D75F24EF00][000001D75E878840 49] Android_Default, [000001D75F220700][000001D75E87C9C0 49] Android_Adreno4xx, [000001D75F24E600][000001D75E880B40 49] Android_Adreno5xx_Low, [000001D75F221100][000001D75E884CC0 49] Android_Adreno5xx, [000001D75F24D000][000001D754748E00 49] Android_Adreno6xx, [000001D75F222E00][000001D75E888F40 49] Android_Adreno6xx_Vulkan, [000001D75F24D800][000001D75E88D080 49] Android_Mali_T6xx, [000001D75F220100][000001D75E8911C0 49] Android_Mali_T7xx, [000001D75F24C400][000001D75E899340 49] Android_Mali_T8xx, [000001D75F222F00][000001D75E89D4C0 49] Android_Mali_G71, [000001D75F24CC00][000001D75E8A1640 49] Android_Mali_G72, [000001D75F223800][000001D75E8A57C0 49] Android_Mali_G72_Vulkan, [000001D75F24EA00][000001D75E8A9940 49] Android_Mali_G76, [000001D75F222100][000001D75E8ADAC0 49] Android_Mali_G76_Vulkan, [000001D75F24F200][000001D75E8B00C0 49] Android_Mali_G77, [000001D75F348600][000001D75DFE4240 49] Android_Mali_G77_Vulkan, [000001D75F24E700][000001D75DFE83C0 49] Android_Mali_G78, [000001D75F348100][000001D75DFEC540 49] Android_Mali_G78_Vulkan, [000001D75F24E400][000001D75DFF06C0 49] Android_Mali_G710, [000001D75F220400][000001D75DFF4840 49] Android_Mali_G710_Vulkan, [000001D75F24FB00][000001D75DFF89C0 49] Android_Vulkan_SM5, [000001D75F221200][000001D75DFFCB40 49] Android_PowerVR_G6xxx, [000001D75F24FA00][000001D75E000CC0 49] Android_PowerVR_GT7xxx, [000001D75F220F00][000001D75E004E40 49] Android_PowerVR_GE8xxx, [000001D75F24DE00][000001D75E894F80 49] Android_PowerVR_GM9xxx, [000001D75F220900][000001D75E0090C0 49] Android_PowerVR_GM9xxx_Vulkan, [000001D75F24C700][000001D75E00D200 49] Android_TegraK1, [000001D75F223E00][000001D75E011340 49] Android_Unknown_Vulkan, [000001D75F24CF00][000001D75E0194C0 49] Lumin, [000001D75F223600][000001D75E01D640 49] Lumin_Desktop, [000001D75F24F100][000001D75E0217C0 49] HoloLens, 
[2022.10.10-17.29.05:543][  0]LogMeshReduction: Using QuadricMeshReduction for automatic static mesh reduction
[2022.10.10-17.29.05:543][  0]LogMeshReduction: Using SimplygonMeshReduction for automatic skeletal mesh reduction
[2022.10.10-17.29.05:543][  0]LogMeshReduction: Using ProxyLODMeshReduction for automatic mesh merging
[2022.10.10-17.29.05:543][  0]LogMeshReduction: No distributed automatic mesh merging module available
[2022.10.10-17.29.05:543][  0]LogMeshMerging: No distributed automatic mesh merging module available
[2022.10.10-17.29.05:560][  0]LogNetVersion: Zombone 1.0.0, NetCL: 17155196, EngineNetVer: 17, GameNetVer: 0 (Checksum: 1748673324)
[2022.10.10-17.29.05:893][  0]LogTexture: Default maximum texture size for cubemaps generated from long-lat sources has been changed from 512 to unlimited. In order to preserve old behaiour for '/Engine/MapTemplates/Sky/DaylightAmbientCubemap.DaylightAmbientCubemap', its maximum texture size has been explicitly set to 512.
[2022.10.10-17.29.05:939][  0]LogHMD: PokeAHoleMaterial loaded successfully
[2022.10.10-17.29.05:944][  0]LogUObjectArray: 17178 objects as part of root set at end of initial load.
[2022.10.10-17.29.05:944][  0]LogUObjectAllocator: 4302048 out of 0 bytes used by permanent object pool.
[2022.10.10-17.29.05:944][  0]LogUObjectArray: CloseDisregardForGC: 0/0 objects in disregard for GC pool
[2022.10.10-17.29.06:218][  0]LogPython: Using Python 3.7.7
[2022.10.10-17.29.06:803][  0]LogUdpMessaging: Initializing bridge on interface 0.0.0.0:0 to multicast group 230.0.0.1:6666.
[2022.10.10-17.29.06:815][  0]LogTcpMessaging: Initializing TcpMessaging bridge
[2022.10.10-17.29.06:888][  0]LogNiagaraDebuggerClient: Niagara Debugger Client Initialized | Session: 092F39F14E65F0B83D3C3FA0118A42B8 | Instance: 1BEBA8994B1A885C9ADE1CBFB71444D0 (LAPTOP-3NPPO45G-23108).
[2022.10.10-17.29.07:395][  0]LogOpenImageDenoise: OIDN starting up
[2022.10.10-17.29.07:514][  0]LogAndroidPermission: UAndroidPermissionCallbackProxy::GetInstance
[2022.10.10-17.29.07:544][  0]LogAudioCaptureCore: Display: No Audio Capture implementations found. Audio input will be silent.
[2022.10.10-17.29.07:544][  0]LogAudioCaptureCore: Display: No Audio Capture implementations found. Audio input will be silent.
[2022.10.10-17.29.07:666][  0]SourceControl: Source control is disabled
[2022.10.10-17.29.07:667][  0]SourceControl: Source control is disabled
[2022.10.10-17.29.07:670][  0]SourceControl: Source control is disabled
[2022.10.10-17.29.07:674][  0]SourceControl: Source control is disabled
[2022.10.10-17.29.07:682][  0]SourceControl: Source control is disabled
[2022.10.10-17.29.07:690][  0]LogUProjectInfo: Found projects:
[2022.10.10-17.29.07:716][  0]LogCollectionManager: Loaded 0 collections in 0.000631 seconds
[2022.10.10-17.29.07:744][  0]LogFileCache: Scanning file cache for directory 'D:/Portfolio/Unreal/FPS_Game/Zombone/Saved/Collections/' took 0.00s
[2022.10.10-17.29.07:744][  0]LogFileCache: Scanning file cache for directory 'D:/Portfolio/Unreal/FPS_Game/Zombone/Content/Developers/timve/Collections/' took 0.00s
[2022.10.10-17.29.07:744][  0]LogFileCache: Scanning file cache for directory 'D:/Portfolio/Unreal/FPS_Game/Zombone/Content/Collections/' took 0.00s
[2022.10.10-17.29.07:744][  0]LogOcInput: OculusInput pre-init called
[2022.10.10-17.29.08:008][  0]LogEngine: Initializing Engine...
[2022.10.10-17.29.08:011][  0]LogHMD: Failed to enumerate extensions. Please check that you have a valid OpenXR runtime installed.
[2022.10.10-17.29.08:011][  0]LogHMD: Failed to initialize OpenVR with code 110
[2022.10.10-17.29.08:011][  0]LogMagicLeap: Warning: VR disabled because ZI is not enabled.  To enable, in the editor, Edit -> Project Settings -> Plugins -> Magic Leap Plugin -> Enable Zero Iteration
[2022.10.10-17.29.08:012][  0]LogStats: UGameplayTagsManager::InitializeManager -  0.000 s
[2022.10.10-17.29.08:121][  0]LogInit: Initializing FReadOnlyCVARCache
[2022.10.10-17.29.08:133][  0]LogAIModule: Creating AISystem for world Untitled
[2022.10.10-17.29.08:145][  0]LogAudio: Display: Initializing Audio Device Manager...
[2022.10.10-17.29.08:148][  0]LogAudio: Display: Loading Default Audio Settings Objects...
[2022.10.10-17.29.08:149][  0]LogAudio: Display: No default SoundConcurrencyObject specified (or failed to load).
[2022.10.10-17.29.08:150][  0]LogAudio: Display: Audio Device Manager Initialized
[2022.10.10-17.29.08:150][  0]LogAudio: Display: Creating Audio Device:                 Id: 1, Scope: Shared, Realtime: True
[2022.10.10-17.29.08:150][  0]LogAudioMixer: Display: Audio Mixer Platform Settings:
[2022.10.10-17.29.08:150][  0]LogAudioMixer: Display: 	Sample Rate:						  48000
[2022.10.10-17.29.08:150][  0]LogAudioMixer: Display: 	Callback Buffer Frame Size Requested: 1024
[2022.10.10-17.29.08:150][  0]LogAudioMixer: Display: 	Callback Buffer Frame Size To Use:	  1024
[2022.10.10-17.29.08:150][  0]LogAudioMixer: Display: 	Number of buffers to queue:			  2
[2022.10.10-17.29.08:150][  0]LogAudioMixer: Display: 	Max Channels (voices):				  32
[2022.10.10-17.29.08:150][  0]LogAudioMixer: Display: 	Number of Async Source Workers:		  0
[2022.10.10-17.29.08:150][  0]LogAudio: Display: AudioDevice MaxSources: 32
[2022.10.10-17.29.08:151][  0]LogAudio: Display: Audio Spatialization Plugin: None (built-in).
[2022.10.10-17.29.08:151][  0]LogAudio: Display: Audio Reverb Plugin: None (built-in).
[2022.10.10-17.29.08:151][  0]LogAudio: Display: Audio Occlusion Plugin: None (built-in).
[2022.10.10-17.29.08:151][  0]LogAudioMixer: Display: Initializing audio mixer.
[2022.10.10-17.29.08:172][  0]LogAudioMixer: Display: 0: FrontLeft
[2022.10.10-17.29.08:172][  0]LogAudioMixer: Display: 1: FrontRight
[2022.10.10-17.29.09:475][  0]LogAudioMixer: Display: Using Audio Device Speaker (Realtek(R) Audio)
[2022.10.10-17.29.09:476][  0]LogAudioMixer: Display: Initializing Sound Submixes...
[2022.10.10-17.29.09:477][  0]LogAudioMixer: Display: Creating Master Submix 'MasterSubmixDefault'
[2022.10.10-17.29.09:477][  0]LogAudioMixer: Display: Creating Master Submix 'MasterReverbSubmixDefault'
[2022.10.10-17.29.09:478][  0]LogAudioMixer: Display: Creating Master Submix 'MasterEQSubmixDefault'
[2022.10.10-17.29.09:479][  0]LogAudioMixer: FMixerPlatformXAudio2::StartAudioStream() called
[2022.10.10-17.29.09:479][  0]LogAudioMixer: Display: Output buffers initialized: Frames=1024, Channels=2, Samples=2048
[2022.10.10-17.29.09:481][  0]LogAudioMixer: Display: Starting AudioMixerPlatformInterface::RunInternal()
[2022.10.10-17.29.09:481][  0]LogAudioMixer: Display: FMixerPlatformXAudio2::SubmitBuffer() called for the first time
[2022.10.10-17.29.09:481][  0]LogInit: FAudioDevice initialized.
[2022.10.10-17.29.09:481][  0]LogAudio: Display: Audio Device (ID: 1) registered with world 'Untitled'.
[2022.10.10-17.29.09:481][  0]LogNetVersion: Set ProjectVersion to 1.0.0.0. Version Checksum will be recalculated on next use.
[2022.10.10-17.29.09:532][  0]LogDerivedDataCache: Saved boot cache 0.05s 99MB C:/Users/timve/AppData/Local/UnrealEngine/4.27/DerivedDataCache/Boot.ddc.
[2022.10.10-17.29.09:533][  0]LogInit: Texture streaming: Enabled
[2022.10.10-17.29.09:550][  0]LogAnalytics: Display: [UEEditor.Rocket.Release] APIServer = https://datarouter.ol.epicgames.com/. AppVersion = 4.27.2-18319896+++UE4+Release-4.27
[2022.10.10-17.29.09:556][  0]LogEngineSessionManager: EngineSessionManager initialized
[2022.10.10-17.29.09:556][  0]LogEditorSessionSummary: Verbose: Initializing EditorSessionSummaryWriter for editor session tracking
[2022.10.10-17.29.09:558][  0]LogEditorSessionSummary: EditorSessionSummaryWriter initialized
[2022.10.10-17.29.09:578][  0]LogInit: Transaction tracking system initialized
[2022.10.10-17.29.09:603][  0]BlueprintLog: New page: Editor Load
[2022.10.10-17.29.09:676][  0]LocalizationService: Localization service is disabled
[2022.10.10-17.29.09:704][  0]TimingProfiler: Initialize
[2022.10.10-17.29.09:704][  0]TimingProfiler: OnSessionChanged
[2022.10.10-17.29.09:704][  0]LoadingProfiler: Initialize
[2022.10.10-17.29.09:704][  0]LoadingProfiler: OnSessionChanged
[2022.10.10-17.29.09:704][  0]NetworkingProfiler: Initialize
[2022.10.10-17.29.09:704][  0]NetworkingProfiler: OnSessionChanged
[2022.10.10-17.29.09:704][  0]MemoryProfiler: Initialize
[2022.10.10-17.29.09:705][  0]MemoryProfiler: OnSessionChanged
[2022.10.10-17.29.09:845][  0]LogCook: Display: CookSettings for Memory: MemoryMaxUsedVirtual 0MiB, MemoryMaxUsedPhysical 16384MiB, MemoryMinFreeVirtual 0MiB, MemoryMinFreePhysical 1024MiB
[2022.10.10-17.29.09:845][  0]LogCook: Display: Mobile HDR setting 1
[2022.10.10-17.29.10:065][  0]LogFileCache: Scanning file cache for directory 'D:/Portfolio/Unreal/FPS_Game/Zombone/Content/' took 0.00s
[2022.10.10-17.29.10:235][  0]LogInit: Display: Engine is initialized. Leaving FEngineLoop::Init()
[2022.10.10-17.29.10:238][  0]SourceControl: Source control is disabled
[2022.10.10-17.29.10:239][  0]LogUnrealEdMisc: Loading editor; pre map load, took 9.822
[2022.10.10-17.29.10:239][  0]Cmd: MAP LOAD FILE="../../../../../Portfolio/Unreal/FPS_Game/Zombone/Content/FirstPersonCPP/Maps/FirstPersonExampleMap.umap" TEMPLATE=0 SHOWPROGRESS=1 FEATURELEVEL=3
[2022.10.10-17.29.10:239][  0]LightingResults: New page: Lighting Build
[2022.10.10-17.29.10:240][  0]LogWorld: UWorld::CleanupWorld for Untitled, bSessionEnded=true, bCleanupResources=true
[2022.10.10-17.29.10:241][  0]LogSlate: InvalidateAllWidgets triggered.  All widgets were invalidated
[2022.10.10-17.29.10:241][  0]MapCheck: New page: Map Check
[2022.10.10-17.29.10:241][  0]LightingResults: New page: Lighting Build
[2022.10.10-17.29.10:247][  0]LogAudio: Display: Audio Device unregistered from world 'None'.
[2022.10.10-17.29.10:250][  0]LogUObjectHash: Compacting FUObjectHashTables data took   0.73ms
[2022.10.10-17.29.10:418][  0]LogAudio: Display: Audio Device (ID: 1) registered with world 'FirstPersonExampleMap'.
[2022.10.10-17.29.10:420][  0]LogAIModule: Creating AISystem for world FirstPersonExampleMap
[2022.10.10-17.29.10:427][  0]LogEditorServer: Finished looking for orphan Actors (0.000 secs)
[2022.10.10-17.29.10:437][  0]LogUObjectHash: Compacting FUObjectHashTables data took   1.16ms
[2022.10.10-17.29.10:439][  0]Cmd: MAP CHECKDEP NOCLEARLOG
[2022.10.10-17.29.10:439][  0]MapCheck: Map check complete: 0 Error(s), 0 Warning(s), took 0,125ms to complete.
[2022.10.10-17.29.10:440][  0]LogFileHelpers: Loading map 'FirstPersonExampleMap' took 0.201
[2022.10.10-17.29.10:442][  0]LogUnrealEdMisc: Total Editor Startup Time, took 10.025
[2022.10.10-17.29.10:553][  0]LogSlate: Updating window title bar state: overlay mode, drag disabled, window buttons hidden, title bar hidden
[2022.10.10-17.29.10:558][  0]LogSlate: Updating window title bar state: overlay mode, drag disabled, window buttons hidden, title bar hidden
[2022.10.10-17.29.10:564][  0]LogSlate: Updating window title bar state: overlay mode, drag disabled, window buttons hidden, title bar hidden
[2022.10.10-17.29.10:570][  0]LogSlate: Updating window title bar state: overlay mode, drag disabled, window buttons hidden, title bar hidden
[2022.10.10-17.29.10:583][  0]LogNativeClassHierarchy: Verbose: Native class hierarchy populated in 0.0095 seconds. Added 3828 classes and 930 folders.
[2022.10.10-17.29.10:586][  0]LogNativeClassHierarchy: Verbose: Native class hierarchy updated for 'WidgetCarousel' in 0.0004 seconds. Added 0 classes and 0 folders.
[2022.10.10-17.29.10:587][  0]LogPakFile: PakFile PrimaryIndexSize=187
[2022.10.10-17.29.10:588][  0]LogPakFile: PakFile PathHashIndexSize=101
[2022.10.10-17.29.10:588][  0]LogPakFile: PakFile FullDirectoryIndexSize=148
[2022.10.10-17.29.10:588][  0]LogShaderLibrary: Display: ShaderCodeLibraryPakFileMountedCallback: PakFile 'D:/Epic/UE_4.27/FeaturePacks/FP_FirstPerson.upack' (chunk index -1, root 'root:/') mounted
[2022.10.10-17.29.10:588][  0]LogShaderLibrary: Display: ShaderCodeLibraryPakFileMountedCallback: pending pak file info (ChunkID:-1 Root:root:/ File:D:/Epic/UE_4.27/FeaturePacks/FP_FirstPerson.upack)
[2022.10.10-17.29.10:588][  0]LogPakFile: OnPakFileMounted2Time == 0.000176
[2022.10.10-17.29.10:589][  0]LogPakFile: PakFile PrimaryIndexSize=189
[2022.10.10-17.29.10:589][  0]LogPakFile: PakFile PathHashIndexSize=101
[2022.10.10-17.29.10:589][  0]LogPakFile: PakFile FullDirectoryIndexSize=152
[2022.10.10-17.29.10:589][  0]LogShaderLibrary: Display: ShaderCodeLibraryPakFileMountedCallback: PakFile 'D:/Epic/UE_4.27/FeaturePacks/FP_FirstPersonBP.upack' (chunk index -1, root 'root:/') mounted
[2022.10.10-17.29.10:589][  0]LogShaderLibrary: Display: ShaderCodeLibraryPakFileMountedCallback: pending pak file info (ChunkID:-1 Root:root:/ File:D:/Epic/UE_4.27/FeaturePacks/FP_FirstPersonBP.upack)
[2022.10.10-17.29.10:589][  0]LogPakFile: OnPakFileMounted2Time == 0.000168
[2022.10.10-17.29.10:590][  0]LogPakFile: PakFile PrimaryIndexSize=191
[2022.10.10-17.29.10:591][  0]LogPakFile: PakFile PathHashIndexSize=101
[2022.10.10-17.29.10:591][  0]LogPakFile: PakFile FullDirectoryIndexSize=160
[2022.10.10-17.29.10:591][  0]LogShaderLibrary: Display: ShaderCodeLibraryPakFileMountedCallback: PakFile 'D:/Epic/UE_4.27/FeaturePacks/MobileStarterContent.upack' (chunk index -1, root 'root:/') mounted
[2022.10.10-17.29.10:591][  0]LogShaderLibrary: Display: ShaderCodeLibraryPakFileMountedCallback: pending pak file info (ChunkID:-1 Root:root:/ File:D:/Epic/UE_4.27/FeaturePacks/MobileStarterContent.upack)
[2022.10.10-17.29.10:591][  0]LogPakFile: OnPakFileMounted2Time == 0.000220
[2022.10.10-17.29.10:592][  0]LogPakFile: PakFile PrimaryIndexSize=185
[2022.10.10-17.29.10:592][  0]LogPakFile: PakFile PathHashIndexSize=101
[2022.10.10-17.29.10:592][  0]LogPakFile: PakFile FullDirectoryIndexSize=148
[2022.10.10-17.29.10:592][  0]LogShaderLibrary: Display: ShaderCodeLibraryPakFileMountedCallback: PakFile 'D:/Epic/UE_4.27/FeaturePacks/StarterContent.upack' (chunk index -1, root 'root:/') mounted
[2022.10.10-17.29.10:592][  0]LogShaderLibrary: Display: ShaderCodeLibraryPakFileMountedCallback: pending pak file info (ChunkID:-1 Root:root:/ File:D:/Epic/UE_4.27/FeaturePacks/StarterContent.upack)
[2022.10.10-17.29.10:592][  0]LogPakFile: OnPakFileMounted2Time == 0.000141
[2022.10.10-17.29.10:592][  0]LogPakFile: PakFile PrimaryIndexSize=190
[2022.10.10-17.29.10:592][  0]LogPakFile: PakFile PathHashIndexSize=101
[2022.10.10-17.29.10:592][  0]LogPakFile: PakFile FullDirectoryIndexSize=154
[2022.10.10-17.29.10:593][  0]LogShaderLibrary: Display: ShaderCodeLibraryPakFileMountedCallback: PakFile 'D:/Epic/UE_4.27/FeaturePacks/TP_2DSideScroller.upack' (chunk index -1, root 'root:/') mounted
[2022.10.10-17.29.10:593][  0]LogShaderLibrary: Display: ShaderCodeLibraryPakFileMountedCallback: pending pak file info (ChunkID:-1 Root:root:/ File:D:/Epic/UE_4.27/FeaturePacks/TP_2DSideScroller.upack)
[2022.10.10-17.29.10:593][  0]LogPakFile: OnPakFileMounted2Time == 0.000118
[2022.10.10-17.29.10:593][  0]LogPakFile: PakFile PrimaryIndexSize=192
[2022.10.10-17.29.10:594][  0]LogPakFile: PakFile PathHashIndexSize=101
[2022.10.10-17.29.10:594][  0]LogPakFile: PakFile FullDirectoryIndexSize=158
[2022.10.10-17.29.10:594][  0]LogShaderLibrary: Display: ShaderCodeLibraryPakFileMountedCallback: PakFile 'D:/Epic/UE_4.27/FeaturePacks/TP_2DSideScrollerBP.upack' (chunk index -1, root 'root:/') mounted
[2022.10.10-17.29.10:594][  0]LogShaderLibrary: Display: ShaderCodeLibraryPakFileMountedCallback: pending pak file info (ChunkID:-1 Root:root:/ File:D:/Epic/UE_4.27/FeaturePacks/TP_2DSideScrollerBP.upack)
[2022.10.10-17.29.10:594][  0]LogPakFile: OnPakFileMounted2Time == 0.000146
[2022.10.10-17.29.10:594][  0]LogPakFile: PakFile PrimaryIndexSize=182
[2022.10.10-17.29.10:594][  0]LogPakFile: PakFile PathHashIndexSize=101
[2022.10.10-17.29.10:594][  0]LogPakFile: PakFile FullDirectoryIndexSize=138
[2022.10.10-17.29.10:594][  0]LogShaderLibrary: Display: ShaderCodeLibraryPakFileMountedCallback: PakFile 'D:/Epic/UE_4.27/FeaturePacks/TP_Flying.upack' (chunk index -1, root 'root:/') mounted
[2022.10.10-17.29.10:594][  0]LogShaderLibrary: Display: ShaderCodeLibraryPakFileMountedCallback: pending pak file info (ChunkID:-1 Root:root:/ File:D:/Epic/UE_4.27/FeaturePacks/TP_Flying.upack)
[2022.10.10-17.29.10:595][  0]LogPakFile: OnPakFileMounted2Time == 0.000181
[2022.10.10-17.29.10:595][  0]LogPakFile: PakFile PrimaryIndexSize=184
[2022.10.10-17.29.10:595][  0]LogPakFile: PakFile PathHashIndexSize=101
[2022.10.10-17.29.10:595][  0]LogPakFile: PakFile FullDirectoryIndexSize=142
[2022.10.10-17.29.10:595][  0]LogShaderLibrary: Display: ShaderCodeLibraryPakFileMountedCallback: PakFile 'D:/Epic/UE_4.27/FeaturePacks/TP_FlyingBP.upack' (chunk index -1, root 'root:/') mounted
[2022.10.10-17.29.10:595][  0]LogShaderLibrary: Display: ShaderCodeLibraryPakFileMountedCallback: pending pak file info (ChunkID:-1 Root:root:/ File:D:/Epic/UE_4.27/FeaturePacks/TP_FlyingBP.upack)
[2022.10.10-17.29.10:595][  0]LogPakFile: OnPakFileMounted2Time == 0.000159
[2022.10.10-17.29.10:596][  0]LogPakFile: PakFile PrimaryIndexSize=188
[2022.10.10-17.29.10:596][  0]LogPakFile: PakFile PathHashIndexSize=101
[2022.10.10-17.29.10:596][  0]LogPakFile: PakFile FullDirectoryIndexSize=150
[2022.10.10-17.29.10:596][  0]LogShaderLibrary: Display: ShaderCodeLibraryPakFileMountedCallback: PakFile 'D:/Epic/UE_4.27/FeaturePacks/TP_HandheldARBP.upack' (chunk index -1, root 'root:/') mounted
[2022.10.10-17.29.10:596][  0]LogShaderLibrary: Display: ShaderCodeLibraryPakFileMountedCallback: pending pak file info (ChunkID:-1 Root:root:/ File:D:/Epic/UE_4.27/FeaturePacks/TP_HandheldARBP.upack)
[2022.10.10-17.29.10:596][  0]LogPakFile: OnPakFileMounted2Time == 0.000137
[2022.10.10-17.29.10:597][  0]LogPakFile: PakFile PrimaryIndexSize=182
[2022.10.10-17.29.10:598][  0]LogPakFile: PakFile PathHashIndexSize=101
[2022.10.10-17.29.10:598][  0]LogPakFile: PakFile FullDirectoryIndexSize=138
[2022.10.10-17.29.10:598][  0]LogShaderLibrary: Display: ShaderCodeLibraryPakFileMountedCallback: PakFile 'D:/Epic/UE_4.27/FeaturePacks/TP_Puzzle.upack' (chunk index -1, root 'root:/') mounted
[2022.10.10-17.29.10:598][  0]LogShaderLibrary: Display: ShaderCodeLibraryPakFileMountedCallback: pending pak file info (ChunkID:-1 Root:root:/ File:D:/Epic/UE_4.27/FeaturePacks/TP_Puzzle.upack)
[2022.10.10-17.29.10:598][  0]LogPakFile: OnPakFileMounted2Time == 0.000170
[2022.10.10-17.29.10:598][  0]LogPakFile: PakFile PrimaryIndexSize=184
[2022.10.10-17.29.10:598][  0]LogPakFile: PakFile PathHashIndexSize=101
[2022.10.10-17.29.10:598][  0]LogPakFile: PakFile FullDirectoryIndexSize=142
[2022.10.10-17.29.10:598][  0]LogShaderLibrary: Display: ShaderCodeLibraryPakFileMountedCallback: PakFile 'D:/Epic/UE_4.27/FeaturePacks/TP_PuzzleBP.upack' (chunk index -1, root 'root:/') mounted
[2022.10.10-17.29.10:598][  0]LogShaderLibrary: Display: ShaderCodeLibraryPakFileMountedCallback: pending pak file info (ChunkID:-1 Root:root:/ File:D:/Epic/UE_4.27/FeaturePacks/TP_PuzzleBP.upack)
[2022.10.10-17.29.10:598][  0]LogPakFile: OnPakFileMounted2Time == 0.000150
[2022.10.10-17.29.10:599][  0]LogPakFile: PakFile PrimaryIndexSize=183
[2022.10.10-17.29.10:599][  0]LogPakFile: PakFile PathHashIndexSize=101
[2022.10.10-17.29.10:599][  0]LogPakFile: PakFile FullDirectoryIndexSize=140
[2022.10.10-17.29.10:599][  0]LogShaderLibrary: Display: ShaderCodeLibraryPakFileMountedCallback: PakFile 'D:/Epic/UE_4.27/FeaturePacks/TP_Rolling.upack' (chunk index -1, root 'root:/') mounted
[2022.10.10-17.29.10:599][  0]LogShaderLibrary: Display: ShaderCodeLibraryPakFileMountedCallback: pending pak file info (ChunkID:-1 Root:root:/ File:D:/Epic/UE_4.27/FeaturePacks/TP_Rolling.upack)
[2022.10.10-17.29.10:599][  0]LogPakFile: OnPakFileMounted2Time == 0.000121
[2022.10.10-17.29.10:600][  0]LogPakFile: PakFile PrimaryIndexSize=185
[2022.10.10-17.29.10:600][  0]LogPakFile: PakFile PathHashIndexSize=101
[2022.10.10-17.29.10:600][  0]LogPakFile: PakFile FullDirectoryIndexSize=144
[2022.10.10-17.29.10:600][  0]LogShaderLibrary: Display: ShaderCodeLibraryPakFileMountedCallback: PakFile 'D:/Epic/UE_4.27/FeaturePacks/TP_RollingBP.upack' (chunk index -1, root 'root:/') mounted
[2022.10.10-17.29.10:600][  0]LogShaderLibrary: Display: ShaderCodeLibraryPakFileMountedCallback: pending pak file info (ChunkID:-1 Root:root:/ File:D:/Epic/UE_4.27/FeaturePacks/TP_RollingBP.upack)
[2022.10.10-17.29.10:600][  0]LogPakFile: OnPakFileMounted2Time == 0.000153
[2022.10.10-17.29.10:600][  0]LogPakFile: PakFile PrimaryIndexSize=188
[2022.10.10-17.29.10:601][  0]LogPakFile: PakFile PathHashIndexSize=101
[2022.10.10-17.29.10:601][  0]LogPakFile: PakFile FullDirectoryIndexSize=150
[2022.10.10-17.29.10:601][  0]LogShaderLibrary: Display: ShaderCodeLibraryPakFileMountedCallback: PakFile 'D:/Epic/UE_4.27/FeaturePacks/TP_SideScroller.upack' (chunk index -1, root 'root:/') mounted
[2022.10.10-17.29.10:601][  0]LogShaderLibrary: Display: ShaderCodeLibraryPakFileMountedCallback: pending pak file info (ChunkID:-1 Root:root:/ File:D:/Epic/UE_4.27/FeaturePacks/TP_SideScroller.upack)
[2022.10.10-17.29.10:601][  0]LogPakFile: OnPakFileMounted2Time == 0.000149
[2022.10.10-17.29.10:601][  0]LogPakFile: PakFile PrimaryIndexSize=190
[2022.10.10-17.29.10:602][  0]LogPakFile: PakFile PathHashIndexSize=101
[2022.10.10-17.29.10:602][  0]LogPakFile: PakFile FullDirectoryIndexSize=154
[2022.10.10-17.29.10:602][  0]LogShaderLibrary: Display: ShaderCodeLibraryPakFileMountedCallback: PakFile 'D:/Epic/UE_4.27/FeaturePacks/TP_SideScrollerBP.upack' (chunk index -1, root 'root:/') mounted
[2022.10.10-17.29.10:602][  0]LogShaderLibrary: Display: ShaderCodeLibraryPakFileMountedCallback: pending pak file info (ChunkID:-1 Root:root:/ File:D:/Epic/UE_4.27/FeaturePacks/TP_SideScrollerBP.upack)
[2022.10.10-17.29.10:602][  0]LogPakFile: OnPakFileMounted2Time == 0.000297
[2022.10.10-17.29.10:603][  0]LogPakFile: PakFile PrimaryIndexSize=187
[2022.10.10-17.29.10:603][  0]LogPakFile: PakFile PathHashIndexSize=101
[2022.10.10-17.29.10:603][  0]LogPakFile: PakFile FullDirectoryIndexSize=148
[2022.10.10-17.29.10:603][  0]LogShaderLibrary: Display: ShaderCodeLibraryPakFileMountedCallback: PakFile 'D:/Epic/UE_4.27/FeaturePacks/TP_ThirdPerson.upack' (chunk index -1, root 'root:/') mounted
[2022.10.10-17.29.10:603][  0]LogShaderLibrary: Display: ShaderCodeLibraryPakFileMountedCallback: pending pak file info (ChunkID:-1 Root:root:/ File:D:/Epic/UE_4.27/FeaturePacks/TP_ThirdPerson.upack)
[2022.10.10-17.29.10:603][  0]LogPakFile: OnPakFileMounted2Time == 0.000122
[2022.10.10-17.29.10:604][  0]LogPakFile: PakFile PrimaryIndexSize=189
[2022.10.10-17.29.10:604][  0]LogPakFile: PakFile PathHashIndexSize=101
[2022.10.10-17.29.10:604][  0]LogPakFile: PakFile FullDirectoryIndexSize=152
[2022.10.10-17.29.10:604][  0]LogShaderLibrary: Display: ShaderCodeLibraryPakFileMountedCallback: PakFile 'D:/Epic/UE_4.27/FeaturePacks/TP_ThirdPersonBP.upack' (chunk index -1, root 'root:/') mounted
[2022.10.10-17.29.10:604][  0]LogShaderLibrary: Display: ShaderCodeLibraryPakFileMountedCallback: pending pak file info (ChunkID:-1 Root:root:/ File:D:/Epic/UE_4.27/FeaturePacks/TP_ThirdPersonBP.upack)
[2022.10.10-17.29.10:604][  0]LogPakFile: OnPakFileMounted2Time == 0.000160
[2022.10.10-17.29.10:604][  0]LogPakFile: PakFile PrimaryIndexSize=183
[2022.10.10-17.29.10:605][  0]LogPakFile: PakFile PathHashIndexSize=101
[2022.10.10-17.29.10:605][  0]LogPakFile: PakFile FullDirectoryIndexSize=140
[2022.10.10-17.29.10:605][  0]LogShaderLibrary: Display: ShaderCodeLibraryPakFileMountedCallback: PakFile 'D:/Epic/UE_4.27/FeaturePacks/TP_TopDown.upack' (chunk index -1, root 'root:/') mounted
[2022.10.10-17.29.10:605][  0]LogShaderLibrary: Display: ShaderCodeLibraryPakFileMountedCallback: pending pak file info (ChunkID:-1 Root:root:/ File:D:/Epic/UE_4.27/FeaturePacks/TP_TopDown.upack)
[2022.10.10-17.29.10:605][  0]LogPakFile: OnPakFileMounted2Time == 0.000130
[2022.10.10-17.29.10:605][  0]LogPakFile: PakFile PrimaryIndexSize=185
[2022.10.10-17.29.10:605][  0]LogPakFile: PakFile PathHashIndexSize=101
[2022.10.10-17.29.10:605][  0]LogPakFile: PakFile FullDirectoryIndexSize=144
[2022.10.10-17.29.10:605][  0]LogShaderLibrary: Display: ShaderCodeLibraryPakFileMountedCallback: PakFile 'D:/Epic/UE_4.27/FeaturePacks/TP_TopDownBP.upack' (chunk index -1, root 'root:/') mounted
[2022.10.10-17.29.10:605][  0]LogShaderLibrary: Display: ShaderCodeLibraryPakFileMountedCallback: pending pak file info (ChunkID:-1 Root:root:/ File:D:/Epic/UE_4.27/FeaturePacks/TP_TopDownBP.upack)
[2022.10.10-17.29.10:606][  0]LogPakFile: OnPakFileMounted2Time == 0.000122
[2022.10.10-17.29.10:606][  0]LogPakFile: PakFile PrimaryIndexSize=185
[2022.10.10-17.29.10:606][  0]LogPakFile: PakFile PathHashIndexSize=101
[2022.10.10-17.29.10:606][  0]LogPakFile: PakFile FullDirectoryIndexSize=144
[2022.10.10-17.29.10:606][  0]LogShaderLibrary: Display: ShaderCodeLibraryPakFileMountedCallback: PakFile 'D:/Epic/UE_4.27/FeaturePacks/TP_TwinStick.upack' (chunk index -1, root 'root:/') mounted
[2022.10.10-17.29.10:606][  0]LogShaderLibrary: Display: ShaderCodeLibraryPakFileMountedCallback: pending pak file info (ChunkID:-1 Root:root:/ File:D:/Epic/UE_4.27/FeaturePacks/TP_TwinStick.upack)
[2022.10.10-17.29.10:606][  0]LogPakFile: OnPakFileMounted2Time == 0.000134
[2022.10.10-17.29.10:607][  0]LogPakFile: PakFile PrimaryIndexSize=187
[2022.10.10-17.29.10:607][  0]LogPakFile: PakFile PathHashIndexSize=101
[2022.10.10-17.29.10:607][  0]LogPakFile: PakFile FullDirectoryIndexSize=148
[2022.10.10-17.29.10:607][  0]LogShaderLibrary: Display: ShaderCodeLibraryPakFileMountedCallback: PakFile 'D:/Epic/UE_4.27/FeaturePacks/TP_TwinStickBP.upack' (chunk index -1, root 'root:/') mounted
[2022.10.10-17.29.10:607][  0]LogShaderLibrary: Display: ShaderCodeLibraryPakFileMountedCallback: pending pak file info (ChunkID:-1 Root:root:/ File:D:/Epic/UE_4.27/FeaturePacks/TP_TwinStickBP.upack)
[2022.10.10-17.29.10:607][  0]LogPakFile: OnPakFileMounted2Time == 0.000123
[2022.10.10-17.29.10:608][  0]LogPakFile: PakFile PrimaryIndexSize=183
[2022.10.10-17.29.10:608][  0]LogPakFile: PakFile PathHashIndexSize=101
[2022.10.10-17.29.10:608][  0]LogPakFile: PakFile FullDirectoryIndexSize=140
[2022.10.10-17.29.10:608][  0]LogShaderLibrary: Display: ShaderCodeLibraryPakFileMountedCallback: PakFile 'D:/Epic/UE_4.27/FeaturePacks/TP_Vehicle.upack' (chunk index -1, root 'root:/') mounted
[2022.10.10-17.29.10:608][  0]LogShaderLibrary: Display: ShaderCodeLibraryPakFileMountedCallback: pending pak file info (ChunkID:-1 Root:root:/ File:D:/Epic/UE_4.27/FeaturePacks/TP_Vehicle.upack)
[2022.10.10-17.29.10:608][  0]LogPakFile: OnPakFileMounted2Time == 0.000156
[2022.10.10-17.29.10:609][  0]LogPakFile: PakFile PrimaryIndexSize=186
[2022.10.10-17.29.10:609][  0]LogPakFile: PakFile PathHashIndexSize=101
[2022.10.10-17.29.10:609][  0]LogPakFile: PakFile FullDirectoryIndexSize=146
[2022.10.10-17.29.10:609][  0]LogShaderLibrary: Display: ShaderCodeLibraryPakFileMountedCallback: PakFile 'D:/Epic/UE_4.27/FeaturePacks/TP_VehicleAdv.upack' (chunk index -1, root 'root:/') mounted
[2022.10.10-17.29.10:609][  0]LogShaderLibrary: Display: ShaderCodeLibraryPakFileMountedCallback: pending pak file info (ChunkID:-1 Root:root:/ File:D:/Epic/UE_4.27/FeaturePacks/TP_VehicleAdv.upack)
[2022.10.10-17.29.10:609][  0]LogPakFile: OnPakFileMounted2Time == 0.000119
[2022.10.10-17.29.10:609][  0]LogPakFile: PakFile PrimaryIndexSize=188
[2022.10.10-17.29.10:610][  0]LogPakFile: PakFile PathHashIndexSize=101
[2022.10.10-17.29.10:610][  0]LogPakFile: PakFile FullDirectoryIndexSize=150
[2022.10.10-17.29.10:610][  0]LogShaderLibrary: Display: ShaderCodeLibraryPakFileMountedCallback: PakFile 'D:/Epic/UE_4.27/FeaturePacks/TP_VehicleAdvBP.upack' (chunk index -1, root 'root:/') mounted
[2022.10.10-17.29.10:610][  0]LogShaderLibrary: Display: ShaderCodeLibraryPakFileMountedCallback: pending pak file info (ChunkID:-1 Root:root:/ File:D:/Epic/UE_4.27/FeaturePacks/TP_VehicleAdvBP.upack)
[2022.10.10-17.29.10:610][  0]LogPakFile: OnPakFileMounted2Time == 0.000125
[2022.10.10-17.29.10:610][  0]LogPakFile: PakFile PrimaryIndexSize=185
[2022.10.10-17.29.10:610][  0]LogPakFile: PakFile PathHashIndexSize=101
[2022.10.10-17.29.10:610][  0]LogPakFile: PakFile FullDirectoryIndexSize=144
[2022.10.10-17.29.10:610][  0]LogShaderLibrary: Display: ShaderCodeLibraryPakFileMountedCallback: PakFile 'D:/Epic/UE_4.27/FeaturePacks/TP_VehicleBP.upack' (chunk index -1, root 'root:/') mounted
[2022.10.10-17.29.10:610][  0]LogShaderLibrary: Display: ShaderCodeLibraryPakFileMountedCallback: pending pak file info (ChunkID:-1 Root:root:/ File:D:/Epic/UE_4.27/FeaturePacks/TP_VehicleBP.upack)
[2022.10.10-17.29.10:610][  0]LogPakFile: OnPakFileMounted2Time == 0.000119
[2022.10.10-17.29.10:611][  0]LogPakFile: PakFile PrimaryIndexSize=192
[2022.10.10-17.29.10:611][  0]LogPakFile: PakFile PathHashIndexSize=101
[2022.10.10-17.29.10:611][  0]LogPakFile: PakFile FullDirectoryIndexSize=158
[2022.10.10-17.29.10:611][  0]LogShaderLibrary: Display: ShaderCodeLibraryPakFileMountedCallback: PakFile 'D:/Epic/UE_4.27/FeaturePacks/TP_VirtualRealityBP.upack' (chunk index -1, root 'root:/') mounted
[2022.10.10-17.29.10:611][  0]LogShaderLibrary: Display: ShaderCodeLibraryPakFileMountedCallback: pending pak file info (ChunkID:-1 Root:root:/ File:D:/Epic/UE_4.27/FeaturePacks/TP_VirtualRealityBP.upack)
[2022.10.10-17.29.10:611][  0]LogPakFile: OnPakFileMounted2Time == 0.000123
[2022.10.10-17.29.10:647][  0]LogNativeClassHierarchy: Verbose: Native class hierarchy updated for 'AddContentDialog' in 0.0002 seconds. Added 0 classes and 0 folders.
[2022.10.10-17.29.10:650][  0]LogNativeClassHierarchy: Verbose: Native class hierarchy updated for 'SceneOutliner' in 0.0003 seconds. Added 2 classes and 0 folders.
[2022.10.10-17.29.10:981][  0]LogSlate: Only BGRA pngs, bmps or icos are supported in by External Image Picker
[2022.10.10-17.29.11:060][  0]LogSlate: Took 0.000139 seconds to synchronously load lazily loaded font '../../../Engine/Content/Slate/Fonts/Roboto-Regular.ttf' (155K)
[2022.10.10-17.29.11:062][  0]LogSlate: Took 0.000136 seconds to synchronously load lazily loaded font '../../../Engine/Content/Editor/Slate/Fonts/FontAwesome.ttf' (139K)
[2022.10.10-17.29.11:063][  0]LogSlate: Took 0.000139 seconds to synchronously load lazily loaded font '../../../Engine/Content/Slate/Fonts/Roboto-Bold.ttf' (160K)
[2022.10.10-17.29.11:151][  0]LogRenderer: Reallocating scene render targets to support 1072x576 Format 10 NumSamples 1 (Frame:1).
[2022.10.10-17.29.11:187][  0]LogSlate: Took 0.000132 seconds to synchronously load lazily loaded font '../../../Engine/Content/Slate/Fonts/Roboto-Light.ttf' (167K)
[2022.10.10-17.29.11:228][  0]LogNativeClassHierarchy: Verbose: Native class hierarchy updated for 'HierarchicalLODOutliner' in 0.0003 seconds. Added 0 classes and 0 folders.
[2022.10.10-17.29.11:229][  0]LogLoad: (Engine Initialization) Total time: 10.81 seconds
[2022.10.10-17.29.11:229][  0]LogLoad: (Engine Initialization) Total Blueprint compile time: 0.00 seconds
[2022.10.10-17.29.11:463][  0]LogAssetRegistry: Asset discovery search completed in 6.2704 seconds
[2022.10.10-17.29.11:467][  0]LogCollectionManager: Fixed up redirectors for 0 collections in 0.000003 seconds (updated 0 objects)
[2022.10.10-17.29.11:469][  0]LogContentStreaming: Texture pool size now 1000 MB
[2022.10.10-17.29.12:533][ 61]LogTemp: Repeating last play command: Selected Viewport
[2022.10.10-17.29.12:537][ 61]LogPlayLevel: PlayLevel: No blueprints needed recompiling
[2022.10.10-17.29.12:538][ 61]PIE: New page: PIE session: FirstPersonExampleMap (10 okt. 2022 21:29:12)
[2022.10.10-17.29.12:540][ 61]LogOnline: OSS: Creating online subsystem instance for: NULL
[2022.10.10-17.29.12:541][ 61]LogOnline: OSS: TryLoadSubsystemAndSetDefault: Loaded subsystem for module [NULL]
[2022.10.10-17.29.12:542][ 61]LogPlayLevel: Creating play world package: /Game/FirstPersonCPP/Maps/UEDPIE_0_FirstPersonExampleMap
[2022.10.10-17.29.12:553][ 61]LogPlayLevel: PIE: StaticDuplicateObject took: (0.010992s)
[2022.10.10-17.29.12:554][ 61]LogAIModule: Creating AISystem for world FirstPersonExampleMap
[2022.10.10-17.29.12:555][ 61]LogPlayLevel: PIE: World Init took: (0.001326s)
[2022.10.10-17.29.12:555][ 61]LogPlayLevel: PIE: Created PIE world by copying editor world from /Game/FirstPersonCPP/Maps/FirstPersonExampleMap.FirstPersonExampleMap to /Game/FirstPersonCPP/Maps/UEDPIE_0_FirstPersonExampleMap.FirstPersonExampleMap (0.012686s)
[2022.10.10-17.29.12:560][ 61]LogUObjectHash: Compacting FUObjectHashTables data took   0.67ms
[2022.10.10-17.29.12:561][ 61]LogAudio: Display: Creating Audio Device:                 Id: 2, Scope: Unique, Realtime: True
[2022.10.10-17.29.12:562][ 61]LogAudioMixer: Display: Audio Mixer Platform Settings:
[2022.10.10-17.29.12:562][ 61]LogAudioMixer: Display: 	Sample Rate:						  48000
[2022.10.10-17.29.12:562][ 61]LogAudioMixer: Display: 	Callback Buffer Frame Size Requested: 1024
[2022.10.10-17.29.12:562][ 61]LogAudioMixer: Display: 	Callback Buffer Frame Size To Use:	  1024
[2022.10.10-17.29.12:562][ 61]LogAudioMixer: Display: 	Number of buffers to queue:			  2
[2022.10.10-17.29.12:562][ 61]LogAudioMixer: Display: 	Max Channels (voices):				  32
[2022.10.10-17.29.12:562][ 61]LogAudioMixer: Display: 	Number of Async Source Workers:		  0
[2022.10.10-17.29.12:562][ 61]LogAudio: Display: AudioDevice MaxSources: 32
[2022.10.10-17.29.12:562][ 61]LogAudio: Display: Audio Spatialization Plugin: None (built-in).
[2022.10.10-17.29.12:563][ 61]LogAudio: Display: Audio Reverb Plugin: None (built-in).
[2022.10.10-17.29.12:563][ 61]LogAudio: Display: Audio Occlusion Plugin: None (built-in).
[2022.10.10-17.29.12:563][ 61]LogAudioMixer: Display: Initializing audio mixer.
[2022.10.10-17.29.12:569][ 61]LogAudioMixer: Display: 0: FrontLeft
[2022.10.10-17.29.12:569][ 61]LogAudioMixer: Display: 1: FrontRight
[2022.10.10-17.29.12:804][ 61]LogAudioMixer: Display: Using Audio Device Speaker (Realtek(R) Audio)
[2022.10.10-17.29.12:804][ 61]LogAudioMixer: Display: Initializing Sound Submixes...
[2022.10.10-17.29.12:804][ 61]LogAudioMixer: Display: Creating Master Submix 'MasterSubmixDefault'
[2022.10.10-17.29.12:805][ 61]LogAudioMixer: Display: Creating Master Submix 'MasterReverbSubmixDefault'
[2022.10.10-17.29.12:805][ 61]LogAudioMixer: Display: Creating Master Submix 'MasterEQSubmixDefault'
[2022.10.10-17.29.12:805][ 61]LogAudioMixer: FMixerPlatformXAudio2::StartAudioStream() called
[2022.10.10-17.29.12:805][ 61]LogAudioMixer: Display: Output buffers initialized: Frames=1024, Channels=2, Samples=2048
[2022.10.10-17.29.12:807][ 61]LogAudioMixer: Display: Starting AudioMixerPlatformInterface::RunInternal()
[2022.10.10-17.29.12:808][ 61]LogAudioMixer: Display: FMixerPlatformXAudio2::SubmitBuffer() called for the first time
[2022.10.10-17.29.12:808][ 61]LogInit: FAudioDevice initialized.
[2022.10.10-17.29.12:808][ 61]LogAudio: Display: Audio Device (ID: 2) registered with world 'FirstPersonExampleMap'.
[2022.10.10-17.29.12:818][ 61]LogLoad: Game class is 'WaveManager_C'
[2022.10.10-17.29.12:819][ 61]LogWorld: Bringing World /Game/FirstPersonCPP/Maps/UEDPIE_0_FirstPersonExampleMap.FirstPersonExampleMap up for play (max tick rate 60) at 2022.10.10-19.29.12
[2022.10.10-17.29.12:820][ 61]LogWorld: Bringing up level for play took: 0.001685
[2022.10.10-17.29.12:821][ 61]LogOnline: OSS: Creating online subsystem instance for: :Context_5
[2022.10.10-17.29.12:825][ 61]LogNativeClassHierarchy: Verbose: Native class hierarchy updated for 'MovieSceneCapture' in 0.0003 seconds. Added 20 classes and 0 folders.
[2022.10.10-17.29.12:826][ 61]PIE: Server logged in
[2022.10.10-17.29.12:828][ 61]PIE: Play in editor total start time 0,291 seconds.
[2022.10.10-17.29.27:952][936]LogProjectileMovement: Warning: GetSimulationTimeStep() - Max iterations 4 hit while remaining time 0.080137 > MaxSimulationTimeStep (0.050) for '/Game/FirstPersonCPP/Maps/UEDPIE_0_FirstPersonExampleMap.FirstPersonExampleMap:PersistentLevel.FirstPersonProjectile_C_8.SphereComp'
[2022.10.10-17.29.27:953][936]LogProjectileMovement: Warning: GetSimulationTimeStep() - Max iterations 4 hit while remaining time 0.078401 > MaxSimulationTimeStep (0.050) for '/Game/FirstPersonCPP/Maps/UEDPIE_0_FirstPersonExampleMap.FirstPersonExampleMap:PersistentLevel.FirstPersonProjectile_C_7.SphereComp'
[2022.10.10-17.29.50:566][281]LogSlate: Updating window title bar state: overlay mode, drag disabled, window buttons hidden, title bar hidden
[2022.10.10-17.29.50:566][281]LogWorld: BeginTearingDown for /Game/FirstPersonCPP/Maps/UEDPIE_0_FirstPersonExampleMap
[2022.10.10-17.29.50:567][281]LogWorld: UWorld::CleanupWorld for FirstPersonExampleMap, bSessionEnded=true, bCleanupResources=true
[2022.10.10-17.29.50:567][281]LogSlate: InvalidateAllWidgets triggered.  All widgets were invalidated
[2022.10.10-17.29.50:583][281]LogPlayLevel: Display: Shutting down PIE online subsystems
[2022.10.10-17.29.50:584][281]LogSlate: InvalidateAllWidgets triggered.  All widgets were invalidated
[2022.10.10-17.29.50:589][281]LogAudio: Display: Audio Device unregistered from world 'None'.
[2022.10.10-17.29.50:590][281]LogAudioMixer: FMixerPlatformXAudio2::StopAudioStream() called
[2022.10.10-17.29.50:590][281]LogAudioMixer: FMixerPlatformXAudio2::StopAudioStream() called
[2022.10.10-17.29.50:596][281]LogSlate: Updating window title bar state: overlay mode, drag disabled, window buttons hidden, title bar hidden
[2022.10.10-17.29.50:598][281]LogUObjectHash: Compacting FUObjectHashTables data took   0.65ms
[2022.10.10-17.29.50:639][283]LogPlayLevel: Display: Destroying online subsystem :Context_5
[2022.10.10-18.41.09:715][473]LogUObjectHash: Compacting FUObjectHashTables data took   9.72ms
