Log file open, 09/14/23 12:23:31
LogWindows: Failed to load 'aqProf.dll' (GetLastError=126)
LogWindows: File 'aqProf.dll' does not exist
LogWindows: Failed to load 'VtuneApi.dll' (GetLastError=126)
LogWindows: File 'VtuneApi.dll' does not exist
LogWindows: Failed to load 'VtuneApi32e.dll' (GetLastError=126)
LogWindows: File 'VtuneApi32e.dll' does not exist
LogConsoleResponse: Display: Failed to find resolution value strings in scalability ini. Falling back to default.
LogConsoleResponse: Display: Failed to find resolution value strings in scalability ini. Falling back to default.
LogInit: Display: Running engine for game: Zombone
LogPlatformFile: Not using cached read wrapper
LogTaskGraph: Started task graph with 5 named threads and 35 total threads with 3 sets of task threads.
LogStats: Stats thread started at 0.336539
LogICUInternationalization: ICU TimeZone Detection - Raw Offset: +1:00, Platform Override: ''
LogInit: Display: Loading text-based GConfig....
LogPluginManager: Mounting plugin MeshPainting
LogPluginManager: Mounting plugin XGEController
LogPluginManager: Mounting plugin AISupport
LogPluginManager: Mounting plugin Paper2D
LogPluginManager: Mounting plugin EnvironmentQueryEditor
LogPluginManager: Mounting plugin LightPropagationVolume
LogPluginManager: Mounting plugin GameplayCameras
LogPluginManager: Mounting plugin CameraShakePreviewer
LogPluginManager: Mounting plugin OodleData
LogPluginManager: Mounting plugin OodleNetwork
LogPluginManager: Mounting plugin AssetManagerEditor
LogPluginManager: Mounting plugin CryptoKeys
LogPluginManager: Mounting plugin CurveEditorTools
LogPluginManager: Mounting plugin DataValidation
LogPluginManager: Mounting plugin FacialAnimation
LogPluginManager: Mounting plugin GameplayTagsEditor
LogPluginManager: Mounting plugin GeometryMode
LogPluginManager: Mounting plugin MacGraphicsSwitching
LogPluginManager: Mounting plugin MobileLauncherProfileWizard
LogPluginManager: Mounting plugin PluginBrowser
LogPluginManager: Mounting plugin SpeedTreeImporter
LogPluginManager: Mounting plugin CLionSourceCodeAccess
LogPluginManager: Mounting plugin AnimationSharing
LogPluginManager: Mounting plugin LiveLink
LogPluginManager: Mounting plugin CodeLiteSourceCodeAccess
LogPluginManager: Mounting plugin DatasmithContent
LogPluginManager: Mounting plugin KDevelopSourceCodeAccess
LogPluginManager: Mounting plugin GitSourceControl
LogPluginManager: Mounting plugin NullSourceCodeAccess
LogPluginManager: Mounting plugin PerforceSourceControl
LogPluginManager: Mounting plugin PixWinPlugin
LogPluginManager: Mounting plugin PlasticSourceControl
LogPluginManager: Mounting plugin PluginUtils
LogPluginManager: Mounting plugin PropertyAccessNode
LogPluginManager: Mounting plugin RiderSourceCodeAccess
LogPluginManager: Mounting plugin TextureFormatOodle
LogPluginManager: Mounting plugin SubversionSourceControl
LogPluginManager: Mounting plugin UObjectPlugin
LogPluginManager: Mounting plugin VariantManagerContent
LogPluginManager: Mounting plugin VisualStudioSourceCodeAccess
LogPluginManager: Mounting plugin VisualStudioCodeSourceCodeAccess
LogPluginManager: Mounting plugin MaterialAnalyzer
LogPluginManager: Mounting plugin Niagara
LogPluginManager: Mounting plugin AlembicImporter
LogPluginManager: Mounting plugin BackChannel
LogPluginManager: Mounting plugin AutomationUtils
LogPluginManager: Mounting plugin XCodeSourceCodeAccess
LogPluginManager: Mounting plugin ChaosCloth
LogPluginManager: Mounting plugin ChaosClothEditor
LogPluginManager: Mounting plugin ChaosEditor
LogPluginManager: Mounting plugin ChaosSolverPlugin
LogPluginManager: Mounting plugin ChaosNiagara
LogPluginManager: Mounting plugin AndroidMedia
LogPluginManager: Mounting plugin AvfMedia
LogPluginManager: Mounting plugin ImgMedia
LogPluginManager: Mounting plugin MediaCompositing
LogPluginManager: Mounting plugin MediaPlayerEditor
LogPluginManager: Mounting plugin WebMMedia
LogPluginManager: Mounting plugin WmfMedia
LogPluginManager: Mounting plugin TcpMessaging
LogPluginManager: Mounting plugin UdpMessaging
LogPluginManager: Mounting plugin OnlineSubsystem
LogPluginManager: Mounting plugin OnlineSubsystemNull
LogPluginManager: Mounting plugin OnlineSubsystemUtils
LogPluginManager: Mounting plugin CharacterAI
LogPluginManager: Mounting plugin GeometryCache
LogPluginManager: Mounting plugin GeometryCollectionPlugin
LogPluginManager: Mounting plugin LauncherChunkInstaller
LogPluginManager: Mounting plugin GeometryProcessing
LogPluginManager: Mounting plugin OpenImageDenoise
LogPluginManager: Mounting plugin MotoSynth
LogPluginManager: Mounting plugin PlanarCut
LogPluginManager: Mounting plugin PlatformCrypto
LogPluginManager: Mounting plugin ProxyLODPlugin
LogPluginManager: Mounting plugin PythonScriptPlugin
LogPluginManager: Mounting plugin SkeletalReduction
LogPluginManager: Mounting plugin ActorLayerUtilities
LogPluginManager: Mounting plugin AndroidMoviePlayer
LogPluginManager: Mounting plugin AndroidDeviceProfileSelector
LogPluginManager: Mounting plugin AndroidPermission
LogPluginManager: Mounting plugin AppleImageUtils
LogPluginManager: Mounting plugin AppleMoviePlayer
LogPluginManager: Mounting plugin ActorSequence
LogPluginManager: Mounting plugin ArchVisCharacter
LogPluginManager: Mounting plugin AssetTags
LogPluginManager: Mounting plugin AudioCapture
LogPluginManager: Mounting plugin AudioSynesthesia
LogPluginManager: Mounting plugin CableComponent
LogPluginManager: Mounting plugin ChunkDownloader
LogPluginManager: Mounting plugin CustomMeshComponent
LogPluginManager: Mounting plugin EditableMesh
LogPluginManager: Mounting plugin ExampleDeviceProfileSelector
LogPluginManager: Mounting plugin ScreenshotTools
LogPluginManager: Mounting plugin GoogleCloudMessaging
LogPluginManager: Mounting plugin GooglePAD
LogPluginManager: Mounting plugin LevelSequenceEditor
LogPluginManager: Mounting plugin MatineeToLevelSequence
LogPluginManager: Mounting plugin TemplateSequence
LogPluginManager: Mounting plugin IOSDeviceProfileSelector
LogPluginManager: Mounting plugin LinuxDeviceProfileSelector
LogPluginManager: Mounting plugin LocationServicesBPLibrary
LogPluginManager: Mounting plugin MobilePatchingUtils
LogPluginManager: Mounting plugin OpenXR
LogPluginManager: Mounting plugin OpenXRHandTracking
LogPluginManager: Mounting plugin OpenXREyeTracker
LogPluginManager: Mounting plugin PhysXVehicles
LogPluginManager: Mounting plugin PostSplashScreen
LogPluginManager: Mounting plugin PropertyAccessEditor
LogPluginManager: Mounting plugin ProceduralMeshComponent
LogPluginManager: Mounting plugin RuntimePhysXCooking
LogPluginManager: Mounting plugin SignificanceManager
LogPluginManager: Mounting plugin SoundFields
LogPluginManager: Mounting plugin Synthesis
LogPluginManager: Mounting plugin WebMMoviePlayer
LogPluginManager: Mounting plugin WindowsMoviePlayer
LogPluginManager: Mounting plugin Takes
LogPluginManager: Mounting plugin LuminPlatformFeatures
LogPluginManager: Mounting plugin MagicLeap
LogPluginManager: Mounting plugin MagicLeapPassableWorld
LogPluginManager: Mounting plugin MagicLeapMedia
LogPluginManager: Mounting plugin MLSDK
LogPluginManager: Mounting plugin MagicLeapLightEstimation
LogPluginManager: Mounting plugin ContentBrowserAssetDataSource
LogPluginManager: Mounting plugin ContentBrowserClassDataSource
LogPluginManager: Mounting plugin ContentBrowserFileDataSource
LogPluginManager: Mounting plugin OnlineSubsystemGooglePlay
LogPluginManager: Mounting plugin OnlineSubsystemIOS
LogPluginManager: Mounting plugin OculusVR
LogPluginManager: Mounting plugin SteamVR
PixWinPlugin: PIX capture plugin failed to initialize! Check that the process is launched from PIX.
LogInit: Using libcurl 7.55.1-DEV
LogInit:  - built for x86_64-pc-win32
LogInit:  - supports SSL with OpenSSL/1.1.1
LogInit:  - supports HTTP deflate (compression) using libz 1.2.8
LogInit:  - other features:
LogInit:      CURL_VERSION_SSL
LogInit:      CURL_VERSION_LIBZ
LogInit:      CURL_VERSION_IPV6
LogInit:      CURL_VERSION_ASYNCHDNS
LogInit:      CURL_VERSION_LARGEFILE
LogInit:      CURL_VERSION_IDN
LogInit:  CurlRequestOptions (configurable via config and command line):
LogInit:  - bVerifyPeer = true  - Libcurl will verify peer certificate
LogInit:  - bUseHttpProxy = false  - Libcurl will NOT use HTTP proxy
LogInit:  - bDontReuseConnections = false  - Libcurl will reuse connections
LogInit:  - MaxHostConnections = 16  - Libcurl will limit the number of connections to a host
LogInit:  - LocalHostAddr = Default
LogInit:  - BufferSize = 65536
LogOnline: OSS: Creating online subsystem instance for: NULL
LogInit: WinSock: version 1.1 (2.2), MaxSocks=32767, MaxUdp=65467
LogOnline: OSS: TryLoadSubsystemAndSetDefault: Loaded subsystem for module [NULL]
LogOculusPluginWrapper: OculusPlugin initialized successfully
LogHMD: Failed initializing OVRPlugin 1.59.0
LogInit: Build: ++UE4+Release-4.27-CL-18319896
LogInit: Engine Version: 4.27.2-18319896+++UE4+Release-4.27
LogInit: Compatible Engine Version: 4.27.0-17155196+++UE4+Release-4.27
LogInit: Net CL: 17155196
LogInit: OS: Windows 10 (Release 2009) (), CPU: Intel(R) Core(TM) i7-7800X CPU @ 3.50GHz, GPU: NVIDIA GeForce GTX 1060 6GB
LogInit: Compiled (64-bit): Nov 30 2021 07:12:08
LogInit: Compiled with Visual C++: 19.24.28315.00
LogInit: Build Configuration: Development
LogInit: Branch Name: ++UE4+Release-4.27
LogInit: Command Line:  -skipcompile
LogInit: Base Directory: D:/Epic Games/UE_4.27/Engine/Binaries/Win64/
LogInit: Allocator: TBB
LogInit: Installed Engine Build: 1
LogDevObjectVersion: Number of dev versions registered: 29
LogDevObjectVersion:   Dev-Blueprints (B0D832E4-1F89-4F0D-ACCF-7EB736FD4AA2): 10
LogDevObjectVersion:   Dev-Build (E1C64328-A22C-4D53-A36C-8E866417BD8C): 0
LogDevObjectVersion:   Dev-Core (375EC13C-06E4-48FB-B500-84F0262A717E): 4
LogDevObjectVersion:   Dev-Editor (E4B068ED-F494-42E9-A231-DA0B2E46BB41): 40
LogDevObjectVersion:   Dev-Framework (CFFC743F-43B0-4480-9391-14DF171D2073): 37
LogDevObjectVersion:   Dev-Mobile (B02B49B5-BB20-44E9-A304-32B752E40360): 3
LogDevObjectVersion:   Dev-Networking (A4E4105C-59A1-49B5-A7C5-40C4547EDFEE): 0
LogDevObjectVersion:   Dev-Online (39C831C9-5AE6-47DC-9A44-9C173E1C8E7C): 0
LogDevObjectVersion:   Dev-Physics (78F01B33-EBEA-4F98-B9B4-84EACCB95AA2): 14
LogDevObjectVersion:   Dev-Platform (6631380F-2D4D-43E0-8009-CF276956A95A): 0
LogDevObjectVersion:   Dev-Rendering (12F88B9F-8875-4AFC-A67C-D90C383ABD29): 45
LogDevObjectVersion:   Dev-Sequencer (7B5AE74C-D270-4C10-A958-57980B212A5A): 13
LogDevObjectVersion:   Dev-VR (D7296918-1DD6-4BDD-9DE2-64A83CC13884): 3
LogDevObjectVersion:   Dev-LoadTimes (C2A15278-BFE7-4AFE-6C17-90FF531DF755): 1
LogDevObjectVersion:   Private-Geometry (6EACA3D4-40EC-4CC1-B786-8BED09428FC5): 3
LogDevObjectVersion:   Dev-AnimPhys (29E575DD-E0A3-4627-9D10-D276232CDCEA): 17
LogDevObjectVersion:   Dev-Anim (AF43A65D-7FD3-4947-9873-3E8ED9C1BB05): 15
LogDevObjectVersion:   Dev-ReflectionCapture (6B266CEC-1EC7-4B8F-A30B-E4D90942FC07): 1
LogDevObjectVersion:   Dev-Automation (0DF73D61-A23F-47EA-B727-89E90C41499A): 1
LogDevObjectVersion:   FortniteMain (601D1886-AC64-4F84-AA16-D3DE0DEAC7D6): 47
LogDevObjectVersion:   FortniteRelease (E7086368-6B23-4C58-8439-1B7016265E91): 1
LogDevObjectVersion:   Dev-Enterprise (9DFFBCD6-494F-0158-E221-12823C92A888): 10
LogDevObjectVersion:   Dev-Niagara (F2AED0AC-9AFE-416F-8664-AA7FFA26D6FC): 1
LogDevObjectVersion:   Dev-Destruction (174F1F0B-B4C6-45A5-B13F-2EE8D0FB917D): 10
LogDevObjectVersion:   Dev-Physics-Ext (35F94A83-E258-406C-A318-09F59610247C): 41
LogDevObjectVersion:   Dev-PhysicsMaterial-Chaos (B68FC16E-8B1B-42E2-B453-215C058844FE): 1
LogDevObjectVersion:   Dev-CineCamera (B2E18506-4273-CFC2-A54E-F4BB758BBA07): 1
LogDevObjectVersion:   Dev-VirtualProduction (64F58936-FD1B-42BA-BA96-7289D5D0FA4E): 1
LogDevObjectVersion:   Dev-MediaFramework (6F0ED827-A609-4895-9C91-998D90180EA4): 2
LogInit: Presizing for max 25165824 objects, including 0 objects not considered by GC, pre-allocating 0 bytes for permanent pool.
LogConfig: Applying CVar settings from Section [/Script/Engine.StreamingSettings] File [E:/Portfolio/Unreal/FPS_Game/Zombone/Saved/Config/Windows/Engine.ini]
LogConfig: Setting CVar [[s.MinBulkDataSizeForAsyncLoading:131072]]
LogConfig: Setting CVar [[s.AsyncLoadingThreadEnabled:0]]
LogConfig: Setting CVar [[s.EventDrivenLoaderEnabled:1]]
LogConfig: Setting CVar [[s.WarnIfTimeLimitExceeded:0]]
LogConfig: Setting CVar [[s.TimeLimitExceededMultiplier:1.5]]
LogConfig: Setting CVar [[s.TimeLimitExceededMinTime:0.005]]
LogConfig: Setting CVar [[s.UseBackgroundLevelStreaming:1]]
LogConfig: Setting CVar [[s.PriorityAsyncLoadingExtraTime:15.0]]
LogConfig: Setting CVar [[s.LevelStreamingActorsUpdateTimeLimit:5.0]]
LogConfig: Setting CVar [[s.PriorityLevelStreamingActorsUpdateExtraTime:5.0]]
LogConfig: Setting CVar [[s.LevelStreamingComponentsRegistrationGranularity:10]]
LogConfig: Setting CVar [[s.UnregisterComponentsTimeLimit:1.0]]
LogConfig: Setting CVar [[s.LevelStreamingComponentsUnregistrationGranularity:5]]
LogConfig: Setting CVar [[s.FlushStreamingOnExit:1]]
LogInit: Object subsystem initialized
LogConfig: Setting CVar [[con.DebugEarlyDefault:1]]
LogConfig: Setting CVar [[r.setres:1280x720]]
[2023.09.14-10.23.33:353][  0]LogConfig: Setting CVar [[r.VSync:0]]
[2023.09.14-10.23.33:354][  0]LogConfig: Setting CVar [[r.RHICmdBypass:0]]
[2023.09.14-10.23.33:354][  0]LogConfig: Applying CVar settings from Section [/Script/Engine.RendererSettings] File [E:/Portfolio/Unreal/FPS_Game/Zombone/Saved/Config/Windows/Engine.ini]
[2023.09.14-10.23.33:354][  0]LogConfig: Setting CVar [[r.GPUCrashDebugging:0]]
[2023.09.14-10.23.33:354][  0]LogConfig: Applying CVar settings from Section [/Script/Engine.RendererOverrideSettings] File [E:/Portfolio/Unreal/FPS_Game/Zombone/Saved/Config/Windows/Engine.ini]
[2023.09.14-10.23.33:354][  0]LogConfig: Applying CVar settings from Section [/Script/Engine.StreamingSettings] File [E:/Portfolio/Unreal/FPS_Game/Zombone/Saved/Config/Windows/Engine.ini]
[2023.09.14-10.23.33:354][  0]LogConfig: Setting CVar [[s.MinBulkDataSizeForAsyncLoading:131072]]
[2023.09.14-10.23.33:354][  0]LogConfig: Setting CVar [[s.AsyncLoadingThreadEnabled:0]]
[2023.09.14-10.23.33:354][  0]LogConfig: Setting CVar [[s.EventDrivenLoaderEnabled:1]]
[2023.09.14-10.23.33:354][  0]LogConfig: Setting CVar [[s.WarnIfTimeLimitExceeded:0]]
[2023.09.14-10.23.33:354][  0]LogConfig: Setting CVar [[s.TimeLimitExceededMultiplier:1.5]]
[2023.09.14-10.23.33:354][  0]LogConfig: Setting CVar [[s.TimeLimitExceededMinTime:0.005]]
[2023.09.14-10.23.33:354][  0]LogConfig: Setting CVar [[s.UseBackgroundLevelStreaming:1]]
[2023.09.14-10.23.33:354][  0]LogConfig: Setting CVar [[s.PriorityAsyncLoadingExtraTime:15.0]]
[2023.09.14-10.23.33:354][  0]LogConfig: Setting CVar [[s.LevelStreamingActorsUpdateTimeLimit:5.0]]
[2023.09.14-10.23.33:354][  0]LogConfig: Setting CVar [[s.PriorityLevelStreamingActorsUpdateExtraTime:5.0]]
[2023.09.14-10.23.33:354][  0]LogConfig: Setting CVar [[s.LevelStreamingComponentsRegistrationGranularity:10]]
[2023.09.14-10.23.33:354][  0]LogConfig: Setting CVar [[s.UnregisterComponentsTimeLimit:1.0]]
[2023.09.14-10.23.33:354][  0]LogConfig: Setting CVar [[s.LevelStreamingComponentsUnregistrationGranularity:5]]
[2023.09.14-10.23.33:355][  0]LogConfig: Setting CVar [[s.FlushStreamingOnExit:1]]
[2023.09.14-10.23.33:355][  0]LogConfig: Applying CVar settings from Section [/Script/Engine.GarbageCollectionSettings] File [E:/Portfolio/Unreal/FPS_Game/Zombone/Saved/Config/Windows/Engine.ini]
[2023.09.14-10.23.33:355][  0]LogConfig: Setting CVar [[gc.MaxObjectsNotConsideredByGC:1]]
[2023.09.14-10.23.33:355][  0]LogConfig: Setting CVar [[gc.SizeOfPermanentObjectPool:0]]
[2023.09.14-10.23.33:355][  0]LogConfig: Setting CVar [[gc.FlushStreamingOnGC:0]]
[2023.09.14-10.23.33:355][  0]LogConfig: Setting CVar [[gc.NumRetriesBeforeForcingGC:10]]
[2023.09.14-10.23.33:355][  0]LogConfig: Setting CVar [[gc.AllowParallelGC:1]]
[2023.09.14-10.23.33:355][  0]LogConfig: Setting CVar [[gc.TimeBetweenPurgingPendingKillObjects:61.1]]
[2023.09.14-10.23.33:355][  0]LogConfig: Setting CVar [[gc.MaxObjectsInEditor:25165824]]
[2023.09.14-10.23.33:355][  0]LogConfig: Setting CVar [[gc.IncrementalBeginDestroyEnabled:1]]
[2023.09.14-10.23.33:355][  0]LogConfig: Setting CVar [[gc.CreateGCClusters:1]]
[2023.09.14-10.23.33:355][  0]LogConfig: Setting CVar [[gc.MinGCClusterSize:5]]
[2023.09.14-10.23.33:355][  0]LogConfig: Setting CVar [[gc.ActorClusteringEnabled:0]]
[2023.09.14-10.23.33:355][  0]LogConfig: Setting CVar [[gc.BlueprintClusteringEnabled:0]]
[2023.09.14-10.23.33:355][  0]LogConfig: Setting CVar [[gc.UseDisregardForGCOnDedicatedServers:0]]
[2023.09.14-10.23.33:355][  0]LogConfig: Setting CVar [[gc.MultithreadedDestructionEnabled:1]]
[2023.09.14-10.23.33:355][  0]LogConfig: Applying CVar settings from Section [/Script/Engine.NetworkSettings] File [E:/Portfolio/Unreal/FPS_Game/Zombone/Saved/Config/Windows/Engine.ini]
[2023.09.14-10.23.33:356][  0]LogConfig: Applying CVar settings from Section [/Script/UnrealEd.CookerSettings] File [E:/Portfolio/Unreal/FPS_Game/Zombone/Saved/Config/Windows/Engine.ini]
[2023.09.14-10.23.33:369][  0]LogConfig: Applying CVar settings from Section [ViewDistanceQuality@3] File [E:/Portfolio/Unreal/FPS_Game/Zombone/Saved/Config/Windows/Scalability.ini]
[2023.09.14-10.23.33:369][  0]LogConfig: Setting CVar [[r.SkeletalMeshLODBias:0]]
[2023.09.14-10.23.33:370][  0]LogConfig: Setting CVar [[r.ViewDistanceScale:1.0]]
[2023.09.14-10.23.33:370][  0]LogConfig: Applying CVar settings from Section [AntiAliasingQuality@3] File [E:/Portfolio/Unreal/FPS_Game/Zombone/Saved/Config/Windows/Scalability.ini]
[2023.09.14-10.23.33:370][  0]LogConfig: Setting CVar [[r.PostProcessAAQuality:4]]
[2023.09.14-10.23.33:370][  0]LogConfig: Applying CVar settings from Section [ShadowQuality@3] File [E:/Portfolio/Unreal/FPS_Game/Zombone/Saved/Config/Windows/Scalability.ini]
[2023.09.14-10.23.33:370][  0]LogConfig: Setting CVar [[r.LightFunctionQuality:1]]
[2023.09.14-10.23.33:370][  0]LogConfig: Setting CVar [[r.ShadowQuality:5]]
[2023.09.14-10.23.33:370][  0]LogConfig: Setting CVar [[r.Shadow.CSM.MaxCascades:10]]
[2023.09.14-10.23.33:370][  0]LogConfig: Setting CVar [[r.Shadow.MaxResolution:2048]]
[2023.09.14-10.23.33:370][  0]LogConfig: Setting CVar [[r.Shadow.MaxCSMResolution:2048]]
[2023.09.14-10.23.33:370][  0]LogConfig: Setting CVar [[r.Shadow.RadiusThreshold:0.01]]
[2023.09.14-10.23.33:370][  0]LogConfig: Setting CVar [[r.Shadow.DistanceScale:1.0]]
[2023.09.14-10.23.33:370][  0]LogConfig: Setting CVar [[r.Shadow.CSM.TransitionScale:1.0]]
[2023.09.14-10.23.33:370][  0]LogConfig: Setting CVar [[r.Shadow.PreShadowResolutionFactor:1.0]]
[2023.09.14-10.23.33:370][  0]LogConfig: Setting CVar [[r.DistanceFieldShadowing:1]]
[2023.09.14-10.23.33:370][  0]LogConfig: Setting CVar [[r.DistanceFieldAO:1]]
[2023.09.14-10.23.33:370][  0]LogConfig: Setting CVar [[r.AOQuality:2]]
[2023.09.14-10.23.33:370][  0]LogConfig: Setting CVar [[r.VolumetricFog:1]]
[2023.09.14-10.23.33:370][  0]LogConfig: Setting CVar [[r.VolumetricFog.GridPixelSize:8]]
[2023.09.14-10.23.33:371][  0]LogConfig: Setting CVar [[r.VolumetricFog.GridSizeZ:128]]
[2023.09.14-10.23.33:371][  0]LogConfig: Setting CVar [[r.VolumetricFog.HistoryMissSupersampleCount:4]]
[2023.09.14-10.23.33:371][  0]LogConfig: Setting CVar [[r.LightMaxDrawDistanceScale:1]]
[2023.09.14-10.23.33:371][  0]LogConfig: Setting CVar [[r.CapsuleShadows:1]]
[2023.09.14-10.23.33:371][  0]LogConfig: Applying CVar settings from Section [PostProcessQuality@3] File [E:/Portfolio/Unreal/FPS_Game/Zombone/Saved/Config/Windows/Scalability.ini]
[2023.09.14-10.23.33:371][  0]LogConfig: Setting CVar [[r.MotionBlurQuality:4]]
[2023.09.14-10.23.33:371][  0]LogConfig: Setting CVar [[r.AmbientOcclusionMipLevelFactor:0.4]]
[2023.09.14-10.23.33:371][  0]LogConfig: Setting CVar [[r.AmbientOcclusionMaxQuality:100]]
[2023.09.14-10.23.33:371][  0]LogConfig: Setting CVar [[r.AmbientOcclusionLevels:-1]]
[2023.09.14-10.23.33:371][  0]LogConfig: Setting CVar [[r.AmbientOcclusionRadiusScale:1.0]]
[2023.09.14-10.23.33:371][  0]LogConfig: Setting CVar [[r.DepthOfFieldQuality:2]]
[2023.09.14-10.23.33:371][  0]LogConfig: Setting CVar [[r.RenderTargetPoolMin:400]]
[2023.09.14-10.23.33:371][  0]LogConfig: Setting CVar [[r.LensFlareQuality:2]]
[2023.09.14-10.23.33:371][  0]LogConfig: Setting CVar [[r.SceneColorFringeQuality:1]]
[2023.09.14-10.23.33:371][  0]LogConfig: Setting CVar [[r.EyeAdaptationQuality:2]]
[2023.09.14-10.23.33:371][  0]LogConfig: Setting CVar [[r.BloomQuality:5]]
[2023.09.14-10.23.33:371][  0]LogConfig: Setting CVar [[r.FastBlurThreshold:100]]
[2023.09.14-10.23.33:371][  0]LogConfig: Setting CVar [[r.Upscale.Quality:3]]
[2023.09.14-10.23.33:372][  0]LogConfig: Setting CVar [[r.Tonemapper.GrainQuantization:1]]
[2023.09.14-10.23.33:372][  0]LogConfig: Setting CVar [[r.LightShaftQuality:1]]
[2023.09.14-10.23.33:372][  0]LogConfig: Setting CVar [[r.Filter.SizeScale:1]]
[2023.09.14-10.23.33:372][  0]LogConfig: Setting CVar [[r.Tonemapper.Quality:5]]
[2023.09.14-10.23.33:372][  0]LogConfig: Setting CVar [[r.DOF.Gather.AccumulatorQuality:1        ; higher gathering accumulator quality]]
[2023.09.14-10.23.33:372][  0]LogConfig: Setting CVar [[r.DOF.Gather.PostfilterMethod:1          ; Median3x3 postfilering method]]
[2023.09.14-10.23.33:372][  0]LogConfig: Setting CVar [[r.DOF.Gather.EnableBokehSettings:0       ; no bokeh simulation when gathering]]
[2023.09.14-10.23.33:372][  0]LogConfig: Setting CVar [[r.DOF.Gather.RingCount:4                 ; medium number of samples when gathering]]
[2023.09.14-10.23.33:372][  0]LogConfig: Setting CVar [[r.DOF.Scatter.ForegroundCompositing:1    ; additive foreground scattering]]
[2023.09.14-10.23.33:372][  0]LogConfig: Setting CVar [[r.DOF.Scatter.BackgroundCompositing:2    ; additive background scattering]]
[2023.09.14-10.23.33:372][  0]LogConfig: Setting CVar [[r.DOF.Scatter.EnableBokehSettings:1      ; bokeh simulation when scattering]]
[2023.09.14-10.23.33:372][  0]LogConfig: Setting CVar [[r.DOF.Scatter.MaxSpriteRatio:0.1         ; only a maximum of 10% of scattered bokeh]]
[2023.09.14-10.23.33:372][  0]LogConfig: Setting CVar [[r.DOF.Recombine.Quality:1                ; cheap slight out of focus]]
[2023.09.14-10.23.33:372][  0]LogConfig: Setting CVar [[r.DOF.Recombine.EnableBokehSettings:0    ; no bokeh simulation on slight out of focus]]
[2023.09.14-10.23.33:372][  0]LogConfig: Setting CVar [[r.DOF.TemporalAAQuality:1                ; more stable temporal accumulation]]
[2023.09.14-10.23.33:372][  0]LogConfig: Setting CVar [[r.DOF.Kernel.MaxForegroundRadius:0.025]]
[2023.09.14-10.23.33:372][  0]LogConfig: Setting CVar [[r.DOF.Kernel.MaxBackgroundRadius:0.025]]
[2023.09.14-10.23.33:372][  0]LogConfig: Applying CVar settings from Section [TextureQuality@3] File [E:/Portfolio/Unreal/FPS_Game/Zombone/Saved/Config/Windows/Scalability.ini]
[2023.09.14-10.23.33:373][  0]LogConfig: Setting CVar [[r.Streaming.MipBias:0]]
[2023.09.14-10.23.33:373][  0]LogConfig: Setting CVar [[r.Streaming.AmortizeCPUToGPUCopy:0]]
[2023.09.14-10.23.33:373][  0]LogConfig: Setting CVar [[r.Streaming.MaxNumTexturesToStreamPerFrame:0]]
[2023.09.14-10.23.33:373][  0]LogConfig: Setting CVar [[r.Streaming.Boost:1]]
[2023.09.14-10.23.33:373][  0]LogConfig: Setting CVar [[r.MaxAnisotropy:8]]
[2023.09.14-10.23.33:373][  0]LogConfig: Setting CVar [[r.VT.MaxAnisotropy:8]]
[2023.09.14-10.23.33:373][  0]LogConfig: Setting CVar [[r.Streaming.LimitPoolSizeToVRAM:0]]
[2023.09.14-10.23.33:373][  0]LogConfig: Setting CVar [[r.Streaming.PoolSize:1000]]
[2023.09.14-10.23.33:373][  0]LogConfig: Setting CVar [[r.Streaming.MaxEffectiveScreenSize:0]]
[2023.09.14-10.23.33:373][  0]LogConfig: Applying CVar settings from Section [EffectsQuality@3] File [E:/Portfolio/Unreal/FPS_Game/Zombone/Saved/Config/Windows/Scalability.ini]
[2023.09.14-10.23.33:373][  0]LogConfig: Setting CVar [[r.TranslucencyLightingVolumeDim:64]]
[2023.09.14-10.23.33:373][  0]LogConfig: Setting CVar [[r.RefractionQuality:2]]
[2023.09.14-10.23.33:373][  0]LogConfig: Setting CVar [[r.SSR.Quality:3]]
[2023.09.14-10.23.33:373][  0]LogConfig: Setting CVar [[r.SSR.HalfResSceneColor:0]]
[2023.09.14-10.23.33:373][  0]LogConfig: Setting CVar [[r.SceneColorFormat:4]]
[2023.09.14-10.23.33:373][  0]LogConfig: Setting CVar [[r.DetailMode:2]]
[2023.09.14-10.23.33:373][  0]LogConfig: Setting CVar [[r.TranslucencyVolumeBlur:1]]
[2023.09.14-10.23.33:373][  0]LogConfig: Setting CVar [[r.MaterialQualityLevel:1 ; High quality]]
[2023.09.14-10.23.33:374][  0]LogConfig: Setting CVar [[r.AnisotropicMaterials:1]]
[2023.09.14-10.23.33:374][  0]LogConfig: Setting CVar [[r.SSS.Scale:1]]
[2023.09.14-10.23.33:374][  0]LogConfig: Setting CVar [[r.SSS.SampleSet:2]]
[2023.09.14-10.23.33:374][  0]LogConfig: Setting CVar [[r.SSS.Quality:1]]
[2023.09.14-10.23.33:374][  0]LogConfig: Setting CVar [[r.SSS.HalfRes:0]]
[2023.09.14-10.23.33:374][  0]LogConfig: Setting CVar [[r.SSGI.Quality:3]]
[2023.09.14-10.23.33:374][  0]LogConfig: Setting CVar [[r.EmitterSpawnRateScale:1.0]]
[2023.09.14-10.23.33:374][  0]LogConfig: Setting CVar [[r.ParticleLightQuality:2]]
[2023.09.14-10.23.33:374][  0]LogConfig: Setting CVar [[r.SkyAtmosphere.AerialPerspectiveLUT.FastApplyOnOpaque:1 ; Always have FastSkyLUT 1 in this case to avoid wrong sky]]
[2023.09.14-10.23.33:374][  0]LogConfig: Setting CVar [[r.SkyAtmosphere.AerialPerspectiveLUT.SampleCountMaxPerSlice:4]]
[2023.09.14-10.23.33:374][  0]LogConfig: Setting CVar [[r.SkyAtmosphere.AerialPerspectiveLUT.DepthResolution:16.0]]
[2023.09.14-10.23.33:374][  0]LogConfig: Setting CVar [[r.SkyAtmosphere.FastSkyLUT:1]]
[2023.09.14-10.23.33:374][  0]LogConfig: Setting CVar [[r.SkyAtmosphere.FastSkyLUT.SampleCountMin:4.0]]
[2023.09.14-10.23.33:374][  0]LogConfig: Setting CVar [[r.SkyAtmosphere.FastSkyLUT.SampleCountMax:128.0]]
[2023.09.14-10.23.33:374][  0]LogConfig: Setting CVar [[r.SkyAtmosphere.SampleCountMin:4.0]]
[2023.09.14-10.23.33:374][  0]LogConfig: Setting CVar [[r.SkyAtmosphere.SampleCountMax:128.0]]
[2023.09.14-10.23.33:374][  0]LogConfig: Setting CVar [[r.SkyAtmosphere.TransmittanceLUT.UseSmallFormat:0]]
[2023.09.14-10.23.33:374][  0]LogConfig: Setting CVar [[r.SkyAtmosphere.TransmittanceLUT.SampleCount:10.0]]
[2023.09.14-10.23.33:375][  0]LogConfig: Setting CVar [[r.SkyAtmosphere.MultiScatteringLUT.SampleCount:15.0]]
[2023.09.14-10.23.33:375][  0]LogConfig: Setting CVar [[r.SkyLight.RealTimeReflectionCapture:1]]
[2023.09.14-10.23.33:375][  0]LogConfig: Applying CVar settings from Section [FoliageQuality@3] File [E:/Portfolio/Unreal/FPS_Game/Zombone/Saved/Config/Windows/Scalability.ini]
[2023.09.14-10.23.33:375][  0]LogConfig: Setting CVar [[foliage.DensityScale:1.0]]
[2023.09.14-10.23.33:375][  0]LogConfig: Setting CVar [[grass.DensityScale:1.0]]
[2023.09.14-10.23.33:375][  0]LogConfig: Applying CVar settings from Section [ShadingQuality@3] File [E:/Portfolio/Unreal/FPS_Game/Zombone/Saved/Config/Windows/Scalability.ini]
[2023.09.14-10.23.33:375][  0]LogConfig: Setting CVar [[r.HairStrands.SkyLighting.IntegrationType:2]]
[2023.09.14-10.23.33:375][  0]LogConfig: Setting CVar [[r.HairStrands.SkyAO.SampleCount:4]]
[2023.09.14-10.23.33:375][  0]LogConfig: Setting CVar [[r.HairStrands.Visibility.MSAA.SamplePerPixel:4]]
[2023.09.14-10.23.33:375][  0]LogInit: Selected Device Profile: [Windows]
[2023.09.14-10.23.33:375][  0]LogInit: Applying CVar settings loaded from the selected device profile: [Windows]
[2023.09.14-10.23.33:375][  0]LogHAL: Display: Platform has ~ 32 GB [34019524608 / 34359738368 / 32], which maps to Largest [LargestMinGB=32, LargerMinGB=12, DefaultMinGB=8, SmallerMinGB=6, SmallestMinGB=0)
[2023.09.14-10.23.33:375][  0]LogInit: Going up to parent DeviceProfile []
[2023.09.14-10.23.33:375][  0]LogConfig: Applying CVar settings from Section [ViewDistanceQuality@3] File [E:/Portfolio/Unreal/FPS_Game/Zombone/Saved/Config/Windows/Scalability.ini]
[2023.09.14-10.23.33:375][  0]LogConfig: Setting CVar [[r.SkeletalMeshLODBias:0]]
[2023.09.14-10.23.33:375][  0]LogConfig: Setting CVar [[r.ViewDistanceScale:1.0]]
[2023.09.14-10.23.33:375][  0]LogConfig: Applying CVar settings from Section [AntiAliasingQuality@3] File [E:/Portfolio/Unreal/FPS_Game/Zombone/Saved/Config/Windows/Scalability.ini]
[2023.09.14-10.23.33:376][  0]LogConfig: Setting CVar [[r.PostProcessAAQuality:4]]
[2023.09.14-10.23.33:376][  0]LogConfig: Applying CVar settings from Section [ShadowQuality@3] File [E:/Portfolio/Unreal/FPS_Game/Zombone/Saved/Config/Windows/Scalability.ini]
[2023.09.14-10.23.33:376][  0]LogConfig: Setting CVar [[r.LightFunctionQuality:1]]
[2023.09.14-10.23.33:376][  0]LogConfig: Setting CVar [[r.ShadowQuality:5]]
[2023.09.14-10.23.33:376][  0]LogConfig: Setting CVar [[r.Shadow.CSM.MaxCascades:10]]
[2023.09.14-10.23.33:376][  0]LogConfig: Setting CVar [[r.Shadow.MaxResolution:2048]]
[2023.09.14-10.23.33:376][  0]LogConfig: Setting CVar [[r.Shadow.MaxCSMResolution:2048]]
[2023.09.14-10.23.33:376][  0]LogConfig: Setting CVar [[r.Shadow.RadiusThreshold:0.01]]
[2023.09.14-10.23.33:376][  0]LogConfig: Setting CVar [[r.Shadow.DistanceScale:1.0]]
[2023.09.14-10.23.33:376][  0]LogConfig: Setting CVar [[r.Shadow.CSM.TransitionScale:1.0]]
[2023.09.14-10.23.33:376][  0]LogConfig: Setting CVar [[r.Shadow.PreShadowResolutionFactor:1.0]]
[2023.09.14-10.23.33:376][  0]LogConfig: Setting CVar [[r.DistanceFieldShadowing:1]]
[2023.09.14-10.23.33:376][  0]LogConfig: Setting CVar [[r.DistanceFieldAO:1]]
[2023.09.14-10.23.33:376][  0]LogConfig: Setting CVar [[r.AOQuality:2]]
[2023.09.14-10.23.33:376][  0]LogConfig: Setting CVar [[r.VolumetricFog:1]]
[2023.09.14-10.23.33:376][  0]LogConfig: Setting CVar [[r.VolumetricFog.GridPixelSize:8]]
[2023.09.14-10.23.33:376][  0]LogConfig: Setting CVar [[r.VolumetricFog.GridSizeZ:128]]
[2023.09.14-10.23.33:376][  0]LogConfig: Setting CVar [[r.VolumetricFog.HistoryMissSupersampleCount:4]]
[2023.09.14-10.23.33:376][  0]LogConfig: Setting CVar [[r.LightMaxDrawDistanceScale:1]]
[2023.09.14-10.23.33:377][  0]LogConfig: Setting CVar [[r.CapsuleShadows:1]]
[2023.09.14-10.23.33:377][  0]LogConfig: Applying CVar settings from Section [PostProcessQuality@3] File [E:/Portfolio/Unreal/FPS_Game/Zombone/Saved/Config/Windows/Scalability.ini]
[2023.09.14-10.23.33:377][  0]LogConfig: Setting CVar [[r.MotionBlurQuality:4]]
[2023.09.14-10.23.33:377][  0]LogConfig: Setting CVar [[r.AmbientOcclusionMipLevelFactor:0.4]]
[2023.09.14-10.23.33:377][  0]LogConfig: Setting CVar [[r.AmbientOcclusionMaxQuality:100]]
[2023.09.14-10.23.33:377][  0]LogConfig: Setting CVar [[r.AmbientOcclusionLevels:-1]]
[2023.09.14-10.23.33:377][  0]LogConfig: Setting CVar [[r.AmbientOcclusionRadiusScale:1.0]]
[2023.09.14-10.23.33:377][  0]LogConfig: Setting CVar [[r.DepthOfFieldQuality:2]]
[2023.09.14-10.23.33:377][  0]LogConfig: Setting CVar [[r.RenderTargetPoolMin:400]]
[2023.09.14-10.23.33:377][  0]LogConfig: Setting CVar [[r.LensFlareQuality:2]]
[2023.09.14-10.23.33:377][  0]LogConfig: Setting CVar [[r.SceneColorFringeQuality:1]]
[2023.09.14-10.23.33:377][  0]LogConfig: Setting CVar [[r.EyeAdaptationQuality:2]]
[2023.09.14-10.23.33:377][  0]LogConfig: Setting CVar [[r.BloomQuality:5]]
[2023.09.14-10.23.33:377][  0]LogConfig: Setting CVar [[r.FastBlurThreshold:100]]
[2023.09.14-10.23.33:377][  0]LogConfig: Setting CVar [[r.Upscale.Quality:3]]
[2023.09.14-10.23.33:377][  0]LogConfig: Setting CVar [[r.Tonemapper.GrainQuantization:1]]
[2023.09.14-10.23.33:377][  0]LogConfig: Setting CVar [[r.LightShaftQuality:1]]
[2023.09.14-10.23.33:377][  0]LogConfig: Setting CVar [[r.Filter.SizeScale:1]]
[2023.09.14-10.23.33:377][  0]LogConfig: Setting CVar [[r.Tonemapper.Quality:5]]
[2023.09.14-10.23.33:377][  0]LogConfig: Setting CVar [[r.DOF.Gather.AccumulatorQuality:1        ; higher gathering accumulator quality]]
[2023.09.14-10.23.33:377][  0]LogConfig: Setting CVar [[r.DOF.Gather.PostfilterMethod:1          ; Median3x3 postfilering method]]
[2023.09.14-10.23.33:378][  0]LogConfig: Setting CVar [[r.DOF.Gather.EnableBokehSettings:0       ; no bokeh simulation when gathering]]
[2023.09.14-10.23.33:378][  0]LogConfig: Setting CVar [[r.DOF.Gather.RingCount:4                 ; medium number of samples when gathering]]
[2023.09.14-10.23.33:378][  0]LogConfig: Setting CVar [[r.DOF.Scatter.ForegroundCompositing:1    ; additive foreground scattering]]
[2023.09.14-10.23.33:378][  0]LogConfig: Setting CVar [[r.DOF.Scatter.BackgroundCompositing:2    ; additive background scattering]]
[2023.09.14-10.23.33:378][  0]LogConfig: Setting CVar [[r.DOF.Scatter.EnableBokehSettings:1      ; bokeh simulation when scattering]]
[2023.09.14-10.23.33:378][  0]LogConfig: Setting CVar [[r.DOF.Scatter.MaxSpriteRatio:0.1         ; only a maximum of 10% of scattered bokeh]]
[2023.09.14-10.23.33:378][  0]LogConfig: Setting CVar [[r.DOF.Recombine.Quality:1                ; cheap slight out of focus]]
[2023.09.14-10.23.33:378][  0]LogConfig: Setting CVar [[r.DOF.Recombine.EnableBokehSettings:0    ; no bokeh simulation on slight out of focus]]
[2023.09.14-10.23.33:378][  0]LogConfig: Setting CVar [[r.DOF.TemporalAAQuality:1                ; more stable temporal accumulation]]
[2023.09.14-10.23.33:378][  0]LogConfig: Setting CVar [[r.DOF.Kernel.MaxForegroundRadius:0.025]]
[2023.09.14-10.23.33:378][  0]LogConfig: Setting CVar [[r.DOF.Kernel.MaxBackgroundRadius:0.025]]
[2023.09.14-10.23.33:378][  0]LogConfig: Applying CVar settings from Section [TextureQuality@3] File [E:/Portfolio/Unreal/FPS_Game/Zombone/Saved/Config/Windows/Scalability.ini]
[2023.09.14-10.23.33:378][  0]LogConfig: Setting CVar [[r.Streaming.MipBias:0]]
[2023.09.14-10.23.33:378][  0]LogConfig: Setting CVar [[r.Streaming.AmortizeCPUToGPUCopy:0]]
[2023.09.14-10.23.33:378][  0]LogConfig: Setting CVar [[r.Streaming.MaxNumTexturesToStreamPerFrame:0]]
[2023.09.14-10.23.33:378][  0]LogConfig: Setting CVar [[r.Streaming.Boost:1]]
[2023.09.14-10.23.33:379][  0]LogConfig: Setting CVar [[r.MaxAnisotropy:8]]
[2023.09.14-10.23.33:379][  0]LogConfig: Setting CVar [[r.VT.MaxAnisotropy:8]]
[2023.09.14-10.23.33:379][  0]LogConfig: Setting CVar [[r.Streaming.LimitPoolSizeToVRAM:0]]
[2023.09.14-10.23.33:379][  0]LogConfig: Setting CVar [[r.Streaming.PoolSize:1000]]
[2023.09.14-10.23.33:379][  0]LogConfig: Setting CVar [[r.Streaming.MaxEffectiveScreenSize:0]]
[2023.09.14-10.23.33:379][  0]LogConfig: Applying CVar settings from Section [EffectsQuality@3] File [E:/Portfolio/Unreal/FPS_Game/Zombone/Saved/Config/Windows/Scalability.ini]
[2023.09.14-10.23.33:379][  0]LogConfig: Setting CVar [[r.TranslucencyLightingVolumeDim:64]]
[2023.09.14-10.23.33:379][  0]LogConfig: Setting CVar [[r.RefractionQuality:2]]
[2023.09.14-10.23.33:379][  0]LogConfig: Setting CVar [[r.SSR.Quality:3]]
[2023.09.14-10.23.33:379][  0]LogConfig: Setting CVar [[r.SSR.HalfResSceneColor:0]]
[2023.09.14-10.23.33:379][  0]LogConfig: Setting CVar [[r.SceneColorFormat:4]]
[2023.09.14-10.23.33:379][  0]LogConfig: Setting CVar [[r.DetailMode:2]]
[2023.09.14-10.23.33:379][  0]LogConfig: Setting CVar [[r.TranslucencyVolumeBlur:1]]
[2023.09.14-10.23.33:379][  0]LogConfig: Setting CVar [[r.MaterialQualityLevel:1 ; High quality]]
[2023.09.14-10.23.33:379][  0]LogConfig: Setting CVar [[r.AnisotropicMaterials:1]]
[2023.09.14-10.23.33:379][  0]LogConfig: Setting CVar [[r.SSS.Scale:1]]
[2023.09.14-10.23.33:379][  0]LogConfig: Setting CVar [[r.SSS.SampleSet:2]]
[2023.09.14-10.23.33:379][  0]LogConfig: Setting CVar [[r.SSS.Quality:1]]
[2023.09.14-10.23.33:380][  0]LogConfig: Setting CVar [[r.SSS.HalfRes:0]]
[2023.09.14-10.23.33:380][  0]LogConfig: Setting CVar [[r.SSGI.Quality:3]]
[2023.09.14-10.23.33:380][  0]LogConfig: Setting CVar [[r.EmitterSpawnRateScale:1.0]]
[2023.09.14-10.23.33:380][  0]LogConfig: Setting CVar [[r.ParticleLightQuality:2]]
[2023.09.14-10.23.33:380][  0]LogConfig: Setting CVar [[r.SkyAtmosphere.AerialPerspectiveLUT.FastApplyOnOpaque:1 ; Always have FastSkyLUT 1 in this case to avoid wrong sky]]
[2023.09.14-10.23.33:380][  0]LogConfig: Setting CVar [[r.SkyAtmosphere.AerialPerspectiveLUT.SampleCountMaxPerSlice:4]]
[2023.09.14-10.23.33:380][  0]LogConfig: Setting CVar [[r.SkyAtmosphere.AerialPerspectiveLUT.DepthResolution:16.0]]
[2023.09.14-10.23.33:380][  0]LogConfig: Setting CVar [[r.SkyAtmosphere.FastSkyLUT:1]]
[2023.09.14-10.23.33:380][  0]LogConfig: Setting CVar [[r.SkyAtmosphere.FastSkyLUT.SampleCountMin:4.0]]
[2023.09.14-10.23.33:380][  0]LogConfig: Setting CVar [[r.SkyAtmosphere.FastSkyLUT.SampleCountMax:128.0]]
[2023.09.14-10.23.33:380][  0]LogConfig: Setting CVar [[r.SkyAtmosphere.SampleCountMin:4.0]]
[2023.09.14-10.23.33:380][  0]LogConfig: Setting CVar [[r.SkyAtmosphere.SampleCountMax:128.0]]
[2023.09.14-10.23.33:380][  0]LogConfig: Setting CVar [[r.SkyAtmosphere.TransmittanceLUT.UseSmallFormat:0]]
[2023.09.14-10.23.33:380][  0]LogConfig: Setting CVar [[r.SkyAtmosphere.TransmittanceLUT.SampleCount:10.0]]
[2023.09.14-10.23.33:380][  0]LogConfig: Setting CVar [[r.SkyAtmosphere.MultiScatteringLUT.SampleCount:15.0]]
[2023.09.14-10.23.33:380][  0]LogConfig: Setting CVar [[r.SkyLight.RealTimeReflectionCapture:1]]
[2023.09.14-10.23.33:380][  0]LogConfig: Applying CVar settings from Section [FoliageQuality@3] File [E:/Portfolio/Unreal/FPS_Game/Zombone/Saved/Config/Windows/Scalability.ini]
[2023.09.14-10.23.33:380][  0]LogConfig: Setting CVar [[foliage.DensityScale:1.0]]
[2023.09.14-10.23.33:381][  0]LogConfig: Setting CVar [[grass.DensityScale:1.0]]
[2023.09.14-10.23.33:381][  0]LogConfig: Applying CVar settings from Section [ShadingQuality@3] File [E:/Portfolio/Unreal/FPS_Game/Zombone/Saved/Config/Windows/Scalability.ini]
[2023.09.14-10.23.33:381][  0]LogConfig: Setting CVar [[r.HairStrands.SkyLighting.IntegrationType:2]]
[2023.09.14-10.23.33:381][  0]LogConfig: Setting CVar [[r.HairStrands.SkyAO.SampleCount:4]]
[2023.09.14-10.23.33:381][  0]LogConfig: Setting CVar [[r.HairStrands.Visibility.MSAA.SamplePerPixel:4]]
[2023.09.14-10.23.33:381][  0]LogConfig: Applying CVar settings from Section [Startup] File [../../../Engine/Config/ConsoleVariables.ini]
[2023.09.14-10.23.33:381][  0]LogConfig: Setting CVar [[net.UseAdaptiveNetUpdateFrequency:0]]
[2023.09.14-10.23.33:381][  0]LogConfig: Setting CVar [[p.chaos.AllowCreatePhysxBodies:1]]
[2023.09.14-10.23.33:381][  0]LogConfig: Setting CVar [[fx.SkipVectorVMBackendOptimizations:1]]
[2023.09.14-10.23.33:381][  0]LogConfig: Applying CVar settings from Section [ConsoleVariables] File [E:/Portfolio/Unreal/FPS_Game/Zombone/Saved/Config/Windows/Engine.ini]
[2023.09.14-10.23.33:381][  0]LogConfig: Applying CVar settings from Section [ConsoleVariables] File [E:/Portfolio/Unreal/FPS_Game/Zombone/Saved/Config/Windows/Editor.ini]
[2023.09.14-10.23.33:382][  0]LogInit: Computer: DESKTOP-J6VGNOD
[2023.09.14-10.23.33:382][  0]LogInit: User: timve
[2023.09.14-10.23.33:382][  0]LogInit: CPU Page size=4096, Cores=6
[2023.09.14-10.23.33:382][  0]LogInit: High frequency timer resolution =10.000000 MHz
[2023.09.14-10.23.33:382][  0]LogMemory: Memory total: Physical=31.7GB (32GB approx)
[2023.09.14-10.23.33:382][  0]LogMemory: Platform Memory Stats for Windows
[2023.09.14-10.23.33:382][  0]LogMemory: Process Physical Memory: 147.03 MB used, 152.58 MB peak
[2023.09.14-10.23.33:382][  0]LogMemory: Process Virtual Memory: 124.37 MB used, 124.37 MB peak
[2023.09.14-10.23.33:382][  0]LogMemory: Physical Memory: 12921.47 MB used,  19522.08 MB free, 32443.55 MB total
[2023.09.14-10.23.33:382][  0]LogMemory: Virtual Memory: 134198536.00 MB used,  19195.75 MB free, 134217728.00 MB total
[2023.09.14-10.23.33:390][  0]LogWindows: WindowsPlatformFeatures enabled
[2023.09.14-10.23.33:526][  0]LogInit: Physics initialised using underlying interface: PhysX
[2023.09.14-10.23.33:527][  0]LogInit: Using OS detected language (en-US).
[2023.09.14-10.23.33:527][  0]LogInit: Using OS detected locale (nl-BE).
[2023.09.14-10.23.33:531][  0]LogTextLocalizationManager: No specific localization for 'en-US' exists, so the 'en' localization will be used.
[2023.09.14-10.23.33:735][  0]LogInit: Setting process to per monitor DPI aware
[2023.09.14-10.23.33:759][  0]LogWindowsTextInputMethodSystem: Display: IME system deactivated.
[2023.09.14-10.23.33:781][  0]LogSlate: New Slate User Created.  User Index 0, Is Virtual User: 0
[2023.09.14-10.23.33:781][  0]LogSlate: Slate User Registered.  User Index 0, Is Virtual User: 0
[2023.09.14-10.23.33:911][  0]LogD3D11RHI: Loaded GFSDK_Aftermath_Lib.x64.dll
[2023.09.14-10.23.33:917][  0]LogHMD: Failed to initialize OpenVR with code 110
[2023.09.14-10.23.33:918][  0]LogD3D11RHI: D3D11 min allowed feature level: 11_0
[2023.09.14-10.23.33:918][  0]LogD3D11RHI: D3D11 max allowed feature level: 11_0
[2023.09.14-10.23.33:918][  0]LogD3D11RHI: D3D11 adapters:
[2023.09.14-10.23.34:075][  0]LogD3D11RHI:    0. 'NVIDIA GeForce GTX 1060 6GB' (Feature Level 11_0)
[2023.09.14-10.23.34:075][  0]LogD3D11RHI:       6043/0/16221 MB DedicatedVideo/DedicatedSystem/SharedSystem, Outputs:2, VendorId:0x10de
[2023.09.14-10.23.34:081][  0]LogD3D11RHI:    1. 'Microsoft Basic Render Driver' (Feature Level 11_0)
[2023.09.14-10.23.34:081][  0]LogD3D11RHI:       0/0/16221 MB DedicatedVideo/DedicatedSystem/SharedSystem, Outputs:0, VendorId:0x1414
[2023.09.14-10.23.34:081][  0]LogD3D11RHI: Chosen D3D11 Adapter:
[2023.09.14-10.23.34:081][  0]LogD3D11RHI:     Description : NVIDIA GeForce GTX 1060 6GB
[2023.09.14-10.23.34:081][  0]LogD3D11RHI:     VendorId    : 10de
[2023.09.14-10.23.34:081][  0]LogD3D11RHI:     DeviceId    : 1c03
[2023.09.14-10.23.34:081][  0]LogD3D11RHI:     SubSysId    : 32831462
[2023.09.14-10.23.34:081][  0]LogD3D11RHI:     Revision    : 00a1
[2023.09.14-10.23.34:081][  0]LogD3D11RHI:     DedicatedVideoMemory : 6336544768 bytes
[2023.09.14-10.23.34:081][  0]LogD3D11RHI:     DedicatedSystemMemory : 0 bytes
[2023.09.14-10.23.34:082][  0]LogD3D11RHI:     SharedSystemMemory : 17009762304 bytes
[2023.09.14-10.23.34:082][  0]LogD3D11RHI:     AdapterLuid : 0 93674
[2023.09.14-10.23.34:090][  0]LogD3D11RHI: Creating new Direct3DDevice
[2023.09.14-10.23.34:090][  0]LogD3D11RHI:     GPU DeviceId: 0x1c03 (for the marketing name, search the web for "GPU Device Id")
[2023.09.14-10.23.34:090][  0]LogWindows: EnumDisplayDevices:
[2023.09.14-10.23.34:090][  0]LogWindows:    0. 'NVIDIA GeForce GTX 1060 6GB' (P:1 D:1)
[2023.09.14-10.23.34:090][  0]LogWindows:    1. 'NVIDIA GeForce GTX 1060 6GB' (P:0 D:1)
[2023.09.14-10.23.34:091][  0]LogWindows:    2. 'NVIDIA GeForce GTX 1060 6GB' (P:0 D:0)
[2023.09.14-10.23.34:091][  0]LogWindows:    3. 'NVIDIA GeForce GTX 1060 6GB' (P:0 D:0)
[2023.09.14-10.23.34:091][  0]LogWindows: DebugString: FoundDriverCount:4 
[2023.09.14-10.23.34:091][  0]LogD3D11RHI:     Adapter Name: NVIDIA GeForce GTX 1060 6GB
[2023.09.14-10.23.34:091][  0]LogD3D11RHI:   Driver Version: 531.29 (internal:31.0.15.3129, unified:531.29)
[2023.09.14-10.23.34:091][  0]LogD3D11RHI:      Driver Date: 3-8-2023
[2023.09.14-10.23.34:091][  0]LogRHI: Texture pool is 4230 MB (70% of 6043 MB)
[2023.09.14-10.23.34:091][  0]LogD3D11RHI: Creating D3DDevice using adapter:
[2023.09.14-10.23.34:091][  0]LogD3D11RHI:     Description : NVIDIA GeForce GTX 1060 6GB
[2023.09.14-10.23.34:092][  0]LogD3D11RHI:     VendorId    : 10de
[2023.09.14-10.23.34:092][  0]LogD3D11RHI:     DeviceId    : 1c03
[2023.09.14-10.23.34:092][  0]LogD3D11RHI:     SubSysId    : 32831462
[2023.09.14-10.23.34:092][  0]LogD3D11RHI:     Revision    : 00a1
[2023.09.14-10.23.34:092][  0]LogD3D11RHI:     DedicatedVideoMemory : 6336544768 bytes
[2023.09.14-10.23.34:092][  0]LogD3D11RHI:     DedicatedSystemMemory : 0 bytes
[2023.09.14-10.23.34:092][  0]LogD3D11RHI:     SharedSystemMemory : 17009762304 bytes
[2023.09.14-10.23.34:092][  0]LogD3D11RHI:     AdapterLuid : 0 93674
[2023.09.14-10.23.34:191][  0]LogD3D11RHI: RHI has support for 64 bit atomics
[2023.09.14-10.23.34:191][  0]LogD3D11RHI: Async texture creation enabled
[2023.09.14-10.23.34:192][  0]LogD3D11RHI: Array index from any shader is supported
[2023.09.14-10.23.34:208][  0]LogD3D11RHI: GPU Timing Frequency: 1000.000000 (Debug: 2 1)
[2023.09.14-10.23.34:239][  0]LogRHI: GeForceNow SDK initialized: 1
[2023.09.14-10.23.34:516][  0]LogTargetPlatformManager: Display: Loaded TargetPlatform 'AllDesktop'
[2023.09.14-10.23.34:538][  0]LogTargetPlatformManager: Display: Loaded TargetPlatform 'Android'
[2023.09.14-10.23.34:538][  0]LogTargetPlatformManager: Display: Loaded TargetPlatform 'Android_ASTC'
[2023.09.14-10.23.34:538][  0]LogTargetPlatformManager: Display: Loaded TargetPlatform 'Android_DXT'
[2023.09.14-10.23.34:538][  0]LogTargetPlatformManager: Display: Loaded TargetPlatform 'Android_ETC2'
[2023.09.14-10.23.34:538][  0]LogTargetPlatformManager: Display: Loaded TargetPlatform 'AndroidClient'
[2023.09.14-10.23.34:538][  0]LogTargetPlatformManager: Display: Loaded TargetPlatform 'Android_ASTCClient'
[2023.09.14-10.23.34:538][  0]LogTargetPlatformManager: Display: Loaded TargetPlatform 'Android_DXTClient'
[2023.09.14-10.23.34:538][  0]LogTargetPlatformManager: Display: Loaded TargetPlatform 'Android_ETC2Client'
[2023.09.14-10.23.34:538][  0]LogTargetPlatformManager: Display: Loaded TargetPlatform 'Android_Multi'
[2023.09.14-10.23.34:538][  0]LogTargetPlatformManager: Display: Loaded TargetPlatform 'Android_MultiClient'
[2023.09.14-10.23.34:560][  0]LogTargetPlatformManager: Display: Loaded TargetPlatform 'IOSClient'
[2023.09.14-10.23.34:560][  0]LogTargetPlatformManager: Display: Loaded TargetPlatform 'IOS'
[2023.09.14-10.23.34:570][  0]LogTargetPlatformManager: Display: Loaded TargetPlatform 'Linux'
[2023.09.14-10.23.34:576][  0]LogTargetPlatformManager: Display: Loaded TargetPlatform 'LinuxNoEditor'
[2023.09.14-10.23.34:581][  0]LogTargetPlatformManager: Display: Loaded TargetPlatform 'LinuxClient'
[2023.09.14-10.23.34:587][  0]LogTargetPlatformManager: Display: Loaded TargetPlatform 'LinuxServer'
[2023.09.14-10.23.34:596][  0]LogTargetPlatformManager: Display: Loaded TargetPlatform 'LinuxAArch64NoEditor'
[2023.09.14-10.23.34:602][  0]LogTargetPlatformManager: Display: Loaded TargetPlatform 'LinuxAArch64Client'
[2023.09.14-10.23.34:607][  0]LogTargetPlatformManager: Display: Loaded TargetPlatform 'LinuxAArch64Server'
[2023.09.14-10.23.34:630][  0]LogTargetPlatformManager: Display: Loaded TargetPlatform 'Lumin'
[2023.09.14-10.23.34:630][  0]LogTargetPlatformManager: Display: Loaded TargetPlatform 'LuminClient'
[2023.09.14-10.23.34:639][  0]LogTargetPlatformManager: Display: Loaded TargetPlatform 'MacNoEditor'
[2023.09.14-10.23.34:645][  0]LogTargetPlatformManager: Display: Loaded TargetPlatform 'Mac'
[2023.09.14-10.23.34:650][  0]LogTargetPlatformManager: Display: Loaded TargetPlatform 'MacClient'
[2023.09.14-10.23.34:656][  0]LogTargetPlatformManager: Display: Loaded TargetPlatform 'MacServer'
[2023.09.14-10.23.34:668][  0]LogTargetPlatformManager: Display: Loaded TargetPlatform 'TVOSClient'
[2023.09.14-10.23.34:668][  0]LogTargetPlatformManager: Display: Loaded TargetPlatform 'TVOS'
[2023.09.14-10.23.34:678][  0]LogTargetPlatformManager: Display: Loaded TargetPlatform 'WindowsNoEditor'
[2023.09.14-10.23.34:684][  0]LogTargetPlatformManager: Display: Loaded TargetPlatform 'Windows'
[2023.09.14-10.23.34:689][  0]LogTargetPlatformManager: Display: Loaded TargetPlatform 'WindowsClient'
[2023.09.14-10.23.34:695][  0]LogTargetPlatformManager: Display: Loaded TargetPlatform 'WindowsServer'
[2023.09.14-10.23.34:695][  0]LogTargetPlatformManager: Display: Building Assets For Windows
[2023.09.14-10.23.34:707][  0]LogAudioDebug: Display: Lib vorbis DLL was dynamically loaded.
[2023.09.14-10.23.34:748][  0]LogTextureFormatOodle: Display: Oodle Texture 2.9.0 init RDO Off
[2023.09.14-10.23.34:797][  0]LogRendererCore: Ray tracing is disabled. Reason: r.RayTracing=0.
[2023.09.14-10.23.34:797][  0]LogShaderCompilers: Guid format shader working directory is 9 characters bigger than the processId version (E:/Portfolio/Unreal/FPS_Game/Zombone/Intermediate/Shaders/WorkingDirectory/16492/).
[2023.09.14-10.23.34:797][  0]LogShaderCompilers: Cleaned the shader compiler working directory 'C:/Users/timve/AppData/Local/Temp/UnrealShaderWorkingDir/FB61FDEA45392C208A8F5C9164B32278/'.
[2023.09.14-10.23.34:798][  0]LogXGEController: Cannot use XGE Controller as Incredibuild is not installed on this machine.
[2023.09.14-10.23.34:798][  0]LogShaderCompilers: Cannot use XGE Shader Compiler as Incredibuild is not installed on this machine.
[2023.09.14-10.23.34:798][  0]LogShaderCompilers: Display: Using Local Shader Compiler.
[2023.09.14-10.23.35:505][  0]LogDerivedDataCache: Display: Max Cache Size: 512 MB
[2023.09.14-10.23.35:573][  0]LogDerivedDataCache: Loaded boot cache 0.07s 99MB C:/Users/timve/AppData/Local/UnrealEngine/4.27/DerivedDataCache/Boot.ddc.
[2023.09.14-10.23.35:574][  0]LogDerivedDataCache: Display: Loaded Boot cache: C:/Users/timve/AppData/Local/UnrealEngine/4.27/DerivedDataCache/Boot.ddc
[2023.09.14-10.23.35:574][  0]LogDerivedDataCache: FDerivedDataBackendGraph:  Pak pak cache file E:/Portfolio/Unreal/FPS_Game/Zombone/DerivedDataCache/DDC.ddp not found, will not use a pak cache.
[2023.09.14-10.23.35:574][  0]LogDerivedDataCache: Unable to find inner node Pak for hierarchical cache Hierarchy.
[2023.09.14-10.23.35:574][  0]LogDerivedDataCache: FDerivedDataBackendGraph:  CompressedPak pak cache file E:/Portfolio/Unreal/FPS_Game/Zombone/DerivedDataCache/Compressed.ddp not found, will not use a pak cache.
[2023.09.14-10.23.35:574][  0]LogDerivedDataCache: Unable to find inner node CompressedPak for hierarchical cache Hierarchy.
[2023.09.14-10.23.35:590][  0]LogDerivedDataCache: Display: Pak cache opened for reading ../../../Engine/DerivedDataCache/Compressed.ddp.
[2023.09.14-10.23.35:590][  0]LogDerivedDataCache: FDerivedDataBackendGraph:  EnterprisePak pak cache file ../../../Enterprise/DerivedDataCache/Compressed.ddp not found, will not use a pak cache.
[2023.09.14-10.23.35:590][  0]LogDerivedDataCache: Unable to find inner node EnterprisePak for hierarchical cache Hierarchy.
[2023.09.14-10.23.35:597][  0]LogDerivedDataCache: Speed tests for C:/Users/timve/AppData/Local/UnrealEngine/Common/DerivedDataCache took 0.01 seconds
[2023.09.14-10.23.35:597][  0]LogDerivedDataCache: Display: Performance to C:/Users/timve/AppData/Local/UnrealEngine/Common/DerivedDataCache: Latency=0.03ms. RandomReadSpeed=1345.23MBs, RandomWriteSpeed=190.89MBs. Assigned SpeedClass 'Local'
[2023.09.14-10.23.35:599][  0]LogDerivedDataCache: Using Local data cache path C:/Users/timve/AppData/Local/UnrealEngine/Common/DerivedDataCache: Writable
[2023.09.14-10.23.35:599][  0]LogDerivedDataCache: Shared data cache path not found in *engine.ini, will not use an Shared cache.
[2023.09.14-10.23.35:599][  0]LogDerivedDataCache: Unable to find inner node Shared for hierarchical cache Hierarchy.
[2023.09.14-10.23.35:643][  0]LogSlate: Using FreeType 2.10.0
[2023.09.14-10.23.35:644][  0]LogSlate: SlateFontServices - WITH_FREETYPE: 1, WITH_HARFBUZZ: 1
[2023.09.14-10.23.35:670][  0]LogAssetRegistry: FAssetRegistry took 0.0043 seconds to start up
[2023.09.14-10.23.35:894][  0]LogInit: Selected Device Profile: [Windows]
[2023.09.14-10.23.35:894][  0]LogInit: Active device profile: [00000272A9274F00][00000272A1AC1800 49] Windows
[2023.09.14-10.23.35:895][  0]LogInit: Profiles: [00000272A9274F00][00000272A1AC1800 49] Windows, [00000272A9226600][00000272A8595980 49] WindowsNoEditor, [00000272A9275F00][00000272A18B7B00 49] WindowsServer, [00000272A9225700][00000272A8608100 49] WindowsClient, [00000272A9275200][00000272A8612280 49] IOS, [00000272A9227C00][00000272A8616400 49] iPadAir, [00000272A9277300][00000272A1AC4540 49] iPadAir2, [00000272A91C1300][00000272A8624780 49] IPadPro, [00000272A91C1400][00000272A861A7C0 49] iPadAir3, [00000272A9224B00][00000272A1076900 49] iPadAir4, [00000272A91C2100][00000272A10CEA80 49] iPadMini2, [00000272A9227600][00000272A10D2C00 49] iPadMini3, [00000272A91C2C00][00000272A10D6D80 49] iPadMini4, [00000272A9226800][00000272A10DAF00 49] iPadMini5, [00000272A91BCE00][00000272A19011C0 49] iPhone6, [00000272A91BCF00][00000272A18FD200 49] iPodTouch6, [00000272A9277700][00000272A190D4C0 49] iPhone7, [00000272A9276800][00000272A1909500 49] iPodTouch7, [00000272A91C1100][00000272A1911680 49] iPhone5S, [00000272A9275100][00000272A191F800 49] iPhone6Plus, [00000272A91C2A00][00000272A1923980 49] iPhone6S, [00000272A9275A00][00000272A1927B00 49] iPhone6SPlus, [00000272A91BC100][00000272A192A100 49] iPhone7Plus, [00000272A91C1D00][00000272A192E280 49] iPhoneSE, [00000272A91BCC00][00000272A1932400 49] iPhone8, [00000272A91C0400][00000272A1904580 49] iPhone8Plus, [00000272A91BEA00][00000272A1914700 49] iPhoneX, [00000272A91C3C00][00000272A10CA840 49] iPhoneXS, [00000272A91BE900][00000272A1936980 49] iPhoneXSMax, [00000272A91C0B00][00000272A193AAC0 49] iPhoneXR, [00000272A9277800][00000272A1060C40 49] iPhone11, [00000272A91C3D00][00000272A1064DC0 49] iPhone11Pro, [00000272A9275B00][00000272A1068F40 49] iPhone11ProMax, [00000272A91C1500][00000272A106D0C0 49] iPhoneSE2, [00000272A9275E00][00000272A1A91240 49] iPhone12Mini, [00000272A91C3100][00000272A1A953C0 49] iPhone12, [00000272A9277400][00000272A10EB540 49] iPhone12Pro, [00000272A91C0D00][00000272A10E76C0 49] iPhone12ProMax, [00000272A9277C00][00000272A1B03840 49] iPadPro105, [00000272A91C3700][00000272A9A3B9C0 49] iPadPro129, [00000272A9276A00][00000272A1941B40 49] iPadPro97, [00000272A91C0900][00000272A1AFA140 49] iPadPro2_129, [00000272A9274800][00000272A1AFE2C0 49] iPad5, [00000272A91C1000][00000272A1A98440 49] iPad6, [00000272A9274400][00000272A1A9C5C0 49] iPad7, [00000272A91C2B00][00000272A1AA0740 49] iPad8, [00000272A9277500][00000272A1AA48C0 49] iPadPro11, [00000272A91C1800][00000272A105CA00 49] iPadPro2_11, [00000272A9274900][00000272A1AA8B40 49] iPadPro3_129, [00000272A91C2800][00000272A6188C80 49] iPadPro4_129, [00000272A9276E00][00000272A618CDC0 49] AppleTV, [00000272A91C3E00][00000272A6194F40 49] AppleTV4K, [00000272A9274500][00000272A61990C0 49] TVOS, [00000272A91C1700][00000272A619D240 49] Mac, [00000272A9276300][00000272A61A13C0 49] MacClient, [00000272A91C0800][00000272A61A5540 49] MacNoEditor, [00000272A9275000][00000272A61A96C0 49] MacServer, [00000272A91C0500][00000272A61AD840 49] Linux, [00000272A9276B00][00000272A850D9C0 49] LinuxAArch64, [00000272A91C1600][00000272A8511B40 49] LinuxNoEditor, [00000272A9276100][00000272A8514140 49] LinuxAArch64NoEditor, [00000272A91C3900][00000272A85182C0 49] LinuxClient, [00000272A9276600][00000272A851C440 49] LinuxAArch64Client, [00000272A91C2300][00000272A85205C0 49] LinuxServer, [00000272A9274700][00000272A8524740 49] LinuxAArch64Server, [00000272A91C1A00][00000272A85288C0 49] Android, [00000272A9276200][00000272A852CA40 49] Android_Low, [00000272A91C1C00][00000272A6190B80 49] Android_Mid, [00000272A9275300][00000272A8530CC0 49] Android_High, [00000272A91C0E00][00000272A8534E00 49] Android_Default, [00000272A9277600][00000272A8538F40 49] Android_Adreno4xx, [00000272A91C0F00][00000272A85410C0 49] Android_Adreno5xx_Low, [00000272A9277B00][00000272A8545240 49] Android_Adreno5xx, [00000272A91C3A00][00000272A85493C0 49] Android_Adreno6xx, [00000272A9274B00][00000272A854D540 49] Android_Adreno6xx_Vulkan, [00000272A91C1900][00000272A85516C0 49] Android_Mali_T6xx, [00000272A9274A00][00000272A8555840 49] Android_Mali_T7xx, [00000272A9225600][00000272A85599C0 49] Android_Mali_T8xx, [00000272A91BC500][00000272A855DB40 49] Android_Mali_G71, [00000272A9224600][00000272A8560140 49] Android_Mali_G72, [00000272A91BC300][00000272A85642C0 49] Android_Mali_G72_Vulkan, [00000272A9227500][00000272A8568440 49] Android_Mali_G76, [00000272A91BD000][00000272A856C5C0 49] Android_Mali_G76_Vulkan, [00000272A9226200][00000272A8570740 49] Android_Mali_G77, [00000272A91BEF00][00000272A85748C0 49] Android_Mali_G77_Vulkan, [00000272A9224E00][00000272A8598A40 49] Android_Mali_G78, [00000272A91BF100][00000272A859CBC0 49] Android_Mali_G78_Vulkan, [00000272A9224800][00000272A85A0D40 49] Android_Mali_G710, [00000272A91BEC00][00000272A853CE80 49] Android_Mali_G710_Vulkan, [00000272A9227800][00000272A85A4FC0 49] Android_Vulkan_SM5, [00000272A91BF500][00000272A85A9100 49] Android_PowerVR_G6xxx, [00000272A9225B00][00000272A85B1280 49] Android_PowerVR_GT7xxx, [00000272A91BDD00][00000272A85B5400 49] Android_PowerVR_GE8xxx, [00000272A9226F00][00000272A85B9580 49] Android_PowerVR_GM9xxx, [00000272A91BC800][00000272A85BD700 49] Android_PowerVR_GM9xxx_Vulkan, [00000272A9227300][00000272A85C1880 49] Android_TegraK1, [00000272A91BD200][00000272A85C5A00 49] Android_Unknown_Vulkan, [00000272A9226500][00000272A85C9B80 49] Lumin, [00000272A91BF700][00000272A85CC180 49] Lumin_Desktop, [00000272A9226A00][00000272A85D0300 49] HoloLens, 
[2023.09.14-10.23.36:037][  0]LogMeshReduction: Using QuadricMeshReduction for automatic static mesh reduction
[2023.09.14-10.23.36:037][  0]LogMeshReduction: Using SimplygonMeshReduction for automatic skeletal mesh reduction
[2023.09.14-10.23.36:037][  0]LogMeshReduction: Using ProxyLODMeshReduction for automatic mesh merging
[2023.09.14-10.23.36:037][  0]LogMeshReduction: No distributed automatic mesh merging module available
[2023.09.14-10.23.36:037][  0]LogMeshMerging: No distributed automatic mesh merging module available
[2023.09.14-10.23.36:056][  0]LogNetVersion: Zombone 1.0.0, NetCL: 17155196, EngineNetVer: 17, GameNetVer: 0 (Checksum: 1748673324)
[2023.09.14-10.23.36:408][  0]LogTexture: Default maximum texture size for cubemaps generated from long-lat sources has been changed from 512 to unlimited. In order to preserve old behaiour for '/Engine/MapTemplates/Sky/DaylightAmbientCubemap.DaylightAmbientCubemap', its maximum texture size has been explicitly set to 512.
[2023.09.14-10.23.36:468][  0]LogHMD: PokeAHoleMaterial loaded successfully
[2023.09.14-10.23.36:475][  0]LogUObjectArray: 17178 objects as part of root set at end of initial load.
[2023.09.14-10.23.36:475][  0]LogUObjectAllocator: 4302048 out of 0 bytes used by permanent object pool.
[2023.09.14-10.23.36:475][  0]LogUObjectArray: CloseDisregardForGC: 0/0 objects in disregard for GC pool
[2023.09.14-10.23.36:808][  0]LogNiagaraDebuggerClient: Niagara Debugger Client Initialized | Session: B7F4B5D24F59369377300CA70A21775C | Instance: E71D3B66421570C64E72FAAE573598F0 (DESKTOP-J6VGNOD-16492).
[2023.09.14-10.23.36:855][  0]LogTcpMessaging: Initializing TcpMessaging bridge
[2023.09.14-10.23.36:861][  0]LogUdpMessaging: Initializing bridge on interface 0.0.0.0:0 to multicast group 230.0.0.1:6666.
[2023.09.14-10.23.36:879][  0]LogPython: Using Python 3.7.7
[2023.09.14-10.23.37:888][  0]SourceControl: Source control is disabled
[2023.09.14-10.23.37:888][  0]SourceControl: Source control is disabled
[2023.09.14-10.23.37:892][  0]SourceControl: Source control is disabled
[2023.09.14-10.23.37:896][  0]SourceControl: Source control is disabled
[2023.09.14-10.23.37:906][  0]SourceControl: Source control is disabled
[2023.09.14-10.23.37:920][  0]LogUProjectInfo: Found projects:
[2023.09.14-10.23.38:102][  0]LogOpenImageDenoise: OIDN starting up
[2023.09.14-10.23.38:130][  0]LogAndroidPermission: UAndroidPermissionCallbackProxy::GetInstance
[2023.09.14-10.23.38:161][  0]LogAudioCaptureCore: Display: No Audio Capture implementations found. Audio input will be silent.
[2023.09.14-10.23.38:161][  0]LogAudioCaptureCore: Display: No Audio Capture implementations found. Audio input will be silent.
[2023.09.14-10.23.38:312][  0]LogCollectionManager: Loaded 0 collections in 0.000665 seconds
[2023.09.14-10.23.38:339][  0]LogFileCache: Scanning file cache for directory 'E:/Portfolio/Unreal/FPS_Game/Zombone/Saved/Collections/' took 0.00s
[2023.09.14-10.23.38:339][  0]LogFileCache: Scanning file cache for directory 'E:/Portfolio/Unreal/FPS_Game/Zombone/Content/Developers/timve/Collections/' took 0.00s
[2023.09.14-10.23.38:339][  0]LogFileCache: Scanning file cache for directory 'E:/Portfolio/Unreal/FPS_Game/Zombone/Content/Collections/' took 0.00s
[2023.09.14-10.23.38:340][  0]LogOcInput: OculusInput pre-init called
[2023.09.14-10.23.38:558][  0]LogEngine: Initializing Engine...
[2023.09.14-10.23.38:688][  0]LogHMD: Optional extension XR_VARJO_quad_views is not available
[2023.09.14-10.23.38:688][  0]LogHMD: Warning: Required extension XR_EXT_eye_gaze_interaction is not available
[2023.09.14-10.23.38:689][  0]LogHMD: Could not enable all required OpenXR extensions for OpenXREyeTracker on current system. This plugin will be loaded but ignored, but will be enabled on a target platform that supports the required extension.
[2023.09.14-10.23.38:690][  0]LogHMD: Failed to get an OpenXR system, result is XR_ERROR_FORM_FACTOR_UNAVAILABLE. Please check that your runtime supports VR headsets.
[2023.09.14-10.23.38:690][  0]LogHMD: Failed to initialize OpenVR with code 110
[2023.09.14-10.23.38:690][  0]LogMagicLeap: Warning: VR disabled because ZI is not enabled.  To enable, in the editor, Edit -> Project Settings -> Plugins -> Magic Leap Plugin -> Enable Zero Iteration
[2023.09.14-10.23.38:691][  0]LogStats: UGameplayTagsManager::InitializeManager -  0.000 s
[2023.09.14-10.23.38:819][  0]LogInit: Initializing FReadOnlyCVARCache
[2023.09.14-10.23.38:829][  0]LogAIModule: Creating AISystem for world Untitled
[2023.09.14-10.23.38:836][  0]LogAudio: Display: Initializing Audio Device Manager...
[2023.09.14-10.23.38:840][  0]LogAudio: Display: Loading Default Audio Settings Objects...
[2023.09.14-10.23.38:841][  0]LogAudio: Display: No default SoundConcurrencyObject specified (or failed to load).
[2023.09.14-10.23.38:841][  0]LogAudio: Display: Audio Device Manager Initialized
[2023.09.14-10.23.38:841][  0]LogAudio: Display: Creating Audio Device:                 Id: 1, Scope: Shared, Realtime: True
[2023.09.14-10.23.38:842][  0]LogAudioMixer: Display: Audio Mixer Platform Settings:
[2023.09.14-10.23.38:842][  0]LogAudioMixer: Display: 	Sample Rate:						  48000
[2023.09.14-10.23.38:842][  0]LogAudioMixer: Display: 	Callback Buffer Frame Size Requested: 1024
[2023.09.14-10.23.38:842][  0]LogAudioMixer: Display: 	Callback Buffer Frame Size To Use:	  1024
[2023.09.14-10.23.38:842][  0]LogAudioMixer: Display: 	Number of buffers to queue:			  2
[2023.09.14-10.23.38:842][  0]LogAudioMixer: Display: 	Max Channels (voices):				  32
[2023.09.14-10.23.38:842][  0]LogAudioMixer: Display: 	Number of Async Source Workers:		  0
[2023.09.14-10.23.38:842][  0]LogAudio: Display: AudioDevice MaxSources: 32
[2023.09.14-10.23.38:842][  0]LogAudio: Display: Audio Spatialization Plugin: None (built-in).
[2023.09.14-10.23.38:842][  0]LogAudio: Display: Audio Reverb Plugin: None (built-in).
[2023.09.14-10.23.38:843][  0]LogAudio: Display: Audio Occlusion Plugin: None (built-in).
[2023.09.14-10.23.38:843][  0]LogAudioMixer: Display: Initializing audio mixer.
[2023.09.14-10.23.38:864][  0]LogAudioMixer: Display: 0: FrontLeft
[2023.09.14-10.23.38:864][  0]LogAudioMixer: Display: 1: FrontRight
[2023.09.14-10.23.38:902][  0]LogAudioMixer: Display: Using Audio Device Oortelefoon van hoofdtelefoon (Sennheiser Communication Audio)
[2023.09.14-10.23.38:903][  0]LogAudioMixer: Display: Initializing Sound Submixes...
[2023.09.14-10.23.38:904][  0]LogAudioMixer: Display: Creating Master Submix 'MasterSubmixDefault'
[2023.09.14-10.23.38:905][  0]LogAudioMixer: Display: Creating Master Submix 'MasterReverbSubmixDefault'
[2023.09.14-10.23.38:906][  0]LogAudioMixer: Display: Creating Master Submix 'MasterEQSubmixDefault'
[2023.09.14-10.23.38:906][  0]LogAudioMixer: FMixerPlatformXAudio2::StartAudioStream() called
[2023.09.14-10.23.38:906][  0]LogAudioMixer: Display: Output buffers initialized: Frames=1024, Channels=2, Samples=2048
[2023.09.14-10.23.38:908][  0]LogAudioMixer: Display: Starting AudioMixerPlatformInterface::RunInternal()
[2023.09.14-10.23.38:908][  0]LogAudioMixer: Display: FMixerPlatformXAudio2::SubmitBuffer() called for the first time
[2023.09.14-10.23.38:908][  0]LogInit: FAudioDevice initialized.
[2023.09.14-10.23.38:909][  0]LogAudio: Display: Audio Device (ID: 1) registered with world 'Untitled'.
[2023.09.14-10.23.38:909][  0]LogNetVersion: Set ProjectVersion to 1.0.0.0. Version Checksum will be recalculated on next use.
[2023.09.14-10.23.39:063][  0]LogDerivedDataCache: Saved boot cache 0.15s 99MB C:/Users/timve/AppData/Local/UnrealEngine/4.27/DerivedDataCache/Boot.ddc.
[2023.09.14-10.23.39:064][  0]LogInit: Texture streaming: Enabled
[2023.09.14-10.23.39:080][  0]LogAnalytics: Display: [UEEditor.Rocket.Release] APIServer = https://datarouter.ol.epicgames.com/. AppVersion = 4.27.2-18319896+++UE4+Release-4.27
[2023.09.14-10.23.39:085][  0]LogEngineSessionManager: EngineSessionManager initialized
[2023.09.14-10.23.39:085][  0]LogEditorSessionSummary: Verbose: Initializing EditorSessionSummaryWriter for editor session tracking
[2023.09.14-10.23.39:087][  0]LogEditorSessionSummary: EditorSessionSummaryWriter initialized
[2023.09.14-10.23.39:212][  0]LogInit: Transaction tracking system initialized
[2023.09.14-10.23.39:239][  0]BlueprintLog: New page: Editor Load
[2023.09.14-10.23.39:320][  0]LocalizationService: Localization service is disabled
[2023.09.14-10.23.39:356][  0]TimingProfiler: Initialize
[2023.09.14-10.23.39:357][  0]TimingProfiler: OnSessionChanged
[2023.09.14-10.23.39:357][  0]LoadingProfiler: Initialize
[2023.09.14-10.23.39:357][  0]LoadingProfiler: OnSessionChanged
[2023.09.14-10.23.39:357][  0]NetworkingProfiler: Initialize
[2023.09.14-10.23.39:357][  0]NetworkingProfiler: OnSessionChanged
[2023.09.14-10.23.39:357][  0]MemoryProfiler: Initialize
[2023.09.14-10.23.39:357][  0]MemoryProfiler: OnSessionChanged
[2023.09.14-10.23.39:529][  0]LogCook: Display: CookSettings for Memory: MemoryMaxUsedVirtual 0MiB, MemoryMaxUsedPhysical 16384MiB, MemoryMinFreeVirtual 0MiB, MemoryMinFreePhysical 1024MiB
[2023.09.14-10.23.39:530][  0]LogCook: Display: Mobile HDR setting 1
[2023.09.14-10.23.39:631][  0]LogFileCache: Scanning file cache for directory 'E:/Portfolio/Unreal/FPS_Game/Zombone/Content/' took 0.01s
[2023.09.14-10.23.39:908][  0]LogInit: Display: Engine is initialized. Leaving FEngineLoop::Init()
[2023.09.14-10.23.39:911][  0]SourceControl: Source control is disabled
[2023.09.14-10.23.39:911][  0]LogUnrealEdMisc: Loading editor; pre map load, took 8.743
[2023.09.14-10.23.39:912][  0]Cmd: MAP LOAD FILE="E:/Portfolio/Unreal/FPS_Game/Zombone/Content/PalaceHall/Levels/Level_PalaceHall_Demo.umap" TEMPLATE=0 SHOWPROGRESS=1 FEATURELEVEL=3
[2023.09.14-10.23.39:912][  0]LightingResults: New page: Lighting Build
[2023.09.14-10.23.39:914][  0]LogWorld: UWorld::CleanupWorld for Untitled, bSessionEnded=true, bCleanupResources=true
[2023.09.14-10.23.39:914][  0]LogSlate: InvalidateAllWidgets triggered.  All widgets were invalidated
[2023.09.14-10.23.39:914][  0]MapCheck: New page: Map Check
[2023.09.14-10.23.39:914][  0]LightingResults: New page: Lighting Build
[2023.09.14-10.23.39:919][  0]LogAudio: Display: Audio Device unregistered from world 'None'.
[2023.09.14-10.23.39:924][  0]LogUObjectHash: Compacting FUObjectHashTables data took   0.93ms
[2023.09.14-10.23.40:507][  0]LogAudio: Display: Audio Device (ID: 1) registered with world 'Level_PalaceHall_Demo'.
[2023.09.14-10.23.40:508][  0]LogAIModule: Creating AISystem for world Level_PalaceHall_Demo
[2023.09.14-10.23.40:564][  0]LogEditorServer: Finished looking for orphan Actors (0.000 secs)
[2023.09.14-10.23.40:616][  0]LogUObjectHash: Compacting FUObjectHashTables data took   0.95ms
[2023.09.14-10.23.40:617][  0]Cmd: MAP CHECKDEP NOCLEARLOG
[2023.09.14-10.23.40:618][  0]MapCheck: Map check complete: 0 Error(s), 0 Warning(s), took 0,415ms to complete.
[2023.09.14-10.23.40:618][  0]LogFileHelpers: Loading map 'Level_PalaceHall_Demo' took 0.707
[2023.09.14-10.23.40:621][  0]LogUnrealEdMisc: Total Editor Startup Time, took 9.453
[2023.09.14-10.23.40:770][  0]LogSlate: Updating window title bar state: overlay mode, drag disabled, window buttons hidden, title bar hidden
[2023.09.14-10.23.40:777][  0]LogSlate: Updating window title bar state: overlay mode, drag disabled, window buttons hidden, title bar hidden
[2023.09.14-10.23.40:783][  0]LogSlate: Updating window title bar state: overlay mode, drag disabled, window buttons hidden, title bar hidden
[2023.09.14-10.23.40:789][  0]LogSlate: Updating window title bar state: overlay mode, drag disabled, window buttons hidden, title bar hidden
[2023.09.14-10.23.40:803][  0]LogNativeClassHierarchy: Verbose: Native class hierarchy populated in 0.0094 seconds. Added 3830 classes and 930 folders.
[2023.09.14-10.23.40:805][  0]LogNativeClassHierarchy: Verbose: Native class hierarchy updated for 'WidgetCarousel' in 0.0003 seconds. Added 0 classes and 0 folders.
[2023.09.14-10.23.40:807][  0]LogPakFile: PakFile PrimaryIndexSize=187
[2023.09.14-10.23.40:807][  0]LogPakFile: PakFile PathHashIndexSize=101
[2023.09.14-10.23.40:807][  0]LogPakFile: PakFile FullDirectoryIndexSize=148
[2023.09.14-10.23.40:807][  0]LogShaderLibrary: Display: ShaderCodeLibraryPakFileMountedCallback: PakFile 'D:/Epic Games/UE_4.27/FeaturePacks/FP_FirstPerson.upack' (chunk index -1, root 'root:/') mounted
[2023.09.14-10.23.40:807][  0]LogShaderLibrary: Display: ShaderCodeLibraryPakFileMountedCallback: pending pak file info (ChunkID:-1 Root:root:/ File:D:/Epic Games/UE_4.27/FeaturePacks/FP_FirstPerson.upack)
[2023.09.14-10.23.40:807][  0]LogPakFile: OnPakFileMounted2Time == 0.000181
[2023.09.14-10.23.40:808][  0]LogPakFile: PakFile PrimaryIndexSize=189
[2023.09.14-10.23.40:808][  0]LogPakFile: PakFile PathHashIndexSize=101
[2023.09.14-10.23.40:808][  0]LogPakFile: PakFile FullDirectoryIndexSize=152
[2023.09.14-10.23.40:808][  0]LogShaderLibrary: Display: ShaderCodeLibraryPakFileMountedCallback: PakFile 'D:/Epic Games/UE_4.27/FeaturePacks/FP_FirstPersonBP.upack' (chunk index -1, root 'root:/') mounted
[2023.09.14-10.23.40:808][  0]LogShaderLibrary: Display: ShaderCodeLibraryPakFileMountedCallback: pending pak file info (ChunkID:-1 Root:root:/ File:D:/Epic Games/UE_4.27/FeaturePacks/FP_FirstPersonBP.upack)
[2023.09.14-10.23.40:808][  0]LogPakFile: OnPakFileMounted2Time == 0.000186
[2023.09.14-10.23.40:809][  0]LogPakFile: PakFile PrimaryIndexSize=191
[2023.09.14-10.23.40:809][  0]LogPakFile: PakFile PathHashIndexSize=101
[2023.09.14-10.23.40:809][  0]LogPakFile: PakFile FullDirectoryIndexSize=160
[2023.09.14-10.23.40:809][  0]LogShaderLibrary: Display: ShaderCodeLibraryPakFileMountedCallback: PakFile 'D:/Epic Games/UE_4.27/FeaturePacks/MobileStarterContent.upack' (chunk index -1, root 'root:/') mounted
[2023.09.14-10.23.40:809][  0]LogShaderLibrary: Display: ShaderCodeLibraryPakFileMountedCallback: pending pak file info (ChunkID:-1 Root:root:/ File:D:/Epic Games/UE_4.27/FeaturePacks/MobileStarterContent.upack)
[2023.09.14-10.23.40:809][  0]LogPakFile: OnPakFileMounted2Time == 0.000125
[2023.09.14-10.23.40:809][  0]LogPakFile: PakFile PrimaryIndexSize=185
[2023.09.14-10.23.40:810][  0]LogPakFile: PakFile PathHashIndexSize=101
[2023.09.14-10.23.40:810][  0]LogPakFile: PakFile FullDirectoryIndexSize=148
[2023.09.14-10.23.40:810][  0]LogShaderLibrary: Display: ShaderCodeLibraryPakFileMountedCallback: PakFile 'D:/Epic Games/UE_4.27/FeaturePacks/StarterContent.upack' (chunk index -1, root 'root:/') mounted
[2023.09.14-10.23.40:810][  0]LogShaderLibrary: Display: ShaderCodeLibraryPakFileMountedCallback: pending pak file info (ChunkID:-1 Root:root:/ File:D:/Epic Games/UE_4.27/FeaturePacks/StarterContent.upack)
[2023.09.14-10.23.40:810][  0]LogPakFile: OnPakFileMounted2Time == 0.000140
[2023.09.14-10.23.40:810][  0]LogPakFile: PakFile PrimaryIndexSize=190
[2023.09.14-10.23.40:810][  0]LogPakFile: PakFile PathHashIndexSize=101
[2023.09.14-10.23.40:811][  0]LogPakFile: PakFile FullDirectoryIndexSize=154
[2023.09.14-10.23.40:811][  0]LogShaderLibrary: Display: ShaderCodeLibraryPakFileMountedCallback: PakFile 'D:/Epic Games/UE_4.27/FeaturePacks/TP_2DSideScroller.upack' (chunk index -1, root 'root:/') mounted
[2023.09.14-10.23.40:811][  0]LogShaderLibrary: Display: ShaderCodeLibraryPakFileMountedCallback: pending pak file info (ChunkID:-1 Root:root:/ File:D:/Epic Games/UE_4.27/FeaturePacks/TP_2DSideScroller.upack)
[2023.09.14-10.23.40:811][  0]LogPakFile: OnPakFileMounted2Time == 0.000226
[2023.09.14-10.23.40:812][  0]LogPakFile: PakFile PrimaryIndexSize=192
[2023.09.14-10.23.40:812][  0]LogPakFile: PakFile PathHashIndexSize=101
[2023.09.14-10.23.40:812][  0]LogPakFile: PakFile FullDirectoryIndexSize=158
[2023.09.14-10.23.40:812][  0]LogShaderLibrary: Display: ShaderCodeLibraryPakFileMountedCallback: PakFile 'D:/Epic Games/UE_4.27/FeaturePacks/TP_2DSideScrollerBP.upack' (chunk index -1, root 'root:/') mounted
[2023.09.14-10.23.40:812][  0]LogShaderLibrary: Display: ShaderCodeLibraryPakFileMountedCallback: pending pak file info (ChunkID:-1 Root:root:/ File:D:/Epic Games/UE_4.27/FeaturePacks/TP_2DSideScrollerBP.upack)
[2023.09.14-10.23.40:812][  0]LogPakFile: OnPakFileMounted2Time == 0.000177
[2023.09.14-10.23.40:812][  0]LogPakFile: PakFile PrimaryIndexSize=182
[2023.09.14-10.23.40:813][  0]LogPakFile: PakFile PathHashIndexSize=101
[2023.09.14-10.23.40:813][  0]LogPakFile: PakFile FullDirectoryIndexSize=138
[2023.09.14-10.23.40:813][  0]LogShaderLibrary: Display: ShaderCodeLibraryPakFileMountedCallback: PakFile 'D:/Epic Games/UE_4.27/FeaturePacks/TP_Flying.upack' (chunk index -1, root 'root:/') mounted
[2023.09.14-10.23.40:813][  0]LogShaderLibrary: Display: ShaderCodeLibraryPakFileMountedCallback: pending pak file info (ChunkID:-1 Root:root:/ File:D:/Epic Games/UE_4.27/FeaturePacks/TP_Flying.upack)
[2023.09.14-10.23.40:813][  0]LogPakFile: OnPakFileMounted2Time == 0.000158
[2023.09.14-10.23.40:813][  0]LogPakFile: PakFile PrimaryIndexSize=184
[2023.09.14-10.23.40:814][  0]LogPakFile: PakFile PathHashIndexSize=101
[2023.09.14-10.23.40:814][  0]LogPakFile: PakFile FullDirectoryIndexSize=142
[2023.09.14-10.23.40:814][  0]LogShaderLibrary: Display: ShaderCodeLibraryPakFileMountedCallback: PakFile 'D:/Epic Games/UE_4.27/FeaturePacks/TP_FlyingBP.upack' (chunk index -1, root 'root:/') mounted
[2023.09.14-10.23.40:814][  0]LogShaderLibrary: Display: ShaderCodeLibraryPakFileMountedCallback: pending pak file info (ChunkID:-1 Root:root:/ File:D:/Epic Games/UE_4.27/FeaturePacks/TP_FlyingBP.upack)
[2023.09.14-10.23.40:814][  0]LogPakFile: OnPakFileMounted2Time == 0.000131
[2023.09.14-10.23.40:814][  0]LogPakFile: PakFile PrimaryIndexSize=188
[2023.09.14-10.23.40:814][  0]LogPakFile: PakFile PathHashIndexSize=101
[2023.09.14-10.23.40:814][  0]LogPakFile: PakFile FullDirectoryIndexSize=150
[2023.09.14-10.23.40:815][  0]LogShaderLibrary: Display: ShaderCodeLibraryPakFileMountedCallback: PakFile 'D:/Epic Games/UE_4.27/FeaturePacks/TP_HandheldARBP.upack' (chunk index -1, root 'root:/') mounted
[2023.09.14-10.23.40:815][  0]LogShaderLibrary: Display: ShaderCodeLibraryPakFileMountedCallback: pending pak file info (ChunkID:-1 Root:root:/ File:D:/Epic Games/UE_4.27/FeaturePacks/TP_HandheldARBP.upack)
[2023.09.14-10.23.40:815][  0]LogPakFile: OnPakFileMounted2Time == 0.000203
[2023.09.14-10.23.40:815][  0]LogPakFile: PakFile PrimaryIndexSize=182
[2023.09.14-10.23.40:816][  0]LogPakFile: PakFile PathHashIndexSize=101
[2023.09.14-10.23.40:816][  0]LogPakFile: PakFile FullDirectoryIndexSize=138
[2023.09.14-10.23.40:816][  0]LogShaderLibrary: Display: ShaderCodeLibraryPakFileMountedCallback: PakFile 'D:/Epic Games/UE_4.27/FeaturePacks/TP_Puzzle.upack' (chunk index -1, root 'root:/') mounted
[2023.09.14-10.23.40:816][  0]LogShaderLibrary: Display: ShaderCodeLibraryPakFileMountedCallback: pending pak file info (ChunkID:-1 Root:root:/ File:D:/Epic Games/UE_4.27/FeaturePacks/TP_Puzzle.upack)
[2023.09.14-10.23.40:816][  0]LogPakFile: OnPakFileMounted2Time == 0.000139
[2023.09.14-10.23.40:816][  0]LogPakFile: PakFile PrimaryIndexSize=184
[2023.09.14-10.23.40:816][  0]LogPakFile: PakFile PathHashIndexSize=101
[2023.09.14-10.23.40:817][  0]LogPakFile: PakFile FullDirectoryIndexSize=142
[2023.09.14-10.23.40:817][  0]LogShaderLibrary: Display: ShaderCodeLibraryPakFileMountedCallback: PakFile 'D:/Epic Games/UE_4.27/FeaturePacks/TP_PuzzleBP.upack' (chunk index -1, root 'root:/') mounted
[2023.09.14-10.23.40:817][  0]LogShaderLibrary: Display: ShaderCodeLibraryPakFileMountedCallback: pending pak file info (ChunkID:-1 Root:root:/ File:D:/Epic Games/UE_4.27/FeaturePacks/TP_PuzzleBP.upack)
[2023.09.14-10.23.40:817][  0]LogPakFile: OnPakFileMounted2Time == 0.000202
[2023.09.14-10.23.40:817][  0]LogPakFile: PakFile PrimaryIndexSize=183
[2023.09.14-10.23.40:817][  0]LogPakFile: PakFile PathHashIndexSize=101
[2023.09.14-10.23.40:818][  0]LogPakFile: PakFile FullDirectoryIndexSize=140
[2023.09.14-10.23.40:818][  0]LogShaderLibrary: Display: ShaderCodeLibraryPakFileMountedCallback: PakFile 'D:/Epic Games/UE_4.27/FeaturePacks/TP_Rolling.upack' (chunk index -1, root 'root:/') mounted
[2023.09.14-10.23.40:818][  0]LogShaderLibrary: Display: ShaderCodeLibraryPakFileMountedCallback: pending pak file info (ChunkID:-1 Root:root:/ File:D:/Epic Games/UE_4.27/FeaturePacks/TP_Rolling.upack)
[2023.09.14-10.23.40:818][  0]LogPakFile: OnPakFileMounted2Time == 0.000169
[2023.09.14-10.23.40:818][  0]LogPakFile: PakFile PrimaryIndexSize=185
[2023.09.14-10.23.40:818][  0]LogPakFile: PakFile PathHashIndexSize=101
[2023.09.14-10.23.40:818][  0]LogPakFile: PakFile FullDirectoryIndexSize=144
[2023.09.14-10.23.40:818][  0]LogShaderLibrary: Display: ShaderCodeLibraryPakFileMountedCallback: PakFile 'D:/Epic Games/UE_4.27/FeaturePacks/TP_RollingBP.upack' (chunk index -1, root 'root:/') mounted
[2023.09.14-10.23.40:819][  0]LogShaderLibrary: Display: ShaderCodeLibraryPakFileMountedCallback: pending pak file info (ChunkID:-1 Root:root:/ File:D:/Epic Games/UE_4.27/FeaturePacks/TP_RollingBP.upack)
[2023.09.14-10.23.40:819][  0]LogPakFile: OnPakFileMounted2Time == 0.000187
[2023.09.14-10.23.40:819][  0]LogPakFile: PakFile PrimaryIndexSize=188
[2023.09.14-10.23.40:819][  0]LogPakFile: PakFile PathHashIndexSize=101
[2023.09.14-10.23.40:819][  0]LogPakFile: PakFile FullDirectoryIndexSize=150
[2023.09.14-10.23.40:819][  0]LogShaderLibrary: Display: ShaderCodeLibraryPakFileMountedCallback: PakFile 'D:/Epic Games/UE_4.27/FeaturePacks/TP_SideScroller.upack' (chunk index -1, root 'root:/') mounted
[2023.09.14-10.23.40:820][  0]LogShaderLibrary: Display: ShaderCodeLibraryPakFileMountedCallback: pending pak file info (ChunkID:-1 Root:root:/ File:D:/Epic Games/UE_4.27/FeaturePacks/TP_SideScroller.upack)
[2023.09.14-10.23.40:820][  0]LogPakFile: OnPakFileMounted2Time == 0.000145
[2023.09.14-10.23.40:820][  0]LogPakFile: PakFile PrimaryIndexSize=190
[2023.09.14-10.23.40:820][  0]LogPakFile: PakFile PathHashIndexSize=101
[2023.09.14-10.23.40:820][  0]LogPakFile: PakFile FullDirectoryIndexSize=154
[2023.09.14-10.23.40:820][  0]LogShaderLibrary: Display: ShaderCodeLibraryPakFileMountedCallback: PakFile 'D:/Epic Games/UE_4.27/FeaturePacks/TP_SideScrollerBP.upack' (chunk index -1, root 'root:/') mounted
[2023.09.14-10.23.40:820][  0]LogShaderLibrary: Display: ShaderCodeLibraryPakFileMountedCallback: pending pak file info (ChunkID:-1 Root:root:/ File:D:/Epic Games/UE_4.27/FeaturePacks/TP_SideScrollerBP.upack)
[2023.09.14-10.23.40:820][  0]LogPakFile: OnPakFileMounted2Time == 0.000173
[2023.09.14-10.23.40:820][  0]LogPakFile: PakFile PrimaryIndexSize=187
[2023.09.14-10.23.40:821][  0]LogPakFile: PakFile PathHashIndexSize=101
[2023.09.14-10.23.40:821][  0]LogPakFile: PakFile FullDirectoryIndexSize=148
[2023.09.14-10.23.40:821][  0]LogShaderLibrary: Display: ShaderCodeLibraryPakFileMountedCallback: PakFile 'D:/Epic Games/UE_4.27/FeaturePacks/TP_ThirdPerson.upack' (chunk index -1, root 'root:/') mounted
[2023.09.14-10.23.40:821][  0]LogShaderLibrary: Display: ShaderCodeLibraryPakFileMountedCallback: pending pak file info (ChunkID:-1 Root:root:/ File:D:/Epic Games/UE_4.27/FeaturePacks/TP_ThirdPerson.upack)
[2023.09.14-10.23.40:821][  0]LogPakFile: OnPakFileMounted2Time == 0.000169
[2023.09.14-10.23.40:822][  0]LogPakFile: PakFile PrimaryIndexSize=189
[2023.09.14-10.23.40:822][  0]LogPakFile: PakFile PathHashIndexSize=101
[2023.09.14-10.23.40:822][  0]LogPakFile: PakFile FullDirectoryIndexSize=152
[2023.09.14-10.23.40:822][  0]LogShaderLibrary: Display: ShaderCodeLibraryPakFileMountedCallback: PakFile 'D:/Epic Games/UE_4.27/FeaturePacks/TP_ThirdPersonBP.upack' (chunk index -1, root 'root:/') mounted
[2023.09.14-10.23.40:822][  0]LogShaderLibrary: Display: ShaderCodeLibraryPakFileMountedCallback: pending pak file info (ChunkID:-1 Root:root:/ File:D:/Epic Games/UE_4.27/FeaturePacks/TP_ThirdPersonBP.upack)
[2023.09.14-10.23.40:822][  0]LogPakFile: OnPakFileMounted2Time == 0.000214
[2023.09.14-10.23.40:823][  0]LogPakFile: PakFile PrimaryIndexSize=183
[2023.09.14-10.23.40:823][  0]LogPakFile: PakFile PathHashIndexSize=101
[2023.09.14-10.23.40:823][  0]LogPakFile: PakFile FullDirectoryIndexSize=140
[2023.09.14-10.23.40:823][  0]LogShaderLibrary: Display: ShaderCodeLibraryPakFileMountedCallback: PakFile 'D:/Epic Games/UE_4.27/FeaturePacks/TP_TopDown.upack' (chunk index -1, root 'root:/') mounted
[2023.09.14-10.23.40:823][  0]LogShaderLibrary: Display: ShaderCodeLibraryPakFileMountedCallback: pending pak file info (ChunkID:-1 Root:root:/ File:D:/Epic Games/UE_4.27/FeaturePacks/TP_TopDown.upack)
[2023.09.14-10.23.40:823][  0]LogPakFile: OnPakFileMounted2Time == 0.000274
[2023.09.14-10.23.40:824][  0]LogPakFile: PakFile PrimaryIndexSize=185
[2023.09.14-10.23.40:824][  0]LogPakFile: PakFile PathHashIndexSize=101
[2023.09.14-10.23.40:824][  0]LogPakFile: PakFile FullDirectoryIndexSize=144
[2023.09.14-10.23.40:824][  0]LogShaderLibrary: Display: ShaderCodeLibraryPakFileMountedCallback: PakFile 'D:/Epic Games/UE_4.27/FeaturePacks/TP_TopDownBP.upack' (chunk index -1, root 'root:/') mounted
[2023.09.14-10.23.40:824][  0]LogShaderLibrary: Display: ShaderCodeLibraryPakFileMountedCallback: pending pak file info (ChunkID:-1 Root:root:/ File:D:/Epic Games/UE_4.27/FeaturePacks/TP_TopDownBP.upack)
[2023.09.14-10.23.40:824][  0]LogPakFile: OnPakFileMounted2Time == 0.000179
[2023.09.14-10.23.40:825][  0]LogPakFile: PakFile PrimaryIndexSize=185
[2023.09.14-10.23.40:825][  0]LogPakFile: PakFile PathHashIndexSize=101
[2023.09.14-10.23.40:825][  0]LogPakFile: PakFile FullDirectoryIndexSize=144
[2023.09.14-10.23.40:825][  0]LogShaderLibrary: Display: ShaderCodeLibraryPakFileMountedCallback: PakFile 'D:/Epic Games/UE_4.27/FeaturePacks/TP_TwinStick.upack' (chunk index -1, root 'root:/') mounted
[2023.09.14-10.23.40:825][  0]LogShaderLibrary: Display: ShaderCodeLibraryPakFileMountedCallback: pending pak file info (ChunkID:-1 Root:root:/ File:D:/Epic Games/UE_4.27/FeaturePacks/TP_TwinStick.upack)
[2023.09.14-10.23.40:826][  0]LogPakFile: OnPakFileMounted2Time == 0.000260
[2023.09.14-10.23.40:826][  0]LogPakFile: PakFile PrimaryIndexSize=187
[2023.09.14-10.23.40:826][  0]LogPakFile: PakFile PathHashIndexSize=101
[2023.09.14-10.23.40:826][  0]LogPakFile: PakFile FullDirectoryIndexSize=148
[2023.09.14-10.23.40:826][  0]LogShaderLibrary: Display: ShaderCodeLibraryPakFileMountedCallback: PakFile 'D:/Epic Games/UE_4.27/FeaturePacks/TP_TwinStickBP.upack' (chunk index -1, root 'root:/') mounted
[2023.09.14-10.23.40:827][  0]LogShaderLibrary: Display: ShaderCodeLibraryPakFileMountedCallback: pending pak file info (ChunkID:-1 Root:root:/ File:D:/Epic Games/UE_4.27/FeaturePacks/TP_TwinStickBP.upack)
[2023.09.14-10.23.40:827][  0]LogPakFile: OnPakFileMounted2Time == 0.000187
[2023.09.14-10.23.40:827][  0]LogPakFile: PakFile PrimaryIndexSize=183
[2023.09.14-10.23.40:828][  0]LogPakFile: PakFile PathHashIndexSize=101
[2023.09.14-10.23.40:828][  0]LogPakFile: PakFile FullDirectoryIndexSize=140
[2023.09.14-10.23.40:828][  0]LogShaderLibrary: Display: ShaderCodeLibraryPakFileMountedCallback: PakFile 'D:/Epic Games/UE_4.27/FeaturePacks/TP_Vehicle.upack' (chunk index -1, root 'root:/') mounted
[2023.09.14-10.23.40:828][  0]LogShaderLibrary: Display: ShaderCodeLibraryPakFileMountedCallback: pending pak file info (ChunkID:-1 Root:root:/ File:D:/Epic Games/UE_4.27/FeaturePacks/TP_Vehicle.upack)
[2023.09.14-10.23.40:828][  0]LogPakFile: OnPakFileMounted2Time == 0.000204
[2023.09.14-10.23.40:829][  0]LogPakFile: PakFile PrimaryIndexSize=186
[2023.09.14-10.23.40:829][  0]LogPakFile: PakFile PathHashIndexSize=101
[2023.09.14-10.23.40:829][  0]LogPakFile: PakFile FullDirectoryIndexSize=146
[2023.09.14-10.23.40:829][  0]LogShaderLibrary: Display: ShaderCodeLibraryPakFileMountedCallback: PakFile 'D:/Epic Games/UE_4.27/FeaturePacks/TP_VehicleAdv.upack' (chunk index -1, root 'root:/') mounted
[2023.09.14-10.23.40:829][  0]LogShaderLibrary: Display: ShaderCodeLibraryPakFileMountedCallback: pending pak file info (ChunkID:-1 Root:root:/ File:D:/Epic Games/UE_4.27/FeaturePacks/TP_VehicleAdv.upack)
[2023.09.14-10.23.40:829][  0]LogPakFile: OnPakFileMounted2Time == 0.000243
[2023.09.14-10.23.40:830][  0]LogPakFile: PakFile PrimaryIndexSize=188
[2023.09.14-10.23.40:830][  0]LogPakFile: PakFile PathHashIndexSize=101
[2023.09.14-10.23.40:830][  0]LogPakFile: PakFile FullDirectoryIndexSize=150
[2023.09.14-10.23.40:831][  0]LogShaderLibrary: Display: ShaderCodeLibraryPakFileMountedCallback: PakFile 'D:/Epic Games/UE_4.27/FeaturePacks/TP_VehicleAdvBP.upack' (chunk index -1, root 'root:/') mounted
[2023.09.14-10.23.40:831][  0]LogShaderLibrary: Display: ShaderCodeLibraryPakFileMountedCallback: pending pak file info (ChunkID:-1 Root:root:/ File:D:/Epic Games/UE_4.27/FeaturePacks/TP_VehicleAdvBP.upack)
[2023.09.14-10.23.40:831][  0]LogPakFile: OnPakFileMounted2Time == 0.000252
[2023.09.14-10.23.40:831][  0]LogPakFile: PakFile PrimaryIndexSize=185
[2023.09.14-10.23.40:832][  0]LogPakFile: PakFile PathHashIndexSize=101
[2023.09.14-10.23.40:832][  0]LogPakFile: PakFile FullDirectoryIndexSize=144
[2023.09.14-10.23.40:832][  0]LogShaderLibrary: Display: ShaderCodeLibraryPakFileMountedCallback: PakFile 'D:/Epic Games/UE_4.27/FeaturePacks/TP_VehicleBP.upack' (chunk index -1, root 'root:/') mounted
[2023.09.14-10.23.40:832][  0]LogShaderLibrary: Display: ShaderCodeLibraryPakFileMountedCallback: pending pak file info (ChunkID:-1 Root:root:/ File:D:/Epic Games/UE_4.27/FeaturePacks/TP_VehicleBP.upack)
[2023.09.14-10.23.40:832][  0]LogPakFile: OnPakFileMounted2Time == 0.000155
[2023.09.14-10.23.40:832][  0]LogPakFile: PakFile PrimaryIndexSize=192
[2023.09.14-10.23.40:833][  0]LogPakFile: PakFile PathHashIndexSize=101
[2023.09.14-10.23.40:833][  0]LogPakFile: PakFile FullDirectoryIndexSize=158
[2023.09.14-10.23.40:833][  0]LogShaderLibrary: Display: ShaderCodeLibraryPakFileMountedCallback: PakFile 'D:/Epic Games/UE_4.27/FeaturePacks/TP_VirtualRealityBP.upack' (chunk index -1, root 'root:/') mounted
[2023.09.14-10.23.40:833][  0]LogShaderLibrary: Display: ShaderCodeLibraryPakFileMountedCallback: pending pak file info (ChunkID:-1 Root:root:/ File:D:/Epic Games/UE_4.27/FeaturePacks/TP_VirtualRealityBP.upack)
[2023.09.14-10.23.40:833][  0]LogPakFile: OnPakFileMounted2Time == 0.000185
[2023.09.14-10.23.40:860][  0]LogNativeClassHierarchy: Verbose: Native class hierarchy updated for 'AddContentDialog' in 0.0003 seconds. Added 0 classes and 0 folders.
[2023.09.14-10.23.40:861][  0]LogNativeClassHierarchy: Verbose: Native class hierarchy updated for 'SceneOutliner' in 0.0003 seconds. Added 2 classes and 0 folders.
[2023.09.14-10.23.41:208][  0]LogSlate: Only BGRA pngs, bmps or icos are supported in by External Image Picker
[2023.09.14-10.23.41:295][  0]LogSlate: Took 0.000166 seconds to synchronously load lazily loaded font '../../../Engine/Content/Slate/Fonts/Roboto-Regular.ttf' (155K)
[2023.09.14-10.23.41:296][  0]LogSlate: Took 0.000123 seconds to synchronously load lazily loaded font '../../../Engine/Content/Editor/Slate/Fonts/FontAwesome.ttf' (139K)
[2023.09.14-10.23.41:297][  0]LogSlate: Took 0.000110 seconds to synchronously load lazily loaded font '../../../Engine/Content/Slate/Fonts/Roboto-Bold.ttf' (160K)
[2023.09.14-10.23.41:435][  0]LogRenderer: Reallocating scene render targets to support 1208x572 Format 10 NumSamples 1 (Frame:1).
[2023.09.14-10.23.41:500][  0]LogSlate: Took 0.000180 seconds to synchronously load lazily loaded font '../../../Engine/Content/Slate/Fonts/Roboto-Light.ttf' (167K)
[2023.09.14-10.23.41:548][  0]LogNativeClassHierarchy: Verbose: Native class hierarchy updated for 'HierarchicalLODOutliner' in 0.0003 seconds. Added 0 classes and 0 folders.
[2023.09.14-10.23.41:549][  0]LogLoad: (Engine Initialization) Total time: 10.38 seconds
[2023.09.14-10.23.41:549][  0]LogLoad: (Engine Initialization) Total Blueprint compile time: 0.00 seconds
[2023.09.14-10.23.41:628][  0]LogAssetRegistry: Asset discovery search completed in 5.9610 seconds
[2023.09.14-10.23.41:633][  0]LogCollectionManager: Fixed up redirectors for 0 collections in 0.000005 seconds (updated 0 objects)
[2023.09.14-10.23.41:647][  0]LogContentStreaming: Texture pool size now 1000 MB
[2023.09.14-10.23.42:922][ 99]LogTemp: Repeating last play command: Selected Viewport
[2023.09.14-10.23.42:940][ 99]LogPlayLevel: PlayLevel: No blueprints needed recompiling
[2023.09.14-10.23.42:940][ 99]PIE: New page: PIE session: Level_PalaceHall_Demo (14 sep. 2023 14:23:42)
[2023.09.14-10.23.42:942][ 99]LogOnline: OSS: Creating online subsystem instance for: NULL
[2023.09.14-10.23.42:945][ 99]LogOnline: OSS: TryLoadSubsystemAndSetDefault: Loaded subsystem for module [NULL]
[2023.09.14-10.23.42:945][ 99]LogPlayLevel: Creating play world package: /Game/PalaceHall/Levels/UEDPIE_0_Level_PalaceHall_Demo
[2023.09.14-10.23.43:023][ 99]LogPlayLevel: PIE: StaticDuplicateObject took: (0.077630s)
[2023.09.14-10.23.43:024][ 99]LogAIModule: Creating AISystem for world Level_PalaceHall_Demo
[2023.09.14-10.23.43:025][ 99]LogPlayLevel: PIE: World Init took: (0.001798s)
[2023.09.14-10.23.43:025][ 99]LogPlayLevel: PIE: Created PIE world by copying editor world from /Game/PalaceHall/Levels/Level_PalaceHall_Demo.Level_PalaceHall_Demo to /Game/PalaceHall/Levels/UEDPIE_0_Level_PalaceHall_Demo.Level_PalaceHall_Demo (0.079925s)
[2023.09.14-10.23.43:032][ 99]LogUObjectHash: Compacting FUObjectHashTables data took   0.79ms
[2023.09.14-10.23.43:037][ 99]LogAudio: Display: Creating Audio Device:                 Id: 2, Scope: Unique, Realtime: True
[2023.09.14-10.23.43:038][ 99]LogAudioMixer: Display: Audio Mixer Platform Settings:
[2023.09.14-10.23.43:038][ 99]LogAudioMixer: Display: 	Sample Rate:						  48000
[2023.09.14-10.23.43:038][ 99]LogAudioMixer: Display: 	Callback Buffer Frame Size Requested: 1024
[2023.09.14-10.23.43:038][ 99]LogAudioMixer: Display: 	Callback Buffer Frame Size To Use:	  1024
[2023.09.14-10.23.43:038][ 99]LogAudioMixer: Display: 	Number of buffers to queue:			  2
[2023.09.14-10.23.43:038][ 99]LogAudioMixer: Display: 	Max Channels (voices):				  32
[2023.09.14-10.23.43:038][ 99]LogAudioMixer: Display: 	Number of Async Source Workers:		  0
[2023.09.14-10.23.43:038][ 99]LogAudio: Display: AudioDevice MaxSources: 32
[2023.09.14-10.23.43:039][ 99]LogAudio: Display: Audio Spatialization Plugin: None (built-in).
[2023.09.14-10.23.43:039][ 99]LogAudio: Display: Audio Reverb Plugin: None (built-in).
[2023.09.14-10.23.43:039][ 99]LogAudio: Display: Audio Occlusion Plugin: None (built-in).
[2023.09.14-10.23.43:039][ 99]LogAudioMixer: Display: Initializing audio mixer.
[2023.09.14-10.23.43:044][ 99]LogAudioMixer: Display: 0: FrontLeft
[2023.09.14-10.23.43:044][ 99]LogAudioMixer: Display: 1: FrontRight
[2023.09.14-10.23.43:054][ 99]LogAudioMixer: Display: Using Audio Device Oortelefoon van hoofdtelefoon (Sennheiser Communication Audio)
[2023.09.14-10.23.43:054][ 99]LogAudioMixer: Display: Initializing Sound Submixes...
[2023.09.14-10.23.43:054][ 99]LogAudioMixer: Display: Creating Master Submix 'MasterSubmixDefault'
[2023.09.14-10.23.43:055][ 99]LogAudioMixer: Display: Creating Master Submix 'MasterReverbSubmixDefault'
[2023.09.14-10.23.43:055][ 99]LogAudioMixer: Display: Creating Master Submix 'MasterEQSubmixDefault'
[2023.09.14-10.23.43:055][ 99]LogAudioMixer: FMixerPlatformXAudio2::StartAudioStream() called
[2023.09.14-10.23.43:055][ 99]LogAudioMixer: Display: Output buffers initialized: Frames=1024, Channels=2, Samples=2048
[2023.09.14-10.23.43:058][ 99]LogAudioMixer: Display: Starting AudioMixerPlatformInterface::RunInternal()
[2023.09.14-10.23.43:058][ 99]LogAudioMixer: Display: FMixerPlatformXAudio2::SubmitBuffer() called for the first time
[2023.09.14-10.23.43:058][ 99]LogInit: FAudioDevice initialized.
[2023.09.14-10.23.43:058][ 99]LogAudio: Display: Audio Device (ID: 2) registered with world 'Level_PalaceHall_Demo'.
