Log file open, 08/04/23 12:30:50
LogWindows: Failed to load 'aqProf.dll' (GetLastError=126)
LogWindows: File 'aqProf.dll' does not exist
LogWindows: Failed to load 'VtuneApi.dll' (GetLastError=126)
LogWindows: File 'VtuneApi.dll' does not exist
LogWindows: Failed to load 'VtuneApi32e.dll' (GetLastError=126)
LogWindows: File 'VtuneApi32e.dll' does not exist
LogConsoleResponse: Display: Failed to find resolution value strings in scalability ini. Falling back to default.
LogConsoleResponse: Display: Failed to find resolution value strings in scalability ini. Falling back to default.
LogInit: Display: Running engine for game: Zombone
LogPlatformFile: Not using cached read wrapper
LogTaskGraph: Started task graph with 5 named threads and 35 total threads with 3 sets of task threads.
LogStats: Stats thread started at 0.443452
LogICUInternationalization: ICU TimeZone Detection - Raw Offset: +1:00, Platform Override: ''
LogInit: Display: Loading text-based GConfig....
LogPluginManager: Mounting plugin MeshPainting
LogPluginManager: Mounting plugin XGEController
LogPluginManager: Mounting plugin Paper2D
LogPluginManager: Mounting plugin LightPropagationVolume
LogPluginManager: Mounting plugin AISupport
LogPluginManager: Mounting plugin EnvironmentQueryEditor
LogPluginManager: Mounting plugin LiveLink
LogPluginManager: Mounting plugin OodleData
LogPluginManager: Mounting plugin OodleNetwork
LogPluginManager: Mounting plugin GameplayCameras
LogPluginManager: Mounting plugin CameraShakePreviewer
LogPluginManager: Mounting plugin AnimationSharing
LogPluginManager: Mounting plugin CodeLiteSourceCodeAccess
LogPluginManager: Mounting plugin GitSourceControl
LogPluginManager: Mounting plugin CLionSourceCodeAccess
LogPluginManager: Mounting plugin AssetManagerEditor
LogPluginManager: Mounting plugin NullSourceCodeAccess
LogPluginManager: Mounting plugin KDevelopSourceCodeAccess
LogPluginManager: Mounting plugin PerforceSourceControl
LogPluginManager: Mounting plugin PixWinPlugin
LogPluginManager: Mounting plugin PlasticSourceControl
LogPluginManager: Mounting plugin CryptoKeys
LogPluginManager: Mounting plugin PluginUtils
LogPluginManager: Mounting plugin CurveEditorTools
LogPluginManager: Mounting plugin PropertyAccessNode
LogPluginManager: Mounting plugin DataValidation
LogPluginManager: Mounting plugin SubversionSourceControl
LogPluginManager: Mounting plugin RiderSourceCodeAccess
LogPluginManager: Mounting plugin TextureFormatOodle
LogPluginManager: Mounting plugin FacialAnimation
LogPluginManager: Mounting plugin UObjectPlugin
LogPluginManager: Mounting plugin GameplayTagsEditor
LogPluginManager: Mounting plugin GeometryMode
LogPluginManager: Mounting plugin MacGraphicsSwitching
LogPluginManager: Mounting plugin VisualStudioCodeSourceCodeAccess
LogPluginManager: Mounting plugin MaterialAnalyzer
LogPluginManager: Mounting plugin MobileLauncherProfileWizard
LogPluginManager: Mounting plugin VisualStudioSourceCodeAccess
LogPluginManager: Mounting plugin XCodeSourceCodeAccess
LogPluginManager: Mounting plugin PluginBrowser
LogPluginManager: Mounting plugin SpeedTreeImporter
LogPluginManager: Mounting plugin Niagara
LogPluginManager: Mounting plugin AlembicImporter
LogPluginManager: Mounting plugin AutomationUtils
LogPluginManager: Mounting plugin ChaosCloth
LogPluginManager: Mounting plugin ChaosClothEditor
LogPluginManager: Mounting plugin ChaosEditor
LogPluginManager: Mounting plugin ChaosNiagara
LogPluginManager: Mounting plugin ChaosSolverPlugin
LogPluginManager: Mounting plugin CharacterAI
LogPluginManager: Mounting plugin BackChannel
LogPluginManager: Mounting plugin GeometryCache
LogPluginManager: Mounting plugin GeometryCollectionPlugin
LogPluginManager: Mounting plugin MagicLeap
LogPluginManager: Mounting plugin GeometryProcessing
LogPluginManager: Mounting plugin MagicLeapLightEstimation
LogPluginManager: Mounting plugin MagicLeapMedia
LogPluginManager: Mounting plugin MagicLeapPassableWorld
LogPluginManager: Mounting plugin MLSDK
LogPluginManager: Mounting plugin OpenImageDenoise
LogPluginManager: Mounting plugin MotoSynth
LogPluginManager: Mounting plugin PlatformCrypto
LogPluginManager: Mounting plugin ProxyLODPlugin
LogPluginManager: Mounting plugin AndroidMedia
LogPluginManager: Mounting plugin PythonScriptPlugin
LogPluginManager: Mounting plugin AvfMedia
LogPluginManager: Mounting plugin DatasmithContent
LogPluginManager: Mounting plugin LuminPlatformFeatures
LogPluginManager: Mounting plugin ImgMedia
LogPluginManager: Mounting plugin PlanarCut
LogPluginManager: Mounting plugin MediaCompositing
LogPluginManager: Mounting plugin SkeletalReduction
LogPluginManager: Mounting plugin VariantManagerContent
LogPluginManager: Mounting plugin MediaPlayerEditor
LogPluginManager: Mounting plugin WebMMedia
LogPluginManager: Mounting plugin WmfMedia
LogPluginManager: Mounting plugin TcpMessaging
LogPluginManager: Mounting plugin UdpMessaging
LogPluginManager: Mounting plugin ActorSequence
LogPluginManager: Mounting plugin MatineeToLevelSequence
LogPluginManager: Mounting plugin LevelSequenceEditor
LogPluginManager: Mounting plugin TemplateSequence
LogPluginManager: Mounting plugin OnlineSubsystemNull
LogPluginManager: Mounting plugin OnlineSubsystem
LogPluginManager: Mounting plugin OnlineSubsystemUtils
LogPluginManager: Mounting plugin ScreenshotTools
LogPluginManager: Mounting plugin ActorLayerUtilities
LogPluginManager: Mounting plugin AndroidDeviceProfileSelector
LogPluginManager: Mounting plugin AndroidMoviePlayer
LogPluginManager: Mounting plugin AppleImageUtils
LogPluginManager: Mounting plugin AndroidPermission
LogPluginManager: Mounting plugin ArchVisCharacter
LogPluginManager: Mounting plugin AudioCapture
LogPluginManager: Mounting plugin AudioSynesthesia
LogPluginManager: Mounting plugin AssetTags
LogPluginManager: Mounting plugin CustomMeshComponent
LogPluginManager: Mounting plugin ChunkDownloader
LogPluginManager: Mounting plugin AppleMoviePlayer
LogPluginManager: Mounting plugin ExampleDeviceProfileSelector
LogPluginManager: Mounting plugin GoogleCloudMessaging
LogPluginManager: Mounting plugin GooglePAD
LogPluginManager: Mounting plugin LauncherChunkInstaller
LogPluginManager: Mounting plugin IOSDeviceProfileSelector
LogPluginManager: Mounting plugin EditableMesh
LogPluginManager: Mounting plugin LinuxDeviceProfileSelector
LogPluginManager: Mounting plugin LocationServicesBPLibrary
LogPluginManager: Mounting plugin MobilePatchingUtils
LogPluginManager: Mounting plugin OpenXR
LogPluginManager: Mounting plugin OpenXREyeTracker
LogPluginManager: Mounting plugin OpenXRHandTracking
LogPluginManager: Mounting plugin PhysXVehicles
LogPluginManager: Mounting plugin ProceduralMeshComponent
LogPluginManager: Mounting plugin PostSplashScreen
LogPluginManager: Mounting plugin RuntimePhysXCooking
LogPluginManager: Mounting plugin PropertyAccessEditor
LogPluginManager: Mounting plugin Takes
LogPluginManager: Mounting plugin SoundFields
LogPluginManager: Mounting plugin SignificanceManager
LogPluginManager: Mounting plugin CableComponent
LogPluginManager: Mounting plugin Synthesis
LogPluginManager: Mounting plugin WebMMoviePlayer
LogPluginManager: Mounting plugin WindowsMoviePlayer
LogPluginManager: Mounting plugin ContentBrowserAssetDataSource
LogPluginManager: Mounting plugin ContentBrowserClassDataSource
LogPluginManager: Mounting plugin ContentBrowserFileDataSource
LogPluginManager: Mounting plugin OnlineSubsystemGooglePlay
LogPluginManager: Mounting plugin OnlineSubsystemIOS
LogPluginManager: Mounting plugin OculusVR
LogPluginManager: Mounting plugin SteamVR
PixWinPlugin: PIX capture plugin failed to initialize! Check that the process is launched from PIX.
LogInit: Using libcurl 7.55.1-DEV
LogInit:  - built for x86_64-pc-win32
LogInit:  - supports SSL with OpenSSL/1.1.1
LogInit:  - supports HTTP deflate (compression) using libz 1.2.8
LogInit:  - other features:
LogInit:      CURL_VERSION_SSL
LogInit:      CURL_VERSION_LIBZ
LogInit:      CURL_VERSION_IPV6
LogInit:      CURL_VERSION_ASYNCHDNS
LogInit:      CURL_VERSION_LARGEFILE
LogInit:      CURL_VERSION_IDN
LogInit:  CurlRequestOptions (configurable via config and command line):
LogInit:  - bVerifyPeer = true  - Libcurl will verify peer certificate
LogInit:  - bUseHttpProxy = false  - Libcurl will NOT use HTTP proxy
LogInit:  - bDontReuseConnections = false  - Libcurl will reuse connections
LogInit:  - MaxHostConnections = 16  - Libcurl will limit the number of connections to a host
LogInit:  - LocalHostAddr = Default
LogInit:  - BufferSize = 65536
LogOnline: OSS: Creating online subsystem instance for: NULL
LogInit: WinSock: version 1.1 (2.2), MaxSocks=32767, MaxUdp=65467
LogOnline: OSS: TryLoadSubsystemAndSetDefault: Loaded subsystem for module [NULL]
LogOculusPluginWrapper: OculusPlugin initialized successfully
LogHMD: Failed initializing OVRPlugin 1.59.0
LogInit: Build: ++UE4+Release-4.27-CL-18319896
LogInit: Engine Version: 4.27.2-18319896+++UE4+Release-4.27
LogInit: Compatible Engine Version: 4.27.0-17155196+++UE4+Release-4.27
LogInit: Net CL: 17155196
LogInit: OS: Windows 10 (Release 2009) (), CPU: Intel(R) Core(TM) i7-7800X CPU @ 3.50GHz, GPU: NVIDIA GeForce GTX 1060 6GB
LogInit: Compiled (64-bit): Nov 30 2021 07:12:08
LogInit: Compiled with Visual C++: 19.24.28315.00
LogInit: Build Configuration: Development
LogInit: Branch Name: ++UE4+Release-4.27
LogInit: Command Line:  -skipcompile
LogInit: Base Directory: D:/Epic Games/UE_4.27/Engine/Binaries/Win64/
LogInit: Allocator: TBB
LogInit: Installed Engine Build: 1
LogDevObjectVersion: Number of dev versions registered: 29
LogDevObjectVersion:   Dev-Blueprints (B0D832E4-1F89-4F0D-ACCF-7EB736FD4AA2): 10
LogDevObjectVersion:   Dev-Build (E1C64328-A22C-4D53-A36C-8E866417BD8C): 0
LogDevObjectVersion:   Dev-Core (375EC13C-06E4-48FB-B500-84F0262A717E): 4
LogDevObjectVersion:   Dev-Editor (E4B068ED-F494-42E9-A231-DA0B2E46BB41): 40
LogDevObjectVersion:   Dev-Framework (CFFC743F-43B0-4480-9391-14DF171D2073): 37
LogDevObjectVersion:   Dev-Mobile (B02B49B5-BB20-44E9-A304-32B752E40360): 3
LogDevObjectVersion:   Dev-Networking (A4E4105C-59A1-49B5-A7C5-40C4547EDFEE): 0
LogDevObjectVersion:   Dev-Online (39C831C9-5AE6-47DC-9A44-9C173E1C8E7C): 0
LogDevObjectVersion:   Dev-Physics (78F01B33-EBEA-4F98-B9B4-84EACCB95AA2): 14
LogDevObjectVersion:   Dev-Platform (6631380F-2D4D-43E0-8009-CF276956A95A): 0
LogDevObjectVersion:   Dev-Rendering (12F88B9F-8875-4AFC-A67C-D90C383ABD29): 45
LogDevObjectVersion:   Dev-Sequencer (7B5AE74C-D270-4C10-A958-57980B212A5A): 13
LogDevObjectVersion:   Dev-VR (D7296918-1DD6-4BDD-9DE2-64A83CC13884): 3
LogDevObjectVersion:   Dev-LoadTimes (C2A15278-BFE7-4AFE-6C17-90FF531DF755): 1
LogDevObjectVersion:   Private-Geometry (6EACA3D4-40EC-4CC1-B786-8BED09428FC5): 3
LogDevObjectVersion:   Dev-AnimPhys (29E575DD-E0A3-4627-9D10-D276232CDCEA): 17
LogDevObjectVersion:   Dev-Anim (AF43A65D-7FD3-4947-9873-3E8ED9C1BB05): 15
LogDevObjectVersion:   Dev-ReflectionCapture (6B266CEC-1EC7-4B8F-A30B-E4D90942FC07): 1
LogDevObjectVersion:   Dev-Automation (0DF73D61-A23F-47EA-B727-89E90C41499A): 1
LogDevObjectVersion:   FortniteMain (601D1886-AC64-4F84-AA16-D3DE0DEAC7D6): 47
LogDevObjectVersion:   FortniteRelease (E7086368-6B23-4C58-8439-1B7016265E91): 1
LogDevObjectVersion:   Dev-Enterprise (9DFFBCD6-494F-0158-E221-12823C92A888): 10
LogDevObjectVersion:   Dev-Niagara (F2AED0AC-9AFE-416F-8664-AA7FFA26D6FC): 1
LogDevObjectVersion:   Dev-Destruction (174F1F0B-B4C6-45A5-B13F-2EE8D0FB917D): 10
LogDevObjectVersion:   Dev-Physics-Ext (35F94A83-E258-406C-A318-09F59610247C): 41
LogDevObjectVersion:   Dev-PhysicsMaterial-Chaos (B68FC16E-8B1B-42E2-B453-215C058844FE): 1
LogDevObjectVersion:   Dev-CineCamera (B2E18506-4273-CFC2-A54E-F4BB758BBA07): 1
LogDevObjectVersion:   Dev-VirtualProduction (64F58936-FD1B-42BA-BA96-7289D5D0FA4E): 1
LogDevObjectVersion:   Dev-MediaFramework (6F0ED827-A609-4895-9C91-998D90180EA4): 2
LogInit: Presizing for max 25165824 objects, including 0 objects not considered by GC, pre-allocating 0 bytes for permanent pool.
LogConfig: Applying CVar settings from Section [/Script/Engine.StreamingSettings] File [E:/Portfolio/Unreal/FPS_Game/Zombone/Saved/Config/Windows/Engine.ini]
LogConfig: Setting CVar [[s.MinBulkDataSizeForAsyncLoading:131072]]
LogConfig: Setting CVar [[s.AsyncLoadingThreadEnabled:0]]
LogConfig: Setting CVar [[s.EventDrivenLoaderEnabled:1]]
LogConfig: Setting CVar [[s.WarnIfTimeLimitExceeded:0]]
LogConfig: Setting CVar [[s.TimeLimitExceededMultiplier:1.5]]
LogConfig: Setting CVar [[s.TimeLimitExceededMinTime:0.005]]
LogConfig: Setting CVar [[s.UseBackgroundLevelStreaming:1]]
LogConfig: Setting CVar [[s.PriorityAsyncLoadingExtraTime:15.0]]
LogConfig: Setting CVar [[s.LevelStreamingActorsUpdateTimeLimit:5.0]]
LogConfig: Setting CVar [[s.PriorityLevelStreamingActorsUpdateExtraTime:5.0]]
LogConfig: Setting CVar [[s.LevelStreamingComponentsRegistrationGranularity:10]]
LogConfig: Setting CVar [[s.UnregisterComponentsTimeLimit:1.0]]
LogConfig: Setting CVar [[s.LevelStreamingComponentsUnregistrationGranularity:5]]
LogConfig: Setting CVar [[s.FlushStreamingOnExit:1]]
LogInit: Object subsystem initialized
LogConfig: Setting CVar [[con.DebugEarlyDefault:1]]
LogConfig: Setting CVar [[r.setres:1280x720]]
[2023.08.04-10.30.51:914][  0]LogConfig: Setting CVar [[r.VSync:0]]
[2023.08.04-10.30.51:914][  0]LogConfig: Setting CVar [[r.RHICmdBypass:0]]
[2023.08.04-10.30.51:914][  0]LogConfig: Applying CVar settings from Section [/Script/Engine.RendererSettings] File [E:/Portfolio/Unreal/FPS_Game/Zombone/Saved/Config/Windows/Engine.ini]
[2023.08.04-10.30.51:914][  0]LogConfig: Setting CVar [[r.GPUCrashDebugging:0]]
[2023.08.04-10.30.51:914][  0]LogConfig: Applying CVar settings from Section [/Script/Engine.RendererOverrideSettings] File [E:/Portfolio/Unreal/FPS_Game/Zombone/Saved/Config/Windows/Engine.ini]
[2023.08.04-10.30.51:914][  0]LogConfig: Applying CVar settings from Section [/Script/Engine.StreamingSettings] File [E:/Portfolio/Unreal/FPS_Game/Zombone/Saved/Config/Windows/Engine.ini]
[2023.08.04-10.30.51:914][  0]LogConfig: Setting CVar [[s.MinBulkDataSizeForAsyncLoading:131072]]
[2023.08.04-10.30.51:914][  0]LogConfig: Setting CVar [[s.AsyncLoadingThreadEnabled:0]]
[2023.08.04-10.30.51:915][  0]LogConfig: Setting CVar [[s.EventDrivenLoaderEnabled:1]]
[2023.08.04-10.30.51:915][  0]LogConfig: Setting CVar [[s.WarnIfTimeLimitExceeded:0]]
[2023.08.04-10.30.51:915][  0]LogConfig: Setting CVar [[s.TimeLimitExceededMultiplier:1.5]]
[2023.08.04-10.30.51:915][  0]LogConfig: Setting CVar [[s.TimeLimitExceededMinTime:0.005]]
[2023.08.04-10.30.51:915][  0]LogConfig: Setting CVar [[s.UseBackgroundLevelStreaming:1]]
[2023.08.04-10.30.51:915][  0]LogConfig: Setting CVar [[s.PriorityAsyncLoadingExtraTime:15.0]]
[2023.08.04-10.30.51:915][  0]LogConfig: Setting CVar [[s.LevelStreamingActorsUpdateTimeLimit:5.0]]
[2023.08.04-10.30.51:915][  0]LogConfig: Setting CVar [[s.PriorityLevelStreamingActorsUpdateExtraTime:5.0]]
[2023.08.04-10.30.51:915][  0]LogConfig: Setting CVar [[s.LevelStreamingComponentsRegistrationGranularity:10]]
[2023.08.04-10.30.51:915][  0]LogConfig: Setting CVar [[s.UnregisterComponentsTimeLimit:1.0]]
[2023.08.04-10.30.51:915][  0]LogConfig: Setting CVar [[s.LevelStreamingComponentsUnregistrationGranularity:5]]
[2023.08.04-10.30.51:915][  0]LogConfig: Setting CVar [[s.FlushStreamingOnExit:1]]
[2023.08.04-10.30.51:915][  0]LogConfig: Applying CVar settings from Section [/Script/Engine.GarbageCollectionSettings] File [E:/Portfolio/Unreal/FPS_Game/Zombone/Saved/Config/Windows/Engine.ini]
[2023.08.04-10.30.51:915][  0]LogConfig: Setting CVar [[gc.MaxObjectsNotConsideredByGC:1]]
[2023.08.04-10.30.51:915][  0]LogConfig: Setting CVar [[gc.SizeOfPermanentObjectPool:0]]
[2023.08.04-10.30.51:915][  0]LogConfig: Setting CVar [[gc.FlushStreamingOnGC:0]]
[2023.08.04-10.30.51:916][  0]LogConfig: Setting CVar [[gc.NumRetriesBeforeForcingGC:10]]
[2023.08.04-10.30.51:916][  0]LogConfig: Setting CVar [[gc.AllowParallelGC:1]]
[2023.08.04-10.30.51:916][  0]LogConfig: Setting CVar [[gc.TimeBetweenPurgingPendingKillObjects:61.1]]
[2023.08.04-10.30.51:916][  0]LogConfig: Setting CVar [[gc.MaxObjectsInEditor:25165824]]
[2023.08.04-10.30.51:916][  0]LogConfig: Setting CVar [[gc.IncrementalBeginDestroyEnabled:1]]
[2023.08.04-10.30.51:916][  0]LogConfig: Setting CVar [[gc.CreateGCClusters:1]]
[2023.08.04-10.30.51:916][  0]LogConfig: Setting CVar [[gc.MinGCClusterSize:5]]
[2023.08.04-10.30.51:916][  0]LogConfig: Setting CVar [[gc.ActorClusteringEnabled:0]]
[2023.08.04-10.30.51:916][  0]LogConfig: Setting CVar [[gc.BlueprintClusteringEnabled:0]]
[2023.08.04-10.30.51:916][  0]LogConfig: Setting CVar [[gc.UseDisregardForGCOnDedicatedServers:0]]
[2023.08.04-10.30.51:916][  0]LogConfig: Setting CVar [[gc.MultithreadedDestructionEnabled:1]]
[2023.08.04-10.30.51:916][  0]LogConfig: Applying CVar settings from Section [/Script/Engine.NetworkSettings] File [E:/Portfolio/Unreal/FPS_Game/Zombone/Saved/Config/Windows/Engine.ini]
[2023.08.04-10.30.51:916][  0]LogConfig: Applying CVar settings from Section [/Script/UnrealEd.CookerSettings] File [E:/Portfolio/Unreal/FPS_Game/Zombone/Saved/Config/Windows/Engine.ini]
[2023.08.04-10.30.51:931][  0]LogConfig: Applying CVar settings from Section [ViewDistanceQuality@3] File [E:/Portfolio/Unreal/FPS_Game/Zombone/Saved/Config/Windows/Scalability.ini]
[2023.08.04-10.30.51:931][  0]LogConfig: Setting CVar [[r.SkeletalMeshLODBias:0]]
[2023.08.04-10.30.51:931][  0]LogConfig: Setting CVar [[r.ViewDistanceScale:1.0]]
[2023.08.04-10.30.51:931][  0]LogConfig: Applying CVar settings from Section [AntiAliasingQuality@3] File [E:/Portfolio/Unreal/FPS_Game/Zombone/Saved/Config/Windows/Scalability.ini]
[2023.08.04-10.30.51:931][  0]LogConfig: Setting CVar [[r.PostProcessAAQuality:4]]
[2023.08.04-10.30.51:931][  0]LogConfig: Applying CVar settings from Section [ShadowQuality@3] File [E:/Portfolio/Unreal/FPS_Game/Zombone/Saved/Config/Windows/Scalability.ini]
[2023.08.04-10.30.51:932][  0]LogConfig: Setting CVar [[r.LightFunctionQuality:1]]
[2023.08.04-10.30.51:932][  0]LogConfig: Setting CVar [[r.ShadowQuality:5]]
[2023.08.04-10.30.51:932][  0]LogConfig: Setting CVar [[r.Shadow.CSM.MaxCascades:10]]
[2023.08.04-10.30.51:932][  0]LogConfig: Setting CVar [[r.Shadow.MaxResolution:2048]]
[2023.08.04-10.30.51:932][  0]LogConfig: Setting CVar [[r.Shadow.MaxCSMResolution:2048]]
[2023.08.04-10.30.51:932][  0]LogConfig: Setting CVar [[r.Shadow.RadiusThreshold:0.01]]
[2023.08.04-10.30.51:932][  0]LogConfig: Setting CVar [[r.Shadow.DistanceScale:1.0]]
[2023.08.04-10.30.51:932][  0]LogConfig: Setting CVar [[r.Shadow.CSM.TransitionScale:1.0]]
[2023.08.04-10.30.51:932][  0]LogConfig: Setting CVar [[r.Shadow.PreShadowResolutionFactor:1.0]]
[2023.08.04-10.30.51:932][  0]LogConfig: Setting CVar [[r.DistanceFieldShadowing:1]]
[2023.08.04-10.30.51:932][  0]LogConfig: Setting CVar [[r.DistanceFieldAO:1]]
[2023.08.04-10.30.51:932][  0]LogConfig: Setting CVar [[r.AOQuality:2]]
[2023.08.04-10.30.51:932][  0]LogConfig: Setting CVar [[r.VolumetricFog:1]]
[2023.08.04-10.30.51:932][  0]LogConfig: Setting CVar [[r.VolumetricFog.GridPixelSize:8]]
[2023.08.04-10.30.51:932][  0]LogConfig: Setting CVar [[r.VolumetricFog.GridSizeZ:128]]
[2023.08.04-10.30.51:932][  0]LogConfig: Setting CVar [[r.VolumetricFog.HistoryMissSupersampleCount:4]]
[2023.08.04-10.30.51:933][  0]LogConfig: Setting CVar [[r.LightMaxDrawDistanceScale:1]]
[2023.08.04-10.30.51:933][  0]LogConfig: Setting CVar [[r.CapsuleShadows:1]]
[2023.08.04-10.30.51:933][  0]LogConfig: Applying CVar settings from Section [PostProcessQuality@3] File [E:/Portfolio/Unreal/FPS_Game/Zombone/Saved/Config/Windows/Scalability.ini]
[2023.08.04-10.30.51:933][  0]LogConfig: Setting CVar [[r.MotionBlurQuality:4]]
[2023.08.04-10.30.51:933][  0]LogConfig: Setting CVar [[r.AmbientOcclusionMipLevelFactor:0.4]]
[2023.08.04-10.30.51:933][  0]LogConfig: Setting CVar [[r.AmbientOcclusionMaxQuality:100]]
[2023.08.04-10.30.51:933][  0]LogConfig: Setting CVar [[r.AmbientOcclusionLevels:-1]]
[2023.08.04-10.30.51:933][  0]LogConfig: Setting CVar [[r.AmbientOcclusionRadiusScale:1.0]]
[2023.08.04-10.30.51:933][  0]LogConfig: Setting CVar [[r.DepthOfFieldQuality:2]]
[2023.08.04-10.30.51:933][  0]LogConfig: Setting CVar [[r.RenderTargetPoolMin:400]]
[2023.08.04-10.30.51:933][  0]LogConfig: Setting CVar [[r.LensFlareQuality:2]]
[2023.08.04-10.30.51:933][  0]LogConfig: Setting CVar [[r.SceneColorFringeQuality:1]]
[2023.08.04-10.30.51:933][  0]LogConfig: Setting CVar [[r.EyeAdaptationQuality:2]]
[2023.08.04-10.30.51:933][  0]LogConfig: Setting CVar [[r.BloomQuality:5]]
[2023.08.04-10.30.51:933][  0]LogConfig: Setting CVar [[r.FastBlurThreshold:100]]
[2023.08.04-10.30.51:934][  0]LogConfig: Setting CVar [[r.Upscale.Quality:3]]
[2023.08.04-10.30.51:934][  0]LogConfig: Setting CVar [[r.Tonemapper.GrainQuantization:1]]
[2023.08.04-10.30.51:934][  0]LogConfig: Setting CVar [[r.LightShaftQuality:1]]
[2023.08.04-10.30.51:934][  0]LogConfig: Setting CVar [[r.Filter.SizeScale:1]]
[2023.08.04-10.30.51:934][  0]LogConfig: Setting CVar [[r.Tonemapper.Quality:5]]
[2023.08.04-10.30.51:934][  0]LogConfig: Setting CVar [[r.DOF.Gather.AccumulatorQuality:1        ; higher gathering accumulator quality]]
[2023.08.04-10.30.51:934][  0]LogConfig: Setting CVar [[r.DOF.Gather.PostfilterMethod:1          ; Median3x3 postfilering method]]
[2023.08.04-10.30.51:934][  0]LogConfig: Setting CVar [[r.DOF.Gather.EnableBokehSettings:0       ; no bokeh simulation when gathering]]
[2023.08.04-10.30.51:934][  0]LogConfig: Setting CVar [[r.DOF.Gather.RingCount:4                 ; medium number of samples when gathering]]
[2023.08.04-10.30.51:934][  0]LogConfig: Setting CVar [[r.DOF.Scatter.ForegroundCompositing:1    ; additive foreground scattering]]
[2023.08.04-10.30.51:934][  0]LogConfig: Setting CVar [[r.DOF.Scatter.BackgroundCompositing:2    ; additive background scattering]]
[2023.08.04-10.30.51:934][  0]LogConfig: Setting CVar [[r.DOF.Scatter.EnableBokehSettings:1      ; bokeh simulation when scattering]]
[2023.08.04-10.30.51:934][  0]LogConfig: Setting CVar [[r.DOF.Scatter.MaxSpriteRatio:0.1         ; only a maximum of 10% of scattered bokeh]]
[2023.08.04-10.30.51:934][  0]LogConfig: Setting CVar [[r.DOF.Recombine.Quality:1                ; cheap slight out of focus]]
[2023.08.04-10.30.51:935][  0]LogConfig: Setting CVar [[r.DOF.Recombine.EnableBokehSettings:0    ; no bokeh simulation on slight out of focus]]
[2023.08.04-10.30.51:935][  0]LogConfig: Setting CVar [[r.DOF.TemporalAAQuality:1                ; more stable temporal accumulation]]
[2023.08.04-10.30.51:935][  0]LogConfig: Setting CVar [[r.DOF.Kernel.MaxForegroundRadius:0.025]]
[2023.08.04-10.30.51:935][  0]LogConfig: Setting CVar [[r.DOF.Kernel.MaxBackgroundRadius:0.025]]
[2023.08.04-10.30.51:935][  0]LogConfig: Applying CVar settings from Section [TextureQuality@3] File [E:/Portfolio/Unreal/FPS_Game/Zombone/Saved/Config/Windows/Scalability.ini]
[2023.08.04-10.30.51:935][  0]LogConfig: Setting CVar [[r.Streaming.MipBias:0]]
[2023.08.04-10.30.51:935][  0]LogConfig: Setting CVar [[r.Streaming.AmortizeCPUToGPUCopy:0]]
[2023.08.04-10.30.51:935][  0]LogConfig: Setting CVar [[r.Streaming.MaxNumTexturesToStreamPerFrame:0]]
[2023.08.04-10.30.51:935][  0]LogConfig: Setting CVar [[r.Streaming.Boost:1]]
[2023.08.04-10.30.51:935][  0]LogConfig: Setting CVar [[r.MaxAnisotropy:8]]
[2023.08.04-10.30.51:935][  0]LogConfig: Setting CVar [[r.VT.MaxAnisotropy:8]]
[2023.08.04-10.30.51:935][  0]LogConfig: Setting CVar [[r.Streaming.LimitPoolSizeToVRAM:0]]
[2023.08.04-10.30.51:935][  0]LogConfig: Setting CVar [[r.Streaming.PoolSize:1000]]
[2023.08.04-10.30.51:935][  0]LogConfig: Setting CVar [[r.Streaming.MaxEffectiveScreenSize:0]]
[2023.08.04-10.30.51:935][  0]LogConfig: Applying CVar settings from Section [EffectsQuality@3] File [E:/Portfolio/Unreal/FPS_Game/Zombone/Saved/Config/Windows/Scalability.ini]
[2023.08.04-10.30.51:936][  0]LogConfig: Setting CVar [[r.TranslucencyLightingVolumeDim:64]]
[2023.08.04-10.30.51:936][  0]LogConfig: Setting CVar [[r.RefractionQuality:2]]
[2023.08.04-10.30.51:936][  0]LogConfig: Setting CVar [[r.SSR.Quality:3]]
[2023.08.04-10.30.51:936][  0]LogConfig: Setting CVar [[r.SSR.HalfResSceneColor:0]]
[2023.08.04-10.30.51:936][  0]LogConfig: Setting CVar [[r.SceneColorFormat:4]]
[2023.08.04-10.30.51:936][  0]LogConfig: Setting CVar [[r.DetailMode:2]]
[2023.08.04-10.30.51:936][  0]LogConfig: Setting CVar [[r.TranslucencyVolumeBlur:1]]
[2023.08.04-10.30.51:936][  0]LogConfig: Setting CVar [[r.MaterialQualityLevel:1 ; High quality]]
[2023.08.04-10.30.51:936][  0]LogConfig: Setting CVar [[r.AnisotropicMaterials:1]]
[2023.08.04-10.30.51:936][  0]LogConfig: Setting CVar [[r.SSS.Scale:1]]
[2023.08.04-10.30.51:936][  0]LogConfig: Setting CVar [[r.SSS.SampleSet:2]]
[2023.08.04-10.30.51:936][  0]LogConfig: Setting CVar [[r.SSS.Quality:1]]
[2023.08.04-10.30.51:936][  0]LogConfig: Setting CVar [[r.SSS.HalfRes:0]]
[2023.08.04-10.30.51:936][  0]LogConfig: Setting CVar [[r.SSGI.Quality:3]]
[2023.08.04-10.30.51:936][  0]LogConfig: Setting CVar [[r.EmitterSpawnRateScale:1.0]]
[2023.08.04-10.30.51:936][  0]LogConfig: Setting CVar [[r.ParticleLightQuality:2]]
[2023.08.04-10.30.51:936][  0]LogConfig: Setting CVar [[r.SkyAtmosphere.AerialPerspectiveLUT.FastApplyOnOpaque:1 ; Always have FastSkyLUT 1 in this case to avoid wrong sky]]
[2023.08.04-10.30.51:936][  0]LogConfig: Setting CVar [[r.SkyAtmosphere.AerialPerspectiveLUT.SampleCountMaxPerSlice:4]]
[2023.08.04-10.30.51:937][  0]LogConfig: Setting CVar [[r.SkyAtmosphere.AerialPerspectiveLUT.DepthResolution:16.0]]
[2023.08.04-10.30.51:937][  0]LogConfig: Setting CVar [[r.SkyAtmosphere.FastSkyLUT:1]]
[2023.08.04-10.30.51:937][  0]LogConfig: Setting CVar [[r.SkyAtmosphere.FastSkyLUT.SampleCountMin:4.0]]
[2023.08.04-10.30.51:937][  0]LogConfig: Setting CVar [[r.SkyAtmosphere.FastSkyLUT.SampleCountMax:128.0]]
[2023.08.04-10.30.51:937][  0]LogConfig: Setting CVar [[r.SkyAtmosphere.SampleCountMin:4.0]]
[2023.08.04-10.30.51:937][  0]LogConfig: Setting CVar [[r.SkyAtmosphere.SampleCountMax:128.0]]
[2023.08.04-10.30.51:937][  0]LogConfig: Setting CVar [[r.SkyAtmosphere.TransmittanceLUT.UseSmallFormat:0]]
[2023.08.04-10.30.51:937][  0]LogConfig: Setting CVar [[r.SkyAtmosphere.TransmittanceLUT.SampleCount:10.0]]
[2023.08.04-10.30.51:937][  0]LogConfig: Setting CVar [[r.SkyAtmosphere.MultiScatteringLUT.SampleCount:15.0]]
[2023.08.04-10.30.51:937][  0]LogConfig: Setting CVar [[r.SkyLight.RealTimeReflectionCapture:1]]
[2023.08.04-10.30.51:937][  0]LogConfig: Applying CVar settings from Section [FoliageQuality@3] File [E:/Portfolio/Unreal/FPS_Game/Zombone/Saved/Config/Windows/Scalability.ini]
[2023.08.04-10.30.51:937][  0]LogConfig: Setting CVar [[foliage.DensityScale:1.0]]
[2023.08.04-10.30.51:937][  0]LogConfig: Setting CVar [[grass.DensityScale:1.0]]
[2023.08.04-10.30.51:937][  0]LogConfig: Applying CVar settings from Section [ShadingQuality@3] File [E:/Portfolio/Unreal/FPS_Game/Zombone/Saved/Config/Windows/Scalability.ini]
[2023.08.04-10.30.51:937][  0]LogConfig: Setting CVar [[r.HairStrands.SkyLighting.IntegrationType:2]]
[2023.08.04-10.30.51:937][  0]LogConfig: Setting CVar [[r.HairStrands.SkyAO.SampleCount:4]]
[2023.08.04-10.30.51:938][  0]LogConfig: Setting CVar [[r.HairStrands.Visibility.MSAA.SamplePerPixel:4]]
[2023.08.04-10.30.51:938][  0]LogInit: Selected Device Profile: [Windows]
[2023.08.04-10.30.51:938][  0]LogInit: Applying CVar settings loaded from the selected device profile: [Windows]
[2023.08.04-10.30.51:938][  0]LogHAL: Display: Platform has ~ 32 GB [34019524608 / 34359738368 / 32], which maps to Largest [LargestMinGB=32, LargerMinGB=12, DefaultMinGB=8, SmallerMinGB=6, SmallestMinGB=0)
[2023.08.04-10.30.51:938][  0]LogInit: Going up to parent DeviceProfile []
[2023.08.04-10.30.51:938][  0]LogConfig: Applying CVar settings from Section [ViewDistanceQuality@3] File [E:/Portfolio/Unreal/FPS_Game/Zombone/Saved/Config/Windows/Scalability.ini]
[2023.08.04-10.30.51:938][  0]LogConfig: Setting CVar [[r.SkeletalMeshLODBias:0]]
[2023.08.04-10.30.51:938][  0]LogConfig: Setting CVar [[r.ViewDistanceScale:1.0]]
[2023.08.04-10.30.51:938][  0]LogConfig: Applying CVar settings from Section [AntiAliasingQuality@3] File [E:/Portfolio/Unreal/FPS_Game/Zombone/Saved/Config/Windows/Scalability.ini]
[2023.08.04-10.30.51:938][  0]LogConfig: Setting CVar [[r.PostProcessAAQuality:4]]
[2023.08.04-10.30.51:938][  0]LogConfig: Applying CVar settings from Section [ShadowQuality@3] File [E:/Portfolio/Unreal/FPS_Game/Zombone/Saved/Config/Windows/Scalability.ini]
[2023.08.04-10.30.51:938][  0]LogConfig: Setting CVar [[r.LightFunctionQuality:1]]
[2023.08.04-10.30.51:938][  0]LogConfig: Setting CVar [[r.ShadowQuality:5]]
[2023.08.04-10.30.51:938][  0]LogConfig: Setting CVar [[r.Shadow.CSM.MaxCascades:10]]
[2023.08.04-10.30.51:938][  0]LogConfig: Setting CVar [[r.Shadow.MaxResolution:2048]]
[2023.08.04-10.30.51:939][  0]LogConfig: Setting CVar [[r.Shadow.MaxCSMResolution:2048]]
[2023.08.04-10.30.51:939][  0]LogConfig: Setting CVar [[r.Shadow.RadiusThreshold:0.01]]
[2023.08.04-10.30.51:939][  0]LogConfig: Setting CVar [[r.Shadow.DistanceScale:1.0]]
[2023.08.04-10.30.51:939][  0]LogConfig: Setting CVar [[r.Shadow.CSM.TransitionScale:1.0]]
[2023.08.04-10.30.51:939][  0]LogConfig: Setting CVar [[r.Shadow.PreShadowResolutionFactor:1.0]]
[2023.08.04-10.30.51:939][  0]LogConfig: Setting CVar [[r.DistanceFieldShadowing:1]]
[2023.08.04-10.30.51:939][  0]LogConfig: Setting CVar [[r.DistanceFieldAO:1]]
[2023.08.04-10.30.51:939][  0]LogConfig: Setting CVar [[r.AOQuality:2]]
[2023.08.04-10.30.51:939][  0]LogConfig: Setting CVar [[r.VolumetricFog:1]]
[2023.08.04-10.30.51:939][  0]LogConfig: Setting CVar [[r.VolumetricFog.GridPixelSize:8]]
[2023.08.04-10.30.51:939][  0]LogConfig: Setting CVar [[r.VolumetricFog.GridSizeZ:128]]
[2023.08.04-10.30.51:939][  0]LogConfig: Setting CVar [[r.VolumetricFog.HistoryMissSupersampleCount:4]]
[2023.08.04-10.30.51:939][  0]LogConfig: Setting CVar [[r.LightMaxDrawDistanceScale:1]]
[2023.08.04-10.30.51:939][  0]LogConfig: Setting CVar [[r.CapsuleShadows:1]]
[2023.08.04-10.30.51:939][  0]LogConfig: Applying CVar settings from Section [PostProcessQuality@3] File [E:/Portfolio/Unreal/FPS_Game/Zombone/Saved/Config/Windows/Scalability.ini]
[2023.08.04-10.30.51:939][  0]LogConfig: Setting CVar [[r.MotionBlurQuality:4]]
[2023.08.04-10.30.51:939][  0]LogConfig: Setting CVar [[r.AmbientOcclusionMipLevelFactor:0.4]]
[2023.08.04-10.30.51:940][  0]LogConfig: Setting CVar [[r.AmbientOcclusionMaxQuality:100]]
[2023.08.04-10.30.51:940][  0]LogConfig: Setting CVar [[r.AmbientOcclusionLevels:-1]]
[2023.08.04-10.30.51:940][  0]LogConfig: Setting CVar [[r.AmbientOcclusionRadiusScale:1.0]]
[2023.08.04-10.30.51:940][  0]LogConfig: Setting CVar [[r.DepthOfFieldQuality:2]]
[2023.08.04-10.30.51:940][  0]LogConfig: Setting CVar [[r.RenderTargetPoolMin:400]]
[2023.08.04-10.30.51:940][  0]LogConfig: Setting CVar [[r.LensFlareQuality:2]]
[2023.08.04-10.30.51:940][  0]LogConfig: Setting CVar [[r.SceneColorFringeQuality:1]]
[2023.08.04-10.30.51:940][  0]LogConfig: Setting CVar [[r.EyeAdaptationQuality:2]]
[2023.08.04-10.30.51:940][  0]LogConfig: Setting CVar [[r.BloomQuality:5]]
[2023.08.04-10.30.51:940][  0]LogConfig: Setting CVar [[r.FastBlurThreshold:100]]
[2023.08.04-10.30.51:940][  0]LogConfig: Setting CVar [[r.Upscale.Quality:3]]
[2023.08.04-10.30.51:940][  0]LogConfig: Setting CVar [[r.Tonemapper.GrainQuantization:1]]
[2023.08.04-10.30.51:941][  0]LogConfig: Setting CVar [[r.LightShaftQuality:1]]
[2023.08.04-10.30.51:941][  0]LogConfig: Setting CVar [[r.Filter.SizeScale:1]]
[2023.08.04-10.30.51:941][  0]LogConfig: Setting CVar [[r.Tonemapper.Quality:5]]
[2023.08.04-10.30.51:941][  0]LogConfig: Setting CVar [[r.DOF.Gather.AccumulatorQuality:1        ; higher gathering accumulator quality]]
[2023.08.04-10.30.51:941][  0]LogConfig: Setting CVar [[r.DOF.Gather.PostfilterMethod:1          ; Median3x3 postfilering method]]
[2023.08.04-10.30.51:941][  0]LogConfig: Setting CVar [[r.DOF.Gather.EnableBokehSettings:0       ; no bokeh simulation when gathering]]
[2023.08.04-10.30.51:941][  0]LogConfig: Setting CVar [[r.DOF.Gather.RingCount:4                 ; medium number of samples when gathering]]
[2023.08.04-10.30.51:941][  0]LogConfig: Setting CVar [[r.DOF.Scatter.ForegroundCompositing:1    ; additive foreground scattering]]
[2023.08.04-10.30.51:941][  0]LogConfig: Setting CVar [[r.DOF.Scatter.BackgroundCompositing:2    ; additive background scattering]]
[2023.08.04-10.30.51:942][  0]LogConfig: Setting CVar [[r.DOF.Scatter.EnableBokehSettings:1      ; bokeh simulation when scattering]]
[2023.08.04-10.30.51:942][  0]LogConfig: Setting CVar [[r.DOF.Scatter.MaxSpriteRatio:0.1         ; only a maximum of 10% of scattered bokeh]]
[2023.08.04-10.30.51:942][  0]LogConfig: Setting CVar [[r.DOF.Recombine.Quality:1                ; cheap slight out of focus]]
[2023.08.04-10.30.51:942][  0]LogConfig: Setting CVar [[r.DOF.Recombine.EnableBokehSettings:0    ; no bokeh simulation on slight out of focus]]
[2023.08.04-10.30.51:942][  0]LogConfig: Setting CVar [[r.DOF.TemporalAAQuality:1                ; more stable temporal accumulation]]
[2023.08.04-10.30.51:942][  0]LogConfig: Setting CVar [[r.DOF.Kernel.MaxForegroundRadius:0.025]]
[2023.08.04-10.30.51:942][  0]LogConfig: Setting CVar [[r.DOF.Kernel.MaxBackgroundRadius:0.025]]
[2023.08.04-10.30.51:942][  0]LogConfig: Applying CVar settings from Section [TextureQuality@3] File [E:/Portfolio/Unreal/FPS_Game/Zombone/Saved/Config/Windows/Scalability.ini]
[2023.08.04-10.30.51:942][  0]LogConfig: Setting CVar [[r.Streaming.MipBias:0]]
[2023.08.04-10.30.51:942][  0]LogConfig: Setting CVar [[r.Streaming.AmortizeCPUToGPUCopy:0]]
[2023.08.04-10.30.51:942][  0]LogConfig: Setting CVar [[r.Streaming.MaxNumTexturesToStreamPerFrame:0]]
[2023.08.04-10.30.51:942][  0]LogConfig: Setting CVar [[r.Streaming.Boost:1]]
[2023.08.04-10.30.51:943][  0]LogConfig: Setting CVar [[r.MaxAnisotropy:8]]
[2023.08.04-10.30.51:943][  0]LogConfig: Setting CVar [[r.VT.MaxAnisotropy:8]]
[2023.08.04-10.30.51:943][  0]LogConfig: Setting CVar [[r.Streaming.LimitPoolSizeToVRAM:0]]
[2023.08.04-10.30.51:943][  0]LogConfig: Setting CVar [[r.Streaming.PoolSize:1000]]
[2023.08.04-10.30.51:943][  0]LogConfig: Setting CVar [[r.Streaming.MaxEffectiveScreenSize:0]]
[2023.08.04-10.30.51:943][  0]LogConfig: Applying CVar settings from Section [EffectsQuality@3] File [E:/Portfolio/Unreal/FPS_Game/Zombone/Saved/Config/Windows/Scalability.ini]
[2023.08.04-10.30.51:943][  0]LogConfig: Setting CVar [[r.TranslucencyLightingVolumeDim:64]]
[2023.08.04-10.30.51:943][  0]LogConfig: Setting CVar [[r.RefractionQuality:2]]
[2023.08.04-10.30.51:943][  0]LogConfig: Setting CVar [[r.SSR.Quality:3]]
[2023.08.04-10.30.51:943][  0]LogConfig: Setting CVar [[r.SSR.HalfResSceneColor:0]]
[2023.08.04-10.30.51:943][  0]LogConfig: Setting CVar [[r.SceneColorFormat:4]]
[2023.08.04-10.30.51:944][  0]LogConfig: Setting CVar [[r.DetailMode:2]]
[2023.08.04-10.30.51:944][  0]LogConfig: Setting CVar [[r.TranslucencyVolumeBlur:1]]
[2023.08.04-10.30.51:944][  0]LogConfig: Setting CVar [[r.MaterialQualityLevel:1 ; High quality]]
[2023.08.04-10.30.51:944][  0]LogConfig: Setting CVar [[r.AnisotropicMaterials:1]]
[2023.08.04-10.30.51:944][  0]LogConfig: Setting CVar [[r.SSS.Scale:1]]
[2023.08.04-10.30.51:944][  0]LogConfig: Setting CVar [[r.SSS.SampleSet:2]]
[2023.08.04-10.30.51:944][  0]LogConfig: Setting CVar [[r.SSS.Quality:1]]
[2023.08.04-10.30.51:944][  0]LogConfig: Setting CVar [[r.SSS.HalfRes:0]]
[2023.08.04-10.30.51:944][  0]LogConfig: Setting CVar [[r.SSGI.Quality:3]]
[2023.08.04-10.30.51:944][  0]LogConfig: Setting CVar [[r.EmitterSpawnRateScale:1.0]]
[2023.08.04-10.30.51:944][  0]LogConfig: Setting CVar [[r.ParticleLightQuality:2]]
[2023.08.04-10.30.51:944][  0]LogConfig: Setting CVar [[r.SkyAtmosphere.AerialPerspectiveLUT.FastApplyOnOpaque:1 ; Always have FastSkyLUT 1 in this case to avoid wrong sky]]
[2023.08.04-10.30.51:944][  0]LogConfig: Setting CVar [[r.SkyAtmosphere.AerialPerspectiveLUT.SampleCountMaxPerSlice:4]]
[2023.08.04-10.30.51:944][  0]LogConfig: Setting CVar [[r.SkyAtmosphere.AerialPerspectiveLUT.DepthResolution:16.0]]
[2023.08.04-10.30.51:945][  0]LogConfig: Setting CVar [[r.SkyAtmosphere.FastSkyLUT:1]]
[2023.08.04-10.30.51:945][  0]LogConfig: Setting CVar [[r.SkyAtmosphere.FastSkyLUT.SampleCountMin:4.0]]
[2023.08.04-10.30.51:945][  0]LogConfig: Setting CVar [[r.SkyAtmosphere.FastSkyLUT.SampleCountMax:128.0]]
[2023.08.04-10.30.51:945][  0]LogConfig: Setting CVar [[r.SkyAtmosphere.SampleCountMin:4.0]]
[2023.08.04-10.30.51:945][  0]LogConfig: Setting CVar [[r.SkyAtmosphere.SampleCountMax:128.0]]
[2023.08.04-10.30.51:945][  0]LogConfig: Setting CVar [[r.SkyAtmosphere.TransmittanceLUT.UseSmallFormat:0]]
[2023.08.04-10.30.51:945][  0]LogConfig: Setting CVar [[r.SkyAtmosphere.TransmittanceLUT.SampleCount:10.0]]
[2023.08.04-10.30.51:945][  0]LogConfig: Setting CVar [[r.SkyAtmosphere.MultiScatteringLUT.SampleCount:15.0]]
[2023.08.04-10.30.51:945][  0]LogConfig: Setting CVar [[r.SkyLight.RealTimeReflectionCapture:1]]
[2023.08.04-10.30.51:945][  0]LogConfig: Applying CVar settings from Section [FoliageQuality@3] File [E:/Portfolio/Unreal/FPS_Game/Zombone/Saved/Config/Windows/Scalability.ini]
[2023.08.04-10.30.51:945][  0]LogConfig: Setting CVar [[foliage.DensityScale:1.0]]
[2023.08.04-10.30.51:945][  0]LogConfig: Setting CVar [[grass.DensityScale:1.0]]
[2023.08.04-10.30.51:945][  0]LogConfig: Applying CVar settings from Section [ShadingQuality@3] File [E:/Portfolio/Unreal/FPS_Game/Zombone/Saved/Config/Windows/Scalability.ini]
[2023.08.04-10.30.51:945][  0]LogConfig: Setting CVar [[r.HairStrands.SkyLighting.IntegrationType:2]]
[2023.08.04-10.30.51:945][  0]LogConfig: Setting CVar [[r.HairStrands.SkyAO.SampleCount:4]]
[2023.08.04-10.30.51:946][  0]LogConfig: Setting CVar [[r.HairStrands.Visibility.MSAA.SamplePerPixel:4]]
[2023.08.04-10.30.51:946][  0]LogConfig: Applying CVar settings from Section [Startup] File [../../../Engine/Config/ConsoleVariables.ini]
[2023.08.04-10.30.51:946][  0]LogConfig: Setting CVar [[net.UseAdaptiveNetUpdateFrequency:0]]
[2023.08.04-10.30.51:946][  0]LogConfig: Setting CVar [[p.chaos.AllowCreatePhysxBodies:1]]
[2023.08.04-10.30.51:946][  0]LogConfig: Setting CVar [[fx.SkipVectorVMBackendOptimizations:1]]
[2023.08.04-10.30.51:946][  0]LogConfig: Applying CVar settings from Section [ConsoleVariables] File [E:/Portfolio/Unreal/FPS_Game/Zombone/Saved/Config/Windows/Engine.ini]
[2023.08.04-10.30.51:946][  0]LogConfig: Applying CVar settings from Section [ConsoleVariables] File [E:/Portfolio/Unreal/FPS_Game/Zombone/Saved/Config/Windows/Editor.ini]
[2023.08.04-10.30.51:946][  0]LogInit: Computer: DESKTOP-J6VGNOD
[2023.08.04-10.30.51:946][  0]LogInit: User: timve
[2023.08.04-10.30.51:947][  0]LogInit: CPU Page size=4096, Cores=6
[2023.08.04-10.30.51:947][  0]LogInit: High frequency timer resolution =10.000000 MHz
[2023.08.04-10.30.51:947][  0]LogMemory: Memory total: Physical=31.7GB (32GB approx)
[2023.08.04-10.30.51:947][  0]LogMemory: Platform Memory Stats for Windows
[2023.08.04-10.30.51:947][  0]LogMemory: Process Physical Memory: 148.01 MB used, 152.01 MB peak
[2023.08.04-10.30.51:947][  0]LogMemory: Process Virtual Memory: 130.85 MB used, 130.85 MB peak
[2023.08.04-10.30.51:947][  0]LogMemory: Physical Memory: 15467.34 MB used,  16976.21 MB free, 32443.55 MB total
[2023.08.04-10.30.51:947][  0]LogMemory: Virtual Memory: 134200664.00 MB used,  17063.43 MB free, 134217728.00 MB total
[2023.08.04-10.30.51:956][  0]LogWindows: WindowsPlatformFeatures enabled
[2023.08.04-10.30.52:130][  0]LogInit: Physics initialised using underlying interface: PhysX
[2023.08.04-10.30.52:131][  0]LogInit: Using OS detected language (en-US).
[2023.08.04-10.30.52:131][  0]LogInit: Using OS detected locale (nl-BE).
[2023.08.04-10.30.52:134][  0]LogTextLocalizationManager: No specific localization for 'en-US' exists, so the 'en' localization will be used.
[2023.08.04-10.30.52:405][  0]LogInit: Setting process to per monitor DPI aware
[2023.08.04-10.30.52:432][  0]LogWindowsTextInputMethodSystem: Display: IME system deactivated.
[2023.08.04-10.30.52:454][  0]LogSlate: New Slate User Created.  User Index 0, Is Virtual User: 0
[2023.08.04-10.30.52:454][  0]LogSlate: Slate User Registered.  User Index 0, Is Virtual User: 0
[2023.08.04-10.30.52:601][  0]LogD3D11RHI: Loaded GFSDK_Aftermath_Lib.x64.dll
[2023.08.04-10.30.52:607][  0]LogHMD: Failed to initialize OpenVR with code 110
[2023.08.04-10.30.52:607][  0]LogD3D11RHI: D3D11 min allowed feature level: 11_0
[2023.08.04-10.30.52:607][  0]LogD3D11RHI: D3D11 max allowed feature level: 11_0
[2023.08.04-10.30.52:607][  0]LogD3D11RHI: D3D11 adapters:
[2023.08.04-10.30.52:801][  0]LogD3D11RHI:    0. 'NVIDIA GeForce GTX 1060 6GB' (Feature Level 11_0)
[2023.08.04-10.30.52:801][  0]LogD3D11RHI:       6043/0/16221 MB DedicatedVideo/DedicatedSystem/SharedSystem, Outputs:2, VendorId:0x10de
[2023.08.04-10.30.52:809][  0]LogD3D11RHI:    1. 'Microsoft Basic Render Driver' (Feature Level 11_0)
[2023.08.04-10.30.52:809][  0]LogD3D11RHI:       0/0/16221 MB DedicatedVideo/DedicatedSystem/SharedSystem, Outputs:0, VendorId:0x1414
[2023.08.04-10.30.52:810][  0]LogD3D11RHI: Chosen D3D11 Adapter:
[2023.08.04-10.30.52:810][  0]LogD3D11RHI:     Description : NVIDIA GeForce GTX 1060 6GB
[2023.08.04-10.30.52:810][  0]LogD3D11RHI:     VendorId    : 10de
[2023.08.04-10.30.52:810][  0]LogD3D11RHI:     DeviceId    : 1c03
[2023.08.04-10.30.52:810][  0]LogD3D11RHI:     SubSysId    : 32831462
[2023.08.04-10.30.52:810][  0]LogD3D11RHI:     Revision    : 00a1
[2023.08.04-10.30.52:810][  0]LogD3D11RHI:     DedicatedVideoMemory : 6336544768 bytes
[2023.08.04-10.30.52:810][  0]LogD3D11RHI:     DedicatedSystemMemory : 0 bytes
[2023.08.04-10.30.52:810][  0]LogD3D11RHI:     SharedSystemMemory : 17009762304 bytes
[2023.08.04-10.30.52:810][  0]LogD3D11RHI:     AdapterLuid : 0 87386
[2023.08.04-10.30.52:819][  0]LogD3D11RHI: Creating new Direct3DDevice
[2023.08.04-10.30.52:819][  0]LogD3D11RHI:     GPU DeviceId: 0x1c03 (for the marketing name, search the web for "GPU Device Id")
[2023.08.04-10.30.52:819][  0]LogWindows: EnumDisplayDevices:
[2023.08.04-10.30.52:819][  0]LogWindows:    0. 'NVIDIA GeForce GTX 1060 6GB' (P:1 D:1)
[2023.08.04-10.30.52:819][  0]LogWindows:    1. 'NVIDIA GeForce GTX 1060 6GB' (P:0 D:1)
[2023.08.04-10.30.52:820][  0]LogWindows:    2. 'NVIDIA GeForce GTX 1060 6GB' (P:0 D:0)
[2023.08.04-10.30.52:820][  0]LogWindows:    3. 'NVIDIA GeForce GTX 1060 6GB' (P:0 D:0)
[2023.08.04-10.30.52:820][  0]LogWindows: DebugString: FoundDriverCount:4 
[2023.08.04-10.30.52:820][  0]LogD3D11RHI:     Adapter Name: NVIDIA GeForce GTX 1060 6GB
[2023.08.04-10.30.52:820][  0]LogD3D11RHI:   Driver Version: 531.29 (internal:31.0.15.3129, unified:531.29)
[2023.08.04-10.30.52:821][  0]LogD3D11RHI:      Driver Date: 3-8-2023
[2023.08.04-10.30.52:821][  0]LogRHI: Texture pool is 4230 MB (70% of 6043 MB)
[2023.08.04-10.30.52:821][  0]LogD3D11RHI: Creating D3DDevice using adapter:
[2023.08.04-10.30.52:821][  0]LogD3D11RHI:     Description : NVIDIA GeForce GTX 1060 6GB
[2023.08.04-10.30.52:821][  0]LogD3D11RHI:     VendorId    : 10de
[2023.08.04-10.30.52:821][  0]LogD3D11RHI:     DeviceId    : 1c03
[2023.08.04-10.30.52:821][  0]LogD3D11RHI:     SubSysId    : 32831462
[2023.08.04-10.30.52:821][  0]LogD3D11RHI:     Revision    : 00a1
[2023.08.04-10.30.52:821][  0]LogD3D11RHI:     DedicatedVideoMemory : 6336544768 bytes
[2023.08.04-10.30.52:821][  0]LogD3D11RHI:     DedicatedSystemMemory : 0 bytes
[2023.08.04-10.30.52:821][  0]LogD3D11RHI:     SharedSystemMemory : 17009762304 bytes
[2023.08.04-10.30.52:821][  0]LogD3D11RHI:     AdapterLuid : 0 87386
[2023.08.04-10.30.52:939][  0]LogD3D11RHI: RHI has support for 64 bit atomics
[2023.08.04-10.30.52:940][  0]LogD3D11RHI: Async texture creation enabled
[2023.08.04-10.30.52:940][  0]LogD3D11RHI: Array index from any shader is supported
[2023.08.04-10.30.52:960][  0]LogD3D11RHI: GPU Timing Frequency: 1000.000000 (Debug: 2 1)
[2023.08.04-10.30.52:996][  0]LogRHI: GeForceNow SDK initialized: 1
[2023.08.04-10.30.53:318][  0]LogTargetPlatformManager: Display: Loaded TargetPlatform 'AllDesktop'
[2023.08.04-10.30.53:347][  0]LogTargetPlatformManager: Display: Loaded TargetPlatform 'Android'
[2023.08.04-10.30.53:347][  0]LogTargetPlatformManager: Display: Loaded TargetPlatform 'Android_ASTC'
[2023.08.04-10.30.53:347][  0]LogTargetPlatformManager: Display: Loaded TargetPlatform 'Android_DXT'
[2023.08.04-10.30.53:347][  0]LogTargetPlatformManager: Display: Loaded TargetPlatform 'Android_ETC2'
[2023.08.04-10.30.53:347][  0]LogTargetPlatformManager: Display: Loaded TargetPlatform 'AndroidClient'
[2023.08.04-10.30.53:347][  0]LogTargetPlatformManager: Display: Loaded TargetPlatform 'Android_ASTCClient'
[2023.08.04-10.30.53:347][  0]LogTargetPlatformManager: Display: Loaded TargetPlatform 'Android_DXTClient'
[2023.08.04-10.30.53:347][  0]LogTargetPlatformManager: Display: Loaded TargetPlatform 'Android_ETC2Client'
[2023.08.04-10.30.53:347][  0]LogTargetPlatformManager: Display: Loaded TargetPlatform 'Android_Multi'
[2023.08.04-10.30.53:347][  0]LogTargetPlatformManager: Display: Loaded TargetPlatform 'Android_MultiClient'
[2023.08.04-10.30.53:372][  0]LogTargetPlatformManager: Display: Loaded TargetPlatform 'IOSClient'
[2023.08.04-10.30.53:373][  0]LogTargetPlatformManager: Display: Loaded TargetPlatform 'IOS'
[2023.08.04-10.30.53:384][  0]LogTargetPlatformManager: Display: Loaded TargetPlatform 'Linux'
[2023.08.04-10.30.53:391][  0]LogTargetPlatformManager: Display: Loaded TargetPlatform 'LinuxNoEditor'
[2023.08.04-10.30.53:398][  0]LogTargetPlatformManager: Display: Loaded TargetPlatform 'LinuxClient'
[2023.08.04-10.30.53:404][  0]LogTargetPlatformManager: Display: Loaded TargetPlatform 'LinuxServer'
[2023.08.04-10.30.53:415][  0]LogTargetPlatformManager: Display: Loaded TargetPlatform 'LinuxAArch64NoEditor'
[2023.08.04-10.30.53:421][  0]LogTargetPlatformManager: Display: Loaded TargetPlatform 'LinuxAArch64Client'
[2023.08.04-10.30.53:428][  0]LogTargetPlatformManager: Display: Loaded TargetPlatform 'LinuxAArch64Server'
[2023.08.04-10.30.53:453][  0]LogTargetPlatformManager: Display: Loaded TargetPlatform 'Lumin'
[2023.08.04-10.30.53:453][  0]LogTargetPlatformManager: Display: Loaded TargetPlatform 'LuminClient'
[2023.08.04-10.30.53:465][  0]LogTargetPlatformManager: Display: Loaded TargetPlatform 'MacNoEditor'
[2023.08.04-10.30.53:471][  0]LogTargetPlatformManager: Display: Loaded TargetPlatform 'Mac'
[2023.08.04-10.30.53:478][  0]LogTargetPlatformManager: Display: Loaded TargetPlatform 'MacClient'
[2023.08.04-10.30.53:486][  0]LogTargetPlatformManager: Display: Loaded TargetPlatform 'MacServer'
[2023.08.04-10.30.53:499][  0]LogTargetPlatformManager: Display: Loaded TargetPlatform 'TVOSClient'
[2023.08.04-10.30.53:499][  0]LogTargetPlatformManager: Display: Loaded TargetPlatform 'TVOS'
[2023.08.04-10.30.53:512][  0]LogTargetPlatformManager: Display: Loaded TargetPlatform 'WindowsNoEditor'
[2023.08.04-10.30.53:519][  0]LogTargetPlatformManager: Display: Loaded TargetPlatform 'Windows'
[2023.08.04-10.30.53:526][  0]LogTargetPlatformManager: Display: Loaded TargetPlatform 'WindowsClient'
[2023.08.04-10.30.53:532][  0]LogTargetPlatformManager: Display: Loaded TargetPlatform 'WindowsServer'
[2023.08.04-10.30.53:532][  0]LogTargetPlatformManager: Display: Building Assets For Windows
[2023.08.04-10.30.53:546][  0]LogAudioDebug: Display: Lib vorbis DLL was dynamically loaded.
[2023.08.04-10.30.53:598][  0]LogTextureFormatOodle: Display: Oodle Texture 2.9.0 init RDO Off
[2023.08.04-10.30.53:655][  0]LogRendererCore: Ray tracing is disabled. Reason: r.RayTracing=0.
[2023.08.04-10.30.53:655][  0]LogShaderCompilers: Guid format shader working directory is 10 characters bigger than the processId version (E:/Portfolio/Unreal/FPS_Game/Zombone/Intermediate/Shaders/WorkingDirectory/3816/).
[2023.08.04-10.30.53:655][  0]LogShaderCompilers: Cleaned the shader compiler working directory 'C:/Users/timve/AppData/Local/Temp/UnrealShaderWorkingDir/8C45BC124D01F73CCDCEDEB2789F7D9B/'.
[2023.08.04-10.30.53:656][  0]LogXGEController: Cannot use XGE Controller as Incredibuild is not installed on this machine.
[2023.08.04-10.30.53:656][  0]LogShaderCompilers: Cannot use XGE Shader Compiler as Incredibuild is not installed on this machine.
[2023.08.04-10.30.53:656][  0]LogShaderCompilers: Display: Using Local Shader Compiler.
[2023.08.04-10.30.54:480][  0]LogDerivedDataCache: Display: Max Cache Size: 512 MB
[2023.08.04-10.30.54:567][  0]LogDerivedDataCache: Loaded boot cache 0.09s 99MB C:/Users/timve/AppData/Local/UnrealEngine/4.27/DerivedDataCache/Boot.ddc.
[2023.08.04-10.30.54:567][  0]LogDerivedDataCache: Display: Loaded Boot cache: C:/Users/timve/AppData/Local/UnrealEngine/4.27/DerivedDataCache/Boot.ddc
[2023.08.04-10.30.54:567][  0]LogDerivedDataCache: FDerivedDataBackendGraph:  Pak pak cache file E:/Portfolio/Unreal/FPS_Game/Zombone/DerivedDataCache/DDC.ddp not found, will not use a pak cache.
[2023.08.04-10.30.54:567][  0]LogDerivedDataCache: Unable to find inner node Pak for hierarchical cache Hierarchy.
[2023.08.04-10.30.54:567][  0]LogDerivedDataCache: FDerivedDataBackendGraph:  CompressedPak pak cache file E:/Portfolio/Unreal/FPS_Game/Zombone/DerivedDataCache/Compressed.ddp not found, will not use a pak cache.
[2023.08.04-10.30.54:567][  0]LogDerivedDataCache: Unable to find inner node CompressedPak for hierarchical cache Hierarchy.
[2023.08.04-10.30.54:585][  0]LogDerivedDataCache: Display: Pak cache opened for reading ../../../Engine/DerivedDataCache/Compressed.ddp.
[2023.08.04-10.30.54:585][  0]LogDerivedDataCache: FDerivedDataBackendGraph:  EnterprisePak pak cache file ../../../Enterprise/DerivedDataCache/Compressed.ddp not found, will not use a pak cache.
[2023.08.04-10.30.54:585][  0]LogDerivedDataCache: Unable to find inner node EnterprisePak for hierarchical cache Hierarchy.
[2023.08.04-10.30.54:592][  0]LogDerivedDataCache: Speed tests for C:/Users/timve/AppData/Local/UnrealEngine/Common/DerivedDataCache took 0.01 seconds
[2023.08.04-10.30.54:593][  0]LogDerivedDataCache: Display: Performance to C:/Users/timve/AppData/Local/UnrealEngine/Common/DerivedDataCache: Latency=0.03ms. RandomReadSpeed=1396.35MBs, RandomWriteSpeed=158.86MBs. Assigned SpeedClass 'Local'
[2023.08.04-10.30.54:599][  0]LogDerivedDataCache: Using Local data cache path C:/Users/timve/AppData/Local/UnrealEngine/Common/DerivedDataCache: Writable
[2023.08.04-10.30.54:599][  0]LogDerivedDataCache: Shared data cache path not found in *engine.ini, will not use an Shared cache.
[2023.08.04-10.30.54:599][  0]LogDerivedDataCache: Unable to find inner node Shared for hierarchical cache Hierarchy.
[2023.08.04-10.30.54:660][  0]LogSlate: Using FreeType 2.10.0
[2023.08.04-10.30.54:661][  0]LogSlate: SlateFontServices - WITH_FREETYPE: 1, WITH_HARFBUZZ: 1
[2023.08.04-10.30.54:693][  0]LogAssetRegistry: FAssetRegistry took 0.0062 seconds to start up
[2023.08.04-10.30.54:986][  0]LogInit: Selected Device Profile: [Windows]
[2023.08.04-10.30.54:986][  0]LogInit: Active device profile: [0000012A91A24F00][0000012A8F091740 49] Windows
[2023.08.04-10.30.54:986][  0]LogInit: Profiles: [0000012A91A24F00][0000012A8F091740 49] Windows, [0000012A919DAA00][0000012A8EFE58C0 49] WindowsNoEditor, [0000012A91A25F00][0000012A8F08DA40 49] WindowsServer, [0000012A919D9B00][0000012A8EFF5BC0 49] WindowsClient, [0000012A91A25200][0000012A8EFF81C0 49] IOS, [0000012A919D9800][0000012A8EFFC340 49] iPadAir, [0000012A91A27300][0000012A932B64C0 49] iPadAir2, [0000012A92989300][0000012A932BA700 49] IPadPro, [0000012A92989400][0000012A8EFE0740 49] iPadAir3, [0000012A919D8B00][0000012A8DE58880 49] iPadAir4, [0000012A9298A100][0000012A8DE549C0 49] iPadMini2, [0000012A919DBA00][0000012A8DE4CB40 49] iPadMini3, [0000012A9298AC00][0000012A9157ACC0 49] iPadMini4, [0000012A919DAC00][0000012A890BCE40 49] iPadMini5, [0000012A919C8E00][0000012A91577100 49] iPhone6, [0000012A919C8F00][0000012A91573140 49] iPodTouch6, [0000012A91A27700][0000012A932C3400 49] iPhone7, [0000012A91A26800][0000012A932BF440 49] iPodTouch7, [0000012A92989100][0000012A932C75C0 49] iPhone5S, [0000012A91A25100][0000012A932CB740 49] iPhone6Plus, [0000012A9298AA00][0000012A8EF958C0 49] iPhone6S, [0000012A91A25A00][0000012A8EF99A40 49] iPhone6SPlus, [0000012A919C8100][0000012A8EF9DBC0 49] iPhone7Plus, [0000012A92989D00][0000012A8EFA01C0 49] iPhoneSE, [0000012A919C8C00][0000012A8EFA4340 49] iPhone8, [0000012A92988400][0000012A8EFA84C0 49] iPhone8Plus, [0000012A919CAA00][0000012A8EFAC640 49] iPhoneX, [0000012A9298BC00][0000012A8DE50780 49] iPhoneXS, [0000012A919CA900][0000012A8EFB08C0 49] iPhoneXSMax, [0000012A92988B00][0000012A8EFB4A00 49] iPhoneXR, [0000012A91A27800][0000012A8EFB8B40 49] iPhone11, [0000012A9298BD00][0000012A8F122CC0 49] iPhone11Pro, [0000012A91A25B00][0000012A8F126E40 49] iPhone11ProMax, [0000012A92989500][0000012A8F12AFC0 49] iPhoneSE2, [0000012A91A25E00][0000012A8F12F140 49] iPhone12Mini, [0000012A9298B100][0000012A8F1332C0 49] iPhone12, [0000012A91A27400][0000012A8F137440 49] iPhone12Pro, [0000012A92988D00][0000012A8F13B5C0 49] iPhone12ProMax, [0000012A91A27C00][0000012A8F13F740 49] iPadPro105, [0000012A9298B700][0000012A8F1438C0 49] iPadPro129, [0000012A91A26A00][0000012A8F147A40 49] iPadPro97, [0000012A92988900][0000012A9121FBC0 49] iPadPro2_129, [0000012A91A24800][0000012A912221C0 49] iPad5, [0000012A92989000][0000012A91226340 49] iPad6, [0000012A91A24400][0000012A9122A4C0 49] iPad7, [0000012A9298AB00][0000012A9122E640 49] iPad8, [0000012A91A27500][0000012A912327C0 49] iPadPro11, [0000012A92989800][0000012A91236940 49] iPadPro2_11, [0000012A91A24900][0000012A8F11EA80 49] iPadPro3_129, [0000012A9298A800][0000012A9123ABC0 49] iPadPro4_129, [0000012A91A26E00][0000012A9123ED00 49] AppleTV, [0000012A9298BE00][0000012A91246E80 49] AppleTV4K, [0000012A91A24500][0000012A9124B000 49] TVOS, [0000012A92989700][0000012A918F5180 49] Mac, [0000012A91A26300][0000012A918F9300 49] MacClient, [0000012A92988800][0000012A918FD480 49] MacNoEditor, [0000012A91A25000][0000012A91901600 49] MacServer, [0000012A92988500][0000012A91905780 49] Linux, [0000012A91A26B00][0000012A91909900 49] LinuxAArch64, [0000012A92989600][0000012A9190DA80 49] LinuxNoEditor, [0000012A91A26100][0000012A91911C00 49] LinuxAArch64NoEditor, [0000012A9298B900][0000012A91914200 49] LinuxClient, [0000012A91A26600][0000012A91918380 49] LinuxAArch64Client, [0000012A9298A300][0000012A9191C500 49] LinuxServer, [0000012A91A24700][0000012A91920680 49] LinuxAArch64Server, [0000012A92989A00][0000012A91924800 49] Android, [0000012A91A26200][0000012A91928980 49] Android_Low, [0000012A92989C00][0000012A9192CB00 49] Android_Mid, [0000012A91A25300][0000012A91242C40 49] Android_High, [0000012A92988E00][0000012A91930D80 49] Android_Default, [0000012A91A27600][0000012A91934EC0 49] Android_Adreno4xx, [0000012A92988F00][0000012A9193D040 49] Android_Adreno5xx_Low, [0000012A91A27B00][0000012A919411C0 49] Android_Adreno5xx, [0000012A9298BA00][0000012A91945340 49] Android_Adreno6xx, [0000012A91A24B00][0000012A919494C0 49] Android_Adreno6xx_Vulkan, [0000012A92989900][0000012A9194D640 49] Android_Mali_T6xx, [0000012A91A24A00][0000012A919517C0 49] Android_Mali_T7xx, [0000012A919D9A00][0000012A91955940 49] Android_Mali_T8xx, [0000012A919C8500][0000012A91959AC0 49] Android_Mali_G71, [0000012A919D8600][0000012A9195C0C0 49] Android_Mali_G72, [0000012A919C8300][0000012A91960240 49] Android_Mali_G72_Vulkan, [0000012A919DB900][0000012A932443C0 49] Android_Mali_G76, [0000012A919C9000][0000012A93248540 49] Android_Mali_G76_Vulkan, [0000012A919DA600][0000012A9324C6C0 49] Android_Mali_G77, [0000012A919CAF00][0000012A93250840 49] Android_Mali_G77_Vulkan, [0000012A919D8E00][0000012A932549C0 49] Android_Mali_G78, [0000012A919CB100][0000012A93258B40 49] Android_Mali_G78_Vulkan, [0000012A919D8800][0000012A9325CCC0 49] Android_Mali_G710, [0000012A919CAC00][0000012A91938E00 49] Android_Mali_G710_Vulkan, [0000012A919DBC00][0000012A93260F40 49] Android_Vulkan_SM5, [0000012A919CB500][0000012A93265080 49] Android_PowerVR_G6xxx, [0000012A919D9F00][0000012A932691C0 49] Android_PowerVR_GT7xxx, [0000012A919C9D00][0000012A93271340 49] Android_PowerVR_GE8xxx, [0000012A919DB300][0000012A932754C0 49] Android_PowerVR_GM9xxx, [0000012A919C8800][0000012A93279640 49] Android_PowerVR_GM9xxx_Vulkan, [0000012A919DB700][0000012A9327D7C0 49] Android_TegraK1, [0000012A919C9200][0000012A93281940 49] Android_Unknown_Vulkan, [0000012A919DA900][0000012A93285AC0 49] Lumin, [0000012A919CB700][0000012A932880C0 49] Lumin_Desktop, [0000012A919DAE00][0000012A9328C240 49] HoloLens, 
[2023.08.04-10.30.55:155][  0]LogMeshReduction: Using QuadricMeshReduction for automatic static mesh reduction
[2023.08.04-10.30.55:155][  0]LogMeshReduction: Using SimplygonMeshReduction for automatic skeletal mesh reduction
[2023.08.04-10.30.55:155][  0]LogMeshReduction: Using ProxyLODMeshReduction for automatic mesh merging
[2023.08.04-10.30.55:155][  0]LogMeshReduction: No distributed automatic mesh merging module available
[2023.08.04-10.30.55:155][  0]LogMeshMerging: No distributed automatic mesh merging module available
[2023.08.04-10.30.55:176][  0]LogNetVersion: Zombone 1.0.0, NetCL: 17155196, EngineNetVer: 17, GameNetVer: 0 (Checksum: 1748673324)
[2023.08.04-10.30.55:600][  0]LogTexture: Default maximum texture size for cubemaps generated from long-lat sources has been changed from 512 to unlimited. In order to preserve old behaiour for '/Engine/MapTemplates/Sky/DaylightAmbientCubemap.DaylightAmbientCubemap', its maximum texture size has been explicitly set to 512.
[2023.08.04-10.30.55:672][  0]LogHMD: PokeAHoleMaterial loaded successfully
[2023.08.04-10.30.55:680][  0]LogUObjectArray: 17178 objects as part of root set at end of initial load.
[2023.08.04-10.30.55:680][  0]LogUObjectAllocator: 4302048 out of 0 bytes used by permanent object pool.
[2023.08.04-10.30.55:681][  0]LogUObjectArray: CloseDisregardForGC: 0/0 objects in disregard for GC pool
[2023.08.04-10.30.56:084][  0]LogNiagaraDebuggerClient: Niagara Debugger Client Initialized | Session: 8FC8D43843D93EBC9334249EEFBAFAFA | Instance: 36332AE642C15DB052DED388AE59FCF3 (DESKTOP-J6VGNOD-3816).
[2023.08.04-10.30.56:243][  0]LogPython: Using Python 3.7.7
[2023.08.04-10.30.56:829][  0]LogTcpMessaging: Initializing TcpMessaging bridge
[2023.08.04-10.30.56:838][  0]LogUdpMessaging: Initializing bridge on interface 0.0.0.0:0 to multicast group 230.0.0.1:6666.
[2023.08.04-10.30.57:302][  0]SourceControl: Source control is disabled
[2023.08.04-10.30.57:302][  0]SourceControl: Source control is disabled
[2023.08.04-10.30.57:317][  0]SourceControl: Source control is disabled
[2023.08.04-10.30.57:321][  0]SourceControl: Source control is disabled
[2023.08.04-10.30.57:356][  0]SourceControl: Source control is disabled
[2023.08.04-10.30.57:372][  0]LogUProjectInfo: Found projects:
[2023.08.04-10.30.57:659][  0]LogOpenImageDenoise: OIDN starting up
[2023.08.04-10.30.57:764][  0]LogAndroidPermission: UAndroidPermissionCallbackProxy::GetInstance
[2023.08.04-10.30.57:783][  0]LogAudioCaptureCore: Display: No Audio Capture implementations found. Audio input will be silent.
[2023.08.04-10.30.57:783][  0]LogAudioCaptureCore: Display: No Audio Capture implementations found. Audio input will be silent.
[2023.08.04-10.30.57:970][  0]LogCollectionManager: Loaded 0 collections in 0.000717 seconds
[2023.08.04-10.30.58:005][  0]LogFileCache: Scanning file cache for directory 'E:/Portfolio/Unreal/FPS_Game/Zombone/Saved/Collections/' took 0.00s
[2023.08.04-10.30.58:005][  0]LogFileCache: Scanning file cache for directory 'E:/Portfolio/Unreal/FPS_Game/Zombone/Content/Developers/timve/Collections/' took 0.00s
[2023.08.04-10.30.58:005][  0]LogFileCache: Scanning file cache for directory 'E:/Portfolio/Unreal/FPS_Game/Zombone/Content/Collections/' took 0.00s
[2023.08.04-10.30.58:005][  0]LogOcInput: OculusInput pre-init called
[2023.08.04-10.30.58:289][  0]LogEngine: Initializing Engine...
[2023.08.04-10.30.58:446][  0]LogHMD: Optional extension XR_VARJO_quad_views is not available
[2023.08.04-10.30.58:446][  0]LogHMD: Warning: Required extension XR_EXT_eye_gaze_interaction is not available
[2023.08.04-10.30.58:446][  0]LogHMD: Could not enable all required OpenXR extensions for OpenXREyeTracker on current system. This plugin will be loaded but ignored, but will be enabled on a target platform that supports the required extension.
[2023.08.04-10.30.58:447][  0]LogHMD: Failed to get an OpenXR system, result is XR_ERROR_FORM_FACTOR_UNAVAILABLE. Please check that your runtime supports VR headsets.
[2023.08.04-10.30.58:448][  0]LogHMD: Failed to initialize OpenVR with code 110
[2023.08.04-10.30.58:448][  0]LogMagicLeap: Warning: VR disabled because ZI is not enabled.  To enable, in the editor, Edit -> Project Settings -> Plugins -> Magic Leap Plugin -> Enable Zero Iteration
[2023.08.04-10.30.58:449][  0]LogStats: UGameplayTagsManager::InitializeManager -  0.000 s
[2023.08.04-10.30.58:617][  0]LogInit: Initializing FReadOnlyCVARCache
[2023.08.04-10.30.58:629][  0]LogAIModule: Creating AISystem for world Untitled
[2023.08.04-10.30.58:634][  0]LogAudio: Display: Initializing Audio Device Manager...
[2023.08.04-10.30.58:639][  0]LogAudio: Display: Loading Default Audio Settings Objects...
[2023.08.04-10.30.58:639][  0]LogAudio: Display: No default SoundConcurrencyObject specified (or failed to load).
[2023.08.04-10.30.58:640][  0]LogAudio: Display: Audio Device Manager Initialized
[2023.08.04-10.30.58:641][  0]LogAudio: Display: Creating Audio Device:                 Id: 1, Scope: Shared, Realtime: True
[2023.08.04-10.30.58:641][  0]LogAudioMixer: Display: Audio Mixer Platform Settings:
[2023.08.04-10.30.58:641][  0]LogAudioMixer: Display: 	Sample Rate:						  48000
[2023.08.04-10.30.58:641][  0]LogAudioMixer: Display: 	Callback Buffer Frame Size Requested: 1024
[2023.08.04-10.30.58:641][  0]LogAudioMixer: Display: 	Callback Buffer Frame Size To Use:	  1024
[2023.08.04-10.30.58:641][  0]LogAudioMixer: Display: 	Number of buffers to queue:			  2
[2023.08.04-10.30.58:642][  0]LogAudioMixer: Display: 	Max Channels (voices):				  32
[2023.08.04-10.30.58:642][  0]LogAudioMixer: Display: 	Number of Async Source Workers:		  0
[2023.08.04-10.30.58:642][  0]LogAudio: Display: AudioDevice MaxSources: 32
[2023.08.04-10.30.58:643][  0]LogAudio: Display: Audio Spatialization Plugin: None (built-in).
[2023.08.04-10.30.58:643][  0]LogAudio: Display: Audio Reverb Plugin: None (built-in).
[2023.08.04-10.30.58:643][  0]LogAudio: Display: Audio Occlusion Plugin: None (built-in).
[2023.08.04-10.30.58:643][  0]LogAudioMixer: Display: Initializing audio mixer.
[2023.08.04-10.30.58:669][  0]LogAudioMixer: Display: 0: FrontLeft
[2023.08.04-10.30.58:670][  0]LogAudioMixer: Display: 1: FrontRight
[2023.08.04-10.30.58:721][  0]LogAudioMixer: Display: Using Audio Device Oortelefoon van hoofdtelefoon (Sennheiser Communication Audio)
[2023.08.04-10.30.58:724][  0]LogAudioMixer: Display: Initializing Sound Submixes...
[2023.08.04-10.30.58:727][  0]LogAudioMixer: Display: Creating Master Submix 'MasterSubmixDefault'
[2023.08.04-10.30.58:727][  0]LogAudioMixer: Display: Creating Master Submix 'MasterReverbSubmixDefault'
[2023.08.04-10.30.58:728][  0]LogAudioMixer: Display: Creating Master Submix 'MasterEQSubmixDefault'
[2023.08.04-10.30.58:729][  0]LogAudioMixer: FMixerPlatformXAudio2::StartAudioStream() called
[2023.08.04-10.30.58:729][  0]LogAudioMixer: Display: Output buffers initialized: Frames=1024, Channels=2, Samples=2048
[2023.08.04-10.30.58:731][  0]LogAudioMixer: Display: Starting AudioMixerPlatformInterface::RunInternal()
[2023.08.04-10.30.58:731][  0]LogAudioMixer: Display: FMixerPlatformXAudio2::SubmitBuffer() called for the first time
[2023.08.04-10.30.58:731][  0]LogInit: FAudioDevice initialized.
[2023.08.04-10.30.58:732][  0]LogAudio: Display: Audio Device (ID: 1) registered with world 'Untitled'.
[2023.08.04-10.30.58:732][  0]LogNetVersion: Set ProjectVersion to 1.0.0.0. Version Checksum will be recalculated on next use.
[2023.08.04-10.30.58:907][  0]LogDerivedDataCache: Saved boot cache 0.18s 99MB C:/Users/timve/AppData/Local/UnrealEngine/4.27/DerivedDataCache/Boot.ddc.
[2023.08.04-10.30.58:908][  0]LogInit: Texture streaming: Enabled
[2023.08.04-10.30.58:929][  0]LogAnalytics: Display: [UEEditor.Rocket.Release] APIServer = https://datarouter.ol.epicgames.com/. AppVersion = 4.27.2-18319896+++UE4+Release-4.27
[2023.08.04-10.30.58:936][  0]LogEngineSessionManager: EngineSessionManager initialized
[2023.08.04-10.30.58:936][  0]LogEngineSessionManager: EngineSessionManager sent abnormal shutdown report. Type=Debugger, SessionId={9E4A580A-4FAA-8F3E-6FFA-A4942063BC6E}
[2023.08.04-10.30.58:936][  0]LogEngineSessionManager: EngineSessionManager sent abnormal shutdown report. Type=Debugger, SessionId={4F0C0D0F-455D-B473-29F0-AC8920DDCB38}
[2023.08.04-10.30.58:936][  0]LogEditorSessionSummary: Verbose: Initializing EditorSessionSummaryWriter for editor session tracking
[2023.08.04-10.30.58:938][  0]LogEditorSessionSummary: EditorSessionSummaryWriter initialized
[2023.08.04-10.30.59:048][  0]LogInit: Transaction tracking system initialized
[2023.08.04-10.30.59:078][  0]BlueprintLog: New page: Editor Load
[2023.08.04-10.30.59:178][  0]LocalizationService: Localization service is disabled
[2023.08.04-10.30.59:224][  0]TimingProfiler: Initialize
[2023.08.04-10.30.59:224][  0]TimingProfiler: OnSessionChanged
[2023.08.04-10.30.59:225][  0]LoadingProfiler: Initialize
[2023.08.04-10.30.59:225][  0]LoadingProfiler: OnSessionChanged
[2023.08.04-10.30.59:225][  0]NetworkingProfiler: Initialize
[2023.08.04-10.30.59:225][  0]NetworkingProfiler: OnSessionChanged
[2023.08.04-10.30.59:225][  0]MemoryProfiler: Initialize
[2023.08.04-10.30.59:225][  0]MemoryProfiler: OnSessionChanged
[2023.08.04-10.30.59:415][  0]LogCook: Display: CookSettings for Memory: MemoryMaxUsedVirtual 0MiB, MemoryMaxUsedPhysical 16384MiB, MemoryMinFreeVirtual 0MiB, MemoryMinFreePhysical 1024MiB
[2023.08.04-10.30.59:415][  0]LogCook: Display: Mobile HDR setting 1
[2023.08.04-10.30.59:683][  0]LogFileCache: Scanning file cache for directory 'E:/Portfolio/Unreal/FPS_Game/Zombone/Content/' took 0.01s
[2023.08.04-10.30.59:880][  0]LogInit: Display: Engine is initialized. Leaving FEngineLoop::Init()
[2023.08.04-10.30.59:882][  0]SourceControl: Source control is disabled
[2023.08.04-10.30.59:883][  0]LogUnrealEdMisc: Loading editor; pre map load, took 10.425
[2023.08.04-10.30.59:883][  0]Cmd: MAP LOAD FILE="E:/Portfolio/Unreal/FPS_Game/Zombone/Content/FirstPersonCPP/Maps/FirstPersonExampleMap.umap" TEMPLATE=0 SHOWPROGRESS=1 FEATURELEVEL=3
[2023.08.04-10.30.59:883][  0]LightingResults: New page: Lighting Build
[2023.08.04-10.30.59:885][  0]LogWorld: UWorld::CleanupWorld for Untitled, bSessionEnded=true, bCleanupResources=true
[2023.08.04-10.30.59:885][  0]LogSlate: InvalidateAllWidgets triggered.  All widgets were invalidated
[2023.08.04-10.30.59:885][  0]MapCheck: New page: Map Check
[2023.08.04-10.30.59:885][  0]LightingResults: New page: Lighting Build
[2023.08.04-10.30.59:897][  0]LogAudio: Display: Audio Device unregistered from world 'None'.
[2023.08.04-10.30.59:903][  0]LogUObjectHash: Compacting FUObjectHashTables data took   1.30ms
[2023.08.04-10.31.00:067][  0]LogAudio: Display: Audio Device (ID: 1) registered with world 'FirstPersonExampleMap'.
[2023.08.04-10.31.00:068][  0]LogAIModule: Creating AISystem for world FirstPersonExampleMap
[2023.08.04-10.31.00:078][  0]LogEditorServer: Finished looking for orphan Actors (0.000 secs)
[2023.08.04-10.31.00:089][  0]LogUObjectHash: Compacting FUObjectHashTables data took   0.94ms
[2023.08.04-10.31.00:089][  0]Cmd: MAP CHECKDEP NOCLEARLOG
[2023.08.04-10.31.00:090][  0]MapCheck: Map check complete: 0 Error(s), 0 Warning(s), took 0,194ms to complete.
[2023.08.04-10.31.00:090][  0]LogFileHelpers: Loading map 'FirstPersonExampleMap' took 0.207
[2023.08.04-10.31.00:094][  0]LogUnrealEdMisc: Total Editor Startup Time, took 10.636
[2023.08.04-10.31.00:241][  0]LogSlate: Updating window title bar state: overlay mode, drag disabled, window buttons hidden, title bar hidden
[2023.08.04-10.31.00:249][  0]LogSlate: Updating window title bar state: overlay mode, drag disabled, window buttons hidden, title bar hidden
[2023.08.04-10.31.00:259][  0]LogSlate: Updating window title bar state: overlay mode, drag disabled, window buttons hidden, title bar hidden
[2023.08.04-10.31.00:266][  0]LogSlate: Updating window title bar state: overlay mode, drag disabled, window buttons hidden, title bar hidden
[2023.08.04-10.31.00:282][  0]LogNativeClassHierarchy: Verbose: Native class hierarchy populated in 0.0109 seconds. Added 3829 classes and 930 folders.
[2023.08.04-10.31.00:284][  0]LogNativeClassHierarchy: Verbose: Native class hierarchy updated for 'WidgetCarousel' in 0.0003 seconds. Added 0 classes and 0 folders.
[2023.08.04-10.31.00:286][  0]LogPakFile: PakFile PrimaryIndexSize=187
[2023.08.04-10.31.00:286][  0]LogPakFile: PakFile PathHashIndexSize=101
[2023.08.04-10.31.00:286][  0]LogPakFile: PakFile FullDirectoryIndexSize=148
[2023.08.04-10.31.00:286][  0]LogShaderLibrary: Display: ShaderCodeLibraryPakFileMountedCallback: PakFile 'D:/Epic Games/UE_4.27/FeaturePacks/FP_FirstPerson.upack' (chunk index -1, root 'root:/') mounted
[2023.08.04-10.31.00:286][  0]LogShaderLibrary: Display: ShaderCodeLibraryPakFileMountedCallback: pending pak file info (ChunkID:-1 Root:root:/ File:D:/Epic Games/UE_4.27/FeaturePacks/FP_FirstPerson.upack)
[2023.08.04-10.31.00:286][  0]LogPakFile: OnPakFileMounted2Time == 0.000253
[2023.08.04-10.31.00:287][  0]LogPakFile: PakFile PrimaryIndexSize=189
[2023.08.04-10.31.00:287][  0]LogPakFile: PakFile PathHashIndexSize=101
[2023.08.04-10.31.00:287][  0]LogPakFile: PakFile FullDirectoryIndexSize=152
[2023.08.04-10.31.00:287][  0]LogShaderLibrary: Display: ShaderCodeLibraryPakFileMountedCallback: PakFile 'D:/Epic Games/UE_4.27/FeaturePacks/FP_FirstPersonBP.upack' (chunk index -1, root 'root:/') mounted
[2023.08.04-10.31.00:288][  0]LogShaderLibrary: Display: ShaderCodeLibraryPakFileMountedCallback: pending pak file info (ChunkID:-1 Root:root:/ File:D:/Epic Games/UE_4.27/FeaturePacks/FP_FirstPersonBP.upack)
[2023.08.04-10.31.00:288][  0]LogPakFile: OnPakFileMounted2Time == 0.000206
[2023.08.04-10.31.00:288][  0]LogPakFile: PakFile PrimaryIndexSize=191
[2023.08.04-10.31.00:288][  0]LogPakFile: PakFile PathHashIndexSize=101
[2023.08.04-10.31.00:288][  0]LogPakFile: PakFile FullDirectoryIndexSize=160
[2023.08.04-10.31.00:289][  0]LogShaderLibrary: Display: ShaderCodeLibraryPakFileMountedCallback: PakFile 'D:/Epic Games/UE_4.27/FeaturePacks/MobileStarterContent.upack' (chunk index -1, root 'root:/') mounted
[2023.08.04-10.31.00:289][  0]LogShaderLibrary: Display: ShaderCodeLibraryPakFileMountedCallback: pending pak file info (ChunkID:-1 Root:root:/ File:D:/Epic Games/UE_4.27/FeaturePacks/MobileStarterContent.upack)
[2023.08.04-10.31.00:289][  0]LogPakFile: OnPakFileMounted2Time == 0.000224
[2023.08.04-10.31.00:290][  0]LogPakFile: PakFile PrimaryIndexSize=185
[2023.08.04-10.31.00:290][  0]LogPakFile: PakFile PathHashIndexSize=101
[2023.08.04-10.31.00:290][  0]LogPakFile: PakFile FullDirectoryIndexSize=148
[2023.08.04-10.31.00:290][  0]LogShaderLibrary: Display: ShaderCodeLibraryPakFileMountedCallback: PakFile 'D:/Epic Games/UE_4.27/FeaturePacks/StarterContent.upack' (chunk index -1, root 'root:/') mounted
[2023.08.04-10.31.00:290][  0]LogShaderLibrary: Display: ShaderCodeLibraryPakFileMountedCallback: pending pak file info (ChunkID:-1 Root:root:/ File:D:/Epic Games/UE_4.27/FeaturePacks/StarterContent.upack)
[2023.08.04-10.31.00:290][  0]LogPakFile: OnPakFileMounted2Time == 0.000214
[2023.08.04-10.31.00:291][  0]LogPakFile: PakFile PrimaryIndexSize=190
[2023.08.04-10.31.00:291][  0]LogPakFile: PakFile PathHashIndexSize=101
[2023.08.04-10.31.00:291][  0]LogPakFile: PakFile FullDirectoryIndexSize=154
[2023.08.04-10.31.00:292][  0]LogShaderLibrary: Display: ShaderCodeLibraryPakFileMountedCallback: PakFile 'D:/Epic Games/UE_4.27/FeaturePacks/TP_2DSideScroller.upack' (chunk index -1, root 'root:/') mounted
[2023.08.04-10.31.00:292][  0]LogShaderLibrary: Display: ShaderCodeLibraryPakFileMountedCallback: pending pak file info (ChunkID:-1 Root:root:/ File:D:/Epic Games/UE_4.27/FeaturePacks/TP_2DSideScroller.upack)
[2023.08.04-10.31.00:292][  0]LogPakFile: OnPakFileMounted2Time == 0.000270
[2023.08.04-10.31.00:293][  0]LogPakFile: PakFile PrimaryIndexSize=192
[2023.08.04-10.31.00:293][  0]LogPakFile: PakFile PathHashIndexSize=101
[2023.08.04-10.31.00:293][  0]LogPakFile: PakFile FullDirectoryIndexSize=158
[2023.08.04-10.31.00:293][  0]LogShaderLibrary: Display: ShaderCodeLibraryPakFileMountedCallback: PakFile 'D:/Epic Games/UE_4.27/FeaturePacks/TP_2DSideScrollerBP.upack' (chunk index -1, root 'root:/') mounted
[2023.08.04-10.31.00:293][  0]LogShaderLibrary: Display: ShaderCodeLibraryPakFileMountedCallback: pending pak file info (ChunkID:-1 Root:root:/ File:D:/Epic Games/UE_4.27/FeaturePacks/TP_2DSideScrollerBP.upack)
[2023.08.04-10.31.00:293][  0]LogPakFile: OnPakFileMounted2Time == 0.000289
[2023.08.04-10.31.00:294][  0]LogPakFile: PakFile PrimaryIndexSize=182
[2023.08.04-10.31.00:294][  0]LogPakFile: PakFile PathHashIndexSize=101
[2023.08.04-10.31.00:294][  0]LogPakFile: PakFile FullDirectoryIndexSize=138
[2023.08.04-10.31.00:294][  0]LogShaderLibrary: Display: ShaderCodeLibraryPakFileMountedCallback: PakFile 'D:/Epic Games/UE_4.27/FeaturePacks/TP_Flying.upack' (chunk index -1, root 'root:/') mounted
[2023.08.04-10.31.00:295][  0]LogShaderLibrary: Display: ShaderCodeLibraryPakFileMountedCallback: pending pak file info (ChunkID:-1 Root:root:/ File:D:/Epic Games/UE_4.27/FeaturePacks/TP_Flying.upack)
[2023.08.04-10.31.00:295][  0]LogPakFile: OnPakFileMounted2Time == 0.000193
[2023.08.04-10.31.00:295][  0]LogPakFile: PakFile PrimaryIndexSize=184
[2023.08.04-10.31.00:295][  0]LogPakFile: PakFile PathHashIndexSize=101
[2023.08.04-10.31.00:295][  0]LogPakFile: PakFile FullDirectoryIndexSize=142
[2023.08.04-10.31.00:295][  0]LogShaderLibrary: Display: ShaderCodeLibraryPakFileMountedCallback: PakFile 'D:/Epic Games/UE_4.27/FeaturePacks/TP_FlyingBP.upack' (chunk index -1, root 'root:/') mounted
[2023.08.04-10.31.00:296][  0]LogShaderLibrary: Display: ShaderCodeLibraryPakFileMountedCallback: pending pak file info (ChunkID:-1 Root:root:/ File:D:/Epic Games/UE_4.27/FeaturePacks/TP_FlyingBP.upack)
[2023.08.04-10.31.00:296][  0]LogPakFile: OnPakFileMounted2Time == 0.000218
[2023.08.04-10.31.00:296][  0]LogPakFile: PakFile PrimaryIndexSize=188
[2023.08.04-10.31.00:297][  0]LogPakFile: PakFile PathHashIndexSize=101
[2023.08.04-10.31.00:297][  0]LogPakFile: PakFile FullDirectoryIndexSize=150
[2023.08.04-10.31.00:297][  0]LogShaderLibrary: Display: ShaderCodeLibraryPakFileMountedCallback: PakFile 'D:/Epic Games/UE_4.27/FeaturePacks/TP_HandheldARBP.upack' (chunk index -1, root 'root:/') mounted
[2023.08.04-10.31.00:297][  0]LogShaderLibrary: Display: ShaderCodeLibraryPakFileMountedCallback: pending pak file info (ChunkID:-1 Root:root:/ File:D:/Epic Games/UE_4.27/FeaturePacks/TP_HandheldARBP.upack)
[2023.08.04-10.31.00:297][  0]LogPakFile: OnPakFileMounted2Time == 0.000145
[2023.08.04-10.31.00:298][  0]LogPakFile: PakFile PrimaryIndexSize=182
[2023.08.04-10.31.00:298][  0]LogPakFile: PakFile PathHashIndexSize=101
[2023.08.04-10.31.00:298][  0]LogPakFile: PakFile FullDirectoryIndexSize=138
[2023.08.04-10.31.00:298][  0]LogShaderLibrary: Display: ShaderCodeLibraryPakFileMountedCallback: PakFile 'D:/Epic Games/UE_4.27/FeaturePacks/TP_Puzzle.upack' (chunk index -1, root 'root:/') mounted
[2023.08.04-10.31.00:298][  0]LogShaderLibrary: Display: ShaderCodeLibraryPakFileMountedCallback: pending pak file info (ChunkID:-1 Root:root:/ File:D:/Epic Games/UE_4.27/FeaturePacks/TP_Puzzle.upack)
[2023.08.04-10.31.00:298][  0]LogPakFile: OnPakFileMounted2Time == 0.000195
[2023.08.04-10.31.00:299][  0]LogPakFile: PakFile PrimaryIndexSize=184
[2023.08.04-10.31.00:299][  0]LogPakFile: PakFile PathHashIndexSize=101
[2023.08.04-10.31.00:299][  0]LogPakFile: PakFile FullDirectoryIndexSize=142
[2023.08.04-10.31.00:299][  0]LogShaderLibrary: Display: ShaderCodeLibraryPakFileMountedCallback: PakFile 'D:/Epic Games/UE_4.27/FeaturePacks/TP_PuzzleBP.upack' (chunk index -1, root 'root:/') mounted
[2023.08.04-10.31.00:299][  0]LogShaderLibrary: Display: ShaderCodeLibraryPakFileMountedCallback: pending pak file info (ChunkID:-1 Root:root:/ File:D:/Epic Games/UE_4.27/FeaturePacks/TP_PuzzleBP.upack)
[2023.08.04-10.31.00:299][  0]LogPakFile: OnPakFileMounted2Time == 0.000135
[2023.08.04-10.31.00:300][  0]LogPakFile: PakFile PrimaryIndexSize=183
[2023.08.04-10.31.00:300][  0]LogPakFile: PakFile PathHashIndexSize=101
[2023.08.04-10.31.00:300][  0]LogPakFile: PakFile FullDirectoryIndexSize=140
[2023.08.04-10.31.00:300][  0]LogShaderLibrary: Display: ShaderCodeLibraryPakFileMountedCallback: PakFile 'D:/Epic Games/UE_4.27/FeaturePacks/TP_Rolling.upack' (chunk index -1, root 'root:/') mounted
[2023.08.04-10.31.00:300][  0]LogShaderLibrary: Display: ShaderCodeLibraryPakFileMountedCallback: pending pak file info (ChunkID:-1 Root:root:/ File:D:/Epic Games/UE_4.27/FeaturePacks/TP_Rolling.upack)
[2023.08.04-10.31.00:300][  0]LogPakFile: OnPakFileMounted2Time == 0.000235
[2023.08.04-10.31.00:301][  0]LogPakFile: PakFile PrimaryIndexSize=185
[2023.08.04-10.31.00:301][  0]LogPakFile: PakFile PathHashIndexSize=101
[2023.08.04-10.31.00:301][  0]LogPakFile: PakFile FullDirectoryIndexSize=144
[2023.08.04-10.31.00:301][  0]LogShaderLibrary: Display: ShaderCodeLibraryPakFileMountedCallback: PakFile 'D:/Epic Games/UE_4.27/FeaturePacks/TP_RollingBP.upack' (chunk index -1, root 'root:/') mounted
[2023.08.04-10.31.00:301][  0]LogShaderLibrary: Display: ShaderCodeLibraryPakFileMountedCallback: pending pak file info (ChunkID:-1 Root:root:/ File:D:/Epic Games/UE_4.27/FeaturePacks/TP_RollingBP.upack)
[2023.08.04-10.31.00:301][  0]LogPakFile: OnPakFileMounted2Time == 0.000167
[2023.08.04-10.31.00:302][  0]LogPakFile: PakFile PrimaryIndexSize=188
[2023.08.04-10.31.00:302][  0]LogPakFile: PakFile PathHashIndexSize=101
[2023.08.04-10.31.00:302][  0]LogPakFile: PakFile FullDirectoryIndexSize=150
[2023.08.04-10.31.00:302][  0]LogShaderLibrary: Display: ShaderCodeLibraryPakFileMountedCallback: PakFile 'D:/Epic Games/UE_4.27/FeaturePacks/TP_SideScroller.upack' (chunk index -1, root 'root:/') mounted
[2023.08.04-10.31.00:302][  0]LogShaderLibrary: Display: ShaderCodeLibraryPakFileMountedCallback: pending pak file info (ChunkID:-1 Root:root:/ File:D:/Epic Games/UE_4.27/FeaturePacks/TP_SideScroller.upack)
[2023.08.04-10.31.00:303][  0]LogPakFile: OnPakFileMounted2Time == 0.000216
[2023.08.04-10.31.00:303][  0]LogPakFile: PakFile PrimaryIndexSize=190
[2023.08.04-10.31.00:303][  0]LogPakFile: PakFile PathHashIndexSize=101
[2023.08.04-10.31.00:303][  0]LogPakFile: PakFile FullDirectoryIndexSize=154
[2023.08.04-10.31.00:304][  0]LogShaderLibrary: Display: ShaderCodeLibraryPakFileMountedCallback: PakFile 'D:/Epic Games/UE_4.27/FeaturePacks/TP_SideScrollerBP.upack' (chunk index -1, root 'root:/') mounted
[2023.08.04-10.31.00:304][  0]LogShaderLibrary: Display: ShaderCodeLibraryPakFileMountedCallback: pending pak file info (ChunkID:-1 Root:root:/ File:D:/Epic Games/UE_4.27/FeaturePacks/TP_SideScrollerBP.upack)
[2023.08.04-10.31.00:304][  0]LogPakFile: OnPakFileMounted2Time == 0.000170
[2023.08.04-10.31.00:304][  0]LogPakFile: PakFile PrimaryIndexSize=187
[2023.08.04-10.31.00:304][  0]LogPakFile: PakFile PathHashIndexSize=101
[2023.08.04-10.31.00:304][  0]LogPakFile: PakFile FullDirectoryIndexSize=148
[2023.08.04-10.31.00:305][  0]LogShaderLibrary: Display: ShaderCodeLibraryPakFileMountedCallback: PakFile 'D:/Epic Games/UE_4.27/FeaturePacks/TP_ThirdPerson.upack' (chunk index -1, root 'root:/') mounted
[2023.08.04-10.31.00:305][  0]LogShaderLibrary: Display: ShaderCodeLibraryPakFileMountedCallback: pending pak file info (ChunkID:-1 Root:root:/ File:D:/Epic Games/UE_4.27/FeaturePacks/TP_ThirdPerson.upack)
[2023.08.04-10.31.00:305][  0]LogPakFile: OnPakFileMounted2Time == 0.000193
[2023.08.04-10.31.00:305][  0]LogPakFile: PakFile PrimaryIndexSize=189
[2023.08.04-10.31.00:305][  0]LogPakFile: PakFile PathHashIndexSize=101
[2023.08.04-10.31.00:305][  0]LogPakFile: PakFile FullDirectoryIndexSize=152
[2023.08.04-10.31.00:305][  0]LogShaderLibrary: Display: ShaderCodeLibraryPakFileMountedCallback: PakFile 'D:/Epic Games/UE_4.27/FeaturePacks/TP_ThirdPersonBP.upack' (chunk index -1, root 'root:/') mounted
[2023.08.04-10.31.00:306][  0]LogShaderLibrary: Display: ShaderCodeLibraryPakFileMountedCallback: pending pak file info (ChunkID:-1 Root:root:/ File:D:/Epic Games/UE_4.27/FeaturePacks/TP_ThirdPersonBP.upack)
[2023.08.04-10.31.00:306][  0]LogPakFile: OnPakFileMounted2Time == 0.000247
[2023.08.04-10.31.00:306][  0]LogPakFile: PakFile PrimaryIndexSize=183
[2023.08.04-10.31.00:306][  0]LogPakFile: PakFile PathHashIndexSize=101
[2023.08.04-10.31.00:307][  0]LogPakFile: PakFile FullDirectoryIndexSize=140
[2023.08.04-10.31.00:307][  0]LogShaderLibrary: Display: ShaderCodeLibraryPakFileMountedCallback: PakFile 'D:/Epic Games/UE_4.27/FeaturePacks/TP_TopDown.upack' (chunk index -1, root 'root:/') mounted
[2023.08.04-10.31.00:307][  0]LogShaderLibrary: Display: ShaderCodeLibraryPakFileMountedCallback: pending pak file info (ChunkID:-1 Root:root:/ File:D:/Epic Games/UE_4.27/FeaturePacks/TP_TopDown.upack)
[2023.08.04-10.31.00:307][  0]LogPakFile: OnPakFileMounted2Time == 0.000263
[2023.08.04-10.31.00:308][  0]LogPakFile: PakFile PrimaryIndexSize=185
[2023.08.04-10.31.00:309][  0]LogPakFile: PakFile PathHashIndexSize=101
[2023.08.04-10.31.00:309][  0]LogPakFile: PakFile FullDirectoryIndexSize=144
[2023.08.04-10.31.00:309][  0]LogShaderLibrary: Display: ShaderCodeLibraryPakFileMountedCallback: PakFile 'D:/Epic Games/UE_4.27/FeaturePacks/TP_TopDownBP.upack' (chunk index -1, root 'root:/') mounted
[2023.08.04-10.31.00:309][  0]LogShaderLibrary: Display: ShaderCodeLibraryPakFileMountedCallback: pending pak file info (ChunkID:-1 Root:root:/ File:D:/Epic Games/UE_4.27/FeaturePacks/TP_TopDownBP.upack)
[2023.08.04-10.31.00:309][  0]LogPakFile: OnPakFileMounted2Time == 0.000273
[2023.08.04-10.31.00:310][  0]LogPakFile: PakFile PrimaryIndexSize=185
[2023.08.04-10.31.00:310][  0]LogPakFile: PakFile PathHashIndexSize=101
[2023.08.04-10.31.00:310][  0]LogPakFile: PakFile FullDirectoryIndexSize=144
[2023.08.04-10.31.00:310][  0]LogShaderLibrary: Display: ShaderCodeLibraryPakFileMountedCallback: PakFile 'D:/Epic Games/UE_4.27/FeaturePacks/TP_TwinStick.upack' (chunk index -1, root 'root:/') mounted
[2023.08.04-10.31.00:311][  0]LogShaderLibrary: Display: ShaderCodeLibraryPakFileMountedCallback: pending pak file info (ChunkID:-1 Root:root:/ File:D:/Epic Games/UE_4.27/FeaturePacks/TP_TwinStick.upack)
[2023.08.04-10.31.00:311][  0]LogPakFile: OnPakFileMounted2Time == 0.000211
[2023.08.04-10.31.00:311][  0]LogPakFile: PakFile PrimaryIndexSize=187
[2023.08.04-10.31.00:311][  0]LogPakFile: PakFile PathHashIndexSize=101
[2023.08.04-10.31.00:311][  0]LogPakFile: PakFile FullDirectoryIndexSize=148
[2023.08.04-10.31.00:312][  0]LogShaderLibrary: Display: ShaderCodeLibraryPakFileMountedCallback: PakFile 'D:/Epic Games/UE_4.27/FeaturePacks/TP_TwinStickBP.upack' (chunk index -1, root 'root:/') mounted
[2023.08.04-10.31.00:312][  0]LogShaderLibrary: Display: ShaderCodeLibraryPakFileMountedCallback: pending pak file info (ChunkID:-1 Root:root:/ File:D:/Epic Games/UE_4.27/FeaturePacks/TP_TwinStickBP.upack)
[2023.08.04-10.31.00:312][  0]LogPakFile: OnPakFileMounted2Time == 0.000205
[2023.08.04-10.31.00:312][  0]LogPakFile: PakFile PrimaryIndexSize=183
[2023.08.04-10.31.00:312][  0]LogPakFile: PakFile PathHashIndexSize=101
[2023.08.04-10.31.00:313][  0]LogPakFile: PakFile FullDirectoryIndexSize=140
[2023.08.04-10.31.00:313][  0]LogShaderLibrary: Display: ShaderCodeLibraryPakFileMountedCallback: PakFile 'D:/Epic Games/UE_4.27/FeaturePacks/TP_Vehicle.upack' (chunk index -1, root 'root:/') mounted
[2023.08.04-10.31.00:313][  0]LogShaderLibrary: Display: ShaderCodeLibraryPakFileMountedCallback: pending pak file info (ChunkID:-1 Root:root:/ File:D:/Epic Games/UE_4.27/FeaturePacks/TP_Vehicle.upack)
[2023.08.04-10.31.00:313][  0]LogPakFile: OnPakFileMounted2Time == 0.000151
[2023.08.04-10.31.00:313][  0]LogPakFile: PakFile PrimaryIndexSize=186
[2023.08.04-10.31.00:313][  0]LogPakFile: PakFile PathHashIndexSize=101
[2023.08.04-10.31.00:313][  0]LogPakFile: PakFile FullDirectoryIndexSize=146
[2023.08.04-10.31.00:314][  0]LogShaderLibrary: Display: ShaderCodeLibraryPakFileMountedCallback: PakFile 'D:/Epic Games/UE_4.27/FeaturePacks/TP_VehicleAdv.upack' (chunk index -1, root 'root:/') mounted
[2023.08.04-10.31.00:314][  0]LogShaderLibrary: Display: ShaderCodeLibraryPakFileMountedCallback: pending pak file info (ChunkID:-1 Root:root:/ File:D:/Epic Games/UE_4.27/FeaturePacks/TP_VehicleAdv.upack)
[2023.08.04-10.31.00:314][  0]LogPakFile: OnPakFileMounted2Time == 0.000208
[2023.08.04-10.31.00:314][  0]LogPakFile: PakFile PrimaryIndexSize=188
[2023.08.04-10.31.00:314][  0]LogPakFile: PakFile PathHashIndexSize=101
[2023.08.04-10.31.00:315][  0]LogPakFile: PakFile FullDirectoryIndexSize=150
[2023.08.04-10.31.00:315][  0]LogShaderLibrary: Display: ShaderCodeLibraryPakFileMountedCallback: PakFile 'D:/Epic Games/UE_4.27/FeaturePacks/TP_VehicleAdvBP.upack' (chunk index -1, root 'root:/') mounted
[2023.08.04-10.31.00:315][  0]LogShaderLibrary: Display: ShaderCodeLibraryPakFileMountedCallback: pending pak file info (ChunkID:-1 Root:root:/ File:D:/Epic Games/UE_4.27/FeaturePacks/TP_VehicleAdvBP.upack)
[2023.08.04-10.31.00:315][  0]LogPakFile: OnPakFileMounted2Time == 0.000224
[2023.08.04-10.31.00:315][  0]LogPakFile: PakFile PrimaryIndexSize=185
[2023.08.04-10.31.00:316][  0]LogPakFile: PakFile PathHashIndexSize=101
[2023.08.04-10.31.00:316][  0]LogPakFile: PakFile FullDirectoryIndexSize=144
[2023.08.04-10.31.00:316][  0]LogShaderLibrary: Display: ShaderCodeLibraryPakFileMountedCallback: PakFile 'D:/Epic Games/UE_4.27/FeaturePacks/TP_VehicleBP.upack' (chunk index -1, root 'root:/') mounted
[2023.08.04-10.31.00:316][  0]LogShaderLibrary: Display: ShaderCodeLibraryPakFileMountedCallback: pending pak file info (ChunkID:-1 Root:root:/ File:D:/Epic Games/UE_4.27/FeaturePacks/TP_VehicleBP.upack)
[2023.08.04-10.31.00:316][  0]LogPakFile: OnPakFileMounted2Time == 0.000173
[2023.08.04-10.31.00:316][  0]LogPakFile: PakFile PrimaryIndexSize=192
[2023.08.04-10.31.00:317][  0]LogPakFile: PakFile PathHashIndexSize=101
[2023.08.04-10.31.00:317][  0]LogPakFile: PakFile FullDirectoryIndexSize=158
[2023.08.04-10.31.00:317][  0]LogShaderLibrary: Display: ShaderCodeLibraryPakFileMountedCallback: PakFile 'D:/Epic Games/UE_4.27/FeaturePacks/TP_VirtualRealityBP.upack' (chunk index -1, root 'root:/') mounted
[2023.08.04-10.31.00:317][  0]LogShaderLibrary: Display: ShaderCodeLibraryPakFileMountedCallback: pending pak file info (ChunkID:-1 Root:root:/ File:D:/Epic Games/UE_4.27/FeaturePacks/TP_VirtualRealityBP.upack)
[2023.08.04-10.31.00:317][  0]LogPakFile: OnPakFileMounted2Time == 0.000119
[2023.08.04-10.31.00:352][  0]LogNativeClassHierarchy: Verbose: Native class hierarchy updated for 'AddContentDialog' in 0.0003 seconds. Added 0 classes and 0 folders.
[2023.08.04-10.31.00:354][  0]LogNativeClassHierarchy: Verbose: Native class hierarchy updated for 'SceneOutliner' in 0.0003 seconds. Added 2 classes and 0 folders.
[2023.08.04-10.31.00:389][  0]LogSlate: Took 0.000192 seconds to synchronously load lazily loaded font '../../../Engine/Content/Slate/Fonts/Roboto-Regular.ttf' (155K)
[2023.08.04-10.31.00:391][  0]LogSlate: Took 0.000196 seconds to synchronously load lazily loaded font '../../../Engine/Content/Editor/Slate/Fonts/FontAwesome.ttf' (139K)
[2023.08.04-10.31.00:392][  0]LogSlate: Took 0.000160 seconds to synchronously load lazily loaded font '../../../Engine/Content/Slate/Fonts/Roboto-Bold.ttf' (160K)
[2023.08.04-10.31.00:500][  0]LogRenderer: Reallocating scene render targets to support 1208x572 Format 10 NumSamples 1 (Frame:1).
[2023.08.04-10.31.00:566][  0]LogSlate: Took 0.000223 seconds to synchronously load lazily loaded font '../../../Engine/Content/Slate/Fonts/Roboto-Light.ttf' (167K)
[2023.08.04-10.31.00:625][  0]LogNativeClassHierarchy: Verbose: Native class hierarchy updated for 'HierarchicalLODOutliner' in 0.0004 seconds. Added 0 classes and 0 folders.
[2023.08.04-10.31.00:625][  0]LogLoad: (Engine Initialization) Total time: 11.17 seconds
[2023.08.04-10.31.00:625][  0]LogLoad: (Engine Initialization) Total Blueprint compile time: 0.00 seconds
[2023.08.04-10.31.00:680][  0]LogAssetRegistry: Asset discovery search completed in 5.9918 seconds
[2023.08.04-10.31.00:686][  0]LogCollectionManager: Fixed up redirectors for 0 collections in 0.000005 seconds (updated 0 objects)
[2023.08.04-10.31.00:687][  0]LogContentStreaming: Texture pool size now 1000 MB
[2023.08.04-10.31.08:816][291]LogSlate: Took 0.000174 seconds to synchronously load lazily loaded font '../../../Engine/Content/Slate/Fonts/Roboto-Light.ttf' (167K)
[2023.08.04-10.31.08:832][291]LogAssetEditorSubsystem: Opening Asset editor for WidgetBlueprint /Game/FirstPersonCPP/Blueprints/HUD_Player.HUD_Player
[2023.08.04-10.31.08:979][291]LogNativeClassHierarchy: Verbose: Native class hierarchy updated for 'BlueprintGraph' in 0.0006 seconds. Added 126 classes and 0 folders.
[2023.08.04-10.31.10:299][291]LogSlate: Took 0.000211 seconds to synchronously load lazily loaded font '../../../Engine/Content/Slate/Fonts/Roboto-BoldCondensed.ttf' (158K)
[2023.08.04-10.31.15:615][707]LogSlate: Window 'HUD_Player' being destroyed
[2023.08.04-10.31.17:598][904]LogAssetEditorSubsystem: Opening Asset editor for Blueprint /Game/FirstPersonCPP/Blueprints/Player_HUD.Player_HUD
[2023.08.04-10.31.25:790][744]LogTemp: Repeating last play command: Selected Viewport
[2023.08.04-10.31.25:812][744]LogPlayLevel: PlayLevel: No blueprints needed recompiling
[2023.08.04-10.31.25:812][744]PIE: New page: PIE session: FirstPersonExampleMap (4 aug. 2023 14:31:25)
[2023.08.04-10.31.25:814][744]LogOnline: OSS: Creating online subsystem instance for: NULL
[2023.08.04-10.31.25:817][744]LogOnline: OSS: TryLoadSubsystemAndSetDefault: Loaded subsystem for module [NULL]
[2023.08.04-10.31.25:817][744]LogPlayLevel: Creating play world package: /Game/FirstPersonCPP/Maps/UEDPIE_0_FirstPersonExampleMap
[2023.08.04-10.31.25:834][744]LogPlayLevel: PIE: StaticDuplicateObject took: (0.017238s)
[2023.08.04-10.31.25:835][744]LogAIModule: Creating AISystem for world FirstPersonExampleMap
[2023.08.04-10.31.25:836][744]LogPlayLevel: PIE: World Init took: (0.001627s)
[2023.08.04-10.31.25:836][744]LogPlayLevel: PIE: Created PIE world by copying editor world from /Game/FirstPersonCPP/Maps/FirstPersonExampleMap.FirstPersonExampleMap to /Game/FirstPersonCPP/Maps/UEDPIE_0_FirstPersonExampleMap.FirstPersonExampleMap (0.019367s)
[2023.08.04-10.31.25:911][744]LogUObjectHash: Compacting FUObjectHashTables data took   5.87ms
[2023.08.04-10.31.25:917][744]LogAudio: Display: Creating Audio Device:                 Id: 2, Scope: Unique, Realtime: True
[2023.08.04-10.31.25:917][744]LogAudioMixer: Display: Audio Mixer Platform Settings:
[2023.08.04-10.31.25:917][744]LogAudioMixer: Display: 	Sample Rate:						  48000
[2023.08.04-10.31.25:917][744]LogAudioMixer: Display: 	Callback Buffer Frame Size Requested: 1024
[2023.08.04-10.31.25:918][744]LogAudioMixer: Display: 	Callback Buffer Frame Size To Use:	  1024
[2023.08.04-10.31.25:918][744]LogAudioMixer: Display: 	Number of buffers to queue:			  2
[2023.08.04-10.31.25:918][744]LogAudioMixer: Display: 	Max Channels (voices):				  32
[2023.08.04-10.31.25:918][744]LogAudioMixer: Display: 	Number of Async Source Workers:		  0
[2023.08.04-10.31.25:918][744]LogAudio: Display: AudioDevice MaxSources: 32
[2023.08.04-10.31.25:919][744]LogAudio: Display: Audio Spatialization Plugin: None (built-in).
[2023.08.04-10.31.25:919][744]LogAudio: Display: Audio Reverb Plugin: None (built-in).
[2023.08.04-10.31.25:919][744]LogAudio: Display: Audio Occlusion Plugin: None (built-in).
[2023.08.04-10.31.25:919][744]LogAudioMixer: Display: Initializing audio mixer.
[2023.08.04-10.31.25:926][744]LogAudioMixer: Display: 0: FrontLeft
[2023.08.04-10.31.25:926][744]LogAudioMixer: Display: 1: FrontRight
[2023.08.04-10.31.25:937][744]LogAudioMixer: Display: Using Audio Device Oortelefoon van hoofdtelefoon (Sennheiser Communication Audio)
[2023.08.04-10.31.25:937][744]LogAudioMixer: Display: Initializing Sound Submixes...
[2023.08.04-10.31.25:937][744]LogAudioMixer: Display: Creating Master Submix 'MasterSubmixDefault'
[2023.08.04-10.31.25:937][744]LogAudioMixer: Display: Creating Master Submix 'MasterReverbSubmixDefault'
[2023.08.04-10.31.25:938][744]LogAudioMixer: Display: Creating Master Submix 'MasterEQSubmixDefault'
[2023.08.04-10.31.25:938][744]LogAudioMixer: FMixerPlatformXAudio2::StartAudioStream() called
[2023.08.04-10.31.25:938][744]LogAudioMixer: Display: Output buffers initialized: Frames=1024, Channels=2, Samples=2048
[2023.08.04-10.31.25:941][744]LogAudioMixer: Display: Starting AudioMixerPlatformInterface::RunInternal()
[2023.08.04-10.31.25:942][744]LogAudioMixer: Display: FMixerPlatformXAudio2::SubmitBuffer() called for the first time
[2023.08.04-10.31.25:942][744]LogInit: FAudioDevice initialized.
[2023.08.04-10.31.25:942][744]LogAudio: Display: Audio Device (ID: 2) registered with world 'FirstPersonExampleMap'.
[2023.08.04-10.31.25:958][744]LogLoad: Game class is 'WaveManager_C'
[2023.08.04-10.31.25:963][744]LogWorld: Bringing World /Game/FirstPersonCPP/Maps/UEDPIE_0_FirstPersonExampleMap.FirstPersonExampleMap up for play (max tick rate 0) at 2023.08.04-12.31.25
[2023.08.04-10.31.25:964][744]LogWorld: Bringing up level for play took: 0.004089
[2023.08.04-10.31.25:964][744]LogOnline: OSS: Creating online subsystem instance for: :Context_6
[2023.08.04-10.31.25:969][744]LogNativeClassHierarchy: Verbose: Native class hierarchy updated for 'MovieSceneCapture' in 0.0004 seconds. Added 20 classes and 0 folders.
[2023.08.04-10.31.25:970][744]LogViewport: Display: Viewport MouseCaptureMode Changed, CapturePermanently_IncludingInitialMouseDown -> CapturePermanently
[2023.08.04-10.31.25:971][744]PIE: Server logged in
[2023.08.04-10.31.25:973][744]PIE: Play in editor total start time 0,163 seconds.
[2023.08.04-10.31.33:839][608]LogSlate: Updating window title bar state: overlay mode, drag disabled, window buttons hidden, title bar hidden
[2023.08.04-10.31.33:839][608]LogWorld: BeginTearingDown for /Game/FirstPersonCPP/Maps/UEDPIE_0_FirstPersonExampleMap
[2023.08.04-10.31.33:840][608]LogWorld: UWorld::CleanupWorld for FirstPersonExampleMap, bSessionEnded=true, bCleanupResources=true
[2023.08.04-10.31.33:840][608]LogSlate: InvalidateAllWidgets triggered.  All widgets were invalidated
[2023.08.04-10.31.33:853][608]LogPlayLevel: Display: Shutting down PIE online subsystems
[2023.08.04-10.31.33:861][608]LogSlate: InvalidateAllWidgets triggered.  All widgets were invalidated
[2023.08.04-10.31.33:899][608]LogAudio: Display: Audio Device unregistered from world 'None'.
[2023.08.04-10.31.33:899][608]LogAudioMixer: FMixerPlatformXAudio2::StopAudioStream() called
[2023.08.04-10.31.33:901][608]LogAudioMixer: FMixerPlatformXAudio2::StopAudioStream() called
[2023.08.04-10.31.33:904][608]LogSlate: Updating window title bar state: overlay mode, drag disabled, window buttons hidden, title bar hidden
[2023.08.04-10.31.33:929][608]LogUObjectHash: Compacting FUObjectHashTables data took   4.85ms
[2023.08.04-10.31.33:968][609]LogPlayLevel: Display: Destroying online subsystem :Context_6
