Log file open, 09/14/23 12:20:17
LogWindows: Failed to load 'aqProf.dll' (GetLastError=126)
LogWindows: File 'aqProf.dll' does not exist
LogWindows: Failed to load 'VtuneApi.dll' (GetLastError=126)
LogWindows: File 'VtuneApi.dll' does not exist
LogWindows: Failed to load 'VtuneApi32e.dll' (GetLastError=126)
LogWindows: File 'VtuneApi32e.dll' does not exist
LogConsoleResponse: Display: Failed to find resolution value strings in scalability ini. Falling back to default.
LogConsoleResponse: Display: Failed to find resolution value strings in scalability ini. Falling back to default.
LogInit: Display: Running engine for game: Zombone
LogPlatformFile: Not using cached read wrapper
LogTaskGraph: Started task graph with 5 named threads and 35 total threads with 3 sets of task threads.
LogStats: Stats thread started at 0.344634
LogICUInternationalization: ICU TimeZone Detection - Raw Offset: +1:00, Platform Override: ''
LogInit: Display: Loading text-based GConfig....
LogPluginManager: Mounting plugin MeshPainting
LogPluginManager: Mounting plugin XGEController
LogPluginManager: Mounting plugin Paper2D
LogPluginManager: Mounting plugin AISupport
LogPluginManager: Mounting plugin EnvironmentQueryEditor
LogPluginManager: Mounting plugin LiveLink
LogPluginManager: Mounting plugin GameplayCameras
LogPluginManager: Mounting plugin LightPropagationVolume
LogPluginManager: Mounting plugin OodleNetwork
LogPluginManager: Mounting plugin CameraShakePreviewer
LogPluginManager: Mounting plugin AnimationSharing
LogPluginManager: Mounting plugin OodleData
LogPluginManager: Mounting plugin CodeLiteSourceCodeAccess
LogPluginManager: Mounting plugin CLionSourceCodeAccess
LogPluginManager: Mounting plugin GitSourceControl
LogPluginManager: Mounting plugin NullSourceCodeAccess
LogPluginManager: Mounting plugin KDevelopSourceCodeAccess
LogPluginManager: Mounting plugin PixWinPlugin
LogPluginManager: Mounting plugin PlasticSourceControl
LogPluginManager: Mounting plugin PerforceSourceControl
LogPluginManager: Mounting plugin AlembicImporter
LogPluginManager: Mounting plugin AutomationUtils
LogPluginManager: Mounting plugin BackChannel
LogPluginManager: Mounting plugin ChaosCloth
LogPluginManager: Mounting plugin ChaosClothEditor
LogPluginManager: Mounting plugin ChaosEditor
LogPluginManager: Mounting plugin ChaosNiagara
LogPluginManager: Mounting plugin ChaosSolverPlugin
LogPluginManager: Mounting plugin CharacterAI
LogPluginManager: Mounting plugin GeometryProcessing
LogPluginManager: Mounting plugin GeometryCache
LogPluginManager: Mounting plugin GeometryCollectionPlugin
LogPluginManager: Mounting plugin MotoSynth
LogPluginManager: Mounting plugin OpenImageDenoise
LogPluginManager: Mounting plugin PythonScriptPlugin
LogPluginManager: Mounting plugin PlanarCut
LogPluginManager: Mounting plugin ProxyLODPlugin
LogPluginManager: Mounting plugin PlatformCrypto
LogPluginManager: Mounting plugin SkeletalReduction
LogPluginManager: Mounting plugin Niagara
LogPluginManager: Mounting plugin AssetManagerEditor
LogPluginManager: Mounting plugin CryptoKeys
LogPluginManager: Mounting plugin CurveEditorTools
LogPluginManager: Mounting plugin FacialAnimation
LogPluginManager: Mounting plugin GeometryMode
LogPluginManager: Mounting plugin GameplayTagsEditor
LogPluginManager: Mounting plugin MaterialAnalyzer
LogPluginManager: Mounting plugin MacGraphicsSwitching
LogPluginManager: Mounting plugin PluginBrowser
LogPluginManager: Mounting plugin MobileLauncherProfileWizard
LogPluginManager: Mounting plugin LuminPlatformFeatures
LogPluginManager: Mounting plugin SpeedTreeImporter
LogPluginManager: Mounting plugin MagicLeap
LogPluginManager: Mounting plugin DataValidation
LogPluginManager: Mounting plugin MagicLeapMedia
LogPluginManager: Mounting plugin MagicLeapPassableWorld
LogPluginManager: Mounting plugin MLSDK
LogPluginManager: Mounting plugin AndroidMedia
LogPluginManager: Mounting plugin AvfMedia
LogPluginManager: Mounting plugin ImgMedia
LogPluginManager: Mounting plugin MediaCompositing
LogPluginManager: Mounting plugin MediaPlayerEditor
LogPluginManager: Mounting plugin WebMMedia
LogPluginManager: Mounting plugin WmfMedia
LogPluginManager: Mounting plugin TcpMessaging
LogPluginManager: Mounting plugin ActorSequence
LogPluginManager: Mounting plugin UdpMessaging
LogPluginManager: Mounting plugin LevelSequenceEditor
LogPluginManager: Mounting plugin MatineeToLevelSequence
LogPluginManager: Mounting plugin TemplateSequence
LogPluginManager: Mounting plugin OnlineSubsystem
LogPluginManager: Mounting plugin OnlineSubsystemUtils
LogPluginManager: Mounting plugin MagicLeapLightEstimation
LogPluginManager: Mounting plugin OnlineSubsystemNull
LogPluginManager: Mounting plugin LauncherChunkInstaller
LogPluginManager: Mounting plugin ActorLayerUtilities
LogPluginManager: Mounting plugin AndroidMoviePlayer
LogPluginManager: Mounting plugin AndroidDeviceProfileSelector
LogPluginManager: Mounting plugin AndroidPermission
LogPluginManager: Mounting plugin AppleMoviePlayer
LogPluginManager: Mounting plugin AssetTags
LogPluginManager: Mounting plugin AppleImageUtils
LogPluginManager: Mounting plugin ArchVisCharacter
LogPluginManager: Mounting plugin AudioCapture
LogPluginManager: Mounting plugin AudioSynesthesia
LogPluginManager: Mounting plugin CableComponent
LogPluginManager: Mounting plugin ChunkDownloader
LogPluginManager: Mounting plugin EditableMesh
LogPluginManager: Mounting plugin ExampleDeviceProfileSelector
LogPluginManager: Mounting plugin CustomMeshComponent
LogPluginManager: Mounting plugin GoogleCloudMessaging
LogPluginManager: Mounting plugin GooglePAD
LogPluginManager: Mounting plugin LinuxDeviceProfileSelector
LogPluginManager: Mounting plugin IOSDeviceProfileSelector
LogPluginManager: Mounting plugin LocationServicesBPLibrary
LogPluginManager: Mounting plugin MobilePatchingUtils
LogPluginManager: Mounting plugin OpenXREyeTracker
LogPluginManager: Mounting plugin OpenXR
LogPluginManager: Mounting plugin OpenXRHandTracking
LogPluginManager: Mounting plugin PhysXVehicles
LogPluginManager: Mounting plugin PostSplashScreen
LogPluginManager: Mounting plugin ProceduralMeshComponent
LogPluginManager: Mounting plugin PropertyAccessEditor
LogPluginManager: Mounting plugin SignificanceManager
LogPluginManager: Mounting plugin RuntimePhysXCooking
LogPluginManager: Mounting plugin SoundFields
LogPluginManager: Mounting plugin Synthesis
LogPluginManager: Mounting plugin WebMMoviePlayer
LogPluginManager: Mounting plugin WindowsMoviePlayer
LogPluginManager: Mounting plugin ScreenshotTools
LogPluginManager: Mounting plugin Takes
LogPluginManager: Mounting plugin PluginUtils
LogPluginManager: Mounting plugin PropertyAccessNode
LogPluginManager: Mounting plugin RiderSourceCodeAccess
LogPluginManager: Mounting plugin SubversionSourceControl
LogPluginManager: Mounting plugin TextureFormatOodle
LogPluginManager: Mounting plugin UObjectPlugin
LogPluginManager: Mounting plugin VisualStudioCodeSourceCodeAccess
LogPluginManager: Mounting plugin VisualStudioSourceCodeAccess
LogPluginManager: Mounting plugin DatasmithContent
LogPluginManager: Mounting plugin XCodeSourceCodeAccess
LogPluginManager: Mounting plugin VariantManagerContent
LogPluginManager: Mounting plugin ContentBrowserAssetDataSource
LogPluginManager: Mounting plugin ContentBrowserClassDataSource
LogPluginManager: Mounting plugin ContentBrowserFileDataSource
LogPluginManager: Mounting plugin OnlineSubsystemIOS
LogPluginManager: Mounting plugin OnlineSubsystemGooglePlay
LogPluginManager: Mounting plugin OculusVR
LogPluginManager: Mounting plugin SteamVR
PixWinPlugin: PIX capture plugin failed to initialize! Check that the process is launched from PIX.
LogInit: Using libcurl 7.55.1-DEV
LogInit:  - built for x86_64-pc-win32
LogInit:  - supports SSL with OpenSSL/1.1.1
LogInit:  - supports HTTP deflate (compression) using libz 1.2.8
LogInit:  - other features:
LogInit:      CURL_VERSION_SSL
LogInit:      CURL_VERSION_LIBZ
LogInit:      CURL_VERSION_IPV6
LogInit:      CURL_VERSION_ASYNCHDNS
LogInit:      CURL_VERSION_LARGEFILE
LogInit:      CURL_VERSION_IDN
LogInit:  CurlRequestOptions (configurable via config and command line):
LogInit:  - bVerifyPeer = true  - Libcurl will verify peer certificate
LogInit:  - bUseHttpProxy = false  - Libcurl will NOT use HTTP proxy
LogInit:  - bDontReuseConnections = false  - Libcurl will reuse connections
LogInit:  - MaxHostConnections = 16  - Libcurl will limit the number of connections to a host
LogInit:  - LocalHostAddr = Default
LogInit:  - BufferSize = 65536
LogOnline: OSS: Creating online subsystem instance for: NULL
LogInit: WinSock: version 1.1 (2.2), MaxSocks=32767, MaxUdp=65467
LogOnline: OSS: TryLoadSubsystemAndSetDefault: Loaded subsystem for module [NULL]
LogOculusPluginWrapper: OculusPlugin initialized successfully
LogHMD: Failed initializing OVRPlugin 1.59.0
LogInit: Build: ++UE4+Release-4.27-CL-18319896
LogInit: Engine Version: 4.27.2-18319896+++UE4+Release-4.27
LogInit: Compatible Engine Version: 4.27.0-17155196+++UE4+Release-4.27
LogInit: Net CL: 17155196
LogInit: OS: Windows 10 (Release 2009) (), CPU: Intel(R) Core(TM) i7-7800X CPU @ 3.50GHz, GPU: NVIDIA GeForce GTX 1060 6GB
LogInit: Compiled (64-bit): Nov 30 2021 07:12:08
LogInit: Compiled with Visual C++: 19.24.28315.00
LogInit: Build Configuration: Development
LogInit: Branch Name: ++UE4+Release-4.27
LogInit: Command Line:  -skipcompile
LogInit: Base Directory: D:/Epic Games/UE_4.27/Engine/Binaries/Win64/
LogInit: Allocator: TBB
LogInit: Installed Engine Build: 1
LogDevObjectVersion: Number of dev versions registered: 29
LogDevObjectVersion:   Dev-Blueprints (B0D832E4-1F89-4F0D-ACCF-7EB736FD4AA2): 10
LogDevObjectVersion:   Dev-Build (E1C64328-A22C-4D53-A36C-8E866417BD8C): 0
LogDevObjectVersion:   Dev-Core (375EC13C-06E4-48FB-B500-84F0262A717E): 4
LogDevObjectVersion:   Dev-Editor (E4B068ED-F494-42E9-A231-DA0B2E46BB41): 40
LogDevObjectVersion:   Dev-Framework (CFFC743F-43B0-4480-9391-14DF171D2073): 37
LogDevObjectVersion:   Dev-Mobile (B02B49B5-BB20-44E9-A304-32B752E40360): 3
LogDevObjectVersion:   Dev-Networking (A4E4105C-59A1-49B5-A7C5-40C4547EDFEE): 0
LogDevObjectVersion:   Dev-Online (39C831C9-5AE6-47DC-9A44-9C173E1C8E7C): 0
LogDevObjectVersion:   Dev-Physics (78F01B33-EBEA-4F98-B9B4-84EACCB95AA2): 14
LogDevObjectVersion:   Dev-Platform (6631380F-2D4D-43E0-8009-CF276956A95A): 0
LogDevObjectVersion:   Dev-Rendering (12F88B9F-8875-4AFC-A67C-D90C383ABD29): 45
LogDevObjectVersion:   Dev-Sequencer (7B5AE74C-D270-4C10-A958-57980B212A5A): 13
LogDevObjectVersion:   Dev-VR (D7296918-1DD6-4BDD-9DE2-64A83CC13884): 3
LogDevObjectVersion:   Dev-LoadTimes (C2A15278-BFE7-4AFE-6C17-90FF531DF755): 1
LogDevObjectVersion:   Private-Geometry (6EACA3D4-40EC-4CC1-B786-8BED09428FC5): 3
LogDevObjectVersion:   Dev-AnimPhys (29E575DD-E0A3-4627-9D10-D276232CDCEA): 17
LogDevObjectVersion:   Dev-Anim (AF43A65D-7FD3-4947-9873-3E8ED9C1BB05): 15
LogDevObjectVersion:   Dev-ReflectionCapture (6B266CEC-1EC7-4B8F-A30B-E4D90942FC07): 1
LogDevObjectVersion:   Dev-Automation (0DF73D61-A23F-47EA-B727-89E90C41499A): 1
LogDevObjectVersion:   FortniteMain (601D1886-AC64-4F84-AA16-D3DE0DEAC7D6): 47
LogDevObjectVersion:   FortniteRelease (E7086368-6B23-4C58-8439-1B7016265E91): 1
LogDevObjectVersion:   Dev-Enterprise (9DFFBCD6-494F-0158-E221-12823C92A888): 10
LogDevObjectVersion:   Dev-Niagara (F2AED0AC-9AFE-416F-8664-AA7FFA26D6FC): 1
LogDevObjectVersion:   Dev-Destruction (174F1F0B-B4C6-45A5-B13F-2EE8D0FB917D): 10
LogDevObjectVersion:   Dev-Physics-Ext (35F94A83-E258-406C-A318-09F59610247C): 41
LogDevObjectVersion:   Dev-PhysicsMaterial-Chaos (B68FC16E-8B1B-42E2-B453-215C058844FE): 1
LogDevObjectVersion:   Dev-CineCamera (B2E18506-4273-CFC2-A54E-F4BB758BBA07): 1
LogDevObjectVersion:   Dev-VirtualProduction (64F58936-FD1B-42BA-BA96-7289D5D0FA4E): 1
LogDevObjectVersion:   Dev-MediaFramework (6F0ED827-A609-4895-9C91-998D90180EA4): 2
LogInit: Presizing for max 25165824 objects, including 0 objects not considered by GC, pre-allocating 0 bytes for permanent pool.
LogConfig: Applying CVar settings from Section [/Script/Engine.StreamingSettings] File [E:/Portfolio/Unreal/FPS_Game/Zombone/Saved/Config/Windows/Engine.ini]
LogConfig: Setting CVar [[s.MinBulkDataSizeForAsyncLoading:131072]]
LogConfig: Setting CVar [[s.AsyncLoadingThreadEnabled:0]]
LogConfig: Setting CVar [[s.EventDrivenLoaderEnabled:1]]
LogConfig: Setting CVar [[s.WarnIfTimeLimitExceeded:0]]
LogConfig: Setting CVar [[s.TimeLimitExceededMultiplier:1.5]]
LogConfig: Setting CVar [[s.TimeLimitExceededMinTime:0.005]]
LogConfig: Setting CVar [[s.UseBackgroundLevelStreaming:1]]
LogConfig: Setting CVar [[s.PriorityAsyncLoadingExtraTime:15.0]]
LogConfig: Setting CVar [[s.LevelStreamingActorsUpdateTimeLimit:5.0]]
LogConfig: Setting CVar [[s.PriorityLevelStreamingActorsUpdateExtraTime:5.0]]
LogConfig: Setting CVar [[s.LevelStreamingComponentsRegistrationGranularity:10]]
LogConfig: Setting CVar [[s.UnregisterComponentsTimeLimit:1.0]]
LogConfig: Setting CVar [[s.LevelStreamingComponentsUnregistrationGranularity:5]]
LogConfig: Setting CVar [[s.FlushStreamingOnExit:1]]
LogInit: Object subsystem initialized
LogConfig: Setting CVar [[con.DebugEarlyDefault:1]]
LogConfig: Setting CVar [[r.setres:1280x720]]
[2023.09.14-10.20.19:114][  0]LogConfig: Setting CVar [[r.VSync:0]]
[2023.09.14-10.20.19:114][  0]LogConfig: Setting CVar [[r.RHICmdBypass:0]]
[2023.09.14-10.20.19:114][  0]LogConfig: Applying CVar settings from Section [/Script/Engine.RendererSettings] File [E:/Portfolio/Unreal/FPS_Game/Zombone/Saved/Config/Windows/Engine.ini]
[2023.09.14-10.20.19:114][  0]LogConfig: Setting CVar [[r.GPUCrashDebugging:0]]
[2023.09.14-10.20.19:114][  0]LogConfig: Applying CVar settings from Section [/Script/Engine.RendererOverrideSettings] File [E:/Portfolio/Unreal/FPS_Game/Zombone/Saved/Config/Windows/Engine.ini]
[2023.09.14-10.20.19:115][  0]LogConfig: Applying CVar settings from Section [/Script/Engine.StreamingSettings] File [E:/Portfolio/Unreal/FPS_Game/Zombone/Saved/Config/Windows/Engine.ini]
[2023.09.14-10.20.19:115][  0]LogConfig: Setting CVar [[s.MinBulkDataSizeForAsyncLoading:131072]]
[2023.09.14-10.20.19:115][  0]LogConfig: Setting CVar [[s.AsyncLoadingThreadEnabled:0]]
[2023.09.14-10.20.19:115][  0]LogConfig: Setting CVar [[s.EventDrivenLoaderEnabled:1]]
[2023.09.14-10.20.19:115][  0]LogConfig: Setting CVar [[s.WarnIfTimeLimitExceeded:0]]
[2023.09.14-10.20.19:115][  0]LogConfig: Setting CVar [[s.TimeLimitExceededMultiplier:1.5]]
[2023.09.14-10.20.19:115][  0]LogConfig: Setting CVar [[s.TimeLimitExceededMinTime:0.005]]
[2023.09.14-10.20.19:115][  0]LogConfig: Setting CVar [[s.UseBackgroundLevelStreaming:1]]
[2023.09.14-10.20.19:115][  0]LogConfig: Setting CVar [[s.PriorityAsyncLoadingExtraTime:15.0]]
[2023.09.14-10.20.19:115][  0]LogConfig: Setting CVar [[s.LevelStreamingActorsUpdateTimeLimit:5.0]]
[2023.09.14-10.20.19:115][  0]LogConfig: Setting CVar [[s.PriorityLevelStreamingActorsUpdateExtraTime:5.0]]
[2023.09.14-10.20.19:115][  0]LogConfig: Setting CVar [[s.LevelStreamingComponentsRegistrationGranularity:10]]
[2023.09.14-10.20.19:115][  0]LogConfig: Setting CVar [[s.UnregisterComponentsTimeLimit:1.0]]
[2023.09.14-10.20.19:115][  0]LogConfig: Setting CVar [[s.LevelStreamingComponentsUnregistrationGranularity:5]]
[2023.09.14-10.20.19:115][  0]LogConfig: Setting CVar [[s.FlushStreamingOnExit:1]]
[2023.09.14-10.20.19:115][  0]LogConfig: Applying CVar settings from Section [/Script/Engine.GarbageCollectionSettings] File [E:/Portfolio/Unreal/FPS_Game/Zombone/Saved/Config/Windows/Engine.ini]
[2023.09.14-10.20.19:116][  0]LogConfig: Setting CVar [[gc.MaxObjectsNotConsideredByGC:1]]
[2023.09.14-10.20.19:116][  0]LogConfig: Setting CVar [[gc.SizeOfPermanentObjectPool:0]]
[2023.09.14-10.20.19:116][  0]LogConfig: Setting CVar [[gc.FlushStreamingOnGC:0]]
[2023.09.14-10.20.19:116][  0]LogConfig: Setting CVar [[gc.NumRetriesBeforeForcingGC:10]]
[2023.09.14-10.20.19:116][  0]LogConfig: Setting CVar [[gc.AllowParallelGC:1]]
[2023.09.14-10.20.19:116][  0]LogConfig: Setting CVar [[gc.TimeBetweenPurgingPendingKillObjects:61.1]]
[2023.09.14-10.20.19:116][  0]LogConfig: Setting CVar [[gc.MaxObjectsInEditor:25165824]]
[2023.09.14-10.20.19:116][  0]LogConfig: Setting CVar [[gc.IncrementalBeginDestroyEnabled:1]]
[2023.09.14-10.20.19:116][  0]LogConfig: Setting CVar [[gc.CreateGCClusters:1]]
[2023.09.14-10.20.19:116][  0]LogConfig: Setting CVar [[gc.MinGCClusterSize:5]]
[2023.09.14-10.20.19:116][  0]LogConfig: Setting CVar [[gc.ActorClusteringEnabled:0]]
[2023.09.14-10.20.19:116][  0]LogConfig: Setting CVar [[gc.BlueprintClusteringEnabled:0]]
[2023.09.14-10.20.19:116][  0]LogConfig: Setting CVar [[gc.UseDisregardForGCOnDedicatedServers:0]]
[2023.09.14-10.20.19:116][  0]LogConfig: Setting CVar [[gc.MultithreadedDestructionEnabled:1]]
[2023.09.14-10.20.19:116][  0]LogConfig: Applying CVar settings from Section [/Script/Engine.NetworkSettings] File [E:/Portfolio/Unreal/FPS_Game/Zombone/Saved/Config/Windows/Engine.ini]
[2023.09.14-10.20.19:117][  0]LogConfig: Applying CVar settings from Section [/Script/UnrealEd.CookerSettings] File [E:/Portfolio/Unreal/FPS_Game/Zombone/Saved/Config/Windows/Engine.ini]
[2023.09.14-10.20.19:133][  0]LogConfig: Applying CVar settings from Section [ViewDistanceQuality@3] File [E:/Portfolio/Unreal/FPS_Game/Zombone/Saved/Config/Windows/Scalability.ini]
[2023.09.14-10.20.19:133][  0]LogConfig: Setting CVar [[r.SkeletalMeshLODBias:0]]
[2023.09.14-10.20.19:133][  0]LogConfig: Setting CVar [[r.ViewDistanceScale:1.0]]
[2023.09.14-10.20.19:133][  0]LogConfig: Applying CVar settings from Section [AntiAliasingQuality@3] File [E:/Portfolio/Unreal/FPS_Game/Zombone/Saved/Config/Windows/Scalability.ini]
[2023.09.14-10.20.19:133][  0]LogConfig: Setting CVar [[r.PostProcessAAQuality:4]]
[2023.09.14-10.20.19:133][  0]LogConfig: Applying CVar settings from Section [ShadowQuality@3] File [E:/Portfolio/Unreal/FPS_Game/Zombone/Saved/Config/Windows/Scalability.ini]
[2023.09.14-10.20.19:133][  0]LogConfig: Setting CVar [[r.LightFunctionQuality:1]]
[2023.09.14-10.20.19:133][  0]LogConfig: Setting CVar [[r.ShadowQuality:5]]
[2023.09.14-10.20.19:133][  0]LogConfig: Setting CVar [[r.Shadow.CSM.MaxCascades:10]]
[2023.09.14-10.20.19:133][  0]LogConfig: Setting CVar [[r.Shadow.MaxResolution:2048]]
[2023.09.14-10.20.19:133][  0]LogConfig: Setting CVar [[r.Shadow.MaxCSMResolution:2048]]
[2023.09.14-10.20.19:133][  0]LogConfig: Setting CVar [[r.Shadow.RadiusThreshold:0.01]]
[2023.09.14-10.20.19:133][  0]LogConfig: Setting CVar [[r.Shadow.DistanceScale:1.0]]
[2023.09.14-10.20.19:134][  0]LogConfig: Setting CVar [[r.Shadow.CSM.TransitionScale:1.0]]
[2023.09.14-10.20.19:134][  0]LogConfig: Setting CVar [[r.Shadow.PreShadowResolutionFactor:1.0]]
[2023.09.14-10.20.19:134][  0]LogConfig: Setting CVar [[r.DistanceFieldShadowing:1]]
[2023.09.14-10.20.19:134][  0]LogConfig: Setting CVar [[r.DistanceFieldAO:1]]
[2023.09.14-10.20.19:134][  0]LogConfig: Setting CVar [[r.AOQuality:2]]
[2023.09.14-10.20.19:134][  0]LogConfig: Setting CVar [[r.VolumetricFog:1]]
[2023.09.14-10.20.19:134][  0]LogConfig: Setting CVar [[r.VolumetricFog.GridPixelSize:8]]
[2023.09.14-10.20.19:134][  0]LogConfig: Setting CVar [[r.VolumetricFog.GridSizeZ:128]]
[2023.09.14-10.20.19:134][  0]LogConfig: Setting CVar [[r.VolumetricFog.HistoryMissSupersampleCount:4]]
[2023.09.14-10.20.19:134][  0]LogConfig: Setting CVar [[r.LightMaxDrawDistanceScale:1]]
[2023.09.14-10.20.19:134][  0]LogConfig: Setting CVar [[r.CapsuleShadows:1]]
[2023.09.14-10.20.19:134][  0]LogConfig: Applying CVar settings from Section [PostProcessQuality@3] File [E:/Portfolio/Unreal/FPS_Game/Zombone/Saved/Config/Windows/Scalability.ini]
[2023.09.14-10.20.19:134][  0]LogConfig: Setting CVar [[r.MotionBlurQuality:4]]
[2023.09.14-10.20.19:134][  0]LogConfig: Setting CVar [[r.AmbientOcclusionMipLevelFactor:0.4]]
[2023.09.14-10.20.19:134][  0]LogConfig: Setting CVar [[r.AmbientOcclusionMaxQuality:100]]
[2023.09.14-10.20.19:134][  0]LogConfig: Setting CVar [[r.AmbientOcclusionLevels:-1]]
[2023.09.14-10.20.19:134][  0]LogConfig: Setting CVar [[r.AmbientOcclusionRadiusScale:1.0]]
[2023.09.14-10.20.19:135][  0]LogConfig: Setting CVar [[r.DepthOfFieldQuality:2]]
[2023.09.14-10.20.19:135][  0]LogConfig: Setting CVar [[r.RenderTargetPoolMin:400]]
[2023.09.14-10.20.19:135][  0]LogConfig: Setting CVar [[r.LensFlareQuality:2]]
[2023.09.14-10.20.19:135][  0]LogConfig: Setting CVar [[r.SceneColorFringeQuality:1]]
[2023.09.14-10.20.19:135][  0]LogConfig: Setting CVar [[r.EyeAdaptationQuality:2]]
[2023.09.14-10.20.19:135][  0]LogConfig: Setting CVar [[r.BloomQuality:5]]
[2023.09.14-10.20.19:135][  0]LogConfig: Setting CVar [[r.FastBlurThreshold:100]]
[2023.09.14-10.20.19:135][  0]LogConfig: Setting CVar [[r.Upscale.Quality:3]]
[2023.09.14-10.20.19:135][  0]LogConfig: Setting CVar [[r.Tonemapper.GrainQuantization:1]]
[2023.09.14-10.20.19:135][  0]LogConfig: Setting CVar [[r.LightShaftQuality:1]]
[2023.09.14-10.20.19:135][  0]LogConfig: Setting CVar [[r.Filter.SizeScale:1]]
[2023.09.14-10.20.19:135][  0]LogConfig: Setting CVar [[r.Tonemapper.Quality:5]]
[2023.09.14-10.20.19:135][  0]LogConfig: Setting CVar [[r.DOF.Gather.AccumulatorQuality:1        ; higher gathering accumulator quality]]
[2023.09.14-10.20.19:135][  0]LogConfig: Setting CVar [[r.DOF.Gather.PostfilterMethod:1          ; Median3x3 postfilering method]]
[2023.09.14-10.20.19:135][  0]LogConfig: Setting CVar [[r.DOF.Gather.EnableBokehSettings:0       ; no bokeh simulation when gathering]]
[2023.09.14-10.20.19:135][  0]LogConfig: Setting CVar [[r.DOF.Gather.RingCount:4                 ; medium number of samples when gathering]]
[2023.09.14-10.20.19:135][  0]LogConfig: Setting CVar [[r.DOF.Scatter.ForegroundCompositing:1    ; additive foreground scattering]]
[2023.09.14-10.20.19:135][  0]LogConfig: Setting CVar [[r.DOF.Scatter.BackgroundCompositing:2    ; additive background scattering]]
[2023.09.14-10.20.19:135][  0]LogConfig: Setting CVar [[r.DOF.Scatter.EnableBokehSettings:1      ; bokeh simulation when scattering]]
[2023.09.14-10.20.19:136][  0]LogConfig: Setting CVar [[r.DOF.Scatter.MaxSpriteRatio:0.1         ; only a maximum of 10% of scattered bokeh]]
[2023.09.14-10.20.19:136][  0]LogConfig: Setting CVar [[r.DOF.Recombine.Quality:1                ; cheap slight out of focus]]
[2023.09.14-10.20.19:136][  0]LogConfig: Setting CVar [[r.DOF.Recombine.EnableBokehSettings:0    ; no bokeh simulation on slight out of focus]]
[2023.09.14-10.20.19:136][  0]LogConfig: Setting CVar [[r.DOF.TemporalAAQuality:1                ; more stable temporal accumulation]]
[2023.09.14-10.20.19:136][  0]LogConfig: Setting CVar [[r.DOF.Kernel.MaxForegroundRadius:0.025]]
[2023.09.14-10.20.19:136][  0]LogConfig: Setting CVar [[r.DOF.Kernel.MaxBackgroundRadius:0.025]]
[2023.09.14-10.20.19:136][  0]LogConfig: Applying CVar settings from Section [TextureQuality@3] File [E:/Portfolio/Unreal/FPS_Game/Zombone/Saved/Config/Windows/Scalability.ini]
[2023.09.14-10.20.19:136][  0]LogConfig: Setting CVar [[r.Streaming.MipBias:0]]
[2023.09.14-10.20.19:136][  0]LogConfig: Setting CVar [[r.Streaming.AmortizeCPUToGPUCopy:0]]
[2023.09.14-10.20.19:136][  0]LogConfig: Setting CVar [[r.Streaming.MaxNumTexturesToStreamPerFrame:0]]
[2023.09.14-10.20.19:136][  0]LogConfig: Setting CVar [[r.Streaming.Boost:1]]
[2023.09.14-10.20.19:136][  0]LogConfig: Setting CVar [[r.MaxAnisotropy:8]]
[2023.09.14-10.20.19:136][  0]LogConfig: Setting CVar [[r.VT.MaxAnisotropy:8]]
[2023.09.14-10.20.19:136][  0]LogConfig: Setting CVar [[r.Streaming.LimitPoolSizeToVRAM:0]]
[2023.09.14-10.20.19:136][  0]LogConfig: Setting CVar [[r.Streaming.PoolSize:1000]]
[2023.09.14-10.20.19:136][  0]LogConfig: Setting CVar [[r.Streaming.MaxEffectiveScreenSize:0]]
[2023.09.14-10.20.19:136][  0]LogConfig: Applying CVar settings from Section [EffectsQuality@3] File [E:/Portfolio/Unreal/FPS_Game/Zombone/Saved/Config/Windows/Scalability.ini]
[2023.09.14-10.20.19:136][  0]LogConfig: Setting CVar [[r.TranslucencyLightingVolumeDim:64]]
[2023.09.14-10.20.19:136][  0]LogConfig: Setting CVar [[r.RefractionQuality:2]]
[2023.09.14-10.20.19:137][  0]LogConfig: Setting CVar [[r.SSR.Quality:3]]
[2023.09.14-10.20.19:137][  0]LogConfig: Setting CVar [[r.SSR.HalfResSceneColor:0]]
[2023.09.14-10.20.19:137][  0]LogConfig: Setting CVar [[r.SceneColorFormat:4]]
[2023.09.14-10.20.19:137][  0]LogConfig: Setting CVar [[r.DetailMode:2]]
[2023.09.14-10.20.19:137][  0]LogConfig: Setting CVar [[r.TranslucencyVolumeBlur:1]]
[2023.09.14-10.20.19:137][  0]LogConfig: Setting CVar [[r.MaterialQualityLevel:1 ; High quality]]
[2023.09.14-10.20.19:137][  0]LogConfig: Setting CVar [[r.AnisotropicMaterials:1]]
[2023.09.14-10.20.19:137][  0]LogConfig: Setting CVar [[r.SSS.Scale:1]]
[2023.09.14-10.20.19:137][  0]LogConfig: Setting CVar [[r.SSS.SampleSet:2]]
[2023.09.14-10.20.19:137][  0]LogConfig: Setting CVar [[r.SSS.Quality:1]]
[2023.09.14-10.20.19:137][  0]LogConfig: Setting CVar [[r.SSS.HalfRes:0]]
[2023.09.14-10.20.19:137][  0]LogConfig: Setting CVar [[r.SSGI.Quality:3]]
[2023.09.14-10.20.19:137][  0]LogConfig: Setting CVar [[r.EmitterSpawnRateScale:1.0]]
[2023.09.14-10.20.19:137][  0]LogConfig: Setting CVar [[r.ParticleLightQuality:2]]
[2023.09.14-10.20.19:137][  0]LogConfig: Setting CVar [[r.SkyAtmosphere.AerialPerspectiveLUT.FastApplyOnOpaque:1 ; Always have FastSkyLUT 1 in this case to avoid wrong sky]]
[2023.09.14-10.20.19:137][  0]LogConfig: Setting CVar [[r.SkyAtmosphere.AerialPerspectiveLUT.SampleCountMaxPerSlice:4]]
[2023.09.14-10.20.19:137][  0]LogConfig: Setting CVar [[r.SkyAtmosphere.AerialPerspectiveLUT.DepthResolution:16.0]]
[2023.09.14-10.20.19:138][  0]LogConfig: Setting CVar [[r.SkyAtmosphere.FastSkyLUT:1]]
[2023.09.14-10.20.19:138][  0]LogConfig: Setting CVar [[r.SkyAtmosphere.FastSkyLUT.SampleCountMin:4.0]]
[2023.09.14-10.20.19:138][  0]LogConfig: Setting CVar [[r.SkyAtmosphere.FastSkyLUT.SampleCountMax:128.0]]
[2023.09.14-10.20.19:138][  0]LogConfig: Setting CVar [[r.SkyAtmosphere.SampleCountMin:4.0]]
[2023.09.14-10.20.19:138][  0]LogConfig: Setting CVar [[r.SkyAtmosphere.SampleCountMax:128.0]]
[2023.09.14-10.20.19:138][  0]LogConfig: Setting CVar [[r.SkyAtmosphere.TransmittanceLUT.UseSmallFormat:0]]
[2023.09.14-10.20.19:138][  0]LogConfig: Setting CVar [[r.SkyAtmosphere.TransmittanceLUT.SampleCount:10.0]]
[2023.09.14-10.20.19:138][  0]LogConfig: Setting CVar [[r.SkyAtmosphere.MultiScatteringLUT.SampleCount:15.0]]
[2023.09.14-10.20.19:138][  0]LogConfig: Setting CVar [[r.SkyLight.RealTimeReflectionCapture:1]]
[2023.09.14-10.20.19:138][  0]LogConfig: Applying CVar settings from Section [FoliageQuality@3] File [E:/Portfolio/Unreal/FPS_Game/Zombone/Saved/Config/Windows/Scalability.ini]
[2023.09.14-10.20.19:138][  0]LogConfig: Setting CVar [[foliage.DensityScale:1.0]]
[2023.09.14-10.20.19:138][  0]LogConfig: Setting CVar [[grass.DensityScale:1.0]]
[2023.09.14-10.20.19:138][  0]LogConfig: Applying CVar settings from Section [ShadingQuality@3] File [E:/Portfolio/Unreal/FPS_Game/Zombone/Saved/Config/Windows/Scalability.ini]
[2023.09.14-10.20.19:138][  0]LogConfig: Setting CVar [[r.HairStrands.SkyLighting.IntegrationType:2]]
[2023.09.14-10.20.19:138][  0]LogConfig: Setting CVar [[r.HairStrands.SkyAO.SampleCount:4]]
[2023.09.14-10.20.19:138][  0]LogConfig: Setting CVar [[r.HairStrands.Visibility.MSAA.SamplePerPixel:4]]
[2023.09.14-10.20.19:138][  0]LogInit: Selected Device Profile: [Windows]
[2023.09.14-10.20.19:139][  0]LogInit: Applying CVar settings loaded from the selected device profile: [Windows]
[2023.09.14-10.20.19:139][  0]LogHAL: Display: Platform has ~ 32 GB [34019524608 / 34359738368 / 32], which maps to Largest [LargestMinGB=32, LargerMinGB=12, DefaultMinGB=8, SmallerMinGB=6, SmallestMinGB=0)
[2023.09.14-10.20.19:139][  0]LogInit: Going up to parent DeviceProfile []
[2023.09.14-10.20.19:139][  0]LogConfig: Applying CVar settings from Section [ViewDistanceQuality@3] File [E:/Portfolio/Unreal/FPS_Game/Zombone/Saved/Config/Windows/Scalability.ini]
[2023.09.14-10.20.19:139][  0]LogConfig: Setting CVar [[r.SkeletalMeshLODBias:0]]
[2023.09.14-10.20.19:139][  0]LogConfig: Setting CVar [[r.ViewDistanceScale:1.0]]
[2023.09.14-10.20.19:139][  0]LogConfig: Applying CVar settings from Section [AntiAliasingQuality@3] File [E:/Portfolio/Unreal/FPS_Game/Zombone/Saved/Config/Windows/Scalability.ini]
[2023.09.14-10.20.19:139][  0]LogConfig: Setting CVar [[r.PostProcessAAQuality:4]]
[2023.09.14-10.20.19:139][  0]LogConfig: Applying CVar settings from Section [ShadowQuality@3] File [E:/Portfolio/Unreal/FPS_Game/Zombone/Saved/Config/Windows/Scalability.ini]
[2023.09.14-10.20.19:139][  0]LogConfig: Setting CVar [[r.LightFunctionQuality:1]]
[2023.09.14-10.20.19:139][  0]LogConfig: Setting CVar [[r.ShadowQuality:5]]
[2023.09.14-10.20.19:139][  0]LogConfig: Setting CVar [[r.Shadow.CSM.MaxCascades:10]]
[2023.09.14-10.20.19:139][  0]LogConfig: Setting CVar [[r.Shadow.MaxResolution:2048]]
[2023.09.14-10.20.19:139][  0]LogConfig: Setting CVar [[r.Shadow.MaxCSMResolution:2048]]
[2023.09.14-10.20.19:140][  0]LogConfig: Setting CVar [[r.Shadow.RadiusThreshold:0.01]]
[2023.09.14-10.20.19:140][  0]LogConfig: Setting CVar [[r.Shadow.DistanceScale:1.0]]
[2023.09.14-10.20.19:140][  0]LogConfig: Setting CVar [[r.Shadow.CSM.TransitionScale:1.0]]
[2023.09.14-10.20.19:140][  0]LogConfig: Setting CVar [[r.Shadow.PreShadowResolutionFactor:1.0]]
[2023.09.14-10.20.19:140][  0]LogConfig: Setting CVar [[r.DistanceFieldShadowing:1]]
[2023.09.14-10.20.19:140][  0]LogConfig: Setting CVar [[r.DistanceFieldAO:1]]
[2023.09.14-10.20.19:140][  0]LogConfig: Setting CVar [[r.AOQuality:2]]
[2023.09.14-10.20.19:140][  0]LogConfig: Setting CVar [[r.VolumetricFog:1]]
[2023.09.14-10.20.19:140][  0]LogConfig: Setting CVar [[r.VolumetricFog.GridPixelSize:8]]
[2023.09.14-10.20.19:140][  0]LogConfig: Setting CVar [[r.VolumetricFog.GridSizeZ:128]]
[2023.09.14-10.20.19:140][  0]LogConfig: Setting CVar [[r.VolumetricFog.HistoryMissSupersampleCount:4]]
[2023.09.14-10.20.19:140][  0]LogConfig: Setting CVar [[r.LightMaxDrawDistanceScale:1]]
[2023.09.14-10.20.19:140][  0]LogConfig: Setting CVar [[r.CapsuleShadows:1]]
[2023.09.14-10.20.19:140][  0]LogConfig: Applying CVar settings from Section [PostProcessQuality@3] File [E:/Portfolio/Unreal/FPS_Game/Zombone/Saved/Config/Windows/Scalability.ini]
[2023.09.14-10.20.19:140][  0]LogConfig: Setting CVar [[r.MotionBlurQuality:4]]
[2023.09.14-10.20.19:140][  0]LogConfig: Setting CVar [[r.AmbientOcclusionMipLevelFactor:0.4]]
[2023.09.14-10.20.19:140][  0]LogConfig: Setting CVar [[r.AmbientOcclusionMaxQuality:100]]
[2023.09.14-10.20.19:140][  0]LogConfig: Setting CVar [[r.AmbientOcclusionLevels:-1]]
[2023.09.14-10.20.19:141][  0]LogConfig: Setting CVar [[r.AmbientOcclusionRadiusScale:1.0]]
[2023.09.14-10.20.19:141][  0]LogConfig: Setting CVar [[r.DepthOfFieldQuality:2]]
[2023.09.14-10.20.19:141][  0]LogConfig: Setting CVar [[r.RenderTargetPoolMin:400]]
[2023.09.14-10.20.19:141][  0]LogConfig: Setting CVar [[r.LensFlareQuality:2]]
[2023.09.14-10.20.19:141][  0]LogConfig: Setting CVar [[r.SceneColorFringeQuality:1]]
[2023.09.14-10.20.19:141][  0]LogConfig: Setting CVar [[r.EyeAdaptationQuality:2]]
[2023.09.14-10.20.19:141][  0]LogConfig: Setting CVar [[r.BloomQuality:5]]
[2023.09.14-10.20.19:141][  0]LogConfig: Setting CVar [[r.FastBlurThreshold:100]]
[2023.09.14-10.20.19:141][  0]LogConfig: Setting CVar [[r.Upscale.Quality:3]]
[2023.09.14-10.20.19:141][  0]LogConfig: Setting CVar [[r.Tonemapper.GrainQuantization:1]]
[2023.09.14-10.20.19:141][  0]LogConfig: Setting CVar [[r.LightShaftQuality:1]]
[2023.09.14-10.20.19:141][  0]LogConfig: Setting CVar [[r.Filter.SizeScale:1]]
[2023.09.14-10.20.19:141][  0]LogConfig: Setting CVar [[r.Tonemapper.Quality:5]]
[2023.09.14-10.20.19:141][  0]LogConfig: Setting CVar [[r.DOF.Gather.AccumulatorQuality:1        ; higher gathering accumulator quality]]
[2023.09.14-10.20.19:141][  0]LogConfig: Setting CVar [[r.DOF.Gather.PostfilterMethod:1          ; Median3x3 postfilering method]]
[2023.09.14-10.20.19:141][  0]LogConfig: Setting CVar [[r.DOF.Gather.EnableBokehSettings:0       ; no bokeh simulation when gathering]]
[2023.09.14-10.20.19:141][  0]LogConfig: Setting CVar [[r.DOF.Gather.RingCount:4                 ; medium number of samples when gathering]]
[2023.09.14-10.20.19:141][  0]LogConfig: Setting CVar [[r.DOF.Scatter.ForegroundCompositing:1    ; additive foreground scattering]]
[2023.09.14-10.20.19:142][  0]LogConfig: Setting CVar [[r.DOF.Scatter.BackgroundCompositing:2    ; additive background scattering]]
[2023.09.14-10.20.19:142][  0]LogConfig: Setting CVar [[r.DOF.Scatter.EnableBokehSettings:1      ; bokeh simulation when scattering]]
[2023.09.14-10.20.19:142][  0]LogConfig: Setting CVar [[r.DOF.Scatter.MaxSpriteRatio:0.1         ; only a maximum of 10% of scattered bokeh]]
[2023.09.14-10.20.19:142][  0]LogConfig: Setting CVar [[r.DOF.Recombine.Quality:1                ; cheap slight out of focus]]
[2023.09.14-10.20.19:142][  0]LogConfig: Setting CVar [[r.DOF.Recombine.EnableBokehSettings:0    ; no bokeh simulation on slight out of focus]]
[2023.09.14-10.20.19:142][  0]LogConfig: Setting CVar [[r.DOF.TemporalAAQuality:1                ; more stable temporal accumulation]]
[2023.09.14-10.20.19:142][  0]LogConfig: Setting CVar [[r.DOF.Kernel.MaxForegroundRadius:0.025]]
[2023.09.14-10.20.19:142][  0]LogConfig: Setting CVar [[r.DOF.Kernel.MaxBackgroundRadius:0.025]]
[2023.09.14-10.20.19:142][  0]LogConfig: Applying CVar settings from Section [TextureQuality@3] File [E:/Portfolio/Unreal/FPS_Game/Zombone/Saved/Config/Windows/Scalability.ini]
[2023.09.14-10.20.19:142][  0]LogConfig: Setting CVar [[r.Streaming.MipBias:0]]
[2023.09.14-10.20.19:142][  0]LogConfig: Setting CVar [[r.Streaming.AmortizeCPUToGPUCopy:0]]
[2023.09.14-10.20.19:142][  0]LogConfig: Setting CVar [[r.Streaming.MaxNumTexturesToStreamPerFrame:0]]
[2023.09.14-10.20.19:142][  0]LogConfig: Setting CVar [[r.Streaming.Boost:1]]
[2023.09.14-10.20.19:142][  0]LogConfig: Setting CVar [[r.MaxAnisotropy:8]]
[2023.09.14-10.20.19:142][  0]LogConfig: Setting CVar [[r.VT.MaxAnisotropy:8]]
[2023.09.14-10.20.19:142][  0]LogConfig: Setting CVar [[r.Streaming.LimitPoolSizeToVRAM:0]]
[2023.09.14-10.20.19:143][  0]LogConfig: Setting CVar [[r.Streaming.PoolSize:1000]]
[2023.09.14-10.20.19:143][  0]LogConfig: Setting CVar [[r.Streaming.MaxEffectiveScreenSize:0]]
[2023.09.14-10.20.19:143][  0]LogConfig: Applying CVar settings from Section [EffectsQuality@3] File [E:/Portfolio/Unreal/FPS_Game/Zombone/Saved/Config/Windows/Scalability.ini]
[2023.09.14-10.20.19:143][  0]LogConfig: Setting CVar [[r.TranslucencyLightingVolumeDim:64]]
[2023.09.14-10.20.19:143][  0]LogConfig: Setting CVar [[r.RefractionQuality:2]]
[2023.09.14-10.20.19:143][  0]LogConfig: Setting CVar [[r.SSR.Quality:3]]
[2023.09.14-10.20.19:143][  0]LogConfig: Setting CVar [[r.SSR.HalfResSceneColor:0]]
[2023.09.14-10.20.19:143][  0]LogConfig: Setting CVar [[r.SceneColorFormat:4]]
[2023.09.14-10.20.19:143][  0]LogConfig: Setting CVar [[r.DetailMode:2]]
[2023.09.14-10.20.19:143][  0]LogConfig: Setting CVar [[r.TranslucencyVolumeBlur:1]]
[2023.09.14-10.20.19:143][  0]LogConfig: Setting CVar [[r.MaterialQualityLevel:1 ; High quality]]
[2023.09.14-10.20.19:143][  0]LogConfig: Setting CVar [[r.AnisotropicMaterials:1]]
[2023.09.14-10.20.19:143][  0]LogConfig: Setting CVar [[r.SSS.Scale:1]]
[2023.09.14-10.20.19:143][  0]LogConfig: Setting CVar [[r.SSS.SampleSet:2]]
[2023.09.14-10.20.19:143][  0]LogConfig: Setting CVar [[r.SSS.Quality:1]]
[2023.09.14-10.20.19:143][  0]LogConfig: Setting CVar [[r.SSS.HalfRes:0]]
[2023.09.14-10.20.19:143][  0]LogConfig: Setting CVar [[r.SSGI.Quality:3]]
[2023.09.14-10.20.19:144][  0]LogConfig: Setting CVar [[r.EmitterSpawnRateScale:1.0]]
[2023.09.14-10.20.19:144][  0]LogConfig: Setting CVar [[r.ParticleLightQuality:2]]
[2023.09.14-10.20.19:144][  0]LogConfig: Setting CVar [[r.SkyAtmosphere.AerialPerspectiveLUT.FastApplyOnOpaque:1 ; Always have FastSkyLUT 1 in this case to avoid wrong sky]]
[2023.09.14-10.20.19:144][  0]LogConfig: Setting CVar [[r.SkyAtmosphere.AerialPerspectiveLUT.SampleCountMaxPerSlice:4]]
[2023.09.14-10.20.19:144][  0]LogConfig: Setting CVar [[r.SkyAtmosphere.AerialPerspectiveLUT.DepthResolution:16.0]]
[2023.09.14-10.20.19:144][  0]LogConfig: Setting CVar [[r.SkyAtmosphere.FastSkyLUT:1]]
[2023.09.14-10.20.19:144][  0]LogConfig: Setting CVar [[r.SkyAtmosphere.FastSkyLUT.SampleCountMin:4.0]]
[2023.09.14-10.20.19:144][  0]LogConfig: Setting CVar [[r.SkyAtmosphere.FastSkyLUT.SampleCountMax:128.0]]
[2023.09.14-10.20.19:144][  0]LogConfig: Setting CVar [[r.SkyAtmosphere.SampleCountMin:4.0]]
[2023.09.14-10.20.19:144][  0]LogConfig: Setting CVar [[r.SkyAtmosphere.SampleCountMax:128.0]]
[2023.09.14-10.20.19:144][  0]LogConfig: Setting CVar [[r.SkyAtmosphere.TransmittanceLUT.UseSmallFormat:0]]
[2023.09.14-10.20.19:144][  0]LogConfig: Setting CVar [[r.SkyAtmosphere.TransmittanceLUT.SampleCount:10.0]]
[2023.09.14-10.20.19:144][  0]LogConfig: Setting CVar [[r.SkyAtmosphere.MultiScatteringLUT.SampleCount:15.0]]
[2023.09.14-10.20.19:144][  0]LogConfig: Setting CVar [[r.SkyLight.RealTimeReflectionCapture:1]]
[2023.09.14-10.20.19:144][  0]LogConfig: Applying CVar settings from Section [FoliageQuality@3] File [E:/Portfolio/Unreal/FPS_Game/Zombone/Saved/Config/Windows/Scalability.ini]
[2023.09.14-10.20.19:144][  0]LogConfig: Setting CVar [[foliage.DensityScale:1.0]]
[2023.09.14-10.20.19:145][  0]LogConfig: Setting CVar [[grass.DensityScale:1.0]]
[2023.09.14-10.20.19:145][  0]LogConfig: Applying CVar settings from Section [ShadingQuality@3] File [E:/Portfolio/Unreal/FPS_Game/Zombone/Saved/Config/Windows/Scalability.ini]
[2023.09.14-10.20.19:145][  0]LogConfig: Setting CVar [[r.HairStrands.SkyLighting.IntegrationType:2]]
[2023.09.14-10.20.19:145][  0]LogConfig: Setting CVar [[r.HairStrands.SkyAO.SampleCount:4]]
[2023.09.14-10.20.19:145][  0]LogConfig: Setting CVar [[r.HairStrands.Visibility.MSAA.SamplePerPixel:4]]
[2023.09.14-10.20.19:145][  0]LogConfig: Applying CVar settings from Section [Startup] File [../../../Engine/Config/ConsoleVariables.ini]
[2023.09.14-10.20.19:145][  0]LogConfig: Setting CVar [[net.UseAdaptiveNetUpdateFrequency:0]]
[2023.09.14-10.20.19:145][  0]LogConfig: Setting CVar [[p.chaos.AllowCreatePhysxBodies:1]]
[2023.09.14-10.20.19:145][  0]LogConfig: Setting CVar [[fx.SkipVectorVMBackendOptimizations:1]]
[2023.09.14-10.20.19:145][  0]LogConfig: Applying CVar settings from Section [ConsoleVariables] File [E:/Portfolio/Unreal/FPS_Game/Zombone/Saved/Config/Windows/Engine.ini]
[2023.09.14-10.20.19:145][  0]LogConfig: Applying CVar settings from Section [ConsoleVariables] File [E:/Portfolio/Unreal/FPS_Game/Zombone/Saved/Config/Windows/Editor.ini]
[2023.09.14-10.20.19:146][  0]LogInit: Computer: DESKTOP-J6VGNOD
[2023.09.14-10.20.19:146][  0]LogInit: User: timve
[2023.09.14-10.20.19:146][  0]LogInit: CPU Page size=4096, Cores=6
[2023.09.14-10.20.19:146][  0]LogInit: High frequency timer resolution =10.000000 MHz
[2023.09.14-10.20.19:146][  0]LogMemory: Memory total: Physical=31.7GB (32GB approx)
[2023.09.14-10.20.19:146][  0]LogMemory: Platform Memory Stats for Windows
[2023.09.14-10.20.19:146][  0]LogMemory: Process Physical Memory: 148.42 MB used, 152.47 MB peak
[2023.09.14-10.20.19:146][  0]LogMemory: Process Virtual Memory: 130.49 MB used, 130.49 MB peak
[2023.09.14-10.20.19:146][  0]LogMemory: Physical Memory: 13189.48 MB used,  19254.07 MB free, 32443.55 MB total
[2023.09.14-10.20.19:146][  0]LogMemory: Virtual Memory: 134199160.00 MB used,  18566.95 MB free, 134217728.00 MB total
[2023.09.14-10.20.19:154][  0]LogWindows: WindowsPlatformFeatures enabled
[2023.09.14-10.20.19:290][  0]LogInit: Physics initialised using underlying interface: PhysX
[2023.09.14-10.20.19:291][  0]LogInit: Using OS detected language (en-US).
[2023.09.14-10.20.19:291][  0]LogInit: Using OS detected locale (nl-BE).
[2023.09.14-10.20.19:295][  0]LogTextLocalizationManager: No specific localization for 'en-US' exists, so the 'en' localization will be used.
[2023.09.14-10.20.19:510][  0]LogInit: Setting process to per monitor DPI aware
[2023.09.14-10.20.19:530][  0]LogWindowsTextInputMethodSystem: Display: IME system deactivated.
[2023.09.14-10.20.19:549][  0]LogSlate: New Slate User Created.  User Index 0, Is Virtual User: 0
[2023.09.14-10.20.19:549][  0]LogSlate: Slate User Registered.  User Index 0, Is Virtual User: 0
[2023.09.14-10.20.19:648][  0]LogD3D11RHI: Loaded GFSDK_Aftermath_Lib.x64.dll
[2023.09.14-10.20.19:654][  0]LogHMD: Failed to initialize OpenVR with code 110
[2023.09.14-10.20.19:654][  0]LogD3D11RHI: D3D11 min allowed feature level: 11_0
[2023.09.14-10.20.19:654][  0]LogD3D11RHI: D3D11 max allowed feature level: 11_0
[2023.09.14-10.20.19:654][  0]LogD3D11RHI: D3D11 adapters:
[2023.09.14-10.20.19:795][  0]LogD3D11RHI:    0. 'NVIDIA GeForce GTX 1060 6GB' (Feature Level 11_0)
[2023.09.14-10.20.19:795][  0]LogD3D11RHI:       6043/0/16221 MB DedicatedVideo/DedicatedSystem/SharedSystem, Outputs:2, VendorId:0x10de
[2023.09.14-10.20.19:801][  0]LogD3D11RHI:    1. 'Microsoft Basic Render Driver' (Feature Level 11_0)
[2023.09.14-10.20.19:801][  0]LogD3D11RHI:       0/0/16221 MB DedicatedVideo/DedicatedSystem/SharedSystem, Outputs:0, VendorId:0x1414
[2023.09.14-10.20.19:801][  0]LogD3D11RHI: Chosen D3D11 Adapter:
[2023.09.14-10.20.19:801][  0]LogD3D11RHI:     Description : NVIDIA GeForce GTX 1060 6GB
[2023.09.14-10.20.19:801][  0]LogD3D11RHI:     VendorId    : 10de
[2023.09.14-10.20.19:801][  0]LogD3D11RHI:     DeviceId    : 1c03
[2023.09.14-10.20.19:801][  0]LogD3D11RHI:     SubSysId    : 32831462
[2023.09.14-10.20.19:801][  0]LogD3D11RHI:     Revision    : 00a1
[2023.09.14-10.20.19:801][  0]LogD3D11RHI:     DedicatedVideoMemory : 6336544768 bytes
[2023.09.14-10.20.19:801][  0]LogD3D11RHI:     DedicatedSystemMemory : 0 bytes
[2023.09.14-10.20.19:802][  0]LogD3D11RHI:     SharedSystemMemory : 17009762304 bytes
[2023.09.14-10.20.19:802][  0]LogD3D11RHI:     AdapterLuid : 0 93674
[2023.09.14-10.20.19:810][  0]LogD3D11RHI: Creating new Direct3DDevice
[2023.09.14-10.20.19:811][  0]LogD3D11RHI:     GPU DeviceId: 0x1c03 (for the marketing name, search the web for "GPU Device Id")
[2023.09.14-10.20.19:811][  0]LogWindows: EnumDisplayDevices:
[2023.09.14-10.20.19:811][  0]LogWindows:    0. 'NVIDIA GeForce GTX 1060 6GB' (P:1 D:1)
[2023.09.14-10.20.19:811][  0]LogWindows:    1. 'NVIDIA GeForce GTX 1060 6GB' (P:0 D:1)
[2023.09.14-10.20.19:812][  0]LogWindows:    2. 'NVIDIA GeForce GTX 1060 6GB' (P:0 D:0)
[2023.09.14-10.20.19:812][  0]LogWindows:    3. 'NVIDIA GeForce GTX 1060 6GB' (P:0 D:0)
[2023.09.14-10.20.19:813][  0]LogWindows: DebugString: FoundDriverCount:4 
[2023.09.14-10.20.19:813][  0]LogD3D11RHI:     Adapter Name: NVIDIA GeForce GTX 1060 6GB
[2023.09.14-10.20.19:813][  0]LogD3D11RHI:   Driver Version: 531.29 (internal:31.0.15.3129, unified:531.29)
[2023.09.14-10.20.19:813][  0]LogD3D11RHI:      Driver Date: 3-8-2023
[2023.09.14-10.20.19:813][  0]LogRHI: Texture pool is 4230 MB (70% of 6043 MB)
[2023.09.14-10.20.19:813][  0]LogD3D11RHI: Creating D3DDevice using adapter:
[2023.09.14-10.20.19:813][  0]LogD3D11RHI:     Description : NVIDIA GeForce GTX 1060 6GB
[2023.09.14-10.20.19:813][  0]LogD3D11RHI:     VendorId    : 10de
[2023.09.14-10.20.19:813][  0]LogD3D11RHI:     DeviceId    : 1c03
[2023.09.14-10.20.19:813][  0]LogD3D11RHI:     SubSysId    : 32831462
[2023.09.14-10.20.19:814][  0]LogD3D11RHI:     Revision    : 00a1
[2023.09.14-10.20.19:814][  0]LogD3D11RHI:     DedicatedVideoMemory : 6336544768 bytes
[2023.09.14-10.20.19:814][  0]LogD3D11RHI:     DedicatedSystemMemory : 0 bytes
[2023.09.14-10.20.19:814][  0]LogD3D11RHI:     SharedSystemMemory : 17009762304 bytes
[2023.09.14-10.20.19:814][  0]LogD3D11RHI:     AdapterLuid : 0 93674
[2023.09.14-10.20.19:915][  0]LogD3D11RHI: RHI has support for 64 bit atomics
[2023.09.14-10.20.19:915][  0]LogD3D11RHI: Async texture creation enabled
[2023.09.14-10.20.19:915][  0]LogD3D11RHI: Array index from any shader is supported
[2023.09.14-10.20.19:932][  0]LogD3D11RHI: GPU Timing Frequency: 1000.000000 (Debug: 2 1)
[2023.09.14-10.20.19:963][  0]LogRHI: GeForceNow SDK initialized: 1
[2023.09.14-10.20.20:241][  0]LogTargetPlatformManager: Display: Loaded TargetPlatform 'AllDesktop'
[2023.09.14-10.20.20:262][  0]LogTargetPlatformManager: Display: Loaded TargetPlatform 'Android'
[2023.09.14-10.20.20:263][  0]LogTargetPlatformManager: Display: Loaded TargetPlatform 'Android_ASTC'
[2023.09.14-10.20.20:263][  0]LogTargetPlatformManager: Display: Loaded TargetPlatform 'Android_DXT'
[2023.09.14-10.20.20:263][  0]LogTargetPlatformManager: Display: Loaded TargetPlatform 'Android_ETC2'
[2023.09.14-10.20.20:263][  0]LogTargetPlatformManager: Display: Loaded TargetPlatform 'AndroidClient'
[2023.09.14-10.20.20:263][  0]LogTargetPlatformManager: Display: Loaded TargetPlatform 'Android_ASTCClient'
[2023.09.14-10.20.20:263][  0]LogTargetPlatformManager: Display: Loaded TargetPlatform 'Android_DXTClient'
[2023.09.14-10.20.20:263][  0]LogTargetPlatformManager: Display: Loaded TargetPlatform 'Android_ETC2Client'
[2023.09.14-10.20.20:263][  0]LogTargetPlatformManager: Display: Loaded TargetPlatform 'Android_Multi'
[2023.09.14-10.20.20:263][  0]LogTargetPlatformManager: Display: Loaded TargetPlatform 'Android_MultiClient'
[2023.09.14-10.20.20:289][  0]LogTargetPlatformManager: Display: Loaded TargetPlatform 'IOSClient'
[2023.09.14-10.20.20:289][  0]LogTargetPlatformManager: Display: Loaded TargetPlatform 'IOS'
[2023.09.14-10.20.20:299][  0]LogTargetPlatformManager: Display: Loaded TargetPlatform 'Linux'
[2023.09.14-10.20.20:304][  0]LogTargetPlatformManager: Display: Loaded TargetPlatform 'LinuxNoEditor'
[2023.09.14-10.20.20:309][  0]LogTargetPlatformManager: Display: Loaded TargetPlatform 'LinuxClient'
[2023.09.14-10.20.20:314][  0]LogTargetPlatformManager: Display: Loaded TargetPlatform 'LinuxServer'
[2023.09.14-10.20.20:324][  0]LogTargetPlatformManager: Display: Loaded TargetPlatform 'LinuxAArch64NoEditor'
[2023.09.14-10.20.20:329][  0]LogTargetPlatformManager: Display: Loaded TargetPlatform 'LinuxAArch64Client'
[2023.09.14-10.20.20:335][  0]LogTargetPlatformManager: Display: Loaded TargetPlatform 'LinuxAArch64Server'
[2023.09.14-10.20.20:358][  0]LogTargetPlatformManager: Display: Loaded TargetPlatform 'Lumin'
[2023.09.14-10.20.20:358][  0]LogTargetPlatformManager: Display: Loaded TargetPlatform 'LuminClient'
[2023.09.14-10.20.20:367][  0]LogTargetPlatformManager: Display: Loaded TargetPlatform 'MacNoEditor'
[2023.09.14-10.20.20:373][  0]LogTargetPlatformManager: Display: Loaded TargetPlatform 'Mac'
[2023.09.14-10.20.20:378][  0]LogTargetPlatformManager: Display: Loaded TargetPlatform 'MacClient'
[2023.09.14-10.20.20:383][  0]LogTargetPlatformManager: Display: Loaded TargetPlatform 'MacServer'
[2023.09.14-10.20.20:393][  0]LogTargetPlatformManager: Display: Loaded TargetPlatform 'TVOSClient'
[2023.09.14-10.20.20:393][  0]LogTargetPlatformManager: Display: Loaded TargetPlatform 'TVOS'
[2023.09.14-10.20.20:403][  0]LogTargetPlatformManager: Display: Loaded TargetPlatform 'WindowsNoEditor'
[2023.09.14-10.20.20:409][  0]LogTargetPlatformManager: Display: Loaded TargetPlatform 'Windows'
[2023.09.14-10.20.20:414][  0]LogTargetPlatformManager: Display: Loaded TargetPlatform 'WindowsClient'
[2023.09.14-10.20.20:420][  0]LogTargetPlatformManager: Display: Loaded TargetPlatform 'WindowsServer'
[2023.09.14-10.20.20:420][  0]LogTargetPlatformManager: Display: Building Assets For Windows
[2023.09.14-10.20.20:434][  0]LogAudioDebug: Display: Lib vorbis DLL was dynamically loaded.
[2023.09.14-10.20.20:477][  0]LogTextureFormatOodle: Display: Oodle Texture 2.9.0 init RDO Off
[2023.09.14-10.20.20:526][  0]LogRendererCore: Ray tracing is disabled. Reason: r.RayTracing=0.
[2023.09.14-10.20.20:526][  0]LogShaderCompilers: Guid format shader working directory is 9 characters bigger than the processId version (E:/Portfolio/Unreal/FPS_Game/Zombone/Intermediate/Shaders/WorkingDirectory/22348/).
[2023.09.14-10.20.20:527][  0]LogShaderCompilers: Cleaned the shader compiler working directory 'C:/Users/timve/AppData/Local/Temp/UnrealShaderWorkingDir/11BC123546AE13EA894AB7AE72E3F3A8/'.
[2023.09.14-10.20.20:527][  0]LogXGEController: Cannot use XGE Controller as Incredibuild is not installed on this machine.
[2023.09.14-10.20.20:527][  0]LogShaderCompilers: Cannot use XGE Shader Compiler as Incredibuild is not installed on this machine.
[2023.09.14-10.20.20:527][  0]LogShaderCompilers: Display: Using Local Shader Compiler.
[2023.09.14-10.20.21:244][  0]LogDerivedDataCache: Display: Max Cache Size: 512 MB
[2023.09.14-10.20.21:316][  0]LogDerivedDataCache: Loaded boot cache 0.07s 99MB C:/Users/timve/AppData/Local/UnrealEngine/4.27/DerivedDataCache/Boot.ddc.
[2023.09.14-10.20.21:317][  0]LogDerivedDataCache: Display: Loaded Boot cache: C:/Users/timve/AppData/Local/UnrealEngine/4.27/DerivedDataCache/Boot.ddc
[2023.09.14-10.20.21:317][  0]LogDerivedDataCache: FDerivedDataBackendGraph:  Pak pak cache file E:/Portfolio/Unreal/FPS_Game/Zombone/DerivedDataCache/DDC.ddp not found, will not use a pak cache.
[2023.09.14-10.20.21:317][  0]LogDerivedDataCache: Unable to find inner node Pak for hierarchical cache Hierarchy.
[2023.09.14-10.20.21:317][  0]LogDerivedDataCache: FDerivedDataBackendGraph:  CompressedPak pak cache file E:/Portfolio/Unreal/FPS_Game/Zombone/DerivedDataCache/Compressed.ddp not found, will not use a pak cache.
[2023.09.14-10.20.21:317][  0]LogDerivedDataCache: Unable to find inner node CompressedPak for hierarchical cache Hierarchy.
[2023.09.14-10.20.21:333][  0]LogDerivedDataCache: Display: Pak cache opened for reading ../../../Engine/DerivedDataCache/Compressed.ddp.
[2023.09.14-10.20.21:333][  0]LogDerivedDataCache: FDerivedDataBackendGraph:  EnterprisePak pak cache file ../../../Enterprise/DerivedDataCache/Compressed.ddp not found, will not use a pak cache.
[2023.09.14-10.20.21:333][  0]LogDerivedDataCache: Unable to find inner node EnterprisePak for hierarchical cache Hierarchy.
[2023.09.14-10.20.21:339][  0]LogDerivedDataCache: Speed tests for C:/Users/timve/AppData/Local/UnrealEngine/Common/DerivedDataCache took 0.01 seconds
[2023.09.14-10.20.21:339][  0]LogDerivedDataCache: Display: Performance to C:/Users/timve/AppData/Local/UnrealEngine/Common/DerivedDataCache: Latency=0.03ms. RandomReadSpeed=1532.37MBs, RandomWriteSpeed=190.90MBs. Assigned SpeedClass 'Local'
[2023.09.14-10.20.21:342][  0]LogDerivedDataCache: Using Local data cache path C:/Users/timve/AppData/Local/UnrealEngine/Common/DerivedDataCache: Writable
[2023.09.14-10.20.21:343][  0]LogDerivedDataCache: Shared data cache path not found in *engine.ini, will not use an Shared cache.
[2023.09.14-10.20.21:343][  0]LogDerivedDataCache: Unable to find inner node Shared for hierarchical cache Hierarchy.
[2023.09.14-10.20.21:390][  0]LogSlate: Using FreeType 2.10.0
[2023.09.14-10.20.21:390][  0]LogSlate: SlateFontServices - WITH_FREETYPE: 1, WITH_HARFBUZZ: 1
[2023.09.14-10.20.21:418][  0]LogAssetRegistry: FAssetRegistry took 0.0048 seconds to start up
[2023.09.14-10.20.21:642][  0]LogInit: Selected Device Profile: [Windows]
[2023.09.14-10.20.21:643][  0]LogInit: Active device profile: [000002AA62660F00][000002AA6259D300 49] Windows
[2023.09.14-10.20.21:643][  0]LogInit: Profiles: [000002AA62660F00][000002AA6259D300 49] Windows, [000002AA6261A600][000002AA59C8F480 49] WindowsNoEditor, [000002AA62661F00][000002AA59E53600 49] WindowsServer, [000002AA62619700][000002AA6217D780 49] WindowsClient, [000002AA62661200][000002AA5EEDB900 49] IOS, [000002AA6261BC00][000002AA5EEDFA80 49] iPadAir, [000002AA62663300][000002AA62181C00 49] iPadAir2, [000002AA6357D300][000002AA62188340 49] IPadPro, [000002AA6357D400][000002AA62184380 49] iPadAir3, [000002AA62618B00][000002AA6218C500 49] iPadAir4, [000002AA6357E100][000002AA59E4E640 49] iPadMini2, [000002AA6261B600][000002AA620E4780 49] iPadMini3, [000002AA6357EC00][000002AA620EE8C0 49] iPadMini4, [000002AA6261A800][000002AA620F6A40 49] iPadMini5, [000002AA63584E00][000002AA56600D00 49] iPhone6, [000002AA63584F00][000002AA620FAD40 49] iPodTouch6, [000002AA62663700][000002AA56619000 49] iPhone7, [000002AA62662800][000002AA56609040 49] iPodTouch7, [000002AA6357D100][000002AA566211C0 49] iPhone5S, [000002AA62661100][000002AA56625340 49] iPhone6Plus, [000002AA6357EA00][000002AA5662F4C0 49] iPhone6S, [000002AA62661A00][000002AA56633640 49] iPhone6SPlus, [000002AA63584100][000002AA566377C0 49] iPhone7Plus, [000002AA6357DD00][000002AA5663B940 49] iPhoneSE, [000002AA63584C00][000002AA63891AC0 49] iPhone8, [000002AA6357C400][000002AA638940C0 49] iPhone8Plus, [000002AA63586A00][000002AA63898240 49] iPhoneX, [000002AA6357FC00][000002AA6389C3C0 49] iPhoneXS, [000002AA63586900][000002AA59C3E540 49] iPhoneXSMax, [000002AA6357CB00][000002AA59C486C0 49] iPhoneXR, [000002AA62663800][000002AA620F2800 49] iPhone11, [000002AA6357FD00][000002AA59C4C940 49] iPhone11Pro, [000002AA62661B00][000002AA59C50A80 49] iPhone11ProMax, [000002AA6357D500][000002AA59C54BC0 49] iPhoneSE2, [000002AA62661E00][000002AA59C70D40 49] iPhone12Mini, [000002AA6357F100][000002AA6240CEC0 49] iPhone12, [000002AA62663400][000002AA638B3040 49] iPhone12Pro, [000002AA6357CD00][000002AA638B71C0 49] iPhone12ProMax, [000002AA62663C00][000002AA638FD340 49] iPadPro105, [000002AA6357F700][000002AA639014C0 49] iPadPro129, [000002AA62662A00][000002AA63905640 49] iPadPro97, [000002AA6357C900][000002AA639097C0 49] iPadPro2_129, [000002AA62660800][000002AA6394F940 49] iPad5, [000002AA6357D000][000002AA63953AC0 49] iPad6, [000002AA62660400][000002AA639560C0 49] iPad7, [000002AA6357EB00][000002AA6395A240 49] iPad8, [000002AA62663500][000002AA639963C0 49] iPadPro11, [000002AA6357D800][000002AA6399A540 49] iPadPro2_11, [000002AA62660900][000002AA6399E6C0 49] iPadPro3_129, [000002AA6357E800][000002AA639A2840 49] iPadPro4_129, [000002AA62662E00][000002AA59C6C980 49] AppleTV, [000002AA6357FE00][000002AA639A6AC0 49] AppleTV4K, [000002AA62660500][000002AA62598C00 49] TVOS, [000002AA6357D700][000002AA639AAD40 49] Mac, [000002AA62662300][000002AA622A6EC0 49] MacClient, [000002AA6357C800][000002AA622AB040 49] MacNoEditor, [000002AA62661000][000002AA622AF1C0 49] MacServer, [000002AA6357C500][000002AA5EEBD340 49] Linux, [000002AA62662B00][000002AA5EEC14C0 49] LinuxAArch64, [000002AA6357D600][000002AA5EEC5640 49] LinuxNoEditor, [000002AA62662100][000002AA5EEC97C0 49] LinuxAArch64NoEditor, [000002AA6357F900][000002AA5EECD940 49] LinuxClient, [000002AA62662600][000002AA5EED1AC0 49] LinuxAArch64Client, [000002AA6357E300][000002AA620E00C0 49] LinuxServer, [000002AA62660700][000002AA620DC240 49] LinuxAArch64Server, [000002AA6357DA00][000002AA620D23C0 49] Android, [000002AA62662200][000002AA620CE540 49] Android_Low, [000002AA6357DC00][000002AA620CA6C0 49] Android_Mid, [000002AA62661300][000002AA620C0840 49] Android_High, [000002AA6357CE00][000002AA625949C0 49] Android_Default, [000002AA62663600][000002AA5661CB40 49] Android_Adreno4xx, [000002AA6357CF00][000002AA622A2C80 49] Android_Adreno5xx_Low, [000002AA62663B00][000002AA5EED4DC0 49] Android_Adreno5xx, [000002AA6357FA00][000002AA6212AF00 49] Android_Adreno6xx, [000002AA62660B00][000002AA62133080 49] Android_Adreno6xx_Vulkan, [000002AA6357D900][000002AA62137200 49] Android_Mali_T6xx, [000002AA62660A00][000002AA6213B380 49] Android_Mali_T7xx, [000002AA62619600][000002AA6213F500 49] Android_Mali_T8xx, [000002AA63584500][000002AA62143680 49] Android_Mali_G71, [000002AA62618600][000002AA62147800 49] Android_Mali_G72, [000002AA63584300][000002AA6214B980 49] Android_Mali_G72_Vulkan, [000002AA6261B500][000002AA6214FB00 49] Android_Mali_G76, [000002AA63585000][000002AA5EE44100 49] Android_Mali_G76_Vulkan, [000002AA6261A200][000002AA5EE48280 49] Android_Mali_G77, [000002AA63586F00][000002AA5EE4C400 49] Android_Mali_G77_Vulkan, [000002AA62618E00][000002AA5EE50580 49] Android_Mali_G78, [000002AA63587100][000002AA5EE54700 49] Android_Mali_G78_Vulkan, [000002AA62618800][000002AA5EE58880 49] Android_Mali_G710, [000002AA63586C00][000002AA5EE5CA00 49] Android_Mali_G710_Vulkan, [000002AA6261B800][000002AA5EE60B80 49] Android_Vulkan_SM5, [000002AA63587500][000002AA5EE64D00 49] Android_PowerVR_G6xxx, [000002AA62619B00][000002AA6212EE40 49] Android_PowerVR_GT7xxx, [000002AA63585D00][000002AA5EE68F80 49] Android_PowerVR_GE8xxx, [000002AA6261AF00][000002AA5EE6D0C0 49] Android_PowerVR_GM9xxx, [000002AA63584800][000002AA5EE75240 49] Android_PowerVR_GM9xxx_Vulkan, [000002AA6261B300][000002AA5EE793C0 49] Android_TegraK1, [000002AA63585200][000002AA5EE7D540 49] Android_Unknown_Vulkan, [000002AA6261A500][000002AA5EE816C0 49] Lumin, [000002AA63587700][000002AA5EE85840 49] Lumin_Desktop, [000002AA6261AA00][000002AA5EE899C0 49] HoloLens, 
[2023.09.14-10.20.21:797][  0]LogMeshReduction: Using QuadricMeshReduction for automatic static mesh reduction
[2023.09.14-10.20.21:797][  0]LogMeshReduction: Using SimplygonMeshReduction for automatic skeletal mesh reduction
[2023.09.14-10.20.21:797][  0]LogMeshReduction: Using ProxyLODMeshReduction for automatic mesh merging
[2023.09.14-10.20.21:797][  0]LogMeshReduction: No distributed automatic mesh merging module available
[2023.09.14-10.20.21:797][  0]LogMeshMerging: No distributed automatic mesh merging module available
[2023.09.14-10.20.21:814][  0]LogNetVersion: Zombone 1.0.0, NetCL: 17155196, EngineNetVer: 17, GameNetVer: 0 (Checksum: 1748673324)
