Log file open, 10/08/22 16:30:12
LogWindows: Failed to load 'aqProf.dll' (GetLastError=126)
LogWindows: File 'aqProf.dll' does not exist
LogWindows: Failed to load 'VtuneApi.dll' (GetLastError=126)
LogWindows: File 'VtuneApi.dll' does not exist
LogWindows: Failed to load 'VtuneApi32e.dll' (GetLastError=126)
LogWindows: File 'VtuneApi32e.dll' does not exist
LogConsoleResponse: Display: Failed to find resolution value strings in scalability ini. Falling back to default.
LogConsoleResponse: Display: Failed to find resolution value strings in scalability ini. Falling back to default.
LogInit: Display: Running engine for game: Zombone
LogPlatformFile: Not using cached read wrapper
LogTaskGraph: Started task graph with 5 named threads and 35 total threads with 3 sets of task threads.
LogStats: Stats thread started at 0.355349
LogICUInternationalization: ICU TimeZone Detection - Raw Offset: +1:00, Platform Override: ''
LogInit: Display: Loading text-based GConfig....
LogPluginManager: Mounting plugin MeshPainting
LogPluginManager: Mounting plugin XGEController
LogPluginManager: Mounting plugin Paper2D
LogPluginManager: Mounting plugin AISupport
LogPluginManager: Mounting plugin EnvironmentQueryEditor
LogPluginManager: Mounting plugin LiveLink
LogPluginManager: Mounting plugin LightPropagationVolume
LogPluginManager: Mounting plugin GameplayCameras
LogPluginManager: Mounting plugin CameraShakePreviewer
LogPluginManager: Mounting plugin OodleData
LogPluginManager: Mounting plugin AnimationSharing
LogPluginManager: Mounting plugin CodeLiteSourceCodeAccess
LogPluginManager: Mounting plugin CLionSourceCodeAccess
LogPluginManager: Mounting plugin AssetManagerEditor
LogPluginManager: Mounting plugin OodleNetwork
LogPluginManager: Mounting plugin GitSourceControl
LogPluginManager: Mounting plugin KDevelopSourceCodeAccess
LogPluginManager: Mounting plugin CryptoKeys
LogPluginManager: Mounting plugin CurveEditorTools
LogPluginManager: Mounting plugin DataValidation
LogPluginManager: Mounting plugin NullSourceCodeAccess
LogPluginManager: Mounting plugin FacialAnimation
LogPluginManager: Mounting plugin GeometryMode
LogPluginManager: Mounting plugin MacGraphicsSwitching
LogPluginManager: Mounting plugin GameplayTagsEditor
LogPluginManager: Mounting plugin PerforceSourceControl
LogPluginManager: Mounting plugin MaterialAnalyzer
LogPluginManager: Mounting plugin PlasticSourceControl
LogPluginManager: Mounting plugin PluginBrowser
LogPluginManager: Mounting plugin PluginUtils
LogPluginManager: Mounting plugin MobileLauncherProfileWizard
LogPluginManager: Mounting plugin PropertyAccessNode
LogPluginManager: Mounting plugin PixWinPlugin
LogPluginManager: Mounting plugin RiderSourceCodeAccess
LogPluginManager: Mounting plugin SubversionSourceControl
LogPluginManager: Mounting plugin TextureFormatOodle
LogPluginManager: Mounting plugin SpeedTreeImporter
LogPluginManager: Mounting plugin UObjectPlugin
LogPluginManager: Mounting plugin VisualStudioSourceCodeAccess
LogPluginManager: Mounting plugin VisualStudioCodeSourceCodeAccess
LogPluginManager: Mounting plugin XCodeSourceCodeAccess
LogPluginManager: Mounting plugin AlembicImporter
LogPluginManager: Mounting plugin AutomationUtils
LogPluginManager: Mounting plugin BackChannel
LogPluginManager: Mounting plugin ChaosEditor
LogPluginManager: Mounting plugin ChaosCloth
LogPluginManager: Mounting plugin ChaosSolverPlugin
LogPluginManager: Mounting plugin CharacterAI
LogPluginManager: Mounting plugin ChaosClothEditor
LogPluginManager: Mounting plugin ChaosNiagara
LogPluginManager: Mounting plugin GeometryCache
LogPluginManager: Mounting plugin GeometryCollectionPlugin
LogPluginManager: Mounting plugin GeometryProcessing
LogPluginManager: Mounting plugin OpenImageDenoise
LogPluginManager: Mounting plugin MotoSynth
LogPluginManager: Mounting plugin PlatformCrypto
LogPluginManager: Mounting plugin PlanarCut
LogPluginManager: Mounting plugin ProxyLODPlugin
LogPluginManager: Mounting plugin PythonScriptPlugin
LogPluginManager: Mounting plugin DatasmithContent
LogPluginManager: Mounting plugin SkeletalReduction
LogPluginManager: Mounting plugin LuminPlatformFeatures
LogPluginManager: Mounting plugin VariantManagerContent
LogPluginManager: Mounting plugin MagicLeap
LogPluginManager: Mounting plugin AndroidMedia
LogPluginManager: Mounting plugin AvfMedia
LogPluginManager: Mounting plugin ImgMedia
LogPluginManager: Mounting plugin MediaCompositing
LogPluginManager: Mounting plugin ActorSequence
LogPluginManager: Mounting plugin LevelSequenceEditor
LogPluginManager: Mounting plugin MatineeToLevelSequence
LogPluginManager: Mounting plugin TcpMessaging
LogPluginManager: Mounting plugin TemplateSequence
LogPluginManager: Mounting plugin UdpMessaging
LogPluginManager: Mounting plugin MagicLeapLightEstimation
LogPluginManager: Mounting plugin MagicLeapMedia
LogPluginManager: Mounting plugin MagicLeapPassableWorld
LogPluginManager: Mounting plugin MLSDK
LogPluginManager: Mounting plugin Niagara
LogPluginManager: Mounting plugin OnlineSubsystem
LogPluginManager: Mounting plugin OnlineSubsystemNull
LogPluginManager: Mounting plugin OnlineSubsystemUtils
LogPluginManager: Mounting plugin ActorLayerUtilities
LogPluginManager: Mounting plugin AndroidDeviceProfileSelector
LogPluginManager: Mounting plugin AndroidMoviePlayer
LogPluginManager: Mounting plugin AndroidPermission
LogPluginManager: Mounting plugin AppleImageUtils
LogPluginManager: Mounting plugin AppleMoviePlayer
LogPluginManager: Mounting plugin AssetTags
LogPluginManager: Mounting plugin ArchVisCharacter
LogPluginManager: Mounting plugin AudioCapture
LogPluginManager: Mounting plugin ChunkDownloader
LogPluginManager: Mounting plugin CableComponent
LogPluginManager: Mounting plugin CustomMeshComponent
LogPluginManager: Mounting plugin AudioSynesthesia
LogPluginManager: Mounting plugin ExampleDeviceProfileSelector
LogPluginManager: Mounting plugin EditableMesh
LogPluginManager: Mounting plugin GoogleCloudMessaging
LogPluginManager: Mounting plugin GooglePAD
LogPluginManager: Mounting plugin IOSDeviceProfileSelector
LogPluginManager: Mounting plugin LinuxDeviceProfileSelector
LogPluginManager: Mounting plugin LocationServicesBPLibrary
LogPluginManager: Mounting plugin MobilePatchingUtils
LogPluginManager: Mounting plugin OpenXR
LogPluginManager: Mounting plugin OpenXREyeTracker
LogPluginManager: Mounting plugin OpenXRHandTracking
LogPluginManager: Mounting plugin ScreenshotTools
LogPluginManager: Mounting plugin LauncherChunkInstaller
LogPluginManager: Mounting plugin PhysXVehicles
LogPluginManager: Mounting plugin PostSplashScreen
LogPluginManager: Mounting plugin ProceduralMeshComponent
LogPluginManager: Mounting plugin PropertyAccessEditor
LogPluginManager: Mounting plugin RuntimePhysXCooking
LogPluginManager: Mounting plugin SoundFields
LogPluginManager: Mounting plugin SignificanceManager
LogPluginManager: Mounting plugin Synthesis
LogPluginManager: Mounting plugin WebMMoviePlayer
LogPluginManager: Mounting plugin WindowsMoviePlayer
LogPluginManager: Mounting plugin Takes
LogPluginManager: Mounting plugin MediaPlayerEditor
LogPluginManager: Mounting plugin WebMMedia
LogPluginManager: Mounting plugin WmfMedia
LogPluginManager: Mounting plugin ContentBrowserAssetDataSource
LogPluginManager: Mounting plugin ContentBrowserFileDataSource
LogPluginManager: Mounting plugin ContentBrowserClassDataSource
LogPluginManager: Mounting plugin OnlineSubsystemGooglePlay
LogPluginManager: Mounting plugin OnlineSubsystemIOS
LogPluginManager: Mounting plugin OculusVR
LogPluginManager: Mounting plugin SteamVR
PixWinPlugin: PIX capture plugin failed to initialize! Check that the process is launched from PIX.
LogInit: Using libcurl 7.55.1-DEV
LogInit:  - built for x86_64-pc-win32
LogInit:  - supports SSL with OpenSSL/1.1.1
LogInit:  - supports HTTP deflate (compression) using libz 1.2.8
LogInit:  - other features:
LogInit:      CURL_VERSION_SSL
LogInit:      CURL_VERSION_LIBZ
LogInit:      CURL_VERSION_IPV6
LogInit:      CURL_VERSION_ASYNCHDNS
LogInit:      CURL_VERSION_LARGEFILE
LogInit:      CURL_VERSION_IDN
LogInit:  CurlRequestOptions (configurable via config and command line):
LogInit:  - bVerifyPeer = true  - Libcurl will verify peer certificate
LogInit:  - bUseHttpProxy = false  - Libcurl will NOT use HTTP proxy
LogInit:  - bDontReuseConnections = false  - Libcurl will reuse connections
LogInit:  - MaxHostConnections = 16  - Libcurl will limit the number of connections to a host
LogInit:  - LocalHostAddr = Default
LogInit:  - BufferSize = 65536
LogOnline: OSS: Creating online subsystem instance for: NULL
LogInit: WinSock: version 1.1 (2.2), MaxSocks=32767, MaxUdp=65467
LogOnline: OSS: TryLoadSubsystemAndSetDefault: Loaded subsystem for module [NULL]
LogOculusPluginWrapper: OculusPlugin initialized successfully
LogHMD: Failed initializing OVRPlugin 1.59.0
LogInit: Build: ++UE4+Release-4.27-CL-18319896
LogInit: Engine Version: 4.27.2-18319896+++UE4+Release-4.27
LogInit: Compatible Engine Version: 4.27.0-17155196+++UE4+Release-4.27
LogInit: Net CL: 17155196
LogInit: OS: Windows 10 (Release 2009) (), CPU: Intel(R) Core(TM) i7-7800X CPU @ 3.50GHz, GPU: NVIDIA GeForce GTX 1060 6GB
LogInit: Compiled (64-bit): Nov 30 2021 07:12:08
LogInit: Compiled with Visual C++: 19.24.28315.00
LogInit: Build Configuration: Development
LogInit: Branch Name: ++UE4+Release-4.27
LogInit: Command Line:  -skipcompile
LogInit: Base Directory: D:/Epic Games/UE_4.27/Engine/Binaries/Win64/
LogInit: Allocator: TBB
LogInit: Installed Engine Build: 1
LogDevObjectVersion: Number of dev versions registered: 29
LogDevObjectVersion:   Dev-Blueprints (B0D832E4-1F89-4F0D-ACCF-7EB736FD4AA2): 10
LogDevObjectVersion:   Dev-Build (E1C64328-A22C-4D53-A36C-8E866417BD8C): 0
LogDevObjectVersion:   Dev-Core (375EC13C-06E4-48FB-B500-84F0262A717E): 4
LogDevObjectVersion:   Dev-Editor (E4B068ED-F494-42E9-A231-DA0B2E46BB41): 40
LogDevObjectVersion:   Dev-Framework (CFFC743F-43B0-4480-9391-14DF171D2073): 37
LogDevObjectVersion:   Dev-Mobile (B02B49B5-BB20-44E9-A304-32B752E40360): 3
LogDevObjectVersion:   Dev-Networking (A4E4105C-59A1-49B5-A7C5-40C4547EDFEE): 0
LogDevObjectVersion:   Dev-Online (39C831C9-5AE6-47DC-9A44-9C173E1C8E7C): 0
LogDevObjectVersion:   Dev-Physics (78F01B33-EBEA-4F98-B9B4-84EACCB95AA2): 14
LogDevObjectVersion:   Dev-Platform (6631380F-2D4D-43E0-8009-CF276956A95A): 0
LogDevObjectVersion:   Dev-Rendering (12F88B9F-8875-4AFC-A67C-D90C383ABD29): 45
LogDevObjectVersion:   Dev-Sequencer (7B5AE74C-D270-4C10-A958-57980B212A5A): 13
LogDevObjectVersion:   Dev-VR (D7296918-1DD6-4BDD-9DE2-64A83CC13884): 3
LogDevObjectVersion:   Dev-LoadTimes (C2A15278-BFE7-4AFE-6C17-90FF531DF755): 1
LogDevObjectVersion:   Private-Geometry (6EACA3D4-40EC-4CC1-B786-8BED09428FC5): 3
LogDevObjectVersion:   Dev-AnimPhys (29E575DD-E0A3-4627-9D10-D276232CDCEA): 17
LogDevObjectVersion:   Dev-Anim (AF43A65D-7FD3-4947-9873-3E8ED9C1BB05): 15
LogDevObjectVersion:   Dev-ReflectionCapture (6B266CEC-1EC7-4B8F-A30B-E4D90942FC07): 1
LogDevObjectVersion:   Dev-Automation (0DF73D61-A23F-47EA-B727-89E90C41499A): 1
LogDevObjectVersion:   FortniteMain (601D1886-AC64-4F84-AA16-D3DE0DEAC7D6): 47
LogDevObjectVersion:   FortniteRelease (E7086368-6B23-4C58-8439-1B7016265E91): 1
LogDevObjectVersion:   Dev-Enterprise (9DFFBCD6-494F-0158-E221-12823C92A888): 10
LogDevObjectVersion:   Dev-Niagara (F2AED0AC-9AFE-416F-8664-AA7FFA26D6FC): 1
LogDevObjectVersion:   Dev-Destruction (174F1F0B-B4C6-45A5-B13F-2EE8D0FB917D): 10
LogDevObjectVersion:   Dev-Physics-Ext (35F94A83-E258-406C-A318-09F59610247C): 41
LogDevObjectVersion:   Dev-PhysicsMaterial-Chaos (B68FC16E-8B1B-42E2-B453-215C058844FE): 1
LogDevObjectVersion:   Dev-CineCamera (B2E18506-4273-CFC2-A54E-F4BB758BBA07): 1
LogDevObjectVersion:   Dev-VirtualProduction (64F58936-FD1B-42BA-BA96-7289D5D0FA4E): 1
LogDevObjectVersion:   Dev-MediaFramework (6F0ED827-A609-4895-9C91-998D90180EA4): 2
LogInit: Presizing for max 25165824 objects, including 0 objects not considered by GC, pre-allocating 0 bytes for permanent pool.
LogConfig: Applying CVar settings from Section [/Script/Engine.StreamingSettings] File [D:/Portfolio/Unreal/FPS_Game/Zombone/Saved/Config/Windows/Engine.ini]
LogConfig: Setting CVar [[s.MinBulkDataSizeForAsyncLoading:131072]]
LogConfig: Setting CVar [[s.AsyncLoadingThreadEnabled:0]]
LogConfig: Setting CVar [[s.EventDrivenLoaderEnabled:1]]
LogConfig: Setting CVar [[s.WarnIfTimeLimitExceeded:0]]
LogConfig: Setting CVar [[s.TimeLimitExceededMultiplier:1.5]]
LogConfig: Setting CVar [[s.TimeLimitExceededMinTime:0.005]]
LogConfig: Setting CVar [[s.UseBackgroundLevelStreaming:1]]
LogConfig: Setting CVar [[s.PriorityAsyncLoadingExtraTime:15.0]]
LogConfig: Setting CVar [[s.LevelStreamingActorsUpdateTimeLimit:5.0]]
LogConfig: Setting CVar [[s.PriorityLevelStreamingActorsUpdateExtraTime:5.0]]
LogConfig: Setting CVar [[s.LevelStreamingComponentsRegistrationGranularity:10]]
LogConfig: Setting CVar [[s.UnregisterComponentsTimeLimit:1.0]]
LogConfig: Setting CVar [[s.LevelStreamingComponentsUnregistrationGranularity:5]]
LogConfig: Setting CVar [[s.FlushStreamingOnExit:1]]
LogInit: Object subsystem initialized
LogConfig: Setting CVar [[con.DebugEarlyDefault:1]]
LogConfig: Setting CVar [[r.setres:1280x720]]
[2022.10.08-14.30.13:302][  0]LogConfig: Setting CVar [[r.VSync:0]]
[2022.10.08-14.30.13:302][  0]LogConfig: Setting CVar [[r.RHICmdBypass:0]]
[2022.10.08-14.30.13:302][  0]LogConfig: Applying CVar settings from Section [/Script/Engine.RendererSettings] File [D:/Portfolio/Unreal/FPS_Game/Zombone/Saved/Config/Windows/Engine.ini]
[2022.10.08-14.30.13:302][  0]LogConfig: Setting CVar [[r.GPUCrashDebugging:0]]
[2022.10.08-14.30.13:302][  0]LogConfig: Applying CVar settings from Section [/Script/Engine.RendererOverrideSettings] File [D:/Portfolio/Unreal/FPS_Game/Zombone/Saved/Config/Windows/Engine.ini]
[2022.10.08-14.30.13:303][  0]LogConfig: Applying CVar settings from Section [/Script/Engine.StreamingSettings] File [D:/Portfolio/Unreal/FPS_Game/Zombone/Saved/Config/Windows/Engine.ini]
[2022.10.08-14.30.13:303][  0]LogConfig: Setting CVar [[s.MinBulkDataSizeForAsyncLoading:131072]]
[2022.10.08-14.30.13:303][  0]LogConfig: Setting CVar [[s.AsyncLoadingThreadEnabled:0]]
[2022.10.08-14.30.13:303][  0]LogConfig: Setting CVar [[s.EventDrivenLoaderEnabled:1]]
[2022.10.08-14.30.13:303][  0]LogConfig: Setting CVar [[s.WarnIfTimeLimitExceeded:0]]
[2022.10.08-14.30.13:303][  0]LogConfig: Setting CVar [[s.TimeLimitExceededMultiplier:1.5]]
[2022.10.08-14.30.13:303][  0]LogConfig: Setting CVar [[s.TimeLimitExceededMinTime:0.005]]
[2022.10.08-14.30.13:303][  0]LogConfig: Setting CVar [[s.UseBackgroundLevelStreaming:1]]
[2022.10.08-14.30.13:303][  0]LogConfig: Setting CVar [[s.PriorityAsyncLoadingExtraTime:15.0]]
[2022.10.08-14.30.13:303][  0]LogConfig: Setting CVar [[s.LevelStreamingActorsUpdateTimeLimit:5.0]]
[2022.10.08-14.30.13:303][  0]LogConfig: Setting CVar [[s.PriorityLevelStreamingActorsUpdateExtraTime:5.0]]
[2022.10.08-14.30.13:303][  0]LogConfig: Setting CVar [[s.LevelStreamingComponentsRegistrationGranularity:10]]
[2022.10.08-14.30.13:303][  0]LogConfig: Setting CVar [[s.UnregisterComponentsTimeLimit:1.0]]
[2022.10.08-14.30.13:303][  0]LogConfig: Setting CVar [[s.LevelStreamingComponentsUnregistrationGranularity:5]]
[2022.10.08-14.30.13:303][  0]LogConfig: Setting CVar [[s.FlushStreamingOnExit:1]]
[2022.10.08-14.30.13:303][  0]LogConfig: Applying CVar settings from Section [/Script/Engine.GarbageCollectionSettings] File [D:/Portfolio/Unreal/FPS_Game/Zombone/Saved/Config/Windows/Engine.ini]
[2022.10.08-14.30.13:303][  0]LogConfig: Setting CVar [[gc.MaxObjectsNotConsideredByGC:1]]
[2022.10.08-14.30.13:303][  0]LogConfig: Setting CVar [[gc.SizeOfPermanentObjectPool:0]]
[2022.10.08-14.30.13:303][  0]LogConfig: Setting CVar [[gc.FlushStreamingOnGC:0]]
[2022.10.08-14.30.13:303][  0]LogConfig: Setting CVar [[gc.NumRetriesBeforeForcingGC:10]]
[2022.10.08-14.30.13:304][  0]LogConfig: Setting CVar [[gc.AllowParallelGC:1]]
[2022.10.08-14.30.13:304][  0]LogConfig: Setting CVar [[gc.TimeBetweenPurgingPendingKillObjects:61.1]]
[2022.10.08-14.30.13:304][  0]LogConfig: Setting CVar [[gc.MaxObjectsInEditor:25165824]]
[2022.10.08-14.30.13:304][  0]LogConfig: Setting CVar [[gc.IncrementalBeginDestroyEnabled:1]]
[2022.10.08-14.30.13:304][  0]LogConfig: Setting CVar [[gc.CreateGCClusters:1]]
[2022.10.08-14.30.13:304][  0]LogConfig: Setting CVar [[gc.MinGCClusterSize:5]]
[2022.10.08-14.30.13:304][  0]LogConfig: Setting CVar [[gc.ActorClusteringEnabled:0]]
[2022.10.08-14.30.13:304][  0]LogConfig: Setting CVar [[gc.BlueprintClusteringEnabled:0]]
[2022.10.08-14.30.13:304][  0]LogConfig: Setting CVar [[gc.UseDisregardForGCOnDedicatedServers:0]]
[2022.10.08-14.30.13:304][  0]LogConfig: Setting CVar [[gc.MultithreadedDestructionEnabled:1]]
[2022.10.08-14.30.13:304][  0]LogConfig: Applying CVar settings from Section [/Script/Engine.NetworkSettings] File [D:/Portfolio/Unreal/FPS_Game/Zombone/Saved/Config/Windows/Engine.ini]
[2022.10.08-14.30.13:304][  0]LogConfig: Applying CVar settings from Section [/Script/UnrealEd.CookerSettings] File [D:/Portfolio/Unreal/FPS_Game/Zombone/Saved/Config/Windows/Engine.ini]
[2022.10.08-14.30.13:321][  0]LogConfig: Applying CVar settings from Section [ViewDistanceQuality@3] File [D:/Portfolio/Unreal/FPS_Game/Zombone/Saved/Config/Windows/Scalability.ini]
[2022.10.08-14.30.13:321][  0]LogConfig: Setting CVar [[r.SkeletalMeshLODBias:0]]
[2022.10.08-14.30.13:321][  0]LogConfig: Setting CVar [[r.ViewDistanceScale:1.0]]
[2022.10.08-14.30.13:321][  0]LogConfig: Applying CVar settings from Section [AntiAliasingQuality@3] File [D:/Portfolio/Unreal/FPS_Game/Zombone/Saved/Config/Windows/Scalability.ini]
[2022.10.08-14.30.13:321][  0]LogConfig: Setting CVar [[r.PostProcessAAQuality:4]]
[2022.10.08-14.30.13:321][  0]LogConfig: Applying CVar settings from Section [ShadowQuality@3] File [D:/Portfolio/Unreal/FPS_Game/Zombone/Saved/Config/Windows/Scalability.ini]
[2022.10.08-14.30.13:321][  0]LogConfig: Setting CVar [[r.LightFunctionQuality:1]]
[2022.10.08-14.30.13:321][  0]LogConfig: Setting CVar [[r.ShadowQuality:5]]
[2022.10.08-14.30.13:321][  0]LogConfig: Setting CVar [[r.Shadow.CSM.MaxCascades:10]]
[2022.10.08-14.30.13:321][  0]LogConfig: Setting CVar [[r.Shadow.MaxResolution:2048]]
[2022.10.08-14.30.13:321][  0]LogConfig: Setting CVar [[r.Shadow.MaxCSMResolution:2048]]
[2022.10.08-14.30.13:321][  0]LogConfig: Setting CVar [[r.Shadow.RadiusThreshold:0.01]]
[2022.10.08-14.30.13:321][  0]LogConfig: Setting CVar [[r.Shadow.DistanceScale:1.0]]
[2022.10.08-14.30.13:322][  0]LogConfig: Setting CVar [[r.Shadow.CSM.TransitionScale:1.0]]
[2022.10.08-14.30.13:322][  0]LogConfig: Setting CVar [[r.Shadow.PreShadowResolutionFactor:1.0]]
[2022.10.08-14.30.13:322][  0]LogConfig: Setting CVar [[r.DistanceFieldShadowing:1]]
[2022.10.08-14.30.13:322][  0]LogConfig: Setting CVar [[r.DistanceFieldAO:1]]
[2022.10.08-14.30.13:322][  0]LogConfig: Setting CVar [[r.AOQuality:2]]
[2022.10.08-14.30.13:322][  0]LogConfig: Setting CVar [[r.VolumetricFog:1]]
[2022.10.08-14.30.13:322][  0]LogConfig: Setting CVar [[r.VolumetricFog.GridPixelSize:8]]
[2022.10.08-14.30.13:322][  0]LogConfig: Setting CVar [[r.VolumetricFog.GridSizeZ:128]]
[2022.10.08-14.30.13:322][  0]LogConfig: Setting CVar [[r.VolumetricFog.HistoryMissSupersampleCount:4]]
[2022.10.08-14.30.13:322][  0]LogConfig: Setting CVar [[r.LightMaxDrawDistanceScale:1]]
[2022.10.08-14.30.13:322][  0]LogConfig: Setting CVar [[r.CapsuleShadows:1]]
[2022.10.08-14.30.13:322][  0]LogConfig: Applying CVar settings from Section [PostProcessQuality@3] File [D:/Portfolio/Unreal/FPS_Game/Zombone/Saved/Config/Windows/Scalability.ini]
[2022.10.08-14.30.13:322][  0]LogConfig: Setting CVar [[r.MotionBlurQuality:4]]
[2022.10.08-14.30.13:322][  0]LogConfig: Setting CVar [[r.AmbientOcclusionMipLevelFactor:0.4]]
[2022.10.08-14.30.13:322][  0]LogConfig: Setting CVar [[r.AmbientOcclusionMaxQuality:100]]
[2022.10.08-14.30.13:322][  0]LogConfig: Setting CVar [[r.AmbientOcclusionLevels:-1]]
[2022.10.08-14.30.13:322][  0]LogConfig: Setting CVar [[r.AmbientOcclusionRadiusScale:1.0]]
[2022.10.08-14.30.13:322][  0]LogConfig: Setting CVar [[r.DepthOfFieldQuality:2]]
[2022.10.08-14.30.13:323][  0]LogConfig: Setting CVar [[r.RenderTargetPoolMin:400]]
[2022.10.08-14.30.13:323][  0]LogConfig: Setting CVar [[r.LensFlareQuality:2]]
[2022.10.08-14.30.13:323][  0]LogConfig: Setting CVar [[r.SceneColorFringeQuality:1]]
[2022.10.08-14.30.13:323][  0]LogConfig: Setting CVar [[r.EyeAdaptationQuality:2]]
[2022.10.08-14.30.13:323][  0]LogConfig: Setting CVar [[r.BloomQuality:5]]
[2022.10.08-14.30.13:323][  0]LogConfig: Setting CVar [[r.FastBlurThreshold:100]]
[2022.10.08-14.30.13:323][  0]LogConfig: Setting CVar [[r.Upscale.Quality:3]]
[2022.10.08-14.30.13:323][  0]LogConfig: Setting CVar [[r.Tonemapper.GrainQuantization:1]]
[2022.10.08-14.30.13:323][  0]LogConfig: Setting CVar [[r.LightShaftQuality:1]]
[2022.10.08-14.30.13:323][  0]LogConfig: Setting CVar [[r.Filter.SizeScale:1]]
[2022.10.08-14.30.13:323][  0]LogConfig: Setting CVar [[r.Tonemapper.Quality:5]]
[2022.10.08-14.30.13:323][  0]LogConfig: Setting CVar [[r.DOF.Gather.AccumulatorQuality:1        ; higher gathering accumulator quality]]
[2022.10.08-14.30.13:323][  0]LogConfig: Setting CVar [[r.DOF.Gather.PostfilterMethod:1          ; Median3x3 postfilering method]]
[2022.10.08-14.30.13:323][  0]LogConfig: Setting CVar [[r.DOF.Gather.EnableBokehSettings:0       ; no bokeh simulation when gathering]]
[2022.10.08-14.30.13:323][  0]LogConfig: Setting CVar [[r.DOF.Gather.RingCount:4                 ; medium number of samples when gathering]]
[2022.10.08-14.30.13:323][  0]LogConfig: Setting CVar [[r.DOF.Scatter.ForegroundCompositing:1    ; additive foreground scattering]]
[2022.10.08-14.30.13:323][  0]LogConfig: Setting CVar [[r.DOF.Scatter.BackgroundCompositing:2    ; additive background scattering]]
[2022.10.08-14.30.13:323][  0]LogConfig: Setting CVar [[r.DOF.Scatter.EnableBokehSettings:1      ; bokeh simulation when scattering]]
[2022.10.08-14.30.13:324][  0]LogConfig: Setting CVar [[r.DOF.Scatter.MaxSpriteRatio:0.1         ; only a maximum of 10% of scattered bokeh]]
[2022.10.08-14.30.13:324][  0]LogConfig: Setting CVar [[r.DOF.Recombine.Quality:1                ; cheap slight out of focus]]
[2022.10.08-14.30.13:324][  0]LogConfig: Setting CVar [[r.DOF.Recombine.EnableBokehSettings:0    ; no bokeh simulation on slight out of focus]]
[2022.10.08-14.30.13:324][  0]LogConfig: Setting CVar [[r.DOF.TemporalAAQuality:1                ; more stable temporal accumulation]]
[2022.10.08-14.30.13:324][  0]LogConfig: Setting CVar [[r.DOF.Kernel.MaxForegroundRadius:0.025]]
[2022.10.08-14.30.13:324][  0]LogConfig: Setting CVar [[r.DOF.Kernel.MaxBackgroundRadius:0.025]]
[2022.10.08-14.30.13:324][  0]LogConfig: Applying CVar settings from Section [TextureQuality@3] File [D:/Portfolio/Unreal/FPS_Game/Zombone/Saved/Config/Windows/Scalability.ini]
[2022.10.08-14.30.13:324][  0]LogConfig: Setting CVar [[r.Streaming.MipBias:0]]
[2022.10.08-14.30.13:324][  0]LogConfig: Setting CVar [[r.Streaming.AmortizeCPUToGPUCopy:0]]
[2022.10.08-14.30.13:324][  0]LogConfig: Setting CVar [[r.Streaming.MaxNumTexturesToStreamPerFrame:0]]
[2022.10.08-14.30.13:324][  0]LogConfig: Setting CVar [[r.Streaming.Boost:1]]
[2022.10.08-14.30.13:324][  0]LogConfig: Setting CVar [[r.MaxAnisotropy:8]]
[2022.10.08-14.30.13:324][  0]LogConfig: Setting CVar [[r.VT.MaxAnisotropy:8]]
[2022.10.08-14.30.13:324][  0]LogConfig: Setting CVar [[r.Streaming.LimitPoolSizeToVRAM:0]]
[2022.10.08-14.30.13:324][  0]LogConfig: Setting CVar [[r.Streaming.PoolSize:1000]]
[2022.10.08-14.30.13:324][  0]LogConfig: Setting CVar [[r.Streaming.MaxEffectiveScreenSize:0]]
[2022.10.08-14.30.13:324][  0]LogConfig: Applying CVar settings from Section [EffectsQuality@3] File [D:/Portfolio/Unreal/FPS_Game/Zombone/Saved/Config/Windows/Scalability.ini]
[2022.10.08-14.30.13:325][  0]LogConfig: Setting CVar [[r.TranslucencyLightingVolumeDim:64]]
[2022.10.08-14.30.13:325][  0]LogConfig: Setting CVar [[r.RefractionQuality:2]]
[2022.10.08-14.30.13:325][  0]LogConfig: Setting CVar [[r.SSR.Quality:3]]
[2022.10.08-14.30.13:325][  0]LogConfig: Setting CVar [[r.SSR.HalfResSceneColor:0]]
[2022.10.08-14.30.13:325][  0]LogConfig: Setting CVar [[r.SceneColorFormat:4]]
[2022.10.08-14.30.13:325][  0]LogConfig: Setting CVar [[r.DetailMode:2]]
[2022.10.08-14.30.13:325][  0]LogConfig: Setting CVar [[r.TranslucencyVolumeBlur:1]]
[2022.10.08-14.30.13:325][  0]LogConfig: Setting CVar [[r.MaterialQualityLevel:1 ; High quality]]
[2022.10.08-14.30.13:325][  0]LogConfig: Setting CVar [[r.AnisotropicMaterials:1]]
[2022.10.08-14.30.13:325][  0]LogConfig: Setting CVar [[r.SSS.Scale:1]]
[2022.10.08-14.30.13:325][  0]LogConfig: Setting CVar [[r.SSS.SampleSet:2]]
[2022.10.08-14.30.13:325][  0]LogConfig: Setting CVar [[r.SSS.Quality:1]]
[2022.10.08-14.30.13:325][  0]LogConfig: Setting CVar [[r.SSS.HalfRes:0]]
[2022.10.08-14.30.13:325][  0]LogConfig: Setting CVar [[r.SSGI.Quality:3]]
[2022.10.08-14.30.13:326][  0]LogConfig: Setting CVar [[r.EmitterSpawnRateScale:1.0]]
[2022.10.08-14.30.13:326][  0]LogConfig: Setting CVar [[r.ParticleLightQuality:2]]
[2022.10.08-14.30.13:326][  0]LogConfig: Setting CVar [[r.SkyAtmosphere.AerialPerspectiveLUT.FastApplyOnOpaque:1 ; Always have FastSkyLUT 1 in this case to avoid wrong sky]]
[2022.10.08-14.30.13:326][  0]LogConfig: Setting CVar [[r.SkyAtmosphere.AerialPerspectiveLUT.SampleCountMaxPerSlice:4]]
[2022.10.08-14.30.13:326][  0]LogConfig: Setting CVar [[r.SkyAtmosphere.AerialPerspectiveLUT.DepthResolution:16.0]]
[2022.10.08-14.30.13:326][  0]LogConfig: Setting CVar [[r.SkyAtmosphere.FastSkyLUT:1]]
[2022.10.08-14.30.13:326][  0]LogConfig: Setting CVar [[r.SkyAtmosphere.FastSkyLUT.SampleCountMin:4.0]]
[2022.10.08-14.30.13:326][  0]LogConfig: Setting CVar [[r.SkyAtmosphere.FastSkyLUT.SampleCountMax:128.0]]
[2022.10.08-14.30.13:326][  0]LogConfig: Setting CVar [[r.SkyAtmosphere.SampleCountMin:4.0]]
[2022.10.08-14.30.13:326][  0]LogConfig: Setting CVar [[r.SkyAtmosphere.SampleCountMax:128.0]]
[2022.10.08-14.30.13:326][  0]LogConfig: Setting CVar [[r.SkyAtmosphere.TransmittanceLUT.UseSmallFormat:0]]
[2022.10.08-14.30.13:326][  0]LogConfig: Setting CVar [[r.SkyAtmosphere.TransmittanceLUT.SampleCount:10.0]]
[2022.10.08-14.30.13:326][  0]LogConfig: Setting CVar [[r.SkyAtmosphere.MultiScatteringLUT.SampleCount:15.0]]
[2022.10.08-14.30.13:326][  0]LogConfig: Setting CVar [[r.SkyLight.RealTimeReflectionCapture:1]]
[2022.10.08-14.30.13:326][  0]LogConfig: Applying CVar settings from Section [FoliageQuality@3] File [D:/Portfolio/Unreal/FPS_Game/Zombone/Saved/Config/Windows/Scalability.ini]
[2022.10.08-14.30.13:327][  0]LogConfig: Setting CVar [[foliage.DensityScale:1.0]]
[2022.10.08-14.30.13:327][  0]LogConfig: Setting CVar [[grass.DensityScale:1.0]]
[2022.10.08-14.30.13:327][  0]LogConfig: Applying CVar settings from Section [ShadingQuality@3] File [D:/Portfolio/Unreal/FPS_Game/Zombone/Saved/Config/Windows/Scalability.ini]
[2022.10.08-14.30.13:327][  0]LogConfig: Setting CVar [[r.HairStrands.SkyLighting.IntegrationType:2]]
[2022.10.08-14.30.13:327][  0]LogConfig: Setting CVar [[r.HairStrands.SkyAO.SampleCount:4]]
[2022.10.08-14.30.13:327][  0]LogConfig: Setting CVar [[r.HairStrands.Visibility.MSAA.SamplePerPixel:4]]
[2022.10.08-14.30.13:327][  0]LogInit: Selected Device Profile: [Windows]
[2022.10.08-14.30.13:327][  0]LogInit: Applying CVar settings loaded from the selected device profile: [Windows]
[2022.10.08-14.30.13:327][  0]LogHAL: Display: Platform has ~ 32 GB [34019524608 / 34359738368 / 32], which maps to Largest [LargestMinGB=32, LargerMinGB=12, DefaultMinGB=8, SmallerMinGB=6, SmallestMinGB=0)
[2022.10.08-14.30.13:327][  0]LogInit: Going up to parent DeviceProfile []
[2022.10.08-14.30.13:327][  0]LogConfig: Applying CVar settings from Section [ViewDistanceQuality@3] File [D:/Portfolio/Unreal/FPS_Game/Zombone/Saved/Config/Windows/Scalability.ini]
[2022.10.08-14.30.13:327][  0]LogConfig: Setting CVar [[r.SkeletalMeshLODBias:0]]
[2022.10.08-14.30.13:327][  0]LogConfig: Setting CVar [[r.ViewDistanceScale:1.0]]
[2022.10.08-14.30.13:327][  0]LogConfig: Applying CVar settings from Section [AntiAliasingQuality@3] File [D:/Portfolio/Unreal/FPS_Game/Zombone/Saved/Config/Windows/Scalability.ini]
[2022.10.08-14.30.13:327][  0]LogConfig: Setting CVar [[r.PostProcessAAQuality:4]]
[2022.10.08-14.30.13:328][  0]LogConfig: Applying CVar settings from Section [ShadowQuality@3] File [D:/Portfolio/Unreal/FPS_Game/Zombone/Saved/Config/Windows/Scalability.ini]
[2022.10.08-14.30.13:328][  0]LogConfig: Setting CVar [[r.LightFunctionQuality:1]]
[2022.10.08-14.30.13:328][  0]LogConfig: Setting CVar [[r.ShadowQuality:5]]
[2022.10.08-14.30.13:328][  0]LogConfig: Setting CVar [[r.Shadow.CSM.MaxCascades:10]]
[2022.10.08-14.30.13:328][  0]LogConfig: Setting CVar [[r.Shadow.MaxResolution:2048]]
[2022.10.08-14.30.13:328][  0]LogConfig: Setting CVar [[r.Shadow.MaxCSMResolution:2048]]
[2022.10.08-14.30.13:328][  0]LogConfig: Setting CVar [[r.Shadow.RadiusThreshold:0.01]]
[2022.10.08-14.30.13:328][  0]LogConfig: Setting CVar [[r.Shadow.DistanceScale:1.0]]
[2022.10.08-14.30.13:328][  0]LogConfig: Setting CVar [[r.Shadow.CSM.TransitionScale:1.0]]
[2022.10.08-14.30.13:328][  0]LogConfig: Setting CVar [[r.Shadow.PreShadowResolutionFactor:1.0]]
[2022.10.08-14.30.13:328][  0]LogConfig: Setting CVar [[r.DistanceFieldShadowing:1]]
[2022.10.08-14.30.13:328][  0]LogConfig: Setting CVar [[r.DistanceFieldAO:1]]
[2022.10.08-14.30.13:328][  0]LogConfig: Setting CVar [[r.AOQuality:2]]
[2022.10.08-14.30.13:328][  0]LogConfig: Setting CVar [[r.VolumetricFog:1]]
[2022.10.08-14.30.13:328][  0]LogConfig: Setting CVar [[r.VolumetricFog.GridPixelSize:8]]
[2022.10.08-14.30.13:328][  0]LogConfig: Setting CVar [[r.VolumetricFog.GridSizeZ:128]]
[2022.10.08-14.30.13:328][  0]LogConfig: Setting CVar [[r.VolumetricFog.HistoryMissSupersampleCount:4]]
[2022.10.08-14.30.13:329][  0]LogConfig: Setting CVar [[r.LightMaxDrawDistanceScale:1]]
[2022.10.08-14.30.13:329][  0]LogConfig: Setting CVar [[r.CapsuleShadows:1]]
[2022.10.08-14.30.13:329][  0]LogConfig: Applying CVar settings from Section [PostProcessQuality@3] File [D:/Portfolio/Unreal/FPS_Game/Zombone/Saved/Config/Windows/Scalability.ini]
[2022.10.08-14.30.13:329][  0]LogConfig: Setting CVar [[r.MotionBlurQuality:4]]
[2022.10.08-14.30.13:329][  0]LogConfig: Setting CVar [[r.AmbientOcclusionMipLevelFactor:0.4]]
[2022.10.08-14.30.13:329][  0]LogConfig: Setting CVar [[r.AmbientOcclusionMaxQuality:100]]
[2022.10.08-14.30.13:329][  0]LogConfig: Setting CVar [[r.AmbientOcclusionLevels:-1]]
[2022.10.08-14.30.13:329][  0]LogConfig: Setting CVar [[r.AmbientOcclusionRadiusScale:1.0]]
[2022.10.08-14.30.13:329][  0]LogConfig: Setting CVar [[r.DepthOfFieldQuality:2]]
[2022.10.08-14.30.13:329][  0]LogConfig: Setting CVar [[r.RenderTargetPoolMin:400]]
[2022.10.08-14.30.13:329][  0]LogConfig: Setting CVar [[r.LensFlareQuality:2]]
[2022.10.08-14.30.13:329][  0]LogConfig: Setting CVar [[r.SceneColorFringeQuality:1]]
[2022.10.08-14.30.13:329][  0]LogConfig: Setting CVar [[r.EyeAdaptationQuality:2]]
[2022.10.08-14.30.13:329][  0]LogConfig: Setting CVar [[r.BloomQuality:5]]
[2022.10.08-14.30.13:329][  0]LogConfig: Setting CVar [[r.FastBlurThreshold:100]]
[2022.10.08-14.30.13:329][  0]LogConfig: Setting CVar [[r.Upscale.Quality:3]]
[2022.10.08-14.30.13:329][  0]LogConfig: Setting CVar [[r.Tonemapper.GrainQuantization:1]]
[2022.10.08-14.30.13:329][  0]LogConfig: Setting CVar [[r.LightShaftQuality:1]]
[2022.10.08-14.30.13:330][  0]LogConfig: Setting CVar [[r.Filter.SizeScale:1]]
[2022.10.08-14.30.13:330][  0]LogConfig: Setting CVar [[r.Tonemapper.Quality:5]]
[2022.10.08-14.30.13:330][  0]LogConfig: Setting CVar [[r.DOF.Gather.AccumulatorQuality:1        ; higher gathering accumulator quality]]
[2022.10.08-14.30.13:330][  0]LogConfig: Setting CVar [[r.DOF.Gather.PostfilterMethod:1          ; Median3x3 postfilering method]]
[2022.10.08-14.30.13:330][  0]LogConfig: Setting CVar [[r.DOF.Gather.EnableBokehSettings:0       ; no bokeh simulation when gathering]]
[2022.10.08-14.30.13:330][  0]LogConfig: Setting CVar [[r.DOF.Gather.RingCount:4                 ; medium number of samples when gathering]]
[2022.10.08-14.30.13:330][  0]LogConfig: Setting CVar [[r.DOF.Scatter.ForegroundCompositing:1    ; additive foreground scattering]]
[2022.10.08-14.30.13:330][  0]LogConfig: Setting CVar [[r.DOF.Scatter.BackgroundCompositing:2    ; additive background scattering]]
[2022.10.08-14.30.13:330][  0]LogConfig: Setting CVar [[r.DOF.Scatter.EnableBokehSettings:1      ; bokeh simulation when scattering]]
[2022.10.08-14.30.13:330][  0]LogConfig: Setting CVar [[r.DOF.Scatter.MaxSpriteRatio:0.1         ; only a maximum of 10% of scattered bokeh]]
[2022.10.08-14.30.13:330][  0]LogConfig: Setting CVar [[r.DOF.Recombine.Quality:1                ; cheap slight out of focus]]
[2022.10.08-14.30.13:330][  0]LogConfig: Setting CVar [[r.DOF.Recombine.EnableBokehSettings:0    ; no bokeh simulation on slight out of focus]]
[2022.10.08-14.30.13:330][  0]LogConfig: Setting CVar [[r.DOF.TemporalAAQuality:1                ; more stable temporal accumulation]]
[2022.10.08-14.30.13:330][  0]LogConfig: Setting CVar [[r.DOF.Kernel.MaxForegroundRadius:0.025]]
[2022.10.08-14.30.13:330][  0]LogConfig: Setting CVar [[r.DOF.Kernel.MaxBackgroundRadius:0.025]]
[2022.10.08-14.30.13:330][  0]LogConfig: Applying CVar settings from Section [TextureQuality@3] File [D:/Portfolio/Unreal/FPS_Game/Zombone/Saved/Config/Windows/Scalability.ini]
[2022.10.08-14.30.13:330][  0]LogConfig: Setting CVar [[r.Streaming.MipBias:0]]
[2022.10.08-14.30.13:331][  0]LogConfig: Setting CVar [[r.Streaming.AmortizeCPUToGPUCopy:0]]
[2022.10.08-14.30.13:331][  0]LogConfig: Setting CVar [[r.Streaming.MaxNumTexturesToStreamPerFrame:0]]
[2022.10.08-14.30.13:331][  0]LogConfig: Setting CVar [[r.Streaming.Boost:1]]
[2022.10.08-14.30.13:331][  0]LogConfig: Setting CVar [[r.MaxAnisotropy:8]]
[2022.10.08-14.30.13:331][  0]LogConfig: Setting CVar [[r.VT.MaxAnisotropy:8]]
[2022.10.08-14.30.13:331][  0]LogConfig: Setting CVar [[r.Streaming.LimitPoolSizeToVRAM:0]]
[2022.10.08-14.30.13:331][  0]LogConfig: Setting CVar [[r.Streaming.PoolSize:1000]]
[2022.10.08-14.30.13:331][  0]LogConfig: Setting CVar [[r.Streaming.MaxEffectiveScreenSize:0]]
[2022.10.08-14.30.13:331][  0]LogConfig: Applying CVar settings from Section [EffectsQuality@3] File [D:/Portfolio/Unreal/FPS_Game/Zombone/Saved/Config/Windows/Scalability.ini]
[2022.10.08-14.30.13:331][  0]LogConfig: Setting CVar [[r.TranslucencyLightingVolumeDim:64]]
[2022.10.08-14.30.13:331][  0]LogConfig: Setting CVar [[r.RefractionQuality:2]]
[2022.10.08-14.30.13:331][  0]LogConfig: Setting CVar [[r.SSR.Quality:3]]
[2022.10.08-14.30.13:331][  0]LogConfig: Setting CVar [[r.SSR.HalfResSceneColor:0]]
[2022.10.08-14.30.13:331][  0]LogConfig: Setting CVar [[r.SceneColorFormat:4]]
[2022.10.08-14.30.13:331][  0]LogConfig: Setting CVar [[r.DetailMode:2]]
[2022.10.08-14.30.13:331][  0]LogConfig: Setting CVar [[r.TranslucencyVolumeBlur:1]]
[2022.10.08-14.30.13:331][  0]LogConfig: Setting CVar [[r.MaterialQualityLevel:1 ; High quality]]
[2022.10.08-14.30.13:331][  0]LogConfig: Setting CVar [[r.AnisotropicMaterials:1]]
[2022.10.08-14.30.13:331][  0]LogConfig: Setting CVar [[r.SSS.Scale:1]]
[2022.10.08-14.30.13:332][  0]LogConfig: Setting CVar [[r.SSS.SampleSet:2]]
[2022.10.08-14.30.13:332][  0]LogConfig: Setting CVar [[r.SSS.Quality:1]]
[2022.10.08-14.30.13:332][  0]LogConfig: Setting CVar [[r.SSS.HalfRes:0]]
[2022.10.08-14.30.13:332][  0]LogConfig: Setting CVar [[r.SSGI.Quality:3]]
[2022.10.08-14.30.13:332][  0]LogConfig: Setting CVar [[r.EmitterSpawnRateScale:1.0]]
[2022.10.08-14.30.13:332][  0]LogConfig: Setting CVar [[r.ParticleLightQuality:2]]
[2022.10.08-14.30.13:332][  0]LogConfig: Setting CVar [[r.SkyAtmosphere.AerialPerspectiveLUT.FastApplyOnOpaque:1 ; Always have FastSkyLUT 1 in this case to avoid wrong sky]]
[2022.10.08-14.30.13:332][  0]LogConfig: Setting CVar [[r.SkyAtmosphere.AerialPerspectiveLUT.SampleCountMaxPerSlice:4]]
[2022.10.08-14.30.13:332][  0]LogConfig: Setting CVar [[r.SkyAtmosphere.AerialPerspectiveLUT.DepthResolution:16.0]]
[2022.10.08-14.30.13:332][  0]LogConfig: Setting CVar [[r.SkyAtmosphere.FastSkyLUT:1]]
[2022.10.08-14.30.13:332][  0]LogConfig: Setting CVar [[r.SkyAtmosphere.FastSkyLUT.SampleCountMin:4.0]]
[2022.10.08-14.30.13:332][  0]LogConfig: Setting CVar [[r.SkyAtmosphere.FastSkyLUT.SampleCountMax:128.0]]
[2022.10.08-14.30.13:332][  0]LogConfig: Setting CVar [[r.SkyAtmosphere.SampleCountMin:4.0]]
[2022.10.08-14.30.13:332][  0]LogConfig: Setting CVar [[r.SkyAtmosphere.SampleCountMax:128.0]]
[2022.10.08-14.30.13:332][  0]LogConfig: Setting CVar [[r.SkyAtmosphere.TransmittanceLUT.UseSmallFormat:0]]
[2022.10.08-14.30.13:332][  0]LogConfig: Setting CVar [[r.SkyAtmosphere.TransmittanceLUT.SampleCount:10.0]]
[2022.10.08-14.30.13:333][  0]LogConfig: Setting CVar [[r.SkyAtmosphere.MultiScatteringLUT.SampleCount:15.0]]
[2022.10.08-14.30.13:333][  0]LogConfig: Setting CVar [[r.SkyLight.RealTimeReflectionCapture:1]]
[2022.10.08-14.30.13:333][  0]LogConfig: Applying CVar settings from Section [FoliageQuality@3] File [D:/Portfolio/Unreal/FPS_Game/Zombone/Saved/Config/Windows/Scalability.ini]
[2022.10.08-14.30.13:333][  0]LogConfig: Setting CVar [[foliage.DensityScale:1.0]]
[2022.10.08-14.30.13:333][  0]LogConfig: Setting CVar [[grass.DensityScale:1.0]]
[2022.10.08-14.30.13:333][  0]LogConfig: Applying CVar settings from Section [ShadingQuality@3] File [D:/Portfolio/Unreal/FPS_Game/Zombone/Saved/Config/Windows/Scalability.ini]
[2022.10.08-14.30.13:333][  0]LogConfig: Setting CVar [[r.HairStrands.SkyLighting.IntegrationType:2]]
[2022.10.08-14.30.13:333][  0]LogConfig: Setting CVar [[r.HairStrands.SkyAO.SampleCount:4]]
[2022.10.08-14.30.13:333][  0]LogConfig: Setting CVar [[r.HairStrands.Visibility.MSAA.SamplePerPixel:4]]
[2022.10.08-14.30.13:333][  0]LogConfig: Applying CVar settings from Section [Startup] File [../../../Engine/Config/ConsoleVariables.ini]
[2022.10.08-14.30.13:334][  0]LogConfig: Setting CVar [[net.UseAdaptiveNetUpdateFrequency:0]]
[2022.10.08-14.30.13:334][  0]LogConfig: Setting CVar [[p.chaos.AllowCreatePhysxBodies:1]]
[2022.10.08-14.30.13:334][  0]LogConfig: Setting CVar [[fx.SkipVectorVMBackendOptimizations:1]]
[2022.10.08-14.30.13:334][  0]LogConfig: Applying CVar settings from Section [ConsoleVariables] File [D:/Portfolio/Unreal/FPS_Game/Zombone/Saved/Config/Windows/Engine.ini]
[2022.10.08-14.30.13:334][  0]LogConfig: Applying CVar settings from Section [ConsoleVariables] File [D:/Portfolio/Unreal/FPS_Game/Zombone/Saved/Config/Windows/Editor.ini]
[2022.10.08-14.30.13:334][  0]LogInit: Computer: DESKTOP-J6VGNOD
[2022.10.08-14.30.13:334][  0]LogInit: User: timve
[2022.10.08-14.30.13:334][  0]LogInit: CPU Page size=4096, Cores=6
[2022.10.08-14.30.13:334][  0]LogInit: High frequency timer resolution =10.000000 MHz
[2022.10.08-14.30.13:334][  0]LogMemory: Memory total: Physical=31.7GB (32GB approx)
[2022.10.08-14.30.13:334][  0]LogMemory: Platform Memory Stats for Windows
[2022.10.08-14.30.13:334][  0]LogMemory: Process Physical Memory: 144.87 MB used, 144.88 MB peak
[2022.10.08-14.30.13:334][  0]LogMemory: Process Virtual Memory: 123.93 MB used, 123.93 MB peak
[2022.10.08-14.30.13:334][  0]LogMemory: Physical Memory: 13173.70 MB used,  19269.85 MB free, 32443.55 MB total
[2022.10.08-14.30.13:335][  0]LogMemory: Virtual Memory: 134204176.00 MB used,  13551.33 MB free, 134217728.00 MB total
[2022.10.08-14.30.13:345][  0]LogWindows: WindowsPlatformFeatures enabled
[2022.10.08-14.30.13:493][  0]LogInit: Physics initialised using underlying interface: PhysX
[2022.10.08-14.30.13:494][  0]LogInit: Using OS detected language (nl-NL).
[2022.10.08-14.30.13:494][  0]LogInit: Using OS detected locale (en-BE).
[2022.10.08-14.30.13:505][  0]LogTextLocalizationManager: No localization for 'nl-NL' exists, so 'en' will be used for the language.
[2022.10.08-14.30.13:738][  0]LogInit: Setting process to per monitor DPI aware
[2022.10.08-14.30.13:775][  0]LogWindowsTextInputMethodSystem: Display: IME system deactivated.
[2022.10.08-14.30.13:791][  0]LogSlate: New Slate User Created.  User Index 0, Is Virtual User: 0
[2022.10.08-14.30.13:791][  0]LogSlate: Slate User Registered.  User Index 0, Is Virtual User: 0
[2022.10.08-14.30.13:896][  0]LogD3D11RHI: Loaded GFSDK_Aftermath_Lib.x64.dll
[2022.10.08-14.30.13:902][  0]LogHMD: Failed to initialize OpenVR with code 110
[2022.10.08-14.30.13:902][  0]LogD3D11RHI: D3D11 min allowed feature level: 11_0
[2022.10.08-14.30.13:902][  0]LogD3D11RHI: D3D11 max allowed feature level: 11_0
[2022.10.08-14.30.13:902][  0]LogD3D11RHI: D3D11 adapters:
[2022.10.08-14.30.14:006][  0]LogD3D11RHI:    0. 'NVIDIA GeForce GTX 1060 6GB' (Feature Level 11_0)
[2022.10.08-14.30.14:006][  0]LogD3D11RHI:       6052/0/16221 MB DedicatedVideo/DedicatedSystem/SharedSystem, Outputs:2, VendorId:0x10de
[2022.10.08-14.30.14:013][  0]LogD3D11RHI:    1. 'Microsoft Basic Render Driver' (Feature Level 11_0)
[2022.10.08-14.30.14:013][  0]LogD3D11RHI:       0/0/16221 MB DedicatedVideo/DedicatedSystem/SharedSystem, Outputs:0, VendorId:0x1414
[2022.10.08-14.30.14:013][  0]LogD3D11RHI: Chosen D3D11 Adapter:
[2022.10.08-14.30.14:013][  0]LogD3D11RHI:     Description : NVIDIA GeForce GTX 1060 6GB
[2022.10.08-14.30.14:013][  0]LogD3D11RHI:     VendorId    : 10de
[2022.10.08-14.30.14:013][  0]LogD3D11RHI:     DeviceId    : 1c03
[2022.10.08-14.30.14:013][  0]LogD3D11RHI:     SubSysId    : 32831462
[2022.10.08-14.30.14:013][  0]LogD3D11RHI:     Revision    : 00a1
[2022.10.08-14.30.14:013][  0]LogD3D11RHI:     DedicatedVideoMemory : 6345981952 bytes
[2022.10.08-14.30.14:013][  0]LogD3D11RHI:     DedicatedSystemMemory : 0 bytes
[2022.10.08-14.30.14:013][  0]LogD3D11RHI:     SharedSystemMemory : 17009762304 bytes
[2022.10.08-14.30.14:014][  0]LogD3D11RHI:     AdapterLuid : 0 85470
[2022.10.08-14.30.14:022][  0]LogD3D11RHI: Creating new Direct3DDevice
[2022.10.08-14.30.14:022][  0]LogD3D11RHI:     GPU DeviceId: 0x1c03 (for the marketing name, search the web for "GPU Device Id")
[2022.10.08-14.30.14:022][  0]LogWindows: EnumDisplayDevices:
[2022.10.08-14.30.14:022][  0]LogWindows:    0. 'NVIDIA GeForce GTX 1060 6GB' (P:1 D:1)
[2022.10.08-14.30.14:023][  0]LogWindows:    1. 'NVIDIA GeForce GTX 1060 6GB' (P:0 D:1)
[2022.10.08-14.30.14:023][  0]LogWindows:    2. 'NVIDIA GeForce GTX 1060 6GB' (P:0 D:0)
[2022.10.08-14.30.14:023][  0]LogWindows:    3. 'NVIDIA GeForce GTX 1060 6GB' (P:0 D:0)
[2022.10.08-14.30.14:024][  0]LogWindows: DebugString: FoundDriverCount:4 
[2022.10.08-14.30.14:024][  0]LogD3D11RHI:     Adapter Name: NVIDIA GeForce GTX 1060 6GB
[2022.10.08-14.30.14:024][  0]LogD3D11RHI:   Driver Version: 457.51 (internal:27.21.14.5751, unified:457.51)
[2022.10.08-14.30.14:024][  0]LogD3D11RHI:      Driver Date: 11-22-2020
[2022.10.08-14.30.14:024][  0]LogRHI: Texture pool is 4236 MB (70% of 6052 MB)
[2022.10.08-14.30.14:024][  0]LogD3D11RHI: Creating D3DDevice using adapter:
[2022.10.08-14.30.14:024][  0]LogD3D11RHI:     Description : NVIDIA GeForce GTX 1060 6GB
[2022.10.08-14.30.14:024][  0]LogD3D11RHI:     VendorId    : 10de
[2022.10.08-14.30.14:024][  0]LogD3D11RHI:     DeviceId    : 1c03
[2022.10.08-14.30.14:024][  0]LogD3D11RHI:     SubSysId    : 32831462
[2022.10.08-14.30.14:024][  0]LogD3D11RHI:     Revision    : 00a1
[2022.10.08-14.30.14:024][  0]LogD3D11RHI:     DedicatedVideoMemory : 6345981952 bytes
[2022.10.08-14.30.14:024][  0]LogD3D11RHI:     DedicatedSystemMemory : 0 bytes
[2022.10.08-14.30.14:025][  0]LogD3D11RHI:     SharedSystemMemory : 17009762304 bytes
[2022.10.08-14.30.14:025][  0]LogD3D11RHI:     AdapterLuid : 0 85470
[2022.10.08-14.30.14:087][  0]LogD3D11RHI: RHI has support for 64 bit atomics
[2022.10.08-14.30.14:087][  0]LogD3D11RHI: Async texture creation enabled
[2022.10.08-14.30.14:087][  0]LogD3D11RHI: Array index from any shader is supported
[2022.10.08-14.30.14:105][  0]LogD3D11RHI: GPU Timing Frequency: 1000.000000 (Debug: 2 1)
[2022.10.08-14.30.14:158][  0]LogRHI: GeForceNow SDK initialized: 1
[2022.10.08-14.30.14:528][  0]LogTargetPlatformManager: Display: Loaded TargetPlatform 'AllDesktop'
[2022.10.08-14.30.14:557][  0]LogTargetPlatformManager: Display: Loaded TargetPlatform 'Android'
[2022.10.08-14.30.14:557][  0]LogTargetPlatformManager: Display: Loaded TargetPlatform 'Android_ASTC'
[2022.10.08-14.30.14:558][  0]LogTargetPlatformManager: Display: Loaded TargetPlatform 'Android_DXT'
[2022.10.08-14.30.14:558][  0]LogTargetPlatformManager: Display: Loaded TargetPlatform 'Android_ETC2'
[2022.10.08-14.30.14:558][  0]LogTargetPlatformManager: Display: Loaded TargetPlatform 'AndroidClient'
[2022.10.08-14.30.14:558][  0]LogTargetPlatformManager: Display: Loaded TargetPlatform 'Android_ASTCClient'
[2022.10.08-14.30.14:558][  0]LogTargetPlatformManager: Display: Loaded TargetPlatform 'Android_DXTClient'
[2022.10.08-14.30.14:558][  0]LogTargetPlatformManager: Display: Loaded TargetPlatform 'Android_ETC2Client'
[2022.10.08-14.30.14:558][  0]LogTargetPlatformManager: Display: Loaded TargetPlatform 'Android_Multi'
[2022.10.08-14.30.14:558][  0]LogTargetPlatformManager: Display: Loaded TargetPlatform 'Android_MultiClient'
[2022.10.08-14.30.14:591][  0]LogTargetPlatformManager: Display: Loaded TargetPlatform 'IOSClient'
[2022.10.08-14.30.14:591][  0]LogTargetPlatformManager: Display: Loaded TargetPlatform 'IOS'
[2022.10.08-14.30.14:607][  0]LogTargetPlatformManager: Display: Loaded TargetPlatform 'Linux'
[2022.10.08-14.30.14:619][  0]LogTargetPlatformManager: Display: Loaded TargetPlatform 'LinuxNoEditor'
[2022.10.08-14.30.14:630][  0]LogTargetPlatformManager: Display: Loaded TargetPlatform 'LinuxClient'
[2022.10.08-14.30.14:639][  0]LogTargetPlatformManager: Display: Loaded TargetPlatform 'LinuxServer'
[2022.10.08-14.30.14:652][  0]LogTargetPlatformManager: Display: Loaded TargetPlatform 'LinuxAArch64NoEditor'
[2022.10.08-14.30.14:662][  0]LogTargetPlatformManager: Display: Loaded TargetPlatform 'LinuxAArch64Client'
[2022.10.08-14.30.14:671][  0]LogTargetPlatformManager: Display: Loaded TargetPlatform 'LinuxAArch64Server'
[2022.10.08-14.30.14:713][  0]LogTargetPlatformManager: Display: Loaded TargetPlatform 'Lumin'
[2022.10.08-14.30.14:713][  0]LogTargetPlatformManager: Display: Loaded TargetPlatform 'LuminClient'
[2022.10.08-14.30.14:728][  0]LogTargetPlatformManager: Display: Loaded TargetPlatform 'MacNoEditor'
[2022.10.08-14.30.14:736][  0]LogTargetPlatformManager: Display: Loaded TargetPlatform 'Mac'
[2022.10.08-14.30.14:746][  0]LogTargetPlatformManager: Display: Loaded TargetPlatform 'MacClient'
[2022.10.08-14.30.14:753][  0]LogTargetPlatformManager: Display: Loaded TargetPlatform 'MacServer'
[2022.10.08-14.30.14:767][  0]LogTargetPlatformManager: Display: Loaded TargetPlatform 'TVOSClient'
[2022.10.08-14.30.14:767][  0]LogTargetPlatformManager: Display: Loaded TargetPlatform 'TVOS'
[2022.10.08-14.30.14:777][  0]LogTargetPlatformManager: Display: Loaded TargetPlatform 'WindowsNoEditor'
[2022.10.08-14.30.14:784][  0]LogTargetPlatformManager: Display: Loaded TargetPlatform 'Windows'
[2022.10.08-14.30.14:790][  0]LogTargetPlatformManager: Display: Loaded TargetPlatform 'WindowsClient'
[2022.10.08-14.30.14:796][  0]LogTargetPlatformManager: Display: Loaded TargetPlatform 'WindowsServer'
[2022.10.08-14.30.14:796][  0]LogTargetPlatformManager: Display: Building Assets For Windows
[2022.10.08-14.30.14:811][  0]LogAudioDebug: Display: Lib vorbis DLL was dynamically loaded.
[2022.10.08-14.30.14:864][  0]LogTextureFormatOodle: Display: Oodle Texture 2.9.0 init RDO Off
[2022.10.08-14.30.14:920][  0]LogRendererCore: Ray tracing is disabled. Reason: r.RayTracing=0.
[2022.10.08-14.30.14:920][  0]LogShaderCompilers: Guid format shader working directory is -2 characters bigger than the processId version (../../../../../Portfolio/Unreal/FPS_Game/Zombone/Intermediate/Shaders/WorkingDirectory/9064/).
[2022.10.08-14.30.14:921][  0]LogShaderCompilers: Cleaned the shader compiler working directory 'C:/Users/timve/AppData/Local/Temp/UnrealShaderWorkingDir/3DB3AA2A4E68629E68ED40A02B9223A0/'.
[2022.10.08-14.30.14:921][  0]LogXGEController: Cannot use XGE Controller as Incredibuild is not installed on this machine.
[2022.10.08-14.30.14:921][  0]LogShaderCompilers: Cannot use XGE Shader Compiler as Incredibuild is not installed on this machine.
[2022.10.08-14.30.14:921][  0]LogShaderCompilers: Display: Using Local Shader Compiler.
[2022.10.08-14.30.15:754][  0]LogDerivedDataCache: Display: Max Cache Size: 512 MB
[2022.10.08-14.30.15:844][  0]LogDerivedDataCache: Loaded boot cache 0.09s 99MB C:/Users/timve/AppData/Local/UnrealEngine/4.27/DerivedDataCache/Boot.ddc.
[2022.10.08-14.30.15:844][  0]LogDerivedDataCache: Display: Loaded Boot cache: C:/Users/timve/AppData/Local/UnrealEngine/4.27/DerivedDataCache/Boot.ddc
[2022.10.08-14.30.15:844][  0]LogDerivedDataCache: FDerivedDataBackendGraph:  Pak pak cache file ../../../../../Portfolio/Unreal/FPS_Game/Zombone/DerivedDataCache/DDC.ddp not found, will not use a pak cache.
[2022.10.08-14.30.15:844][  0]LogDerivedDataCache: Unable to find inner node Pak for hierarchical cache Hierarchy.
[2022.10.08-14.30.15:844][  0]LogDerivedDataCache: FDerivedDataBackendGraph:  CompressedPak pak cache file ../../../../../Portfolio/Unreal/FPS_Game/Zombone/DerivedDataCache/Compressed.ddp not found, will not use a pak cache.
[2022.10.08-14.30.15:844][  0]LogDerivedDataCache: Unable to find inner node CompressedPak for hierarchical cache Hierarchy.
[2022.10.08-14.30.15:861][  0]LogDerivedDataCache: Display: Pak cache opened for reading ../../../Engine/DerivedDataCache/Compressed.ddp.
[2022.10.08-14.30.15:861][  0]LogDerivedDataCache: FDerivedDataBackendGraph:  EnterprisePak pak cache file ../../../Enterprise/DerivedDataCache/Compressed.ddp not found, will not use a pak cache.
[2022.10.08-14.30.15:861][  0]LogDerivedDataCache: Unable to find inner node EnterprisePak for hierarchical cache Hierarchy.
[2022.10.08-14.30.15:868][  0]LogDerivedDataCache: Speed tests for C:/Users/timve/AppData/Local/UnrealEngine/Common/DerivedDataCache took 0.01 seconds
[2022.10.08-14.30.15:868][  0]LogDerivedDataCache: Display: Performance to C:/Users/timve/AppData/Local/UnrealEngine/Common/DerivedDataCache: Latency=0.03ms. RandomReadSpeed=1486.55MBs, RandomWriteSpeed=164.33MBs. Assigned SpeedClass 'Local'
[2022.10.08-14.30.15:871][  0]LogDerivedDataCache: Using Local data cache path C:/Users/timve/AppData/Local/UnrealEngine/Common/DerivedDataCache: Writable
[2022.10.08-14.30.15:871][  0]LogDerivedDataCache: Shared data cache path not found in *engine.ini, will not use an Shared cache.
[2022.10.08-14.30.15:872][  0]LogDerivedDataCache: Unable to find inner node Shared for hierarchical cache Hierarchy.
[2022.10.08-14.30.15:924][  0]LogSlate: Using FreeType 2.10.0
[2022.10.08-14.30.15:925][  0]LogSlate: SlateFontServices - WITH_FREETYPE: 1, WITH_HARFBUZZ: 1
[2022.10.08-14.30.15:955][  0]LogAssetRegistry: FAssetRegistry took 0.0047 seconds to start up
[2022.10.08-14.30.16:204][  0]LogInit: Selected Device Profile: [Windows]
[2022.10.08-14.30.16:204][  0]LogInit: Active device profile: [000001DDD9F6EC00][000001DDD0E854C0 49] Windows
[2022.10.08-14.30.16:204][  0]LogInit: Profiles: [000001DDD9F6EC00][000001DDD0E854C0 49] Windows, [000001DDD9F25600][000001DDD0F5B640 49] WindowsNoEditor, [000001DDD9F6D600][000001DDD0E817C0 49] WindowsServer, [000001DDD9F26300][000001DDD0E7D940 49] WindowsClient, [000001DDD9F6E200][000001DDD0F5FAC0 49] IOS, [000001DDD9F26400][000001DDD0F620C0 49] iPadAir, [000001DDD9F6E900][000001DDD0F66240 49] iPadAir2, [000001DDD9ECEC00][000001DDCF4D0500 49] IPadPro, [000001DDD9ECED00][000001DDCF4CC540 49] iPadAir3, [000001DDD9F6E300][000001DDD0E88680 49] iPadAir4, [000001DDD9ECF400][000001DDCF4D47C0 49] iPadMini2, [000001DDD9F6DD00][000001DDCF4D8900 49] iPadMini3, [000001DDD9ECD200][000001DDD9294A80 49] iPadMini4, [000001DDD9F6CB00][000001DDCF6B2C00 49] iPadMini5, [000001DDD9F22500][000001DDCF4DCEC0 49] iPhone6, [000001DDD9F22600][000001DDCF63EF00 49] iPodTouch6, [000001DDD9ECDF00][000001DDCF4E51C0 49] iPhone7, [000001DDD9ECE000][000001DDCF4E1200 49] iPodTouch7, [000001DDD9F22700][000001DDCF4E9380 49] iPhone5S, [000001DDD9ECCA00][000001DDD1197500 49] iPhone6Plus, [000001DDD9F21200][000001DDD119B680 49] iPhone6S, [000001DDD9ECFB00][000001DDD119F800 49] iPhone6SPlus, [000001DDD9F23C00][000001DDD11A3980 49] iPhone7Plus, [000001DDD9ECF700][000001DDD11A7B00 49] iPhoneSE, [000001DDD9F23000][000001DDD11AA100 49] iPhone8, [000001DDD9ECC800][000001DDD11AE280 49] iPhone8Plus, [000001DDD9F20200][000001DDD11B2400 49] iPhoneX, [000001DDD9ECD900][000001DDD11B6580 49] iPhoneXS, [000001DDD9F22100][000001DDD11BA700 49] iPhoneXSMax, [000001DDD9ECE500][000001DDD0128840 49] iPhoneXR, [000001DDD9F23F00][000001DDD8BAE980 49] iPhone11, [000001DDD9ECCE00][000001DDD8BB2AC0 49] iPhone11Pro, [000001DDD9F22F00][000001DDD8BBAC40 49] iPhone11ProMax, [000001DDD9ECFC00][000001DDD8BBEDC0 49] iPhoneSE2, [000001DDD9F20500][000001DDD8BC2F40 49] iPhone12Mini, [000001DDD9ECFE00][000001DDD8BC70C0 49] iPhone12, [000001DDD9F20600][000001DDD8BCB240 49] iPhone12Pro, [000001DDD9ECC900][000001DDD8BCF3C0 49] iPhone12ProMax, [000001DDD9F23300][000001DDD8BD3540 49] iPadPro105, [000001DDD9ECC600][000001DDD8BD76C0 49] iPadPro129, [000001DDD9F20A00][000001DDD8BDB840 49] iPadPro97, [000001DDD9ECF900][000001DDD8BDF9C0 49] iPadPro2_129, [000001DDD9F21F00][000001DDD0F1FB40 49] iPad5, [000001DDD9ECDA00][000001DDD0F22140 49] iPad6, [000001DDD9F20C00][000001DDD0F262C0 49] iPad7, [000001DDD9ECD500][000001DDD0F2A440 49] iPad8, [000001DDD9F20700][000001DDD0F2E5C0 49] iPadPro11, [000001DDD9ECE300][000001DDD0F32740 49] iPadPro2_11, [000001DDD9F20D00][000001DDD0F368C0 49] iPadPro3_129, [000001DDD9ECC300][000001DDD8BB6A00 49] iPadPro4_129, [000001DDD9F25900][000001DDD0F3AB40 49] AppleTV, [000001DDD9FC0800][000001DDD0F3EC80 49] AppleTV4K, [000001DDD9F27500][000001DDD0F42DC0 49] TVOS, [000001DDD9FC1C00][000001DDD0F4AF40 49] Mac, [000001DDD9F27100][000001DDD0F4F0C0 49] MacClient, [000001DDD9FC1600][000001DDD0F53240 49] MacNoEditor, [000001DDD9F24600][000001DDD0F573C0 49] MacServer, [000001DDD9FC1E00][000001DDDA663540 49] Linux, [000001DDD9F26500][000001DDDA6676C0 49] LinuxAArch64, [000001DDD9FC0C00][000001DDDA66B840 49] LinuxNoEditor, [000001DDD9F27600][000001DDDA66F9C0 49] LinuxAArch64NoEditor, [000001DDD9FC1100][000001DDDA673B40 49] LinuxClient, [000001DDD9F26A00][000001DDDA676140 49] LinuxAArch64Client, [000001DDD9FC0E00][000001DDDA67A2C0 49] LinuxServer, [000001DDD9F25100][000001DDDA67E440 49] LinuxAArch64Server, [000001DDD9FC0100][000001DDDA6825C0 49] Android, [000001DDD9F24D00][000001DDDA686740 49] Android_Low, [000001DDD9FC1B00][000001DDDA68A8C0 49] Android_Mid, [000001DDD9ECF800][000001DDDA68EA40 49] Android_High, [000001DDD9F21D00][000001DDD0F46B80 49] Android_Default, [000001DDD9ECE200][000001DDDA692CC0 49] Android_Adreno4xx, [000001DDD9F22000][000001DDDA696E00 49] Android_Adreno5xx_Low, [000001DDD9ECFD00][000001DDDA69AF40 49] Android_Adreno5xx, [000001DDD9F22C00][000001DDDA6A30C0 49] Android_Adreno6xx, [000001DDD9ECF100][000001DDDA6A7240 49] Android_Adreno6xx_Vulkan, [000001DDD9F20F00][000001DDDA6AB3C0 49] Android_Mali_T6xx, [000001DDD9ECCB00][000001DDD00BF540 49] Android_Mali_T7xx, [000001DDD9F20100][000001DDD00C36C0 49] Android_Mali_T8xx, [000001DDD9ECE800][000001DDD00C7840 49] Android_Mali_G71, [000001DDD9F23E00][000001DDD00CB9C0 49] Android_Mali_G72, [000001DDD9ECE600][000001DDD00CFB40 49] Android_Mali_G72_Vulkan, [000001DDD9F21B00][000001DDD00D2140 49] Android_Mali_G76, [000001DDD9ECC200][000001DDD00D62C0 49] Android_Mali_G76_Vulkan, [000001DDD9F21700][000001DDD00DA440 49] Android_Mali_G77, [000001DDD9ECEF00][000001DDD00DE5C0 49] Android_Mali_G77_Vulkan, [000001DDD9FC1900][000001DDD00E2740 49] Android_Mali_G78, [000001DDD9ECCC00][000001DDD00E68C0 49] Android_Mali_G78_Vulkan, [000001DDD9FC0300][000001DDD00EAA40 49] Android_Mali_G710, [000001DDD9ECEA00][000001DDD00EEBC0 49] Android_Mali_G710_Vulkan, [000001DDD9F21A00][000001DDD00F2D40 49] Android_Vulkan_SM5, [000001DDD9ECD700][000001DDDA69EE80 49] Android_PowerVR_G6xxx, [000001DDD9F23700][000001DDD00F6FC0 49] Android_PowerVR_GT7xxx, [000001DDD9ECEE00][000001DDD00FB100 49] Android_PowerVR_GE8xxx, [000001DDD9F22B00][000001DDD0103280 49] Android_PowerVR_GM9xxx, [000001DDD9ECC500][000001DDD0107400 49] Android_PowerVR_GM9xxx_Vulkan, [000001DDD9F22400][000001DDD010B580 49] Android_TegraK1, [000001DDD9ECFF00][000001DDD010F700 49] Android_Unknown_Vulkan, [000001DDD9F21300][000001DDD0113880 49] Lumin, [000001DDD9ECCF00][000001DDD0117A00 49] Lumin_Desktop, [000001DDD9F21600][000001DDCE8EFB80 49] HoloLens, 
[2022.10.08-14.30.16:366][  0]LogMeshReduction: Using QuadricMeshReduction for automatic static mesh reduction
[2022.10.08-14.30.16:366][  0]LogMeshReduction: Using SimplygonMeshReduction for automatic skeletal mesh reduction
[2022.10.08-14.30.16:367][  0]LogMeshReduction: Using ProxyLODMeshReduction for automatic mesh merging
[2022.10.08-14.30.16:367][  0]LogMeshReduction: No distributed automatic mesh merging module available
[2022.10.08-14.30.16:367][  0]LogMeshMerging: No distributed automatic mesh merging module available
[2022.10.08-14.30.16:392][  0]LogNetVersion: Zombone 1.0.0, NetCL: 17155196, EngineNetVer: 17, GameNetVer: 0 (Checksum: 1748673324)
[2022.10.08-14.30.16:789][  0]LogTexture: Default maximum texture size for cubemaps generated from long-lat sources has been changed from 512 to unlimited. In order to preserve old behaiour for '/Engine/MapTemplates/Sky/DaylightAmbientCubemap.DaylightAmbientCubemap', its maximum texture size has been explicitly set to 512.
[2022.10.08-14.30.16:874][  0]LogHMD: PokeAHoleMaterial loaded successfully
[2022.10.08-14.30.16:883][  0]LogUObjectArray: 17178 objects as part of root set at end of initial load.
[2022.10.08-14.30.16:883][  0]LogUObjectAllocator: 4302048 out of 0 bytes used by permanent object pool.
[2022.10.08-14.30.16:883][  0]LogUObjectArray: CloseDisregardForGC: 0/0 objects in disregard for GC pool
[2022.10.08-14.30.17:302][  0]LogPython: Using Python 3.7.7
[2022.10.08-14.30.17:974][  0]LogTcpMessaging: Initializing TcpMessaging bridge
