Log file open, 08/04/23 12:26:03
LogWindows: Failed to load 'aqProf.dll' (GetLastError=126)
LogWindows: File 'aqProf.dll' does not exist
LogWindows: Failed to load 'VtuneApi.dll' (GetLastError=126)
LogWindows: File 'VtuneApi.dll' does not exist
LogWindows: Failed to load 'VtuneApi32e.dll' (GetLastError=126)
LogWindows: File 'VtuneApi32e.dll' does not exist
LogConsoleResponse: Display: Failed to find resolution value strings in scalability ini. Falling back to default.
LogConsoleResponse: Display: Failed to find resolution value strings in scalability ini. Falling back to default.
LogInit: Display: Running engine for game: Zombone
LogPlatformFile: Not using cached read wrapper
LogTaskGraph: Started task graph with 5 named threads and 35 total threads with 3 sets of task threads.
LogStats: Stats thread started at 0.381472
LogICUInternationalization: ICU TimeZone Detection - Raw Offset: +1:00, Platform Override: ''
LogInit: Display: Loading text-based GConfig....
LogPluginManager: Mounting plugin MeshPainting
LogPluginManager: Mounting plugin XGEController
LogPluginManager: Mounting plugin Paper2D
LogPluginManager: Mounting plugin AISupport
LogPluginManager: Mounting plugin EnvironmentQueryEditor
LogPluginManager: Mounting plugin LightPropagationVolume
LogPluginManager: Mounting plugin LiveLink
LogPluginManager: Mounting plugin GameplayCameras
LogPluginManager: Mounting plugin CameraShakePreviewer
LogPluginManager: Mounting plugin OodleData
LogPluginManager: Mounting plugin OodleNetwork
LogPluginManager: Mounting plugin AnimationSharing
LogPluginManager: Mounting plugin CodeLiteSourceCodeAccess
LogPluginManager: Mounting plugin GitSourceControl
LogPluginManager: Mounting plugin CLionSourceCodeAccess
LogPluginManager: Mounting plugin KDevelopSourceCodeAccess
LogPluginManager: Mounting plugin NullSourceCodeAccess
LogPluginManager: Mounting plugin PerforceSourceControl
LogPluginManager: Mounting plugin PlasticSourceControl
LogPluginManager: Mounting plugin PixWinPlugin
LogPluginManager: Mounting plugin PluginUtils
LogPluginManager: Mounting plugin PropertyAccessNode
LogPluginManager: Mounting plugin RiderSourceCodeAccess
LogPluginManager: Mounting plugin SubversionSourceControl
LogPluginManager: Mounting plugin TextureFormatOodle
LogPluginManager: Mounting plugin VisualStudioCodeSourceCodeAccess
LogPluginManager: Mounting plugin VisualStudioSourceCodeAccess
LogPluginManager: Mounting plugin XCodeSourceCodeAccess
LogPluginManager: Mounting plugin UObjectPlugin
LogPluginManager: Mounting plugin AssetManagerEditor
LogPluginManager: Mounting plugin CryptoKeys
LogPluginManager: Mounting plugin DataValidation
LogPluginManager: Mounting plugin FacialAnimation
LogPluginManager: Mounting plugin CurveEditorTools
LogPluginManager: Mounting plugin GameplayTagsEditor
LogPluginManager: Mounting plugin GeometryMode
LogPluginManager: Mounting plugin MacGraphicsSwitching
LogPluginManager: Mounting plugin MaterialAnalyzer
LogPluginManager: Mounting plugin MobileLauncherProfileWizard
LogPluginManager: Mounting plugin PluginBrowser
LogPluginManager: Mounting plugin SpeedTreeImporter
LogPluginManager: Mounting plugin AlembicImporter
LogPluginManager: Mounting plugin AutomationUtils
LogPluginManager: Mounting plugin BackChannel
LogPluginManager: Mounting plugin ChaosCloth
LogPluginManager: Mounting plugin ChaosClothEditor
LogPluginManager: Mounting plugin ChaosNiagara
LogPluginManager: Mounting plugin ChaosSolverPlugin
LogPluginManager: Mounting plugin ChaosEditor
LogPluginManager: Mounting plugin CharacterAI
LogPluginManager: Mounting plugin GeometryCache
LogPluginManager: Mounting plugin GeometryCollectionPlugin
LogPluginManager: Mounting plugin GeometryProcessing
LogPluginManager: Mounting plugin OpenImageDenoise
LogPluginManager: Mounting plugin MotoSynth
LogPluginManager: Mounting plugin PlanarCut
LogPluginManager: Mounting plugin PlatformCrypto
LogPluginManager: Mounting plugin ProxyLODPlugin
LogPluginManager: Mounting plugin SkeletalReduction
LogPluginManager: Mounting plugin PythonScriptPlugin
LogPluginManager: Mounting plugin Niagara
LogPluginManager: Mounting plugin LuminPlatformFeatures
LogPluginManager: Mounting plugin MagicLeap
LogPluginManager: Mounting plugin MagicLeapLightEstimation
LogPluginManager: Mounting plugin MagicLeapMedia
LogPluginManager: Mounting plugin MLSDK
LogPluginManager: Mounting plugin AndroidMedia
LogPluginManager: Mounting plugin AvfMedia
LogPluginManager: Mounting plugin DatasmithContent
LogPluginManager: Mounting plugin ImgMedia
LogPluginManager: Mounting plugin VariantManagerContent
LogPluginManager: Mounting plugin MediaCompositing
LogPluginManager: Mounting plugin MediaPlayerEditor
LogPluginManager: Mounting plugin WebMMedia
LogPluginManager: Mounting plugin WmfMedia
LogPluginManager: Mounting plugin TcpMessaging
LogPluginManager: Mounting plugin UdpMessaging
LogPluginManager: Mounting plugin ActorSequence
LogPluginManager: Mounting plugin LevelSequenceEditor
LogPluginManager: Mounting plugin MatineeToLevelSequence
LogPluginManager: Mounting plugin TemplateSequence
LogPluginManager: Mounting plugin OnlineSubsystem
LogPluginManager: Mounting plugin OnlineSubsystemNull
LogPluginManager: Mounting plugin OnlineSubsystemUtils
LogPluginManager: Mounting plugin LauncherChunkInstaller
LogPluginManager: Mounting plugin ActorLayerUtilities
LogPluginManager: Mounting plugin AndroidDeviceProfileSelector
LogPluginManager: Mounting plugin AndroidMoviePlayer
LogPluginManager: Mounting plugin AndroidPermission
LogPluginManager: Mounting plugin AppleImageUtils
LogPluginManager: Mounting plugin AppleMoviePlayer
LogPluginManager: Mounting plugin ArchVisCharacter
LogPluginManager: Mounting plugin AssetTags
LogPluginManager: Mounting plugin AudioCapture
LogPluginManager: Mounting plugin AudioSynesthesia
LogPluginManager: Mounting plugin CableComponent
LogPluginManager: Mounting plugin ChunkDownloader
LogPluginManager: Mounting plugin CustomMeshComponent
LogPluginManager: Mounting plugin EditableMesh
LogPluginManager: Mounting plugin ExampleDeviceProfileSelector
LogPluginManager: Mounting plugin GooglePAD
LogPluginManager: Mounting plugin GoogleCloudMessaging
LogPluginManager: Mounting plugin IOSDeviceProfileSelector
LogPluginManager: Mounting plugin LinuxDeviceProfileSelector
LogPluginManager: Mounting plugin MobilePatchingUtils
LogPluginManager: Mounting plugin OpenXR
LogPluginManager: Mounting plugin OpenXREyeTracker
LogPluginManager: Mounting plugin OpenXRHandTracking
LogPluginManager: Mounting plugin PhysXVehicles
LogPluginManager: Mounting plugin PostSplashScreen
LogPluginManager: Mounting plugin PropertyAccessEditor
LogPluginManager: Mounting plugin ProceduralMeshComponent
LogPluginManager: Mounting plugin RuntimePhysXCooking
LogPluginManager: Mounting plugin SignificanceManager
LogPluginManager: Mounting plugin SoundFields
LogPluginManager: Mounting plugin Synthesis
LogPluginManager: Mounting plugin WebMMoviePlayer
LogPluginManager: Mounting plugin WindowsMoviePlayer
LogPluginManager: Mounting plugin ScreenshotTools
LogPluginManager: Mounting plugin LocationServicesBPLibrary
LogPluginManager: Mounting plugin Takes
LogPluginManager: Mounting plugin MagicLeapPassableWorld
LogPluginManager: Mounting plugin ContentBrowserClassDataSource
LogPluginManager: Mounting plugin ContentBrowserAssetDataSource
LogPluginManager: Mounting plugin ContentBrowserFileDataSource
LogPluginManager: Mounting plugin OnlineSubsystemIOS
LogPluginManager: Mounting plugin OnlineSubsystemGooglePlay
LogPluginManager: Mounting plugin OculusVR
LogPluginManager: Mounting plugin SteamVR
PixWinPlugin: PIX capture plugin failed to initialize! Check that the process is launched from PIX.
LogInit: Using libcurl 7.55.1-DEV
LogInit:  - built for x86_64-pc-win32
LogInit:  - supports SSL with OpenSSL/1.1.1
LogInit:  - supports HTTP deflate (compression) using libz 1.2.8
LogInit:  - other features:
LogInit:      CURL_VERSION_SSL
LogInit:      CURL_VERSION_LIBZ
LogInit:      CURL_VERSION_IPV6
LogInit:      CURL_VERSION_ASYNCHDNS
LogInit:      CURL_VERSION_LARGEFILE
LogInit:      CURL_VERSION_IDN
LogInit:  CurlRequestOptions (configurable via config and command line):
LogInit:  - bVerifyPeer = true  - Libcurl will verify peer certificate
LogInit:  - bUseHttpProxy = false  - Libcurl will NOT use HTTP proxy
LogInit:  - bDontReuseConnections = false  - Libcurl will reuse connections
LogInit:  - MaxHostConnections = 16  - Libcurl will limit the number of connections to a host
LogInit:  - LocalHostAddr = Default
LogInit:  - BufferSize = 65536
LogOnline: OSS: Creating online subsystem instance for: NULL
LogInit: WinSock: version 1.1 (2.2), MaxSocks=32767, MaxUdp=65467
LogOnline: OSS: TryLoadSubsystemAndSetDefault: Loaded subsystem for module [NULL]
LogOculusPluginWrapper: OculusPlugin initialized successfully
LogHMD: Failed initializing OVRPlugin 1.59.0
LogInit: Build: ++UE4+Release-4.27-CL-18319896
LogInit: Engine Version: 4.27.2-18319896+++UE4+Release-4.27
LogInit: Compatible Engine Version: 4.27.0-17155196+++UE4+Release-4.27
LogInit: Net CL: 17155196
LogInit: OS: Windows 10 (Release 2009) (), CPU: Intel(R) Core(TM) i7-7800X CPU @ 3.50GHz, GPU: NVIDIA GeForce GTX 1060 6GB
LogInit: Compiled (64-bit): Nov 30 2021 07:12:08
LogInit: Compiled with Visual C++: 19.24.28315.00
LogInit: Build Configuration: Development
LogInit: Branch Name: ++UE4+Release-4.27
LogInit: Command Line:  -skipcompile
LogInit: Base Directory: D:/Epic Games/UE_4.27/Engine/Binaries/Win64/
LogInit: Allocator: TBB
LogInit: Installed Engine Build: 1
LogDevObjectVersion: Number of dev versions registered: 29
LogDevObjectVersion:   Dev-Blueprints (B0D832E4-1F89-4F0D-ACCF-7EB736FD4AA2): 10
LogDevObjectVersion:   Dev-Build (E1C64328-A22C-4D53-A36C-8E866417BD8C): 0
LogDevObjectVersion:   Dev-Core (375EC13C-06E4-48FB-B500-84F0262A717E): 4
LogDevObjectVersion:   Dev-Editor (E4B068ED-F494-42E9-A231-DA0B2E46BB41): 40
LogDevObjectVersion:   Dev-Framework (CFFC743F-43B0-4480-9391-14DF171D2073): 37
LogDevObjectVersion:   Dev-Mobile (B02B49B5-BB20-44E9-A304-32B752E40360): 3
LogDevObjectVersion:   Dev-Networking (A4E4105C-59A1-49B5-A7C5-40C4547EDFEE): 0
LogDevObjectVersion:   Dev-Online (39C831C9-5AE6-47DC-9A44-9C173E1C8E7C): 0
LogDevObjectVersion:   Dev-Physics (78F01B33-EBEA-4F98-B9B4-84EACCB95AA2): 14
LogDevObjectVersion:   Dev-Platform (6631380F-2D4D-43E0-8009-CF276956A95A): 0
LogDevObjectVersion:   Dev-Rendering (12F88B9F-8875-4AFC-A67C-D90C383ABD29): 45
LogDevObjectVersion:   Dev-Sequencer (7B5AE74C-D270-4C10-A958-57980B212A5A): 13
LogDevObjectVersion:   Dev-VR (D7296918-1DD6-4BDD-9DE2-64A83CC13884): 3
LogDevObjectVersion:   Dev-LoadTimes (C2A15278-BFE7-4AFE-6C17-90FF531DF755): 1
LogDevObjectVersion:   Private-Geometry (6EACA3D4-40EC-4CC1-B786-8BED09428FC5): 3
LogDevObjectVersion:   Dev-AnimPhys (29E575DD-E0A3-4627-9D10-D276232CDCEA): 17
LogDevObjectVersion:   Dev-Anim (AF43A65D-7FD3-4947-9873-3E8ED9C1BB05): 15
LogDevObjectVersion:   Dev-ReflectionCapture (6B266CEC-1EC7-4B8F-A30B-E4D90942FC07): 1
LogDevObjectVersion:   Dev-Automation (0DF73D61-A23F-47EA-B727-89E90C41499A): 1
LogDevObjectVersion:   FortniteMain (601D1886-AC64-4F84-AA16-D3DE0DEAC7D6): 47
LogDevObjectVersion:   FortniteRelease (E7086368-6B23-4C58-8439-1B7016265E91): 1
LogDevObjectVersion:   Dev-Enterprise (9DFFBCD6-494F-0158-E221-12823C92A888): 10
LogDevObjectVersion:   Dev-Niagara (F2AED0AC-9AFE-416F-8664-AA7FFA26D6FC): 1
LogDevObjectVersion:   Dev-Destruction (174F1F0B-B4C6-45A5-B13F-2EE8D0FB917D): 10
LogDevObjectVersion:   Dev-Physics-Ext (35F94A83-E258-406C-A318-09F59610247C): 41
LogDevObjectVersion:   Dev-PhysicsMaterial-Chaos (B68FC16E-8B1B-42E2-B453-215C058844FE): 1
LogDevObjectVersion:   Dev-CineCamera (B2E18506-4273-CFC2-A54E-F4BB758BBA07): 1
LogDevObjectVersion:   Dev-VirtualProduction (64F58936-FD1B-42BA-BA96-7289D5D0FA4E): 1
LogDevObjectVersion:   Dev-MediaFramework (6F0ED827-A609-4895-9C91-998D90180EA4): 2
LogInit: Presizing for max 25165824 objects, including 0 objects not considered by GC, pre-allocating 0 bytes for permanent pool.
LogConfig: Applying CVar settings from Section [/Script/Engine.StreamingSettings] File [E:/Portfolio/Unreal/FPS_Game/Zombone/Saved/Config/Windows/Engine.ini]
LogConfig: Setting CVar [[s.MinBulkDataSizeForAsyncLoading:131072]]
LogConfig: Setting CVar [[s.AsyncLoadingThreadEnabled:0]]
LogConfig: Setting CVar [[s.EventDrivenLoaderEnabled:1]]
LogConfig: Setting CVar [[s.WarnIfTimeLimitExceeded:0]]
LogConfig: Setting CVar [[s.TimeLimitExceededMultiplier:1.5]]
LogConfig: Setting CVar [[s.TimeLimitExceededMinTime:0.005]]
LogConfig: Setting CVar [[s.UseBackgroundLevelStreaming:1]]
LogConfig: Setting CVar [[s.PriorityAsyncLoadingExtraTime:15.0]]
LogConfig: Setting CVar [[s.LevelStreamingActorsUpdateTimeLimit:5.0]]
LogConfig: Setting CVar [[s.PriorityLevelStreamingActorsUpdateExtraTime:5.0]]
LogConfig: Setting CVar [[s.LevelStreamingComponentsRegistrationGranularity:10]]
LogConfig: Setting CVar [[s.UnregisterComponentsTimeLimit:1.0]]
LogConfig: Setting CVar [[s.LevelStreamingComponentsUnregistrationGranularity:5]]
LogConfig: Setting CVar [[s.FlushStreamingOnExit:1]]
LogInit: Object subsystem initialized
LogConfig: Setting CVar [[con.DebugEarlyDefault:1]]
LogConfig: Setting CVar [[r.setres:1280x720]]
[2023.08.04-10.26.05:181][  0]LogConfig: Setting CVar [[r.VSync:0]]
[2023.08.04-10.26.05:181][  0]LogConfig: Setting CVar [[r.RHICmdBypass:0]]
[2023.08.04-10.26.05:181][  0]LogConfig: Applying CVar settings from Section [/Script/Engine.RendererSettings] File [E:/Portfolio/Unreal/FPS_Game/Zombone/Saved/Config/Windows/Engine.ini]
[2023.08.04-10.26.05:182][  0]LogConfig: Setting CVar [[r.GPUCrashDebugging:0]]
[2023.08.04-10.26.05:182][  0]LogConfig: Applying CVar settings from Section [/Script/Engine.RendererOverrideSettings] File [E:/Portfolio/Unreal/FPS_Game/Zombone/Saved/Config/Windows/Engine.ini]
[2023.08.04-10.26.05:182][  0]LogConfig: Applying CVar settings from Section [/Script/Engine.StreamingSettings] File [E:/Portfolio/Unreal/FPS_Game/Zombone/Saved/Config/Windows/Engine.ini]
[2023.08.04-10.26.05:182][  0]LogConfig: Setting CVar [[s.MinBulkDataSizeForAsyncLoading:131072]]
[2023.08.04-10.26.05:182][  0]LogConfig: Setting CVar [[s.AsyncLoadingThreadEnabled:0]]
[2023.08.04-10.26.05:182][  0]LogConfig: Setting CVar [[s.EventDrivenLoaderEnabled:1]]
[2023.08.04-10.26.05:182][  0]LogConfig: Setting CVar [[s.WarnIfTimeLimitExceeded:0]]
[2023.08.04-10.26.05:182][  0]LogConfig: Setting CVar [[s.TimeLimitExceededMultiplier:1.5]]
[2023.08.04-10.26.05:182][  0]LogConfig: Setting CVar [[s.TimeLimitExceededMinTime:0.005]]
[2023.08.04-10.26.05:182][  0]LogConfig: Setting CVar [[s.UseBackgroundLevelStreaming:1]]
[2023.08.04-10.26.05:182][  0]LogConfig: Setting CVar [[s.PriorityAsyncLoadingExtraTime:15.0]]
[2023.08.04-10.26.05:182][  0]LogConfig: Setting CVar [[s.LevelStreamingActorsUpdateTimeLimit:5.0]]
[2023.08.04-10.26.05:182][  0]LogConfig: Setting CVar [[s.PriorityLevelStreamingActorsUpdateExtraTime:5.0]]
[2023.08.04-10.26.05:182][  0]LogConfig: Setting CVar [[s.LevelStreamingComponentsRegistrationGranularity:10]]
[2023.08.04-10.26.05:183][  0]LogConfig: Setting CVar [[s.UnregisterComponentsTimeLimit:1.0]]
[2023.08.04-10.26.05:183][  0]LogConfig: Setting CVar [[s.LevelStreamingComponentsUnregistrationGranularity:5]]
[2023.08.04-10.26.05:183][  0]LogConfig: Setting CVar [[s.FlushStreamingOnExit:1]]
[2023.08.04-10.26.05:183][  0]LogConfig: Applying CVar settings from Section [/Script/Engine.GarbageCollectionSettings] File [E:/Portfolio/Unreal/FPS_Game/Zombone/Saved/Config/Windows/Engine.ini]
[2023.08.04-10.26.05:183][  0]LogConfig: Setting CVar [[gc.MaxObjectsNotConsideredByGC:1]]
[2023.08.04-10.26.05:183][  0]LogConfig: Setting CVar [[gc.SizeOfPermanentObjectPool:0]]
[2023.08.04-10.26.05:183][  0]LogConfig: Setting CVar [[gc.FlushStreamingOnGC:0]]
[2023.08.04-10.26.05:183][  0]LogConfig: Setting CVar [[gc.NumRetriesBeforeForcingGC:10]]
[2023.08.04-10.26.05:183][  0]LogConfig: Setting CVar [[gc.AllowParallelGC:1]]
[2023.08.04-10.26.05:183][  0]LogConfig: Setting CVar [[gc.TimeBetweenPurgingPendingKillObjects:61.1]]
[2023.08.04-10.26.05:183][  0]LogConfig: Setting CVar [[gc.MaxObjectsInEditor:25165824]]
[2023.08.04-10.26.05:183][  0]LogConfig: Setting CVar [[gc.IncrementalBeginDestroyEnabled:1]]
[2023.08.04-10.26.05:183][  0]LogConfig: Setting CVar [[gc.CreateGCClusters:1]]
[2023.08.04-10.26.05:183][  0]LogConfig: Setting CVar [[gc.MinGCClusterSize:5]]
[2023.08.04-10.26.05:183][  0]LogConfig: Setting CVar [[gc.ActorClusteringEnabled:0]]
[2023.08.04-10.26.05:183][  0]LogConfig: Setting CVar [[gc.BlueprintClusteringEnabled:0]]
[2023.08.04-10.26.05:183][  0]LogConfig: Setting CVar [[gc.UseDisregardForGCOnDedicatedServers:0]]
[2023.08.04-10.26.05:184][  0]LogConfig: Setting CVar [[gc.MultithreadedDestructionEnabled:1]]
[2023.08.04-10.26.05:184][  0]LogConfig: Applying CVar settings from Section [/Script/Engine.NetworkSettings] File [E:/Portfolio/Unreal/FPS_Game/Zombone/Saved/Config/Windows/Engine.ini]
[2023.08.04-10.26.05:184][  0]LogConfig: Applying CVar settings from Section [/Script/UnrealEd.CookerSettings] File [E:/Portfolio/Unreal/FPS_Game/Zombone/Saved/Config/Windows/Engine.ini]
[2023.08.04-10.26.05:200][  0]LogConfig: Applying CVar settings from Section [ViewDistanceQuality@3] File [E:/Portfolio/Unreal/FPS_Game/Zombone/Saved/Config/Windows/Scalability.ini]
[2023.08.04-10.26.05:200][  0]LogConfig: Setting CVar [[r.SkeletalMeshLODBias:0]]
[2023.08.04-10.26.05:200][  0]LogConfig: Setting CVar [[r.ViewDistanceScale:1.0]]
[2023.08.04-10.26.05:200][  0]LogConfig: Applying CVar settings from Section [AntiAliasingQuality@3] File [E:/Portfolio/Unreal/FPS_Game/Zombone/Saved/Config/Windows/Scalability.ini]
[2023.08.04-10.26.05:200][  0]LogConfig: Setting CVar [[r.PostProcessAAQuality:4]]
[2023.08.04-10.26.05:200][  0]LogConfig: Applying CVar settings from Section [ShadowQuality@3] File [E:/Portfolio/Unreal/FPS_Game/Zombone/Saved/Config/Windows/Scalability.ini]
[2023.08.04-10.26.05:200][  0]LogConfig: Setting CVar [[r.LightFunctionQuality:1]]
[2023.08.04-10.26.05:200][  0]LogConfig: Setting CVar [[r.ShadowQuality:5]]
[2023.08.04-10.26.05:200][  0]LogConfig: Setting CVar [[r.Shadow.CSM.MaxCascades:10]]
[2023.08.04-10.26.05:200][  0]LogConfig: Setting CVar [[r.Shadow.MaxResolution:2048]]
[2023.08.04-10.26.05:200][  0]LogConfig: Setting CVar [[r.Shadow.MaxCSMResolution:2048]]
[2023.08.04-10.26.05:200][  0]LogConfig: Setting CVar [[r.Shadow.RadiusThreshold:0.01]]
[2023.08.04-10.26.05:201][  0]LogConfig: Setting CVar [[r.Shadow.DistanceScale:1.0]]
[2023.08.04-10.26.05:201][  0]LogConfig: Setting CVar [[r.Shadow.CSM.TransitionScale:1.0]]
[2023.08.04-10.26.05:201][  0]LogConfig: Setting CVar [[r.Shadow.PreShadowResolutionFactor:1.0]]
[2023.08.04-10.26.05:201][  0]LogConfig: Setting CVar [[r.DistanceFieldShadowing:1]]
[2023.08.04-10.26.05:201][  0]LogConfig: Setting CVar [[r.DistanceFieldAO:1]]
[2023.08.04-10.26.05:201][  0]LogConfig: Setting CVar [[r.AOQuality:2]]
[2023.08.04-10.26.05:201][  0]LogConfig: Setting CVar [[r.VolumetricFog:1]]
[2023.08.04-10.26.05:201][  0]LogConfig: Setting CVar [[r.VolumetricFog.GridPixelSize:8]]
[2023.08.04-10.26.05:201][  0]LogConfig: Setting CVar [[r.VolumetricFog.GridSizeZ:128]]
[2023.08.04-10.26.05:201][  0]LogConfig: Setting CVar [[r.VolumetricFog.HistoryMissSupersampleCount:4]]
[2023.08.04-10.26.05:201][  0]LogConfig: Setting CVar [[r.LightMaxDrawDistanceScale:1]]
[2023.08.04-10.26.05:201][  0]LogConfig: Setting CVar [[r.CapsuleShadows:1]]
[2023.08.04-10.26.05:201][  0]LogConfig: Applying CVar settings from Section [PostProcessQuality@3] File [E:/Portfolio/Unreal/FPS_Game/Zombone/Saved/Config/Windows/Scalability.ini]
[2023.08.04-10.26.05:201][  0]LogConfig: Setting CVar [[r.MotionBlurQuality:4]]
[2023.08.04-10.26.05:202][  0]LogConfig: Setting CVar [[r.AmbientOcclusionMipLevelFactor:0.4]]
[2023.08.04-10.26.05:202][  0]LogConfig: Setting CVar [[r.AmbientOcclusionMaxQuality:100]]
[2023.08.04-10.26.05:202][  0]LogConfig: Setting CVar [[r.AmbientOcclusionLevels:-1]]
[2023.08.04-10.26.05:202][  0]LogConfig: Setting CVar [[r.AmbientOcclusionRadiusScale:1.0]]
[2023.08.04-10.26.05:202][  0]LogConfig: Setting CVar [[r.DepthOfFieldQuality:2]]
[2023.08.04-10.26.05:202][  0]LogConfig: Setting CVar [[r.RenderTargetPoolMin:400]]
[2023.08.04-10.26.05:202][  0]LogConfig: Setting CVar [[r.LensFlareQuality:2]]
[2023.08.04-10.26.05:202][  0]LogConfig: Setting CVar [[r.SceneColorFringeQuality:1]]
[2023.08.04-10.26.05:202][  0]LogConfig: Setting CVar [[r.EyeAdaptationQuality:2]]
[2023.08.04-10.26.05:202][  0]LogConfig: Setting CVar [[r.BloomQuality:5]]
[2023.08.04-10.26.05:203][  0]LogConfig: Setting CVar [[r.FastBlurThreshold:100]]
[2023.08.04-10.26.05:203][  0]LogConfig: Setting CVar [[r.Upscale.Quality:3]]
[2023.08.04-10.26.05:203][  0]LogConfig: Setting CVar [[r.Tonemapper.GrainQuantization:1]]
[2023.08.04-10.26.05:203][  0]LogConfig: Setting CVar [[r.LightShaftQuality:1]]
[2023.08.04-10.26.05:203][  0]LogConfig: Setting CVar [[r.Filter.SizeScale:1]]
[2023.08.04-10.26.05:203][  0]LogConfig: Setting CVar [[r.Tonemapper.Quality:5]]
[2023.08.04-10.26.05:203][  0]LogConfig: Setting CVar [[r.DOF.Gather.AccumulatorQuality:1        ; higher gathering accumulator quality]]
[2023.08.04-10.26.05:203][  0]LogConfig: Setting CVar [[r.DOF.Gather.PostfilterMethod:1          ; Median3x3 postfilering method]]
[2023.08.04-10.26.05:203][  0]LogConfig: Setting CVar [[r.DOF.Gather.EnableBokehSettings:0       ; no bokeh simulation when gathering]]
[2023.08.04-10.26.05:204][  0]LogConfig: Setting CVar [[r.DOF.Gather.RingCount:4                 ; medium number of samples when gathering]]
[2023.08.04-10.26.05:204][  0]LogConfig: Setting CVar [[r.DOF.Scatter.ForegroundCompositing:1    ; additive foreground scattering]]
[2023.08.04-10.26.05:204][  0]LogConfig: Setting CVar [[r.DOF.Scatter.BackgroundCompositing:2    ; additive background scattering]]
[2023.08.04-10.26.05:204][  0]LogConfig: Setting CVar [[r.DOF.Scatter.EnableBokehSettings:1      ; bokeh simulation when scattering]]
[2023.08.04-10.26.05:204][  0]LogConfig: Setting CVar [[r.DOF.Scatter.MaxSpriteRatio:0.1         ; only a maximum of 10% of scattered bokeh]]
[2023.08.04-10.26.05:204][  0]LogConfig: Setting CVar [[r.DOF.Recombine.Quality:1                ; cheap slight out of focus]]
[2023.08.04-10.26.05:204][  0]LogConfig: Setting CVar [[r.DOF.Recombine.EnableBokehSettings:0    ; no bokeh simulation on slight out of focus]]
[2023.08.04-10.26.05:204][  0]LogConfig: Setting CVar [[r.DOF.TemporalAAQuality:1                ; more stable temporal accumulation]]
[2023.08.04-10.26.05:204][  0]LogConfig: Setting CVar [[r.DOF.Kernel.MaxForegroundRadius:0.025]]
[2023.08.04-10.26.05:204][  0]LogConfig: Setting CVar [[r.DOF.Kernel.MaxBackgroundRadius:0.025]]
[2023.08.04-10.26.05:204][  0]LogConfig: Applying CVar settings from Section [TextureQuality@3] File [E:/Portfolio/Unreal/FPS_Game/Zombone/Saved/Config/Windows/Scalability.ini]
[2023.08.04-10.26.05:204][  0]LogConfig: Setting CVar [[r.Streaming.MipBias:0]]
[2023.08.04-10.26.05:204][  0]LogConfig: Setting CVar [[r.Streaming.AmortizeCPUToGPUCopy:0]]
[2023.08.04-10.26.05:204][  0]LogConfig: Setting CVar [[r.Streaming.MaxNumTexturesToStreamPerFrame:0]]
[2023.08.04-10.26.05:205][  0]LogConfig: Setting CVar [[r.Streaming.Boost:1]]
[2023.08.04-10.26.05:205][  0]LogConfig: Setting CVar [[r.MaxAnisotropy:8]]
[2023.08.04-10.26.05:205][  0]LogConfig: Setting CVar [[r.VT.MaxAnisotropy:8]]
[2023.08.04-10.26.05:205][  0]LogConfig: Setting CVar [[r.Streaming.LimitPoolSizeToVRAM:0]]
[2023.08.04-10.26.05:205][  0]LogConfig: Setting CVar [[r.Streaming.PoolSize:1000]]
[2023.08.04-10.26.05:205][  0]LogConfig: Setting CVar [[r.Streaming.MaxEffectiveScreenSize:0]]
[2023.08.04-10.26.05:205][  0]LogConfig: Applying CVar settings from Section [EffectsQuality@3] File [E:/Portfolio/Unreal/FPS_Game/Zombone/Saved/Config/Windows/Scalability.ini]
[2023.08.04-10.26.05:205][  0]LogConfig: Setting CVar [[r.TranslucencyLightingVolumeDim:64]]
[2023.08.04-10.26.05:205][  0]LogConfig: Setting CVar [[r.RefractionQuality:2]]
[2023.08.04-10.26.05:205][  0]LogConfig: Setting CVar [[r.SSR.Quality:3]]
[2023.08.04-10.26.05:205][  0]LogConfig: Setting CVar [[r.SSR.HalfResSceneColor:0]]
[2023.08.04-10.26.05:205][  0]LogConfig: Setting CVar [[r.SceneColorFormat:4]]
[2023.08.04-10.26.05:205][  0]LogConfig: Setting CVar [[r.DetailMode:2]]
[2023.08.04-10.26.05:205][  0]LogConfig: Setting CVar [[r.TranslucencyVolumeBlur:1]]
[2023.08.04-10.26.05:205][  0]LogConfig: Setting CVar [[r.MaterialQualityLevel:1 ; High quality]]
[2023.08.04-10.26.05:205][  0]LogConfig: Setting CVar [[r.AnisotropicMaterials:1]]
[2023.08.04-10.26.05:205][  0]LogConfig: Setting CVar [[r.SSS.Scale:1]]
[2023.08.04-10.26.05:205][  0]LogConfig: Setting CVar [[r.SSS.SampleSet:2]]
[2023.08.04-10.26.05:206][  0]LogConfig: Setting CVar [[r.SSS.Quality:1]]
[2023.08.04-10.26.05:206][  0]LogConfig: Setting CVar [[r.SSS.HalfRes:0]]
[2023.08.04-10.26.05:206][  0]LogConfig: Setting CVar [[r.SSGI.Quality:3]]
[2023.08.04-10.26.05:206][  0]LogConfig: Setting CVar [[r.EmitterSpawnRateScale:1.0]]
[2023.08.04-10.26.05:206][  0]LogConfig: Setting CVar [[r.ParticleLightQuality:2]]
[2023.08.04-10.26.05:206][  0]LogConfig: Setting CVar [[r.SkyAtmosphere.AerialPerspectiveLUT.FastApplyOnOpaque:1 ; Always have FastSkyLUT 1 in this case to avoid wrong sky]]
[2023.08.04-10.26.05:206][  0]LogConfig: Setting CVar [[r.SkyAtmosphere.AerialPerspectiveLUT.SampleCountMaxPerSlice:4]]
[2023.08.04-10.26.05:206][  0]LogConfig: Setting CVar [[r.SkyAtmosphere.AerialPerspectiveLUT.DepthResolution:16.0]]
[2023.08.04-10.26.05:206][  0]LogConfig: Setting CVar [[r.SkyAtmosphere.FastSkyLUT:1]]
[2023.08.04-10.26.05:206][  0]LogConfig: Setting CVar [[r.SkyAtmosphere.FastSkyLUT.SampleCountMin:4.0]]
[2023.08.04-10.26.05:206][  0]LogConfig: Setting CVar [[r.SkyAtmosphere.FastSkyLUT.SampleCountMax:128.0]]
[2023.08.04-10.26.05:206][  0]LogConfig: Setting CVar [[r.SkyAtmosphere.SampleCountMin:4.0]]
[2023.08.04-10.26.05:206][  0]LogConfig: Setting CVar [[r.SkyAtmosphere.SampleCountMax:128.0]]
[2023.08.04-10.26.05:206][  0]LogConfig: Setting CVar [[r.SkyAtmosphere.TransmittanceLUT.UseSmallFormat:0]]
[2023.08.04-10.26.05:206][  0]LogConfig: Setting CVar [[r.SkyAtmosphere.TransmittanceLUT.SampleCount:10.0]]
[2023.08.04-10.26.05:206][  0]LogConfig: Setting CVar [[r.SkyAtmosphere.MultiScatteringLUT.SampleCount:15.0]]
[2023.08.04-10.26.05:206][  0]LogConfig: Setting CVar [[r.SkyLight.RealTimeReflectionCapture:1]]
[2023.08.04-10.26.05:207][  0]LogConfig: Applying CVar settings from Section [FoliageQuality@3] File [E:/Portfolio/Unreal/FPS_Game/Zombone/Saved/Config/Windows/Scalability.ini]
[2023.08.04-10.26.05:207][  0]LogConfig: Setting CVar [[foliage.DensityScale:1.0]]
[2023.08.04-10.26.05:207][  0]LogConfig: Setting CVar [[grass.DensityScale:1.0]]
[2023.08.04-10.26.05:207][  0]LogConfig: Applying CVar settings from Section [ShadingQuality@3] File [E:/Portfolio/Unreal/FPS_Game/Zombone/Saved/Config/Windows/Scalability.ini]
[2023.08.04-10.26.05:207][  0]LogConfig: Setting CVar [[r.HairStrands.SkyLighting.IntegrationType:2]]
[2023.08.04-10.26.05:207][  0]LogConfig: Setting CVar [[r.HairStrands.SkyAO.SampleCount:4]]
[2023.08.04-10.26.05:207][  0]LogConfig: Setting CVar [[r.HairStrands.Visibility.MSAA.SamplePerPixel:4]]
[2023.08.04-10.26.05:207][  0]LogInit: Selected Device Profile: [Windows]
[2023.08.04-10.26.05:207][  0]LogInit: Applying CVar settings loaded from the selected device profile: [Windows]
[2023.08.04-10.26.05:207][  0]LogHAL: Display: Platform has ~ 32 GB [34019524608 / 34359738368 / 32], which maps to Largest [LargestMinGB=32, LargerMinGB=12, DefaultMinGB=8, SmallerMinGB=6, SmallestMinGB=0)
[2023.08.04-10.26.05:207][  0]LogInit: Going up to parent DeviceProfile []
[2023.08.04-10.26.05:207][  0]LogConfig: Applying CVar settings from Section [ViewDistanceQuality@3] File [E:/Portfolio/Unreal/FPS_Game/Zombone/Saved/Config/Windows/Scalability.ini]
[2023.08.04-10.26.05:207][  0]LogConfig: Setting CVar [[r.SkeletalMeshLODBias:0]]
[2023.08.04-10.26.05:208][  0]LogConfig: Setting CVar [[r.ViewDistanceScale:1.0]]
[2023.08.04-10.26.05:208][  0]LogConfig: Applying CVar settings from Section [AntiAliasingQuality@3] File [E:/Portfolio/Unreal/FPS_Game/Zombone/Saved/Config/Windows/Scalability.ini]
[2023.08.04-10.26.05:208][  0]LogConfig: Setting CVar [[r.PostProcessAAQuality:4]]
[2023.08.04-10.26.05:208][  0]LogConfig: Applying CVar settings from Section [ShadowQuality@3] File [E:/Portfolio/Unreal/FPS_Game/Zombone/Saved/Config/Windows/Scalability.ini]
[2023.08.04-10.26.05:208][  0]LogConfig: Setting CVar [[r.LightFunctionQuality:1]]
[2023.08.04-10.26.05:208][  0]LogConfig: Setting CVar [[r.ShadowQuality:5]]
[2023.08.04-10.26.05:208][  0]LogConfig: Setting CVar [[r.Shadow.CSM.MaxCascades:10]]
[2023.08.04-10.26.05:208][  0]LogConfig: Setting CVar [[r.Shadow.MaxResolution:2048]]
[2023.08.04-10.26.05:208][  0]LogConfig: Setting CVar [[r.Shadow.MaxCSMResolution:2048]]
[2023.08.04-10.26.05:208][  0]LogConfig: Setting CVar [[r.Shadow.RadiusThreshold:0.01]]
[2023.08.04-10.26.05:208][  0]LogConfig: Setting CVar [[r.Shadow.DistanceScale:1.0]]
[2023.08.04-10.26.05:208][  0]LogConfig: Setting CVar [[r.Shadow.CSM.TransitionScale:1.0]]
[2023.08.04-10.26.05:208][  0]LogConfig: Setting CVar [[r.Shadow.PreShadowResolutionFactor:1.0]]
[2023.08.04-10.26.05:208][  0]LogConfig: Setting CVar [[r.DistanceFieldShadowing:1]]
[2023.08.04-10.26.05:208][  0]LogConfig: Setting CVar [[r.DistanceFieldAO:1]]
[2023.08.04-10.26.05:208][  0]LogConfig: Setting CVar [[r.AOQuality:2]]
[2023.08.04-10.26.05:208][  0]LogConfig: Setting CVar [[r.VolumetricFog:1]]
[2023.08.04-10.26.05:209][  0]LogConfig: Setting CVar [[r.VolumetricFog.GridPixelSize:8]]
[2023.08.04-10.26.05:209][  0]LogConfig: Setting CVar [[r.VolumetricFog.GridSizeZ:128]]
[2023.08.04-10.26.05:209][  0]LogConfig: Setting CVar [[r.VolumetricFog.HistoryMissSupersampleCount:4]]
[2023.08.04-10.26.05:209][  0]LogConfig: Setting CVar [[r.LightMaxDrawDistanceScale:1]]
[2023.08.04-10.26.05:209][  0]LogConfig: Setting CVar [[r.CapsuleShadows:1]]
[2023.08.04-10.26.05:209][  0]LogConfig: Applying CVar settings from Section [PostProcessQuality@3] File [E:/Portfolio/Unreal/FPS_Game/Zombone/Saved/Config/Windows/Scalability.ini]
[2023.08.04-10.26.05:209][  0]LogConfig: Setting CVar [[r.MotionBlurQuality:4]]
[2023.08.04-10.26.05:209][  0]LogConfig: Setting CVar [[r.AmbientOcclusionMipLevelFactor:0.4]]
[2023.08.04-10.26.05:209][  0]LogConfig: Setting CVar [[r.AmbientOcclusionMaxQuality:100]]
[2023.08.04-10.26.05:209][  0]LogConfig: Setting CVar [[r.AmbientOcclusionLevels:-1]]
[2023.08.04-10.26.05:209][  0]LogConfig: Setting CVar [[r.AmbientOcclusionRadiusScale:1.0]]
[2023.08.04-10.26.05:209][  0]LogConfig: Setting CVar [[r.DepthOfFieldQuality:2]]
[2023.08.04-10.26.05:209][  0]LogConfig: Setting CVar [[r.RenderTargetPoolMin:400]]
[2023.08.04-10.26.05:209][  0]LogConfig: Setting CVar [[r.LensFlareQuality:2]]
[2023.08.04-10.26.05:209][  0]LogConfig: Setting CVar [[r.SceneColorFringeQuality:1]]
[2023.08.04-10.26.05:209][  0]LogConfig: Setting CVar [[r.EyeAdaptationQuality:2]]
[2023.08.04-10.26.05:209][  0]LogConfig: Setting CVar [[r.BloomQuality:5]]
[2023.08.04-10.26.05:210][  0]LogConfig: Setting CVar [[r.FastBlurThreshold:100]]
[2023.08.04-10.26.05:210][  0]LogConfig: Setting CVar [[r.Upscale.Quality:3]]
[2023.08.04-10.26.05:210][  0]LogConfig: Setting CVar [[r.Tonemapper.GrainQuantization:1]]
[2023.08.04-10.26.05:210][  0]LogConfig: Setting CVar [[r.LightShaftQuality:1]]
[2023.08.04-10.26.05:210][  0]LogConfig: Setting CVar [[r.Filter.SizeScale:1]]
[2023.08.04-10.26.05:210][  0]LogConfig: Setting CVar [[r.Tonemapper.Quality:5]]
[2023.08.04-10.26.05:210][  0]LogConfig: Setting CVar [[r.DOF.Gather.AccumulatorQuality:1        ; higher gathering accumulator quality]]
[2023.08.04-10.26.05:210][  0]LogConfig: Setting CVar [[r.DOF.Gather.PostfilterMethod:1          ; Median3x3 postfilering method]]
[2023.08.04-10.26.05:210][  0]LogConfig: Setting CVar [[r.DOF.Gather.EnableBokehSettings:0       ; no bokeh simulation when gathering]]
[2023.08.04-10.26.05:210][  0]LogConfig: Setting CVar [[r.DOF.Gather.RingCount:4                 ; medium number of samples when gathering]]
[2023.08.04-10.26.05:210][  0]LogConfig: Setting CVar [[r.DOF.Scatter.ForegroundCompositing:1    ; additive foreground scattering]]
[2023.08.04-10.26.05:210][  0]LogConfig: Setting CVar [[r.DOF.Scatter.BackgroundCompositing:2    ; additive background scattering]]
[2023.08.04-10.26.05:210][  0]LogConfig: Setting CVar [[r.DOF.Scatter.EnableBokehSettings:1      ; bokeh simulation when scattering]]
[2023.08.04-10.26.05:210][  0]LogConfig: Setting CVar [[r.DOF.Scatter.MaxSpriteRatio:0.1         ; only a maximum of 10% of scattered bokeh]]
[2023.08.04-10.26.05:210][  0]LogConfig: Setting CVar [[r.DOF.Recombine.Quality:1                ; cheap slight out of focus]]
[2023.08.04-10.26.05:210][  0]LogConfig: Setting CVar [[r.DOF.Recombine.EnableBokehSettings:0    ; no bokeh simulation on slight out of focus]]
[2023.08.04-10.26.05:211][  0]LogConfig: Setting CVar [[r.DOF.TemporalAAQuality:1                ; more stable temporal accumulation]]
[2023.08.04-10.26.05:211][  0]LogConfig: Setting CVar [[r.DOF.Kernel.MaxForegroundRadius:0.025]]
[2023.08.04-10.26.05:211][  0]LogConfig: Setting CVar [[r.DOF.Kernel.MaxBackgroundRadius:0.025]]
[2023.08.04-10.26.05:211][  0]LogConfig: Applying CVar settings from Section [TextureQuality@3] File [E:/Portfolio/Unreal/FPS_Game/Zombone/Saved/Config/Windows/Scalability.ini]
[2023.08.04-10.26.05:211][  0]LogConfig: Setting CVar [[r.Streaming.MipBias:0]]
[2023.08.04-10.26.05:211][  0]LogConfig: Setting CVar [[r.Streaming.AmortizeCPUToGPUCopy:0]]
[2023.08.04-10.26.05:211][  0]LogConfig: Setting CVar [[r.Streaming.MaxNumTexturesToStreamPerFrame:0]]
[2023.08.04-10.26.05:211][  0]LogConfig: Setting CVar [[r.Streaming.Boost:1]]
[2023.08.04-10.26.05:211][  0]LogConfig: Setting CVar [[r.MaxAnisotropy:8]]
[2023.08.04-10.26.05:211][  0]LogConfig: Setting CVar [[r.VT.MaxAnisotropy:8]]
[2023.08.04-10.26.05:211][  0]LogConfig: Setting CVar [[r.Streaming.LimitPoolSizeToVRAM:0]]
[2023.08.04-10.26.05:211][  0]LogConfig: Setting CVar [[r.Streaming.PoolSize:1000]]
[2023.08.04-10.26.05:211][  0]LogConfig: Setting CVar [[r.Streaming.MaxEffectiveScreenSize:0]]
[2023.08.04-10.26.05:211][  0]LogConfig: Applying CVar settings from Section [EffectsQuality@3] File [E:/Portfolio/Unreal/FPS_Game/Zombone/Saved/Config/Windows/Scalability.ini]
[2023.08.04-10.26.05:211][  0]LogConfig: Setting CVar [[r.TranslucencyLightingVolumeDim:64]]
[2023.08.04-10.26.05:211][  0]LogConfig: Setting CVar [[r.RefractionQuality:2]]
[2023.08.04-10.26.05:211][  0]LogConfig: Setting CVar [[r.SSR.Quality:3]]
[2023.08.04-10.26.05:211][  0]LogConfig: Setting CVar [[r.SSR.HalfResSceneColor:0]]
[2023.08.04-10.26.05:211][  0]LogConfig: Setting CVar [[r.SceneColorFormat:4]]
[2023.08.04-10.26.05:211][  0]LogConfig: Setting CVar [[r.DetailMode:2]]
[2023.08.04-10.26.05:212][  0]LogConfig: Setting CVar [[r.TranslucencyVolumeBlur:1]]
[2023.08.04-10.26.05:212][  0]LogConfig: Setting CVar [[r.MaterialQualityLevel:1 ; High quality]]
[2023.08.04-10.26.05:212][  0]LogConfig: Setting CVar [[r.AnisotropicMaterials:1]]
[2023.08.04-10.26.05:212][  0]LogConfig: Setting CVar [[r.SSS.Scale:1]]
[2023.08.04-10.26.05:212][  0]LogConfig: Setting CVar [[r.SSS.SampleSet:2]]
[2023.08.04-10.26.05:212][  0]LogConfig: Setting CVar [[r.SSS.Quality:1]]
[2023.08.04-10.26.05:212][  0]LogConfig: Setting CVar [[r.SSS.HalfRes:0]]
[2023.08.04-10.26.05:212][  0]LogConfig: Setting CVar [[r.SSGI.Quality:3]]
[2023.08.04-10.26.05:212][  0]LogConfig: Setting CVar [[r.EmitterSpawnRateScale:1.0]]
[2023.08.04-10.26.05:212][  0]LogConfig: Setting CVar [[r.ParticleLightQuality:2]]
[2023.08.04-10.26.05:212][  0]LogConfig: Setting CVar [[r.SkyAtmosphere.AerialPerspectiveLUT.FastApplyOnOpaque:1 ; Always have FastSkyLUT 1 in this case to avoid wrong sky]]
[2023.08.04-10.26.05:212][  0]LogConfig: Setting CVar [[r.SkyAtmosphere.AerialPerspectiveLUT.SampleCountMaxPerSlice:4]]
[2023.08.04-10.26.05:212][  0]LogConfig: Setting CVar [[r.SkyAtmosphere.AerialPerspectiveLUT.DepthResolution:16.0]]
[2023.08.04-10.26.05:212][  0]LogConfig: Setting CVar [[r.SkyAtmosphere.FastSkyLUT:1]]
[2023.08.04-10.26.05:213][  0]LogConfig: Setting CVar [[r.SkyAtmosphere.FastSkyLUT.SampleCountMin:4.0]]
[2023.08.04-10.26.05:213][  0]LogConfig: Setting CVar [[r.SkyAtmosphere.FastSkyLUT.SampleCountMax:128.0]]
[2023.08.04-10.26.05:213][  0]LogConfig: Setting CVar [[r.SkyAtmosphere.SampleCountMin:4.0]]
[2023.08.04-10.26.05:213][  0]LogConfig: Setting CVar [[r.SkyAtmosphere.SampleCountMax:128.0]]
[2023.08.04-10.26.05:213][  0]LogConfig: Setting CVar [[r.SkyAtmosphere.TransmittanceLUT.UseSmallFormat:0]]
[2023.08.04-10.26.05:213][  0]LogConfig: Setting CVar [[r.SkyAtmosphere.TransmittanceLUT.SampleCount:10.0]]
[2023.08.04-10.26.05:213][  0]LogConfig: Setting CVar [[r.SkyAtmosphere.MultiScatteringLUT.SampleCount:15.0]]
[2023.08.04-10.26.05:213][  0]LogConfig: Setting CVar [[r.SkyLight.RealTimeReflectionCapture:1]]
[2023.08.04-10.26.05:213][  0]LogConfig: Applying CVar settings from Section [FoliageQuality@3] File [E:/Portfolio/Unreal/FPS_Game/Zombone/Saved/Config/Windows/Scalability.ini]
[2023.08.04-10.26.05:213][  0]LogConfig: Setting CVar [[foliage.DensityScale:1.0]]
[2023.08.04-10.26.05:213][  0]LogConfig: Setting CVar [[grass.DensityScale:1.0]]
[2023.08.04-10.26.05:213][  0]LogConfig: Applying CVar settings from Section [ShadingQuality@3] File [E:/Portfolio/Unreal/FPS_Game/Zombone/Saved/Config/Windows/Scalability.ini]
[2023.08.04-10.26.05:213][  0]LogConfig: Setting CVar [[r.HairStrands.SkyLighting.IntegrationType:2]]
[2023.08.04-10.26.05:213][  0]LogConfig: Setting CVar [[r.HairStrands.SkyAO.SampleCount:4]]
[2023.08.04-10.26.05:213][  0]LogConfig: Setting CVar [[r.HairStrands.Visibility.MSAA.SamplePerPixel:4]]
[2023.08.04-10.26.05:214][  0]LogConfig: Applying CVar settings from Section [Startup] File [../../../Engine/Config/ConsoleVariables.ini]
[2023.08.04-10.26.05:214][  0]LogConfig: Setting CVar [[net.UseAdaptiveNetUpdateFrequency:0]]
[2023.08.04-10.26.05:214][  0]LogConfig: Setting CVar [[p.chaos.AllowCreatePhysxBodies:1]]
[2023.08.04-10.26.05:214][  0]LogConfig: Setting CVar [[fx.SkipVectorVMBackendOptimizations:1]]
[2023.08.04-10.26.05:214][  0]LogConfig: Applying CVar settings from Section [ConsoleVariables] File [E:/Portfolio/Unreal/FPS_Game/Zombone/Saved/Config/Windows/Engine.ini]
[2023.08.04-10.26.05:214][  0]LogConfig: Applying CVar settings from Section [ConsoleVariables] File [E:/Portfolio/Unreal/FPS_Game/Zombone/Saved/Config/Windows/Editor.ini]
[2023.08.04-10.26.05:214][  0]LogInit: Computer: DESKTOP-J6VGNOD
[2023.08.04-10.26.05:215][  0]LogInit: User: timve
[2023.08.04-10.26.05:215][  0]LogInit: CPU Page size=4096, Cores=6
[2023.08.04-10.26.05:215][  0]LogInit: High frequency timer resolution =10.000000 MHz
[2023.08.04-10.26.05:215][  0]LogMemory: Memory total: Physical=31.7GB (32GB approx)
[2023.08.04-10.26.05:215][  0]LogMemory: Platform Memory Stats for Windows
[2023.08.04-10.26.05:215][  0]LogMemory: Process Physical Memory: 148.03 MB used, 152.09 MB peak
[2023.08.04-10.26.05:215][  0]LogMemory: Process Virtual Memory: 130.61 MB used, 130.61 MB peak
[2023.08.04-10.26.05:215][  0]LogMemory: Physical Memory: 14643.62 MB used,  17799.92 MB free, 32443.55 MB total
[2023.08.04-10.26.05:215][  0]LogMemory: Virtual Memory: 134199608.00 MB used,  18117.07 MB free, 134217728.00 MB total
[2023.08.04-10.26.05:227][  0]LogWindows: WindowsPlatformFeatures enabled
[2023.08.04-10.26.05:392][  0]LogInit: Physics initialised using underlying interface: PhysX
[2023.08.04-10.26.05:393][  0]LogInit: Using OS detected language (en-US).
[2023.08.04-10.26.05:393][  0]LogInit: Using OS detected locale (nl-BE).
[2023.08.04-10.26.05:397][  0]LogTextLocalizationManager: No specific localization for 'en-US' exists, so the 'en' localization will be used.
[2023.08.04-10.26.05:671][  0]LogInit: Setting process to per monitor DPI aware
[2023.08.04-10.26.05:697][  0]LogWindowsTextInputMethodSystem: Display: IME system deactivated.
[2023.08.04-10.26.05:722][  0]LogSlate: New Slate User Created.  User Index 0, Is Virtual User: 0
[2023.08.04-10.26.05:723][  0]LogSlate: Slate User Registered.  User Index 0, Is Virtual User: 0
[2023.08.04-10.26.05:876][  0]LogD3D11RHI: Loaded GFSDK_Aftermath_Lib.x64.dll
[2023.08.04-10.26.05:882][  0]LogHMD: Failed to initialize OpenVR with code 110
[2023.08.04-10.26.05:882][  0]LogD3D11RHI: D3D11 min allowed feature level: 11_0
[2023.08.04-10.26.05:882][  0]LogD3D11RHI: D3D11 max allowed feature level: 11_0
[2023.08.04-10.26.05:882][  0]LogD3D11RHI: D3D11 adapters:
[2023.08.04-10.26.06:094][  0]LogD3D11RHI:    0. 'NVIDIA GeForce GTX 1060 6GB' (Feature Level 11_0)
[2023.08.04-10.26.06:094][  0]LogD3D11RHI:       6043/0/16221 MB DedicatedVideo/DedicatedSystem/SharedSystem, Outputs:2, VendorId:0x10de
[2023.08.04-10.26.06:100][  0]LogD3D11RHI:    1. 'Microsoft Basic Render Driver' (Feature Level 11_0)
[2023.08.04-10.26.06:100][  0]LogD3D11RHI:       0/0/16221 MB DedicatedVideo/DedicatedSystem/SharedSystem, Outputs:0, VendorId:0x1414
[2023.08.04-10.26.06:100][  0]LogD3D11RHI: Chosen D3D11 Adapter:
[2023.08.04-10.26.06:100][  0]LogD3D11RHI:     Description : NVIDIA GeForce GTX 1060 6GB
[2023.08.04-10.26.06:100][  0]LogD3D11RHI:     VendorId    : 10de
[2023.08.04-10.26.06:100][  0]LogD3D11RHI:     DeviceId    : 1c03
[2023.08.04-10.26.06:100][  0]LogD3D11RHI:     SubSysId    : 32831462
[2023.08.04-10.26.06:100][  0]LogD3D11RHI:     Revision    : 00a1
[2023.08.04-10.26.06:101][  0]LogD3D11RHI:     DedicatedVideoMemory : 6336544768 bytes
[2023.08.04-10.26.06:101][  0]LogD3D11RHI:     DedicatedSystemMemory : 0 bytes
[2023.08.04-10.26.06:101][  0]LogD3D11RHI:     SharedSystemMemory : 17009762304 bytes
[2023.08.04-10.26.06:101][  0]LogD3D11RHI:     AdapterLuid : 0 87386
[2023.08.04-10.26.06:110][  0]LogD3D11RHI: Creating new Direct3DDevice
[2023.08.04-10.26.06:111][  0]LogD3D11RHI:     GPU DeviceId: 0x1c03 (for the marketing name, search the web for "GPU Device Id")
[2023.08.04-10.26.06:111][  0]LogWindows: EnumDisplayDevices:
[2023.08.04-10.26.06:111][  0]LogWindows:    0. 'NVIDIA GeForce GTX 1060 6GB' (P:1 D:1)
[2023.08.04-10.26.06:111][  0]LogWindows:    1. 'NVIDIA GeForce GTX 1060 6GB' (P:0 D:1)
[2023.08.04-10.26.06:111][  0]LogWindows:    2. 'NVIDIA GeForce GTX 1060 6GB' (P:0 D:0)
[2023.08.04-10.26.06:112][  0]LogWindows:    3. 'NVIDIA GeForce GTX 1060 6GB' (P:0 D:0)
[2023.08.04-10.26.06:112][  0]LogWindows: DebugString: FoundDriverCount:4 
[2023.08.04-10.26.06:112][  0]LogD3D11RHI:     Adapter Name: NVIDIA GeForce GTX 1060 6GB
[2023.08.04-10.26.06:112][  0]LogD3D11RHI:   Driver Version: 531.29 (internal:31.0.15.3129, unified:531.29)
[2023.08.04-10.26.06:112][  0]LogD3D11RHI:      Driver Date: 3-8-2023
[2023.08.04-10.26.06:112][  0]LogRHI: Texture pool is 4230 MB (70% of 6043 MB)
[2023.08.04-10.26.06:112][  0]LogD3D11RHI: Creating D3DDevice using adapter:
[2023.08.04-10.26.06:112][  0]LogD3D11RHI:     Description : NVIDIA GeForce GTX 1060 6GB
[2023.08.04-10.26.06:113][  0]LogD3D11RHI:     VendorId    : 10de
[2023.08.04-10.26.06:113][  0]LogD3D11RHI:     DeviceId    : 1c03
[2023.08.04-10.26.06:113][  0]LogD3D11RHI:     SubSysId    : 32831462
[2023.08.04-10.26.06:113][  0]LogD3D11RHI:     Revision    : 00a1
[2023.08.04-10.26.06:113][  0]LogD3D11RHI:     DedicatedVideoMemory : 6336544768 bytes
[2023.08.04-10.26.06:113][  0]LogD3D11RHI:     DedicatedSystemMemory : 0 bytes
[2023.08.04-10.26.06:113][  0]LogD3D11RHI:     SharedSystemMemory : 17009762304 bytes
[2023.08.04-10.26.06:113][  0]LogD3D11RHI:     AdapterLuid : 0 87386
[2023.08.04-10.26.06:238][  0]LogD3D11RHI: RHI has support for 64 bit atomics
[2023.08.04-10.26.06:239][  0]LogD3D11RHI: Async texture creation enabled
[2023.08.04-10.26.06:239][  0]LogD3D11RHI: Array index from any shader is supported
[2023.08.04-10.26.06:257][  0]LogD3D11RHI: GPU Timing Frequency: 1000.000000 (Debug: 2 1)
[2023.08.04-10.26.06:299][  0]LogRHI: GeForceNow SDK initialized: 1
[2023.08.04-10.26.06:661][  0]LogTargetPlatformManager: Display: Loaded TargetPlatform 'AllDesktop'
[2023.08.04-10.26.06:692][  0]LogTargetPlatformManager: Display: Loaded TargetPlatform 'Android'
[2023.08.04-10.26.06:692][  0]LogTargetPlatformManager: Display: Loaded TargetPlatform 'Android_ASTC'
[2023.08.04-10.26.06:692][  0]LogTargetPlatformManager: Display: Loaded TargetPlatform 'Android_DXT'
[2023.08.04-10.26.06:692][  0]LogTargetPlatformManager: Display: Loaded TargetPlatform 'Android_ETC2'
[2023.08.04-10.26.06:692][  0]LogTargetPlatformManager: Display: Loaded TargetPlatform 'AndroidClient'
[2023.08.04-10.26.06:692][  0]LogTargetPlatformManager: Display: Loaded TargetPlatform 'Android_ASTCClient'
[2023.08.04-10.26.06:692][  0]LogTargetPlatformManager: Display: Loaded TargetPlatform 'Android_DXTClient'
[2023.08.04-10.26.06:692][  0]LogTargetPlatformManager: Display: Loaded TargetPlatform 'Android_ETC2Client'
[2023.08.04-10.26.06:692][  0]LogTargetPlatformManager: Display: Loaded TargetPlatform 'Android_Multi'
[2023.08.04-10.26.06:692][  0]LogTargetPlatformManager: Display: Loaded TargetPlatform 'Android_MultiClient'
[2023.08.04-10.26.06:719][  0]LogTargetPlatformManager: Display: Loaded TargetPlatform 'IOSClient'
[2023.08.04-10.26.06:720][  0]LogTargetPlatformManager: Display: Loaded TargetPlatform 'IOS'
[2023.08.04-10.26.06:754][  0]LogTargetPlatformManager: Display: Loaded TargetPlatform 'Linux'
[2023.08.04-10.26.06:761][  0]LogTargetPlatformManager: Display: Loaded TargetPlatform 'LinuxNoEditor'
[2023.08.04-10.26.06:766][  0]LogTargetPlatformManager: Display: Loaded TargetPlatform 'LinuxClient'
[2023.08.04-10.26.06:773][  0]LogTargetPlatformManager: Display: Loaded TargetPlatform 'LinuxServer'
[2023.08.04-10.26.06:783][  0]LogTargetPlatformManager: Display: Loaded TargetPlatform 'LinuxAArch64NoEditor'
[2023.08.04-10.26.06:791][  0]LogTargetPlatformManager: Display: Loaded TargetPlatform 'LinuxAArch64Client'
[2023.08.04-10.26.06:799][  0]LogTargetPlatformManager: Display: Loaded TargetPlatform 'LinuxAArch64Server'
[2023.08.04-10.26.06:827][  0]LogTargetPlatformManager: Display: Loaded TargetPlatform 'Lumin'
[2023.08.04-10.26.06:827][  0]LogTargetPlatformManager: Display: Loaded TargetPlatform 'LuminClient'
[2023.08.04-10.26.06:838][  0]LogTargetPlatformManager: Display: Loaded TargetPlatform 'MacNoEditor'
[2023.08.04-10.26.06:844][  0]LogTargetPlatformManager: Display: Loaded TargetPlatform 'Mac'
[2023.08.04-10.26.06:849][  0]LogTargetPlatformManager: Display: Loaded TargetPlatform 'MacClient'
[2023.08.04-10.26.06:856][  0]LogTargetPlatformManager: Display: Loaded TargetPlatform 'MacServer'
[2023.08.04-10.26.06:868][  0]LogTargetPlatformManager: Display: Loaded TargetPlatform 'TVOSClient'
[2023.08.04-10.26.06:868][  0]LogTargetPlatformManager: Display: Loaded TargetPlatform 'TVOS'
[2023.08.04-10.26.06:879][  0]LogTargetPlatformManager: Display: Loaded TargetPlatform 'WindowsNoEditor'
[2023.08.04-10.26.06:886][  0]LogTargetPlatformManager: Display: Loaded TargetPlatform 'Windows'
[2023.08.04-10.26.06:893][  0]LogTargetPlatformManager: Display: Loaded TargetPlatform 'WindowsClient'
[2023.08.04-10.26.06:901][  0]LogTargetPlatformManager: Display: Loaded TargetPlatform 'WindowsServer'
[2023.08.04-10.26.06:901][  0]LogTargetPlatformManager: Display: Building Assets For Windows
[2023.08.04-10.26.06:920][  0]LogAudioDebug: Display: Lib vorbis DLL was dynamically loaded.
[2023.08.04-10.26.06:975][  0]LogTextureFormatOodle: Display: Oodle Texture 2.9.0 init RDO Off
[2023.08.04-10.26.07:036][  0]LogRendererCore: Ray tracing is disabled. Reason: r.RayTracing=0.
[2023.08.04-10.26.07:036][  0]LogShaderCompilers: Guid format shader working directory is 9 characters bigger than the processId version (E:/Portfolio/Unreal/FPS_Game/Zombone/Intermediate/Shaders/WorkingDirectory/22512/).
[2023.08.04-10.26.07:037][  0]LogShaderCompilers: Cleaned the shader compiler working directory 'C:/Users/timve/AppData/Local/Temp/UnrealShaderWorkingDir/C53908394AD8305C929314A8B5FB9509/'.
[2023.08.04-10.26.07:037][  0]LogXGEController: Cannot use XGE Controller as Incredibuild is not installed on this machine.
[2023.08.04-10.26.07:037][  0]LogShaderCompilers: Cannot use XGE Shader Compiler as Incredibuild is not installed on this machine.
[2023.08.04-10.26.07:038][  0]LogShaderCompilers: Display: Using Local Shader Compiler.
[2023.08.04-10.26.07:843][  0]LogDerivedDataCache: Display: Max Cache Size: 512 MB
[2023.08.04-10.26.07:917][  0]LogDerivedDataCache: Loaded boot cache 0.07s 99MB C:/Users/timve/AppData/Local/UnrealEngine/4.27/DerivedDataCache/Boot.ddc.
[2023.08.04-10.26.07:918][  0]LogDerivedDataCache: Display: Loaded Boot cache: C:/Users/timve/AppData/Local/UnrealEngine/4.27/DerivedDataCache/Boot.ddc
[2023.08.04-10.26.07:918][  0]LogDerivedDataCache: FDerivedDataBackendGraph:  Pak pak cache file E:/Portfolio/Unreal/FPS_Game/Zombone/DerivedDataCache/DDC.ddp not found, will not use a pak cache.
[2023.08.04-10.26.07:918][  0]LogDerivedDataCache: Unable to find inner node Pak for hierarchical cache Hierarchy.
[2023.08.04-10.26.07:918][  0]LogDerivedDataCache: FDerivedDataBackendGraph:  CompressedPak pak cache file E:/Portfolio/Unreal/FPS_Game/Zombone/DerivedDataCache/Compressed.ddp not found, will not use a pak cache.
[2023.08.04-10.26.07:918][  0]LogDerivedDataCache: Unable to find inner node CompressedPak for hierarchical cache Hierarchy.
[2023.08.04-10.26.07:934][  0]LogDerivedDataCache: Display: Pak cache opened for reading ../../../Engine/DerivedDataCache/Compressed.ddp.
[2023.08.04-10.26.07:934][  0]LogDerivedDataCache: FDerivedDataBackendGraph:  EnterprisePak pak cache file ../../../Enterprise/DerivedDataCache/Compressed.ddp not found, will not use a pak cache.
[2023.08.04-10.26.07:934][  0]LogDerivedDataCache: Unable to find inner node EnterprisePak for hierarchical cache Hierarchy.
[2023.08.04-10.26.07:942][  0]LogDerivedDataCache: Speed tests for C:/Users/timve/AppData/Local/UnrealEngine/Common/DerivedDataCache took 0.01 seconds
[2023.08.04-10.26.07:942][  0]LogDerivedDataCache: Display: Performance to C:/Users/timve/AppData/Local/UnrealEngine/Common/DerivedDataCache: Latency=0.04ms. RandomReadSpeed=1170.60MBs, RandomWriteSpeed=146.34MBs. Assigned SpeedClass 'Local'
[2023.08.04-10.26.07:945][  0]LogDerivedDataCache: Using Local data cache path C:/Users/timve/AppData/Local/UnrealEngine/Common/DerivedDataCache: Writable
[2023.08.04-10.26.07:945][  0]LogDerivedDataCache: Shared data cache path not found in *engine.ini, will not use an Shared cache.
[2023.08.04-10.26.07:945][  0]LogDerivedDataCache: Unable to find inner node Shared for hierarchical cache Hierarchy.
[2023.08.04-10.26.07:997][  0]LogSlate: Using FreeType 2.10.0
[2023.08.04-10.26.07:998][  0]LogSlate: SlateFontServices - WITH_FREETYPE: 1, WITH_HARFBUZZ: 1
[2023.08.04-10.26.08:027][  0]LogAssetRegistry: FAssetRegistry took 0.0044 seconds to start up
[2023.08.04-10.26.08:283][  0]LogInit: Selected Device Profile: [Windows]
[2023.08.04-10.26.08:284][  0]LogInit: Active device profile: [00000148D0090F00][00000148CD777040 49] Windows
[2023.08.04-10.26.08:284][  0]LogInit: Profiles: [00000148D0090F00][00000148CD777040 49] Windows, [00000148D003EA00][00000148CFB9D1C0 49] WindowsNoEditor, [00000148D0091F00][00000148CFFAB340 49] WindowsServer, [00000148D003DB00][00000148C76654C0 49] WindowsClient, [00000148D0091200][00000148C7669640 49] IOS, [00000148D003D800][00000148C766D7C0 49] iPadAir, [00000148D0093300][00000148C419B940 49] iPadAir2, [00000148CFFE5300][00000148C41A3C00 49] IPadPro, [00000148CFFE5400][00000148C419E0C0 49] iPadAir3, [00000148D003CB00][00000148C41C6240 49] iPadAir4, [00000148CFFE6100][00000148C41AC3C0 49] iPadMini2, [00000148D003FA00][00000148C7670540 49] iPadMini3, [00000148CFFE6C00][00000148CF9DC680 49] iPadMini4, [00000148D003EC00][00000148C41B07C0 49] iPadMini5, [00000148CFFECE00][00000148C7684A40 49] iPhone6, [00000148CFFECF00][00000148C41B4A80 49] iPodTouch6, [00000148D0093700][00000148CC3A6D40 49] iPhone7, [00000148D0092800][00000148C7688D80 49] iPodTouch7, [00000148CFFE5100][00000148CC3A2F00 49] iPhone5S, [00000148D0091100][00000148CC39F080 49] iPhone6Plus, [00000148CFFE6A00][00000148CD6DB200 49] iPhone6S, [00000148D0091A00][00000148CD6D7380 49] iPhone6SPlus, [00000148CFFEC100][00000148CD77B500 49] iPhone7Plus, [00000148CFFE5D00][00000148C4575680 49] iPhoneSE, [00000148CFFECC00][00000148C4579800 49] iPhone8, [00000148CFFE4400][00000148C768D980 49] iPhone8Plus, [00000148CFFEEA00][00000148C7691B00 49] iPhoneX, [00000148CFFE7C00][00000148C4146100 49] iPhoneXS, [00000148CFFEE900][00000148C414A280 49] iPhoneXSMax, [00000148CFFE4B00][00000148C414E400 49] iPhoneXR, [00000148D0093800][00000148C4152580 49] iPhone11, [00000148CFFE7D00][00000148C4156700 49] iPhone11Pro, [00000148D0091B00][00000148C7680840 49] iPhone11ProMax, [00000148CFFE5500][00000148C415A980 49] iPhoneSE2, [00000148D0091E00][00000148C415EAC0 49] iPhone12Mini, [00000148CFFE7100][00000148C4166C40 49] iPhone12, [00000148D0093400][00000148C416ADC0 49] iPhone12Pro, [00000148CFFE4D00][00000148CF83EF40 49] iPhone12ProMax, [00000148D0093C00][00000148CF8430C0 49] iPadPro105, [00000148CFFE7700][00000148CF847240 49] iPadPro129, [00000148D0092A00][00000148CF84B3C0 49] iPadPro97, [00000148CFFE4900][00000148CF84F540 49] iPadPro2_129, [00000148D0090800][00000148CF8536C0 49] iPad5, [00000148CFFE5000][00000148CF857840 49] iPad6, [00000148D0090400][00000148CF85B9C0 49] iPad7, [00000148CFFE6B00][00000148CF85FB40 49] iPad8, [00000148D0093500][00000148CF862140 49] iPadPro11, [00000148CFFE5800][00000148CF8662C0 49] iPadPro2_11, [00000148D0090900][00000148CF86A440 49] iPadPro3_129, [00000148CFFE6800][00000148D14F05C0 49] iPadPro4_129, [00000148D0092E00][00000148D14F4740 49] AppleTV, [00000148CFFE7E00][00000148D14F88C0 49] AppleTV4K, [00000148D0090500][00000148C4162A00 49] TVOS, [00000148CFFE5700][00000148D14FCB40 49] Mac, [00000148D0092300][00000148D1500C80 49] MacClient, [00000148CFFE4800][00000148D1504DC0 49] MacNoEditor, [00000148D0091000][00000148D150CF40 49] MacServer, [00000148CFFE4500][00000148D15110C0 49] Linux, [00000148D0092B00][00000148D1515240 49] LinuxAArch64, [00000148CFFE5600][00000148D15193C0 49] LinuxNoEditor, [00000148D0092100][00000148D151D540 49] LinuxAArch64NoEditor, [00000148CFFE7900][00000148D15216C0 49] LinuxClient, [00000148D0092600][00000148D1525840 49] LinuxAArch64Client, [00000148CFFE6300][00000148D15299C0 49] LinuxServer, [00000148D0090700][00000148CD6F1B40 49] LinuxAArch64Server, [00000148CFFE5A00][00000148CD6F4140 49] Android, [00000148D0092200][00000148CD6F82C0 49] Android_Low, [00000148CFFE5C00][00000148CD6FC440 49] Android_Mid, [00000148D0091300][00000148CD7005C0 49] Android_High, [00000148CFFE4E00][00000148CD704740 49] Android_Default, [00000148D0093600][00000148CD7088C0 49] Android_Adreno4xx, [00000148CFFE4F00][00000148CD70CA40 49] Android_Adreno5xx_Low, [00000148D0093B00][00000148D1508B80 49] Android_Adreno5xx, [00000148CFFE7A00][00000148CD710CC0 49] Android_Adreno6xx, [00000148D0090B00][00000148CD714E00 49] Android_Adreno6xx_Vulkan, [00000148CFFE5900][00000148CD718F40 49] Android_Mali_T6xx, [00000148D0090A00][00000148CD7210C0 49] Android_Mali_T7xx, [00000148D003DA00][00000148CD725240 49] Android_Mali_T8xx, [00000148CFFEC500][00000148CD7293C0 49] Android_Mali_G71, [00000148D003C600][00000148CD72D540 49] Android_Mali_G72, [00000148CFFEC300][00000148CD7316C0 49] Android_Mali_G72_Vulkan, [00000148D003F900][00000148CD735840 49] Android_Mali_G76, [00000148CFFED000][00000148CD7399C0 49] Android_Mali_G76_Vulkan, [00000148D003E600][00000148CD73DB40 49] Android_Mali_G77, [00000148CFFEEF00][00000148CD740140 49] Android_Mali_G77_Vulkan, [00000148D003CE00][00000148CD7442C0 49] Android_Mali_G78, [00000148CFFEF100][00000148CD748440 49] Android_Mali_G78_Vulkan, [00000148D003C800][00000148CD74C5C0 49] Android_Mali_G710, [00000148CFFEEC00][00000148CD750740 49] Android_Mali_G710_Vulkan, [00000148D003FC00][00000148CD7548C0 49] Android_Vulkan_SM5, [00000148CFFEF500][00000148CD758A40 49] Android_PowerVR_G6xxx, [00000148D003DF00][00000148CD75CBC0 49] Android_PowerVR_GT7xxx, [00000148CFFEDD00][00000148CFABED40 49] Android_PowerVR_GE8xxx, [00000148D003F300][00000148CD71CE80 49] Android_PowerVR_GM9xxx, [00000148CFFEC800][00000148CFAC2FC0 49] Android_PowerVR_GM9xxx_Vulkan, [00000148D003F700][00000148CFAC7100 49] Android_TegraK1, [00000148CFFED200][00000148CFACF280 49] Android_Unknown_Vulkan, [00000148D003E900][00000148CFAD3400 49] Lumin, [00000148CFFEF700][00000148CFAD7580 49] Lumin_Desktop, [00000148D003EE00][00000148CFADB700 49] HoloLens, 
[2023.08.04-10.26.08:440][  0]LogMeshReduction: Using QuadricMeshReduction for automatic static mesh reduction
[2023.08.04-10.26.08:440][  0]LogMeshReduction: Using SimplygonMeshReduction for automatic skeletal mesh reduction
[2023.08.04-10.26.08:440][  0]LogMeshReduction: Using ProxyLODMeshReduction for automatic mesh merging
[2023.08.04-10.26.08:441][  0]LogMeshReduction: No distributed automatic mesh merging module available
[2023.08.04-10.26.08:441][  0]LogMeshMerging: No distributed automatic mesh merging module available
[2023.08.04-10.26.08:462][  0]LogNetVersion: Zombone 1.0.0, NetCL: 17155196, EngineNetVer: 17, GameNetVer: 0 (Checksum: 1748673324)
[2023.08.04-10.26.08:864][  0]LogTexture: Default maximum texture size for cubemaps generated from long-lat sources has been changed from 512 to unlimited. In order to preserve old behaiour for '/Engine/MapTemplates/Sky/DaylightAmbientCubemap.DaylightAmbientCubemap', its maximum texture size has been explicitly set to 512.
[2023.08.04-10.26.08:932][  0]LogHMD: PokeAHoleMaterial loaded successfully
[2023.08.04-10.26.08:940][  0]LogUObjectArray: 17178 objects as part of root set at end of initial load.
[2023.08.04-10.26.08:940][  0]LogUObjectAllocator: 4302048 out of 0 bytes used by permanent object pool.
[2023.08.04-10.26.08:940][  0]LogUObjectArray: CloseDisregardForGC: 0/0 objects in disregard for GC pool
[2023.08.04-10.26.09:328][  0]LogPython: Using Python 3.7.7
[2023.08.04-10.26.09:872][  0]LogNiagaraDebuggerClient: Niagara Debugger Client Initialized | Session: 32363C3F47F242781A76E192A6D0BCF9 | Instance: C04D3ADD43A6159F249583AE9EF6724F (DESKTOP-J6VGNOD-22512).
[2023.08.04-10.26.10:074][  0]LogTcpMessaging: Initializing TcpMessaging bridge
[2023.08.04-10.26.10:081][  0]LogUdpMessaging: Initializing bridge on interface 0.0.0.0:0 to multicast group 230.0.0.1:6666.
[2023.08.04-10.26.10:533][  0]SourceControl: Source control is disabled
[2023.08.04-10.26.10:533][  0]SourceControl: Source control is disabled
[2023.08.04-10.26.10:545][  0]SourceControl: Source control is disabled
[2023.08.04-10.26.10:548][  0]SourceControl: Source control is disabled
[2023.08.04-10.26.10:564][  0]SourceControl: Source control is disabled
[2023.08.04-10.26.10:569][  0]LogUProjectInfo: Found projects:
[2023.08.04-10.26.10:848][  0]LogOpenImageDenoise: OIDN starting up
[2023.08.04-10.26.10:949][  0]LogAndroidPermission: UAndroidPermissionCallbackProxy::GetInstance
[2023.08.04-10.26.10:987][  0]LogAudioCaptureCore: Display: No Audio Capture implementations found. Audio input will be silent.
[2023.08.04-10.26.10:987][  0]LogAudioCaptureCore: Display: No Audio Capture implementations found. Audio input will be silent.
[2023.08.04-10.26.11:160][  0]LogCollectionManager: Loaded 0 collections in 0.001048 seconds
[2023.08.04-10.26.11:196][  0]LogFileCache: Scanning file cache for directory 'E:/Portfolio/Unreal/FPS_Game/Zombone/Saved/Collections/' took 0.00s
[2023.08.04-10.26.11:197][  0]LogFileCache: Scanning file cache for directory 'E:/Portfolio/Unreal/FPS_Game/Zombone/Content/Developers/timve/Collections/' took 0.00s
[2023.08.04-10.26.11:197][  0]LogFileCache: Scanning file cache for directory 'E:/Portfolio/Unreal/FPS_Game/Zombone/Content/Collections/' took 0.00s
[2023.08.04-10.26.11:197][  0]LogOcInput: OculusInput pre-init called
[2023.08.04-10.26.11:462][  0]LogEngine: Initializing Engine...
[2023.08.04-10.26.11:608][  0]LogHMD: Optional extension XR_VARJO_quad_views is not available
[2023.08.04-10.26.11:608][  0]LogHMD: Warning: Required extension XR_EXT_eye_gaze_interaction is not available
[2023.08.04-10.26.11:609][  0]LogHMD: Could not enable all required OpenXR extensions for OpenXREyeTracker on current system. This plugin will be loaded but ignored, but will be enabled on a target platform that supports the required extension.
[2023.08.04-10.26.11:610][  0]LogHMD: Failed to get an OpenXR system, result is XR_ERROR_FORM_FACTOR_UNAVAILABLE. Please check that your runtime supports VR headsets.
[2023.08.04-10.26.11:610][  0]LogHMD: Failed to initialize OpenVR with code 110
[2023.08.04-10.26.11:610][  0]LogMagicLeap: Warning: VR disabled because ZI is not enabled.  To enable, in the editor, Edit -> Project Settings -> Plugins -> Magic Leap Plugin -> Enable Zero Iteration
[2023.08.04-10.26.11:611][  0]LogStats: UGameplayTagsManager::InitializeManager -  0.000 s
[2023.08.04-10.26.11:757][  0]LogInit: Initializing FReadOnlyCVARCache
[2023.08.04-10.26.11:769][  0]LogAIModule: Creating AISystem for world Untitled
[2023.08.04-10.26.11:777][  0]LogAudio: Display: Initializing Audio Device Manager...
[2023.08.04-10.26.11:783][  0]LogAudio: Display: Loading Default Audio Settings Objects...
[2023.08.04-10.26.11:783][  0]LogAudio: Display: No default SoundConcurrencyObject specified (or failed to load).
[2023.08.04-10.26.11:784][  0]LogAudio: Display: Audio Device Manager Initialized
[2023.08.04-10.26.11:784][  0]LogAudio: Display: Creating Audio Device:                 Id: 1, Scope: Shared, Realtime: True
[2023.08.04-10.26.11:784][  0]LogAudioMixer: Display: Audio Mixer Platform Settings:
[2023.08.04-10.26.11:784][  0]LogAudioMixer: Display: 	Sample Rate:						  48000
[2023.08.04-10.26.11:784][  0]LogAudioMixer: Display: 	Callback Buffer Frame Size Requested: 1024
[2023.08.04-10.26.11:785][  0]LogAudioMixer: Display: 	Callback Buffer Frame Size To Use:	  1024
[2023.08.04-10.26.11:785][  0]LogAudioMixer: Display: 	Number of buffers to queue:			  2
[2023.08.04-10.26.11:785][  0]LogAudioMixer: Display: 	Max Channels (voices):				  32
[2023.08.04-10.26.11:785][  0]LogAudioMixer: Display: 	Number of Async Source Workers:		  0
[2023.08.04-10.26.11:785][  0]LogAudio: Display: AudioDevice MaxSources: 32
[2023.08.04-10.26.11:786][  0]LogAudio: Display: Audio Spatialization Plugin: None (built-in).
[2023.08.04-10.26.11:786][  0]LogAudio: Display: Audio Reverb Plugin: None (built-in).
[2023.08.04-10.26.11:787][  0]LogAudio: Display: Audio Occlusion Plugin: None (built-in).
[2023.08.04-10.26.11:787][  0]LogAudioMixer: Display: Initializing audio mixer.
[2023.08.04-10.26.11:813][  0]LogAudioMixer: Display: 0: FrontLeft
[2023.08.04-10.26.11:813][  0]LogAudioMixer: Display: 1: FrontRight
[2023.08.04-10.26.11:862][  0]LogAudioMixer: Display: Using Audio Device Oortelefoon van hoofdtelefoon (Sennheiser Communication Audio)
[2023.08.04-10.26.11:866][  0]LogAudioMixer: Display: Initializing Sound Submixes...
[2023.08.04-10.26.11:868][  0]LogAudioMixer: Display: Creating Master Submix 'MasterSubmixDefault'
[2023.08.04-10.26.11:868][  0]LogAudioMixer: Display: Creating Master Submix 'MasterReverbSubmixDefault'
[2023.08.04-10.26.11:870][  0]LogAudioMixer: Display: Creating Master Submix 'MasterEQSubmixDefault'
[2023.08.04-10.26.11:870][  0]LogAudioMixer: FMixerPlatformXAudio2::StartAudioStream() called
[2023.08.04-10.26.11:870][  0]LogAudioMixer: Display: Output buffers initialized: Frames=1024, Channels=2, Samples=2048
[2023.08.04-10.26.11:873][  0]LogAudioMixer: Display: Starting AudioMixerPlatformInterface::RunInternal()
[2023.08.04-10.26.11:873][  0]LogAudioMixer: Display: FMixerPlatformXAudio2::SubmitBuffer() called for the first time
[2023.08.04-10.26.11:873][  0]LogInit: FAudioDevice initialized.
[2023.08.04-10.26.11:873][  0]LogAudio: Display: Audio Device (ID: 1) registered with world 'Untitled'.
[2023.08.04-10.26.11:874][  0]LogNetVersion: Set ProjectVersion to 1.0.0.0. Version Checksum will be recalculated on next use.
[2023.08.04-10.26.12:044][  0]LogDerivedDataCache: Saved boot cache 0.17s 99MB C:/Users/timve/AppData/Local/UnrealEngine/4.27/DerivedDataCache/Boot.ddc.
[2023.08.04-10.26.12:045][  0]LogInit: Texture streaming: Enabled
[2023.08.04-10.26.12:063][  0]LogAnalytics: Display: [UEEditor.Rocket.Release] APIServer = https://datarouter.ol.epicgames.com/. AppVersion = 4.27.2-18319896+++UE4+Release-4.27
[2023.08.04-10.26.12:068][  0]LogEngineSessionManager: EngineSessionManager initialized
[2023.08.04-10.26.12:069][  0]LogEditorSessionSummary: Verbose: Initializing EditorSessionSummaryWriter for editor session tracking
[2023.08.04-10.26.12:071][  0]LogEditorSessionSummary: EditorSessionSummaryWriter initialized
[2023.08.04-10.26.12:182][  0]LogInit: Transaction tracking system initialized
[2023.08.04-10.26.12:217][  0]BlueprintLog: New page: Editor Load
[2023.08.04-10.26.12:311][  0]LocalizationService: Localization service is disabled
[2023.08.04-10.26.12:355][  0]TimingProfiler: Initialize
[2023.08.04-10.26.12:355][  0]TimingProfiler: OnSessionChanged
[2023.08.04-10.26.12:355][  0]LoadingProfiler: Initialize
[2023.08.04-10.26.12:356][  0]LoadingProfiler: OnSessionChanged
[2023.08.04-10.26.12:356][  0]NetworkingProfiler: Initialize
[2023.08.04-10.26.12:356][  0]NetworkingProfiler: OnSessionChanged
[2023.08.04-10.26.12:356][  0]MemoryProfiler: Initialize
[2023.08.04-10.26.12:356][  0]MemoryProfiler: OnSessionChanged
[2023.08.04-10.26.12:544][  0]LogCook: Display: CookSettings for Memory: MemoryMaxUsedVirtual 0MiB, MemoryMaxUsedPhysical 16384MiB, MemoryMinFreeVirtual 0MiB, MemoryMinFreePhysical 1024MiB
[2023.08.04-10.26.12:544][  0]LogCook: Display: Mobile HDR setting 1
[2023.08.04-10.26.12:822][  0]LogFileCache: Scanning file cache for directory 'E:/Portfolio/Unreal/FPS_Game/Zombone/Content/' took 0.01s
[2023.08.04-10.26.13:009][  0]LogInit: Display: Engine is initialized. Leaving FEngineLoop::Init()
[2023.08.04-10.26.13:012][  0]SourceControl: Source control is disabled
[2023.08.04-10.26.13:012][  0]LogUnrealEdMisc: Loading editor; pre map load, took 10.496
[2023.08.04-10.26.13:012][  0]Cmd: MAP LOAD FILE="E:/Portfolio/Unreal/FPS_Game/Zombone/Content/FirstPersonCPP/Maps/FirstPersonExampleMap.umap" TEMPLATE=0 SHOWPROGRESS=1 FEATURELEVEL=3
[2023.08.04-10.26.13:013][  0]LightingResults: New page: Lighting Build
[2023.08.04-10.26.13:014][  0]LogWorld: UWorld::CleanupWorld for Untitled, bSessionEnded=true, bCleanupResources=true
[2023.08.04-10.26.13:014][  0]LogSlate: InvalidateAllWidgets triggered.  All widgets were invalidated
[2023.08.04-10.26.13:014][  0]MapCheck: New page: Map Check
[2023.08.04-10.26.13:014][  0]LightingResults: New page: Lighting Build
[2023.08.04-10.26.13:020][  0]LogAudio: Display: Audio Device unregistered from world 'None'.
[2023.08.04-10.26.13:027][  0]LogUObjectHash: Compacting FUObjectHashTables data took   0.94ms
[2023.08.04-10.26.13:174][  0]LogAudio: Display: Audio Device (ID: 1) registered with world 'FirstPersonExampleMap'.
[2023.08.04-10.26.13:175][  0]LogAIModule: Creating AISystem for world FirstPersonExampleMap
[2023.08.04-10.26.13:186][  0]LogEditorServer: Finished looking for orphan Actors (0.000 secs)
[2023.08.04-10.26.13:197][  0]LogUObjectHash: Compacting FUObjectHashTables data took   0.97ms
[2023.08.04-10.26.13:198][  0]Cmd: MAP CHECKDEP NOCLEARLOG
[2023.08.04-10.26.13:198][  0]MapCheck: Map check complete: 0 Error(s), 0 Warning(s), took 0,149ms to complete.
[2023.08.04-10.26.13:198][  0]LogFileHelpers: Loading map 'FirstPersonExampleMap' took 0.186
[2023.08.04-10.26.13:201][  0]LogUnrealEdMisc: Total Editor Startup Time, took 10.685
[2023.08.04-10.26.13:351][  0]LogSlate: Updating window title bar state: overlay mode, drag disabled, window buttons hidden, title bar hidden
[2023.08.04-10.26.13:359][  0]LogSlate: Updating window title bar state: overlay mode, drag disabled, window buttons hidden, title bar hidden
[2023.08.04-10.26.13:366][  0]LogSlate: Updating window title bar state: overlay mode, drag disabled, window buttons hidden, title bar hidden
[2023.08.04-10.26.13:373][  0]LogSlate: Updating window title bar state: overlay mode, drag disabled, window buttons hidden, title bar hidden
[2023.08.04-10.26.13:388][  0]LogNativeClassHierarchy: Verbose: Native class hierarchy populated in 0.0105 seconds. Added 3829 classes and 930 folders.
[2023.08.04-10.26.13:391][  0]LogNativeClassHierarchy: Verbose: Native class hierarchy updated for 'WidgetCarousel' in 0.0003 seconds. Added 0 classes and 0 folders.
[2023.08.04-10.26.13:392][  0]LogPakFile: PakFile PrimaryIndexSize=187
[2023.08.04-10.26.13:392][  0]LogPakFile: PakFile PathHashIndexSize=101
[2023.08.04-10.26.13:392][  0]LogPakFile: PakFile FullDirectoryIndexSize=148
[2023.08.04-10.26.13:393][  0]LogShaderLibrary: Display: ShaderCodeLibraryPakFileMountedCallback: PakFile 'D:/Epic Games/UE_4.27/FeaturePacks/FP_FirstPerson.upack' (chunk index -1, root 'root:/') mounted
[2023.08.04-10.26.13:393][  0]LogShaderLibrary: Display: ShaderCodeLibraryPakFileMountedCallback: pending pak file info (ChunkID:-1 Root:root:/ File:D:/Epic Games/UE_4.27/FeaturePacks/FP_FirstPerson.upack)
[2023.08.04-10.26.13:393][  0]LogPakFile: OnPakFileMounted2Time == 0.000180
[2023.08.04-10.26.13:393][  0]LogPakFile: PakFile PrimaryIndexSize=189
[2023.08.04-10.26.13:394][  0]LogPakFile: PakFile PathHashIndexSize=101
[2023.08.04-10.26.13:394][  0]LogPakFile: PakFile FullDirectoryIndexSize=152
[2023.08.04-10.26.13:394][  0]LogShaderLibrary: Display: ShaderCodeLibraryPakFileMountedCallback: PakFile 'D:/Epic Games/UE_4.27/FeaturePacks/FP_FirstPersonBP.upack' (chunk index -1, root 'root:/') mounted
[2023.08.04-10.26.13:394][  0]LogShaderLibrary: Display: ShaderCodeLibraryPakFileMountedCallback: pending pak file info (ChunkID:-1 Root:root:/ File:D:/Epic Games/UE_4.27/FeaturePacks/FP_FirstPersonBP.upack)
[2023.08.04-10.26.13:394][  0]LogPakFile: OnPakFileMounted2Time == 0.000178
[2023.08.04-10.26.13:394][  0]LogPakFile: PakFile PrimaryIndexSize=191
[2023.08.04-10.26.13:395][  0]LogPakFile: PakFile PathHashIndexSize=101
[2023.08.04-10.26.13:395][  0]LogPakFile: PakFile FullDirectoryIndexSize=160
[2023.08.04-10.26.13:395][  0]LogShaderLibrary: Display: ShaderCodeLibraryPakFileMountedCallback: PakFile 'D:/Epic Games/UE_4.27/FeaturePacks/MobileStarterContent.upack' (chunk index -1, root 'root:/') mounted
[2023.08.04-10.26.13:395][  0]LogShaderLibrary: Display: ShaderCodeLibraryPakFileMountedCallback: pending pak file info (ChunkID:-1 Root:root:/ File:D:/Epic Games/UE_4.27/FeaturePacks/MobileStarterContent.upack)
[2023.08.04-10.26.13:395][  0]LogPakFile: OnPakFileMounted2Time == 0.000153
[2023.08.04-10.26.13:395][  0]LogPakFile: PakFile PrimaryIndexSize=185
[2023.08.04-10.26.13:395][  0]LogPakFile: PakFile PathHashIndexSize=101
[2023.08.04-10.26.13:396][  0]LogPakFile: PakFile FullDirectoryIndexSize=148
[2023.08.04-10.26.13:396][  0]LogShaderLibrary: Display: ShaderCodeLibraryPakFileMountedCallback: PakFile 'D:/Epic Games/UE_4.27/FeaturePacks/StarterContent.upack' (chunk index -1, root 'root:/') mounted
[2023.08.04-10.26.13:396][  0]LogShaderLibrary: Display: ShaderCodeLibraryPakFileMountedCallback: pending pak file info (ChunkID:-1 Root:root:/ File:D:/Epic Games/UE_4.27/FeaturePacks/StarterContent.upack)
[2023.08.04-10.26.13:396][  0]LogPakFile: OnPakFileMounted2Time == 0.000143
[2023.08.04-10.26.13:396][  0]LogPakFile: PakFile PrimaryIndexSize=190
[2023.08.04-10.26.13:396][  0]LogPakFile: PakFile PathHashIndexSize=101
[2023.08.04-10.26.13:397][  0]LogPakFile: PakFile FullDirectoryIndexSize=154
[2023.08.04-10.26.13:397][  0]LogShaderLibrary: Display: ShaderCodeLibraryPakFileMountedCallback: PakFile 'D:/Epic Games/UE_4.27/FeaturePacks/TP_2DSideScroller.upack' (chunk index -1, root 'root:/') mounted
[2023.08.04-10.26.13:397][  0]LogShaderLibrary: Display: ShaderCodeLibraryPakFileMountedCallback: pending pak file info (ChunkID:-1 Root:root:/ File:D:/Epic Games/UE_4.27/FeaturePacks/TP_2DSideScroller.upack)
[2023.08.04-10.26.13:397][  0]LogPakFile: OnPakFileMounted2Time == 0.000175
[2023.08.04-10.26.13:397][  0]LogPakFile: PakFile PrimaryIndexSize=192
[2023.08.04-10.26.13:397][  0]LogPakFile: PakFile PathHashIndexSize=101
[2023.08.04-10.26.13:398][  0]LogPakFile: PakFile FullDirectoryIndexSize=158
[2023.08.04-10.26.13:398][  0]LogShaderLibrary: Display: ShaderCodeLibraryPakFileMountedCallback: PakFile 'D:/Epic Games/UE_4.27/FeaturePacks/TP_2DSideScrollerBP.upack' (chunk index -1, root 'root:/') mounted
[2023.08.04-10.26.13:398][  0]LogShaderLibrary: Display: ShaderCodeLibraryPakFileMountedCallback: pending pak file info (ChunkID:-1 Root:root:/ File:D:/Epic Games/UE_4.27/FeaturePacks/TP_2DSideScrollerBP.upack)
[2023.08.04-10.26.13:398][  0]LogPakFile: OnPakFileMounted2Time == 0.000203
[2023.08.04-10.26.13:398][  0]LogPakFile: PakFile PrimaryIndexSize=182
[2023.08.04-10.26.13:399][  0]LogPakFile: PakFile PathHashIndexSize=101
[2023.08.04-10.26.13:399][  0]LogPakFile: PakFile FullDirectoryIndexSize=138
[2023.08.04-10.26.13:399][  0]LogShaderLibrary: Display: ShaderCodeLibraryPakFileMountedCallback: PakFile 'D:/Epic Games/UE_4.27/FeaturePacks/TP_Flying.upack' (chunk index -1, root 'root:/') mounted
[2023.08.04-10.26.13:399][  0]LogShaderLibrary: Display: ShaderCodeLibraryPakFileMountedCallback: pending pak file info (ChunkID:-1 Root:root:/ File:D:/Epic Games/UE_4.27/FeaturePacks/TP_Flying.upack)
[2023.08.04-10.26.13:399][  0]LogPakFile: OnPakFileMounted2Time == 0.000167
[2023.08.04-10.26.13:399][  0]LogPakFile: PakFile PrimaryIndexSize=184
[2023.08.04-10.26.13:399][  0]LogPakFile: PakFile PathHashIndexSize=101
[2023.08.04-10.26.13:399][  0]LogPakFile: PakFile FullDirectoryIndexSize=142
[2023.08.04-10.26.13:400][  0]LogShaderLibrary: Display: ShaderCodeLibraryPakFileMountedCallback: PakFile 'D:/Epic Games/UE_4.27/FeaturePacks/TP_FlyingBP.upack' (chunk index -1, root 'root:/') mounted
[2023.08.04-10.26.13:400][  0]LogShaderLibrary: Display: ShaderCodeLibraryPakFileMountedCallback: pending pak file info (ChunkID:-1 Root:root:/ File:D:/Epic Games/UE_4.27/FeaturePacks/TP_FlyingBP.upack)
[2023.08.04-10.26.13:400][  0]LogPakFile: OnPakFileMounted2Time == 0.000183
[2023.08.04-10.26.13:400][  0]LogPakFile: PakFile PrimaryIndexSize=188
[2023.08.04-10.26.13:400][  0]LogPakFile: PakFile PathHashIndexSize=101
[2023.08.04-10.26.13:400][  0]LogPakFile: PakFile FullDirectoryIndexSize=150
[2023.08.04-10.26.13:401][  0]LogShaderLibrary: Display: ShaderCodeLibraryPakFileMountedCallback: PakFile 'D:/Epic Games/UE_4.27/FeaturePacks/TP_HandheldARBP.upack' (chunk index -1, root 'root:/') mounted
[2023.08.04-10.26.13:401][  0]LogShaderLibrary: Display: ShaderCodeLibraryPakFileMountedCallback: pending pak file info (ChunkID:-1 Root:root:/ File:D:/Epic Games/UE_4.27/FeaturePacks/TP_HandheldARBP.upack)
[2023.08.04-10.26.13:401][  0]LogPakFile: OnPakFileMounted2Time == 0.000186
[2023.08.04-10.26.13:401][  0]LogPakFile: PakFile PrimaryIndexSize=182
[2023.08.04-10.26.13:402][  0]LogPakFile: PakFile PathHashIndexSize=101
[2023.08.04-10.26.13:402][  0]LogPakFile: PakFile FullDirectoryIndexSize=138
[2023.08.04-10.26.13:402][  0]LogShaderLibrary: Display: ShaderCodeLibraryPakFileMountedCallback: PakFile 'D:/Epic Games/UE_4.27/FeaturePacks/TP_Puzzle.upack' (chunk index -1, root 'root:/') mounted
[2023.08.04-10.26.13:402][  0]LogShaderLibrary: Display: ShaderCodeLibraryPakFileMountedCallback: pending pak file info (ChunkID:-1 Root:root:/ File:D:/Epic Games/UE_4.27/FeaturePacks/TP_Puzzle.upack)
[2023.08.04-10.26.13:402][  0]LogPakFile: OnPakFileMounted2Time == 0.000227
[2023.08.04-10.26.13:403][  0]LogPakFile: PakFile PrimaryIndexSize=184
[2023.08.04-10.26.13:403][  0]LogPakFile: PakFile PathHashIndexSize=101
[2023.08.04-10.26.13:403][  0]LogPakFile: PakFile FullDirectoryIndexSize=142
[2023.08.04-10.26.13:403][  0]LogShaderLibrary: Display: ShaderCodeLibraryPakFileMountedCallback: PakFile 'D:/Epic Games/UE_4.27/FeaturePacks/TP_PuzzleBP.upack' (chunk index -1, root 'root:/') mounted
[2023.08.04-10.26.13:403][  0]LogShaderLibrary: Display: ShaderCodeLibraryPakFileMountedCallback: pending pak file info (ChunkID:-1 Root:root:/ File:D:/Epic Games/UE_4.27/FeaturePacks/TP_PuzzleBP.upack)
[2023.08.04-10.26.13:403][  0]LogPakFile: OnPakFileMounted2Time == 0.000142
[2023.08.04-10.26.13:404][  0]LogPakFile: PakFile PrimaryIndexSize=183
[2023.08.04-10.26.13:404][  0]LogPakFile: PakFile PathHashIndexSize=101
[2023.08.04-10.26.13:405][  0]LogPakFile: PakFile FullDirectoryIndexSize=140
[2023.08.04-10.26.13:405][  0]LogShaderLibrary: Display: ShaderCodeLibraryPakFileMountedCallback: PakFile 'D:/Epic Games/UE_4.27/FeaturePacks/TP_Rolling.upack' (chunk index -1, root 'root:/') mounted
[2023.08.04-10.26.13:405][  0]LogShaderLibrary: Display: ShaderCodeLibraryPakFileMountedCallback: pending pak file info (ChunkID:-1 Root:root:/ File:D:/Epic Games/UE_4.27/FeaturePacks/TP_Rolling.upack)
[2023.08.04-10.26.13:405][  0]LogPakFile: OnPakFileMounted2Time == 0.000265
[2023.08.04-10.26.13:406][  0]LogPakFile: PakFile PrimaryIndexSize=185
[2023.08.04-10.26.13:406][  0]LogPakFile: PakFile PathHashIndexSize=101
[2023.08.04-10.26.13:406][  0]LogPakFile: PakFile FullDirectoryIndexSize=144
[2023.08.04-10.26.13:406][  0]LogShaderLibrary: Display: ShaderCodeLibraryPakFileMountedCallback: PakFile 'D:/Epic Games/UE_4.27/FeaturePacks/TP_RollingBP.upack' (chunk index -1, root 'root:/') mounted
[2023.08.04-10.26.13:406][  0]LogShaderLibrary: Display: ShaderCodeLibraryPakFileMountedCallback: pending pak file info (ChunkID:-1 Root:root:/ File:D:/Epic Games/UE_4.27/FeaturePacks/TP_RollingBP.upack)
[2023.08.04-10.26.13:406][  0]LogPakFile: OnPakFileMounted2Time == 0.000204
[2023.08.04-10.26.13:407][  0]LogPakFile: PakFile PrimaryIndexSize=188
[2023.08.04-10.26.13:407][  0]LogPakFile: PakFile PathHashIndexSize=101
[2023.08.04-10.26.13:407][  0]LogPakFile: PakFile FullDirectoryIndexSize=150
[2023.08.04-10.26.13:407][  0]LogShaderLibrary: Display: ShaderCodeLibraryPakFileMountedCallback: PakFile 'D:/Epic Games/UE_4.27/FeaturePacks/TP_SideScroller.upack' (chunk index -1, root 'root:/') mounted
[2023.08.04-10.26.13:408][  0]LogShaderLibrary: Display: ShaderCodeLibraryPakFileMountedCallback: pending pak file info (ChunkID:-1 Root:root:/ File:D:/Epic Games/UE_4.27/FeaturePacks/TP_SideScroller.upack)
[2023.08.04-10.26.13:408][  0]LogPakFile: OnPakFileMounted2Time == 0.000279
[2023.08.04-10.26.13:408][  0]LogPakFile: PakFile PrimaryIndexSize=190
[2023.08.04-10.26.13:408][  0]LogPakFile: PakFile PathHashIndexSize=101
[2023.08.04-10.26.13:409][  0]LogPakFile: PakFile FullDirectoryIndexSize=154
[2023.08.04-10.26.13:409][  0]LogShaderLibrary: Display: ShaderCodeLibraryPakFileMountedCallback: PakFile 'D:/Epic Games/UE_4.27/FeaturePacks/TP_SideScrollerBP.upack' (chunk index -1, root 'root:/') mounted
[2023.08.04-10.26.13:409][  0]LogShaderLibrary: Display: ShaderCodeLibraryPakFileMountedCallback: pending pak file info (ChunkID:-1 Root:root:/ File:D:/Epic Games/UE_4.27/FeaturePacks/TP_SideScrollerBP.upack)
[2023.08.04-10.26.13:409][  0]LogPakFile: OnPakFileMounted2Time == 0.000257
[2023.08.04-10.26.13:410][  0]LogPakFile: PakFile PrimaryIndexSize=187
[2023.08.04-10.26.13:410][  0]LogPakFile: PakFile PathHashIndexSize=101
[2023.08.04-10.26.13:410][  0]LogPakFile: PakFile FullDirectoryIndexSize=148
[2023.08.04-10.26.13:410][  0]LogShaderLibrary: Display: ShaderCodeLibraryPakFileMountedCallback: PakFile 'D:/Epic Games/UE_4.27/FeaturePacks/TP_ThirdPerson.upack' (chunk index -1, root 'root:/') mounted
[2023.08.04-10.26.13:410][  0]LogShaderLibrary: Display: ShaderCodeLibraryPakFileMountedCallback: pending pak file info (ChunkID:-1 Root:root:/ File:D:/Epic Games/UE_4.27/FeaturePacks/TP_ThirdPerson.upack)
[2023.08.04-10.26.13:410][  0]LogPakFile: OnPakFileMounted2Time == 0.000240
[2023.08.04-10.26.13:411][  0]LogPakFile: PakFile PrimaryIndexSize=189
[2023.08.04-10.26.13:411][  0]LogPakFile: PakFile PathHashIndexSize=101
[2023.08.04-10.26.13:411][  0]LogPakFile: PakFile FullDirectoryIndexSize=152
[2023.08.04-10.26.13:411][  0]LogShaderLibrary: Display: ShaderCodeLibraryPakFileMountedCallback: PakFile 'D:/Epic Games/UE_4.27/FeaturePacks/TP_ThirdPersonBP.upack' (chunk index -1, root 'root:/') mounted
[2023.08.04-10.26.13:411][  0]LogShaderLibrary: Display: ShaderCodeLibraryPakFileMountedCallback: pending pak file info (ChunkID:-1 Root:root:/ File:D:/Epic Games/UE_4.27/FeaturePacks/TP_ThirdPersonBP.upack)
[2023.08.04-10.26.13:411][  0]LogPakFile: OnPakFileMounted2Time == 0.000169
[2023.08.04-10.26.13:412][  0]LogPakFile: PakFile PrimaryIndexSize=183
[2023.08.04-10.26.13:412][  0]LogPakFile: PakFile PathHashIndexSize=101
[2023.08.04-10.26.13:412][  0]LogPakFile: PakFile FullDirectoryIndexSize=140
[2023.08.04-10.26.13:413][  0]LogShaderLibrary: Display: ShaderCodeLibraryPakFileMountedCallback: PakFile 'D:/Epic Games/UE_4.27/FeaturePacks/TP_TopDown.upack' (chunk index -1, root 'root:/') mounted
[2023.08.04-10.26.13:413][  0]LogShaderLibrary: Display: ShaderCodeLibraryPakFileMountedCallback: pending pak file info (ChunkID:-1 Root:root:/ File:D:/Epic Games/UE_4.27/FeaturePacks/TP_TopDown.upack)
[2023.08.04-10.26.13:413][  0]LogPakFile: OnPakFileMounted2Time == 0.000163
[2023.08.04-10.26.13:413][  0]LogPakFile: PakFile PrimaryIndexSize=185
[2023.08.04-10.26.13:414][  0]LogPakFile: PakFile PathHashIndexSize=101
[2023.08.04-10.26.13:414][  0]LogPakFile: PakFile FullDirectoryIndexSize=144
[2023.08.04-10.26.13:414][  0]LogShaderLibrary: Display: ShaderCodeLibraryPakFileMountedCallback: PakFile 'D:/Epic Games/UE_4.27/FeaturePacks/TP_TopDownBP.upack' (chunk index -1, root 'root:/') mounted
[2023.08.04-10.26.13:414][  0]LogShaderLibrary: Display: ShaderCodeLibraryPakFileMountedCallback: pending pak file info (ChunkID:-1 Root:root:/ File:D:/Epic Games/UE_4.27/FeaturePacks/TP_TopDownBP.upack)
[2023.08.04-10.26.13:414][  0]LogPakFile: OnPakFileMounted2Time == 0.000212
[2023.08.04-10.26.13:415][  0]LogPakFile: PakFile PrimaryIndexSize=185
[2023.08.04-10.26.13:415][  0]LogPakFile: PakFile PathHashIndexSize=101
[2023.08.04-10.26.13:415][  0]LogPakFile: PakFile FullDirectoryIndexSize=144
[2023.08.04-10.26.13:415][  0]LogShaderLibrary: Display: ShaderCodeLibraryPakFileMountedCallback: PakFile 'D:/Epic Games/UE_4.27/FeaturePacks/TP_TwinStick.upack' (chunk index -1, root 'root:/') mounted
[2023.08.04-10.26.13:415][  0]LogShaderLibrary: Display: ShaderCodeLibraryPakFileMountedCallback: pending pak file info (ChunkID:-1 Root:root:/ File:D:/Epic Games/UE_4.27/FeaturePacks/TP_TwinStick.upack)
[2023.08.04-10.26.13:415][  0]LogPakFile: OnPakFileMounted2Time == 0.000206
[2023.08.04-10.26.13:416][  0]LogPakFile: PakFile PrimaryIndexSize=187
[2023.08.04-10.26.13:416][  0]LogPakFile: PakFile PathHashIndexSize=101
[2023.08.04-10.26.13:416][  0]LogPakFile: PakFile FullDirectoryIndexSize=148
[2023.08.04-10.26.13:416][  0]LogShaderLibrary: Display: ShaderCodeLibraryPakFileMountedCallback: PakFile 'D:/Epic Games/UE_4.27/FeaturePacks/TP_TwinStickBP.upack' (chunk index -1, root 'root:/') mounted
[2023.08.04-10.26.13:416][  0]LogShaderLibrary: Display: ShaderCodeLibraryPakFileMountedCallback: pending pak file info (ChunkID:-1 Root:root:/ File:D:/Epic Games/UE_4.27/FeaturePacks/TP_TwinStickBP.upack)
[2023.08.04-10.26.13:416][  0]LogPakFile: OnPakFileMounted2Time == 0.000250
[2023.08.04-10.26.13:417][  0]LogPakFile: PakFile PrimaryIndexSize=183
[2023.08.04-10.26.13:417][  0]LogPakFile: PakFile PathHashIndexSize=101
[2023.08.04-10.26.13:418][  0]LogPakFile: PakFile FullDirectoryIndexSize=140
[2023.08.04-10.26.13:418][  0]LogShaderLibrary: Display: ShaderCodeLibraryPakFileMountedCallback: PakFile 'D:/Epic Games/UE_4.27/FeaturePacks/TP_Vehicle.upack' (chunk index -1, root 'root:/') mounted
[2023.08.04-10.26.13:418][  0]LogShaderLibrary: Display: ShaderCodeLibraryPakFileMountedCallback: pending pak file info (ChunkID:-1 Root:root:/ File:D:/Epic Games/UE_4.27/FeaturePacks/TP_Vehicle.upack)
[2023.08.04-10.26.13:418][  0]LogPakFile: OnPakFileMounted2Time == 0.000277
[2023.08.04-10.26.13:419][  0]LogPakFile: PakFile PrimaryIndexSize=186
[2023.08.04-10.26.13:419][  0]LogPakFile: PakFile PathHashIndexSize=101
[2023.08.04-10.26.13:419][  0]LogPakFile: PakFile FullDirectoryIndexSize=146
[2023.08.04-10.26.13:419][  0]LogShaderLibrary: Display: ShaderCodeLibraryPakFileMountedCallback: PakFile 'D:/Epic Games/UE_4.27/FeaturePacks/TP_VehicleAdv.upack' (chunk index -1, root 'root:/') mounted
[2023.08.04-10.26.13:419][  0]LogShaderLibrary: Display: ShaderCodeLibraryPakFileMountedCallback: pending pak file info (ChunkID:-1 Root:root:/ File:D:/Epic Games/UE_4.27/FeaturePacks/TP_VehicleAdv.upack)
[2023.08.04-10.26.13:419][  0]LogPakFile: OnPakFileMounted2Time == 0.000224
[2023.08.04-10.26.13:420][  0]LogPakFile: PakFile PrimaryIndexSize=188
[2023.08.04-10.26.13:421][  0]LogPakFile: PakFile PathHashIndexSize=101
[2023.08.04-10.26.13:421][  0]LogPakFile: PakFile FullDirectoryIndexSize=150
[2023.08.04-10.26.13:421][  0]LogShaderLibrary: Display: ShaderCodeLibraryPakFileMountedCallback: PakFile 'D:/Epic Games/UE_4.27/FeaturePacks/TP_VehicleAdvBP.upack' (chunk index -1, root 'root:/') mounted
[2023.08.04-10.26.13:421][  0]LogShaderLibrary: Display: ShaderCodeLibraryPakFileMountedCallback: pending pak file info (ChunkID:-1 Root:root:/ File:D:/Epic Games/UE_4.27/FeaturePacks/TP_VehicleAdvBP.upack)
[2023.08.04-10.26.13:422][  0]LogPakFile: OnPakFileMounted2Time == 0.000244
[2023.08.04-10.26.13:423][  0]LogPakFile: PakFile PrimaryIndexSize=185
[2023.08.04-10.26.13:423][  0]LogPakFile: PakFile PathHashIndexSize=101
[2023.08.04-10.26.13:423][  0]LogPakFile: PakFile FullDirectoryIndexSize=144
[2023.08.04-10.26.13:423][  0]LogShaderLibrary: Display: ShaderCodeLibraryPakFileMountedCallback: PakFile 'D:/Epic Games/UE_4.27/FeaturePacks/TP_VehicleBP.upack' (chunk index -1, root 'root:/') mounted
[2023.08.04-10.26.13:423][  0]LogShaderLibrary: Display: ShaderCodeLibraryPakFileMountedCallback: pending pak file info (ChunkID:-1 Root:root:/ File:D:/Epic Games/UE_4.27/FeaturePacks/TP_VehicleBP.upack)
[2023.08.04-10.26.13:423][  0]LogPakFile: OnPakFileMounted2Time == 0.000335
[2023.08.04-10.26.13:424][  0]LogPakFile: PakFile PrimaryIndexSize=192
[2023.08.04-10.26.13:425][  0]LogPakFile: PakFile PathHashIndexSize=101
[2023.08.04-10.26.13:425][  0]LogPakFile: PakFile FullDirectoryIndexSize=158
[2023.08.04-10.26.13:425][  0]LogShaderLibrary: Display: ShaderCodeLibraryPakFileMountedCallback: PakFile 'D:/Epic Games/UE_4.27/FeaturePacks/TP_VirtualRealityBP.upack' (chunk index -1, root 'root:/') mounted
[2023.08.04-10.26.13:425][  0]LogShaderLibrary: Display: ShaderCodeLibraryPakFileMountedCallback: pending pak file info (ChunkID:-1 Root:root:/ File:D:/Epic Games/UE_4.27/FeaturePacks/TP_VirtualRealityBP.upack)
[2023.08.04-10.26.13:425][  0]LogPakFile: OnPakFileMounted2Time == 0.000297
[2023.08.04-10.26.13:452][  0]LogNativeClassHierarchy: Verbose: Native class hierarchy updated for 'AddContentDialog' in 0.0005 seconds. Added 0 classes and 0 folders.
[2023.08.04-10.26.13:454][  0]LogNativeClassHierarchy: Verbose: Native class hierarchy updated for 'SceneOutliner' in 0.0005 seconds. Added 2 classes and 0 folders.
[2023.08.04-10.26.13:501][  0]LogSlate: Took 0.000173 seconds to synchronously load lazily loaded font '../../../Engine/Content/Slate/Fonts/Roboto-Regular.ttf' (155K)
[2023.08.04-10.26.13:503][  0]LogSlate: Took 0.000166 seconds to synchronously load lazily loaded font '../../../Engine/Content/Editor/Slate/Fonts/FontAwesome.ttf' (139K)
[2023.08.04-10.26.13:504][  0]LogSlate: Took 0.000174 seconds to synchronously load lazily loaded font '../../../Engine/Content/Slate/Fonts/Roboto-Bold.ttf' (160K)
[2023.08.04-10.26.13:599][  0]LogRenderer: Reallocating scene render targets to support 1208x572 Format 10 NumSamples 1 (Frame:1).
[2023.08.04-10.26.13:661][  0]LogSlate: Took 0.000197 seconds to synchronously load lazily loaded font '../../../Engine/Content/Slate/Fonts/Roboto-Light.ttf' (167K)
[2023.08.04-10.26.13:721][  0]LogNativeClassHierarchy: Verbose: Native class hierarchy updated for 'HierarchicalLODOutliner' in 0.0005 seconds. Added 0 classes and 0 folders.
[2023.08.04-10.26.13:721][  0]LogLoad: (Engine Initialization) Total time: 11.21 seconds
[2023.08.04-10.26.13:721][  0]LogLoad: (Engine Initialization) Total Blueprint compile time: 0.00 seconds
[2023.08.04-10.26.13:773][  0]LogAssetRegistry: Asset discovery search completed in 5.7479 seconds
[2023.08.04-10.26.13:778][  0]LogCollectionManager: Fixed up redirectors for 0 collections in 0.000004 seconds (updated 0 objects)
[2023.08.04-10.26.13:779][  0]LogContentStreaming: Texture pool size now 1000 MB
[2023.08.04-10.26.21:098][ 22]LogEditorViewport: Clicking on Actor (LMB): StaticMeshActor (Floor)
[2023.08.04-10.26.26:613][546]LogSlate: Took 0.000180 seconds to synchronously load lazily loaded font '../../../Engine/Content/Slate/Fonts/Roboto-Italic.ttf' (157K)
[2023.08.04-10.26.59:732][664]LogSlate: Took 0.000177 seconds to synchronously load lazily loaded font '../../../Engine/Content/Slate/Fonts/Roboto-Light.ttf' (167K)
[2023.08.04-10.26.59:743][664]LogAssetEditorSubsystem: Opening Asset editor for WidgetBlueprint /Game/FirstPersonCPP/Blueprints/HUD_Player.HUD_Player
[2023.08.04-10.26.59:913][664]LogNativeClassHierarchy: Verbose: Native class hierarchy updated for 'BlueprintGraph' in 0.0006 seconds. Added 126 classes and 0 folders.
[2023.08.04-10.27.01:267][664]LogSlate: Took 0.000192 seconds to synchronously load lazily loaded font '../../../Engine/Content/Slate/Fonts/Roboto-BoldCondensed.ttf' (158K)
[2023.08.04-10.27.02:966][800]LogSlate: Window 'HUD_Player' being destroyed
[2023.08.04-10.27.04:919][ 24]LogSlate: Took 0.001648 seconds to synchronously load lazily loaded font '../../../Engine/Content/Slate/Fonts/DroidSansFallback.ttf' (3848K)
[2023.08.04-10.27.12:147][836]Cmd: OBJ SAVEPACKAGE PACKAGE="/Game/FirstPersonCPP/Blueprints/HUD_Player" FILE="E:/Portfolio/Unreal/FPS_Game/Zombone/Content/FirstPersonCPP/Blueprints/HUD_Player.uasset" SILENT=true
[2023.08.04-10.27.12:356][836]LogSavePackage: Moving 'E:/Portfolio/Unreal/FPS_Game/Zombone/Saved/HUD_PlayerE2892E61476EE467EC51318A8431D782.tmp' to 'E:/Portfolio/Unreal/FPS_Game/Zombone/Content/FirstPersonCPP/Blueprints/HUD_Player.uasset'
[2023.08.04-10.27.12:377][836]AssetCheck: New page: Asset Save: HUD_Player
[2023.08.04-10.27.12:377][836]LogContentValidation: Display: Validating WidgetBlueprint /Game/FirstPersonCPP/Blueprints/HUD_Player.HUD_Player
[2023.08.04-10.27.13:757][981]BlueprintLog: New page: Compile HUD_Player
[2023.08.04-10.27.13:843][981]LogUObjectHash: Compacting FUObjectHashTables data took   4.29ms
