Log file open, 10/10/22 19:26:39
LogWindows: Failed to load 'aqProf.dll' (GetLastError=126)
LogWindows: File 'aqProf.dll' does not exist
LogWindows: Failed to load 'VtuneApi.dll' (GetLastError=126)
LogWindows: File 'VtuneApi.dll' does not exist
LogWindows: Failed to load 'VtuneApi32e.dll' (GetLastError=126)
LogWindows: File 'VtuneApi32e.dll' does not exist
LogConsoleResponse: Display: Failed to find resolution value strings in scalability ini. Falling back to default.
LogConsoleResponse: Display: Failed to find resolution value strings in scalability ini. Falling back to default.
LogInit: Display: Running engine for game: Zombone
LogPlatformFile: Not using cached read wrapper
LogTaskGraph: Started task graph with 5 named threads and 23 total threads with 3 sets of task threads.
LogStats: Stats thread started at 0.347119
LogICUInternationalization: ICU TimeZone Detection - Raw Offset: +1:00, Platform Override: ''
LogInit: Display: Loading text-based GConfig....
LogPluginManager: Mounting plugin MeshPainting
LogPluginManager: Mounting plugin XGEController
LogPluginManager: Mounting plugin Paper2D
LogPluginManager: Mounting plugin AISupport
LogPluginManager: Mounting plugin EnvironmentQueryEditor
LogPluginManager: Mounting plugin LiveLink
LogPluginManager: Mounting plugin LightPropagationVolume
LogPluginManager: Mounting plugin CameraShakePreviewer
LogPluginManager: Mounting plugin GameplayCameras
LogPluginManager: Mounting plugin OodleData
LogPluginManager: Mounting plugin OodleNetwork
LogPluginManager: Mounting plugin AnimationSharing
LogPluginManager: Mounting plugin CLionSourceCodeAccess
LogPluginManager: Mounting plugin CodeLiteSourceCodeAccess
LogPluginManager: Mounting plugin GitSourceControl
LogPluginManager: Mounting plugin NullSourceCodeAccess
LogPluginManager: Mounting plugin KDevelopSourceCodeAccess
LogPluginManager: Mounting plugin PerforceSourceControl
LogPluginManager: Mounting plugin PlasticSourceControl
LogPluginManager: Mounting plugin PixWinPlugin
LogPluginManager: Mounting plugin PluginUtils
LogPluginManager: Mounting plugin PropertyAccessNode
LogPluginManager: Mounting plugin TextureFormatOodle
LogPluginManager: Mounting plugin SubversionSourceControl
LogPluginManager: Mounting plugin RiderSourceCodeAccess
LogPluginManager: Mounting plugin UObjectPlugin
LogPluginManager: Mounting plugin VisualStudioSourceCodeAccess
LogPluginManager: Mounting plugin XCodeSourceCodeAccess
LogPluginManager: Mounting plugin VisualStudioCodeSourceCodeAccess
LogPluginManager: Mounting plugin AssetManagerEditor
LogPluginManager: Mounting plugin DataValidation
LogPluginManager: Mounting plugin CryptoKeys
LogPluginManager: Mounting plugin FacialAnimation
LogPluginManager: Mounting plugin GameplayTagsEditor
LogPluginManager: Mounting plugin GeometryMode
LogPluginManager: Mounting plugin MacGraphicsSwitching
LogPluginManager: Mounting plugin MaterialAnalyzer
LogPluginManager: Mounting plugin MobileLauncherProfileWizard
LogPluginManager: Mounting plugin PluginBrowser
LogPluginManager: Mounting plugin SpeedTreeImporter
LogPluginManager: Mounting plugin DatasmithContent
LogPluginManager: Mounting plugin AlembicImporter
LogPluginManager: Mounting plugin VariantManagerContent
LogPluginManager: Mounting plugin AutomationUtils
LogPluginManager: Mounting plugin BackChannel
LogPluginManager: Mounting plugin ChaosCloth
LogPluginManager: Mounting plugin ChaosClothEditor
LogPluginManager: Mounting plugin ChaosEditor
LogPluginManager: Mounting plugin ChaosSolverPlugin
LogPluginManager: Mounting plugin ChaosNiagara
LogPluginManager: Mounting plugin CharacterAI
LogPluginManager: Mounting plugin GeometryCache
LogPluginManager: Mounting plugin GeometryCollectionPlugin
LogPluginManager: Mounting plugin GeometryProcessing
LogPluginManager: Mounting plugin OpenImageDenoise
LogPluginManager: Mounting plugin PlanarCut
LogPluginManager: Mounting plugin PlatformCrypto
LogPluginManager: Mounting plugin ProxyLODPlugin
LogPluginManager: Mounting plugin PythonScriptPlugin
LogPluginManager: Mounting plugin Niagara
LogPluginManager: Mounting plugin SkeletalReduction
LogPluginManager: Mounting plugin LuminPlatformFeatures
LogPluginManager: Mounting plugin CurveEditorTools
LogPluginManager: Mounting plugin MagicLeap
LogPluginManager: Mounting plugin MagicLeapLightEstimation
LogPluginManager: Mounting plugin MagicLeapMedia
LogPluginManager: Mounting plugin MagicLeapPassableWorld
LogPluginManager: Mounting plugin MLSDK
LogPluginManager: Mounting plugin AndroidMedia
LogPluginManager: Mounting plugin AvfMedia
LogPluginManager: Mounting plugin MotoSynth
LogPluginManager: Mounting plugin ImgMedia
LogPluginManager: Mounting plugin MediaCompositing
LogPluginManager: Mounting plugin MediaPlayerEditor
LogPluginManager: Mounting plugin WmfMedia
LogPluginManager: Mounting plugin WebMMedia
LogPluginManager: Mounting plugin TcpMessaging
LogPluginManager: Mounting plugin UdpMessaging
LogPluginManager: Mounting plugin ActorSequence
LogPluginManager: Mounting plugin MatineeToLevelSequence
LogPluginManager: Mounting plugin LevelSequenceEditor
LogPluginManager: Mounting plugin TemplateSequence
LogPluginManager: Mounting plugin OnlineSubsystem
LogPluginManager: Mounting plugin OnlineSubsystemNull
LogPluginManager: Mounting plugin LauncherChunkInstaller
LogPluginManager: Mounting plugin OnlineSubsystemUtils
LogPluginManager: Mounting plugin ActorLayerUtilities
LogPluginManager: Mounting plugin AndroidDeviceProfileSelector
LogPluginManager: Mounting plugin AndroidMoviePlayer
LogPluginManager: Mounting plugin AndroidPermission
LogPluginManager: Mounting plugin AppleImageUtils
LogPluginManager: Mounting plugin AppleMoviePlayer
LogPluginManager: Mounting plugin ArchVisCharacter
LogPluginManager: Mounting plugin AssetTags
LogPluginManager: Mounting plugin AudioCapture
LogPluginManager: Mounting plugin CableComponent
LogPluginManager: Mounting plugin AudioSynesthesia
LogPluginManager: Mounting plugin ChunkDownloader
LogPluginManager: Mounting plugin CustomMeshComponent
LogPluginManager: Mounting plugin EditableMesh
LogPluginManager: Mounting plugin ExampleDeviceProfileSelector
LogPluginManager: Mounting plugin GoogleCloudMessaging
LogPluginManager: Mounting plugin GooglePAD
LogPluginManager: Mounting plugin IOSDeviceProfileSelector
LogPluginManager: Mounting plugin LinuxDeviceProfileSelector
LogPluginManager: Mounting plugin LocationServicesBPLibrary
LogPluginManager: Mounting plugin MobilePatchingUtils
LogPluginManager: Mounting plugin OpenXR
LogPluginManager: Mounting plugin OpenXREyeTracker
LogPluginManager: Mounting plugin OpenXRHandTracking
LogPluginManager: Mounting plugin PhysXVehicles
LogPluginManager: Mounting plugin PostSplashScreen
LogPluginManager: Mounting plugin PropertyAccessEditor
LogPluginManager: Mounting plugin ProceduralMeshComponent
LogPluginManager: Mounting plugin RuntimePhysXCooking
LogPluginManager: Mounting plugin SignificanceManager
LogPluginManager: Mounting plugin SoundFields
LogPluginManager: Mounting plugin Synthesis
LogPluginManager: Mounting plugin WebMMoviePlayer
LogPluginManager: Mounting plugin WindowsMoviePlayer
LogPluginManager: Mounting plugin ScreenshotTools
LogPluginManager: Mounting plugin Takes
LogPluginManager: Mounting plugin ContentBrowserAssetDataSource
LogPluginManager: Mounting plugin ContentBrowserClassDataSource
LogPluginManager: Mounting plugin ContentBrowserFileDataSource
LogPluginManager: Mounting plugin OnlineSubsystemIOS
LogPluginManager: Mounting plugin OnlineSubsystemGooglePlay
LogPluginManager: Mounting plugin OculusVR
LogPluginManager: Mounting plugin SteamVR
PixWinPlugin: PIX capture plugin failed to initialize! Check that the process is launched from PIX.
LogInit: Using libcurl 7.55.1-DEV
LogInit:  - built for x86_64-pc-win32
LogInit:  - supports SSL with OpenSSL/1.1.1
LogInit:  - supports HTTP deflate (compression) using libz 1.2.8
LogInit:  - other features:
LogInit:      CURL_VERSION_SSL
LogInit:      CURL_VERSION_LIBZ
LogInit:      CURL_VERSION_IPV6
LogInit:      CURL_VERSION_ASYNCHDNS
LogInit:      CURL_VERSION_LARGEFILE
LogInit:      CURL_VERSION_IDN
LogInit:  CurlRequestOptions (configurable via config and command line):
LogInit:  - bVerifyPeer = true  - Libcurl will verify peer certificate
LogInit:  - bUseHttpProxy = false  - Libcurl will NOT use HTTP proxy
LogInit:  - bDontReuseConnections = false  - Libcurl will reuse connections
LogInit:  - MaxHostConnections = 16  - Libcurl will limit the number of connections to a host
LogInit:  - LocalHostAddr = Default
LogInit:  - BufferSize = 65536
LogOnline: OSS: Creating online subsystem instance for: NULL
LogInit: WinSock: version 1.1 (2.2), MaxSocks=32767, MaxUdp=65467
LogOnline: OSS: TryLoadSubsystemAndSetDefault: Loaded subsystem for module [NULL]
LogOculusPluginWrapper: OculusPlugin initialized successfully
LogHMD: Failed initializing OVRPlugin 1.59.0
LogInit: Build: ++UE4+Release-4.27-CL-18319896
LogInit: Engine Version: 4.27.2-18319896+++UE4+Release-4.27
LogInit: Compatible Engine Version: 4.27.0-17155196+++UE4+Release-4.27
LogInit: Net CL: 17155196
LogInit: OS: Windows 10 (Release 2009) (), CPU: Intel(R) Core(TM) i5-9300H CPU @ 2.40GHz, GPU: NVIDIA GeForce RTX 2060
LogInit: Compiled (64-bit): Nov 30 2021 07:12:08
LogInit: Compiled with Visual C++: 19.24.28315.00
LogInit: Build Configuration: Development
LogInit: Branch Name: ++UE4+Release-4.27
LogInit: Command Line:  -skipcompile
LogInit: Base Directory: D:/Epic/UE_4.27/Engine/Binaries/Win64/
LogInit: Allocator: TBB
LogInit: Installed Engine Build: 1
LogDevObjectVersion: Number of dev versions registered: 29
LogDevObjectVersion:   Dev-Blueprints (B0D832E4-1F89-4F0D-ACCF-7EB736FD4AA2): 10
LogDevObjectVersion:   Dev-Build (E1C64328-A22C-4D53-A36C-8E866417BD8C): 0
LogDevObjectVersion:   Dev-Core (375EC13C-06E4-48FB-B500-84F0262A717E): 4
LogDevObjectVersion:   Dev-Editor (E4B068ED-F494-42E9-A231-DA0B2E46BB41): 40
LogDevObjectVersion:   Dev-Framework (CFFC743F-43B0-4480-9391-14DF171D2073): 37
LogDevObjectVersion:   Dev-Mobile (B02B49B5-BB20-44E9-A304-32B752E40360): 3
LogDevObjectVersion:   Dev-Networking (A4E4105C-59A1-49B5-A7C5-40C4547EDFEE): 0
LogDevObjectVersion:   Dev-Online (39C831C9-5AE6-47DC-9A44-9C173E1C8E7C): 0
LogDevObjectVersion:   Dev-Physics (78F01B33-EBEA-4F98-B9B4-84EACCB95AA2): 14
LogDevObjectVersion:   Dev-Platform (6631380F-2D4D-43E0-8009-CF276956A95A): 0
LogDevObjectVersion:   Dev-Rendering (12F88B9F-8875-4AFC-A67C-D90C383ABD29): 45
LogDevObjectVersion:   Dev-Sequencer (7B5AE74C-D270-4C10-A958-57980B212A5A): 13
LogDevObjectVersion:   Dev-VR (D7296918-1DD6-4BDD-9DE2-64A83CC13884): 3
LogDevObjectVersion:   Dev-LoadTimes (C2A15278-BFE7-4AFE-6C17-90FF531DF755): 1
LogDevObjectVersion:   Private-Geometry (6EACA3D4-40EC-4CC1-B786-8BED09428FC5): 3
LogDevObjectVersion:   Dev-AnimPhys (29E575DD-E0A3-4627-9D10-D276232CDCEA): 17
LogDevObjectVersion:   Dev-Anim (AF43A65D-7FD3-4947-9873-3E8ED9C1BB05): 15
LogDevObjectVersion:   Dev-ReflectionCapture (6B266CEC-1EC7-4B8F-A30B-E4D90942FC07): 1
LogDevObjectVersion:   Dev-Automation (0DF73D61-A23F-47EA-B727-89E90C41499A): 1
LogDevObjectVersion:   FortniteMain (601D1886-AC64-4F84-AA16-D3DE0DEAC7D6): 47
LogDevObjectVersion:   FortniteRelease (E7086368-6B23-4C58-8439-1B7016265E91): 1
LogDevObjectVersion:   Dev-Enterprise (9DFFBCD6-494F-0158-E221-12823C92A888): 10
LogDevObjectVersion:   Dev-Niagara (F2AED0AC-9AFE-416F-8664-AA7FFA26D6FC): 1
LogDevObjectVersion:   Dev-Destruction (174F1F0B-B4C6-45A5-B13F-2EE8D0FB917D): 10
LogDevObjectVersion:   Dev-Physics-Ext (35F94A83-E258-406C-A318-09F59610247C): 41
LogDevObjectVersion:   Dev-PhysicsMaterial-Chaos (B68FC16E-8B1B-42E2-B453-215C058844FE): 1
LogDevObjectVersion:   Dev-CineCamera (B2E18506-4273-CFC2-A54E-F4BB758BBA07): 1
LogDevObjectVersion:   Dev-VirtualProduction (64F58936-FD1B-42BA-BA96-7289D5D0FA4E): 1
LogDevObjectVersion:   Dev-MediaFramework (6F0ED827-A609-4895-9C91-998D90180EA4): 2
LogInit: Presizing for max 25165824 objects, including 0 objects not considered by GC, pre-allocating 0 bytes for permanent pool.
LogConfig: Applying CVar settings from Section [/Script/Engine.StreamingSettings] File [D:/Portfolio/Unreal/FPS_Game/Zombone/Saved/Config/Windows/Engine.ini]
LogConfig: Setting CVar [[s.MinBulkDataSizeForAsyncLoading:131072]]
LogConfig: Setting CVar [[s.AsyncLoadingThreadEnabled:0]]
LogConfig: Setting CVar [[s.EventDrivenLoaderEnabled:1]]
LogConfig: Setting CVar [[s.WarnIfTimeLimitExceeded:0]]
LogConfig: Setting CVar [[s.TimeLimitExceededMultiplier:1.5]]
LogConfig: Setting CVar [[s.TimeLimitExceededMinTime:0.005]]
LogConfig: Setting CVar [[s.UseBackgroundLevelStreaming:1]]
LogConfig: Setting CVar [[s.PriorityAsyncLoadingExtraTime:15.0]]
LogConfig: Setting CVar [[s.LevelStreamingActorsUpdateTimeLimit:5.0]]
LogConfig: Setting CVar [[s.PriorityLevelStreamingActorsUpdateExtraTime:5.0]]
LogConfig: Setting CVar [[s.LevelStreamingComponentsRegistrationGranularity:10]]
LogConfig: Setting CVar [[s.UnregisterComponentsTimeLimit:1.0]]
LogConfig: Setting CVar [[s.LevelStreamingComponentsUnregistrationGranularity:5]]
LogConfig: Setting CVar [[s.FlushStreamingOnExit:1]]
LogInit: Object subsystem initialized
LogConfig: Setting CVar [[con.DebugEarlyDefault:1]]
LogConfig: Setting CVar [[r.setres:1280x720]]
[2022.10.10-17.26.40:643][  0]LogConfig: Setting CVar [[r.VSync:0]]
[2022.10.10-17.26.40:643][  0]LogConfig: Setting CVar [[r.RHICmdBypass:0]]
[2022.10.10-17.26.40:643][  0]LogConfig: Applying CVar settings from Section [/Script/Engine.RendererSettings] File [D:/Portfolio/Unreal/FPS_Game/Zombone/Saved/Config/Windows/Engine.ini]
[2022.10.10-17.26.40:643][  0]LogConfig: Setting CVar [[r.GPUCrashDebugging:0]]
[2022.10.10-17.26.40:643][  0]LogConfig: Applying CVar settings from Section [/Script/Engine.RendererOverrideSettings] File [D:/Portfolio/Unreal/FPS_Game/Zombone/Saved/Config/Windows/Engine.ini]
[2022.10.10-17.26.40:643][  0]LogConfig: Applying CVar settings from Section [/Script/Engine.StreamingSettings] File [D:/Portfolio/Unreal/FPS_Game/Zombone/Saved/Config/Windows/Engine.ini]
[2022.10.10-17.26.40:643][  0]LogConfig: Setting CVar [[s.MinBulkDataSizeForAsyncLoading:131072]]
[2022.10.10-17.26.40:643][  0]LogConfig: Setting CVar [[s.AsyncLoadingThreadEnabled:0]]
[2022.10.10-17.26.40:643][  0]LogConfig: Setting CVar [[s.EventDrivenLoaderEnabled:1]]
[2022.10.10-17.26.40:643][  0]LogConfig: Setting CVar [[s.WarnIfTimeLimitExceeded:0]]
[2022.10.10-17.26.40:643][  0]LogConfig: Setting CVar [[s.TimeLimitExceededMultiplier:1.5]]
[2022.10.10-17.26.40:643][  0]LogConfig: Setting CVar [[s.TimeLimitExceededMinTime:0.005]]
[2022.10.10-17.26.40:643][  0]LogConfig: Setting CVar [[s.UseBackgroundLevelStreaming:1]]
[2022.10.10-17.26.40:643][  0]LogConfig: Setting CVar [[s.PriorityAsyncLoadingExtraTime:15.0]]
[2022.10.10-17.26.40:644][  0]LogConfig: Setting CVar [[s.LevelStreamingActorsUpdateTimeLimit:5.0]]
[2022.10.10-17.26.40:644][  0]LogConfig: Setting CVar [[s.PriorityLevelStreamingActorsUpdateExtraTime:5.0]]
[2022.10.10-17.26.40:644][  0]LogConfig: Setting CVar [[s.LevelStreamingComponentsRegistrationGranularity:10]]
[2022.10.10-17.26.40:644][  0]LogConfig: Setting CVar [[s.UnregisterComponentsTimeLimit:1.0]]
[2022.10.10-17.26.40:644][  0]LogConfig: Setting CVar [[s.LevelStreamingComponentsUnregistrationGranularity:5]]
[2022.10.10-17.26.40:645][  0]LogConfig: Setting CVar [[s.FlushStreamingOnExit:1]]
[2022.10.10-17.26.40:645][  0]LogConfig: Applying CVar settings from Section [/Script/Engine.GarbageCollectionSettings] File [D:/Portfolio/Unreal/FPS_Game/Zombone/Saved/Config/Windows/Engine.ini]
[2022.10.10-17.26.40:645][  0]LogConfig: Setting CVar [[gc.MaxObjectsNotConsideredByGC:1]]
[2022.10.10-17.26.40:645][  0]LogConfig: Setting CVar [[gc.SizeOfPermanentObjectPool:0]]
[2022.10.10-17.26.40:645][  0]LogConfig: Setting CVar [[gc.FlushStreamingOnGC:0]]
[2022.10.10-17.26.40:645][  0]LogConfig: Setting CVar [[gc.NumRetriesBeforeForcingGC:10]]
[2022.10.10-17.26.40:645][  0]LogConfig: Setting CVar [[gc.AllowParallelGC:1]]
[2022.10.10-17.26.40:645][  0]LogConfig: Setting CVar [[gc.TimeBetweenPurgingPendingKillObjects:61.1]]
[2022.10.10-17.26.40:645][  0]LogConfig: Setting CVar [[gc.MaxObjectsInEditor:25165824]]
[2022.10.10-17.26.40:645][  0]LogConfig: Setting CVar [[gc.IncrementalBeginDestroyEnabled:1]]
[2022.10.10-17.26.40:645][  0]LogConfig: Setting CVar [[gc.CreateGCClusters:1]]
[2022.10.10-17.26.40:645][  0]LogConfig: Setting CVar [[gc.MinGCClusterSize:5]]
[2022.10.10-17.26.40:645][  0]LogConfig: Setting CVar [[gc.ActorClusteringEnabled:0]]
[2022.10.10-17.26.40:645][  0]LogConfig: Setting CVar [[gc.BlueprintClusteringEnabled:0]]
[2022.10.10-17.26.40:645][  0]LogConfig: Setting CVar [[gc.UseDisregardForGCOnDedicatedServers:0]]
[2022.10.10-17.26.40:645][  0]LogConfig: Setting CVar [[gc.MultithreadedDestructionEnabled:1]]
[2022.10.10-17.26.40:646][  0]LogConfig: Applying CVar settings from Section [/Script/Engine.NetworkSettings] File [D:/Portfolio/Unreal/FPS_Game/Zombone/Saved/Config/Windows/Engine.ini]
[2022.10.10-17.26.40:646][  0]LogConfig: Applying CVar settings from Section [/Script/UnrealEd.CookerSettings] File [D:/Portfolio/Unreal/FPS_Game/Zombone/Saved/Config/Windows/Engine.ini]
[2022.10.10-17.26.40:655][  0]LogConfig: Applying CVar settings from Section [ViewDistanceQuality@3] File [D:/Portfolio/Unreal/FPS_Game/Zombone/Saved/Config/Windows/Scalability.ini]
[2022.10.10-17.26.40:656][  0]LogConfig: Setting CVar [[r.SkeletalMeshLODBias:0]]
[2022.10.10-17.26.40:656][  0]LogConfig: Setting CVar [[r.ViewDistanceScale:1.0]]
[2022.10.10-17.26.40:656][  0]LogConfig: Applying CVar settings from Section [AntiAliasingQuality@3] File [D:/Portfolio/Unreal/FPS_Game/Zombone/Saved/Config/Windows/Scalability.ini]
[2022.10.10-17.26.40:656][  0]LogConfig: Setting CVar [[r.PostProcessAAQuality:4]]
[2022.10.10-17.26.40:656][  0]LogConfig: Applying CVar settings from Section [ShadowQuality@3] File [D:/Portfolio/Unreal/FPS_Game/Zombone/Saved/Config/Windows/Scalability.ini]
[2022.10.10-17.26.40:656][  0]LogConfig: Setting CVar [[r.LightFunctionQuality:1]]
[2022.10.10-17.26.40:656][  0]LogConfig: Setting CVar [[r.ShadowQuality:5]]
[2022.10.10-17.26.40:656][  0]LogConfig: Setting CVar [[r.Shadow.CSM.MaxCascades:10]]
[2022.10.10-17.26.40:656][  0]LogConfig: Setting CVar [[r.Shadow.MaxResolution:2048]]
[2022.10.10-17.26.40:656][  0]LogConfig: Setting CVar [[r.Shadow.MaxCSMResolution:2048]]
[2022.10.10-17.26.40:656][  0]LogConfig: Setting CVar [[r.Shadow.RadiusThreshold:0.01]]
[2022.10.10-17.26.40:656][  0]LogConfig: Setting CVar [[r.Shadow.DistanceScale:1.0]]
[2022.10.10-17.26.40:656][  0]LogConfig: Setting CVar [[r.Shadow.CSM.TransitionScale:1.0]]
[2022.10.10-17.26.40:656][  0]LogConfig: Setting CVar [[r.Shadow.PreShadowResolutionFactor:1.0]]
[2022.10.10-17.26.40:656][  0]LogConfig: Setting CVar [[r.DistanceFieldShadowing:1]]
[2022.10.10-17.26.40:656][  0]LogConfig: Setting CVar [[r.DistanceFieldAO:1]]
[2022.10.10-17.26.40:656][  0]LogConfig: Setting CVar [[r.AOQuality:2]]
[2022.10.10-17.26.40:656][  0]LogConfig: Setting CVar [[r.VolumetricFog:1]]
[2022.10.10-17.26.40:657][  0]LogConfig: Setting CVar [[r.VolumetricFog.GridPixelSize:8]]
[2022.10.10-17.26.40:657][  0]LogConfig: Setting CVar [[r.VolumetricFog.GridSizeZ:128]]
[2022.10.10-17.26.40:657][  0]LogConfig: Setting CVar [[r.VolumetricFog.HistoryMissSupersampleCount:4]]
[2022.10.10-17.26.40:657][  0]LogConfig: Setting CVar [[r.LightMaxDrawDistanceScale:1]]
[2022.10.10-17.26.40:657][  0]LogConfig: Setting CVar [[r.CapsuleShadows:1]]
[2022.10.10-17.26.40:657][  0]LogConfig: Applying CVar settings from Section [PostProcessQuality@3] File [D:/Portfolio/Unreal/FPS_Game/Zombone/Saved/Config/Windows/Scalability.ini]
[2022.10.10-17.26.40:657][  0]LogConfig: Setting CVar [[r.MotionBlurQuality:4]]
[2022.10.10-17.26.40:657][  0]LogConfig: Setting CVar [[r.AmbientOcclusionMipLevelFactor:0.4]]
[2022.10.10-17.26.40:657][  0]LogConfig: Setting CVar [[r.AmbientOcclusionMaxQuality:100]]
[2022.10.10-17.26.40:657][  0]LogConfig: Setting CVar [[r.AmbientOcclusionLevels:-1]]
[2022.10.10-17.26.40:657][  0]LogConfig: Setting CVar [[r.AmbientOcclusionRadiusScale:1.0]]
[2022.10.10-17.26.40:657][  0]LogConfig: Setting CVar [[r.DepthOfFieldQuality:2]]
[2022.10.10-17.26.40:657][  0]LogConfig: Setting CVar [[r.RenderTargetPoolMin:400]]
[2022.10.10-17.26.40:657][  0]LogConfig: Setting CVar [[r.LensFlareQuality:2]]
[2022.10.10-17.26.40:657][  0]LogConfig: Setting CVar [[r.SceneColorFringeQuality:1]]
[2022.10.10-17.26.40:657][  0]LogConfig: Setting CVar [[r.EyeAdaptationQuality:2]]
[2022.10.10-17.26.40:657][  0]LogConfig: Setting CVar [[r.BloomQuality:5]]
[2022.10.10-17.26.40:657][  0]LogConfig: Setting CVar [[r.FastBlurThreshold:100]]
[2022.10.10-17.26.40:657][  0]LogConfig: Setting CVar [[r.Upscale.Quality:3]]
[2022.10.10-17.26.40:657][  0]LogConfig: Setting CVar [[r.Tonemapper.GrainQuantization:1]]
[2022.10.10-17.26.40:657][  0]LogConfig: Setting CVar [[r.LightShaftQuality:1]]
[2022.10.10-17.26.40:657][  0]LogConfig: Setting CVar [[r.Filter.SizeScale:1]]
[2022.10.10-17.26.40:657][  0]LogConfig: Setting CVar [[r.Tonemapper.Quality:5]]
[2022.10.10-17.26.40:657][  0]LogConfig: Setting CVar [[r.DOF.Gather.AccumulatorQuality:1        ; higher gathering accumulator quality]]
[2022.10.10-17.26.40:657][  0]LogConfig: Setting CVar [[r.DOF.Gather.PostfilterMethod:1          ; Median3x3 postfilering method]]
[2022.10.10-17.26.40:657][  0]LogConfig: Setting CVar [[r.DOF.Gather.EnableBokehSettings:0       ; no bokeh simulation when gathering]]
[2022.10.10-17.26.40:657][  0]LogConfig: Setting CVar [[r.DOF.Gather.RingCount:4                 ; medium number of samples when gathering]]
[2022.10.10-17.26.40:657][  0]LogConfig: Setting CVar [[r.DOF.Scatter.ForegroundCompositing:1    ; additive foreground scattering]]
[2022.10.10-17.26.40:657][  0]LogConfig: Setting CVar [[r.DOF.Scatter.BackgroundCompositing:2    ; additive background scattering]]
[2022.10.10-17.26.40:657][  0]LogConfig: Setting CVar [[r.DOF.Scatter.EnableBokehSettings:1      ; bokeh simulation when scattering]]
[2022.10.10-17.26.40:657][  0]LogConfig: Setting CVar [[r.DOF.Scatter.MaxSpriteRatio:0.1         ; only a maximum of 10% of scattered bokeh]]
[2022.10.10-17.26.40:657][  0]LogConfig: Setting CVar [[r.DOF.Recombine.Quality:1                ; cheap slight out of focus]]
[2022.10.10-17.26.40:657][  0]LogConfig: Setting CVar [[r.DOF.Recombine.EnableBokehSettings:0    ; no bokeh simulation on slight out of focus]]
[2022.10.10-17.26.40:658][  0]LogConfig: Setting CVar [[r.DOF.TemporalAAQuality:1                ; more stable temporal accumulation]]
[2022.10.10-17.26.40:658][  0]LogConfig: Setting CVar [[r.DOF.Kernel.MaxForegroundRadius:0.025]]
[2022.10.10-17.26.40:658][  0]LogConfig: Setting CVar [[r.DOF.Kernel.MaxBackgroundRadius:0.025]]
[2022.10.10-17.26.40:658][  0]LogConfig: Applying CVar settings from Section [TextureQuality@3] File [D:/Portfolio/Unreal/FPS_Game/Zombone/Saved/Config/Windows/Scalability.ini]
[2022.10.10-17.26.40:658][  0]LogConfig: Setting CVar [[r.Streaming.MipBias:0]]
[2022.10.10-17.26.40:658][  0]LogConfig: Setting CVar [[r.Streaming.AmortizeCPUToGPUCopy:0]]
[2022.10.10-17.26.40:658][  0]LogConfig: Setting CVar [[r.Streaming.MaxNumTexturesToStreamPerFrame:0]]
[2022.10.10-17.26.40:659][  0]LogConfig: Setting CVar [[r.Streaming.Boost:1]]
[2022.10.10-17.26.40:659][  0]LogConfig: Setting CVar [[r.MaxAnisotropy:8]]
[2022.10.10-17.26.40:659][  0]LogConfig: Setting CVar [[r.VT.MaxAnisotropy:8]]
[2022.10.10-17.26.40:659][  0]LogConfig: Setting CVar [[r.Streaming.LimitPoolSizeToVRAM:0]]
[2022.10.10-17.26.40:659][  0]LogConfig: Setting CVar [[r.Streaming.PoolSize:1000]]
[2022.10.10-17.26.40:659][  0]LogConfig: Setting CVar [[r.Streaming.MaxEffectiveScreenSize:0]]
[2022.10.10-17.26.40:659][  0]LogConfig: Applying CVar settings from Section [EffectsQuality@3] File [D:/Portfolio/Unreal/FPS_Game/Zombone/Saved/Config/Windows/Scalability.ini]
[2022.10.10-17.26.40:659][  0]LogConfig: Setting CVar [[r.TranslucencyLightingVolumeDim:64]]
[2022.10.10-17.26.40:659][  0]LogConfig: Setting CVar [[r.RefractionQuality:2]]
[2022.10.10-17.26.40:659][  0]LogConfig: Setting CVar [[r.SSR.Quality:3]]
[2022.10.10-17.26.40:659][  0]LogConfig: Setting CVar [[r.SSR.HalfResSceneColor:0]]
[2022.10.10-17.26.40:659][  0]LogConfig: Setting CVar [[r.SceneColorFormat:4]]
[2022.10.10-17.26.40:659][  0]LogConfig: Setting CVar [[r.DetailMode:2]]
[2022.10.10-17.26.40:659][  0]LogConfig: Setting CVar [[r.TranslucencyVolumeBlur:1]]
[2022.10.10-17.26.40:659][  0]LogConfig: Setting CVar [[r.MaterialQualityLevel:1 ; High quality]]
[2022.10.10-17.26.40:659][  0]LogConfig: Setting CVar [[r.AnisotropicMaterials:1]]
[2022.10.10-17.26.40:660][  0]LogConfig: Setting CVar [[r.SSS.Scale:1]]
[2022.10.10-17.26.40:660][  0]LogConfig: Setting CVar [[r.SSS.SampleSet:2]]
[2022.10.10-17.26.40:660][  0]LogConfig: Setting CVar [[r.SSS.Quality:1]]
[2022.10.10-17.26.40:660][  0]LogConfig: Setting CVar [[r.SSS.HalfRes:0]]
[2022.10.10-17.26.40:660][  0]LogConfig: Setting CVar [[r.SSGI.Quality:3]]
[2022.10.10-17.26.40:660][  0]LogConfig: Setting CVar [[r.EmitterSpawnRateScale:1.0]]
[2022.10.10-17.26.40:660][  0]LogConfig: Setting CVar [[r.ParticleLightQuality:2]]
[2022.10.10-17.26.40:660][  0]LogConfig: Setting CVar [[r.SkyAtmosphere.AerialPerspectiveLUT.FastApplyOnOpaque:1 ; Always have FastSkyLUT 1 in this case to avoid wrong sky]]
[2022.10.10-17.26.40:660][  0]LogConfig: Setting CVar [[r.SkyAtmosphere.AerialPerspectiveLUT.SampleCountMaxPerSlice:4]]
[2022.10.10-17.26.40:660][  0]LogConfig: Setting CVar [[r.SkyAtmosphere.AerialPerspectiveLUT.DepthResolution:16.0]]
[2022.10.10-17.26.40:660][  0]LogConfig: Setting CVar [[r.SkyAtmosphere.FastSkyLUT:1]]
[2022.10.10-17.26.40:660][  0]LogConfig: Setting CVar [[r.SkyAtmosphere.FastSkyLUT.SampleCountMin:4.0]]
[2022.10.10-17.26.40:660][  0]LogConfig: Setting CVar [[r.SkyAtmosphere.FastSkyLUT.SampleCountMax:128.0]]
[2022.10.10-17.26.40:660][  0]LogConfig: Setting CVar [[r.SkyAtmosphere.SampleCountMin:4.0]]
[2022.10.10-17.26.40:660][  0]LogConfig: Setting CVar [[r.SkyAtmosphere.SampleCountMax:128.0]]
[2022.10.10-17.26.40:660][  0]LogConfig: Setting CVar [[r.SkyAtmosphere.TransmittanceLUT.UseSmallFormat:0]]
[2022.10.10-17.26.40:660][  0]LogConfig: Setting CVar [[r.SkyAtmosphere.TransmittanceLUT.SampleCount:10.0]]
[2022.10.10-17.26.40:660][  0]LogConfig: Setting CVar [[r.SkyAtmosphere.MultiScatteringLUT.SampleCount:15.0]]
[2022.10.10-17.26.40:661][  0]LogConfig: Setting CVar [[r.SkyLight.RealTimeReflectionCapture:1]]
[2022.10.10-17.26.40:661][  0]LogConfig: Applying CVar settings from Section [FoliageQuality@3] File [D:/Portfolio/Unreal/FPS_Game/Zombone/Saved/Config/Windows/Scalability.ini]
[2022.10.10-17.26.40:661][  0]LogConfig: Setting CVar [[foliage.DensityScale:1.0]]
[2022.10.10-17.26.40:661][  0]LogConfig: Setting CVar [[grass.DensityScale:1.0]]
[2022.10.10-17.26.40:661][  0]LogConfig: Applying CVar settings from Section [ShadingQuality@3] File [D:/Portfolio/Unreal/FPS_Game/Zombone/Saved/Config/Windows/Scalability.ini]
[2022.10.10-17.26.40:661][  0]LogConfig: Setting CVar [[r.HairStrands.SkyLighting.IntegrationType:2]]
[2022.10.10-17.26.40:661][  0]LogConfig: Setting CVar [[r.HairStrands.SkyAO.SampleCount:4]]
[2022.10.10-17.26.40:661][  0]LogConfig: Setting CVar [[r.HairStrands.Visibility.MSAA.SamplePerPixel:4]]
[2022.10.10-17.26.40:661][  0]LogInit: Selected Device Profile: [Windows]
[2022.10.10-17.26.40:661][  0]LogInit: Applying CVar settings loaded from the selected device profile: [Windows]
[2022.10.10-17.26.40:661][  0]LogHAL: Display: Platform has ~ 16 GB [17052086272 / 17179869184 / 16], which maps to Larger [LargestMinGB=32, LargerMinGB=12, DefaultMinGB=8, SmallerMinGB=6, SmallestMinGB=0)
[2022.10.10-17.26.40:661][  0]LogInit: Going up to parent DeviceProfile []
[2022.10.10-17.26.40:661][  0]LogConfig: Applying CVar settings from Section [ViewDistanceQuality@3] File [D:/Portfolio/Unreal/FPS_Game/Zombone/Saved/Config/Windows/Scalability.ini]
[2022.10.10-17.26.40:661][  0]LogConfig: Setting CVar [[r.SkeletalMeshLODBias:0]]
[2022.10.10-17.26.40:661][  0]LogConfig: Setting CVar [[r.ViewDistanceScale:1.0]]
[2022.10.10-17.26.40:661][  0]LogConfig: Applying CVar settings from Section [AntiAliasingQuality@3] File [D:/Portfolio/Unreal/FPS_Game/Zombone/Saved/Config/Windows/Scalability.ini]
[2022.10.10-17.26.40:662][  0]LogConfig: Setting CVar [[r.PostProcessAAQuality:4]]
[2022.10.10-17.26.40:662][  0]LogConfig: Applying CVar settings from Section [ShadowQuality@3] File [D:/Portfolio/Unreal/FPS_Game/Zombone/Saved/Config/Windows/Scalability.ini]
[2022.10.10-17.26.40:662][  0]LogConfig: Setting CVar [[r.LightFunctionQuality:1]]
[2022.10.10-17.26.40:662][  0]LogConfig: Setting CVar [[r.ShadowQuality:5]]
[2022.10.10-17.26.40:662][  0]LogConfig: Setting CVar [[r.Shadow.CSM.MaxCascades:10]]
[2022.10.10-17.26.40:662][  0]LogConfig: Setting CVar [[r.Shadow.MaxResolution:2048]]
[2022.10.10-17.26.40:662][  0]LogConfig: Setting CVar [[r.Shadow.MaxCSMResolution:2048]]
[2022.10.10-17.26.40:662][  0]LogConfig: Setting CVar [[r.Shadow.RadiusThreshold:0.01]]
[2022.10.10-17.26.40:662][  0]LogConfig: Setting CVar [[r.Shadow.DistanceScale:1.0]]
[2022.10.10-17.26.40:662][  0]LogConfig: Setting CVar [[r.Shadow.CSM.TransitionScale:1.0]]
[2022.10.10-17.26.40:662][  0]LogConfig: Setting CVar [[r.Shadow.PreShadowResolutionFactor:1.0]]
[2022.10.10-17.26.40:662][  0]LogConfig: Setting CVar [[r.DistanceFieldShadowing:1]]
[2022.10.10-17.26.40:662][  0]LogConfig: Setting CVar [[r.DistanceFieldAO:1]]
[2022.10.10-17.26.40:662][  0]LogConfig: Setting CVar [[r.AOQuality:2]]
[2022.10.10-17.26.40:662][  0]LogConfig: Setting CVar [[r.VolumetricFog:1]]
[2022.10.10-17.26.40:662][  0]LogConfig: Setting CVar [[r.VolumetricFog.GridPixelSize:8]]
[2022.10.10-17.26.40:662][  0]LogConfig: Setting CVar [[r.VolumetricFog.GridSizeZ:128]]
[2022.10.10-17.26.40:662][  0]LogConfig: Setting CVar [[r.VolumetricFog.HistoryMissSupersampleCount:4]]
[2022.10.10-17.26.40:662][  0]LogConfig: Setting CVar [[r.LightMaxDrawDistanceScale:1]]
[2022.10.10-17.26.40:662][  0]LogConfig: Setting CVar [[r.CapsuleShadows:1]]
[2022.10.10-17.26.40:663][  0]LogConfig: Applying CVar settings from Section [PostProcessQuality@3] File [D:/Portfolio/Unreal/FPS_Game/Zombone/Saved/Config/Windows/Scalability.ini]
[2022.10.10-17.26.40:663][  0]LogConfig: Setting CVar [[r.MotionBlurQuality:4]]
[2022.10.10-17.26.40:663][  0]LogConfig: Setting CVar [[r.AmbientOcclusionMipLevelFactor:0.4]]
[2022.10.10-17.26.40:663][  0]LogConfig: Setting CVar [[r.AmbientOcclusionMaxQuality:100]]
[2022.10.10-17.26.40:663][  0]LogConfig: Setting CVar [[r.AmbientOcclusionLevels:-1]]
[2022.10.10-17.26.40:663][  0]LogConfig: Setting CVar [[r.AmbientOcclusionRadiusScale:1.0]]
[2022.10.10-17.26.40:663][  0]LogConfig: Setting CVar [[r.DepthOfFieldQuality:2]]
[2022.10.10-17.26.40:663][  0]LogConfig: Setting CVar [[r.RenderTargetPoolMin:400]]
[2022.10.10-17.26.40:663][  0]LogConfig: Setting CVar [[r.LensFlareQuality:2]]
[2022.10.10-17.26.40:663][  0]LogConfig: Setting CVar [[r.SceneColorFringeQuality:1]]
[2022.10.10-17.26.40:663][  0]LogConfig: Setting CVar [[r.EyeAdaptationQuality:2]]
[2022.10.10-17.26.40:663][  0]LogConfig: Setting CVar [[r.BloomQuality:5]]
[2022.10.10-17.26.40:663][  0]LogConfig: Setting CVar [[r.FastBlurThreshold:100]]
[2022.10.10-17.26.40:663][  0]LogConfig: Setting CVar [[r.Upscale.Quality:3]]
[2022.10.10-17.26.40:663][  0]LogConfig: Setting CVar [[r.Tonemapper.GrainQuantization:1]]
[2022.10.10-17.26.40:663][  0]LogConfig: Setting CVar [[r.LightShaftQuality:1]]
[2022.10.10-17.26.40:664][  0]LogConfig: Setting CVar [[r.Filter.SizeScale:1]]
[2022.10.10-17.26.40:664][  0]LogConfig: Setting CVar [[r.Tonemapper.Quality:5]]
[2022.10.10-17.26.40:664][  0]LogConfig: Setting CVar [[r.DOF.Gather.AccumulatorQuality:1        ; higher gathering accumulator quality]]
[2022.10.10-17.26.40:664][  0]LogConfig: Setting CVar [[r.DOF.Gather.PostfilterMethod:1          ; Median3x3 postfilering method]]
[2022.10.10-17.26.40:664][  0]LogConfig: Setting CVar [[r.DOF.Gather.EnableBokehSettings:0       ; no bokeh simulation when gathering]]
[2022.10.10-17.26.40:664][  0]LogConfig: Setting CVar [[r.DOF.Gather.RingCount:4                 ; medium number of samples when gathering]]
[2022.10.10-17.26.40:664][  0]LogConfig: Setting CVar [[r.DOF.Scatter.ForegroundCompositing:1    ; additive foreground scattering]]
[2022.10.10-17.26.40:664][  0]LogConfig: Setting CVar [[r.DOF.Scatter.BackgroundCompositing:2    ; additive background scattering]]
[2022.10.10-17.26.40:664][  0]LogConfig: Setting CVar [[r.DOF.Scatter.EnableBokehSettings:1      ; bokeh simulation when scattering]]
[2022.10.10-17.26.40:664][  0]LogConfig: Setting CVar [[r.DOF.Scatter.MaxSpriteRatio:0.1         ; only a maximum of 10% of scattered bokeh]]
[2022.10.10-17.26.40:664][  0]LogConfig: Setting CVar [[r.DOF.Recombine.Quality:1                ; cheap slight out of focus]]
[2022.10.10-17.26.40:664][  0]LogConfig: Setting CVar [[r.DOF.Recombine.EnableBokehSettings:0    ; no bokeh simulation on slight out of focus]]
[2022.10.10-17.26.40:664][  0]LogConfig: Setting CVar [[r.DOF.TemporalAAQuality:1                ; more stable temporal accumulation]]
[2022.10.10-17.26.40:664][  0]LogConfig: Setting CVar [[r.DOF.Kernel.MaxForegroundRadius:0.025]]
[2022.10.10-17.26.40:664][  0]LogConfig: Setting CVar [[r.DOF.Kernel.MaxBackgroundRadius:0.025]]
[2022.10.10-17.26.40:664][  0]LogConfig: Applying CVar settings from Section [TextureQuality@3] File [D:/Portfolio/Unreal/FPS_Game/Zombone/Saved/Config/Windows/Scalability.ini]
[2022.10.10-17.26.40:664][  0]LogConfig: Setting CVar [[r.Streaming.MipBias:0]]
[2022.10.10-17.26.40:664][  0]LogConfig: Setting CVar [[r.Streaming.AmortizeCPUToGPUCopy:0]]
[2022.10.10-17.26.40:664][  0]LogConfig: Setting CVar [[r.Streaming.MaxNumTexturesToStreamPerFrame:0]]
[2022.10.10-17.26.40:664][  0]LogConfig: Setting CVar [[r.Streaming.Boost:1]]
[2022.10.10-17.26.40:665][  0]LogConfig: Setting CVar [[r.MaxAnisotropy:8]]
[2022.10.10-17.26.40:665][  0]LogConfig: Setting CVar [[r.VT.MaxAnisotropy:8]]
[2022.10.10-17.26.40:665][  0]LogConfig: Setting CVar [[r.Streaming.LimitPoolSizeToVRAM:0]]
[2022.10.10-17.26.40:665][  0]LogConfig: Setting CVar [[r.Streaming.PoolSize:1000]]
[2022.10.10-17.26.40:665][  0]LogConfig: Setting CVar [[r.Streaming.MaxEffectiveScreenSize:0]]
[2022.10.10-17.26.40:665][  0]LogConfig: Applying CVar settings from Section [EffectsQuality@3] File [D:/Portfolio/Unreal/FPS_Game/Zombone/Saved/Config/Windows/Scalability.ini]
[2022.10.10-17.26.40:665][  0]LogConfig: Setting CVar [[r.TranslucencyLightingVolumeDim:64]]
[2022.10.10-17.26.40:665][  0]LogConfig: Setting CVar [[r.RefractionQuality:2]]
[2022.10.10-17.26.40:665][  0]LogConfig: Setting CVar [[r.SSR.Quality:3]]
[2022.10.10-17.26.40:665][  0]LogConfig: Setting CVar [[r.SSR.HalfResSceneColor:0]]
[2022.10.10-17.26.40:665][  0]LogConfig: Setting CVar [[r.SceneColorFormat:4]]
[2022.10.10-17.26.40:665][  0]LogConfig: Setting CVar [[r.DetailMode:2]]
[2022.10.10-17.26.40:665][  0]LogConfig: Setting CVar [[r.TranslucencyVolumeBlur:1]]
[2022.10.10-17.26.40:665][  0]LogConfig: Setting CVar [[r.MaterialQualityLevel:1 ; High quality]]
[2022.10.10-17.26.40:665][  0]LogConfig: Setting CVar [[r.AnisotropicMaterials:1]]
[2022.10.10-17.26.40:666][  0]LogConfig: Setting CVar [[r.SSS.Scale:1]]
[2022.10.10-17.26.40:666][  0]LogConfig: Setting CVar [[r.SSS.SampleSet:2]]
[2022.10.10-17.26.40:666][  0]LogConfig: Setting CVar [[r.SSS.Quality:1]]
[2022.10.10-17.26.40:666][  0]LogConfig: Setting CVar [[r.SSS.HalfRes:0]]
[2022.10.10-17.26.40:666][  0]LogConfig: Setting CVar [[r.SSGI.Quality:3]]
[2022.10.10-17.26.40:666][  0]LogConfig: Setting CVar [[r.EmitterSpawnRateScale:1.0]]
[2022.10.10-17.26.40:666][  0]LogConfig: Setting CVar [[r.ParticleLightQuality:2]]
[2022.10.10-17.26.40:666][  0]LogConfig: Setting CVar [[r.SkyAtmosphere.AerialPerspectiveLUT.FastApplyOnOpaque:1 ; Always have FastSkyLUT 1 in this case to avoid wrong sky]]
[2022.10.10-17.26.40:666][  0]LogConfig: Setting CVar [[r.SkyAtmosphere.AerialPerspectiveLUT.SampleCountMaxPerSlice:4]]
[2022.10.10-17.26.40:666][  0]LogConfig: Setting CVar [[r.SkyAtmosphere.AerialPerspectiveLUT.DepthResolution:16.0]]
[2022.10.10-17.26.40:666][  0]LogConfig: Setting CVar [[r.SkyAtmosphere.FastSkyLUT:1]]
[2022.10.10-17.26.40:666][  0]LogConfig: Setting CVar [[r.SkyAtmosphere.FastSkyLUT.SampleCountMin:4.0]]
[2022.10.10-17.26.40:666][  0]LogConfig: Setting CVar [[r.SkyAtmosphere.FastSkyLUT.SampleCountMax:128.0]]
[2022.10.10-17.26.40:666][  0]LogConfig: Setting CVar [[r.SkyAtmosphere.SampleCountMin:4.0]]
[2022.10.10-17.26.40:666][  0]LogConfig: Setting CVar [[r.SkyAtmosphere.SampleCountMax:128.0]]
[2022.10.10-17.26.40:666][  0]LogConfig: Setting CVar [[r.SkyAtmosphere.TransmittanceLUT.UseSmallFormat:0]]
[2022.10.10-17.26.40:666][  0]LogConfig: Setting CVar [[r.SkyAtmosphere.TransmittanceLUT.SampleCount:10.0]]
[2022.10.10-17.26.40:666][  0]LogConfig: Setting CVar [[r.SkyAtmosphere.MultiScatteringLUT.SampleCount:15.0]]
[2022.10.10-17.26.40:666][  0]LogConfig: Setting CVar [[r.SkyLight.RealTimeReflectionCapture:1]]
[2022.10.10-17.26.40:666][  0]LogConfig: Applying CVar settings from Section [FoliageQuality@3] File [D:/Portfolio/Unreal/FPS_Game/Zombone/Saved/Config/Windows/Scalability.ini]
[2022.10.10-17.26.40:666][  0]LogConfig: Setting CVar [[foliage.DensityScale:1.0]]
[2022.10.10-17.26.40:666][  0]LogConfig: Setting CVar [[grass.DensityScale:1.0]]
[2022.10.10-17.26.40:666][  0]LogConfig: Applying CVar settings from Section [ShadingQuality@3] File [D:/Portfolio/Unreal/FPS_Game/Zombone/Saved/Config/Windows/Scalability.ini]
[2022.10.10-17.26.40:666][  0]LogConfig: Setting CVar [[r.HairStrands.SkyLighting.IntegrationType:2]]
[2022.10.10-17.26.40:666][  0]LogConfig: Setting CVar [[r.HairStrands.SkyAO.SampleCount:4]]
[2022.10.10-17.26.40:666][  0]LogConfig: Setting CVar [[r.HairStrands.Visibility.MSAA.SamplePerPixel:4]]
[2022.10.10-17.26.40:667][  0]LogConfig: Applying CVar settings from Section [Startup] File [../../../Engine/Config/ConsoleVariables.ini]
[2022.10.10-17.26.40:667][  0]LogConfig: Setting CVar [[net.UseAdaptiveNetUpdateFrequency:0]]
[2022.10.10-17.26.40:667][  0]LogConfig: Setting CVar [[p.chaos.AllowCreatePhysxBodies:1]]
[2022.10.10-17.26.40:667][  0]LogConfig: Setting CVar [[fx.SkipVectorVMBackendOptimizations:1]]
[2022.10.10-17.26.40:667][  0]LogConfig: Applying CVar settings from Section [ConsoleVariables] File [D:/Portfolio/Unreal/FPS_Game/Zombone/Saved/Config/Windows/Engine.ini]
[2022.10.10-17.26.40:668][  0]LogConfig: Applying CVar settings from Section [ConsoleVariables] File [D:/Portfolio/Unreal/FPS_Game/Zombone/Saved/Config/Windows/Editor.ini]
[2022.10.10-17.26.40:668][  0]LogInit: Computer: LAPTOP-3NPPO45G
[2022.10.10-17.26.40:668][  0]LogInit: User: timve
[2022.10.10-17.26.40:668][  0]LogInit: CPU Page size=4096, Cores=4
[2022.10.10-17.26.40:668][  0]LogInit: High frequency timer resolution =10.000000 MHz
[2022.10.10-17.26.40:668][  0]LogMemory: Memory total: Physical=15.9GB (16GB approx)
[2022.10.10-17.26.40:668][  0]LogMemory: Platform Memory Stats for Windows
[2022.10.10-17.26.40:668][  0]LogMemory: Process Physical Memory: 143.05 MB used, 143.06 MB peak
[2022.10.10-17.26.40:668][  0]LogMemory: Process Virtual Memory: 114.53 MB used, 114.53 MB peak
[2022.10.10-17.26.40:668][  0]LogMemory: Physical Memory: 10305.80 MB used,  5956.34 MB free, 16262.14 MB total
[2022.10.10-17.26.40:668][  0]LogMemory: Virtual Memory: 134209344.00 MB used,  8387.79 MB free, 134217728.00 MB total
[2022.10.10-17.26.40:682][  0]LogWindows: WindowsPlatformFeatures enabled
[2022.10.10-17.26.40:818][  0]LogInit: Physics initialised using underlying interface: PhysX
[2022.10.10-17.26.40:819][  0]LogInit: Using OS detected language (en-US).
[2022.10.10-17.26.40:819][  0]LogInit: Using OS detected locale (nl-BE).
[2022.10.10-17.26.40:821][  0]LogTextLocalizationManager: No specific localization for 'en-US' exists, so the 'en' localization will be used.
[2022.10.10-17.26.41:009][  0]LogInit: Setting process to per monitor DPI aware
[2022.10.10-17.26.41:033][  0]LogWindowsTextInputMethodSystem: Display: IME system deactivated.
[2022.10.10-17.26.41:050][  0]LogSlate: New Slate User Created.  User Index 0, Is Virtual User: 0
[2022.10.10-17.26.41:050][  0]LogSlate: Slate User Registered.  User Index 0, Is Virtual User: 0
[2022.10.10-17.26.41:193][  0]LogD3D11RHI: Loaded GFSDK_Aftermath_Lib.x64.dll
[2022.10.10-17.26.41:198][  0]LogHMD: Failed to initialize OpenVR with code 110
[2022.10.10-17.26.41:198][  0]LogD3D11RHI: D3D11 min allowed feature level: 11_0
[2022.10.10-17.26.41:198][  0]LogD3D11RHI: D3D11 max allowed feature level: 11_0
[2022.10.10-17.26.41:198][  0]LogD3D11RHI: D3D11 adapters:
[2022.10.10-17.26.41:318][  0]LogD3D11RHI:    0. 'NVIDIA GeForce RTX 2060' (Feature Level 11_0)
[2022.10.10-17.26.41:318][  0]LogD3D11RHI:       5980/0/8131 MB DedicatedVideo/DedicatedSystem/SharedSystem, Outputs:1, VendorId:0x10de
[2022.10.10-17.26.41:323][  0]LogD3D11RHI:    1. 'Microsoft Basic Render Driver' (Feature Level 11_0)
[2022.10.10-17.26.41:323][  0]LogD3D11RHI:       0/0/8131 MB DedicatedVideo/DedicatedSystem/SharedSystem, Outputs:0, VendorId:0x1414
[2022.10.10-17.26.41:323][  0]LogD3D11RHI: Chosen D3D11 Adapter:
[2022.10.10-17.26.41:323][  0]LogD3D11RHI:     Description : NVIDIA GeForce RTX 2060
[2022.10.10-17.26.41:323][  0]LogD3D11RHI:     VendorId    : 10de
[2022.10.10-17.26.41:323][  0]LogD3D11RHI:     DeviceId    : 1f11
[2022.10.10-17.26.41:323][  0]LogD3D11RHI:     SubSysId    : 8600103c
[2022.10.10-17.26.41:323][  0]LogD3D11RHI:     Revision    : 00a1
[2022.10.10-17.26.41:323][  0]LogD3D11RHI:     DedicatedVideoMemory : 6270484480 bytes
[2022.10.10-17.26.41:323][  0]LogD3D11RHI:     DedicatedSystemMemory : 0 bytes
[2022.10.10-17.26.41:324][  0]LogD3D11RHI:     SharedSystemMemory : 8526043136 bytes
[2022.10.10-17.26.41:324][  0]LogD3D11RHI:     AdapterLuid : 0 81227
[2022.10.10-17.26.41:330][  0]LogD3D11RHI: Creating new Direct3DDevice
[2022.10.10-17.26.41:330][  0]LogD3D11RHI:     GPU DeviceId: 0x1f11 (for the marketing name, search the web for "GPU Device Id")
[2022.10.10-17.26.41:330][  0]LogWindows: EnumDisplayDevices:
[2022.10.10-17.26.41:330][  0]LogWindows:    0. 'NVIDIA GeForce RTX 2060' (P:1 D:1)
[2022.10.10-17.26.41:331][  0]LogWindows:    1. 'NVIDIA GeForce RTX 2060' (P:0 D:0)
[2022.10.10-17.26.41:332][  0]LogWindows:    2. 'NVIDIA GeForce RTX 2060' (P:0 D:0)
[2022.10.10-17.26.41:332][  0]LogWindows:    3. 'NVIDIA GeForce RTX 2060' (P:0 D:0)
[2022.10.10-17.26.41:332][  0]LogWindows: DebugString: FoundDriverCount:4 
[2022.10.10-17.26.41:332][  0]LogD3D11RHI:     Adapter Name: NVIDIA GeForce RTX 2060
[2022.10.10-17.26.41:333][  0]LogD3D11RHI:   Driver Version: 512.78 (internal:30.0.15.1278, unified:512.78)
[2022.10.10-17.26.41:333][  0]LogD3D11RHI:      Driver Date: 5-5-2022
[2022.10.10-17.26.41:333][  0]LogRHI: Texture pool is 4186 MB (70% of 5980 MB)
[2022.10.10-17.26.41:333][  0]LogD3D11RHI: Creating D3DDevice using adapter:
[2022.10.10-17.26.41:333][  0]LogD3D11RHI:     Description : NVIDIA GeForce RTX 2060
[2022.10.10-17.26.41:333][  0]LogD3D11RHI:     VendorId    : 10de
[2022.10.10-17.26.41:333][  0]LogD3D11RHI:     DeviceId    : 1f11
[2022.10.10-17.26.41:333][  0]LogD3D11RHI:     SubSysId    : 8600103c
[2022.10.10-17.26.41:333][  0]LogD3D11RHI:     Revision    : 00a1
[2022.10.10-17.26.41:333][  0]LogD3D11RHI:     DedicatedVideoMemory : 6270484480 bytes
[2022.10.10-17.26.41:333][  0]LogD3D11RHI:     DedicatedSystemMemory : 0 bytes
[2022.10.10-17.26.41:333][  0]LogD3D11RHI:     SharedSystemMemory : 8526043136 bytes
[2022.10.10-17.26.41:333][  0]LogD3D11RHI:     AdapterLuid : 0 81227
[2022.10.10-17.26.41:402][  0]LogD3D11RHI: RHI has support for 64 bit atomics
[2022.10.10-17.26.41:402][  0]LogD3D11RHI: Async texture creation enabled
[2022.10.10-17.26.41:402][  0]LogD3D11RHI: Array index from any shader is supported
[2022.10.10-17.26.41:417][  0]LogD3D11RHI: GPU Timing Frequency: 1000.000000 (Debug: 2 1)
[2022.10.10-17.26.41:514][  0]LogRHI: GeForceNow SDK initialized: 1
[2022.10.10-17.26.41:877][  0]LogTargetPlatformManager: Display: Loaded TargetPlatform 'AllDesktop'
[2022.10.10-17.26.41:898][  0]LogTargetPlatformManager: Display: Loaded TargetPlatform 'Android'
[2022.10.10-17.26.41:898][  0]LogTargetPlatformManager: Display: Loaded TargetPlatform 'Android_ASTC'
[2022.10.10-17.26.41:898][  0]LogTargetPlatformManager: Display: Loaded TargetPlatform 'Android_DXT'
[2022.10.10-17.26.41:898][  0]LogTargetPlatformManager: Display: Loaded TargetPlatform 'Android_ETC2'
[2022.10.10-17.26.41:898][  0]LogTargetPlatformManager: Display: Loaded TargetPlatform 'AndroidClient'
[2022.10.10-17.26.41:898][  0]LogTargetPlatformManager: Display: Loaded TargetPlatform 'Android_ASTCClient'
[2022.10.10-17.26.41:898][  0]LogTargetPlatformManager: Display: Loaded TargetPlatform 'Android_DXTClient'
[2022.10.10-17.26.41:898][  0]LogTargetPlatformManager: Display: Loaded TargetPlatform 'Android_ETC2Client'
[2022.10.10-17.26.41:898][  0]LogTargetPlatformManager: Display: Loaded TargetPlatform 'Android_Multi'
[2022.10.10-17.26.41:899][  0]LogTargetPlatformManager: Display: Loaded TargetPlatform 'Android_MultiClient'
[2022.10.10-17.26.41:919][  0]LogTargetPlatformManager: Display: Loaded TargetPlatform 'IOSClient'
[2022.10.10-17.26.41:919][  0]LogTargetPlatformManager: Display: Loaded TargetPlatform 'IOS'
[2022.10.10-17.26.41:927][  0]LogTargetPlatformManager: Display: Loaded TargetPlatform 'Linux'
[2022.10.10-17.26.41:932][  0]LogTargetPlatformManager: Display: Loaded TargetPlatform 'LinuxNoEditor'
[2022.10.10-17.26.41:937][  0]LogTargetPlatformManager: Display: Loaded TargetPlatform 'LinuxClient'
[2022.10.10-17.26.41:942][  0]LogTargetPlatformManager: Display: Loaded TargetPlatform 'LinuxServer'
[2022.10.10-17.26.41:951][  0]LogTargetPlatformManager: Display: Loaded TargetPlatform 'LinuxAArch64NoEditor'
[2022.10.10-17.26.41:956][  0]LogTargetPlatformManager: Display: Loaded TargetPlatform 'LinuxAArch64Client'
[2022.10.10-17.26.41:961][  0]LogTargetPlatformManager: Display: Loaded TargetPlatform 'LinuxAArch64Server'
[2022.10.10-17.26.41:981][  0]LogTargetPlatformManager: Display: Loaded TargetPlatform 'Lumin'
[2022.10.10-17.26.41:981][  0]LogTargetPlatformManager: Display: Loaded TargetPlatform 'LuminClient'
[2022.10.10-17.26.41:989][  0]LogTargetPlatformManager: Display: Loaded TargetPlatform 'MacNoEditor'
[2022.10.10-17.26.41:994][  0]LogTargetPlatformManager: Display: Loaded TargetPlatform 'Mac'
[2022.10.10-17.26.41:999][  0]LogTargetPlatformManager: Display: Loaded TargetPlatform 'MacClient'
[2022.10.10-17.26.42:004][  0]LogTargetPlatformManager: Display: Loaded TargetPlatform 'MacServer'
[2022.10.10-17.26.42:015][  0]LogTargetPlatformManager: Display: Loaded TargetPlatform 'TVOSClient'
[2022.10.10-17.26.42:015][  0]LogTargetPlatformManager: Display: Loaded TargetPlatform 'TVOS'
[2022.10.10-17.26.42:023][  0]LogTargetPlatformManager: Display: Loaded TargetPlatform 'WindowsNoEditor'
[2022.10.10-17.26.42:028][  0]LogTargetPlatformManager: Display: Loaded TargetPlatform 'Windows'
[2022.10.10-17.26.42:035][  0]LogTargetPlatformManager: Display: Loaded TargetPlatform 'WindowsClient'
[2022.10.10-17.26.42:040][  0]LogTargetPlatformManager: Display: Loaded TargetPlatform 'WindowsServer'
[2022.10.10-17.26.42:040][  0]LogTargetPlatformManager: Display: Building Assets For Windows
[2022.10.10-17.26.42:051][  0]LogAudioDebug: Display: Lib vorbis DLL was dynamically loaded.
[2022.10.10-17.26.42:088][  0]LogTextureFormatOodle: Display: Oodle Texture 2.9.0 init RDO Off
[2022.10.10-17.26.42:133][  0]LogRendererCore: Ray tracing is disabled. Reason: r.RayTracing=0.
[2022.10.10-17.26.42:133][  0]LogShaderCompilers: Guid format shader working directory is -2 characters bigger than the processId version (../../../../../Portfolio/Unreal/FPS_Game/Zombone/Intermediate/Shaders/WorkingDirectory/9448/).
[2022.10.10-17.26.42:133][  0]LogShaderCompilers: Cleaned the shader compiler working directory 'C:/Users/timve/AppData/Local/Temp/UnrealShaderWorkingDir/F4034DFD4B7AD59380D7B9B3F1687150/'.
[2022.10.10-17.26.42:133][  0]LogXGEController: Cannot use XGE Controller as Incredibuild is not installed on this machine.
[2022.10.10-17.26.42:134][  0]LogShaderCompilers: Cannot use XGE Shader Compiler as Incredibuild is not installed on this machine.
[2022.10.10-17.26.42:134][  0]LogShaderCompilers: Display: Using Local Shader Compiler.
[2022.10.10-17.26.42:909][  0]LogDerivedDataCache: Display: Max Cache Size: 512 MB
[2022.10.10-17.26.42:963][  0]LogDerivedDataCache: Loaded boot cache 0.05s 99MB C:/Users/timve/AppData/Local/UnrealEngine/4.27/DerivedDataCache/Boot.ddc.
[2022.10.10-17.26.42:963][  0]LogDerivedDataCache: Display: Loaded Boot cache: C:/Users/timve/AppData/Local/UnrealEngine/4.27/DerivedDataCache/Boot.ddc
[2022.10.10-17.26.42:963][  0]LogDerivedDataCache: FDerivedDataBackendGraph:  Pak pak cache file ../../../../../Portfolio/Unreal/FPS_Game/Zombone/DerivedDataCache/DDC.ddp not found, will not use a pak cache.
[2022.10.10-17.26.42:963][  0]LogDerivedDataCache: Unable to find inner node Pak for hierarchical cache Hierarchy.
[2022.10.10-17.26.42:963][  0]LogDerivedDataCache: FDerivedDataBackendGraph:  CompressedPak pak cache file ../../../../../Portfolio/Unreal/FPS_Game/Zombone/DerivedDataCache/Compressed.ddp not found, will not use a pak cache.
[2022.10.10-17.26.42:963][  0]LogDerivedDataCache: Unable to find inner node CompressedPak for hierarchical cache Hierarchy.
[2022.10.10-17.26.42:980][  0]LogDerivedDataCache: Display: Pak cache opened for reading ../../../Engine/DerivedDataCache/Compressed.ddp.
[2022.10.10-17.26.42:980][  0]LogDerivedDataCache: FDerivedDataBackendGraph:  EnterprisePak pak cache file ../../../Enterprise/DerivedDataCache/Compressed.ddp not found, will not use a pak cache.
[2022.10.10-17.26.42:980][  0]LogDerivedDataCache: Unable to find inner node EnterprisePak for hierarchical cache Hierarchy.
[2022.10.10-17.26.42:995][  0]LogDerivedDataCache: Speed tests for C:/Users/timve/AppData/Local/UnrealEngine/Common/DerivedDataCache took 0.01 seconds
[2022.10.10-17.26.42:998][  0]LogDerivedDataCache: Display: Performance to C:/Users/timve/AppData/Local/UnrealEngine/Common/DerivedDataCache: Latency=0.03ms. RandomReadSpeed=1406.49MBs, RandomWriteSpeed=71.57MBs. Assigned SpeedClass 'Local'
[2022.10.10-17.26.43:000][  0]LogDerivedDataCache: Using Local data cache path C:/Users/timve/AppData/Local/UnrealEngine/Common/DerivedDataCache: Writable
[2022.10.10-17.26.43:000][  0]LogDerivedDataCache: Shared data cache path not found in *engine.ini, will not use an Shared cache.
[2022.10.10-17.26.43:000][  0]LogDerivedDataCache: Unable to find inner node Shared for hierarchical cache Hierarchy.
[2022.10.10-17.26.43:040][  0]LogSlate: Using FreeType 2.10.0
[2022.10.10-17.26.43:041][  0]LogSlate: SlateFontServices - WITH_FREETYPE: 1, WITH_HARFBUZZ: 1
[2022.10.10-17.26.43:069][  0]LogAssetRegistry: FAssetRegistry took 0.0039 seconds to start up
[2022.10.10-17.26.43:280][  0]LogInit: Selected Device Profile: [Windows]
[2022.10.10-17.26.43:280][  0]LogInit: Active device profile: [000001F59633EA00][000001F59584AE00 49] Windows
[2022.10.10-17.26.43:280][  0]LogInit: Profiles: [000001F59633EA00][000001F59584AE00 49] Windows, [000001F5962F9800][000001F59317CF80 49] WindowsNoEditor, [000001F59633D800][000001F593181100 49] WindowsServer, [000001F5962F9600][000001F593185280 49] WindowsClient, [000001F59633D000][000001F593189400 49] IOS, [000001F5962FBA00][000001F59318D580 49] iPadAir, [000001F59633FD00][000001F593191700 49] iPadAir2, [000001F596272900][000001F5960E59C0 49] IPadPro, [000001F596272A00][000001F589095A00 49] iPadAir3, [000001F59633C100][000001F5960E9B80 49] iPadAir4, [000001F596273500][000001F5960EC180 49] iPadMini2, [000001F59633F700][000001F59713C300 49] iPadMini3, [000001F596271700][000001F597180480 49] iPadMini4, [000001F59633DF00][000001F597184600 49] iPadMini5, [000001F5962D2200][000001F588700840 49] iPhone6, [000001F5962D2300][000001F595A6A880 49] iPodTouch6, [000001F596271E00][000001F58870CAC0 49] iPhone7, [000001F596271F00][000001F588708B00 49] iPodTouch7, [000001F5962D2D00][000001F588714C80 49] iPhone5S, [000001F596270A00][000001F588718E00 49] iPhone6Plus, [000001F5962D1C00][000001F58871CF80 49] iPhone6S, [000001F596272800][000001F588721100 49] iPhone6SPlus, [000001F5962D3E00][000001F588705280 49] iPhone7Plus, [000001F596273D00][000001F597141400 49] iPhoneSE, [000001F5962D3C00][000001F593157580 49] iPhone8, [000001F596272300][000001F59315B700 49] iPhone8Plus, [000001F5962D1400][000001F59315F880 49] iPhoneX, [000001F596271000][000001F593163A00 49] iPhoneXS, [000001F5962D3F00][000001F593167B80 49] iPhoneXSMax, [000001F596271800][000001F59316A180 49] iPhoneXR, [000001F5962D2C00][000001F59316E300 49] iPhone11, [000001F596270C00][000001F593172480 49] iPhone11Pro, [000001F5962D2100][000001F593176600 49] iPhone11ProMax, [000001F596270E00][000001F595804780 49] iPhoneSE2, [000001F5962D3700][000001F595808900 49] iPhone12Mini, [000001F596272500][000001F588710A40 49] iPhone12, [000001F5962D0900][000001F59580CB80 49] iPhone12Pro, [000001F596271900][000001F595810CC0 49] iPhone12ProMax, [000001F5962D3900][000001F595818E40 49] iPadPro105, [000001F596272200][000001F59581CFC0 49] iPadPro129, [000001F5962D0500][000001F595821140 49] iPadPro97, [000001F596273000][000001F5958252C0 49] iPadPro2_129, [000001F5962D2B00][000001F595829440 49] iPad5, [000001F596270200][000001F59582D5C0 49] iPad6, [000001F5962D3600][000001F595831740 49] iPad7, [000001F596271C00][000001F5958358C0 49] iPad8, [000001F5962D3500][000001F588731A40 49] iPadPro11, [000001F596270800][000001F588735BC0 49] iPadPro2_11, [000001F5962D1900][000001F5887381C0 49] iPadPro3_129, [000001F596385300][000001F58873C340 49] iPadPro4_129, [000001F5962FB500][000001F5887404C0 49] AppleTV, [000001F596384300][000001F588744640 49] AppleTV4K, [000001F5962F8100][000001F5887487C0 49] TVOS, [000001F596385200][000001F58874C940 49] Mac, [000001F5962FAB00][000001F588750AC0 49] MacClient, [000001F596385400][000001F595814C00 49] MacNoEditor, [000001F5962FBE00][000001F588754D40 49] MacServer, [000001F596384F00][000001F588758E80 49] Linux, [000001F5962F8C00][000001F58875CFC0 49] LinuxAArch64, [000001F596384900][000001F588765140 49] LinuxNoEditor, [000001F5962F9B00][000001F5887692C0 49] LinuxAArch64NoEditor, [000001F596385600][000001F5973DF440 49] LinuxClient, [000001F5962F8600][000001F5973E35C0 49] LinuxAArch64Client, [000001F596384B00][000001F5973E7740 49] LinuxServer, [000001F596272600][000001F5973EB8C0 49] LinuxAArch64Server, [000001F5962D2900][000001F5973EFA40 49] Android, [000001F596271B00][000001F5973F3BC0 49] Android_Low, [000001F5962D1700][000001F5973F61C0 49] Android_Mid, [000001F596272400][000001F5973FA340 49] Android_High, [000001F5962D2F00][000001F5973FE4C0 49] Android_Default, [000001F596270700][000001F597402640 49] Android_Adreno4xx, [000001F5962D2600][000001F5974067C0 49] Android_Adreno5xx_Low, [000001F596271100][000001F59740A940 49] Android_Adreno5xx, [000001F5962D1000][000001F59740EAC0 49] Android_Adreno6xx, [000001F596272E00][000001F597412C40 49] Android_Adreno6xx_Vulkan, [000001F5962D1800][000001F588760D80 49] Android_Mali_T6xx, [000001F596270100][000001F597416EC0 49] Android_Mali_T7xx, [000001F5962D0400][000001F59741B000 49] Android_Mali_T8xx, [000001F596272F00][000001F59741F140 49] Android_Mali_G71, [000001F5962D0C00][000001F5974272C0 49] Android_Mali_G72, [000001F596273800][000001F59742B440 49] Android_Mali_G72_Vulkan, [000001F5962D2A00][000001F59742F5C0 49] Android_Mali_G76, [000001F596272100][000001F597433740 49] Android_Mali_G76_Vulkan, [000001F5962D3200][000001F5974378C0 49] Android_Mali_G77, [000001F596384600][000001F59743BA40 49] Android_Mali_G77_Vulkan, [000001F5962D2700][000001F59743FBC0 49] Android_Mali_G78, [000001F596384100][000001F5974421C0 49] Android_Mali_G78_Vulkan, [000001F5962D2400][000001F597446340 49] Android_Mali_G710, [000001F596270400][000001F59744A4C0 49] Android_Mali_G710_Vulkan, [000001F5962D3B00][000001F59744E640 49] Android_Vulkan_SM5, [000001F596271200][000001F5974527C0 49] Android_PowerVR_G6xxx, [000001F5962D3A00][000001F597456940 49] Android_PowerVR_GT7xxx, [000001F596270F00][000001F59745AAC0 49] Android_PowerVR_GE8xxx, [000001F5962D1E00][000001F59745EC40 49] Android_PowerVR_GM9xxx, [000001F596270900][000001F597462DC0 49] Android_PowerVR_GM9xxx_Vulkan, [000001F5962D0700][000001F597466F40 49] Android_TegraK1, [000001F596273E00][000001F597423080 49] Android_Unknown_Vulkan, [000001F5962D0F00][000001F59746B1C0 49] Lumin, [000001F596273600][000001F59746F300 49] Lumin_Desktop, [000001F5962D3100][000001F597477480 49] HoloLens, 
[2022.10.10-17.26.43:407][  0]LogMeshReduction: Using QuadricMeshReduction for automatic static mesh reduction
[2022.10.10-17.26.43:407][  0]LogMeshReduction: Using SimplygonMeshReduction for automatic skeletal mesh reduction
[2022.10.10-17.26.43:407][  0]LogMeshReduction: Using ProxyLODMeshReduction for automatic mesh merging
[2022.10.10-17.26.43:407][  0]LogMeshReduction: No distributed automatic mesh merging module available
[2022.10.10-17.26.43:407][  0]LogMeshMerging: No distributed automatic mesh merging module available
[2022.10.10-17.26.43:422][  0]LogNetVersion: Zombone 1.0.0, NetCL: 17155196, EngineNetVer: 17, GameNetVer: 0 (Checksum: 1748673324)
[2022.10.10-17.26.43:828][  0]LogTexture: Default maximum texture size for cubemaps generated from long-lat sources has been changed from 512 to unlimited. In order to preserve old behaiour for '/Engine/MapTemplates/Sky/DaylightAmbientCubemap.DaylightAmbientCubemap', its maximum texture size has been explicitly set to 512.
[2022.10.10-17.26.43:881][  0]LogHMD: PokeAHoleMaterial loaded successfully
[2022.10.10-17.26.43:886][  0]LogUObjectArray: 17178 objects as part of root set at end of initial load.
[2022.10.10-17.26.43:887][  0]LogUObjectAllocator: 4302048 out of 0 bytes used by permanent object pool.
[2022.10.10-17.26.43:887][  0]LogUObjectArray: CloseDisregardForGC: 0/0 objects in disregard for GC pool
[2022.10.10-17.26.44:169][  0]LogPython: Using Python 3.7.7
[2022.10.10-17.26.44:623][  0]LogNiagaraDebuggerClient: Niagara Debugger Client Initialized | Session: 9D56C26E471F8E358E64699A4E4017BB | Instance: 6D6344C644224801A3AB0C8A13F5DFC1 (LAPTOP-3NPPO45G-9448).
[2022.10.10-17.26.44:816][  0]LogTcpMessaging: Initializing TcpMessaging bridge
[2022.10.10-17.26.44:824][  0]LogUdpMessaging: Initializing bridge on interface 0.0.0.0:0 to multicast group 230.0.0.1:6666.
[2022.10.10-17.26.45:215][  0]SourceControl: Source control is disabled
[2022.10.10-17.26.45:215][  0]SourceControl: Source control is disabled
[2022.10.10-17.26.45:222][  0]SourceControl: Source control is disabled
[2022.10.10-17.26.45:227][  0]SourceControl: Source control is disabled
[2022.10.10-17.26.45:236][  0]SourceControl: Source control is disabled
[2022.10.10-17.26.45:256][  0]LogUProjectInfo: Found projects:
[2022.10.10-17.26.45:513][  0]LogOpenImageDenoise: OIDN starting up
[2022.10.10-17.26.45:622][  0]LogAndroidPermission: UAndroidPermissionCallbackProxy::GetInstance
[2022.10.10-17.26.45:684][  0]LogAudioCaptureCore: Display: No Audio Capture implementations found. Audio input will be silent.
[2022.10.10-17.26.45:685][  0]LogAudioCaptureCore: Display: No Audio Capture implementations found. Audio input will be silent.
[2022.10.10-17.26.45:907][  0]LogCollectionManager: Loaded 0 collections in 0.000677 seconds
[2022.10.10-17.26.45:946][  0]LogFileCache: Scanning file cache for directory 'D:/Portfolio/Unreal/FPS_Game/Zombone/Saved/Collections/' took 0.00s
[2022.10.10-17.26.45:946][  0]LogFileCache: Scanning file cache for directory 'D:/Portfolio/Unreal/FPS_Game/Zombone/Content/Developers/timve/Collections/' took 0.00s
[2022.10.10-17.26.45:946][  0]LogFileCache: Scanning file cache for directory 'D:/Portfolio/Unreal/FPS_Game/Zombone/Content/Collections/' took 0.00s
[2022.10.10-17.26.45:947][  0]LogOcInput: OculusInput pre-init called
[2022.10.10-17.26.46:202][  0]LogEngine: Initializing Engine...
[2022.10.10-17.26.46:205][  0]LogHMD: Failed to enumerate extensions. Please check that you have a valid OpenXR runtime installed.
[2022.10.10-17.26.46:205][  0]LogHMD: Failed to initialize OpenVR with code 110
[2022.10.10-17.26.46:205][  0]LogMagicLeap: Warning: VR disabled because ZI is not enabled.  To enable, in the editor, Edit -> Project Settings -> Plugins -> Magic Leap Plugin -> Enable Zero Iteration
[2022.10.10-17.26.46:206][  0]LogStats: UGameplayTagsManager::InitializeManager -  0.000 s
[2022.10.10-17.26.46:323][  0]LogInit: Initializing FReadOnlyCVARCache
[2022.10.10-17.26.46:333][  0]LogAIModule: Creating AISystem for world Untitled
[2022.10.10-17.26.46:334][  0]LogAudio: Display: Initializing Audio Device Manager...
[2022.10.10-17.26.46:338][  0]LogAudio: Display: Loading Default Audio Settings Objects...
[2022.10.10-17.26.46:338][  0]LogAudio: Display: No default SoundConcurrencyObject specified (or failed to load).
[2022.10.10-17.26.46:339][  0]LogAudio: Display: Audio Device Manager Initialized
[2022.10.10-17.26.46:339][  0]LogAudio: Display: Creating Audio Device:                 Id: 1, Scope: Shared, Realtime: True
[2022.10.10-17.26.46:339][  0]LogAudioMixer: Display: Audio Mixer Platform Settings:
[2022.10.10-17.26.46:339][  0]LogAudioMixer: Display: 	Sample Rate:						  48000
[2022.10.10-17.26.46:339][  0]LogAudioMixer: Display: 	Callback Buffer Frame Size Requested: 1024
[2022.10.10-17.26.46:339][  0]LogAudioMixer: Display: 	Callback Buffer Frame Size To Use:	  1024
[2022.10.10-17.26.46:339][  0]LogAudioMixer: Display: 	Number of buffers to queue:			  2
[2022.10.10-17.26.46:339][  0]LogAudioMixer: Display: 	Max Channels (voices):				  32
[2022.10.10-17.26.46:339][  0]LogAudioMixer: Display: 	Number of Async Source Workers:		  0
[2022.10.10-17.26.46:339][  0]LogAudio: Display: AudioDevice MaxSources: 32
[2022.10.10-17.26.46:339][  0]LogAudio: Display: Audio Spatialization Plugin: None (built-in).
[2022.10.10-17.26.46:340][  0]LogAudio: Display: Audio Reverb Plugin: None (built-in).
[2022.10.10-17.26.46:340][  0]LogAudio: Display: Audio Occlusion Plugin: None (built-in).
[2022.10.10-17.26.46:340][  0]LogAudioMixer: Display: Initializing audio mixer.
[2022.10.10-17.26.46:360][  0]LogAudioMixer: Display: 0: FrontLeft
[2022.10.10-17.26.46:360][  0]LogAudioMixer: Display: 1: FrontRight
[2022.10.10-17.26.47:677][  0]LogAudioMixer: Display: Using Audio Device Speaker (Realtek(R) Audio)
[2022.10.10-17.26.47:680][  0]LogAudioMixer: Display: Initializing Sound Submixes...
[2022.10.10-17.26.47:683][  0]LogAudioMixer: Display: Creating Master Submix 'MasterSubmixDefault'
[2022.10.10-17.26.47:683][  0]LogAudioMixer: Display: Creating Master Submix 'MasterReverbSubmixDefault'
[2022.10.10-17.26.47:684][  0]LogAudioMixer: Display: Creating Master Submix 'MasterEQSubmixDefault'
[2022.10.10-17.26.47:684][  0]LogAudioMixer: FMixerPlatformXAudio2::StartAudioStream() called
[2022.10.10-17.26.47:684][  0]LogAudioMixer: Display: Output buffers initialized: Frames=1024, Channels=2, Samples=2048
[2022.10.10-17.26.47:687][  0]LogAudioMixer: Display: Starting AudioMixerPlatformInterface::RunInternal()
[2022.10.10-17.26.47:687][  0]LogAudioMixer: Display: FMixerPlatformXAudio2::SubmitBuffer() called for the first time
[2022.10.10-17.26.47:687][  0]LogInit: FAudioDevice initialized.
[2022.10.10-17.26.47:687][  0]LogAudio: Display: Audio Device (ID: 1) registered with world 'Untitled'.
[2022.10.10-17.26.47:687][  0]LogNetVersion: Set ProjectVersion to 1.0.0.0. Version Checksum will be recalculated on next use.
[2022.10.10-17.26.47:741][  0]LogDerivedDataCache: Saved boot cache 0.05s 99MB C:/Users/timve/AppData/Local/UnrealEngine/4.27/DerivedDataCache/Boot.ddc.
[2022.10.10-17.26.47:742][  0]LogInit: Texture streaming: Enabled
[2022.10.10-17.26.47:755][  0]LogAnalytics: Display: [UEEditor.Rocket.Release] APIServer = https://datarouter.ol.epicgames.com/. AppVersion = 4.27.2-18319896+++UE4+Release-4.27
[2022.10.10-17.26.47:760][  0]LogEngineSessionManager: EngineSessionManager initialized
[2022.10.10-17.26.47:760][  0]LogEngineSessionManager: EngineSessionManager sent abnormal shutdown report. Type=Debugger, SessionId={87F52DA7-48DE-3994-D47C-36BC19E72F04}
[2022.10.10-17.26.47:761][  0]LogEditorSessionSummary: Verbose: Initializing EditorSessionSummaryWriter for editor session tracking
[2022.10.10-17.26.47:763][  0]LogEditorSessionSummary: EditorSessionSummaryWriter initialized
[2022.10.10-17.26.47:784][  0]LogInit: Transaction tracking system initialized
[2022.10.10-17.26.47:809][  0]BlueprintLog: New page: Editor Load
[2022.10.10-17.26.47:873][  0]LocalizationService: Localization service is disabled
[2022.10.10-17.26.47:904][  0]TimingProfiler: Initialize
[2022.10.10-17.26.47:904][  0]TimingProfiler: OnSessionChanged
[2022.10.10-17.26.47:905][  0]LoadingProfiler: Initialize
[2022.10.10-17.26.47:905][  0]LoadingProfiler: OnSessionChanged
[2022.10.10-17.26.47:905][  0]NetworkingProfiler: Initialize
[2022.10.10-17.26.47:906][  0]NetworkingProfiler: OnSessionChanged
[2022.10.10-17.26.47:906][  0]MemoryProfiler: Initialize
[2022.10.10-17.26.47:906][  0]MemoryProfiler: OnSessionChanged
[2022.10.10-17.26.48:040][  0]LogCook: Display: CookSettings for Memory: MemoryMaxUsedVirtual 0MiB, MemoryMaxUsedPhysical 16384MiB, MemoryMinFreeVirtual 0MiB, MemoryMinFreePhysical 1024MiB
[2022.10.10-17.26.48:041][  0]LogCook: Display: Mobile HDR setting 1
[2022.10.10-17.26.48:247][  0]LogFileCache: Scanning file cache for directory 'D:/Portfolio/Unreal/FPS_Game/Zombone/Content/' took 0.01s
[2022.10.10-17.26.48:433][  0]LogInit: Display: Engine is initialized. Leaving FEngineLoop::Init()
[2022.10.10-17.26.48:436][  0]SourceControl: Source control is disabled
[2022.10.10-17.26.48:436][  0]LogUnrealEdMisc: Loading editor; pre map load, took 9.665
[2022.10.10-17.26.48:437][  0]Cmd: MAP LOAD FILE="../../../../../Portfolio/Unreal/FPS_Game/Zombone/Content/FirstPersonCPP/Maps/FirstPersonExampleMap.umap" TEMPLATE=0 SHOWPROGRESS=1 FEATURELEVEL=3
[2022.10.10-17.26.48:437][  0]LightingResults: New page: Lighting Build
[2022.10.10-17.26.48:438][  0]LogWorld: UWorld::CleanupWorld for Untitled, bSessionEnded=true, bCleanupResources=true
[2022.10.10-17.26.48:438][  0]LogSlate: InvalidateAllWidgets triggered.  All widgets were invalidated
[2022.10.10-17.26.48:438][  0]MapCheck: New page: Map Check
[2022.10.10-17.26.48:438][  0]LightingResults: New page: Lighting Build
[2022.10.10-17.26.48:443][  0]LogAudio: Display: Audio Device unregistered from world 'None'.
[2022.10.10-17.26.48:446][  0]LogUObjectHash: Compacting FUObjectHashTables data took   0.73ms
[2022.10.10-17.26.48:612][  0]LogAudio: Display: Audio Device (ID: 1) registered with world 'FirstPersonExampleMap'.
[2022.10.10-17.26.48:614][  0]LogAIModule: Creating AISystem for world FirstPersonExampleMap
[2022.10.10-17.26.48:620][  0]LogEditorServer: Finished looking for orphan Actors (0.000 secs)
[2022.10.10-17.26.48:629][  0]LogUObjectHash: Compacting FUObjectHashTables data took   0.77ms
[2022.10.10-17.26.48:631][  0]Cmd: MAP CHECKDEP NOCLEARLOG
[2022.10.10-17.26.48:632][  0]MapCheck: Map check complete: 0 Error(s), 0 Warning(s), took 0,123ms to complete.
[2022.10.10-17.26.48:632][  0]LogFileHelpers: Loading map 'FirstPersonExampleMap' took 0.195
[2022.10.10-17.26.48:634][  0]LogUnrealEdMisc: Total Editor Startup Time, took 9.863
[2022.10.10-17.26.49:941][  0]LogSlate: Updating window title bar state: overlay mode, drag disabled, window buttons hidden, title bar hidden
[2022.10.10-17.26.49:948][  0]LogSlate: Updating window title bar state: overlay mode, drag disabled, window buttons hidden, title bar hidden
[2022.10.10-17.26.49:954][  0]LogSlate: Updating window title bar state: overlay mode, drag disabled, window buttons hidden, title bar hidden
[2022.10.10-17.26.49:960][  0]LogSlate: Updating window title bar state: overlay mode, drag disabled, window buttons hidden, title bar hidden
[2022.10.10-17.26.49:975][  0]LogNativeClassHierarchy: Verbose: Native class hierarchy populated in 0.0107 seconds. Added 3828 classes and 930 folders.
[2022.10.10-17.26.49:977][  0]LogNativeClassHierarchy: Verbose: Native class hierarchy updated for 'WidgetCarousel' in 0.0002 seconds. Added 0 classes and 0 folders.
[2022.10.10-17.26.50:401][  0]LogPakFile: PakFile PrimaryIndexSize=187
[2022.10.10-17.26.50:401][  0]LogPakFile: PakFile PathHashIndexSize=101
[2022.10.10-17.26.50:401][  0]LogPakFile: PakFile FullDirectoryIndexSize=148
[2022.10.10-17.26.50:401][  0]LogShaderLibrary: Display: ShaderCodeLibraryPakFileMountedCallback: PakFile 'D:/Epic/UE_4.27/FeaturePacks/FP_FirstPerson.upack' (chunk index -1, root 'root:/') mounted
[2022.10.10-17.26.50:401][  0]LogShaderLibrary: Display: ShaderCodeLibraryPakFileMountedCallback: pending pak file info (ChunkID:-1 Root:root:/ File:D:/Epic/UE_4.27/FeaturePacks/FP_FirstPerson.upack)
[2022.10.10-17.26.50:401][  0]LogPakFile: OnPakFileMounted2Time == 0.000330
[2022.10.10-17.26.50:401][  0]LogPakFile: PakFile PrimaryIndexSize=189
[2022.10.10-17.26.50:401][  0]LogPakFile: PakFile PathHashIndexSize=101
[2022.10.10-17.26.50:402][  0]LogPakFile: PakFile FullDirectoryIndexSize=152
[2022.10.10-17.26.50:402][  0]LogShaderLibrary: Display: ShaderCodeLibraryPakFileMountedCallback: PakFile 'D:/Epic/UE_4.27/FeaturePacks/FP_FirstPersonBP.upack' (chunk index -1, root 'root:/') mounted
[2022.10.10-17.26.50:402][  0]LogShaderLibrary: Display: ShaderCodeLibraryPakFileMountedCallback: pending pak file info (ChunkID:-1 Root:root:/ File:D:/Epic/UE_4.27/FeaturePacks/FP_FirstPersonBP.upack)
[2022.10.10-17.26.50:402][  0]LogPakFile: OnPakFileMounted2Time == 0.000173
[2022.10.10-17.26.50:402][  0]LogPakFile: PakFile PrimaryIndexSize=191
[2022.10.10-17.26.50:404][  0]LogPakFile: PakFile PathHashIndexSize=101
[2022.10.10-17.26.50:404][  0]LogPakFile: PakFile FullDirectoryIndexSize=160
[2022.10.10-17.26.50:404][  0]LogShaderLibrary: Display: ShaderCodeLibraryPakFileMountedCallback: PakFile 'D:/Epic/UE_4.27/FeaturePacks/MobileStarterContent.upack' (chunk index -1, root 'root:/') mounted
[2022.10.10-17.26.50:404][  0]LogShaderLibrary: Display: ShaderCodeLibraryPakFileMountedCallback: pending pak file info (ChunkID:-1 Root:root:/ File:D:/Epic/UE_4.27/FeaturePacks/MobileStarterContent.upack)
[2022.10.10-17.26.50:404][  0]LogPakFile: OnPakFileMounted2Time == 0.000211
[2022.10.10-17.26.50:404][  0]LogPakFile: PakFile PrimaryIndexSize=185
[2022.10.10-17.26.50:404][  0]LogPakFile: PakFile PathHashIndexSize=101
[2022.10.10-17.26.50:405][  0]LogPakFile: PakFile FullDirectoryIndexSize=148
[2022.10.10-17.26.50:405][  0]LogShaderLibrary: Display: ShaderCodeLibraryPakFileMountedCallback: PakFile 'D:/Epic/UE_4.27/FeaturePacks/StarterContent.upack' (chunk index -1, root 'root:/') mounted
[2022.10.10-17.26.50:405][  0]LogShaderLibrary: Display: ShaderCodeLibraryPakFileMountedCallback: pending pak file info (ChunkID:-1 Root:root:/ File:D:/Epic/UE_4.27/FeaturePacks/StarterContent.upack)
[2022.10.10-17.26.50:405][  0]LogPakFile: OnPakFileMounted2Time == 0.000148
[2022.10.10-17.26.50:405][  0]LogPakFile: PakFile PrimaryIndexSize=190
[2022.10.10-17.26.50:405][  0]LogPakFile: PakFile PathHashIndexSize=101
[2022.10.10-17.26.50:405][  0]LogPakFile: PakFile FullDirectoryIndexSize=154
[2022.10.10-17.26.50:405][  0]LogShaderLibrary: Display: ShaderCodeLibraryPakFileMountedCallback: PakFile 'D:/Epic/UE_4.27/FeaturePacks/TP_2DSideScroller.upack' (chunk index -1, root 'root:/') mounted
[2022.10.10-17.26.50:405][  0]LogShaderLibrary: Display: ShaderCodeLibraryPakFileMountedCallback: pending pak file info (ChunkID:-1 Root:root:/ File:D:/Epic/UE_4.27/FeaturePacks/TP_2DSideScroller.upack)
[2022.10.10-17.26.50:405][  0]LogPakFile: OnPakFileMounted2Time == 0.000140
[2022.10.10-17.26.50:405][  0]LogPakFile: PakFile PrimaryIndexSize=192
[2022.10.10-17.26.50:405][  0]LogPakFile: PakFile PathHashIndexSize=101
[2022.10.10-17.26.50:406][  0]LogPakFile: PakFile FullDirectoryIndexSize=158
[2022.10.10-17.26.50:406][  0]LogShaderLibrary: Display: ShaderCodeLibraryPakFileMountedCallback: PakFile 'D:/Epic/UE_4.27/FeaturePacks/TP_2DSideScrollerBP.upack' (chunk index -1, root 'root:/') mounted
[2022.10.10-17.26.50:406][  0]LogShaderLibrary: Display: ShaderCodeLibraryPakFileMountedCallback: pending pak file info (ChunkID:-1 Root:root:/ File:D:/Epic/UE_4.27/FeaturePacks/TP_2DSideScrollerBP.upack)
[2022.10.10-17.26.50:406][  0]LogPakFile: OnPakFileMounted2Time == 0.000151
[2022.10.10-17.26.50:407][  0]LogPakFile: PakFile PrimaryIndexSize=182
[2022.10.10-17.26.50:407][  0]LogPakFile: PakFile PathHashIndexSize=101
[2022.10.10-17.26.50:408][  0]LogPakFile: PakFile FullDirectoryIndexSize=138
[2022.10.10-17.26.50:408][  0]LogShaderLibrary: Display: ShaderCodeLibraryPakFileMountedCallback: PakFile 'D:/Epic/UE_4.27/FeaturePacks/TP_Flying.upack' (chunk index -1, root 'root:/') mounted
[2022.10.10-17.26.50:408][  0]LogShaderLibrary: Display: ShaderCodeLibraryPakFileMountedCallback: pending pak file info (ChunkID:-1 Root:root:/ File:D:/Epic/UE_4.27/FeaturePacks/TP_Flying.upack)
[2022.10.10-17.26.50:408][  0]LogPakFile: OnPakFileMounted2Time == 0.000150
[2022.10.10-17.26.50:409][  0]LogPakFile: PakFile PrimaryIndexSize=184
[2022.10.10-17.26.50:409][  0]LogPakFile: PakFile PathHashIndexSize=101
[2022.10.10-17.26.50:409][  0]LogPakFile: PakFile FullDirectoryIndexSize=142
[2022.10.10-17.26.50:409][  0]LogShaderLibrary: Display: ShaderCodeLibraryPakFileMountedCallback: PakFile 'D:/Epic/UE_4.27/FeaturePacks/TP_FlyingBP.upack' (chunk index -1, root 'root:/') mounted
[2022.10.10-17.26.50:409][  0]LogShaderLibrary: Display: ShaderCodeLibraryPakFileMountedCallback: pending pak file info (ChunkID:-1 Root:root:/ File:D:/Epic/UE_4.27/FeaturePacks/TP_FlyingBP.upack)
[2022.10.10-17.26.50:409][  0]LogPakFile: OnPakFileMounted2Time == 0.000137
[2022.10.10-17.26.50:409][  0]LogPakFile: PakFile PrimaryIndexSize=188
[2022.10.10-17.26.50:409][  0]LogPakFile: PakFile PathHashIndexSize=101
[2022.10.10-17.26.50:409][  0]LogPakFile: PakFile FullDirectoryIndexSize=150
[2022.10.10-17.26.50:409][  0]LogShaderLibrary: Display: ShaderCodeLibraryPakFileMountedCallback: PakFile 'D:/Epic/UE_4.27/FeaturePacks/TP_HandheldARBP.upack' (chunk index -1, root 'root:/') mounted
[2022.10.10-17.26.50:409][  0]LogShaderLibrary: Display: ShaderCodeLibraryPakFileMountedCallback: pending pak file info (ChunkID:-1 Root:root:/ File:D:/Epic/UE_4.27/FeaturePacks/TP_HandheldARBP.upack)
[2022.10.10-17.26.50:409][  0]LogPakFile: OnPakFileMounted2Time == 0.000149
[2022.10.10-17.26.50:411][  0]LogPakFile: PakFile PrimaryIndexSize=182
[2022.10.10-17.26.50:411][  0]LogPakFile: PakFile PathHashIndexSize=101
[2022.10.10-17.26.50:411][  0]LogPakFile: PakFile FullDirectoryIndexSize=138
[2022.10.10-17.26.50:411][  0]LogShaderLibrary: Display: ShaderCodeLibraryPakFileMountedCallback: PakFile 'D:/Epic/UE_4.27/FeaturePacks/TP_Puzzle.upack' (chunk index -1, root 'root:/') mounted
[2022.10.10-17.26.50:411][  0]LogShaderLibrary: Display: ShaderCodeLibraryPakFileMountedCallback: pending pak file info (ChunkID:-1 Root:root:/ File:D:/Epic/UE_4.27/FeaturePacks/TP_Puzzle.upack)
[2022.10.10-17.26.50:411][  0]LogPakFile: OnPakFileMounted2Time == 0.000151
[2022.10.10-17.26.50:411][  0]LogPakFile: PakFile PrimaryIndexSize=184
[2022.10.10-17.26.50:412][  0]LogPakFile: PakFile PathHashIndexSize=101
[2022.10.10-17.26.50:412][  0]LogPakFile: PakFile FullDirectoryIndexSize=142
[2022.10.10-17.26.50:412][  0]LogShaderLibrary: Display: ShaderCodeLibraryPakFileMountedCallback: PakFile 'D:/Epic/UE_4.27/FeaturePacks/TP_PuzzleBP.upack' (chunk index -1, root 'root:/') mounted
[2022.10.10-17.26.50:412][  0]LogShaderLibrary: Display: ShaderCodeLibraryPakFileMountedCallback: pending pak file info (ChunkID:-1 Root:root:/ File:D:/Epic/UE_4.27/FeaturePacks/TP_PuzzleBP.upack)
[2022.10.10-17.26.50:412][  0]LogPakFile: OnPakFileMounted2Time == 0.000164
[2022.10.10-17.26.50:412][  0]LogPakFile: PakFile PrimaryIndexSize=183
[2022.10.10-17.26.50:412][  0]LogPakFile: PakFile PathHashIndexSize=101
[2022.10.10-17.26.50:413][  0]LogPakFile: PakFile FullDirectoryIndexSize=140
[2022.10.10-17.26.50:413][  0]LogShaderLibrary: Display: ShaderCodeLibraryPakFileMountedCallback: PakFile 'D:/Epic/UE_4.27/FeaturePacks/TP_Rolling.upack' (chunk index -1, root 'root:/') mounted
[2022.10.10-17.26.50:413][  0]LogShaderLibrary: Display: ShaderCodeLibraryPakFileMountedCallback: pending pak file info (ChunkID:-1 Root:root:/ File:D:/Epic/UE_4.27/FeaturePacks/TP_Rolling.upack)
[2022.10.10-17.26.50:413][  0]LogPakFile: OnPakFileMounted2Time == 0.000169
[2022.10.10-17.26.50:414][  0]LogPakFile: PakFile PrimaryIndexSize=185
[2022.10.10-17.26.50:414][  0]LogPakFile: PakFile PathHashIndexSize=101
[2022.10.10-17.26.50:414][  0]LogPakFile: PakFile FullDirectoryIndexSize=144
[2022.10.10-17.26.50:414][  0]LogShaderLibrary: Display: ShaderCodeLibraryPakFileMountedCallback: PakFile 'D:/Epic/UE_4.27/FeaturePacks/TP_RollingBP.upack' (chunk index -1, root 'root:/') mounted
[2022.10.10-17.26.50:414][  0]LogShaderLibrary: Display: ShaderCodeLibraryPakFileMountedCallback: pending pak file info (ChunkID:-1 Root:root:/ File:D:/Epic/UE_4.27/FeaturePacks/TP_RollingBP.upack)
[2022.10.10-17.26.50:414][  0]LogPakFile: OnPakFileMounted2Time == 0.000165
[2022.10.10-17.26.50:415][  0]LogPakFile: PakFile PrimaryIndexSize=188
[2022.10.10-17.26.50:415][  0]LogPakFile: PakFile PathHashIndexSize=101
[2022.10.10-17.26.50:415][  0]LogPakFile: PakFile FullDirectoryIndexSize=150
[2022.10.10-17.26.50:415][  0]LogShaderLibrary: Display: ShaderCodeLibraryPakFileMountedCallback: PakFile 'D:/Epic/UE_4.27/FeaturePacks/TP_SideScroller.upack' (chunk index -1, root 'root:/') mounted
[2022.10.10-17.26.50:415][  0]LogShaderLibrary: Display: ShaderCodeLibraryPakFileMountedCallback: pending pak file info (ChunkID:-1 Root:root:/ File:D:/Epic/UE_4.27/FeaturePacks/TP_SideScroller.upack)
[2022.10.10-17.26.50:415][  0]LogPakFile: OnPakFileMounted2Time == 0.000130
[2022.10.10-17.26.50:416][  0]LogPakFile: PakFile PrimaryIndexSize=190
[2022.10.10-17.26.50:416][  0]LogPakFile: PakFile PathHashIndexSize=101
[2022.10.10-17.26.50:416][  0]LogPakFile: PakFile FullDirectoryIndexSize=154
[2022.10.10-17.26.50:416][  0]LogShaderLibrary: Display: ShaderCodeLibraryPakFileMountedCallback: PakFile 'D:/Epic/UE_4.27/FeaturePacks/TP_SideScrollerBP.upack' (chunk index -1, root 'root:/') mounted
[2022.10.10-17.26.50:416][  0]LogShaderLibrary: Display: ShaderCodeLibraryPakFileMountedCallback: pending pak file info (ChunkID:-1 Root:root:/ File:D:/Epic/UE_4.27/FeaturePacks/TP_SideScrollerBP.upack)
[2022.10.10-17.26.50:416][  0]LogPakFile: OnPakFileMounted2Time == 0.000182
[2022.10.10-17.26.50:417][  0]LogPakFile: PakFile PrimaryIndexSize=187
[2022.10.10-17.26.50:417][  0]LogPakFile: PakFile PathHashIndexSize=101
[2022.10.10-17.26.50:417][  0]LogPakFile: PakFile FullDirectoryIndexSize=148
[2022.10.10-17.26.50:417][  0]LogShaderLibrary: Display: ShaderCodeLibraryPakFileMountedCallback: PakFile 'D:/Epic/UE_4.27/FeaturePacks/TP_ThirdPerson.upack' (chunk index -1, root 'root:/') mounted
[2022.10.10-17.26.50:417][  0]LogShaderLibrary: Display: ShaderCodeLibraryPakFileMountedCallback: pending pak file info (ChunkID:-1 Root:root:/ File:D:/Epic/UE_4.27/FeaturePacks/TP_ThirdPerson.upack)
[2022.10.10-17.26.50:417][  0]LogPakFile: OnPakFileMounted2Time == 0.000159
[2022.10.10-17.26.50:418][  0]LogPakFile: PakFile PrimaryIndexSize=189
[2022.10.10-17.26.50:418][  0]LogPakFile: PakFile PathHashIndexSize=101
[2022.10.10-17.26.50:418][  0]LogPakFile: PakFile FullDirectoryIndexSize=152
[2022.10.10-17.26.50:418][  0]LogShaderLibrary: Display: ShaderCodeLibraryPakFileMountedCallback: PakFile 'D:/Epic/UE_4.27/FeaturePacks/TP_ThirdPersonBP.upack' (chunk index -1, root 'root:/') mounted
[2022.10.10-17.26.50:418][  0]LogShaderLibrary: Display: ShaderCodeLibraryPakFileMountedCallback: pending pak file info (ChunkID:-1 Root:root:/ File:D:/Epic/UE_4.27/FeaturePacks/TP_ThirdPersonBP.upack)
[2022.10.10-17.26.50:418][  0]LogPakFile: OnPakFileMounted2Time == 0.000138
[2022.10.10-17.26.50:419][  0]LogPakFile: PakFile PrimaryIndexSize=183
[2022.10.10-17.26.50:419][  0]LogPakFile: PakFile PathHashIndexSize=101
[2022.10.10-17.26.50:419][  0]LogPakFile: PakFile FullDirectoryIndexSize=140
[2022.10.10-17.26.50:419][  0]LogShaderLibrary: Display: ShaderCodeLibraryPakFileMountedCallback: PakFile 'D:/Epic/UE_4.27/FeaturePacks/TP_TopDown.upack' (chunk index -1, root 'root:/') mounted
[2022.10.10-17.26.50:419][  0]LogShaderLibrary: Display: ShaderCodeLibraryPakFileMountedCallback: pending pak file info (ChunkID:-1 Root:root:/ File:D:/Epic/UE_4.27/FeaturePacks/TP_TopDown.upack)
[2022.10.10-17.26.50:419][  0]LogPakFile: OnPakFileMounted2Time == 0.000149
[2022.10.10-17.26.50:420][  0]LogPakFile: PakFile PrimaryIndexSize=185
[2022.10.10-17.26.50:420][  0]LogPakFile: PakFile PathHashIndexSize=101
[2022.10.10-17.26.50:420][  0]LogPakFile: PakFile FullDirectoryIndexSize=144
[2022.10.10-17.26.50:420][  0]LogShaderLibrary: Display: ShaderCodeLibraryPakFileMountedCallback: PakFile 'D:/Epic/UE_4.27/FeaturePacks/TP_TopDownBP.upack' (chunk index -1, root 'root:/') mounted
[2022.10.10-17.26.50:420][  0]LogShaderLibrary: Display: ShaderCodeLibraryPakFileMountedCallback: pending pak file info (ChunkID:-1 Root:root:/ File:D:/Epic/UE_4.27/FeaturePacks/TP_TopDownBP.upack)
[2022.10.10-17.26.50:420][  0]LogPakFile: OnPakFileMounted2Time == 0.000153
[2022.10.10-17.26.50:421][  0]LogPakFile: PakFile PrimaryIndexSize=185
[2022.10.10-17.26.50:421][  0]LogPakFile: PakFile PathHashIndexSize=101
[2022.10.10-17.26.50:421][  0]LogPakFile: PakFile FullDirectoryIndexSize=144
[2022.10.10-17.26.50:421][  0]LogShaderLibrary: Display: ShaderCodeLibraryPakFileMountedCallback: PakFile 'D:/Epic/UE_4.27/FeaturePacks/TP_TwinStick.upack' (chunk index -1, root 'root:/') mounted
[2022.10.10-17.26.50:421][  0]LogShaderLibrary: Display: ShaderCodeLibraryPakFileMountedCallback: pending pak file info (ChunkID:-1 Root:root:/ File:D:/Epic/UE_4.27/FeaturePacks/TP_TwinStick.upack)
[2022.10.10-17.26.50:421][  0]LogPakFile: OnPakFileMounted2Time == 0.000155
[2022.10.10-17.26.50:422][  0]LogPakFile: PakFile PrimaryIndexSize=187
[2022.10.10-17.26.50:422][  0]LogPakFile: PakFile PathHashIndexSize=101
[2022.10.10-17.26.50:422][  0]LogPakFile: PakFile FullDirectoryIndexSize=148
[2022.10.10-17.26.50:422][  0]LogShaderLibrary: Display: ShaderCodeLibraryPakFileMountedCallback: PakFile 'D:/Epic/UE_4.27/FeaturePacks/TP_TwinStickBP.upack' (chunk index -1, root 'root:/') mounted
[2022.10.10-17.26.50:422][  0]LogShaderLibrary: Display: ShaderCodeLibraryPakFileMountedCallback: pending pak file info (ChunkID:-1 Root:root:/ File:D:/Epic/UE_4.27/FeaturePacks/TP_TwinStickBP.upack)
[2022.10.10-17.26.50:422][  0]LogPakFile: OnPakFileMounted2Time == 0.000143
[2022.10.10-17.26.50:423][  0]LogPakFile: PakFile PrimaryIndexSize=183
[2022.10.10-17.26.50:423][  0]LogPakFile: PakFile PathHashIndexSize=101
[2022.10.10-17.26.50:423][  0]LogPakFile: PakFile FullDirectoryIndexSize=140
[2022.10.10-17.26.50:423][  0]LogShaderLibrary: Display: ShaderCodeLibraryPakFileMountedCallback: PakFile 'D:/Epic/UE_4.27/FeaturePacks/TP_Vehicle.upack' (chunk index -1, root 'root:/') mounted
[2022.10.10-17.26.50:423][  0]LogShaderLibrary: Display: ShaderCodeLibraryPakFileMountedCallback: pending pak file info (ChunkID:-1 Root:root:/ File:D:/Epic/UE_4.27/FeaturePacks/TP_Vehicle.upack)
[2022.10.10-17.26.50:423][  0]LogPakFile: OnPakFileMounted2Time == 0.000173
[2022.10.10-17.26.50:424][  0]LogPakFile: PakFile PrimaryIndexSize=186
[2022.10.10-17.26.50:424][  0]LogPakFile: PakFile PathHashIndexSize=101
[2022.10.10-17.26.50:425][  0]LogPakFile: PakFile FullDirectoryIndexSize=146
[2022.10.10-17.26.50:425][  0]LogShaderLibrary: Display: ShaderCodeLibraryPakFileMountedCallback: PakFile 'D:/Epic/UE_4.27/FeaturePacks/TP_VehicleAdv.upack' (chunk index -1, root 'root:/') mounted
[2022.10.10-17.26.50:425][  0]LogShaderLibrary: Display: ShaderCodeLibraryPakFileMountedCallback: pending pak file info (ChunkID:-1 Root:root:/ File:D:/Epic/UE_4.27/FeaturePacks/TP_VehicleAdv.upack)
[2022.10.10-17.26.50:425][  0]LogPakFile: OnPakFileMounted2Time == 0.000186
[2022.10.10-17.26.50:426][  0]LogPakFile: PakFile PrimaryIndexSize=188
[2022.10.10-17.26.50:426][  0]LogPakFile: PakFile PathHashIndexSize=101
[2022.10.10-17.26.50:426][  0]LogPakFile: PakFile FullDirectoryIndexSize=150
[2022.10.10-17.26.50:426][  0]LogShaderLibrary: Display: ShaderCodeLibraryPakFileMountedCallback: PakFile 'D:/Epic/UE_4.27/FeaturePacks/TP_VehicleAdvBP.upack' (chunk index -1, root 'root:/') mounted
[2022.10.10-17.26.50:426][  0]LogShaderLibrary: Display: ShaderCodeLibraryPakFileMountedCallback: pending pak file info (ChunkID:-1 Root:root:/ File:D:/Epic/UE_4.27/FeaturePacks/TP_VehicleAdvBP.upack)
[2022.10.10-17.26.50:426][  0]LogPakFile: OnPakFileMounted2Time == 0.000171
[2022.10.10-17.26.50:427][  0]LogPakFile: PakFile PrimaryIndexSize=185
[2022.10.10-17.26.50:427][  0]LogPakFile: PakFile PathHashIndexSize=101
[2022.10.10-17.26.50:427][  0]LogPakFile: PakFile FullDirectoryIndexSize=144
[2022.10.10-17.26.50:427][  0]LogShaderLibrary: Display: ShaderCodeLibraryPakFileMountedCallback: PakFile 'D:/Epic/UE_4.27/FeaturePacks/TP_VehicleBP.upack' (chunk index -1, root 'root:/') mounted
[2022.10.10-17.26.50:427][  0]LogShaderLibrary: Display: ShaderCodeLibraryPakFileMountedCallback: pending pak file info (ChunkID:-1 Root:root:/ File:D:/Epic/UE_4.27/FeaturePacks/TP_VehicleBP.upack)
[2022.10.10-17.26.50:427][  0]LogPakFile: OnPakFileMounted2Time == 0.000187
[2022.10.10-17.26.50:427][  0]LogPakFile: PakFile PrimaryIndexSize=192
[2022.10.10-17.26.50:427][  0]LogPakFile: PakFile PathHashIndexSize=101
[2022.10.10-17.26.50:427][  0]LogPakFile: PakFile FullDirectoryIndexSize=158
[2022.10.10-17.26.50:427][  0]LogShaderLibrary: Display: ShaderCodeLibraryPakFileMountedCallback: PakFile 'D:/Epic/UE_4.27/FeaturePacks/TP_VirtualRealityBP.upack' (chunk index -1, root 'root:/') mounted
[2022.10.10-17.26.50:427][  0]LogShaderLibrary: Display: ShaderCodeLibraryPakFileMountedCallback: pending pak file info (ChunkID:-1 Root:root:/ File:D:/Epic/UE_4.27/FeaturePacks/TP_VirtualRealityBP.upack)
[2022.10.10-17.26.50:427][  0]LogPakFile: OnPakFileMounted2Time == 0.000157
[2022.10.10-17.26.50:488][  0]LogNativeClassHierarchy: Verbose: Native class hierarchy updated for 'AddContentDialog' in 0.0004 seconds. Added 0 classes and 0 folders.
[2022.10.10-17.26.50:494][  0]LogNativeClassHierarchy: Verbose: Native class hierarchy updated for 'SceneOutliner' in 0.0005 seconds. Added 2 classes and 0 folders.
[2022.10.10-17.26.50:970][  0]LogSlate: Only BGRA pngs, bmps or icos are supported in by External Image Picker
[2022.10.10-17.26.51:048][  0]LogSlate: Took 0.000198 seconds to synchronously load lazily loaded font '../../../Engine/Content/Slate/Fonts/Roboto-Regular.ttf' (155K)
[2022.10.10-17.26.51:049][  0]LogSlate: Took 0.000116 seconds to synchronously load lazily loaded font '../../../Engine/Content/Editor/Slate/Fonts/FontAwesome.ttf' (139K)
[2022.10.10-17.26.51:050][  0]LogSlate: Took 0.000098 seconds to synchronously load lazily loaded font '../../../Engine/Content/Slate/Fonts/Roboto-Bold.ttf' (160K)
[2022.10.10-17.26.51:131][  0]LogRenderer: Reallocating scene render targets to support 1072x576 Format 10 NumSamples 1 (Frame:1).
[2022.10.10-17.26.51:168][  0]LogSlate: Took 0.000139 seconds to synchronously load lazily loaded font '../../../Engine/Content/Slate/Fonts/Roboto-Light.ttf' (167K)
[2022.10.10-17.26.51:208][  0]LogNativeClassHierarchy: Verbose: Native class hierarchy updated for 'HierarchicalLODOutliner' in 0.0003 seconds. Added 0 classes and 0 folders.
[2022.10.10-17.26.51:209][  0]LogLoad: (Engine Initialization) Total time: 12.44 seconds
[2022.10.10-17.26.51:209][  0]LogLoad: (Engine Initialization) Total Blueprint compile time: 0.00 seconds
[2022.10.10-17.26.51:283][  0]LogAssetRegistry: Asset discovery search completed in 8.2161 seconds
[2022.10.10-17.26.51:289][  0]LogCollectionManager: Fixed up redirectors for 0 collections in 0.000004 seconds (updated 0 objects)
[2022.10.10-17.26.51:292][  0]LogContentStreaming: Texture pool size now 1000 MB
[2022.10.10-17.27.05:243][ 90]LogTemp: Repeating last play command: Selected Viewport
[2022.10.10-17.27.05:248][ 90]LogPlayLevel: PlayLevel: No blueprints needed recompiling
[2022.10.10-17.27.05:248][ 90]PIE: New page: PIE session: FirstPersonExampleMap (10 okt. 2022 21:27:05)
[2022.10.10-17.27.05:250][ 90]LogOnline: OSS: Creating online subsystem instance for: NULL
[2022.10.10-17.27.05:252][ 90]LogOnline: OSS: TryLoadSubsystemAndSetDefault: Loaded subsystem for module [NULL]
[2022.10.10-17.27.05:252][ 90]LogPlayLevel: Creating play world package: /Game/FirstPersonCPP/Maps/UEDPIE_0_FirstPersonExampleMap
[2022.10.10-17.27.05:264][ 90]LogPlayLevel: PIE: StaticDuplicateObject took: (0.011354s)
[2022.10.10-17.27.05:265][ 90]LogAIModule: Creating AISystem for world FirstPersonExampleMap
[2022.10.10-17.27.05:265][ 90]LogPlayLevel: PIE: World Init took: (0.001399s)
[2022.10.10-17.27.05:265][ 90]LogPlayLevel: PIE: Created PIE world by copying editor world from /Game/FirstPersonCPP/Maps/FirstPersonExampleMap.FirstPersonExampleMap to /Game/FirstPersonCPP/Maps/UEDPIE_0_FirstPersonExampleMap.FirstPersonExampleMap (0.013198s)
[2022.10.10-17.27.05:275][ 90]LogUObjectHash: Compacting FUObjectHashTables data took   0.91ms
[2022.10.10-17.27.05:277][ 90]LogAudio: Display: Creating Audio Device:                 Id: 2, Scope: Unique, Realtime: True
[2022.10.10-17.27.05:277][ 90]LogAudioMixer: Display: Audio Mixer Platform Settings:
[2022.10.10-17.27.05:277][ 90]LogAudioMixer: Display: 	Sample Rate:						  48000
[2022.10.10-17.27.05:277][ 90]LogAudioMixer: Display: 	Callback Buffer Frame Size Requested: 1024
[2022.10.10-17.27.05:277][ 90]LogAudioMixer: Display: 	Callback Buffer Frame Size To Use:	  1024
[2022.10.10-17.27.05:277][ 90]LogAudioMixer: Display: 	Number of buffers to queue:			  2
[2022.10.10-17.27.05:277][ 90]LogAudioMixer: Display: 	Max Channels (voices):				  32
[2022.10.10-17.27.05:277][ 90]LogAudioMixer: Display: 	Number of Async Source Workers:		  0
[2022.10.10-17.27.05:277][ 90]LogAudio: Display: AudioDevice MaxSources: 32
[2022.10.10-17.27.05:278][ 90]LogAudio: Display: Audio Spatialization Plugin: None (built-in).
[2022.10.10-17.27.05:278][ 90]LogAudio: Display: Audio Reverb Plugin: None (built-in).
[2022.10.10-17.27.05:278][ 90]LogAudio: Display: Audio Occlusion Plugin: None (built-in).
[2022.10.10-17.27.05:278][ 90]LogAudioMixer: Display: Initializing audio mixer.
[2022.10.10-17.27.05:286][ 90]LogAudioMixer: Display: 0: FrontLeft
[2022.10.10-17.27.05:286][ 90]LogAudioMixer: Display: 1: FrontRight
[2022.10.10-17.27.05:517][ 90]LogAudioMixer: Display: Using Audio Device Speaker (Realtek(R) Audio)
[2022.10.10-17.27.05:517][ 90]LogAudioMixer: Display: Initializing Sound Submixes...
[2022.10.10-17.27.05:517][ 90]LogAudioMixer: Display: Creating Master Submix 'MasterSubmixDefault'
[2022.10.10-17.27.05:517][ 90]LogAudioMixer: Display: Creating Master Submix 'MasterReverbSubmixDefault'
[2022.10.10-17.27.05:518][ 90]LogAudioMixer: Display: Creating Master Submix 'MasterEQSubmixDefault'
[2022.10.10-17.27.05:518][ 90]LogAudioMixer: FMixerPlatformXAudio2::StartAudioStream() called
[2022.10.10-17.27.05:518][ 90]LogAudioMixer: Display: Output buffers initialized: Frames=1024, Channels=2, Samples=2048
[2022.10.10-17.27.05:520][ 90]LogAudioMixer: Display: Starting AudioMixerPlatformInterface::RunInternal()
[2022.10.10-17.27.05:520][ 90]LogAudioMixer: Display: FMixerPlatformXAudio2::SubmitBuffer() called for the first time
[2022.10.10-17.27.05:520][ 90]LogInit: FAudioDevice initialized.
[2022.10.10-17.27.05:520][ 90]LogAudio: Display: Audio Device (ID: 2) registered with world 'FirstPersonExampleMap'.
[2022.10.10-17.27.05:531][ 90]LogLoad: Game class is 'WaveManager_C'
[2022.10.10-17.27.05:533][ 90]LogWorld: Bringing World /Game/FirstPersonCPP/Maps/UEDPIE_0_FirstPersonExampleMap.FirstPersonExampleMap up for play (max tick rate 60) at 2022.10.10-19.27.05
[2022.10.10-17.27.05:534][ 90]LogWorld: Bringing up level for play took: 0.001753
[2022.10.10-17.27.05:534][ 90]LogOnline: OSS: Creating online subsystem instance for: :Context_5
[2022.10.10-17.27.05:538][ 90]LogNativeClassHierarchy: Verbose: Native class hierarchy updated for 'MovieSceneCapture' in 0.0003 seconds. Added 20 classes and 0 folders.
[2022.10.10-17.27.05:540][ 90]PIE: Server logged in
[2022.10.10-17.27.05:541][ 90]PIE: Play in editor total start time 0,295 seconds.
[2022.10.10-17.27.07:284][192]LogSlate: Updating window title bar state: overlay mode, drag disabled, window buttons hidden, title bar hidden
[2022.10.10-17.27.07:284][192]LogWorld: BeginTearingDown for /Game/FirstPersonCPP/Maps/UEDPIE_0_FirstPersonExampleMap
[2022.10.10-17.27.07:285][192]LogWorld: UWorld::CleanupWorld for FirstPersonExampleMap, bSessionEnded=true, bCleanupResources=true
[2022.10.10-17.27.07:285][192]LogSlate: InvalidateAllWidgets triggered.  All widgets were invalidated
[2022.10.10-17.27.07:299][192]LogPlayLevel: Display: Shutting down PIE online subsystems
[2022.10.10-17.27.07:300][192]LogSlate: InvalidateAllWidgets triggered.  All widgets were invalidated
[2022.10.10-17.27.07:304][192]LogAudio: Display: Audio Device unregistered from world 'None'.
[2022.10.10-17.27.07:305][192]LogAudioMixer: FMixerPlatformXAudio2::StopAudioStream() called
[2022.10.10-17.27.07:307][192]LogAudioMixer: FMixerPlatformXAudio2::StopAudioStream() called
[2022.10.10-17.27.07:311][192]LogSlate: Updating window title bar state: overlay mode, drag disabled, window buttons hidden, title bar hidden
[2022.10.10-17.27.07:313][192]LogUObjectHash: Compacting FUObjectHashTables data took   0.66ms
[2022.10.10-17.27.07:364][195]LogPlayLevel: Display: Destroying online subsystem :Context_5
