Log file open, 08/04/23 12:25:02
LogWindows: Failed to load 'aqProf.dll' (GetLastError=126)
LogWindows: File 'aqProf.dll' does not exist
LogWindows: Failed to load 'VtuneApi.dll' (GetLastError=126)
LogWindows: File 'VtuneApi.dll' does not exist
LogWindows: Failed to load 'VtuneApi32e.dll' (GetLastError=126)
LogWindows: File 'VtuneApi32e.dll' does not exist
LogConsoleResponse: Display: Failed to find resolution value strings in scalability ini. Falling back to default.
LogConsoleResponse: Display: Failed to find resolution value strings in scalability ini. Falling back to default.
LogInit: Display: Running engine for game: Zombone
LogPlatformFile: Not using cached read wrapper
LogTaskGraph: Started task graph with 5 named threads and 35 total threads with 3 sets of task threads.
LogStats: Stats thread started at 0.370713
LogICUInternationalization: ICU TimeZone Detection - Raw Offset: +1:00, Platform Override: ''
LogInit: Display: Loading text-based GConfig....
LogPluginManager: Mounting plugin MeshPainting
LogPluginManager: Mounting plugin XGEController
LogPluginManager: Mounting plugin Paper2D
LogPluginManager: Mounting plugin AISupport
LogPluginManager: Mounting plugin LightPropagationVolume
LogPluginManager: Mounting plugin EnvironmentQueryEditor
LogPluginManager: Mounting plugin CameraShakePreviewer
LogPluginManager: Mounting plugin GameplayCameras
LogPluginManager: Mounting plugin AnimationSharing
LogPluginManager: Mounting plugin OodleData
LogPluginManager: Mounting plugin OodleNetwork
LogPluginManager: Mounting plugin CLionSourceCodeAccess
LogPluginManager: Mounting plugin GitSourceControl
LogPluginManager: Mounting plugin CodeLiteSourceCodeAccess
LogPluginManager: Mounting plugin NullSourceCodeAccess
LogPluginManager: Mounting plugin KDevelopSourceCodeAccess
LogPluginManager: Mounting plugin PerforceSourceControl
LogPluginManager: Mounting plugin PixWinPlugin
LogPluginManager: Mounting plugin PlasticSourceControl
LogPluginManager: Mounting plugin PropertyAccessNode
LogPluginManager: Mounting plugin RiderSourceCodeAccess
LogPluginManager: Mounting plugin SubversionSourceControl
LogPluginManager: Mounting plugin UObjectPlugin
LogPluginManager: Mounting plugin VisualStudioCodeSourceCodeAccess
LogPluginManager: Mounting plugin VisualStudioSourceCodeAccess
LogPluginManager: Mounting plugin XCodeSourceCodeAccess
LogPluginManager: Mounting plugin TextureFormatOodle
LogPluginManager: Mounting plugin PluginUtils
LogPluginManager: Mounting plugin DatasmithContent
LogPluginManager: Mounting plugin AutomationUtils
LogPluginManager: Mounting plugin BackChannel
LogPluginManager: Mounting plugin AlembicImporter
LogPluginManager: Mounting plugin ChaosCloth
LogPluginManager: Mounting plugin ChaosClothEditor
LogPluginManager: Mounting plugin Niagara
LogPluginManager: Mounting plugin VariantManagerContent
LogPluginManager: Mounting plugin ChaosEditor
LogPluginManager: Mounting plugin AssetManagerEditor
LogPluginManager: Mounting plugin CharacterAI
LogPluginManager: Mounting plugin CryptoKeys
LogPluginManager: Mounting plugin CurveEditorTools
LogPluginManager: Mounting plugin DataValidation
LogPluginManager: Mounting plugin FacialAnimation
LogPluginManager: Mounting plugin GameplayTagsEditor
LogPluginManager: Mounting plugin GeometryCache
LogPluginManager: Mounting plugin GeometryMode
LogPluginManager: Mounting plugin MacGraphicsSwitching
LogPluginManager: Mounting plugin GeometryCollectionPlugin
LogPluginManager: Mounting plugin MaterialAnalyzer
LogPluginManager: Mounting plugin ChaosSolverPlugin
LogPluginManager: Mounting plugin PluginBrowser
LogPluginManager: Mounting plugin ChaosNiagara
LogPluginManager: Mounting plugin SpeedTreeImporter
LogPluginManager: Mounting plugin GeometryProcessing
LogPluginManager: Mounting plugin OpenImageDenoise
LogPluginManager: Mounting plugin MotoSynth
LogPluginManager: Mounting plugin PlanarCut
LogPluginManager: Mounting plugin PlatformCrypto
LogPluginManager: Mounting plugin ProxyLODPlugin
LogPluginManager: Mounting plugin PythonScriptPlugin
LogPluginManager: Mounting plugin SkeletalReduction
LogPluginManager: Mounting plugin LuminPlatformFeatures
LogPluginManager: Mounting plugin MagicLeap
LogPluginManager: Mounting plugin MagicLeapLightEstimation
LogPluginManager: Mounting plugin MagicLeapMedia
LogPluginManager: Mounting plugin MagicLeapPassableWorld
LogPluginManager: Mounting plugin MLSDK
LogPluginManager: Mounting plugin AndroidMedia
LogPluginManager: Mounting plugin AvfMedia
LogPluginManager: Mounting plugin ImgMedia
LogPluginManager: Mounting plugin MediaCompositing
LogPluginManager: Mounting plugin MediaPlayerEditor
LogPluginManager: Mounting plugin WebMMedia
LogPluginManager: Mounting plugin WmfMedia
LogPluginManager: Mounting plugin TcpMessaging
LogPluginManager: Mounting plugin UdpMessaging
LogPluginManager: Mounting plugin ActorSequence
LogPluginManager: Mounting plugin LevelSequenceEditor
LogPluginManager: Mounting plugin MatineeToLevelSequence
LogPluginManager: Mounting plugin TemplateSequence
LogPluginManager: Mounting plugin OnlineSubsystem
LogPluginManager: Mounting plugin OnlineSubsystemNull
LogPluginManager: Mounting plugin OnlineSubsystemUtils
LogPluginManager: Mounting plugin LauncherChunkInstaller
LogPluginManager: Mounting plugin ActorLayerUtilities
LogPluginManager: Mounting plugin AndroidMoviePlayer
LogPluginManager: Mounting plugin AndroidDeviceProfileSelector
LogPluginManager: Mounting plugin AndroidPermission
LogPluginManager: Mounting plugin AppleMoviePlayer
LogPluginManager: Mounting plugin AppleImageUtils
LogPluginManager: Mounting plugin ArchVisCharacter
LogPluginManager: Mounting plugin AssetTags
LogPluginManager: Mounting plugin AudioCapture
LogPluginManager: Mounting plugin AudioSynesthesia
LogPluginManager: Mounting plugin CableComponent
LogPluginManager: Mounting plugin ChunkDownloader
LogPluginManager: Mounting plugin CustomMeshComponent
LogPluginManager: Mounting plugin MobileLauncherProfileWizard
LogPluginManager: Mounting plugin EditableMesh
LogPluginManager: Mounting plugin ExampleDeviceProfileSelector
LogPluginManager: Mounting plugin GoogleCloudMessaging
LogPluginManager: Mounting plugin GooglePAD
LogPluginManager: Mounting plugin ScreenshotTools
LogPluginManager: Mounting plugin LinuxDeviceProfileSelector
LogPluginManager: Mounting plugin IOSDeviceProfileSelector
LogPluginManager: Mounting plugin LocationServicesBPLibrary
LogPluginManager: Mounting plugin MobilePatchingUtils
LogPluginManager: Mounting plugin OpenXR
LogPluginManager: Mounting plugin OpenXREyeTracker
LogPluginManager: Mounting plugin PostSplashScreen
LogPluginManager: Mounting plugin PhysXVehicles
LogPluginManager: Mounting plugin ProceduralMeshComponent
LogPluginManager: Mounting plugin PropertyAccessEditor
LogPluginManager: Mounting plugin RuntimePhysXCooking
LogPluginManager: Mounting plugin SignificanceManager
LogPluginManager: Mounting plugin SoundFields
LogPluginManager: Mounting plugin Synthesis
LogPluginManager: Mounting plugin WebMMoviePlayer
LogPluginManager: Mounting plugin WindowsMoviePlayer
LogPluginManager: Mounting plugin Takes
LogPluginManager: Mounting plugin LiveLink
LogPluginManager: Mounting plugin OpenXRHandTracking
LogPluginManager: Mounting plugin ContentBrowserAssetDataSource
LogPluginManager: Mounting plugin ContentBrowserFileDataSource
LogPluginManager: Mounting plugin ContentBrowserClassDataSource
LogPluginManager: Mounting plugin OnlineSubsystemGooglePlay
LogPluginManager: Mounting plugin OnlineSubsystemIOS
LogPluginManager: Mounting plugin OculusVR
LogPluginManager: Mounting plugin SteamVR
PixWinPlugin: PIX capture plugin failed to initialize! Check that the process is launched from PIX.
LogInit: Using libcurl 7.55.1-DEV
LogInit:  - built for x86_64-pc-win32
LogInit:  - supports SSL with OpenSSL/1.1.1
LogInit:  - supports HTTP deflate (compression) using libz 1.2.8
LogInit:  - other features:
LogInit:      CURL_VERSION_SSL
LogInit:      CURL_VERSION_LIBZ
LogInit:      CURL_VERSION_IPV6
LogInit:      CURL_VERSION_ASYNCHDNS
LogInit:      CURL_VERSION_LARGEFILE
LogInit:      CURL_VERSION_IDN
LogInit:  CurlRequestOptions (configurable via config and command line):
LogInit:  - bVerifyPeer = true  - Libcurl will verify peer certificate
LogInit:  - bUseHttpProxy = false  - Libcurl will NOT use HTTP proxy
LogInit:  - bDontReuseConnections = false  - Libcurl will reuse connections
LogInit:  - MaxHostConnections = 16  - Libcurl will limit the number of connections to a host
LogInit:  - LocalHostAddr = Default
LogInit:  - BufferSize = 65536
LogOnline: OSS: Creating online subsystem instance for: NULL
LogInit: WinSock: version 1.1 (2.2), MaxSocks=32767, MaxUdp=65467
LogOnline: OSS: TryLoadSubsystemAndSetDefault: Loaded subsystem for module [NULL]
LogOculusPluginWrapper: OculusPlugin initialized successfully
LogHMD: Failed initializing OVRPlugin 1.59.0
LogInit: Build: ++UE4+Release-4.27-CL-18319896
LogInit: Engine Version: 4.27.2-18319896+++UE4+Release-4.27
LogInit: Compatible Engine Version: 4.27.0-17155196+++UE4+Release-4.27
LogInit: Net CL: 17155196
LogInit: OS: Windows 10 (Release 2009) (), CPU: Intel(R) Core(TM) i7-7800X CPU @ 3.50GHz, GPU: NVIDIA GeForce GTX 1060 6GB
LogInit: Compiled (64-bit): Nov 30 2021 07:12:08
LogInit: Compiled with Visual C++: 19.24.28315.00
LogInit: Build Configuration: Development
LogInit: Branch Name: ++UE4+Release-4.27
LogInit: Command Line:  -skipcompile
LogInit: Base Directory: D:/Epic Games/UE_4.27/Engine/Binaries/Win64/
LogInit: Allocator: TBB
LogInit: Installed Engine Build: 1
LogDevObjectVersion: Number of dev versions registered: 29
LogDevObjectVersion:   Dev-Blueprints (B0D832E4-1F89-4F0D-ACCF-7EB736FD4AA2): 10
LogDevObjectVersion:   Dev-Build (E1C64328-A22C-4D53-A36C-8E866417BD8C): 0
LogDevObjectVersion:   Dev-Core (375EC13C-06E4-48FB-B500-84F0262A717E): 4
LogDevObjectVersion:   Dev-Editor (E4B068ED-F494-42E9-A231-DA0B2E46BB41): 40
LogDevObjectVersion:   Dev-Framework (CFFC743F-43B0-4480-9391-14DF171D2073): 37
LogDevObjectVersion:   Dev-Mobile (B02B49B5-BB20-44E9-A304-32B752E40360): 3
LogDevObjectVersion:   Dev-Networking (A4E4105C-59A1-49B5-A7C5-40C4547EDFEE): 0
LogDevObjectVersion:   Dev-Online (39C831C9-5AE6-47DC-9A44-9C173E1C8E7C): 0
LogDevObjectVersion:   Dev-Physics (78F01B33-EBEA-4F98-B9B4-84EACCB95AA2): 14
LogDevObjectVersion:   Dev-Platform (6631380F-2D4D-43E0-8009-CF276956A95A): 0
LogDevObjectVersion:   Dev-Rendering (12F88B9F-8875-4AFC-A67C-D90C383ABD29): 45
LogDevObjectVersion:   Dev-Sequencer (7B5AE74C-D270-4C10-A958-57980B212A5A): 13
LogDevObjectVersion:   Dev-VR (D7296918-1DD6-4BDD-9DE2-64A83CC13884): 3
LogDevObjectVersion:   Dev-LoadTimes (C2A15278-BFE7-4AFE-6C17-90FF531DF755): 1
LogDevObjectVersion:   Private-Geometry (6EACA3D4-40EC-4CC1-B786-8BED09428FC5): 3
LogDevObjectVersion:   Dev-AnimPhys (29E575DD-E0A3-4627-9D10-D276232CDCEA): 17
LogDevObjectVersion:   Dev-Anim (AF43A65D-7FD3-4947-9873-3E8ED9C1BB05): 15
LogDevObjectVersion:   Dev-ReflectionCapture (6B266CEC-1EC7-4B8F-A30B-E4D90942FC07): 1
LogDevObjectVersion:   Dev-Automation (0DF73D61-A23F-47EA-B727-89E90C41499A): 1
LogDevObjectVersion:   FortniteMain (601D1886-AC64-4F84-AA16-D3DE0DEAC7D6): 47
LogDevObjectVersion:   FortniteRelease (E7086368-6B23-4C58-8439-1B7016265E91): 1
LogDevObjectVersion:   Dev-Enterprise (9DFFBCD6-494F-0158-E221-12823C92A888): 10
LogDevObjectVersion:   Dev-Niagara (F2AED0AC-9AFE-416F-8664-AA7FFA26D6FC): 1
LogDevObjectVersion:   Dev-Destruction (174F1F0B-B4C6-45A5-B13F-2EE8D0FB917D): 10
LogDevObjectVersion:   Dev-Physics-Ext (35F94A83-E258-406C-A318-09F59610247C): 41
LogDevObjectVersion:   Dev-PhysicsMaterial-Chaos (B68FC16E-8B1B-42E2-B453-215C058844FE): 1
LogDevObjectVersion:   Dev-CineCamera (B2E18506-4273-CFC2-A54E-F4BB758BBA07): 1
LogDevObjectVersion:   Dev-VirtualProduction (64F58936-FD1B-42BA-BA96-7289D5D0FA4E): 1
LogDevObjectVersion:   Dev-MediaFramework (6F0ED827-A609-4895-9C91-998D90180EA4): 2
LogInit: Presizing for max 25165824 objects, including 0 objects not considered by GC, pre-allocating 0 bytes for permanent pool.
LogConfig: Applying CVar settings from Section [/Script/Engine.StreamingSettings] File [E:/Portfolio/Unreal/FPS_Game/Zombone/Saved/Config/Windows/Engine.ini]
LogConfig: Setting CVar [[s.MinBulkDataSizeForAsyncLoading:131072]]
LogConfig: Setting CVar [[s.AsyncLoadingThreadEnabled:0]]
LogConfig: Setting CVar [[s.EventDrivenLoaderEnabled:1]]
LogConfig: Setting CVar [[s.WarnIfTimeLimitExceeded:0]]
LogConfig: Setting CVar [[s.TimeLimitExceededMultiplier:1.5]]
LogConfig: Setting CVar [[s.TimeLimitExceededMinTime:0.005]]
LogConfig: Setting CVar [[s.UseBackgroundLevelStreaming:1]]
LogConfig: Setting CVar [[s.PriorityAsyncLoadingExtraTime:15.0]]
LogConfig: Setting CVar [[s.LevelStreamingActorsUpdateTimeLimit:5.0]]
LogConfig: Setting CVar [[s.PriorityLevelStreamingActorsUpdateExtraTime:5.0]]
LogConfig: Setting CVar [[s.LevelStreamingComponentsRegistrationGranularity:10]]
LogConfig: Setting CVar [[s.UnregisterComponentsTimeLimit:1.0]]
LogConfig: Setting CVar [[s.LevelStreamingComponentsUnregistrationGranularity:5]]
LogConfig: Setting CVar [[s.FlushStreamingOnExit:1]]
LogInit: Object subsystem initialized
LogConfig: Setting CVar [[con.DebugEarlyDefault:1]]
LogConfig: Setting CVar [[r.setres:1280x720]]
[2023.08.04-10.25.03:830][  0]LogConfig: Setting CVar [[r.VSync:0]]
[2023.08.04-10.25.03:831][  0]LogConfig: Setting CVar [[r.RHICmdBypass:0]]
[2023.08.04-10.25.03:831][  0]LogConfig: Applying CVar settings from Section [/Script/Engine.RendererSettings] File [E:/Portfolio/Unreal/FPS_Game/Zombone/Saved/Config/Windows/Engine.ini]
[2023.08.04-10.25.03:831][  0]LogConfig: Setting CVar [[r.GPUCrashDebugging:0]]
[2023.08.04-10.25.03:831][  0]LogConfig: Applying CVar settings from Section [/Script/Engine.RendererOverrideSettings] File [E:/Portfolio/Unreal/FPS_Game/Zombone/Saved/Config/Windows/Engine.ini]
[2023.08.04-10.25.03:831][  0]LogConfig: Applying CVar settings from Section [/Script/Engine.StreamingSettings] File [E:/Portfolio/Unreal/FPS_Game/Zombone/Saved/Config/Windows/Engine.ini]
[2023.08.04-10.25.03:831][  0]LogConfig: Setting CVar [[s.MinBulkDataSizeForAsyncLoading:131072]]
[2023.08.04-10.25.03:831][  0]LogConfig: Setting CVar [[s.AsyncLoadingThreadEnabled:0]]
[2023.08.04-10.25.03:831][  0]LogConfig: Setting CVar [[s.EventDrivenLoaderEnabled:1]]
[2023.08.04-10.25.03:831][  0]LogConfig: Setting CVar [[s.WarnIfTimeLimitExceeded:0]]
[2023.08.04-10.25.03:831][  0]LogConfig: Setting CVar [[s.TimeLimitExceededMultiplier:1.5]]
[2023.08.04-10.25.03:831][  0]LogConfig: Setting CVar [[s.TimeLimitExceededMinTime:0.005]]
[2023.08.04-10.25.03:831][  0]LogConfig: Setting CVar [[s.UseBackgroundLevelStreaming:1]]
[2023.08.04-10.25.03:831][  0]LogConfig: Setting CVar [[s.PriorityAsyncLoadingExtraTime:15.0]]
[2023.08.04-10.25.03:831][  0]LogConfig: Setting CVar [[s.LevelStreamingActorsUpdateTimeLimit:5.0]]
[2023.08.04-10.25.03:832][  0]LogConfig: Setting CVar [[s.PriorityLevelStreamingActorsUpdateExtraTime:5.0]]
[2023.08.04-10.25.03:832][  0]LogConfig: Setting CVar [[s.LevelStreamingComponentsRegistrationGranularity:10]]
[2023.08.04-10.25.03:832][  0]LogConfig: Setting CVar [[s.UnregisterComponentsTimeLimit:1.0]]
[2023.08.04-10.25.03:832][  0]LogConfig: Setting CVar [[s.LevelStreamingComponentsUnregistrationGranularity:5]]
[2023.08.04-10.25.03:832][  0]LogConfig: Setting CVar [[s.FlushStreamingOnExit:1]]
[2023.08.04-10.25.03:832][  0]LogConfig: Applying CVar settings from Section [/Script/Engine.GarbageCollectionSettings] File [E:/Portfolio/Unreal/FPS_Game/Zombone/Saved/Config/Windows/Engine.ini]
[2023.08.04-10.25.03:832][  0]LogConfig: Setting CVar [[gc.MaxObjectsNotConsideredByGC:1]]
[2023.08.04-10.25.03:832][  0]LogConfig: Setting CVar [[gc.SizeOfPermanentObjectPool:0]]
[2023.08.04-10.25.03:832][  0]LogConfig: Setting CVar [[gc.FlushStreamingOnGC:0]]
[2023.08.04-10.25.03:832][  0]LogConfig: Setting CVar [[gc.NumRetriesBeforeForcingGC:10]]
[2023.08.04-10.25.03:832][  0]LogConfig: Setting CVar [[gc.AllowParallelGC:1]]
[2023.08.04-10.25.03:832][  0]LogConfig: Setting CVar [[gc.TimeBetweenPurgingPendingKillObjects:61.1]]
[2023.08.04-10.25.03:832][  0]LogConfig: Setting CVar [[gc.MaxObjectsInEditor:25165824]]
[2023.08.04-10.25.03:833][  0]LogConfig: Setting CVar [[gc.IncrementalBeginDestroyEnabled:1]]
[2023.08.04-10.25.03:833][  0]LogConfig: Setting CVar [[gc.CreateGCClusters:1]]
[2023.08.04-10.25.03:833][  0]LogConfig: Setting CVar [[gc.MinGCClusterSize:5]]
[2023.08.04-10.25.03:833][  0]LogConfig: Setting CVar [[gc.ActorClusteringEnabled:0]]
[2023.08.04-10.25.03:833][  0]LogConfig: Setting CVar [[gc.BlueprintClusteringEnabled:0]]
[2023.08.04-10.25.03:833][  0]LogConfig: Setting CVar [[gc.UseDisregardForGCOnDedicatedServers:0]]
[2023.08.04-10.25.03:833][  0]LogConfig: Setting CVar [[gc.MultithreadedDestructionEnabled:1]]
[2023.08.04-10.25.03:833][  0]LogConfig: Applying CVar settings from Section [/Script/Engine.NetworkSettings] File [E:/Portfolio/Unreal/FPS_Game/Zombone/Saved/Config/Windows/Engine.ini]
[2023.08.04-10.25.03:833][  0]LogConfig: Applying CVar settings from Section [/Script/UnrealEd.CookerSettings] File [E:/Portfolio/Unreal/FPS_Game/Zombone/Saved/Config/Windows/Engine.ini]
[2023.08.04-10.25.03:849][  0]LogConfig: Applying CVar settings from Section [ViewDistanceQuality@3] File [E:/Portfolio/Unreal/FPS_Game/Zombone/Saved/Config/Windows/Scalability.ini]
[2023.08.04-10.25.03:849][  0]LogConfig: Setting CVar [[r.SkeletalMeshLODBias:0]]
[2023.08.04-10.25.03:849][  0]LogConfig: Setting CVar [[r.ViewDistanceScale:1.0]]
[2023.08.04-10.25.03:849][  0]LogConfig: Applying CVar settings from Section [AntiAliasingQuality@3] File [E:/Portfolio/Unreal/FPS_Game/Zombone/Saved/Config/Windows/Scalability.ini]
[2023.08.04-10.25.03:849][  0]LogConfig: Setting CVar [[r.PostProcessAAQuality:4]]
[2023.08.04-10.25.03:849][  0]LogConfig: Applying CVar settings from Section [ShadowQuality@3] File [E:/Portfolio/Unreal/FPS_Game/Zombone/Saved/Config/Windows/Scalability.ini]
[2023.08.04-10.25.03:849][  0]LogConfig: Setting CVar [[r.LightFunctionQuality:1]]
[2023.08.04-10.25.03:849][  0]LogConfig: Setting CVar [[r.ShadowQuality:5]]
[2023.08.04-10.25.03:849][  0]LogConfig: Setting CVar [[r.Shadow.CSM.MaxCascades:10]]
[2023.08.04-10.25.03:849][  0]LogConfig: Setting CVar [[r.Shadow.MaxResolution:2048]]
[2023.08.04-10.25.03:849][  0]LogConfig: Setting CVar [[r.Shadow.MaxCSMResolution:2048]]
[2023.08.04-10.25.03:849][  0]LogConfig: Setting CVar [[r.Shadow.RadiusThreshold:0.01]]
[2023.08.04-10.25.03:849][  0]LogConfig: Setting CVar [[r.Shadow.DistanceScale:1.0]]
[2023.08.04-10.25.03:849][  0]LogConfig: Setting CVar [[r.Shadow.CSM.TransitionScale:1.0]]
[2023.08.04-10.25.03:850][  0]LogConfig: Setting CVar [[r.Shadow.PreShadowResolutionFactor:1.0]]
[2023.08.04-10.25.03:850][  0]LogConfig: Setting CVar [[r.DistanceFieldShadowing:1]]
[2023.08.04-10.25.03:850][  0]LogConfig: Setting CVar [[r.DistanceFieldAO:1]]
[2023.08.04-10.25.03:850][  0]LogConfig: Setting CVar [[r.AOQuality:2]]
[2023.08.04-10.25.03:850][  0]LogConfig: Setting CVar [[r.VolumetricFog:1]]
[2023.08.04-10.25.03:850][  0]LogConfig: Setting CVar [[r.VolumetricFog.GridPixelSize:8]]
[2023.08.04-10.25.03:850][  0]LogConfig: Setting CVar [[r.VolumetricFog.GridSizeZ:128]]
[2023.08.04-10.25.03:850][  0]LogConfig: Setting CVar [[r.VolumetricFog.HistoryMissSupersampleCount:4]]
[2023.08.04-10.25.03:850][  0]LogConfig: Setting CVar [[r.LightMaxDrawDistanceScale:1]]
[2023.08.04-10.25.03:850][  0]LogConfig: Setting CVar [[r.CapsuleShadows:1]]
[2023.08.04-10.25.03:850][  0]LogConfig: Applying CVar settings from Section [PostProcessQuality@3] File [E:/Portfolio/Unreal/FPS_Game/Zombone/Saved/Config/Windows/Scalability.ini]
[2023.08.04-10.25.03:850][  0]LogConfig: Setting CVar [[r.MotionBlurQuality:4]]
[2023.08.04-10.25.03:850][  0]LogConfig: Setting CVar [[r.AmbientOcclusionMipLevelFactor:0.4]]
[2023.08.04-10.25.03:850][  0]LogConfig: Setting CVar [[r.AmbientOcclusionMaxQuality:100]]
[2023.08.04-10.25.03:850][  0]LogConfig: Setting CVar [[r.AmbientOcclusionLevels:-1]]
[2023.08.04-10.25.03:850][  0]LogConfig: Setting CVar [[r.AmbientOcclusionRadiusScale:1.0]]
[2023.08.04-10.25.03:850][  0]LogConfig: Setting CVar [[r.DepthOfFieldQuality:2]]
[2023.08.04-10.25.03:850][  0]LogConfig: Setting CVar [[r.RenderTargetPoolMin:400]]
[2023.08.04-10.25.03:851][  0]LogConfig: Setting CVar [[r.LensFlareQuality:2]]
[2023.08.04-10.25.03:851][  0]LogConfig: Setting CVar [[r.SceneColorFringeQuality:1]]
[2023.08.04-10.25.03:851][  0]LogConfig: Setting CVar [[r.EyeAdaptationQuality:2]]
[2023.08.04-10.25.03:851][  0]LogConfig: Setting CVar [[r.BloomQuality:5]]
[2023.08.04-10.25.03:851][  0]LogConfig: Setting CVar [[r.FastBlurThreshold:100]]
[2023.08.04-10.25.03:851][  0]LogConfig: Setting CVar [[r.Upscale.Quality:3]]
[2023.08.04-10.25.03:851][  0]LogConfig: Setting CVar [[r.Tonemapper.GrainQuantization:1]]
[2023.08.04-10.25.03:851][  0]LogConfig: Setting CVar [[r.LightShaftQuality:1]]
[2023.08.04-10.25.03:851][  0]LogConfig: Setting CVar [[r.Filter.SizeScale:1]]
[2023.08.04-10.25.03:851][  0]LogConfig: Setting CVar [[r.Tonemapper.Quality:5]]
[2023.08.04-10.25.03:852][  0]LogConfig: Setting CVar [[r.DOF.Gather.AccumulatorQuality:1        ; higher gathering accumulator quality]]
[2023.08.04-10.25.03:852][  0]LogConfig: Setting CVar [[r.DOF.Gather.PostfilterMethod:1          ; Median3x3 postfilering method]]
[2023.08.04-10.25.03:852][  0]LogConfig: Setting CVar [[r.DOF.Gather.EnableBokehSettings:0       ; no bokeh simulation when gathering]]
[2023.08.04-10.25.03:852][  0]LogConfig: Setting CVar [[r.DOF.Gather.RingCount:4                 ; medium number of samples when gathering]]
[2023.08.04-10.25.03:852][  0]LogConfig: Setting CVar [[r.DOF.Scatter.ForegroundCompositing:1    ; additive foreground scattering]]
[2023.08.04-10.25.03:852][  0]LogConfig: Setting CVar [[r.DOF.Scatter.BackgroundCompositing:2    ; additive background scattering]]
[2023.08.04-10.25.03:852][  0]LogConfig: Setting CVar [[r.DOF.Scatter.EnableBokehSettings:1      ; bokeh simulation when scattering]]
[2023.08.04-10.25.03:852][  0]LogConfig: Setting CVar [[r.DOF.Scatter.MaxSpriteRatio:0.1         ; only a maximum of 10% of scattered bokeh]]
[2023.08.04-10.25.03:852][  0]LogConfig: Setting CVar [[r.DOF.Recombine.Quality:1                ; cheap slight out of focus]]
[2023.08.04-10.25.03:852][  0]LogConfig: Setting CVar [[r.DOF.Recombine.EnableBokehSettings:0    ; no bokeh simulation on slight out of focus]]
[2023.08.04-10.25.03:853][  0]LogConfig: Setting CVar [[r.DOF.TemporalAAQuality:1                ; more stable temporal accumulation]]
[2023.08.04-10.25.03:853][  0]LogConfig: Setting CVar [[r.DOF.Kernel.MaxForegroundRadius:0.025]]
[2023.08.04-10.25.03:853][  0]LogConfig: Setting CVar [[r.DOF.Kernel.MaxBackgroundRadius:0.025]]
[2023.08.04-10.25.03:853][  0]LogConfig: Applying CVar settings from Section [TextureQuality@3] File [E:/Portfolio/Unreal/FPS_Game/Zombone/Saved/Config/Windows/Scalability.ini]
[2023.08.04-10.25.03:853][  0]LogConfig: Setting CVar [[r.Streaming.MipBias:0]]
[2023.08.04-10.25.03:853][  0]LogConfig: Setting CVar [[r.Streaming.AmortizeCPUToGPUCopy:0]]
[2023.08.04-10.25.03:853][  0]LogConfig: Setting CVar [[r.Streaming.MaxNumTexturesToStreamPerFrame:0]]
[2023.08.04-10.25.03:853][  0]LogConfig: Setting CVar [[r.Streaming.Boost:1]]
[2023.08.04-10.25.03:853][  0]LogConfig: Setting CVar [[r.MaxAnisotropy:8]]
[2023.08.04-10.25.03:853][  0]LogConfig: Setting CVar [[r.VT.MaxAnisotropy:8]]
[2023.08.04-10.25.03:853][  0]LogConfig: Setting CVar [[r.Streaming.LimitPoolSizeToVRAM:0]]
[2023.08.04-10.25.03:854][  0]LogConfig: Setting CVar [[r.Streaming.PoolSize:1000]]
[2023.08.04-10.25.03:854][  0]LogConfig: Setting CVar [[r.Streaming.MaxEffectiveScreenSize:0]]
[2023.08.04-10.25.03:854][  0]LogConfig: Applying CVar settings from Section [EffectsQuality@3] File [E:/Portfolio/Unreal/FPS_Game/Zombone/Saved/Config/Windows/Scalability.ini]
[2023.08.04-10.25.03:854][  0]LogConfig: Setting CVar [[r.TranslucencyLightingVolumeDim:64]]
[2023.08.04-10.25.03:854][  0]LogConfig: Setting CVar [[r.RefractionQuality:2]]
[2023.08.04-10.25.03:854][  0]LogConfig: Setting CVar [[r.SSR.Quality:3]]
[2023.08.04-10.25.03:854][  0]LogConfig: Setting CVar [[r.SSR.HalfResSceneColor:0]]
[2023.08.04-10.25.03:854][  0]LogConfig: Setting CVar [[r.SceneColorFormat:4]]
[2023.08.04-10.25.03:854][  0]LogConfig: Setting CVar [[r.DetailMode:2]]
[2023.08.04-10.25.03:854][  0]LogConfig: Setting CVar [[r.TranslucencyVolumeBlur:1]]
[2023.08.04-10.25.03:855][  0]LogConfig: Setting CVar [[r.MaterialQualityLevel:1 ; High quality]]
[2023.08.04-10.25.03:855][  0]LogConfig: Setting CVar [[r.AnisotropicMaterials:1]]
[2023.08.04-10.25.03:855][  0]LogConfig: Setting CVar [[r.SSS.Scale:1]]
[2023.08.04-10.25.03:855][  0]LogConfig: Setting CVar [[r.SSS.SampleSet:2]]
[2023.08.04-10.25.03:855][  0]LogConfig: Setting CVar [[r.SSS.Quality:1]]
[2023.08.04-10.25.03:855][  0]LogConfig: Setting CVar [[r.SSS.HalfRes:0]]
[2023.08.04-10.25.03:855][  0]LogConfig: Setting CVar [[r.SSGI.Quality:3]]
[2023.08.04-10.25.03:855][  0]LogConfig: Setting CVar [[r.EmitterSpawnRateScale:1.0]]
[2023.08.04-10.25.03:855][  0]LogConfig: Setting CVar [[r.ParticleLightQuality:2]]
[2023.08.04-10.25.03:855][  0]LogConfig: Setting CVar [[r.SkyAtmosphere.AerialPerspectiveLUT.FastApplyOnOpaque:1 ; Always have FastSkyLUT 1 in this case to avoid wrong sky]]
[2023.08.04-10.25.03:855][  0]LogConfig: Setting CVar [[r.SkyAtmosphere.AerialPerspectiveLUT.SampleCountMaxPerSlice:4]]
[2023.08.04-10.25.03:855][  0]LogConfig: Setting CVar [[r.SkyAtmosphere.AerialPerspectiveLUT.DepthResolution:16.0]]
[2023.08.04-10.25.03:856][  0]LogConfig: Setting CVar [[r.SkyAtmosphere.FastSkyLUT:1]]
[2023.08.04-10.25.03:856][  0]LogConfig: Setting CVar [[r.SkyAtmosphere.FastSkyLUT.SampleCountMin:4.0]]
[2023.08.04-10.25.03:856][  0]LogConfig: Setting CVar [[r.SkyAtmosphere.FastSkyLUT.SampleCountMax:128.0]]
[2023.08.04-10.25.03:856][  0]LogConfig: Setting CVar [[r.SkyAtmosphere.SampleCountMin:4.0]]
[2023.08.04-10.25.03:856][  0]LogConfig: Setting CVar [[r.SkyAtmosphere.SampleCountMax:128.0]]
[2023.08.04-10.25.03:856][  0]LogConfig: Setting CVar [[r.SkyAtmosphere.TransmittanceLUT.UseSmallFormat:0]]
[2023.08.04-10.25.03:856][  0]LogConfig: Setting CVar [[r.SkyAtmosphere.TransmittanceLUT.SampleCount:10.0]]
[2023.08.04-10.25.03:856][  0]LogConfig: Setting CVar [[r.SkyAtmosphere.MultiScatteringLUT.SampleCount:15.0]]
[2023.08.04-10.25.03:856][  0]LogConfig: Setting CVar [[r.SkyLight.RealTimeReflectionCapture:1]]
[2023.08.04-10.25.03:856][  0]LogConfig: Applying CVar settings from Section [FoliageQuality@3] File [E:/Portfolio/Unreal/FPS_Game/Zombone/Saved/Config/Windows/Scalability.ini]
[2023.08.04-10.25.03:856][  0]LogConfig: Setting CVar [[foliage.DensityScale:1.0]]
[2023.08.04-10.25.03:856][  0]LogConfig: Setting CVar [[grass.DensityScale:1.0]]
[2023.08.04-10.25.03:857][  0]LogConfig: Applying CVar settings from Section [ShadingQuality@3] File [E:/Portfolio/Unreal/FPS_Game/Zombone/Saved/Config/Windows/Scalability.ini]
[2023.08.04-10.25.03:857][  0]LogConfig: Setting CVar [[r.HairStrands.SkyLighting.IntegrationType:2]]
[2023.08.04-10.25.03:857][  0]LogConfig: Setting CVar [[r.HairStrands.SkyAO.SampleCount:4]]
[2023.08.04-10.25.03:857][  0]LogConfig: Setting CVar [[r.HairStrands.Visibility.MSAA.SamplePerPixel:4]]
[2023.08.04-10.25.03:857][  0]LogInit: Selected Device Profile: [Windows]
[2023.08.04-10.25.03:857][  0]LogInit: Applying CVar settings loaded from the selected device profile: [Windows]
[2023.08.04-10.25.03:857][  0]LogHAL: Display: Platform has ~ 32 GB [34019524608 / 34359738368 / 32], which maps to Largest [LargestMinGB=32, LargerMinGB=12, DefaultMinGB=8, SmallerMinGB=6, SmallestMinGB=0)
[2023.08.04-10.25.03:857][  0]LogInit: Going up to parent DeviceProfile []
[2023.08.04-10.25.03:857][  0]LogConfig: Applying CVar settings from Section [ViewDistanceQuality@3] File [E:/Portfolio/Unreal/FPS_Game/Zombone/Saved/Config/Windows/Scalability.ini]
[2023.08.04-10.25.03:857][  0]LogConfig: Setting CVar [[r.SkeletalMeshLODBias:0]]
[2023.08.04-10.25.03:857][  0]LogConfig: Setting CVar [[r.ViewDistanceScale:1.0]]
[2023.08.04-10.25.03:857][  0]LogConfig: Applying CVar settings from Section [AntiAliasingQuality@3] File [E:/Portfolio/Unreal/FPS_Game/Zombone/Saved/Config/Windows/Scalability.ini]
[2023.08.04-10.25.03:858][  0]LogConfig: Setting CVar [[r.PostProcessAAQuality:4]]
[2023.08.04-10.25.03:858][  0]LogConfig: Applying CVar settings from Section [ShadowQuality@3] File [E:/Portfolio/Unreal/FPS_Game/Zombone/Saved/Config/Windows/Scalability.ini]
[2023.08.04-10.25.03:858][  0]LogConfig: Setting CVar [[r.LightFunctionQuality:1]]
[2023.08.04-10.25.03:858][  0]LogConfig: Setting CVar [[r.ShadowQuality:5]]
[2023.08.04-10.25.03:858][  0]LogConfig: Setting CVar [[r.Shadow.CSM.MaxCascades:10]]
[2023.08.04-10.25.03:858][  0]LogConfig: Setting CVar [[r.Shadow.MaxResolution:2048]]
[2023.08.04-10.25.03:858][  0]LogConfig: Setting CVar [[r.Shadow.MaxCSMResolution:2048]]
[2023.08.04-10.25.03:858][  0]LogConfig: Setting CVar [[r.Shadow.RadiusThreshold:0.01]]
[2023.08.04-10.25.03:858][  0]LogConfig: Setting CVar [[r.Shadow.DistanceScale:1.0]]
[2023.08.04-10.25.03:858][  0]LogConfig: Setting CVar [[r.Shadow.CSM.TransitionScale:1.0]]
[2023.08.04-10.25.03:858][  0]LogConfig: Setting CVar [[r.Shadow.PreShadowResolutionFactor:1.0]]
[2023.08.04-10.25.03:858][  0]LogConfig: Setting CVar [[r.DistanceFieldShadowing:1]]
[2023.08.04-10.25.03:858][  0]LogConfig: Setting CVar [[r.DistanceFieldAO:1]]
[2023.08.04-10.25.03:858][  0]LogConfig: Setting CVar [[r.AOQuality:2]]
[2023.08.04-10.25.03:858][  0]LogConfig: Setting CVar [[r.VolumetricFog:1]]
[2023.08.04-10.25.03:858][  0]LogConfig: Setting CVar [[r.VolumetricFog.GridPixelSize:8]]
[2023.08.04-10.25.03:858][  0]LogConfig: Setting CVar [[r.VolumetricFog.GridSizeZ:128]]
[2023.08.04-10.25.03:858][  0]LogConfig: Setting CVar [[r.VolumetricFog.HistoryMissSupersampleCount:4]]
[2023.08.04-10.25.03:859][  0]LogConfig: Setting CVar [[r.LightMaxDrawDistanceScale:1]]
[2023.08.04-10.25.03:859][  0]LogConfig: Setting CVar [[r.CapsuleShadows:1]]
[2023.08.04-10.25.03:859][  0]LogConfig: Applying CVar settings from Section [PostProcessQuality@3] File [E:/Portfolio/Unreal/FPS_Game/Zombone/Saved/Config/Windows/Scalability.ini]
[2023.08.04-10.25.03:859][  0]LogConfig: Setting CVar [[r.MotionBlurQuality:4]]
[2023.08.04-10.25.03:859][  0]LogConfig: Setting CVar [[r.AmbientOcclusionMipLevelFactor:0.4]]
[2023.08.04-10.25.03:859][  0]LogConfig: Setting CVar [[r.AmbientOcclusionMaxQuality:100]]
[2023.08.04-10.25.03:859][  0]LogConfig: Setting CVar [[r.AmbientOcclusionLevels:-1]]
[2023.08.04-10.25.03:859][  0]LogConfig: Setting CVar [[r.AmbientOcclusionRadiusScale:1.0]]
[2023.08.04-10.25.03:859][  0]LogConfig: Setting CVar [[r.DepthOfFieldQuality:2]]
[2023.08.04-10.25.03:859][  0]LogConfig: Setting CVar [[r.RenderTargetPoolMin:400]]
[2023.08.04-10.25.03:859][  0]LogConfig: Setting CVar [[r.LensFlareQuality:2]]
[2023.08.04-10.25.03:859][  0]LogConfig: Setting CVar [[r.SceneColorFringeQuality:1]]
[2023.08.04-10.25.03:859][  0]LogConfig: Setting CVar [[r.EyeAdaptationQuality:2]]
[2023.08.04-10.25.03:859][  0]LogConfig: Setting CVar [[r.BloomQuality:5]]
[2023.08.04-10.25.03:859][  0]LogConfig: Setting CVar [[r.FastBlurThreshold:100]]
[2023.08.04-10.25.03:859][  0]LogConfig: Setting CVar [[r.Upscale.Quality:3]]
[2023.08.04-10.25.03:860][  0]LogConfig: Setting CVar [[r.Tonemapper.GrainQuantization:1]]
[2023.08.04-10.25.03:860][  0]LogConfig: Setting CVar [[r.LightShaftQuality:1]]
[2023.08.04-10.25.03:860][  0]LogConfig: Setting CVar [[r.Filter.SizeScale:1]]
[2023.08.04-10.25.03:860][  0]LogConfig: Setting CVar [[r.Tonemapper.Quality:5]]
[2023.08.04-10.25.03:860][  0]LogConfig: Setting CVar [[r.DOF.Gather.AccumulatorQuality:1        ; higher gathering accumulator quality]]
[2023.08.04-10.25.03:860][  0]LogConfig: Setting CVar [[r.DOF.Gather.PostfilterMethod:1          ; Median3x3 postfilering method]]
[2023.08.04-10.25.03:860][  0]LogConfig: Setting CVar [[r.DOF.Gather.EnableBokehSettings:0       ; no bokeh simulation when gathering]]
[2023.08.04-10.25.03:860][  0]LogConfig: Setting CVar [[r.DOF.Gather.RingCount:4                 ; medium number of samples when gathering]]
[2023.08.04-10.25.03:860][  0]LogConfig: Setting CVar [[r.DOF.Scatter.ForegroundCompositing:1    ; additive foreground scattering]]
[2023.08.04-10.25.03:860][  0]LogConfig: Setting CVar [[r.DOF.Scatter.BackgroundCompositing:2    ; additive background scattering]]
[2023.08.04-10.25.03:860][  0]LogConfig: Setting CVar [[r.DOF.Scatter.EnableBokehSettings:1      ; bokeh simulation when scattering]]
[2023.08.04-10.25.03:860][  0]LogConfig: Setting CVar [[r.DOF.Scatter.MaxSpriteRatio:0.1         ; only a maximum of 10% of scattered bokeh]]
[2023.08.04-10.25.03:860][  0]LogConfig: Setting CVar [[r.DOF.Recombine.Quality:1                ; cheap slight out of focus]]
[2023.08.04-10.25.03:860][  0]LogConfig: Setting CVar [[r.DOF.Recombine.EnableBokehSettings:0    ; no bokeh simulation on slight out of focus]]
[2023.08.04-10.25.03:860][  0]LogConfig: Setting CVar [[r.DOF.TemporalAAQuality:1                ; more stable temporal accumulation]]
[2023.08.04-10.25.03:861][  0]LogConfig: Setting CVar [[r.DOF.Kernel.MaxForegroundRadius:0.025]]
[2023.08.04-10.25.03:861][  0]LogConfig: Setting CVar [[r.DOF.Kernel.MaxBackgroundRadius:0.025]]
[2023.08.04-10.25.03:861][  0]LogConfig: Applying CVar settings from Section [TextureQuality@3] File [E:/Portfolio/Unreal/FPS_Game/Zombone/Saved/Config/Windows/Scalability.ini]
[2023.08.04-10.25.03:861][  0]LogConfig: Setting CVar [[r.Streaming.MipBias:0]]
[2023.08.04-10.25.03:861][  0]LogConfig: Setting CVar [[r.Streaming.AmortizeCPUToGPUCopy:0]]
[2023.08.04-10.25.03:861][  0]LogConfig: Setting CVar [[r.Streaming.MaxNumTexturesToStreamPerFrame:0]]
[2023.08.04-10.25.03:861][  0]LogConfig: Setting CVar [[r.Streaming.Boost:1]]
[2023.08.04-10.25.03:861][  0]LogConfig: Setting CVar [[r.MaxAnisotropy:8]]
[2023.08.04-10.25.03:861][  0]LogConfig: Setting CVar [[r.VT.MaxAnisotropy:8]]
[2023.08.04-10.25.03:861][  0]LogConfig: Setting CVar [[r.Streaming.LimitPoolSizeToVRAM:0]]
[2023.08.04-10.25.03:861][  0]LogConfig: Setting CVar [[r.Streaming.PoolSize:1000]]
[2023.08.04-10.25.03:861][  0]LogConfig: Setting CVar [[r.Streaming.MaxEffectiveScreenSize:0]]
[2023.08.04-10.25.03:861][  0]LogConfig: Applying CVar settings from Section [EffectsQuality@3] File [E:/Portfolio/Unreal/FPS_Game/Zombone/Saved/Config/Windows/Scalability.ini]
[2023.08.04-10.25.03:861][  0]LogConfig: Setting CVar [[r.TranslucencyLightingVolumeDim:64]]
[2023.08.04-10.25.03:861][  0]LogConfig: Setting CVar [[r.RefractionQuality:2]]
[2023.08.04-10.25.03:861][  0]LogConfig: Setting CVar [[r.SSR.Quality:3]]
[2023.08.04-10.25.03:861][  0]LogConfig: Setting CVar [[r.SSR.HalfResSceneColor:0]]
[2023.08.04-10.25.03:861][  0]LogConfig: Setting CVar [[r.SceneColorFormat:4]]
[2023.08.04-10.25.03:861][  0]LogConfig: Setting CVar [[r.DetailMode:2]]
[2023.08.04-10.25.03:862][  0]LogConfig: Setting CVar [[r.TranslucencyVolumeBlur:1]]
[2023.08.04-10.25.03:862][  0]LogConfig: Setting CVar [[r.MaterialQualityLevel:1 ; High quality]]
[2023.08.04-10.25.03:862][  0]LogConfig: Setting CVar [[r.AnisotropicMaterials:1]]
[2023.08.04-10.25.03:862][  0]LogConfig: Setting CVar [[r.SSS.Scale:1]]
[2023.08.04-10.25.03:862][  0]LogConfig: Setting CVar [[r.SSS.SampleSet:2]]
[2023.08.04-10.25.03:862][  0]LogConfig: Setting CVar [[r.SSS.Quality:1]]
[2023.08.04-10.25.03:862][  0]LogConfig: Setting CVar [[r.SSS.HalfRes:0]]
[2023.08.04-10.25.03:862][  0]LogConfig: Setting CVar [[r.SSGI.Quality:3]]
[2023.08.04-10.25.03:862][  0]LogConfig: Setting CVar [[r.EmitterSpawnRateScale:1.0]]
[2023.08.04-10.25.03:862][  0]LogConfig: Setting CVar [[r.ParticleLightQuality:2]]
[2023.08.04-10.25.03:862][  0]LogConfig: Setting CVar [[r.SkyAtmosphere.AerialPerspectiveLUT.FastApplyOnOpaque:1 ; Always have FastSkyLUT 1 in this case to avoid wrong sky]]
[2023.08.04-10.25.03:862][  0]LogConfig: Setting CVar [[r.SkyAtmosphere.AerialPerspectiveLUT.SampleCountMaxPerSlice:4]]
[2023.08.04-10.25.03:862][  0]LogConfig: Setting CVar [[r.SkyAtmosphere.AerialPerspectiveLUT.DepthResolution:16.0]]
[2023.08.04-10.25.03:863][  0]LogConfig: Setting CVar [[r.SkyAtmosphere.FastSkyLUT:1]]
[2023.08.04-10.25.03:863][  0]LogConfig: Setting CVar [[r.SkyAtmosphere.FastSkyLUT.SampleCountMin:4.0]]
[2023.08.04-10.25.03:863][  0]LogConfig: Setting CVar [[r.SkyAtmosphere.FastSkyLUT.SampleCountMax:128.0]]
[2023.08.04-10.25.03:863][  0]LogConfig: Setting CVar [[r.SkyAtmosphere.SampleCountMin:4.0]]
[2023.08.04-10.25.03:863][  0]LogConfig: Setting CVar [[r.SkyAtmosphere.SampleCountMax:128.0]]
[2023.08.04-10.25.03:863][  0]LogConfig: Setting CVar [[r.SkyAtmosphere.TransmittanceLUT.UseSmallFormat:0]]
[2023.08.04-10.25.03:863][  0]LogConfig: Setting CVar [[r.SkyAtmosphere.TransmittanceLUT.SampleCount:10.0]]
[2023.08.04-10.25.03:863][  0]LogConfig: Setting CVar [[r.SkyAtmosphere.MultiScatteringLUT.SampleCount:15.0]]
[2023.08.04-10.25.03:863][  0]LogConfig: Setting CVar [[r.SkyLight.RealTimeReflectionCapture:1]]
[2023.08.04-10.25.03:863][  0]LogConfig: Applying CVar settings from Section [FoliageQuality@3] File [E:/Portfolio/Unreal/FPS_Game/Zombone/Saved/Config/Windows/Scalability.ini]
[2023.08.04-10.25.03:863][  0]LogConfig: Setting CVar [[foliage.DensityScale:1.0]]
[2023.08.04-10.25.03:863][  0]LogConfig: Setting CVar [[grass.DensityScale:1.0]]
[2023.08.04-10.25.03:863][  0]LogConfig: Applying CVar settings from Section [ShadingQuality@3] File [E:/Portfolio/Unreal/FPS_Game/Zombone/Saved/Config/Windows/Scalability.ini]
[2023.08.04-10.25.03:863][  0]LogConfig: Setting CVar [[r.HairStrands.SkyLighting.IntegrationType:2]]
[2023.08.04-10.25.03:863][  0]LogConfig: Setting CVar [[r.HairStrands.SkyAO.SampleCount:4]]
[2023.08.04-10.25.03:863][  0]LogConfig: Setting CVar [[r.HairStrands.Visibility.MSAA.SamplePerPixel:4]]
[2023.08.04-10.25.03:864][  0]LogConfig: Applying CVar settings from Section [Startup] File [../../../Engine/Config/ConsoleVariables.ini]
[2023.08.04-10.25.03:864][  0]LogConfig: Setting CVar [[net.UseAdaptiveNetUpdateFrequency:0]]
[2023.08.04-10.25.03:864][  0]LogConfig: Setting CVar [[p.chaos.AllowCreatePhysxBodies:1]]
[2023.08.04-10.25.03:864][  0]LogConfig: Setting CVar [[fx.SkipVectorVMBackendOptimizations:1]]
[2023.08.04-10.25.03:864][  0]LogConfig: Applying CVar settings from Section [ConsoleVariables] File [E:/Portfolio/Unreal/FPS_Game/Zombone/Saved/Config/Windows/Engine.ini]
[2023.08.04-10.25.03:864][  0]LogConfig: Applying CVar settings from Section [ConsoleVariables] File [E:/Portfolio/Unreal/FPS_Game/Zombone/Saved/Config/Windows/Editor.ini]
[2023.08.04-10.25.03:864][  0]LogInit: Computer: DESKTOP-J6VGNOD
[2023.08.04-10.25.03:864][  0]LogInit: User: timve
[2023.08.04-10.25.03:864][  0]LogInit: CPU Page size=4096, Cores=6
[2023.08.04-10.25.03:864][  0]LogInit: High frequency timer resolution =10.000000 MHz
[2023.08.04-10.25.03:865][  0]LogMemory: Memory total: Physical=31.7GB (32GB approx)
[2023.08.04-10.25.03:865][  0]LogMemory: Platform Memory Stats for Windows
[2023.08.04-10.25.03:865][  0]LogMemory: Process Physical Memory: 147.95 MB used, 152.04 MB peak
[2023.08.04-10.25.03:865][  0]LogMemory: Process Virtual Memory: 130.50 MB used, 130.50 MB peak
[2023.08.04-10.25.03:865][  0]LogMemory: Physical Memory: 14679.67 MB used,  17763.88 MB free, 32443.55 MB total
[2023.08.04-10.25.03:865][  0]LogMemory: Virtual Memory: 134199664.00 MB used,  18060.37 MB free, 134217728.00 MB total
[2023.08.04-10.25.03:875][  0]LogWindows: WindowsPlatformFeatures enabled
[2023.08.04-10.25.04:037][  0]LogInit: Physics initialised using underlying interface: PhysX
[2023.08.04-10.25.04:039][  0]LogInit: Using OS detected language (en-US).
[2023.08.04-10.25.04:039][  0]LogInit: Using OS detected locale (nl-BE).
[2023.08.04-10.25.04:042][  0]LogTextLocalizationManager: No specific localization for 'en-US' exists, so the 'en' localization will be used.
[2023.08.04-10.25.04:337][  0]LogInit: Setting process to per monitor DPI aware
[2023.08.04-10.25.04:361][  0]LogWindowsTextInputMethodSystem: Display: IME system deactivated.
[2023.08.04-10.25.04:386][  0]LogSlate: New Slate User Created.  User Index 0, Is Virtual User: 0
[2023.08.04-10.25.04:386][  0]LogSlate: Slate User Registered.  User Index 0, Is Virtual User: 0
[2023.08.04-10.25.04:528][  0]LogD3D11RHI: Loaded GFSDK_Aftermath_Lib.x64.dll
[2023.08.04-10.25.04:533][  0]LogHMD: Failed to initialize OpenVR with code 110
[2023.08.04-10.25.04:533][  0]LogD3D11RHI: D3D11 min allowed feature level: 11_0
[2023.08.04-10.25.04:533][  0]LogD3D11RHI: D3D11 max allowed feature level: 11_0
[2023.08.04-10.25.04:533][  0]LogD3D11RHI: D3D11 adapters:
[2023.08.04-10.25.04:717][  0]LogD3D11RHI:    0. 'NVIDIA GeForce GTX 1060 6GB' (Feature Level 11_0)
[2023.08.04-10.25.04:717][  0]LogD3D11RHI:       6043/0/16221 MB DedicatedVideo/DedicatedSystem/SharedSystem, Outputs:2, VendorId:0x10de
[2023.08.04-10.25.04:724][  0]LogD3D11RHI:    1. 'Microsoft Basic Render Driver' (Feature Level 11_0)
[2023.08.04-10.25.04:724][  0]LogD3D11RHI:       0/0/16221 MB DedicatedVideo/DedicatedSystem/SharedSystem, Outputs:0, VendorId:0x1414
[2023.08.04-10.25.04:724][  0]LogD3D11RHI: Chosen D3D11 Adapter:
[2023.08.04-10.25.04:724][  0]LogD3D11RHI:     Description : NVIDIA GeForce GTX 1060 6GB
[2023.08.04-10.25.04:724][  0]LogD3D11RHI:     VendorId    : 10de
[2023.08.04-10.25.04:724][  0]LogD3D11RHI:     DeviceId    : 1c03
[2023.08.04-10.25.04:724][  0]LogD3D11RHI:     SubSysId    : 32831462
[2023.08.04-10.25.04:724][  0]LogD3D11RHI:     Revision    : 00a1
[2023.08.04-10.25.04:725][  0]LogD3D11RHI:     DedicatedVideoMemory : 6336544768 bytes
[2023.08.04-10.25.04:725][  0]LogD3D11RHI:     DedicatedSystemMemory : 0 bytes
[2023.08.04-10.25.04:725][  0]LogD3D11RHI:     SharedSystemMemory : 17009762304 bytes
[2023.08.04-10.25.04:725][  0]LogD3D11RHI:     AdapterLuid : 0 87386
[2023.08.04-10.25.04:733][  0]LogD3D11RHI: Creating new Direct3DDevice
[2023.08.04-10.25.04:733][  0]LogD3D11RHI:     GPU DeviceId: 0x1c03 (for the marketing name, search the web for "GPU Device Id")
[2023.08.04-10.25.04:733][  0]LogWindows: EnumDisplayDevices:
[2023.08.04-10.25.04:734][  0]LogWindows:    0. 'NVIDIA GeForce GTX 1060 6GB' (P:1 D:1)
[2023.08.04-10.25.04:734][  0]LogWindows:    1. 'NVIDIA GeForce GTX 1060 6GB' (P:0 D:1)
[2023.08.04-10.25.04:735][  0]LogWindows:    2. 'NVIDIA GeForce GTX 1060 6GB' (P:0 D:0)
[2023.08.04-10.25.04:735][  0]LogWindows:    3. 'NVIDIA GeForce GTX 1060 6GB' (P:0 D:0)
[2023.08.04-10.25.04:735][  0]LogWindows: DebugString: FoundDriverCount:4 
[2023.08.04-10.25.04:736][  0]LogD3D11RHI:     Adapter Name: NVIDIA GeForce GTX 1060 6GB
[2023.08.04-10.25.04:736][  0]LogD3D11RHI:   Driver Version: 531.29 (internal:31.0.15.3129, unified:531.29)
[2023.08.04-10.25.04:736][  0]LogD3D11RHI:      Driver Date: 3-8-2023
[2023.08.04-10.25.04:736][  0]LogRHI: Texture pool is 4230 MB (70% of 6043 MB)
[2023.08.04-10.25.04:736][  0]LogD3D11RHI: Creating D3DDevice using adapter:
[2023.08.04-10.25.04:736][  0]LogD3D11RHI:     Description : NVIDIA GeForce GTX 1060 6GB
[2023.08.04-10.25.04:736][  0]LogD3D11RHI:     VendorId    : 10de
[2023.08.04-10.25.04:736][  0]LogD3D11RHI:     DeviceId    : 1c03
[2023.08.04-10.25.04:736][  0]LogD3D11RHI:     SubSysId    : 32831462
[2023.08.04-10.25.04:736][  0]LogD3D11RHI:     Revision    : 00a1
[2023.08.04-10.25.04:737][  0]LogD3D11RHI:     DedicatedVideoMemory : 6336544768 bytes
[2023.08.04-10.25.04:737][  0]LogD3D11RHI:     DedicatedSystemMemory : 0 bytes
[2023.08.04-10.25.04:737][  0]LogD3D11RHI:     SharedSystemMemory : 17009762304 bytes
[2023.08.04-10.25.04:737][  0]LogD3D11RHI:     AdapterLuid : 0 87386
[2023.08.04-10.25.04:858][  0]LogD3D11RHI: RHI has support for 64 bit atomics
[2023.08.04-10.25.04:858][  0]LogD3D11RHI: Async texture creation enabled
[2023.08.04-10.25.04:858][  0]LogD3D11RHI: Array index from any shader is supported
[2023.08.04-10.25.04:877][  0]LogD3D11RHI: GPU Timing Frequency: 1000.000000 (Debug: 2 1)
[2023.08.04-10.25.04:912][  0]LogRHI: GeForceNow SDK initialized: 1
[2023.08.04-10.25.05:269][  0]LogTargetPlatformManager: Display: Loaded TargetPlatform 'AllDesktop'
[2023.08.04-10.25.05:296][  0]LogTargetPlatformManager: Display: Loaded TargetPlatform 'Android'
[2023.08.04-10.25.05:296][  0]LogTargetPlatformManager: Display: Loaded TargetPlatform 'Android_ASTC'
[2023.08.04-10.25.05:296][  0]LogTargetPlatformManager: Display: Loaded TargetPlatform 'Android_DXT'
[2023.08.04-10.25.05:296][  0]LogTargetPlatformManager: Display: Loaded TargetPlatform 'Android_ETC2'
[2023.08.04-10.25.05:296][  0]LogTargetPlatformManager: Display: Loaded TargetPlatform 'AndroidClient'
[2023.08.04-10.25.05:296][  0]LogTargetPlatformManager: Display: Loaded TargetPlatform 'Android_ASTCClient'
[2023.08.04-10.25.05:297][  0]LogTargetPlatformManager: Display: Loaded TargetPlatform 'Android_DXTClient'
[2023.08.04-10.25.05:297][  0]LogTargetPlatformManager: Display: Loaded TargetPlatform 'Android_ETC2Client'
[2023.08.04-10.25.05:297][  0]LogTargetPlatformManager: Display: Loaded TargetPlatform 'Android_Multi'
[2023.08.04-10.25.05:297][  0]LogTargetPlatformManager: Display: Loaded TargetPlatform 'Android_MultiClient'
[2023.08.04-10.25.05:324][  0]LogTargetPlatformManager: Display: Loaded TargetPlatform 'IOSClient'
[2023.08.04-10.25.05:324][  0]LogTargetPlatformManager: Display: Loaded TargetPlatform 'IOS'
[2023.08.04-10.25.05:334][  0]LogTargetPlatformManager: Display: Loaded TargetPlatform 'Linux'
[2023.08.04-10.25.05:341][  0]LogTargetPlatformManager: Display: Loaded TargetPlatform 'LinuxNoEditor'
[2023.08.04-10.25.05:347][  0]LogTargetPlatformManager: Display: Loaded TargetPlatform 'LinuxClient'
[2023.08.04-10.25.05:354][  0]LogTargetPlatformManager: Display: Loaded TargetPlatform 'LinuxServer'
[2023.08.04-10.25.05:365][  0]LogTargetPlatformManager: Display: Loaded TargetPlatform 'LinuxAArch64NoEditor'
[2023.08.04-10.25.05:372][  0]LogTargetPlatformManager: Display: Loaded TargetPlatform 'LinuxAArch64Client'
[2023.08.04-10.25.05:379][  0]LogTargetPlatformManager: Display: Loaded TargetPlatform 'LinuxAArch64Server'
[2023.08.04-10.25.05:405][  0]LogTargetPlatformManager: Display: Loaded TargetPlatform 'Lumin'
[2023.08.04-10.25.05:405][  0]LogTargetPlatformManager: Display: Loaded TargetPlatform 'LuminClient'
[2023.08.04-10.25.05:414][  0]LogTargetPlatformManager: Display: Loaded TargetPlatform 'MacNoEditor'
[2023.08.04-10.25.05:423][  0]LogTargetPlatformManager: Display: Loaded TargetPlatform 'Mac'
[2023.08.04-10.25.05:430][  0]LogTargetPlatformManager: Display: Loaded TargetPlatform 'MacClient'
[2023.08.04-10.25.05:439][  0]LogTargetPlatformManager: Display: Loaded TargetPlatform 'MacServer'
[2023.08.04-10.25.05:453][  0]LogTargetPlatformManager: Display: Loaded TargetPlatform 'TVOSClient'
[2023.08.04-10.25.05:453][  0]LogTargetPlatformManager: Display: Loaded TargetPlatform 'TVOS'
[2023.08.04-10.25.05:463][  0]LogTargetPlatformManager: Display: Loaded TargetPlatform 'WindowsNoEditor'
[2023.08.04-10.25.05:471][  0]LogTargetPlatformManager: Display: Loaded TargetPlatform 'Windows'
[2023.08.04-10.25.05:479][  0]LogTargetPlatformManager: Display: Loaded TargetPlatform 'WindowsClient'
[2023.08.04-10.25.05:486][  0]LogTargetPlatformManager: Display: Loaded TargetPlatform 'WindowsServer'
[2023.08.04-10.25.05:487][  0]LogTargetPlatformManager: Display: Building Assets For Windows
[2023.08.04-10.25.05:500][  0]LogAudioDebug: Display: Lib vorbis DLL was dynamically loaded.
[2023.08.04-10.25.05:553][  0]LogTextureFormatOodle: Display: Oodle Texture 2.9.0 init RDO Off
[2023.08.04-10.25.05:613][  0]LogRendererCore: Ray tracing is disabled. Reason: r.RayTracing=0.
[2023.08.04-10.25.05:613][  0]LogShaderCompilers: Guid format shader working directory is 9 characters bigger than the processId version (E:/Portfolio/Unreal/FPS_Game/Zombone/Intermediate/Shaders/WorkingDirectory/23556/).
[2023.08.04-10.25.05:613][  0]LogShaderCompilers: Cleaned the shader compiler working directory 'C:/Users/timve/AppData/Local/Temp/UnrealShaderWorkingDir/2F32123845D09BADF59E1DB1A24665DD/'.
[2023.08.04-10.25.05:614][  0]LogXGEController: Cannot use XGE Controller as Incredibuild is not installed on this machine.
[2023.08.04-10.25.05:614][  0]LogShaderCompilers: Cannot use XGE Shader Compiler as Incredibuild is not installed on this machine.
[2023.08.04-10.25.05:614][  0]LogShaderCompilers: Display: Using Local Shader Compiler.
[2023.08.04-10.25.06:468][  0]LogDerivedDataCache: Display: Max Cache Size: 512 MB
[2023.08.04-10.25.06:549][  0]LogDerivedDataCache: Loaded boot cache 0.08s 99MB C:/Users/timve/AppData/Local/UnrealEngine/4.27/DerivedDataCache/Boot.ddc.
[2023.08.04-10.25.06:549][  0]LogDerivedDataCache: Display: Loaded Boot cache: C:/Users/timve/AppData/Local/UnrealEngine/4.27/DerivedDataCache/Boot.ddc
[2023.08.04-10.25.06:549][  0]LogDerivedDataCache: FDerivedDataBackendGraph:  Pak pak cache file E:/Portfolio/Unreal/FPS_Game/Zombone/DerivedDataCache/DDC.ddp not found, will not use a pak cache.
[2023.08.04-10.25.06:549][  0]LogDerivedDataCache: Unable to find inner node Pak for hierarchical cache Hierarchy.
[2023.08.04-10.25.06:550][  0]LogDerivedDataCache: FDerivedDataBackendGraph:  CompressedPak pak cache file E:/Portfolio/Unreal/FPS_Game/Zombone/DerivedDataCache/Compressed.ddp not found, will not use a pak cache.
[2023.08.04-10.25.06:550][  0]LogDerivedDataCache: Unable to find inner node CompressedPak for hierarchical cache Hierarchy.
[2023.08.04-10.25.06:567][  0]LogDerivedDataCache: Display: Pak cache opened for reading ../../../Engine/DerivedDataCache/Compressed.ddp.
[2023.08.04-10.25.06:567][  0]LogDerivedDataCache: FDerivedDataBackendGraph:  EnterprisePak pak cache file ../../../Enterprise/DerivedDataCache/Compressed.ddp not found, will not use a pak cache.
[2023.08.04-10.25.06:567][  0]LogDerivedDataCache: Unable to find inner node EnterprisePak for hierarchical cache Hierarchy.
[2023.08.04-10.25.06:575][  0]LogDerivedDataCache: Speed tests for C:/Users/timve/AppData/Local/UnrealEngine/Common/DerivedDataCache took 0.01 seconds
[2023.08.04-10.25.06:576][  0]LogDerivedDataCache: Display: Performance to C:/Users/timve/AppData/Local/UnrealEngine/Common/DerivedDataCache: Latency=0.04ms. RandomReadSpeed=881.22MBs, RandomWriteSpeed=146.16MBs. Assigned SpeedClass 'Local'
[2023.08.04-10.25.06:579][  0]LogDerivedDataCache: Using Local data cache path C:/Users/timve/AppData/Local/UnrealEngine/Common/DerivedDataCache: Writable
[2023.08.04-10.25.06:579][  0]LogDerivedDataCache: Shared data cache path not found in *engine.ini, will not use an Shared cache.
[2023.08.04-10.25.06:579][  0]LogDerivedDataCache: Unable to find inner node Shared for hierarchical cache Hierarchy.
[2023.08.04-10.25.06:632][  0]LogSlate: Using FreeType 2.10.0
[2023.08.04-10.25.06:632][  0]LogSlate: SlateFontServices - WITH_FREETYPE: 1, WITH_HARFBUZZ: 1
[2023.08.04-10.25.06:662][  0]LogAssetRegistry: FAssetRegistry took 0.0046 seconds to start up
[2023.08.04-10.25.06:963][  0]LogInit: Selected Device Profile: [Windows]
[2023.08.04-10.25.06:964][  0]LogInit: Active device profile: [000002E7231A4F00][000002E7204AE3C0 49] Windows
[2023.08.04-10.25.06:964][  0]LogInit: Profiles: [000002E7231A4F00][000002E7204AE3C0 49] Windows, [000002E72315AA00][000002E7204AA500 49] WindowsNoEditor, [000002E7231A5F00][000002E7204B2640 49] WindowsServer, [000002E723159B00][000002E7230D0780 49] WindowsClient, [000002E7231A5200][000002E7230D8900 49] IOS, [000002E723159800][000002E7230DCA80 49] iPadAir, [000002E7231A7300][000002E7230E0C00 49] iPadAir2, [000002E723119300][000002E7230E8EC0 49] IPadPro, [000002E723119400][000002E7230E4F00 49] iPadAir3, [000002E723158B00][000002E7230ED080 49] iPadAir4, [000002E72311A100][000002E7230F1200 49] iPadMini2, [000002E72315BA00][000002E7230F5380 49] iPadMini3, [000002E72311AC00][000002E7230F9500 49] iPadMini4, [000002E72315AC00][000002E7230FD680 49] iPadMini5, [000002E723148E00][000002E720555940 49] iPhone6, [000002E723148F00][000002E720551980 49] iPodTouch6, [000002E7231A7700][000002E72055C0C0 49] iPhone7, [000002E7231A6800][000002E720558100 49] iPodTouch7, [000002E723119100][000002E720560280 49] iPhone5S, [000002E7231A5100][000002E720564400 49] iPhone6Plus, [000002E72311AA00][000002E7230D4540 49] iPhone6S, [000002E7231A5A00][000002E720568680 49] iPhone6SPlus, [000002E723148100][000002E72056C7C0 49] iPhone7Plus, [000002E723119D00][000002E720570900 49] iPhoneSE, [000002E723148C00][000002E720578A80 49] iPhone8, [000002E723118400][000002E72057CC00 49] iPhone8Plus, [000002E72314AA00][000002E720580D80 49] iPhoneX, [000002E72311BC00][000002E720598F00 49] iPhoneXS, [000002E72314A900][000002E717913080 49] iPhoneXSMax, [000002E723118B00][000002E720815200 49] iPhoneXR, [000002E7231A7800][000002E720819380 49] iPhone11, [000002E72311BD00][000002E72081D500 49] iPhone11Pro, [000002E7231A5B00][000002E720821680 49] iPhone11ProMax, [000002E723119500][000002E722B07800 49] iPhoneSE2, [000002E7231A5E00][000002E722B0B980 49] iPhone12Mini, [000002E72311B100][000002E722B0FB00 49] iPhone12, [000002E7231A7400][000002E722B1C100 49] iPhone12Pro, [000002E723118D00][000002E722B20280 49] iPhone12ProMax, [000002E7231A7C00][000002E722B24400 49] iPadPro105, [000002E72311B700][000002E722B28580 49] iPadPro129, [000002E7231A6A00][000002E722B12700 49] iPadPro97, [000002E723118900][000002E720574840 49] iPadPro2_129, [000002E7231A4800][000002E722B2C980 49] iPad5, [000002E723119000][000002E720824AC0 49] iPad6, [000002E7231A4400][000002E720828C40 49] iPad7, [000002E72311AB00][000002E72082CDC0 49] iPad8, [000002E7231A7500][000002E720830F40 49] iPadPro11, [000002E723119800][000002E7208350C0 49] iPadPro2_11, [000002E7231A4900][000002E720839240 49] iPadPro3_129, [000002E72311A800][000002E72083D3C0 49] iPadPro4_129, [000002E7231A6E00][000002E71A7B3540 49] AppleTV, [000002E72311BE00][000002E71A7AF6C0 49] AppleTV4K, [000002E7231A4500][000002E71A7AB840 49] TVOS, [000002E723119700][000002E71BC539C0 49] Mac, [000002E7231A6300][000002E71BC4FB40 49] MacClient, [000002E723118800][000002E7207C2140 49] MacNoEditor, [000002E7231A5000][000002E7176C62C0 49] MacServer, [000002E723118500][000002E72075A440 49] Linux, [000002E7231A6B00][000002E7208405C0 49] LinuxAArch64, [000002E723119600][000002E72075E740 49] LinuxNoEditor, [000002E7231A6100][000002E7207628C0 49] LinuxAArch64NoEditor, [000002E72311B900][000002E717916A00 49] LinuxClient, [000002E7231A6600][000002E720766B40 49] LinuxAArch64Client, [000002E72311A300][000002E72076AC80 49] LinuxServer, [000002E7231A4700][000002E72076EDC0 49] LinuxAArch64Server, [000002E723119A00][000002E720776F40 49] Android, [000002E7231A6200][000002E72077B0C0 49] Android_Low, [000002E723119C00][000002E72077F240 49] Android_Mid, [000002E7231A5300][000002E7207833C0 49] Android_High, [000002E723118E00][000002E71791B540 49] Android_Default, [000002E7231A7600][000002E71791F6C0 49] Android_Adreno4xx, [000002E723118F00][000002E717923840 49] Android_Adreno5xx_Low, [000002E7231A7B00][000002E7179279C0 49] Android_Adreno5xx, [000002E72311BA00][000002E71792BB40 49] Android_Adreno6xx, [000002E7231A4B00][000002E71792E140 49] Android_Adreno6xx_Vulkan, [000002E723119900][000002E7179322C0 49] Android_Mali_T6xx, [000002E7231A4A00][000002E717936440 49] Android_Mali_T7xx, [000002E723159A00][000002E71793A5C0 49] Android_Mali_T8xx, [000002E723148500][000002E71793E740 49] Android_Mali_G71, [000002E723158600][000002E72298E8C0 49] Android_Mali_G72, [000002E723148300][000002E722992A40 49] Android_Mali_G72_Vulkan, [000002E72315B900][000002E720772B80 49] Android_Mali_G76, [000002E723149000][000002E722996CC0 49] Android_Mali_G76_Vulkan, [000002E72315A600][000002E72299AE00 49] Android_Mali_G77, [000002E72314AF00][000002E72299EF40 49] Android_Mali_G77_Vulkan, [000002E723158E00][000002E7229A70C0 49] Android_Mali_G78, [000002E72314B100][000002E7229AB240 49] Android_Mali_G78_Vulkan, [000002E723158800][000002E7229AF3C0 49] Android_Mali_G710, [000002E72314AC00][000002E7229B3540 49] Android_Mali_G710_Vulkan, [000002E72315BC00][000002E7229B76C0 49] Android_Vulkan_SM5, [000002E72314B500][000002E7229BB840 49] Android_PowerVR_G6xxx, [000002E723159F00][000002E722AC99C0 49] Android_PowerVR_GT7xxx, [000002E723149D00][000002E722ACDB40 49] Android_PowerVR_GE8xxx, [000002E72315B300][000002E722AD0140 49] Android_PowerVR_GM9xxx, [000002E723148800][000002E722AD42C0 49] Android_PowerVR_GM9xxx_Vulkan, [000002E72315B700][000002E722AD8440 49] Android_TegraK1, [000002E723149200][000002E722ADC5C0 49] Android_Unknown_Vulkan, [000002E72315A900][000002E722AE0740 49] Lumin, [000002E72314B700][000002E722AE48C0 49] Lumin_Desktop, [000002E72315AE00][000002E722AE8A40 49] HoloLens, 
[2023.08.04-10.25.07:159][  0]LogMeshReduction: Using QuadricMeshReduction for automatic static mesh reduction
[2023.08.04-10.25.07:159][  0]LogMeshReduction: Using SimplygonMeshReduction for automatic skeletal mesh reduction
[2023.08.04-10.25.07:159][  0]LogMeshReduction: Using ProxyLODMeshReduction for automatic mesh merging
[2023.08.04-10.25.07:159][  0]LogMeshReduction: No distributed automatic mesh merging module available
[2023.08.04-10.25.07:160][  0]LogMeshMerging: No distributed automatic mesh merging module available
[2023.08.04-10.25.07:184][  0]LogNetVersion: Zombone 1.0.0, NetCL: 17155196, EngineNetVer: 17, GameNetVer: 0 (Checksum: 1748673324)
[2023.08.04-10.25.07:608][  0]LogTexture: Default maximum texture size for cubemaps generated from long-lat sources has been changed from 512 to unlimited. In order to preserve old behaiour for '/Engine/MapTemplates/Sky/DaylightAmbientCubemap.DaylightAmbientCubemap', its maximum texture size has been explicitly set to 512.
[2023.08.04-10.25.07:679][  0]LogHMD: PokeAHoleMaterial loaded successfully
[2023.08.04-10.25.07:688][  0]LogUObjectArray: 17178 objects as part of root set at end of initial load.
[2023.08.04-10.25.07:688][  0]LogUObjectAllocator: 4302048 out of 0 bytes used by permanent object pool.
[2023.08.04-10.25.07:688][  0]LogUObjectArray: CloseDisregardForGC: 0/0 objects in disregard for GC pool
[2023.08.04-10.25.07:959][  0]LogNiagaraDebuggerClient: Niagara Debugger Client Initialized | Session: F5B921854DC734E551E41C847634D805 | Instance: 48E404A348E2FBF8A31C88B6B8D3EC46 (DESKTOP-J6VGNOD-23556).
[2023.08.04-10.25.08:194][  0]LogPython: Using Python 3.7.7
[2023.08.04-10.25.09:123][  0]LogTcpMessaging: Initializing TcpMessaging bridge
[2023.08.04-10.25.09:131][  0]LogUdpMessaging: Initializing bridge on interface 0.0.0.0:0 to multicast group 230.0.0.1:6666.
[2023.08.04-10.25.09:544][  0]SourceControl: Source control is disabled
[2023.08.04-10.25.09:544][  0]SourceControl: Source control is disabled
[2023.08.04-10.25.09:549][  0]SourceControl: Source control is disabled
[2023.08.04-10.25.09:556][  0]SourceControl: Source control is disabled
[2023.08.04-10.25.09:567][  0]SourceControl: Source control is disabled
[2023.08.04-10.25.09:580][  0]LogUProjectInfo: Found projects:
[2023.08.04-10.25.09:906][  0]LogOpenImageDenoise: OIDN starting up
[2023.08.04-10.25.09:994][  0]LogAndroidPermission: UAndroidPermissionCallbackProxy::GetInstance
[2023.08.04-10.25.10:033][  0]LogAudioCaptureCore: Display: No Audio Capture implementations found. Audio input will be silent.
[2023.08.04-10.25.10:033][  0]LogAudioCaptureCore: Display: No Audio Capture implementations found. Audio input will be silent.
[2023.08.04-10.25.10:302][  0]LogCollectionManager: Loaded 0 collections in 0.001185 seconds
[2023.08.04-10.25.10:339][  0]LogFileCache: Scanning file cache for directory 'E:/Portfolio/Unreal/FPS_Game/Zombone/Saved/Collections/' took 0.00s
[2023.08.04-10.25.10:340][  0]LogFileCache: Scanning file cache for directory 'E:/Portfolio/Unreal/FPS_Game/Zombone/Content/Developers/timve/Collections/' took 0.00s
[2023.08.04-10.25.10:340][  0]LogFileCache: Scanning file cache for directory 'E:/Portfolio/Unreal/FPS_Game/Zombone/Content/Collections/' took 0.00s
[2023.08.04-10.25.10:340][  0]LogOcInput: OculusInput pre-init called
[2023.08.04-10.25.10:617][  0]LogEngine: Initializing Engine...
[2023.08.04-10.25.10:774][  0]LogHMD: Optional extension XR_VARJO_quad_views is not available
[2023.08.04-10.25.10:774][  0]LogHMD: Warning: Required extension XR_EXT_eye_gaze_interaction is not available
[2023.08.04-10.25.10:774][  0]LogHMD: Could not enable all required OpenXR extensions for OpenXREyeTracker on current system. This plugin will be loaded but ignored, but will be enabled on a target platform that supports the required extension.
[2023.08.04-10.25.10:775][  0]LogHMD: Failed to get an OpenXR system, result is XR_ERROR_FORM_FACTOR_UNAVAILABLE. Please check that your runtime supports VR headsets.
[2023.08.04-10.25.10:776][  0]LogHMD: Failed to initialize OpenVR with code 110
[2023.08.04-10.25.10:776][  0]LogMagicLeap: Warning: VR disabled because ZI is not enabled.  To enable, in the editor, Edit -> Project Settings -> Plugins -> Magic Leap Plugin -> Enable Zero Iteration
[2023.08.04-10.25.10:777][  0]LogStats: UGameplayTagsManager::InitializeManager -  0.000 s
[2023.08.04-10.25.10:923][  0]LogInit: Initializing FReadOnlyCVARCache
[2023.08.04-10.25.10:935][  0]LogAIModule: Creating AISystem for world Untitled
[2023.08.04-10.25.10:941][  0]LogAudio: Display: Initializing Audio Device Manager...
[2023.08.04-10.25.10:947][  0]LogAudio: Display: Loading Default Audio Settings Objects...
[2023.08.04-10.25.10:947][  0]LogAudio: Display: No default SoundConcurrencyObject specified (or failed to load).
[2023.08.04-10.25.10:948][  0]LogAudio: Display: Audio Device Manager Initialized
[2023.08.04-10.25.10:948][  0]LogAudio: Display: Creating Audio Device:                 Id: 1, Scope: Shared, Realtime: True
[2023.08.04-10.25.10:948][  0]LogAudioMixer: Display: Audio Mixer Platform Settings:
[2023.08.04-10.25.10:948][  0]LogAudioMixer: Display: 	Sample Rate:						  48000
[2023.08.04-10.25.10:949][  0]LogAudioMixer: Display: 	Callback Buffer Frame Size Requested: 1024
[2023.08.04-10.25.10:949][  0]LogAudioMixer: Display: 	Callback Buffer Frame Size To Use:	  1024
[2023.08.04-10.25.10:949][  0]LogAudioMixer: Display: 	Number of buffers to queue:			  2
[2023.08.04-10.25.10:949][  0]LogAudioMixer: Display: 	Max Channels (voices):				  32
[2023.08.04-10.25.10:949][  0]LogAudioMixer: Display: 	Number of Async Source Workers:		  0
[2023.08.04-10.25.10:949][  0]LogAudio: Display: AudioDevice MaxSources: 32
[2023.08.04-10.25.10:950][  0]LogAudio: Display: Audio Spatialization Plugin: None (built-in).
[2023.08.04-10.25.10:950][  0]LogAudio: Display: Audio Reverb Plugin: None (built-in).
[2023.08.04-10.25.10:950][  0]LogAudio: Display: Audio Occlusion Plugin: None (built-in).
[2023.08.04-10.25.10:950][  0]LogAudioMixer: Display: Initializing audio mixer.
[2023.08.04-10.25.10:976][  0]LogAudioMixer: Display: 0: FrontLeft
[2023.08.04-10.25.10:976][  0]LogAudioMixer: Display: 1: FrontRight
[2023.08.04-10.25.11:020][  0]LogAudioMixer: Display: Using Audio Device Oortelefoon van hoofdtelefoon (Sennheiser Communication Audio)
[2023.08.04-10.25.11:024][  0]LogAudioMixer: Display: Initializing Sound Submixes...
[2023.08.04-10.25.11:026][  0]LogAudioMixer: Display: Creating Master Submix 'MasterSubmixDefault'
[2023.08.04-10.25.11:026][  0]LogAudioMixer: Display: Creating Master Submix 'MasterReverbSubmixDefault'
[2023.08.04-10.25.11:027][  0]LogAudioMixer: Display: Creating Master Submix 'MasterEQSubmixDefault'
[2023.08.04-10.25.11:027][  0]LogAudioMixer: FMixerPlatformXAudio2::StartAudioStream() called
[2023.08.04-10.25.11:027][  0]LogAudioMixer: Display: Output buffers initialized: Frames=1024, Channels=2, Samples=2048
[2023.08.04-10.25.11:030][  0]LogAudioMixer: Display: Starting AudioMixerPlatformInterface::RunInternal()
[2023.08.04-10.25.11:030][  0]LogAudioMixer: Display: FMixerPlatformXAudio2::SubmitBuffer() called for the first time
[2023.08.04-10.25.11:030][  0]LogInit: FAudioDevice initialized.
[2023.08.04-10.25.11:030][  0]LogAudio: Display: Audio Device (ID: 1) registered with world 'Untitled'.
[2023.08.04-10.25.11:030][  0]LogNetVersion: Set ProjectVersion to 1.0.0.0. Version Checksum will be recalculated on next use.
[2023.08.04-10.25.11:199][  0]LogDerivedDataCache: Saved boot cache 0.17s 99MB C:/Users/timve/AppData/Local/UnrealEngine/4.27/DerivedDataCache/Boot.ddc.
[2023.08.04-10.25.11:200][  0]LogInit: Texture streaming: Enabled
[2023.08.04-10.25.11:219][  0]LogAnalytics: Display: [UEEditor.Rocket.Release] APIServer = https://datarouter.ol.epicgames.com/. AppVersion = 4.27.2-18319896+++UE4+Release-4.27
[2023.08.04-10.25.11:226][  0]LogEngineSessionManager: EngineSessionManager initialized
[2023.08.04-10.25.11:226][  0]LogEngineSessionManager: EngineSessionManager sent abnormal shutdown report. Type=Debugger, SessionId={4E2FCBDF-460B-0BF3-C76E-3FB30E165200}
[2023.08.04-10.25.11:226][  0]LogEditorSessionSummary: Verbose: Initializing EditorSessionSummaryWriter for editor session tracking
[2023.08.04-10.25.11:229][  0]LogEditorSessionSummary: EditorSessionSummaryWriter initialized
[2023.08.04-10.25.11:333][  0]LogInit: Transaction tracking system initialized
[2023.08.04-10.25.11:369][  0]BlueprintLog: New page: Editor Load
[2023.08.04-10.25.11:467][  0]LocalizationService: Localization service is disabled
[2023.08.04-10.25.11:511][  0]TimingProfiler: Initialize
[2023.08.04-10.25.11:512][  0]TimingProfiler: OnSessionChanged
[2023.08.04-10.25.11:512][  0]LoadingProfiler: Initialize
[2023.08.04-10.25.11:512][  0]LoadingProfiler: OnSessionChanged
[2023.08.04-10.25.11:512][  0]NetworkingProfiler: Initialize
[2023.08.04-10.25.11:512][  0]NetworkingProfiler: OnSessionChanged
[2023.08.04-10.25.11:512][  0]MemoryProfiler: Initialize
[2023.08.04-10.25.11:512][  0]MemoryProfiler: OnSessionChanged
[2023.08.04-10.25.11:704][  0]LogCook: Display: CookSettings for Memory: MemoryMaxUsedVirtual 0MiB, MemoryMaxUsedPhysical 16384MiB, MemoryMinFreeVirtual 0MiB, MemoryMinFreePhysical 1024MiB
[2023.08.04-10.25.11:704][  0]LogCook: Display: Mobile HDR setting 1
[2023.08.04-10.25.11:974][  0]LogFileCache: Scanning file cache for directory 'E:/Portfolio/Unreal/FPS_Game/Zombone/Content/' took 0.01s
[2023.08.04-10.25.12:167][  0]LogInit: Display: Engine is initialized. Leaving FEngineLoop::Init()
[2023.08.04-10.25.12:172][  0]SourceControl: Source control is disabled
[2023.08.04-10.25.12:173][  0]LogUnrealEdMisc: Loading editor; pre map load, took 10.817
[2023.08.04-10.25.12:173][  0]Cmd: MAP LOAD FILE="E:/Portfolio/Unreal/FPS_Game/Zombone/Content/FirstPersonCPP/Maps/FirstPersonExampleMap.umap" TEMPLATE=0 SHOWPROGRESS=1 FEATURELEVEL=3
[2023.08.04-10.25.12:173][  0]LightingResults: New page: Lighting Build
[2023.08.04-10.25.12:176][  0]LogWorld: UWorld::CleanupWorld for Untitled, bSessionEnded=true, bCleanupResources=true
[2023.08.04-10.25.12:176][  0]LogSlate: InvalidateAllWidgets triggered.  All widgets were invalidated
[2023.08.04-10.25.12:176][  0]MapCheck: New page: Map Check
[2023.08.04-10.25.12:176][  0]LightingResults: New page: Lighting Build
[2023.08.04-10.25.12:183][  0]LogAudio: Display: Audio Device unregistered from world 'None'.
[2023.08.04-10.25.12:190][  0]LogUObjectHash: Compacting FUObjectHashTables data took   1.36ms
[2023.08.04-10.25.12:345][  0]LogAudio: Display: Audio Device (ID: 1) registered with world 'FirstPersonExampleMap'.
[2023.08.04-10.25.12:346][  0]LogAIModule: Creating AISystem for world FirstPersonExampleMap
[2023.08.04-10.25.12:359][  0]LogEditorServer: Finished looking for orphan Actors (0.000 secs)
[2023.08.04-10.25.12:373][  0]LogUObjectHash: Compacting FUObjectHashTables data took   1.28ms
[2023.08.04-10.25.12:373][  0]Cmd: MAP CHECKDEP NOCLEARLOG
[2023.08.04-10.25.12:374][  0]MapCheck: Map check complete: 0 Error(s), 0 Warning(s), took 0,168ms to complete.
[2023.08.04-10.25.12:374][  0]LogFileHelpers: Loading map 'FirstPersonExampleMap' took 0.200
[2023.08.04-10.25.12:376][  0]LogUnrealEdMisc: Total Editor Startup Time, took 11.020
[2023.08.04-10.25.12:535][  0]LogSlate: Updating window title bar state: overlay mode, drag disabled, window buttons hidden, title bar hidden
[2023.08.04-10.25.12:542][  0]LogSlate: Updating window title bar state: overlay mode, drag disabled, window buttons hidden, title bar hidden
[2023.08.04-10.25.12:549][  0]LogSlate: Updating window title bar state: overlay mode, drag disabled, window buttons hidden, title bar hidden
[2023.08.04-10.25.12:558][  0]LogSlate: Updating window title bar state: overlay mode, drag disabled, window buttons hidden, title bar hidden
[2023.08.04-10.25.12:574][  0]LogNativeClassHierarchy: Verbose: Native class hierarchy populated in 0.0119 seconds. Added 3829 classes and 930 folders.
[2023.08.04-10.25.12:576][  0]LogNativeClassHierarchy: Verbose: Native class hierarchy updated for 'WidgetCarousel' in 0.0003 seconds. Added 0 classes and 0 folders.
[2023.08.04-10.25.12:578][  0]LogPakFile: PakFile PrimaryIndexSize=187
[2023.08.04-10.25.12:578][  0]LogPakFile: PakFile PathHashIndexSize=101
[2023.08.04-10.25.12:578][  0]LogPakFile: PakFile FullDirectoryIndexSize=148
[2023.08.04-10.25.12:578][  0]LogShaderLibrary: Display: ShaderCodeLibraryPakFileMountedCallback: PakFile 'D:/Epic Games/UE_4.27/FeaturePacks/FP_FirstPerson.upack' (chunk index -1, root 'root:/') mounted
[2023.08.04-10.25.12:578][  0]LogShaderLibrary: Display: ShaderCodeLibraryPakFileMountedCallback: pending pak file info (ChunkID:-1 Root:root:/ File:D:/Epic Games/UE_4.27/FeaturePacks/FP_FirstPerson.upack)
[2023.08.04-10.25.12:579][  0]LogPakFile: OnPakFileMounted2Time == 0.000201
[2023.08.04-10.25.12:579][  0]LogPakFile: PakFile PrimaryIndexSize=189
[2023.08.04-10.25.12:579][  0]LogPakFile: PakFile PathHashIndexSize=101
[2023.08.04-10.25.12:579][  0]LogPakFile: PakFile FullDirectoryIndexSize=152
[2023.08.04-10.25.12:580][  0]LogShaderLibrary: Display: ShaderCodeLibraryPakFileMountedCallback: PakFile 'D:/Epic Games/UE_4.27/FeaturePacks/FP_FirstPersonBP.upack' (chunk index -1, root 'root:/') mounted
[2023.08.04-10.25.12:580][  0]LogShaderLibrary: Display: ShaderCodeLibraryPakFileMountedCallback: pending pak file info (ChunkID:-1 Root:root:/ File:D:/Epic Games/UE_4.27/FeaturePacks/FP_FirstPersonBP.upack)
[2023.08.04-10.25.12:580][  0]LogPakFile: OnPakFileMounted2Time == 0.000248
[2023.08.04-10.25.12:580][  0]LogPakFile: PakFile PrimaryIndexSize=191
[2023.08.04-10.25.12:580][  0]LogPakFile: PakFile PathHashIndexSize=101
[2023.08.04-10.25.12:581][  0]LogPakFile: PakFile FullDirectoryIndexSize=160
[2023.08.04-10.25.12:581][  0]LogShaderLibrary: Display: ShaderCodeLibraryPakFileMountedCallback: PakFile 'D:/Epic Games/UE_4.27/FeaturePacks/MobileStarterContent.upack' (chunk index -1, root 'root:/') mounted
[2023.08.04-10.25.12:581][  0]LogShaderLibrary: Display: ShaderCodeLibraryPakFileMountedCallback: pending pak file info (ChunkID:-1 Root:root:/ File:D:/Epic Games/UE_4.27/FeaturePacks/MobileStarterContent.upack)
[2023.08.04-10.25.12:581][  0]LogPakFile: OnPakFileMounted2Time == 0.000195
[2023.08.04-10.25.12:581][  0]LogPakFile: PakFile PrimaryIndexSize=185
[2023.08.04-10.25.12:581][  0]LogPakFile: PakFile PathHashIndexSize=101
[2023.08.04-10.25.12:582][  0]LogPakFile: PakFile FullDirectoryIndexSize=148
[2023.08.04-10.25.12:582][  0]LogShaderLibrary: Display: ShaderCodeLibraryPakFileMountedCallback: PakFile 'D:/Epic Games/UE_4.27/FeaturePacks/StarterContent.upack' (chunk index -1, root 'root:/') mounted
[2023.08.04-10.25.12:582][  0]LogShaderLibrary: Display: ShaderCodeLibraryPakFileMountedCallback: pending pak file info (ChunkID:-1 Root:root:/ File:D:/Epic Games/UE_4.27/FeaturePacks/StarterContent.upack)
[2023.08.04-10.25.12:582][  0]LogPakFile: OnPakFileMounted2Time == 0.000251
[2023.08.04-10.25.12:583][  0]LogPakFile: PakFile PrimaryIndexSize=190
[2023.08.04-10.25.12:583][  0]LogPakFile: PakFile PathHashIndexSize=101
[2023.08.04-10.25.12:583][  0]LogPakFile: PakFile FullDirectoryIndexSize=154
[2023.08.04-10.25.12:583][  0]LogShaderLibrary: Display: ShaderCodeLibraryPakFileMountedCallback: PakFile 'D:/Epic Games/UE_4.27/FeaturePacks/TP_2DSideScroller.upack' (chunk index -1, root 'root:/') mounted
[2023.08.04-10.25.12:583][  0]LogShaderLibrary: Display: ShaderCodeLibraryPakFileMountedCallback: pending pak file info (ChunkID:-1 Root:root:/ File:D:/Epic Games/UE_4.27/FeaturePacks/TP_2DSideScroller.upack)
[2023.08.04-10.25.12:583][  0]LogPakFile: OnPakFileMounted2Time == 0.000179
[2023.08.04-10.25.12:584][  0]LogPakFile: PakFile PrimaryIndexSize=192
[2023.08.04-10.25.12:584][  0]LogPakFile: PakFile PathHashIndexSize=101
[2023.08.04-10.25.12:585][  0]LogPakFile: PakFile FullDirectoryIndexSize=158
[2023.08.04-10.25.12:585][  0]LogShaderLibrary: Display: ShaderCodeLibraryPakFileMountedCallback: PakFile 'D:/Epic Games/UE_4.27/FeaturePacks/TP_2DSideScrollerBP.upack' (chunk index -1, root 'root:/') mounted
[2023.08.04-10.25.12:585][  0]LogShaderLibrary: Display: ShaderCodeLibraryPakFileMountedCallback: pending pak file info (ChunkID:-1 Root:root:/ File:D:/Epic Games/UE_4.27/FeaturePacks/TP_2DSideScrollerBP.upack)
[2023.08.04-10.25.12:586][  0]LogPakFile: OnPakFileMounted2Time == 0.000541
[2023.08.04-10.25.12:587][  0]LogPakFile: PakFile PrimaryIndexSize=182
[2023.08.04-10.25.12:587][  0]LogPakFile: PakFile PathHashIndexSize=101
[2023.08.04-10.25.12:587][  0]LogPakFile: PakFile FullDirectoryIndexSize=138
[2023.08.04-10.25.12:587][  0]LogShaderLibrary: Display: ShaderCodeLibraryPakFileMountedCallback: PakFile 'D:/Epic Games/UE_4.27/FeaturePacks/TP_Flying.upack' (chunk index -1, root 'root:/') mounted
[2023.08.04-10.25.12:587][  0]LogShaderLibrary: Display: ShaderCodeLibraryPakFileMountedCallback: pending pak file info (ChunkID:-1 Root:root:/ File:D:/Epic Games/UE_4.27/FeaturePacks/TP_Flying.upack)
[2023.08.04-10.25.12:587][  0]LogPakFile: OnPakFileMounted2Time == 0.000314
[2023.08.04-10.25.12:588][  0]LogPakFile: PakFile PrimaryIndexSize=184
[2023.08.04-10.25.12:588][  0]LogPakFile: PakFile PathHashIndexSize=101
[2023.08.04-10.25.12:588][  0]LogPakFile: PakFile FullDirectoryIndexSize=142
[2023.08.04-10.25.12:589][  0]LogShaderLibrary: Display: ShaderCodeLibraryPakFileMountedCallback: PakFile 'D:/Epic Games/UE_4.27/FeaturePacks/TP_FlyingBP.upack' (chunk index -1, root 'root:/') mounted
[2023.08.04-10.25.12:589][  0]LogShaderLibrary: Display: ShaderCodeLibraryPakFileMountedCallback: pending pak file info (ChunkID:-1 Root:root:/ File:D:/Epic Games/UE_4.27/FeaturePacks/TP_FlyingBP.upack)
[2023.08.04-10.25.12:589][  0]LogPakFile: OnPakFileMounted2Time == 0.000165
[2023.08.04-10.25.12:590][  0]LogPakFile: PakFile PrimaryIndexSize=188
[2023.08.04-10.25.12:590][  0]LogPakFile: PakFile PathHashIndexSize=101
[2023.08.04-10.25.12:590][  0]LogPakFile: PakFile FullDirectoryIndexSize=150
[2023.08.04-10.25.12:590][  0]LogShaderLibrary: Display: ShaderCodeLibraryPakFileMountedCallback: PakFile 'D:/Epic Games/UE_4.27/FeaturePacks/TP_HandheldARBP.upack' (chunk index -1, root 'root:/') mounted
[2023.08.04-10.25.12:590][  0]LogShaderLibrary: Display: ShaderCodeLibraryPakFileMountedCallback: pending pak file info (ChunkID:-1 Root:root:/ File:D:/Epic Games/UE_4.27/FeaturePacks/TP_HandheldARBP.upack)
[2023.08.04-10.25.12:590][  0]LogPakFile: OnPakFileMounted2Time == 0.000191
[2023.08.04-10.25.12:591][  0]LogPakFile: PakFile PrimaryIndexSize=182
[2023.08.04-10.25.12:591][  0]LogPakFile: PakFile PathHashIndexSize=101
[2023.08.04-10.25.12:591][  0]LogPakFile: PakFile FullDirectoryIndexSize=138
[2023.08.04-10.25.12:592][  0]LogShaderLibrary: Display: ShaderCodeLibraryPakFileMountedCallback: PakFile 'D:/Epic Games/UE_4.27/FeaturePacks/TP_Puzzle.upack' (chunk index -1, root 'root:/') mounted
[2023.08.04-10.25.12:592][  0]LogShaderLibrary: Display: ShaderCodeLibraryPakFileMountedCallback: pending pak file info (ChunkID:-1 Root:root:/ File:D:/Epic Games/UE_4.27/FeaturePacks/TP_Puzzle.upack)
[2023.08.04-10.25.12:592][  0]LogPakFile: OnPakFileMounted2Time == 0.000215
[2023.08.04-10.25.12:592][  0]LogPakFile: PakFile PrimaryIndexSize=184
[2023.08.04-10.25.12:593][  0]LogPakFile: PakFile PathHashIndexSize=101
[2023.08.04-10.25.12:593][  0]LogPakFile: PakFile FullDirectoryIndexSize=142
[2023.08.04-10.25.12:593][  0]LogShaderLibrary: Display: ShaderCodeLibraryPakFileMountedCallback: PakFile 'D:/Epic Games/UE_4.27/FeaturePacks/TP_PuzzleBP.upack' (chunk index -1, root 'root:/') mounted
[2023.08.04-10.25.12:593][  0]LogShaderLibrary: Display: ShaderCodeLibraryPakFileMountedCallback: pending pak file info (ChunkID:-1 Root:root:/ File:D:/Epic Games/UE_4.27/FeaturePacks/TP_PuzzleBP.upack)
[2023.08.04-10.25.12:593][  0]LogPakFile: OnPakFileMounted2Time == 0.000237
[2023.08.04-10.25.12:594][  0]LogPakFile: PakFile PrimaryIndexSize=183
[2023.08.04-10.25.12:594][  0]LogPakFile: PakFile PathHashIndexSize=101
[2023.08.04-10.25.12:594][  0]LogPakFile: PakFile FullDirectoryIndexSize=140
[2023.08.04-10.25.12:594][  0]LogShaderLibrary: Display: ShaderCodeLibraryPakFileMountedCallback: PakFile 'D:/Epic Games/UE_4.27/FeaturePacks/TP_Rolling.upack' (chunk index -1, root 'root:/') mounted
[2023.08.04-10.25.12:594][  0]LogShaderLibrary: Display: ShaderCodeLibraryPakFileMountedCallback: pending pak file info (ChunkID:-1 Root:root:/ File:D:/Epic Games/UE_4.27/FeaturePacks/TP_Rolling.upack)
[2023.08.04-10.25.12:594][  0]LogPakFile: OnPakFileMounted2Time == 0.000252
[2023.08.04-10.25.12:595][  0]LogPakFile: PakFile PrimaryIndexSize=185
[2023.08.04-10.25.12:595][  0]LogPakFile: PakFile PathHashIndexSize=101
[2023.08.04-10.25.12:595][  0]LogPakFile: PakFile FullDirectoryIndexSize=144
[2023.08.04-10.25.12:595][  0]LogShaderLibrary: Display: ShaderCodeLibraryPakFileMountedCallback: PakFile 'D:/Epic Games/UE_4.27/FeaturePacks/TP_RollingBP.upack' (chunk index -1, root 'root:/') mounted
[2023.08.04-10.25.12:595][  0]LogShaderLibrary: Display: ShaderCodeLibraryPakFileMountedCallback: pending pak file info (ChunkID:-1 Root:root:/ File:D:/Epic Games/UE_4.27/FeaturePacks/TP_RollingBP.upack)
[2023.08.04-10.25.12:595][  0]LogPakFile: OnPakFileMounted2Time == 0.000291
[2023.08.04-10.25.12:596][  0]LogPakFile: PakFile PrimaryIndexSize=188
[2023.08.04-10.25.12:596][  0]LogPakFile: PakFile PathHashIndexSize=101
[2023.08.04-10.25.12:597][  0]LogPakFile: PakFile FullDirectoryIndexSize=150
[2023.08.04-10.25.12:597][  0]LogShaderLibrary: Display: ShaderCodeLibraryPakFileMountedCallback: PakFile 'D:/Epic Games/UE_4.27/FeaturePacks/TP_SideScroller.upack' (chunk index -1, root 'root:/') mounted
[2023.08.04-10.25.12:597][  0]LogShaderLibrary: Display: ShaderCodeLibraryPakFileMountedCallback: pending pak file info (ChunkID:-1 Root:root:/ File:D:/Epic Games/UE_4.27/FeaturePacks/TP_SideScroller.upack)
[2023.08.04-10.25.12:597][  0]LogPakFile: OnPakFileMounted2Time == 0.000229
[2023.08.04-10.25.12:598][  0]LogPakFile: PakFile PrimaryIndexSize=190
[2023.08.04-10.25.12:598][  0]LogPakFile: PakFile PathHashIndexSize=101
[2023.08.04-10.25.12:598][  0]LogPakFile: PakFile FullDirectoryIndexSize=154
[2023.08.04-10.25.12:598][  0]LogShaderLibrary: Display: ShaderCodeLibraryPakFileMountedCallback: PakFile 'D:/Epic Games/UE_4.27/FeaturePacks/TP_SideScrollerBP.upack' (chunk index -1, root 'root:/') mounted
[2023.08.04-10.25.12:598][  0]LogShaderLibrary: Display: ShaderCodeLibraryPakFileMountedCallback: pending pak file info (ChunkID:-1 Root:root:/ File:D:/Epic Games/UE_4.27/FeaturePacks/TP_SideScrollerBP.upack)
[2023.08.04-10.25.12:598][  0]LogPakFile: OnPakFileMounted2Time == 0.000194
[2023.08.04-10.25.12:599][  0]LogPakFile: PakFile PrimaryIndexSize=187
[2023.08.04-10.25.12:599][  0]LogPakFile: PakFile PathHashIndexSize=101
[2023.08.04-10.25.12:599][  0]LogPakFile: PakFile FullDirectoryIndexSize=148
[2023.08.04-10.25.12:599][  0]LogShaderLibrary: Display: ShaderCodeLibraryPakFileMountedCallback: PakFile 'D:/Epic Games/UE_4.27/FeaturePacks/TP_ThirdPerson.upack' (chunk index -1, root 'root:/') mounted
[2023.08.04-10.25.12:599][  0]LogShaderLibrary: Display: ShaderCodeLibraryPakFileMountedCallback: pending pak file info (ChunkID:-1 Root:root:/ File:D:/Epic Games/UE_4.27/FeaturePacks/TP_ThirdPerson.upack)
[2023.08.04-10.25.12:599][  0]LogPakFile: OnPakFileMounted2Time == 0.000199
[2023.08.04-10.25.12:600][  0]LogPakFile: PakFile PrimaryIndexSize=189
[2023.08.04-10.25.12:600][  0]LogPakFile: PakFile PathHashIndexSize=101
[2023.08.04-10.25.12:600][  0]LogPakFile: PakFile FullDirectoryIndexSize=152
[2023.08.04-10.25.12:600][  0]LogShaderLibrary: Display: ShaderCodeLibraryPakFileMountedCallback: PakFile 'D:/Epic Games/UE_4.27/FeaturePacks/TP_ThirdPersonBP.upack' (chunk index -1, root 'root:/') mounted
[2023.08.04-10.25.12:601][  0]LogShaderLibrary: Display: ShaderCodeLibraryPakFileMountedCallback: pending pak file info (ChunkID:-1 Root:root:/ File:D:/Epic Games/UE_4.27/FeaturePacks/TP_ThirdPersonBP.upack)
[2023.08.04-10.25.12:601][  0]LogPakFile: OnPakFileMounted2Time == 0.000430
[2023.08.04-10.25.12:602][  0]LogPakFile: PakFile PrimaryIndexSize=183
[2023.08.04-10.25.12:602][  0]LogPakFile: PakFile PathHashIndexSize=101
[2023.08.04-10.25.12:602][  0]LogPakFile: PakFile FullDirectoryIndexSize=140
[2023.08.04-10.25.12:603][  0]LogShaderLibrary: Display: ShaderCodeLibraryPakFileMountedCallback: PakFile 'D:/Epic Games/UE_4.27/FeaturePacks/TP_TopDown.upack' (chunk index -1, root 'root:/') mounted
[2023.08.04-10.25.12:603][  0]LogShaderLibrary: Display: ShaderCodeLibraryPakFileMountedCallback: pending pak file info (ChunkID:-1 Root:root:/ File:D:/Epic Games/UE_4.27/FeaturePacks/TP_TopDown.upack)
[2023.08.04-10.25.12:603][  0]LogPakFile: OnPakFileMounted2Time == 0.000359
[2023.08.04-10.25.12:604][  0]LogPakFile: PakFile PrimaryIndexSize=185
[2023.08.04-10.25.12:604][  0]LogPakFile: PakFile PathHashIndexSize=101
[2023.08.04-10.25.12:604][  0]LogPakFile: PakFile FullDirectoryIndexSize=144
[2023.08.04-10.25.12:604][  0]LogShaderLibrary: Display: ShaderCodeLibraryPakFileMountedCallback: PakFile 'D:/Epic Games/UE_4.27/FeaturePacks/TP_TopDownBP.upack' (chunk index -1, root 'root:/') mounted
[2023.08.04-10.25.12:604][  0]LogShaderLibrary: Display: ShaderCodeLibraryPakFileMountedCallback: pending pak file info (ChunkID:-1 Root:root:/ File:D:/Epic Games/UE_4.27/FeaturePacks/TP_TopDownBP.upack)
[2023.08.04-10.25.12:604][  0]LogPakFile: OnPakFileMounted2Time == 0.000197
[2023.08.04-10.25.12:605][  0]LogPakFile: PakFile PrimaryIndexSize=185
[2023.08.04-10.25.12:605][  0]LogPakFile: PakFile PathHashIndexSize=101
[2023.08.04-10.25.12:605][  0]LogPakFile: PakFile FullDirectoryIndexSize=144
[2023.08.04-10.25.12:605][  0]LogShaderLibrary: Display: ShaderCodeLibraryPakFileMountedCallback: PakFile 'D:/Epic Games/UE_4.27/FeaturePacks/TP_TwinStick.upack' (chunk index -1, root 'root:/') mounted
[2023.08.04-10.25.12:606][  0]LogShaderLibrary: Display: ShaderCodeLibraryPakFileMountedCallback: pending pak file info (ChunkID:-1 Root:root:/ File:D:/Epic Games/UE_4.27/FeaturePacks/TP_TwinStick.upack)
[2023.08.04-10.25.12:606][  0]LogPakFile: OnPakFileMounted2Time == 0.000228
[2023.08.04-10.25.12:606][  0]LogPakFile: PakFile PrimaryIndexSize=187
[2023.08.04-10.25.12:606][  0]LogPakFile: PakFile PathHashIndexSize=101
[2023.08.04-10.25.12:606][  0]LogPakFile: PakFile FullDirectoryIndexSize=148
[2023.08.04-10.25.12:607][  0]LogShaderLibrary: Display: ShaderCodeLibraryPakFileMountedCallback: PakFile 'D:/Epic Games/UE_4.27/FeaturePacks/TP_TwinStickBP.upack' (chunk index -1, root 'root:/') mounted
[2023.08.04-10.25.12:607][  0]LogShaderLibrary: Display: ShaderCodeLibraryPakFileMountedCallback: pending pak file info (ChunkID:-1 Root:root:/ File:D:/Epic Games/UE_4.27/FeaturePacks/TP_TwinStickBP.upack)
[2023.08.04-10.25.12:607][  0]LogPakFile: OnPakFileMounted2Time == 0.000184
[2023.08.04-10.25.12:607][  0]LogPakFile: PakFile PrimaryIndexSize=183
[2023.08.04-10.25.12:607][  0]LogPakFile: PakFile PathHashIndexSize=101
[2023.08.04-10.25.12:608][  0]LogPakFile: PakFile FullDirectoryIndexSize=140
[2023.08.04-10.25.12:608][  0]LogShaderLibrary: Display: ShaderCodeLibraryPakFileMountedCallback: PakFile 'D:/Epic Games/UE_4.27/FeaturePacks/TP_Vehicle.upack' (chunk index -1, root 'root:/') mounted
[2023.08.04-10.25.12:608][  0]LogShaderLibrary: Display: ShaderCodeLibraryPakFileMountedCallback: pending pak file info (ChunkID:-1 Root:root:/ File:D:/Epic Games/UE_4.27/FeaturePacks/TP_Vehicle.upack)
[2023.08.04-10.25.12:608][  0]LogPakFile: OnPakFileMounted2Time == 0.000202
[2023.08.04-10.25.12:609][  0]LogPakFile: PakFile PrimaryIndexSize=186
[2023.08.04-10.25.12:609][  0]LogPakFile: PakFile PathHashIndexSize=101
[2023.08.04-10.25.12:609][  0]LogPakFile: PakFile FullDirectoryIndexSize=146
[2023.08.04-10.25.12:609][  0]LogShaderLibrary: Display: ShaderCodeLibraryPakFileMountedCallback: PakFile 'D:/Epic Games/UE_4.27/FeaturePacks/TP_VehicleAdv.upack' (chunk index -1, root 'root:/') mounted
[2023.08.04-10.25.12:609][  0]LogShaderLibrary: Display: ShaderCodeLibraryPakFileMountedCallback: pending pak file info (ChunkID:-1 Root:root:/ File:D:/Epic Games/UE_4.27/FeaturePacks/TP_VehicleAdv.upack)
[2023.08.04-10.25.12:609][  0]LogPakFile: OnPakFileMounted2Time == 0.000133
[2023.08.04-10.25.12:610][  0]LogPakFile: PakFile PrimaryIndexSize=188
[2023.08.04-10.25.12:610][  0]LogPakFile: PakFile PathHashIndexSize=101
[2023.08.04-10.25.12:610][  0]LogPakFile: PakFile FullDirectoryIndexSize=150
[2023.08.04-10.25.12:610][  0]LogShaderLibrary: Display: ShaderCodeLibraryPakFileMountedCallback: PakFile 'D:/Epic Games/UE_4.27/FeaturePacks/TP_VehicleAdvBP.upack' (chunk index -1, root 'root:/') mounted
[2023.08.04-10.25.12:610][  0]LogShaderLibrary: Display: ShaderCodeLibraryPakFileMountedCallback: pending pak file info (ChunkID:-1 Root:root:/ File:D:/Epic Games/UE_4.27/FeaturePacks/TP_VehicleAdvBP.upack)
[2023.08.04-10.25.12:610][  0]LogPakFile: OnPakFileMounted2Time == 0.000169
[2023.08.04-10.25.12:611][  0]LogPakFile: PakFile PrimaryIndexSize=185
[2023.08.04-10.25.12:611][  0]LogPakFile: PakFile PathHashIndexSize=101
[2023.08.04-10.25.12:611][  0]LogPakFile: PakFile FullDirectoryIndexSize=144
[2023.08.04-10.25.12:611][  0]LogShaderLibrary: Display: ShaderCodeLibraryPakFileMountedCallback: PakFile 'D:/Epic Games/UE_4.27/FeaturePacks/TP_VehicleBP.upack' (chunk index -1, root 'root:/') mounted
[2023.08.04-10.25.12:611][  0]LogShaderLibrary: Display: ShaderCodeLibraryPakFileMountedCallback: pending pak file info (ChunkID:-1 Root:root:/ File:D:/Epic Games/UE_4.27/FeaturePacks/TP_VehicleBP.upack)
[2023.08.04-10.25.12:611][  0]LogPakFile: OnPakFileMounted2Time == 0.000206
[2023.08.04-10.25.12:612][  0]LogPakFile: PakFile PrimaryIndexSize=192
[2023.08.04-10.25.12:612][  0]LogPakFile: PakFile PathHashIndexSize=101
[2023.08.04-10.25.12:612][  0]LogPakFile: PakFile FullDirectoryIndexSize=158
[2023.08.04-10.25.12:612][  0]LogShaderLibrary: Display: ShaderCodeLibraryPakFileMountedCallback: PakFile 'D:/Epic Games/UE_4.27/FeaturePacks/TP_VirtualRealityBP.upack' (chunk index -1, root 'root:/') mounted
[2023.08.04-10.25.12:612][  0]LogShaderLibrary: Display: ShaderCodeLibraryPakFileMountedCallback: pending pak file info (ChunkID:-1 Root:root:/ File:D:/Epic Games/UE_4.27/FeaturePacks/TP_VirtualRealityBP.upack)
[2023.08.04-10.25.12:612][  0]LogPakFile: OnPakFileMounted2Time == 0.000144
[2023.08.04-10.25.12:647][  0]LogNativeClassHierarchy: Verbose: Native class hierarchy updated for 'AddContentDialog' in 0.0003 seconds. Added 0 classes and 0 folders.
[2023.08.04-10.25.12:649][  0]LogNativeClassHierarchy: Verbose: Native class hierarchy updated for 'SceneOutliner' in 0.0003 seconds. Added 2 classes and 0 folders.
[2023.08.04-10.25.12:685][  0]LogSlate: Took 0.000357 seconds to synchronously load lazily loaded font '../../../Engine/Content/Slate/Fonts/Roboto-Regular.ttf' (155K)
[2023.08.04-10.25.12:687][  0]LogSlate: Took 0.000202 seconds to synchronously load lazily loaded font '../../../Engine/Content/Editor/Slate/Fonts/FontAwesome.ttf' (139K)
[2023.08.04-10.25.12:688][  0]LogSlate: Took 0.000170 seconds to synchronously load lazily loaded font '../../../Engine/Content/Slate/Fonts/Roboto-Bold.ttf' (160K)
[2023.08.04-10.25.12:778][  0]LogRenderer: Reallocating scene render targets to support 1208x572 Format 10 NumSamples 1 (Frame:1).
[2023.08.04-10.25.12:840][  0]LogSlate: Took 0.000223 seconds to synchronously load lazily loaded font '../../../Engine/Content/Slate/Fonts/Roboto-Light.ttf' (167K)
[2023.08.04-10.25.12:901][  0]LogNativeClassHierarchy: Verbose: Native class hierarchy updated for 'HierarchicalLODOutliner' in 0.0005 seconds. Added 0 classes and 0 folders.
[2023.08.04-10.25.12:901][  0]LogLoad: (Engine Initialization) Total time: 11.55 seconds
[2023.08.04-10.25.12:901][  0]LogLoad: (Engine Initialization) Total Blueprint compile time: 0.00 seconds
[2023.08.04-10.25.12:955][  0]LogAssetRegistry: Asset discovery search completed in 6.2959 seconds
[2023.08.04-10.25.12:961][  0]LogCollectionManager: Fixed up redirectors for 0 collections in 0.000004 seconds (updated 0 objects)
[2023.08.04-10.25.12:962][  0]LogContentStreaming: Texture pool size now 1000 MB
[2023.08.04-10.25.35:226][300]LogSlate: Took 0.000168 seconds to synchronously load lazily loaded font '../../../Engine/Content/Slate/Fonts/Roboto-Light.ttf' (167K)
[2023.08.04-10.25.35:243][300]LogAssetEditorSubsystem: Opening Asset editor for Blueprint /Game/FirstPersonCPP/Blueprints/Player_HUD.Player_HUD
[2023.08.04-10.25.35:481][300]LogNativeClassHierarchy: Verbose: Native class hierarchy updated for 'BlueprintGraph' in 0.0006 seconds. Added 126 classes and 0 folders.
[2023.08.04-10.25.36:486][300]LogSlate: Took 0.000253 seconds to synchronously load lazily loaded font '../../../Engine/Content/Slate/Fonts/Roboto-BoldCondensed.ttf' (158K)
[2023.08.04-10.25.37:959][416]LogSlate: Window 'Player_HUD' being destroyed
[2023.08.04-10.25.39:177][539]LogAssetEditorSubsystem: Opening Asset editor for WidgetBlueprint /Game/FirstPersonCPP/Blueprints/HUD_Player.HUD_Player
[2023.08.04-10.25.42:415][807]LogTemp: Repeating last play command: Selected Viewport
[2023.08.04-10.25.42:440][807]LogPlayLevel: PlayLevel: No blueprints needed recompiling
[2023.08.04-10.25.42:440][807]PIE: New page: PIE session: FirstPersonExampleMap (4 aug. 2023 14:25:42)
[2023.08.04-10.25.42:442][807]LogOnline: OSS: Creating online subsystem instance for: NULL
[2023.08.04-10.25.42:445][807]LogOnline: OSS: TryLoadSubsystemAndSetDefault: Loaded subsystem for module [NULL]
[2023.08.04-10.25.42:445][807]LogPlayLevel: Creating play world package: /Game/FirstPersonCPP/Maps/UEDPIE_0_FirstPersonExampleMap
[2023.08.04-10.25.42:465][807]LogPlayLevel: PIE: StaticDuplicateObject took: (0.020274s)
[2023.08.04-10.25.42:467][807]LogAIModule: Creating AISystem for world FirstPersonExampleMap
[2023.08.04-10.25.42:467][807]LogPlayLevel: PIE: World Init took: (0.001472s)
[2023.08.04-10.25.42:467][807]LogPlayLevel: PIE: Created PIE world by copying editor world from /Game/FirstPersonCPP/Maps/FirstPersonExampleMap.FirstPersonExampleMap to /Game/FirstPersonCPP/Maps/UEDPIE_0_FirstPersonExampleMap.FirstPersonExampleMap (0.022260s)
[2023.08.04-10.25.42:543][807]LogUObjectHash: Compacting FUObjectHashTables data took   5.44ms
[2023.08.04-10.25.42:548][807]LogAudio: Display: Creating Audio Device:                 Id: 2, Scope: Unique, Realtime: True
[2023.08.04-10.25.42:549][807]LogAudioMixer: Display: Audio Mixer Platform Settings:
[2023.08.04-10.25.42:549][807]LogAudioMixer: Display: 	Sample Rate:						  48000
[2023.08.04-10.25.42:549][807]LogAudioMixer: Display: 	Callback Buffer Frame Size Requested: 1024
[2023.08.04-10.25.42:549][807]LogAudioMixer: Display: 	Callback Buffer Frame Size To Use:	  1024
[2023.08.04-10.25.42:549][807]LogAudioMixer: Display: 	Number of buffers to queue:			  2
[2023.08.04-10.25.42:549][807]LogAudioMixer: Display: 	Max Channels (voices):				  32
[2023.08.04-10.25.42:549][807]LogAudioMixer: Display: 	Number of Async Source Workers:		  0
[2023.08.04-10.25.42:549][807]LogAudio: Display: AudioDevice MaxSources: 32
[2023.08.04-10.25.42:551][807]LogAudio: Display: Audio Spatialization Plugin: None (built-in).
[2023.08.04-10.25.42:551][807]LogAudio: Display: Audio Reverb Plugin: None (built-in).
[2023.08.04-10.25.42:551][807]LogAudio: Display: Audio Occlusion Plugin: None (built-in).
[2023.08.04-10.25.42:551][807]LogAudioMixer: Display: Initializing audio mixer.
[2023.08.04-10.25.42:558][807]LogAudioMixer: Display: 0: FrontLeft
[2023.08.04-10.25.42:558][807]LogAudioMixer: Display: 1: FrontRight
[2023.08.04-10.25.42:570][807]LogAudioMixer: Display: Using Audio Device Oortelefoon van hoofdtelefoon (Sennheiser Communication Audio)
[2023.08.04-10.25.42:570][807]LogAudioMixer: Display: Initializing Sound Submixes...
[2023.08.04-10.25.42:571][807]LogAudioMixer: Display: Creating Master Submix 'MasterSubmixDefault'
[2023.08.04-10.25.42:571][807]LogAudioMixer: Display: Creating Master Submix 'MasterReverbSubmixDefault'
[2023.08.04-10.25.42:571][807]LogAudioMixer: Display: Creating Master Submix 'MasterEQSubmixDefault'
[2023.08.04-10.25.42:572][807]LogAudioMixer: FMixerPlatformXAudio2::StartAudioStream() called
[2023.08.04-10.25.42:572][807]LogAudioMixer: Display: Output buffers initialized: Frames=1024, Channels=2, Samples=2048
[2023.08.04-10.25.42:574][807]LogAudioMixer: Display: Starting AudioMixerPlatformInterface::RunInternal()
[2023.08.04-10.25.42:574][807]LogAudioMixer: Display: FMixerPlatformXAudio2::SubmitBuffer() called for the first time
[2023.08.04-10.25.42:574][807]LogInit: FAudioDevice initialized.
[2023.08.04-10.25.42:575][807]LogAudio: Display: Audio Device (ID: 2) registered with world 'FirstPersonExampleMap'.
[2023.08.04-10.25.42:594][807]LogLoad: Game class is 'WaveManager_C'
[2023.08.04-10.25.42:597][807]LogWorld: Bringing World /Game/FirstPersonCPP/Maps/UEDPIE_0_FirstPersonExampleMap.FirstPersonExampleMap up for play (max tick rate 0) at 2023.08.04-12.25.42
[2023.08.04-10.25.42:599][807]LogWorld: Bringing up level for play took: 0.003509
[2023.08.04-10.25.42:599][807]LogOnline: OSS: Creating online subsystem instance for: :Context_6
[2023.08.04-10.25.42:606][807]LogNativeClassHierarchy: Verbose: Native class hierarchy updated for 'MovieSceneCapture' in 0.0006 seconds. Added 20 classes and 0 folders.
[2023.08.04-10.25.42:608][807]LogViewport: Display: Viewport MouseCaptureMode Changed, CapturePermanently_IncludingInitialMouseDown -> CapturePermanently
[2023.08.04-10.25.42:609][807]PIE: Server logged in
[2023.08.04-10.25.42:611][807]PIE: Play in editor total start time 0,172 seconds.
[2023.08.04-10.25.48:719][448]LogSlate: Updating window title bar state: overlay mode, drag disabled, window buttons hidden, title bar hidden
[2023.08.04-10.25.48:719][448]LogWorld: BeginTearingDown for /Game/FirstPersonCPP/Maps/UEDPIE_0_FirstPersonExampleMap
[2023.08.04-10.25.48:720][448]LogWorld: UWorld::CleanupWorld for FirstPersonExampleMap, bSessionEnded=true, bCleanupResources=true
[2023.08.04-10.25.48:721][448]LogSlate: InvalidateAllWidgets triggered.  All widgets were invalidated
[2023.08.04-10.25.48:735][448]LogPlayLevel: Display: Shutting down PIE online subsystems
[2023.08.04-10.25.48:743][448]LogSlate: InvalidateAllWidgets triggered.  All widgets were invalidated
[2023.08.04-10.25.48:773][448]LogSlate: Updating window title bar state: overlay mode, drag disabled, window buttons hidden, title bar hidden
[2023.08.04-10.25.48:775][448]LogAudioMixer: FMixerPlatformXAudio2::StopAudioStream() called
[2023.08.04-10.25.48:777][448]LogAudioMixer: FMixerPlatformXAudio2::StopAudioStream() called
[2023.08.04-10.25.48:840][448]LogUObjectHash: Compacting FUObjectHashTables data took   4.17ms
[2023.08.04-10.25.48:883][449]LogPlayLevel: Display: Destroying online subsystem :Context_6
