Log file open, 10/10/22 19:25:08
LogWindows: Failed to load 'aqProf.dll' (GetLastError=126)
LogWindows: File 'aqProf.dll' does not exist
LogWindows: Failed to load 'VtuneApi.dll' (GetLastError=126)
LogWindows: File 'VtuneApi.dll' does not exist
LogWindows: Failed to load 'VtuneApi32e.dll' (GetLastError=126)
LogWindows: File 'VtuneApi32e.dll' does not exist
LogConsoleResponse: Display: Failed to find resolution value strings in scalability ini. Falling back to default.
LogConsoleResponse: Display: Failed to find resolution value strings in scalability ini. Falling back to default.
LogInit: Display: Running engine for game: Zombone
LogPlatformFile: Not using cached read wrapper
LogTaskGraph: Started task graph with 5 named threads and 23 total threads with 3 sets of task threads.
LogStats: Stats thread started at 0.313024
LogICUInternationalization: ICU TimeZone Detection - Raw Offset: +1:00, Platform Override: ''
LogInit: Display: Loading text-based GConfig....
LogPluginManager: Mounting plugin MeshPainting
LogPluginManager: Mounting plugin XGEController
LogPluginManager: Mounting plugin Paper2D
LogPluginManager: Mounting plugin AISupport
LogPluginManager: Mounting plugin EnvironmentQueryEditor
LogPluginManager: Mounting plugin LiveLink
LogPluginManager: Mounting plugin LightPropagationVolume
LogPluginManager: Mounting plugin OodleData
LogPluginManager: Mounting plugin CameraShakePreviewer
LogPluginManager: Mounting plugin OodleNetwork
LogPluginManager: Mounting plugin GameplayCameras
LogPluginManager: Mounting plugin AnimationSharing
LogPluginManager: Mounting plugin CodeLiteSourceCodeAccess
LogPluginManager: Mounting plugin CLionSourceCodeAccess
LogPluginManager: Mounting plugin GitSourceControl
LogPluginManager: Mounting plugin KDevelopSourceCodeAccess
LogPluginManager: Mounting plugin NullSourceCodeAccess
LogPluginManager: Mounting plugin PerforceSourceControl
LogPluginManager: Mounting plugin PixWinPlugin
LogPluginManager: Mounting plugin PlasticSourceControl
LogPluginManager: Mounting plugin PluginUtils
LogPluginManager: Mounting plugin DatasmithContent
LogPluginManager: Mounting plugin PropertyAccessNode
LogPluginManager: Mounting plugin RiderSourceCodeAccess
LogPluginManager: Mounting plugin TextureFormatOodle
LogPluginManager: Mounting plugin SubversionSourceControl
LogPluginManager: Mounting plugin UObjectPlugin
LogPluginManager: Mounting plugin AssetManagerEditor
LogPluginManager: Mounting plugin VisualStudioCodeSourceCodeAccess
LogPluginManager: Mounting plugin XCodeSourceCodeAccess
LogPluginManager: Mounting plugin AlembicImporter
LogPluginManager: Mounting plugin VariantManagerContent
LogPluginManager: Mounting plugin VisualStudioSourceCodeAccess
LogPluginManager: Mounting plugin AutomationUtils
LogPluginManager: Mounting plugin BackChannel
LogPluginManager: Mounting plugin ChaosEditor
LogPluginManager: Mounting plugin ChaosCloth
LogPluginManager: Mounting plugin ChaosClothEditor
LogPluginManager: Mounting plugin ChaosNiagara
LogPluginManager: Mounting plugin CharacterAI
LogPluginManager: Mounting plugin ChaosSolverPlugin
LogPluginManager: Mounting plugin CryptoKeys
LogPluginManager: Mounting plugin CurveEditorTools
LogPluginManager: Mounting plugin DataValidation
LogPluginManager: Mounting plugin FacialAnimation
LogPluginManager: Mounting plugin GameplayTagsEditor
LogPluginManager: Mounting plugin GeometryMode
LogPluginManager: Mounting plugin MacGraphicsSwitching
LogPluginManager: Mounting plugin MaterialAnalyzer
LogPluginManager: Mounting plugin MobileLauncherProfileWizard
LogPluginManager: Mounting plugin GeometryCache
LogPluginManager: Mounting plugin PluginBrowser
LogPluginManager: Mounting plugin GeometryCollectionPlugin
LogPluginManager: Mounting plugin SpeedTreeImporter
LogPluginManager: Mounting plugin GeometryProcessing
LogPluginManager: Mounting plugin OpenImageDenoise
LogPluginManager: Mounting plugin PlanarCut
LogPluginManager: Mounting plugin MotoSynth
LogPluginManager: Mounting plugin ProxyLODPlugin
LogPluginManager: Mounting plugin PlatformCrypto
LogPluginManager: Mounting plugin PythonScriptPlugin
LogPluginManager: Mounting plugin SkeletalReduction
LogPluginManager: Mounting plugin LuminPlatformFeatures
LogPluginManager: Mounting plugin MagicLeap
LogPluginManager: Mounting plugin AndroidMedia
LogPluginManager: Mounting plugin MagicLeapLightEstimation
LogPluginManager: Mounting plugin MagicLeapMedia
LogPluginManager: Mounting plugin MagicLeapPassableWorld
LogPluginManager: Mounting plugin MLSDK
LogPluginManager: Mounting plugin AvfMedia
LogPluginManager: Mounting plugin ImgMedia
LogPluginManager: Mounting plugin MediaCompositing
LogPluginManager: Mounting plugin TcpMessaging
LogPluginManager: Mounting plugin UdpMessaging
LogPluginManager: Mounting plugin MediaPlayerEditor
LogPluginManager: Mounting plugin WebMMedia
LogPluginManager: Mounting plugin WmfMedia
LogPluginManager: Mounting plugin ActorSequence
LogPluginManager: Mounting plugin LevelSequenceEditor
LogPluginManager: Mounting plugin MatineeToLevelSequence
LogPluginManager: Mounting plugin TemplateSequence
LogPluginManager: Mounting plugin Niagara
LogPluginManager: Mounting plugin LauncherChunkInstaller
LogPluginManager: Mounting plugin ActorLayerUtilities
LogPluginManager: Mounting plugin AndroidMoviePlayer
LogPluginManager: Mounting plugin AndroidDeviceProfileSelector
LogPluginManager: Mounting plugin AndroidPermission
LogPluginManager: Mounting plugin AppleImageUtils
LogPluginManager: Mounting plugin AppleMoviePlayer
LogPluginManager: Mounting plugin AssetTags
LogPluginManager: Mounting plugin ArchVisCharacter
LogPluginManager: Mounting plugin AudioCapture
LogPluginManager: Mounting plugin AudioSynesthesia
LogPluginManager: Mounting plugin CableComponent
LogPluginManager: Mounting plugin ChunkDownloader
LogPluginManager: Mounting plugin CustomMeshComponent
LogPluginManager: Mounting plugin EditableMesh
LogPluginManager: Mounting plugin OnlineSubsystem
LogPluginManager: Mounting plugin ExampleDeviceProfileSelector
LogPluginManager: Mounting plugin OnlineSubsystemNull
LogPluginManager: Mounting plugin GoogleCloudMessaging
LogPluginManager: Mounting plugin GooglePAD
LogPluginManager: Mounting plugin OnlineSubsystemUtils
LogPluginManager: Mounting plugin ScreenshotTools
LogPluginManager: Mounting plugin Takes
LogPluginManager: Mounting plugin IOSDeviceProfileSelector
LogPluginManager: Mounting plugin LinuxDeviceProfileSelector
LogPluginManager: Mounting plugin LocationServicesBPLibrary
LogPluginManager: Mounting plugin MobilePatchingUtils
LogPluginManager: Mounting plugin OpenXR
LogPluginManager: Mounting plugin OpenXRHandTracking
LogPluginManager: Mounting plugin OpenXREyeTracker
LogPluginManager: Mounting plugin PhysXVehicles
LogPluginManager: Mounting plugin PostSplashScreen
LogPluginManager: Mounting plugin PropertyAccessEditor
LogPluginManager: Mounting plugin ProceduralMeshComponent
LogPluginManager: Mounting plugin RuntimePhysXCooking
LogPluginManager: Mounting plugin SignificanceManager
LogPluginManager: Mounting plugin SoundFields
LogPluginManager: Mounting plugin Synthesis
LogPluginManager: Mounting plugin WebMMoviePlayer
LogPluginManager: Mounting plugin WindowsMoviePlayer
LogPluginManager: Mounting plugin ContentBrowserAssetDataSource
LogPluginManager: Mounting plugin ContentBrowserFileDataSource
LogPluginManager: Mounting plugin ContentBrowserClassDataSource
LogPluginManager: Mounting plugin OnlineSubsystemGooglePlay
LogPluginManager: Mounting plugin OnlineSubsystemIOS
LogPluginManager: Mounting plugin OculusVR
LogPluginManager: Mounting plugin SteamVR
PixWinPlugin: PIX capture plugin failed to initialize! Check that the process is launched from PIX.
LogInit: Using libcurl 7.55.1-DEV
LogInit:  - built for x86_64-pc-win32
LogInit:  - supports SSL with OpenSSL/1.1.1
LogInit:  - supports HTTP deflate (compression) using libz 1.2.8
LogInit:  - other features:
LogInit:      CURL_VERSION_SSL
LogInit:      CURL_VERSION_LIBZ
LogInit:      CURL_VERSION_IPV6
LogInit:      CURL_VERSION_ASYNCHDNS
LogInit:      CURL_VERSION_LARGEFILE
LogInit:      CURL_VERSION_IDN
LogInit:  CurlRequestOptions (configurable via config and command line):
LogInit:  - bVerifyPeer = true  - Libcurl will verify peer certificate
LogInit:  - bUseHttpProxy = false  - Libcurl will NOT use HTTP proxy
LogInit:  - bDontReuseConnections = false  - Libcurl will reuse connections
LogInit:  - MaxHostConnections = 16  - Libcurl will limit the number of connections to a host
LogInit:  - LocalHostAddr = Default
LogInit:  - BufferSize = 65536
LogOnline: OSS: Creating online subsystem instance for: NULL
LogInit: WinSock: version 1.1 (2.2), MaxSocks=32767, MaxUdp=65467
LogOnline: OSS: TryLoadSubsystemAndSetDefault: Loaded subsystem for module [NULL]
LogOculusPluginWrapper: OculusPlugin initialized successfully
LogHMD: Failed initializing OVRPlugin 1.59.0
LogInit: Build: ++UE4+Release-4.27-CL-18319896
LogInit: Engine Version: 4.27.2-18319896+++UE4+Release-4.27
LogInit: Compatible Engine Version: 4.27.0-17155196+++UE4+Release-4.27
LogInit: Net CL: 17155196
LogInit: OS: Windows 10 (Release 2009) (), CPU: Intel(R) Core(TM) i5-9300H CPU @ 2.40GHz, GPU: NVIDIA GeForce RTX 2060
LogInit: Compiled (64-bit): Nov 30 2021 07:12:08
LogInit: Compiled with Visual C++: 19.24.28315.00
LogInit: Build Configuration: Development
LogInit: Branch Name: ++UE4+Release-4.27
LogInit: Command Line:  -skipcompile
LogInit: Base Directory: D:/Epic/UE_4.27/Engine/Binaries/Win64/
LogInit: Allocator: TBB
LogInit: Installed Engine Build: 1
LogDevObjectVersion: Number of dev versions registered: 29
LogDevObjectVersion:   Dev-Blueprints (B0D832E4-1F89-4F0D-ACCF-7EB736FD4AA2): 10
LogDevObjectVersion:   Dev-Build (E1C64328-A22C-4D53-A36C-8E866417BD8C): 0
LogDevObjectVersion:   Dev-Core (375EC13C-06E4-48FB-B500-84F0262A717E): 4
LogDevObjectVersion:   Dev-Editor (E4B068ED-F494-42E9-A231-DA0B2E46BB41): 40
LogDevObjectVersion:   Dev-Framework (CFFC743F-43B0-4480-9391-14DF171D2073): 37
LogDevObjectVersion:   Dev-Mobile (B02B49B5-BB20-44E9-A304-32B752E40360): 3
LogDevObjectVersion:   Dev-Networking (A4E4105C-59A1-49B5-A7C5-40C4547EDFEE): 0
LogDevObjectVersion:   Dev-Online (39C831C9-5AE6-47DC-9A44-9C173E1C8E7C): 0
LogDevObjectVersion:   Dev-Physics (78F01B33-EBEA-4F98-B9B4-84EACCB95AA2): 14
LogDevObjectVersion:   Dev-Platform (6631380F-2D4D-43E0-8009-CF276956A95A): 0
LogDevObjectVersion:   Dev-Rendering (12F88B9F-8875-4AFC-A67C-D90C383ABD29): 45
LogDevObjectVersion:   Dev-Sequencer (7B5AE74C-D270-4C10-A958-57980B212A5A): 13
LogDevObjectVersion:   Dev-VR (D7296918-1DD6-4BDD-9DE2-64A83CC13884): 3
LogDevObjectVersion:   Dev-LoadTimes (C2A15278-BFE7-4AFE-6C17-90FF531DF755): 1
LogDevObjectVersion:   Private-Geometry (6EACA3D4-40EC-4CC1-B786-8BED09428FC5): 3
LogDevObjectVersion:   Dev-AnimPhys (29E575DD-E0A3-4627-9D10-D276232CDCEA): 17
LogDevObjectVersion:   Dev-Anim (AF43A65D-7FD3-4947-9873-3E8ED9C1BB05): 15
LogDevObjectVersion:   Dev-ReflectionCapture (6B266CEC-1EC7-4B8F-A30B-E4D90942FC07): 1
LogDevObjectVersion:   Dev-Automation (0DF73D61-A23F-47EA-B727-89E90C41499A): 1
LogDevObjectVersion:   FortniteMain (601D1886-AC64-4F84-AA16-D3DE0DEAC7D6): 47
LogDevObjectVersion:   FortniteRelease (E7086368-6B23-4C58-8439-1B7016265E91): 1
LogDevObjectVersion:   Dev-Enterprise (9DFFBCD6-494F-0158-E221-12823C92A888): 10
LogDevObjectVersion:   Dev-Niagara (F2AED0AC-9AFE-416F-8664-AA7FFA26D6FC): 1
LogDevObjectVersion:   Dev-Destruction (174F1F0B-B4C6-45A5-B13F-2EE8D0FB917D): 10
LogDevObjectVersion:   Dev-Physics-Ext (35F94A83-E258-406C-A318-09F59610247C): 41
LogDevObjectVersion:   Dev-PhysicsMaterial-Chaos (B68FC16E-8B1B-42E2-B453-215C058844FE): 1
LogDevObjectVersion:   Dev-CineCamera (B2E18506-4273-CFC2-A54E-F4BB758BBA07): 1
LogDevObjectVersion:   Dev-VirtualProduction (64F58936-FD1B-42BA-BA96-7289D5D0FA4E): 1
LogDevObjectVersion:   Dev-MediaFramework (6F0ED827-A609-4895-9C91-998D90180EA4): 2
LogInit: Presizing for max 25165824 objects, including 0 objects not considered by GC, pre-allocating 0 bytes for permanent pool.
LogConfig: Applying CVar settings from Section [/Script/Engine.StreamingSettings] File [D:/Portfolio/Unreal/FPS_Game/Zombone/Saved/Config/Windows/Engine.ini]
LogConfig: Setting CVar [[s.MinBulkDataSizeForAsyncLoading:131072]]
LogConfig: Setting CVar [[s.AsyncLoadingThreadEnabled:0]]
LogConfig: Setting CVar [[s.EventDrivenLoaderEnabled:1]]
LogConfig: Setting CVar [[s.WarnIfTimeLimitExceeded:0]]
LogConfig: Setting CVar [[s.TimeLimitExceededMultiplier:1.5]]
LogConfig: Setting CVar [[s.TimeLimitExceededMinTime:0.005]]
LogConfig: Setting CVar [[s.UseBackgroundLevelStreaming:1]]
LogConfig: Setting CVar [[s.PriorityAsyncLoadingExtraTime:15.0]]
LogConfig: Setting CVar [[s.LevelStreamingActorsUpdateTimeLimit:5.0]]
LogConfig: Setting CVar [[s.PriorityLevelStreamingActorsUpdateExtraTime:5.0]]
LogConfig: Setting CVar [[s.LevelStreamingComponentsRegistrationGranularity:10]]
LogConfig: Setting CVar [[s.UnregisterComponentsTimeLimit:1.0]]
LogConfig: Setting CVar [[s.LevelStreamingComponentsUnregistrationGranularity:5]]
LogConfig: Setting CVar [[s.FlushStreamingOnExit:1]]
LogInit: Object subsystem initialized
LogConfig: Setting CVar [[con.DebugEarlyDefault:1]]
LogConfig: Setting CVar [[r.setres:1280x720]]
[2022.10.10-17.25.09:275][  0]LogConfig: Setting CVar [[r.VSync:0]]
[2022.10.10-17.25.09:276][  0]LogConfig: Setting CVar [[r.RHICmdBypass:0]]
[2022.10.10-17.25.09:276][  0]LogConfig: Applying CVar settings from Section [/Script/Engine.RendererSettings] File [D:/Portfolio/Unreal/FPS_Game/Zombone/Saved/Config/Windows/Engine.ini]
[2022.10.10-17.25.09:276][  0]LogConfig: Setting CVar [[r.GPUCrashDebugging:0]]
[2022.10.10-17.25.09:276][  0]LogConfig: Applying CVar settings from Section [/Script/Engine.RendererOverrideSettings] File [D:/Portfolio/Unreal/FPS_Game/Zombone/Saved/Config/Windows/Engine.ini]
[2022.10.10-17.25.09:276][  0]LogConfig: Applying CVar settings from Section [/Script/Engine.StreamingSettings] File [D:/Portfolio/Unreal/FPS_Game/Zombone/Saved/Config/Windows/Engine.ini]
[2022.10.10-17.25.09:276][  0]LogConfig: Setting CVar [[s.MinBulkDataSizeForAsyncLoading:131072]]
[2022.10.10-17.25.09:276][  0]LogConfig: Setting CVar [[s.AsyncLoadingThreadEnabled:0]]
[2022.10.10-17.25.09:276][  0]LogConfig: Setting CVar [[s.EventDrivenLoaderEnabled:1]]
[2022.10.10-17.25.09:276][  0]LogConfig: Setting CVar [[s.WarnIfTimeLimitExceeded:0]]
[2022.10.10-17.25.09:276][  0]LogConfig: Setting CVar [[s.TimeLimitExceededMultiplier:1.5]]
[2022.10.10-17.25.09:276][  0]LogConfig: Setting CVar [[s.TimeLimitExceededMinTime:0.005]]
[2022.10.10-17.25.09:276][  0]LogConfig: Setting CVar [[s.UseBackgroundLevelStreaming:1]]
[2022.10.10-17.25.09:276][  0]LogConfig: Setting CVar [[s.PriorityAsyncLoadingExtraTime:15.0]]
[2022.10.10-17.25.09:276][  0]LogConfig: Setting CVar [[s.LevelStreamingActorsUpdateTimeLimit:5.0]]
[2022.10.10-17.25.09:276][  0]LogConfig: Setting CVar [[s.PriorityLevelStreamingActorsUpdateExtraTime:5.0]]
[2022.10.10-17.25.09:276][  0]LogConfig: Setting CVar [[s.LevelStreamingComponentsRegistrationGranularity:10]]
[2022.10.10-17.25.09:276][  0]LogConfig: Setting CVar [[s.UnregisterComponentsTimeLimit:1.0]]
[2022.10.10-17.25.09:276][  0]LogConfig: Setting CVar [[s.LevelStreamingComponentsUnregistrationGranularity:5]]
[2022.10.10-17.25.09:276][  0]LogConfig: Setting CVar [[s.FlushStreamingOnExit:1]]
[2022.10.10-17.25.09:277][  0]LogConfig: Applying CVar settings from Section [/Script/Engine.GarbageCollectionSettings] File [D:/Portfolio/Unreal/FPS_Game/Zombone/Saved/Config/Windows/Engine.ini]
[2022.10.10-17.25.09:277][  0]LogConfig: Setting CVar [[gc.MaxObjectsNotConsideredByGC:1]]
[2022.10.10-17.25.09:277][  0]LogConfig: Setting CVar [[gc.SizeOfPermanentObjectPool:0]]
[2022.10.10-17.25.09:277][  0]LogConfig: Setting CVar [[gc.FlushStreamingOnGC:0]]
[2022.10.10-17.25.09:277][  0]LogConfig: Setting CVar [[gc.NumRetriesBeforeForcingGC:10]]
[2022.10.10-17.25.09:277][  0]LogConfig: Setting CVar [[gc.AllowParallelGC:1]]
[2022.10.10-17.25.09:277][  0]LogConfig: Setting CVar [[gc.TimeBetweenPurgingPendingKillObjects:61.1]]
[2022.10.10-17.25.09:277][  0]LogConfig: Setting CVar [[gc.MaxObjectsInEditor:25165824]]
[2022.10.10-17.25.09:277][  0]LogConfig: Setting CVar [[gc.IncrementalBeginDestroyEnabled:1]]
[2022.10.10-17.25.09:277][  0]LogConfig: Setting CVar [[gc.CreateGCClusters:1]]
[2022.10.10-17.25.09:277][  0]LogConfig: Setting CVar [[gc.MinGCClusterSize:5]]
[2022.10.10-17.25.09:277][  0]LogConfig: Setting CVar [[gc.ActorClusteringEnabled:0]]
[2022.10.10-17.25.09:277][  0]LogConfig: Setting CVar [[gc.BlueprintClusteringEnabled:0]]
[2022.10.10-17.25.09:277][  0]LogConfig: Setting CVar [[gc.UseDisregardForGCOnDedicatedServers:0]]
[2022.10.10-17.25.09:277][  0]LogConfig: Setting CVar [[gc.MultithreadedDestructionEnabled:1]]
[2022.10.10-17.25.09:277][  0]LogConfig: Applying CVar settings from Section [/Script/Engine.NetworkSettings] File [D:/Portfolio/Unreal/FPS_Game/Zombone/Saved/Config/Windows/Engine.ini]
[2022.10.10-17.25.09:277][  0]LogConfig: Applying CVar settings from Section [/Script/UnrealEd.CookerSettings] File [D:/Portfolio/Unreal/FPS_Game/Zombone/Saved/Config/Windows/Engine.ini]
[2022.10.10-17.25.09:286][  0]LogConfig: Applying CVar settings from Section [ViewDistanceQuality@3] File [D:/Portfolio/Unreal/FPS_Game/Zombone/Saved/Config/Windows/Scalability.ini]
[2022.10.10-17.25.09:286][  0]LogConfig: Setting CVar [[r.SkeletalMeshLODBias:0]]
[2022.10.10-17.25.09:286][  0]LogConfig: Setting CVar [[r.ViewDistanceScale:1.0]]
[2022.10.10-17.25.09:286][  0]LogConfig: Applying CVar settings from Section [AntiAliasingQuality@3] File [D:/Portfolio/Unreal/FPS_Game/Zombone/Saved/Config/Windows/Scalability.ini]
[2022.10.10-17.25.09:286][  0]LogConfig: Setting CVar [[r.PostProcessAAQuality:4]]
[2022.10.10-17.25.09:286][  0]LogConfig: Applying CVar settings from Section [ShadowQuality@3] File [D:/Portfolio/Unreal/FPS_Game/Zombone/Saved/Config/Windows/Scalability.ini]
[2022.10.10-17.25.09:286][  0]LogConfig: Setting CVar [[r.LightFunctionQuality:1]]
[2022.10.10-17.25.09:286][  0]LogConfig: Setting CVar [[r.ShadowQuality:5]]
[2022.10.10-17.25.09:286][  0]LogConfig: Setting CVar [[r.Shadow.CSM.MaxCascades:10]]
[2022.10.10-17.25.09:286][  0]LogConfig: Setting CVar [[r.Shadow.MaxResolution:2048]]
[2022.10.10-17.25.09:286][  0]LogConfig: Setting CVar [[r.Shadow.MaxCSMResolution:2048]]
[2022.10.10-17.25.09:286][  0]LogConfig: Setting CVar [[r.Shadow.RadiusThreshold:0.01]]
[2022.10.10-17.25.09:287][  0]LogConfig: Setting CVar [[r.Shadow.DistanceScale:1.0]]
[2022.10.10-17.25.09:287][  0]LogConfig: Setting CVar [[r.Shadow.CSM.TransitionScale:1.0]]
[2022.10.10-17.25.09:287][  0]LogConfig: Setting CVar [[r.Shadow.PreShadowResolutionFactor:1.0]]
[2022.10.10-17.25.09:287][  0]LogConfig: Setting CVar [[r.DistanceFieldShadowing:1]]
[2022.10.10-17.25.09:287][  0]LogConfig: Setting CVar [[r.DistanceFieldAO:1]]
[2022.10.10-17.25.09:287][  0]LogConfig: Setting CVar [[r.AOQuality:2]]
[2022.10.10-17.25.09:287][  0]LogConfig: Setting CVar [[r.VolumetricFog:1]]
[2022.10.10-17.25.09:287][  0]LogConfig: Setting CVar [[r.VolumetricFog.GridPixelSize:8]]
[2022.10.10-17.25.09:287][  0]LogConfig: Setting CVar [[r.VolumetricFog.GridSizeZ:128]]
[2022.10.10-17.25.09:287][  0]LogConfig: Setting CVar [[r.VolumetricFog.HistoryMissSupersampleCount:4]]
[2022.10.10-17.25.09:287][  0]LogConfig: Setting CVar [[r.LightMaxDrawDistanceScale:1]]
[2022.10.10-17.25.09:287][  0]LogConfig: Setting CVar [[r.CapsuleShadows:1]]
[2022.10.10-17.25.09:287][  0]LogConfig: Applying CVar settings from Section [PostProcessQuality@3] File [D:/Portfolio/Unreal/FPS_Game/Zombone/Saved/Config/Windows/Scalability.ini]
[2022.10.10-17.25.09:287][  0]LogConfig: Setting CVar [[r.MotionBlurQuality:4]]
[2022.10.10-17.25.09:287][  0]LogConfig: Setting CVar [[r.AmbientOcclusionMipLevelFactor:0.4]]
[2022.10.10-17.25.09:287][  0]LogConfig: Setting CVar [[r.AmbientOcclusionMaxQuality:100]]
[2022.10.10-17.25.09:287][  0]LogConfig: Setting CVar [[r.AmbientOcclusionLevels:-1]]
[2022.10.10-17.25.09:287][  0]LogConfig: Setting CVar [[r.AmbientOcclusionRadiusScale:1.0]]
[2022.10.10-17.25.09:287][  0]LogConfig: Setting CVar [[r.DepthOfFieldQuality:2]]
[2022.10.10-17.25.09:287][  0]LogConfig: Setting CVar [[r.RenderTargetPoolMin:400]]
[2022.10.10-17.25.09:287][  0]LogConfig: Setting CVar [[r.LensFlareQuality:2]]
[2022.10.10-17.25.09:288][  0]LogConfig: Setting CVar [[r.SceneColorFringeQuality:1]]
[2022.10.10-17.25.09:288][  0]LogConfig: Setting CVar [[r.EyeAdaptationQuality:2]]
[2022.10.10-17.25.09:288][  0]LogConfig: Setting CVar [[r.BloomQuality:5]]
[2022.10.10-17.25.09:288][  0]LogConfig: Setting CVar [[r.FastBlurThreshold:100]]
[2022.10.10-17.25.09:288][  0]LogConfig: Setting CVar [[r.Upscale.Quality:3]]
[2022.10.10-17.25.09:288][  0]LogConfig: Setting CVar [[r.Tonemapper.GrainQuantization:1]]
[2022.10.10-17.25.09:288][  0]LogConfig: Setting CVar [[r.LightShaftQuality:1]]
[2022.10.10-17.25.09:288][  0]LogConfig: Setting CVar [[r.Filter.SizeScale:1]]
[2022.10.10-17.25.09:288][  0]LogConfig: Setting CVar [[r.Tonemapper.Quality:5]]
[2022.10.10-17.25.09:288][  0]LogConfig: Setting CVar [[r.DOF.Gather.AccumulatorQuality:1        ; higher gathering accumulator quality]]
[2022.10.10-17.25.09:288][  0]LogConfig: Setting CVar [[r.DOF.Gather.PostfilterMethod:1          ; Median3x3 postfilering method]]
[2022.10.10-17.25.09:288][  0]LogConfig: Setting CVar [[r.DOF.Gather.EnableBokehSettings:0       ; no bokeh simulation when gathering]]
[2022.10.10-17.25.09:288][  0]LogConfig: Setting CVar [[r.DOF.Gather.RingCount:4                 ; medium number of samples when gathering]]
[2022.10.10-17.25.09:288][  0]LogConfig: Setting CVar [[r.DOF.Scatter.ForegroundCompositing:1    ; additive foreground scattering]]
[2022.10.10-17.25.09:288][  0]LogConfig: Setting CVar [[r.DOF.Scatter.BackgroundCompositing:2    ; additive background scattering]]
[2022.10.10-17.25.09:288][  0]LogConfig: Setting CVar [[r.DOF.Scatter.EnableBokehSettings:1      ; bokeh simulation when scattering]]
[2022.10.10-17.25.09:288][  0]LogConfig: Setting CVar [[r.DOF.Scatter.MaxSpriteRatio:0.1         ; only a maximum of 10% of scattered bokeh]]
[2022.10.10-17.25.09:288][  0]LogConfig: Setting CVar [[r.DOF.Recombine.Quality:1                ; cheap slight out of focus]]
[2022.10.10-17.25.09:288][  0]LogConfig: Setting CVar [[r.DOF.Recombine.EnableBokehSettings:0    ; no bokeh simulation on slight out of focus]]
[2022.10.10-17.25.09:288][  0]LogConfig: Setting CVar [[r.DOF.TemporalAAQuality:1                ; more stable temporal accumulation]]
[2022.10.10-17.25.09:288][  0]LogConfig: Setting CVar [[r.DOF.Kernel.MaxForegroundRadius:0.025]]
[2022.10.10-17.25.09:288][  0]LogConfig: Setting CVar [[r.DOF.Kernel.MaxBackgroundRadius:0.025]]
[2022.10.10-17.25.09:289][  0]LogConfig: Applying CVar settings from Section [TextureQuality@3] File [D:/Portfolio/Unreal/FPS_Game/Zombone/Saved/Config/Windows/Scalability.ini]
[2022.10.10-17.25.09:289][  0]LogConfig: Setting CVar [[r.Streaming.MipBias:0]]
[2022.10.10-17.25.09:289][  0]LogConfig: Setting CVar [[r.Streaming.AmortizeCPUToGPUCopy:0]]
[2022.10.10-17.25.09:289][  0]LogConfig: Setting CVar [[r.Streaming.MaxNumTexturesToStreamPerFrame:0]]
[2022.10.10-17.25.09:289][  0]LogConfig: Setting CVar [[r.Streaming.Boost:1]]
[2022.10.10-17.25.09:289][  0]LogConfig: Setting CVar [[r.MaxAnisotropy:8]]
[2022.10.10-17.25.09:289][  0]LogConfig: Setting CVar [[r.VT.MaxAnisotropy:8]]
[2022.10.10-17.25.09:289][  0]LogConfig: Setting CVar [[r.Streaming.LimitPoolSizeToVRAM:0]]
[2022.10.10-17.25.09:289][  0]LogConfig: Setting CVar [[r.Streaming.PoolSize:1000]]
[2022.10.10-17.25.09:289][  0]LogConfig: Setting CVar [[r.Streaming.MaxEffectiveScreenSize:0]]
[2022.10.10-17.25.09:289][  0]LogConfig: Applying CVar settings from Section [EffectsQuality@3] File [D:/Portfolio/Unreal/FPS_Game/Zombone/Saved/Config/Windows/Scalability.ini]
[2022.10.10-17.25.09:289][  0]LogConfig: Setting CVar [[r.TranslucencyLightingVolumeDim:64]]
[2022.10.10-17.25.09:289][  0]LogConfig: Setting CVar [[r.RefractionQuality:2]]
[2022.10.10-17.25.09:289][  0]LogConfig: Setting CVar [[r.SSR.Quality:3]]
[2022.10.10-17.25.09:289][  0]LogConfig: Setting CVar [[r.SSR.HalfResSceneColor:0]]
[2022.10.10-17.25.09:289][  0]LogConfig: Setting CVar [[r.SceneColorFormat:4]]
[2022.10.10-17.25.09:289][  0]LogConfig: Setting CVar [[r.DetailMode:2]]
[2022.10.10-17.25.09:289][  0]LogConfig: Setting CVar [[r.TranslucencyVolumeBlur:1]]
[2022.10.10-17.25.09:289][  0]LogConfig: Setting CVar [[r.MaterialQualityLevel:1 ; High quality]]
[2022.10.10-17.25.09:289][  0]LogConfig: Setting CVar [[r.AnisotropicMaterials:1]]
[2022.10.10-17.25.09:289][  0]LogConfig: Setting CVar [[r.SSS.Scale:1]]
[2022.10.10-17.25.09:290][  0]LogConfig: Setting CVar [[r.SSS.SampleSet:2]]
[2022.10.10-17.25.09:290][  0]LogConfig: Setting CVar [[r.SSS.Quality:1]]
[2022.10.10-17.25.09:290][  0]LogConfig: Setting CVar [[r.SSS.HalfRes:0]]
[2022.10.10-17.25.09:290][  0]LogConfig: Setting CVar [[r.SSGI.Quality:3]]
[2022.10.10-17.25.09:290][  0]LogConfig: Setting CVar [[r.EmitterSpawnRateScale:1.0]]
[2022.10.10-17.25.09:290][  0]LogConfig: Setting CVar [[r.ParticleLightQuality:2]]
[2022.10.10-17.25.09:290][  0]LogConfig: Setting CVar [[r.SkyAtmosphere.AerialPerspectiveLUT.FastApplyOnOpaque:1 ; Always have FastSkyLUT 1 in this case to avoid wrong sky]]
[2022.10.10-17.25.09:290][  0]LogConfig: Setting CVar [[r.SkyAtmosphere.AerialPerspectiveLUT.SampleCountMaxPerSlice:4]]
[2022.10.10-17.25.09:290][  0]LogConfig: Setting CVar [[r.SkyAtmosphere.AerialPerspectiveLUT.DepthResolution:16.0]]
[2022.10.10-17.25.09:290][  0]LogConfig: Setting CVar [[r.SkyAtmosphere.FastSkyLUT:1]]
[2022.10.10-17.25.09:290][  0]LogConfig: Setting CVar [[r.SkyAtmosphere.FastSkyLUT.SampleCountMin:4.0]]
[2022.10.10-17.25.09:290][  0]LogConfig: Setting CVar [[r.SkyAtmosphere.FastSkyLUT.SampleCountMax:128.0]]
[2022.10.10-17.25.09:290][  0]LogConfig: Setting CVar [[r.SkyAtmosphere.SampleCountMin:4.0]]
[2022.10.10-17.25.09:290][  0]LogConfig: Setting CVar [[r.SkyAtmosphere.SampleCountMax:128.0]]
[2022.10.10-17.25.09:290][  0]LogConfig: Setting CVar [[r.SkyAtmosphere.TransmittanceLUT.UseSmallFormat:0]]
[2022.10.10-17.25.09:290][  0]LogConfig: Setting CVar [[r.SkyAtmosphere.TransmittanceLUT.SampleCount:10.0]]
[2022.10.10-17.25.09:290][  0]LogConfig: Setting CVar [[r.SkyAtmosphere.MultiScatteringLUT.SampleCount:15.0]]
[2022.10.10-17.25.09:290][  0]LogConfig: Setting CVar [[r.SkyLight.RealTimeReflectionCapture:1]]
[2022.10.10-17.25.09:290][  0]LogConfig: Applying CVar settings from Section [FoliageQuality@3] File [D:/Portfolio/Unreal/FPS_Game/Zombone/Saved/Config/Windows/Scalability.ini]
[2022.10.10-17.25.09:290][  0]LogConfig: Setting CVar [[foliage.DensityScale:1.0]]
[2022.10.10-17.25.09:290][  0]LogConfig: Setting CVar [[grass.DensityScale:1.0]]
[2022.10.10-17.25.09:291][  0]LogConfig: Applying CVar settings from Section [ShadingQuality@3] File [D:/Portfolio/Unreal/FPS_Game/Zombone/Saved/Config/Windows/Scalability.ini]
[2022.10.10-17.25.09:291][  0]LogConfig: Setting CVar [[r.HairStrands.SkyLighting.IntegrationType:2]]
[2022.10.10-17.25.09:291][  0]LogConfig: Setting CVar [[r.HairStrands.SkyAO.SampleCount:4]]
[2022.10.10-17.25.09:291][  0]LogConfig: Setting CVar [[r.HairStrands.Visibility.MSAA.SamplePerPixel:4]]
[2022.10.10-17.25.09:291][  0]LogInit: Selected Device Profile: [Windows]
[2022.10.10-17.25.09:291][  0]LogInit: Applying CVar settings loaded from the selected device profile: [Windows]
[2022.10.10-17.25.09:291][  0]LogHAL: Display: Platform has ~ 16 GB [17052086272 / 17179869184 / 16], which maps to Larger [LargestMinGB=32, LargerMinGB=12, DefaultMinGB=8, SmallerMinGB=6, SmallestMinGB=0)
[2022.10.10-17.25.09:291][  0]LogInit: Going up to parent DeviceProfile []
[2022.10.10-17.25.09:291][  0]LogConfig: Applying CVar settings from Section [ViewDistanceQuality@3] File [D:/Portfolio/Unreal/FPS_Game/Zombone/Saved/Config/Windows/Scalability.ini]
[2022.10.10-17.25.09:291][  0]LogConfig: Setting CVar [[r.SkeletalMeshLODBias:0]]
[2022.10.10-17.25.09:291][  0]LogConfig: Setting CVar [[r.ViewDistanceScale:1.0]]
[2022.10.10-17.25.09:291][  0]LogConfig: Applying CVar settings from Section [AntiAliasingQuality@3] File [D:/Portfolio/Unreal/FPS_Game/Zombone/Saved/Config/Windows/Scalability.ini]
[2022.10.10-17.25.09:291][  0]LogConfig: Setting CVar [[r.PostProcessAAQuality:4]]
[2022.10.10-17.25.09:291][  0]LogConfig: Applying CVar settings from Section [ShadowQuality@3] File [D:/Portfolio/Unreal/FPS_Game/Zombone/Saved/Config/Windows/Scalability.ini]
[2022.10.10-17.25.09:291][  0]LogConfig: Setting CVar [[r.LightFunctionQuality:1]]
[2022.10.10-17.25.09:291][  0]LogConfig: Setting CVar [[r.ShadowQuality:5]]
[2022.10.10-17.25.09:291][  0]LogConfig: Setting CVar [[r.Shadow.CSM.MaxCascades:10]]
[2022.10.10-17.25.09:291][  0]LogConfig: Setting CVar [[r.Shadow.MaxResolution:2048]]
[2022.10.10-17.25.09:291][  0]LogConfig: Setting CVar [[r.Shadow.MaxCSMResolution:2048]]
[2022.10.10-17.25.09:292][  0]LogConfig: Setting CVar [[r.Shadow.RadiusThreshold:0.01]]
[2022.10.10-17.25.09:292][  0]LogConfig: Setting CVar [[r.Shadow.DistanceScale:1.0]]
[2022.10.10-17.25.09:292][  0]LogConfig: Setting CVar [[r.Shadow.CSM.TransitionScale:1.0]]
[2022.10.10-17.25.09:292][  0]LogConfig: Setting CVar [[r.Shadow.PreShadowResolutionFactor:1.0]]
[2022.10.10-17.25.09:292][  0]LogConfig: Setting CVar [[r.DistanceFieldShadowing:1]]
[2022.10.10-17.25.09:292][  0]LogConfig: Setting CVar [[r.DistanceFieldAO:1]]
[2022.10.10-17.25.09:292][  0]LogConfig: Setting CVar [[r.AOQuality:2]]
[2022.10.10-17.25.09:292][  0]LogConfig: Setting CVar [[r.VolumetricFog:1]]
[2022.10.10-17.25.09:292][  0]LogConfig: Setting CVar [[r.VolumetricFog.GridPixelSize:8]]
[2022.10.10-17.25.09:292][  0]LogConfig: Setting CVar [[r.VolumetricFog.GridSizeZ:128]]
[2022.10.10-17.25.09:292][  0]LogConfig: Setting CVar [[r.VolumetricFog.HistoryMissSupersampleCount:4]]
[2022.10.10-17.25.09:292][  0]LogConfig: Setting CVar [[r.LightMaxDrawDistanceScale:1]]
[2022.10.10-17.25.09:292][  0]LogConfig: Setting CVar [[r.CapsuleShadows:1]]
[2022.10.10-17.25.09:292][  0]LogConfig: Applying CVar settings from Section [PostProcessQuality@3] File [D:/Portfolio/Unreal/FPS_Game/Zombone/Saved/Config/Windows/Scalability.ini]
[2022.10.10-17.25.09:292][  0]LogConfig: Setting CVar [[r.MotionBlurQuality:4]]
[2022.10.10-17.25.09:292][  0]LogConfig: Setting CVar [[r.AmbientOcclusionMipLevelFactor:0.4]]
[2022.10.10-17.25.09:292][  0]LogConfig: Setting CVar [[r.AmbientOcclusionMaxQuality:100]]
[2022.10.10-17.25.09:292][  0]LogConfig: Setting CVar [[r.AmbientOcclusionLevels:-1]]
[2022.10.10-17.25.09:292][  0]LogConfig: Setting CVar [[r.AmbientOcclusionRadiusScale:1.0]]
[2022.10.10-17.25.09:292][  0]LogConfig: Setting CVar [[r.DepthOfFieldQuality:2]]
[2022.10.10-17.25.09:292][  0]LogConfig: Setting CVar [[r.RenderTargetPoolMin:400]]
[2022.10.10-17.25.09:293][  0]LogConfig: Setting CVar [[r.LensFlareQuality:2]]
[2022.10.10-17.25.09:293][  0]LogConfig: Setting CVar [[r.SceneColorFringeQuality:1]]
[2022.10.10-17.25.09:293][  0]LogConfig: Setting CVar [[r.EyeAdaptationQuality:2]]
[2022.10.10-17.25.09:293][  0]LogConfig: Setting CVar [[r.BloomQuality:5]]
[2022.10.10-17.25.09:293][  0]LogConfig: Setting CVar [[r.FastBlurThreshold:100]]
[2022.10.10-17.25.09:293][  0]LogConfig: Setting CVar [[r.Upscale.Quality:3]]
[2022.10.10-17.25.09:293][  0]LogConfig: Setting CVar [[r.Tonemapper.GrainQuantization:1]]
[2022.10.10-17.25.09:293][  0]LogConfig: Setting CVar [[r.LightShaftQuality:1]]
[2022.10.10-17.25.09:293][  0]LogConfig: Setting CVar [[r.Filter.SizeScale:1]]
[2022.10.10-17.25.09:293][  0]LogConfig: Setting CVar [[r.Tonemapper.Quality:5]]
[2022.10.10-17.25.09:293][  0]LogConfig: Setting CVar [[r.DOF.Gather.AccumulatorQuality:1        ; higher gathering accumulator quality]]
[2022.10.10-17.25.09:293][  0]LogConfig: Setting CVar [[r.DOF.Gather.PostfilterMethod:1          ; Median3x3 postfilering method]]
[2022.10.10-17.25.09:293][  0]LogConfig: Setting CVar [[r.DOF.Gather.EnableBokehSettings:0       ; no bokeh simulation when gathering]]
[2022.10.10-17.25.09:293][  0]LogConfig: Setting CVar [[r.DOF.Gather.RingCount:4                 ; medium number of samples when gathering]]
[2022.10.10-17.25.09:293][  0]LogConfig: Setting CVar [[r.DOF.Scatter.ForegroundCompositing:1    ; additive foreground scattering]]
[2022.10.10-17.25.09:293][  0]LogConfig: Setting CVar [[r.DOF.Scatter.BackgroundCompositing:2    ; additive background scattering]]
[2022.10.10-17.25.09:293][  0]LogConfig: Setting CVar [[r.DOF.Scatter.EnableBokehSettings:1      ; bokeh simulation when scattering]]
[2022.10.10-17.25.09:293][  0]LogConfig: Setting CVar [[r.DOF.Scatter.MaxSpriteRatio:0.1         ; only a maximum of 10% of scattered bokeh]]
[2022.10.10-17.25.09:293][  0]LogConfig: Setting CVar [[r.DOF.Recombine.Quality:1                ; cheap slight out of focus]]
[2022.10.10-17.25.09:293][  0]LogConfig: Setting CVar [[r.DOF.Recombine.EnableBokehSettings:0    ; no bokeh simulation on slight out of focus]]
[2022.10.10-17.25.09:293][  0]LogConfig: Setting CVar [[r.DOF.TemporalAAQuality:1                ; more stable temporal accumulation]]
[2022.10.10-17.25.09:293][  0]LogConfig: Setting CVar [[r.DOF.Kernel.MaxForegroundRadius:0.025]]
[2022.10.10-17.25.09:294][  0]LogConfig: Setting CVar [[r.DOF.Kernel.MaxBackgroundRadius:0.025]]
[2022.10.10-17.25.09:294][  0]LogConfig: Applying CVar settings from Section [TextureQuality@3] File [D:/Portfolio/Unreal/FPS_Game/Zombone/Saved/Config/Windows/Scalability.ini]
[2022.10.10-17.25.09:294][  0]LogConfig: Setting CVar [[r.Streaming.MipBias:0]]
[2022.10.10-17.25.09:294][  0]LogConfig: Setting CVar [[r.Streaming.AmortizeCPUToGPUCopy:0]]
[2022.10.10-17.25.09:294][  0]LogConfig: Setting CVar [[r.Streaming.MaxNumTexturesToStreamPerFrame:0]]
[2022.10.10-17.25.09:294][  0]LogConfig: Setting CVar [[r.Streaming.Boost:1]]
[2022.10.10-17.25.09:294][  0]LogConfig: Setting CVar [[r.MaxAnisotropy:8]]
[2022.10.10-17.25.09:294][  0]LogConfig: Setting CVar [[r.VT.MaxAnisotropy:8]]
[2022.10.10-17.25.09:294][  0]LogConfig: Setting CVar [[r.Streaming.LimitPoolSizeToVRAM:0]]
[2022.10.10-17.25.09:294][  0]LogConfig: Setting CVar [[r.Streaming.PoolSize:1000]]
[2022.10.10-17.25.09:294][  0]LogConfig: Setting CVar [[r.Streaming.MaxEffectiveScreenSize:0]]
[2022.10.10-17.25.09:294][  0]LogConfig: Applying CVar settings from Section [EffectsQuality@3] File [D:/Portfolio/Unreal/FPS_Game/Zombone/Saved/Config/Windows/Scalability.ini]
[2022.10.10-17.25.09:294][  0]LogConfig: Setting CVar [[r.TranslucencyLightingVolumeDim:64]]
[2022.10.10-17.25.09:294][  0]LogConfig: Setting CVar [[r.RefractionQuality:2]]
[2022.10.10-17.25.09:294][  0]LogConfig: Setting CVar [[r.SSR.Quality:3]]
[2022.10.10-17.25.09:294][  0]LogConfig: Setting CVar [[r.SSR.HalfResSceneColor:0]]
[2022.10.10-17.25.09:294][  0]LogConfig: Setting CVar [[r.SceneColorFormat:4]]
[2022.10.10-17.25.09:294][  0]LogConfig: Setting CVar [[r.DetailMode:2]]
[2022.10.10-17.25.09:294][  0]LogConfig: Setting CVar [[r.TranslucencyVolumeBlur:1]]
[2022.10.10-17.25.09:294][  0]LogConfig: Setting CVar [[r.MaterialQualityLevel:1 ; High quality]]
[2022.10.10-17.25.09:294][  0]LogConfig: Setting CVar [[r.AnisotropicMaterials:1]]
[2022.10.10-17.25.09:295][  0]LogConfig: Setting CVar [[r.SSS.Scale:1]]
[2022.10.10-17.25.09:295][  0]LogConfig: Setting CVar [[r.SSS.SampleSet:2]]
[2022.10.10-17.25.09:295][  0]LogConfig: Setting CVar [[r.SSS.Quality:1]]
[2022.10.10-17.25.09:295][  0]LogConfig: Setting CVar [[r.SSS.HalfRes:0]]
[2022.10.10-17.25.09:295][  0]LogConfig: Setting CVar [[r.SSGI.Quality:3]]
[2022.10.10-17.25.09:295][  0]LogConfig: Setting CVar [[r.EmitterSpawnRateScale:1.0]]
[2022.10.10-17.25.09:295][  0]LogConfig: Setting CVar [[r.ParticleLightQuality:2]]
[2022.10.10-17.25.09:295][  0]LogConfig: Setting CVar [[r.SkyAtmosphere.AerialPerspectiveLUT.FastApplyOnOpaque:1 ; Always have FastSkyLUT 1 in this case to avoid wrong sky]]
[2022.10.10-17.25.09:295][  0]LogConfig: Setting CVar [[r.SkyAtmosphere.AerialPerspectiveLUT.SampleCountMaxPerSlice:4]]
[2022.10.10-17.25.09:295][  0]LogConfig: Setting CVar [[r.SkyAtmosphere.AerialPerspectiveLUT.DepthResolution:16.0]]
[2022.10.10-17.25.09:295][  0]LogConfig: Setting CVar [[r.SkyAtmosphere.FastSkyLUT:1]]
[2022.10.10-17.25.09:295][  0]LogConfig: Setting CVar [[r.SkyAtmosphere.FastSkyLUT.SampleCountMin:4.0]]
[2022.10.10-17.25.09:295][  0]LogConfig: Setting CVar [[r.SkyAtmosphere.FastSkyLUT.SampleCountMax:128.0]]
[2022.10.10-17.25.09:295][  0]LogConfig: Setting CVar [[r.SkyAtmosphere.SampleCountMin:4.0]]
[2022.10.10-17.25.09:295][  0]LogConfig: Setting CVar [[r.SkyAtmosphere.SampleCountMax:128.0]]
[2022.10.10-17.25.09:295][  0]LogConfig: Setting CVar [[r.SkyAtmosphere.TransmittanceLUT.UseSmallFormat:0]]
[2022.10.10-17.25.09:295][  0]LogConfig: Setting CVar [[r.SkyAtmosphere.TransmittanceLUT.SampleCount:10.0]]
[2022.10.10-17.25.09:295][  0]LogConfig: Setting CVar [[r.SkyAtmosphere.MultiScatteringLUT.SampleCount:15.0]]
[2022.10.10-17.25.09:295][  0]LogConfig: Setting CVar [[r.SkyLight.RealTimeReflectionCapture:1]]
[2022.10.10-17.25.09:295][  0]LogConfig: Applying CVar settings from Section [FoliageQuality@3] File [D:/Portfolio/Unreal/FPS_Game/Zombone/Saved/Config/Windows/Scalability.ini]
[2022.10.10-17.25.09:295][  0]LogConfig: Setting CVar [[foliage.DensityScale:1.0]]
[2022.10.10-17.25.09:295][  0]LogConfig: Setting CVar [[grass.DensityScale:1.0]]
[2022.10.10-17.25.09:296][  0]LogConfig: Applying CVar settings from Section [ShadingQuality@3] File [D:/Portfolio/Unreal/FPS_Game/Zombone/Saved/Config/Windows/Scalability.ini]
[2022.10.10-17.25.09:296][  0]LogConfig: Setting CVar [[r.HairStrands.SkyLighting.IntegrationType:2]]
[2022.10.10-17.25.09:296][  0]LogConfig: Setting CVar [[r.HairStrands.SkyAO.SampleCount:4]]
[2022.10.10-17.25.09:296][  0]LogConfig: Setting CVar [[r.HairStrands.Visibility.MSAA.SamplePerPixel:4]]
[2022.10.10-17.25.09:296][  0]LogConfig: Applying CVar settings from Section [Startup] File [../../../Engine/Config/ConsoleVariables.ini]
[2022.10.10-17.25.09:296][  0]LogConfig: Setting CVar [[net.UseAdaptiveNetUpdateFrequency:0]]
[2022.10.10-17.25.09:296][  0]LogConfig: Setting CVar [[p.chaos.AllowCreatePhysxBodies:1]]
[2022.10.10-17.25.09:296][  0]LogConfig: Setting CVar [[fx.SkipVectorVMBackendOptimizations:1]]
[2022.10.10-17.25.09:296][  0]LogConfig: Applying CVar settings from Section [ConsoleVariables] File [D:/Portfolio/Unreal/FPS_Game/Zombone/Saved/Config/Windows/Engine.ini]
[2022.10.10-17.25.09:296][  0]LogConfig: Applying CVar settings from Section [ConsoleVariables] File [D:/Portfolio/Unreal/FPS_Game/Zombone/Saved/Config/Windows/Editor.ini]
[2022.10.10-17.25.09:297][  0]LogInit: Computer: LAPTOP-3NPPO45G
[2022.10.10-17.25.09:297][  0]LogInit: User: timve
[2022.10.10-17.25.09:297][  0]LogInit: CPU Page size=4096, Cores=4
[2022.10.10-17.25.09:297][  0]LogInit: High frequency timer resolution =10.000000 MHz
[2022.10.10-17.25.09:297][  0]LogMemory: Memory total: Physical=15.9GB (16GB approx)
[2022.10.10-17.25.09:297][  0]LogMemory: Platform Memory Stats for Windows
[2022.10.10-17.25.09:297][  0]LogMemory: Process Physical Memory: 143.20 MB used, 143.20 MB peak
[2022.10.10-17.25.09:297][  0]LogMemory: Process Virtual Memory: 114.29 MB used, 114.29 MB peak
[2022.10.10-17.25.09:297][  0]LogMemory: Physical Memory: 10191.24 MB used,  6070.90 MB free, 16262.14 MB total
[2022.10.10-17.25.09:297][  0]LogMemory: Virtual Memory: 134209400.00 MB used,  8327.12 MB free, 134217728.00 MB total
[2022.10.10-17.25.09:305][  0]LogWindows: WindowsPlatformFeatures enabled
[2022.10.10-17.25.09:428][  0]LogInit: Physics initialised using underlying interface: PhysX
[2022.10.10-17.25.09:429][  0]LogInit: Using OS detected language (en-US).
[2022.10.10-17.25.09:429][  0]LogInit: Using OS detected locale (nl-BE).
[2022.10.10-17.25.09:432][  0]LogTextLocalizationManager: No specific localization for 'en-US' exists, so the 'en' localization will be used.
[2022.10.10-17.25.09:849][  0]LogInit: Setting process to per monitor DPI aware
[2022.10.10-17.25.10:014][  0]LogWindowsTextInputMethodSystem: Display: IME system deactivated.
[2022.10.10-17.25.10:236][  0]LogSlate: New Slate User Created.  User Index 0, Is Virtual User: 0
[2022.10.10-17.25.10:236][  0]LogSlate: Slate User Registered.  User Index 0, Is Virtual User: 0
[2022.10.10-17.25.10:335][  0]LogD3D11RHI: Loaded GFSDK_Aftermath_Lib.x64.dll
[2022.10.10-17.25.10:341][  0]LogHMD: Failed to initialize OpenVR with code 110
[2022.10.10-17.25.10:341][  0]LogD3D11RHI: D3D11 min allowed feature level: 11_0
[2022.10.10-17.25.10:341][  0]LogD3D11RHI: D3D11 max allowed feature level: 11_0
[2022.10.10-17.25.10:341][  0]LogD3D11RHI: D3D11 adapters:
[2022.10.10-17.25.10:471][  0]LogD3D11RHI:    0. 'NVIDIA GeForce RTX 2060' (Feature Level 11_0)
[2022.10.10-17.25.10:471][  0]LogD3D11RHI:       5980/0/8131 MB DedicatedVideo/DedicatedSystem/SharedSystem, Outputs:1, VendorId:0x10de
[2022.10.10-17.25.10:475][  0]LogD3D11RHI:    1. 'Microsoft Basic Render Driver' (Feature Level 11_0)
[2022.10.10-17.25.10:475][  0]LogD3D11RHI:       0/0/8131 MB DedicatedVideo/DedicatedSystem/SharedSystem, Outputs:0, VendorId:0x1414
[2022.10.10-17.25.10:475][  0]LogD3D11RHI: Chosen D3D11 Adapter:
[2022.10.10-17.25.10:475][  0]LogD3D11RHI:     Description : NVIDIA GeForce RTX 2060
[2022.10.10-17.25.10:475][  0]LogD3D11RHI:     VendorId    : 10de
[2022.10.10-17.25.10:475][  0]LogD3D11RHI:     DeviceId    : 1f11
[2022.10.10-17.25.10:475][  0]LogD3D11RHI:     SubSysId    : 8600103c
[2022.10.10-17.25.10:475][  0]LogD3D11RHI:     Revision    : 00a1
[2022.10.10-17.25.10:475][  0]LogD3D11RHI:     DedicatedVideoMemory : 6270484480 bytes
[2022.10.10-17.25.10:475][  0]LogD3D11RHI:     DedicatedSystemMemory : 0 bytes
[2022.10.10-17.25.10:475][  0]LogD3D11RHI:     SharedSystemMemory : 8526043136 bytes
[2022.10.10-17.25.10:475][  0]LogD3D11RHI:     AdapterLuid : 0 81227
[2022.10.10-17.25.10:481][  0]LogD3D11RHI: Creating new Direct3DDevice
[2022.10.10-17.25.10:481][  0]LogD3D11RHI:     GPU DeviceId: 0x1f11 (for the marketing name, search the web for "GPU Device Id")
[2022.10.10-17.25.10:482][  0]LogWindows: EnumDisplayDevices:
[2022.10.10-17.25.10:483][  0]LogWindows:    0. 'NVIDIA GeForce RTX 2060' (P:1 D:1)
[2022.10.10-17.25.10:483][  0]LogWindows:    1. 'NVIDIA GeForce RTX 2060' (P:0 D:0)
[2022.10.10-17.25.10:483][  0]LogWindows:    2. 'NVIDIA GeForce RTX 2060' (P:0 D:0)
[2022.10.10-17.25.10:483][  0]LogWindows:    3. 'NVIDIA GeForce RTX 2060' (P:0 D:0)
[2022.10.10-17.25.10:484][  0]LogWindows: DebugString: FoundDriverCount:4 
[2022.10.10-17.25.10:484][  0]LogD3D11RHI:     Adapter Name: NVIDIA GeForce RTX 2060
[2022.10.10-17.25.10:484][  0]LogD3D11RHI:   Driver Version: 512.78 (internal:30.0.15.1278, unified:512.78)
[2022.10.10-17.25.10:484][  0]LogD3D11RHI:      Driver Date: 5-5-2022
[2022.10.10-17.25.10:484][  0]LogRHI: Texture pool is 4186 MB (70% of 5980 MB)
[2022.10.10-17.25.10:484][  0]LogD3D11RHI: Creating D3DDevice using adapter:
[2022.10.10-17.25.10:484][  0]LogD3D11RHI:     Description : NVIDIA GeForce RTX 2060
[2022.10.10-17.25.10:484][  0]LogD3D11RHI:     VendorId    : 10de
[2022.10.10-17.25.10:484][  0]LogD3D11RHI:     DeviceId    : 1f11
[2022.10.10-17.25.10:484][  0]LogD3D11RHI:     SubSysId    : 8600103c
[2022.10.10-17.25.10:484][  0]LogD3D11RHI:     Revision    : 00a1
[2022.10.10-17.25.10:484][  0]LogD3D11RHI:     DedicatedVideoMemory : 6270484480 bytes
[2022.10.10-17.25.10:484][  0]LogD3D11RHI:     DedicatedSystemMemory : 0 bytes
[2022.10.10-17.25.10:484][  0]LogD3D11RHI:     SharedSystemMemory : 8526043136 bytes
[2022.10.10-17.25.10:484][  0]LogD3D11RHI:     AdapterLuid : 0 81227
[2022.10.10-17.25.10:547][  0]LogD3D11RHI: RHI has support for 64 bit atomics
[2022.10.10-17.25.10:548][  0]LogD3D11RHI: Async texture creation enabled
[2022.10.10-17.25.10:548][  0]LogD3D11RHI: Array index from any shader is supported
[2022.10.10-17.25.10:562][  0]LogD3D11RHI: GPU Timing Frequency: 1000.000000 (Debug: 2 1)
[2022.10.10-17.25.10:612][  0]LogRHI: GeForceNow SDK initialized: 1
[2022.10.10-17.25.10:883][  0]LogTargetPlatformManager: Display: Loaded TargetPlatform 'AllDesktop'
[2022.10.10-17.25.10:903][  0]LogTargetPlatformManager: Display: Loaded TargetPlatform 'Android'
[2022.10.10-17.25.10:903][  0]LogTargetPlatformManager: Display: Loaded TargetPlatform 'Android_ASTC'
[2022.10.10-17.25.10:903][  0]LogTargetPlatformManager: Display: Loaded TargetPlatform 'Android_DXT'
[2022.10.10-17.25.10:904][  0]LogTargetPlatformManager: Display: Loaded TargetPlatform 'Android_ETC2'
[2022.10.10-17.25.10:904][  0]LogTargetPlatformManager: Display: Loaded TargetPlatform 'AndroidClient'
[2022.10.10-17.25.10:904][  0]LogTargetPlatformManager: Display: Loaded TargetPlatform 'Android_ASTCClient'
[2022.10.10-17.25.10:904][  0]LogTargetPlatformManager: Display: Loaded TargetPlatform 'Android_DXTClient'
[2022.10.10-17.25.10:904][  0]LogTargetPlatformManager: Display: Loaded TargetPlatform 'Android_ETC2Client'
[2022.10.10-17.25.10:904][  0]LogTargetPlatformManager: Display: Loaded TargetPlatform 'Android_Multi'
[2022.10.10-17.25.10:904][  0]LogTargetPlatformManager: Display: Loaded TargetPlatform 'Android_MultiClient'
[2022.10.10-17.25.10:924][  0]LogTargetPlatformManager: Display: Loaded TargetPlatform 'IOSClient'
[2022.10.10-17.25.10:924][  0]LogTargetPlatformManager: Display: Loaded TargetPlatform 'IOS'
[2022.10.10-17.25.10:932][  0]LogTargetPlatformManager: Display: Loaded TargetPlatform 'Linux'
[2022.10.10-17.25.10:937][  0]LogTargetPlatformManager: Display: Loaded TargetPlatform 'LinuxNoEditor'
[2022.10.10-17.25.10:943][  0]LogTargetPlatformManager: Display: Loaded TargetPlatform 'LinuxClient'
[2022.10.10-17.25.10:948][  0]LogTargetPlatformManager: Display: Loaded TargetPlatform 'LinuxServer'
[2022.10.10-17.25.10:956][  0]LogTargetPlatformManager: Display: Loaded TargetPlatform 'LinuxAArch64NoEditor'
[2022.10.10-17.25.10:961][  0]LogTargetPlatformManager: Display: Loaded TargetPlatform 'LinuxAArch64Client'
[2022.10.10-17.25.10:966][  0]LogTargetPlatformManager: Display: Loaded TargetPlatform 'LinuxAArch64Server'
[2022.10.10-17.25.10:989][  0]LogTargetPlatformManager: Display: Loaded TargetPlatform 'Lumin'
[2022.10.10-17.25.10:990][  0]LogTargetPlatformManager: Display: Loaded TargetPlatform 'LuminClient'
[2022.10.10-17.25.10:998][  0]LogTargetPlatformManager: Display: Loaded TargetPlatform 'MacNoEditor'
[2022.10.10-17.25.11:004][  0]LogTargetPlatformManager: Display: Loaded TargetPlatform 'Mac'
[2022.10.10-17.25.11:008][  0]LogTargetPlatformManager: Display: Loaded TargetPlatform 'MacClient'
[2022.10.10-17.25.11:013][  0]LogTargetPlatformManager: Display: Loaded TargetPlatform 'MacServer'
[2022.10.10-17.25.11:023][  0]LogTargetPlatformManager: Display: Loaded TargetPlatform 'TVOSClient'
[2022.10.10-17.25.11:023][  0]LogTargetPlatformManager: Display: Loaded TargetPlatform 'TVOS'
[2022.10.10-17.25.11:032][  0]LogTargetPlatformManager: Display: Loaded TargetPlatform 'WindowsNoEditor'
[2022.10.10-17.25.11:037][  0]LogTargetPlatformManager: Display: Loaded TargetPlatform 'Windows'
[2022.10.10-17.25.11:042][  0]LogTargetPlatformManager: Display: Loaded TargetPlatform 'WindowsClient'
[2022.10.10-17.25.11:048][  0]LogTargetPlatformManager: Display: Loaded TargetPlatform 'WindowsServer'
[2022.10.10-17.25.11:048][  0]LogTargetPlatformManager: Display: Building Assets For Windows
[2022.10.10-17.25.11:058][  0]LogAudioDebug: Display: Lib vorbis DLL was dynamically loaded.
[2022.10.10-17.25.11:098][  0]LogTextureFormatOodle: Display: Oodle Texture 2.9.0 init RDO Off
[2022.10.10-17.25.11:148][  0]LogRendererCore: Ray tracing is disabled. Reason: r.RayTracing=0.
[2022.10.10-17.25.11:148][  0]LogShaderCompilers: Guid format shader working directory is -3 characters bigger than the processId version (../../../../../Portfolio/Unreal/FPS_Game/Zombone/Intermediate/Shaders/WorkingDirectory/16932/).
[2022.10.10-17.25.11:148][  0]LogShaderCompilers: Cleaned the shader compiler working directory 'C:/Users/timve/AppData/Local/Temp/UnrealShaderWorkingDir/BE176EF74C2B73E6AA31ED9329AC5E70/'.
[2022.10.10-17.25.11:149][  0]LogXGEController: Cannot use XGE Controller as Incredibuild is not installed on this machine.
[2022.10.10-17.25.11:149][  0]LogShaderCompilers: Cannot use XGE Shader Compiler as Incredibuild is not installed on this machine.
[2022.10.10-17.25.11:149][  0]LogShaderCompilers: Display: Using Local Shader Compiler.
[2022.10.10-17.25.11:844][  0]LogDerivedDataCache: Display: Max Cache Size: 512 MB
[2022.10.10-17.25.11:896][  0]LogDerivedDataCache: Loaded boot cache 0.05s 99MB C:/Users/timve/AppData/Local/UnrealEngine/4.27/DerivedDataCache/Boot.ddc.
[2022.10.10-17.25.11:897][  0]LogDerivedDataCache: Display: Loaded Boot cache: C:/Users/timve/AppData/Local/UnrealEngine/4.27/DerivedDataCache/Boot.ddc
[2022.10.10-17.25.11:898][  0]LogDerivedDataCache: FDerivedDataBackendGraph:  Pak pak cache file ../../../../../Portfolio/Unreal/FPS_Game/Zombone/DerivedDataCache/DDC.ddp not found, will not use a pak cache.
[2022.10.10-17.25.11:898][  0]LogDerivedDataCache: Unable to find inner node Pak for hierarchical cache Hierarchy.
[2022.10.10-17.25.11:898][  0]LogDerivedDataCache: FDerivedDataBackendGraph:  CompressedPak pak cache file ../../../../../Portfolio/Unreal/FPS_Game/Zombone/DerivedDataCache/Compressed.ddp not found, will not use a pak cache.
[2022.10.10-17.25.11:898][  0]LogDerivedDataCache: Unable to find inner node CompressedPak for hierarchical cache Hierarchy.
[2022.10.10-17.25.11:914][  0]LogDerivedDataCache: Display: Pak cache opened for reading ../../../Engine/DerivedDataCache/Compressed.ddp.
[2022.10.10-17.25.11:914][  0]LogDerivedDataCache: FDerivedDataBackendGraph:  EnterprisePak pak cache file ../../../Enterprise/DerivedDataCache/Compressed.ddp not found, will not use a pak cache.
[2022.10.10-17.25.11:914][  0]LogDerivedDataCache: Unable to find inner node EnterprisePak for hierarchical cache Hierarchy.
[2022.10.10-17.25.11:928][  0]LogDerivedDataCache: Speed tests for C:/Users/timve/AppData/Local/UnrealEngine/Common/DerivedDataCache took 0.01 seconds
[2022.10.10-17.25.11:928][  0]LogDerivedDataCache: Display: Performance to C:/Users/timve/AppData/Local/UnrealEngine/Common/DerivedDataCache: Latency=0.03ms. RandomReadSpeed=1440.93MBs, RandomWriteSpeed=74.25MBs. Assigned SpeedClass 'Local'
[2022.10.10-17.25.11:931][  0]LogDerivedDataCache: Using Local data cache path C:/Users/timve/AppData/Local/UnrealEngine/Common/DerivedDataCache: Writable
[2022.10.10-17.25.11:931][  0]LogDerivedDataCache: Shared data cache path not found in *engine.ini, will not use an Shared cache.
[2022.10.10-17.25.11:931][  0]LogDerivedDataCache: Unable to find inner node Shared for hierarchical cache Hierarchy.
[2022.10.10-17.25.11:975][  0]LogSlate: Using FreeType 2.10.0
[2022.10.10-17.25.11:975][  0]LogSlate: SlateFontServices - WITH_FREETYPE: 1, WITH_HARFBUZZ: 1
[2022.10.10-17.25.12:000][  0]LogAssetRegistry: FAssetRegistry took 0.0039 seconds to start up
[2022.10.10-17.25.12:207][  0]LogInit: Selected Device Profile: [Windows]
[2022.10.10-17.25.12:208][  0]LogInit: Active device profile: [000001F59B4F6A00][000001F59019CDC0 49] Windows
[2022.10.10-17.25.12:208][  0]LogInit: Profiles: [000001F59B4F6A00][000001F59019CDC0 49] Windows, [000001F59B4AD800][000001F5901B4F40 49] WindowsNoEditor, [000001F59B4F5800][000001F5901B90C0 49] WindowsServer, [000001F59B4AD600][000001F59C695240 49] WindowsClient, [000001F59B4F5000][000001F59C6993C0 49] IOS, [000001F59B4AFA00][000001F59C69D540 49] iPadAir, [000001F59B4F7D00][000001F59C1B56C0 49] iPadAir2, [000001F59B43E900][000001F59C1BD980 49] IPadPro, [000001F59B43EA00][000001F59C1B99C0 49] iPadAir3, [000001F59B4F4100][000001F59C1C1B40 49] iPadAir4, [000001F59B43F500][000001F59C1C4140 49] iPadMini2, [000001F59B4F7700][000001F5989DA2C0 49] iPadMini3, [000001F59B43D700][000001F5989DE440 49] iPadMini4, [000001F59B4F5F00][000001F59C2385C0 49] iPadMini5, [000001F59B46E200][000001F5901A0840 49] iPhone6, [000001F59B46E300][000001F59C23C880 49] iPodTouch6, [000001F59B43DE00][000001F598A22AC0 49] iPhone7, [000001F59B43DF00][000001F598A1EB00 49] iPodTouch7, [000001F59B46ED00][000001F59C240C80 49] iPhone5S, [000001F59B43CA00][000001F59C244E00 49] iPhone6Plus, [000001F59B46DC00][000001F59C24CF80 49] iPhone6S, [000001F59B43E800][000001F59C251100 49] iPhone6SPlus, [000001F59B46FE00][000001F59C255280 49] iPhone7Plus, [000001F59B43FD00][000001F590133400 49] iPhoneSE, [000001F59B46FC00][000001F590137580 49] iPhone8, [000001F59B43E300][000001F59013B700 49] iPhone8Plus, [000001F59B46D400][000001F59013F880 49] iPhoneX, [000001F59B43D000][000001F590143A00 49] iPhoneXS, [000001F59B46FF00][000001F590147B80 49] iPhoneXSMax, [000001F59B43D800][000001F59014A180 49] iPhoneXR, [000001F59B46EC00][000001F59012E300 49] iPhone11, [000001F59B43CC00][000001F59C248480 49] iPhone11Pro, [000001F59B46E100][000001F59C4C4600 49] iPhone11ProMax, [000001F59B43CE00][000001F59C4C8780 49] iPhoneSE2, [000001F59B46F700][000001F59C4CC900 49] iPhone12Mini, [000001F59B43E500][000001F598A26A40 49] iPhone12, [000001F59B46C900][000001F59C4D0B80 49] iPhone12Pro, [000001F59B43D900][000001F59C4D4CC0 49] iPhone12ProMax, [000001F59B46F900][000001F59C4DCE40 49] iPadPro105, [000001F59B43E200][000001F59C4E0FC0 49] iPadPro129, [000001F59B46C500][000001F59C4E5140 49] iPadPro97, [000001F59B43F000][000001F59C5BF2C0 49] iPadPro2_129, [000001F59B46EB00][000001F59C5C3440 49] iPad5, [000001F59B43C200][000001F59C5C75C0 49] iPad6, [000001F59B46F600][000001F59C5CB740 49] iPad7, [000001F59B43DC00][000001F59C5CF8C0 49] iPad8, [000001F59B46F500][000001F59C5D3A40 49] iPadPro11, [000001F59B43C800][000001F59C5D7BC0 49] iPadPro2_11, [000001F59B46D900][000001F59C5DA1C0 49] iPadPro3_129, [000001F59B551300][000001F59C5DE340 49] iPadPro4_129, [000001F59B4AF500][000001F59C5E24C0 49] AppleTV, [000001F59B550300][000001F59C5E6640 49] AppleTV4K, [000001F59B4AC100][000001F59C5EA7C0 49] TVOS, [000001F59B551200][000001F59C5EE940 49] Mac, [000001F59B4AEB00][000001F59015AAC0 49] MacClient, [000001F59B551400][000001F59C4D8C00 49] MacNoEditor, [000001F59B4AFE00][000001F59015ED40 49] MacServer, [000001F59B550F00][000001F590162E80 49] Linux, [000001F59B4ACC00][000001F590166FC0 49] LinuxAArch64, [000001F59B550900][000001F59016F140 49] LinuxNoEditor, [000001F59B4ADB00][000001F5901732C0 49] LinuxAArch64NoEditor, [000001F59B551600][000001F590177440 49] LinuxClient, [000001F59B4AC600][000001F59017B5C0 49] LinuxAArch64Client, [000001F59B550B00][000001F59017F740 49] LinuxServer, [000001F59B43E600][000001F5901838C0 49] LinuxAArch64Server, [000001F59B46E900][000001F590187A40 49] Android, [000001F59B43DB00][000001F59018BBC0 49] Android_Low, [000001F59B46D700][000001F59018E1C0 49] Android_Mid, [000001F59B43E400][000001F590192340 49] Android_High, [000001F59B46EF00][000001F5901964C0 49] Android_Default, [000001F59B43C700][000001F59C07C640 49] Android_Adreno4xx, [000001F59B46E600][000001F59C0807C0 49] Android_Adreno5xx_Low, [000001F59B43D100][000001F59C084940 49] Android_Adreno5xx, [000001F59B46D000][000001F59C088AC0 49] Android_Adreno6xx, [000001F59B43EE00][000001F59C08CC40 49] Android_Adreno6xx_Vulkan, [000001F59B46D800][000001F59016AD80 49] Android_Mali_T6xx, [000001F59B43C100][000001F59C090EC0 49] Android_Mali_T7xx, [000001F59B46C400][000001F59C095000 49] Android_Mali_T8xx, [000001F59B43EF00][000001F59C099140 49] Android_Mali_G71, [000001F59B46CC00][000001F59C0A12C0 49] Android_Mali_G72, [000001F59B43F800][000001F59C0A5440 49] Android_Mali_G72_Vulkan, [000001F59B46EA00][000001F59C0A95C0 49] Android_Mali_G76, [000001F59B43E100][000001F59C0AD740 49] Android_Mali_G76_Vulkan, [000001F59B46F200][000001F59C0B18C0 49] Android_Mali_G77, [000001F59B550600][000001F59C0B5A40 49] Android_Mali_G77_Vulkan, [000001F59B46E700][000001F59C0B9BC0 49] Android_Mali_G78, [000001F59B550100][000001F59C0BC1C0 49] Android_Mali_G78_Vulkan, [000001F59B46E400][000001F59C0C0340 49] Android_Mali_G710, [000001F59B43C400][000001F59C0C44C0 49] Android_Mali_G710_Vulkan, [000001F59B46FB00][000001F59C0C8640 49] Android_Vulkan_SM5, [000001F59B43D200][000001F59C0CC7C0 49] Android_PowerVR_G6xxx, [000001F59B46FA00][000001F59C0D0940 49] Android_PowerVR_GT7xxx, [000001F59B43CF00][000001F59C0D4AC0 49] Android_PowerVR_GE8xxx, [000001F59B46DE00][000001F59C0D8C40 49] Android_PowerVR_GM9xxx, [000001F59B43C900][000001F59C0DCDC0 49] Android_PowerVR_GM9xxx_Vulkan, [000001F59B46C700][000001F59C0E0F40 49] Android_TegraK1, [000001F59B43FE00][000001F59C09D080 49] Android_Unknown_Vulkan, [000001F59B46CF00][000001F59C0E51C0 49] Lumin, [000001F59B43F600][000001F59C0E9300 49] Lumin_Desktop, [000001F59B46F100][000001F59C0F1480 49] HoloLens, 
[2022.10.10-17.25.12:336][  0]LogMeshReduction: Using QuadricMeshReduction for automatic static mesh reduction
[2022.10.10-17.25.12:337][  0]LogMeshReduction: Using SimplygonMeshReduction for automatic skeletal mesh reduction
[2022.10.10-17.25.12:337][  0]LogMeshReduction: Using ProxyLODMeshReduction for automatic mesh merging
[2022.10.10-17.25.12:337][  0]LogMeshReduction: No distributed automatic mesh merging module available
[2022.10.10-17.25.12:337][  0]LogMeshMerging: No distributed automatic mesh merging module available
[2022.10.10-17.25.12:351][  0]LogNetVersion: Zombone 1.0.0, NetCL: 17155196, EngineNetVer: 17, GameNetVer: 0 (Checksum: 1748673324)
[2022.10.10-17.25.12:704][  0]LogTexture: Default maximum texture size for cubemaps generated from long-lat sources has been changed from 512 to unlimited. In order to preserve old behaiour for '/Engine/MapTemplates/Sky/DaylightAmbientCubemap.DaylightAmbientCubemap', its maximum texture size has been explicitly set to 512.
[2022.10.10-17.25.12:754][  0]LogHMD: PokeAHoleMaterial loaded successfully
[2022.10.10-17.25.12:760][  0]LogUObjectArray: 17178 objects as part of root set at end of initial load.
[2022.10.10-17.25.12:761][  0]LogUObjectAllocator: 4302048 out of 0 bytes used by permanent object pool.
[2022.10.10-17.25.12:761][  0]LogUObjectArray: CloseDisregardForGC: 0/0 objects in disregard for GC pool
[2022.10.10-17.25.13:053][  0]LogPython: Using Python 3.7.7
[2022.10.10-17.25.13:843][  0]LogTcpMessaging: Initializing TcpMessaging bridge
[2022.10.10-17.25.13:849][  0]LogUdpMessaging: Initializing bridge on interface 0.0.0.0:0 to multicast group 230.0.0.1:6666.
[2022.10.10-17.25.13:881][  0]LogNiagaraDebuggerClient: Niagara Debugger Client Initialized | Session: FD55202644AE11923F056F96C87D759F | Instance: 0D9149FE416B0989E3ED6FBBA974C2AF (LAPTOP-3NPPO45G-16932).
[2022.10.10-17.25.14:287][  0]SourceControl: Source control is disabled
[2022.10.10-17.25.14:287][  0]SourceControl: Source control is disabled
[2022.10.10-17.25.14:292][  0]SourceControl: Source control is disabled
[2022.10.10-17.25.14:296][  0]SourceControl: Source control is disabled
[2022.10.10-17.25.14:319][  0]SourceControl: Source control is disabled
[2022.10.10-17.25.14:326][  0]LogUProjectInfo: Found projects:
[2022.10.10-17.25.14:530][  0]LogOpenImageDenoise: OIDN starting up
[2022.10.10-17.25.14:599][  0]LogAndroidPermission: UAndroidPermissionCallbackProxy::GetInstance
[2022.10.10-17.25.14:625][  0]LogAudioCaptureCore: Display: No Audio Capture implementations found. Audio input will be silent.
[2022.10.10-17.25.14:626][  0]LogAudioCaptureCore: Display: No Audio Capture implementations found. Audio input will be silent.
[2022.10.10-17.25.14:751][  0]LogCollectionManager: Loaded 0 collections in 0.000671 seconds
[2022.10.10-17.25.14:754][  0]LogFileCache: Scanning file cache for directory 'D:/Portfolio/Unreal/FPS_Game/Zombone/Saved/Collections/' took 0.00s
[2022.10.10-17.25.14:754][  0]LogFileCache: Scanning file cache for directory 'D:/Portfolio/Unreal/FPS_Game/Zombone/Content/Developers/timve/Collections/' took 0.00s
[2022.10.10-17.25.14:754][  0]LogFileCache: Scanning file cache for directory 'D:/Portfolio/Unreal/FPS_Game/Zombone/Content/Collections/' took 0.00s
[2022.10.10-17.25.14:776][  0]LogOcInput: OculusInput pre-init called
[2022.10.10-17.25.15:001][  0]LogEngine: Initializing Engine...
[2022.10.10-17.25.15:005][  0]LogHMD: Failed to enumerate extensions. Please check that you have a valid OpenXR runtime installed.
[2022.10.10-17.25.15:005][  0]LogHMD: Failed to initialize OpenVR with code 110
[2022.10.10-17.25.15:005][  0]LogMagicLeap: Warning: VR disabled because ZI is not enabled.  To enable, in the editor, Edit -> Project Settings -> Plugins -> Magic Leap Plugin -> Enable Zero Iteration
[2022.10.10-17.25.15:005][  0]LogStats: UGameplayTagsManager::InitializeManager -  0.000 s
[2022.10.10-17.25.15:106][  0]LogInit: Initializing FReadOnlyCVARCache
[2022.10.10-17.25.15:116][  0]LogAIModule: Creating AISystem for world Untitled
[2022.10.10-17.25.15:129][  0]LogAudio: Display: Initializing Audio Device Manager...
[2022.10.10-17.25.15:134][  0]LogAudio: Display: Loading Default Audio Settings Objects...
[2022.10.10-17.25.15:134][  0]LogAudio: Display: No default SoundConcurrencyObject specified (or failed to load).
[2022.10.10-17.25.15:135][  0]LogAudio: Display: Audio Device Manager Initialized
[2022.10.10-17.25.15:135][  0]LogAudio: Display: Creating Audio Device:                 Id: 1, Scope: Shared, Realtime: True
[2022.10.10-17.25.15:136][  0]LogAudioMixer: Display: Audio Mixer Platform Settings:
[2022.10.10-17.25.15:136][  0]LogAudioMixer: Display: 	Sample Rate:						  48000
[2022.10.10-17.25.15:136][  0]LogAudioMixer: Display: 	Callback Buffer Frame Size Requested: 1024
[2022.10.10-17.25.15:136][  0]LogAudioMixer: Display: 	Callback Buffer Frame Size To Use:	  1024
[2022.10.10-17.25.15:136][  0]LogAudioMixer: Display: 	Number of buffers to queue:			  2
[2022.10.10-17.25.15:136][  0]LogAudioMixer: Display: 	Max Channels (voices):				  32
[2022.10.10-17.25.15:136][  0]LogAudioMixer: Display: 	Number of Async Source Workers:		  0
[2022.10.10-17.25.15:136][  0]LogAudio: Display: AudioDevice MaxSources: 32
[2022.10.10-17.25.15:137][  0]LogAudio: Display: Audio Spatialization Plugin: None (built-in).
[2022.10.10-17.25.15:137][  0]LogAudio: Display: Audio Reverb Plugin: None (built-in).
[2022.10.10-17.25.15:137][  0]LogAudio: Display: Audio Occlusion Plugin: None (built-in).
[2022.10.10-17.25.15:137][  0]LogAudioMixer: Display: Initializing audio mixer.
[2022.10.10-17.25.15:157][  0]LogAudioMixer: Display: 0: FrontLeft
[2022.10.10-17.25.15:157][  0]LogAudioMixer: Display: 1: FrontRight
[2022.10.10-17.25.16:456][  0]LogAudioMixer: Display: Using Audio Device Speaker (Realtek(R) Audio)
[2022.10.10-17.25.16:459][  0]LogAudioMixer: Display: Initializing Sound Submixes...
[2022.10.10-17.25.16:460][  0]LogAudioMixer: Display: Creating Master Submix 'MasterSubmixDefault'
[2022.10.10-17.25.16:461][  0]LogAudioMixer: Display: Creating Master Submix 'MasterReverbSubmixDefault'
[2022.10.10-17.25.16:462][  0]LogAudioMixer: Display: Creating Master Submix 'MasterEQSubmixDefault'
[2022.10.10-17.25.16:462][  0]LogAudioMixer: FMixerPlatformXAudio2::StartAudioStream() called
[2022.10.10-17.25.16:462][  0]LogAudioMixer: Display: Output buffers initialized: Frames=1024, Channels=2, Samples=2048
[2022.10.10-17.25.16:463][  0]LogAudioMixer: Display: Starting AudioMixerPlatformInterface::RunInternal()
[2022.10.10-17.25.16:463][  0]LogAudioMixer: Display: FMixerPlatformXAudio2::SubmitBuffer() called for the first time
[2022.10.10-17.25.16:464][  0]LogInit: FAudioDevice initialized.
[2022.10.10-17.25.16:464][  0]LogAudio: Display: Audio Device (ID: 1) registered with world 'Untitled'.
[2022.10.10-17.25.16:464][  0]LogNetVersion: Set ProjectVersion to 1.0.0.0. Version Checksum will be recalculated on next use.
[2022.10.10-17.25.16:514][  0]LogDerivedDataCache: Saved boot cache 0.05s 99MB C:/Users/timve/AppData/Local/UnrealEngine/4.27/DerivedDataCache/Boot.ddc.
[2022.10.10-17.25.16:516][  0]LogInit: Texture streaming: Enabled
[2022.10.10-17.25.16:529][  0]LogAnalytics: Display: [UEEditor.Rocket.Release] APIServer = https://datarouter.ol.epicgames.com/. AppVersion = 4.27.2-18319896+++UE4+Release-4.27
[2022.10.10-17.25.16:534][  0]LogEngineSessionManager: EngineSessionManager initialized
[2022.10.10-17.25.16:535][  0]LogEditorSessionSummary: Verbose: Initializing EditorSessionSummaryWriter for editor session tracking
[2022.10.10-17.25.16:537][  0]LogEditorSessionSummary: EditorSessionSummaryWriter initialized
[2022.10.10-17.25.16:561][  0]LogInit: Transaction tracking system initialized
[2022.10.10-17.25.16:588][  0]BlueprintLog: New page: Editor Load
[2022.10.10-17.25.16:657][  0]LocalizationService: Localization service is disabled
[2022.10.10-17.25.16:682][  0]TimingProfiler: Initialize
[2022.10.10-17.25.16:683][  0]TimingProfiler: OnSessionChanged
[2022.10.10-17.25.16:683][  0]LoadingProfiler: Initialize
[2022.10.10-17.25.16:683][  0]LoadingProfiler: OnSessionChanged
[2022.10.10-17.25.16:683][  0]NetworkingProfiler: Initialize
[2022.10.10-17.25.16:683][  0]NetworkingProfiler: OnSessionChanged
[2022.10.10-17.25.16:683][  0]MemoryProfiler: Initialize
[2022.10.10-17.25.16:683][  0]MemoryProfiler: OnSessionChanged
[2022.10.10-17.25.16:824][  0]LogCook: Display: CookSettings for Memory: MemoryMaxUsedVirtual 0MiB, MemoryMaxUsedPhysical 16384MiB, MemoryMinFreeVirtual 0MiB, MemoryMinFreePhysical 1024MiB
[2022.10.10-17.25.16:824][  0]LogCook: Display: Mobile HDR setting 1
[2022.10.10-17.25.17:040][  0]LogFileCache: Scanning file cache for directory 'D:/Portfolio/Unreal/FPS_Game/Zombone/Content/' took 0.01s
[2022.10.10-17.25.17:224][  0]LogInit: Display: Engine is initialized. Leaving FEngineLoop::Init()
[2022.10.10-17.25.17:227][  0]SourceControl: Source control is disabled
[2022.10.10-17.25.17:227][  0]LogUnrealEdMisc: Loading editor; pre map load, took 9.521
[2022.10.10-17.25.17:228][  0]Cmd: MAP LOAD FILE="../../../../../Portfolio/Unreal/FPS_Game/Zombone/Content/FirstPersonCPP/Maps/FirstPersonExampleMap.umap" TEMPLATE=0 SHOWPROGRESS=1 FEATURELEVEL=3
[2022.10.10-17.25.17:228][  0]LightingResults: New page: Lighting Build
[2022.10.10-17.25.17:230][  0]LogWorld: UWorld::CleanupWorld for Untitled, bSessionEnded=true, bCleanupResources=true
[2022.10.10-17.25.17:230][  0]LogSlate: InvalidateAllWidgets triggered.  All widgets were invalidated
[2022.10.10-17.25.17:231][  0]MapCheck: New page: Map Check
[2022.10.10-17.25.17:231][  0]LightingResults: New page: Lighting Build
[2022.10.10-17.25.17:236][  0]LogAudio: Display: Audio Device unregistered from world 'None'.
[2022.10.10-17.25.17:239][  0]LogUObjectHash: Compacting FUObjectHashTables data took   0.73ms
[2022.10.10-17.25.17:408][  0]LogAudio: Display: Audio Device (ID: 1) registered with world 'FirstPersonExampleMap'.
[2022.10.10-17.25.17:409][  0]LogAIModule: Creating AISystem for world FirstPersonExampleMap
[2022.10.10-17.25.17:415][  0]LogEditorServer: Finished looking for orphan Actors (0.000 secs)
[2022.10.10-17.25.17:424][  0]LogUObjectHash: Compacting FUObjectHashTables data took   0.82ms
[2022.10.10-17.25.17:426][  0]Cmd: MAP CHECKDEP NOCLEARLOG
[2022.10.10-17.25.17:426][  0]MapCheck: Map check complete: 0 Error(s), 0 Warning(s), took 0,102ms to complete.
[2022.10.10-17.25.17:427][  0]LogFileHelpers: Loading map 'FirstPersonExampleMap' took 0.199
[2022.10.10-17.25.17:428][  0]LogUnrealEdMisc: Total Editor Startup Time, took 9.722
[2022.10.10-17.25.17:551][  0]LogSlate: Updating window title bar state: overlay mode, drag disabled, window buttons hidden, title bar hidden
[2022.10.10-17.25.17:558][  0]LogSlate: Updating window title bar state: overlay mode, drag disabled, window buttons hidden, title bar hidden
[2022.10.10-17.25.17:565][  0]LogSlate: Updating window title bar state: overlay mode, drag disabled, window buttons hidden, title bar hidden
[2022.10.10-17.25.17:571][  0]LogSlate: Updating window title bar state: overlay mode, drag disabled, window buttons hidden, title bar hidden
[2022.10.10-17.25.17:583][  0]LogNativeClassHierarchy: Verbose: Native class hierarchy populated in 0.0083 seconds. Added 3828 classes and 930 folders.
[2022.10.10-17.25.17:585][  0]LogNativeClassHierarchy: Verbose: Native class hierarchy updated for 'WidgetCarousel' in 0.0002 seconds. Added 0 classes and 0 folders.
[2022.10.10-17.25.17:586][  0]LogPakFile: PakFile PrimaryIndexSize=187
[2022.10.10-17.25.17:586][  0]LogPakFile: PakFile PathHashIndexSize=101
[2022.10.10-17.25.17:586][  0]LogPakFile: PakFile FullDirectoryIndexSize=148
[2022.10.10-17.25.17:586][  0]LogShaderLibrary: Display: ShaderCodeLibraryPakFileMountedCallback: PakFile 'D:/Epic/UE_4.27/FeaturePacks/FP_FirstPerson.upack' (chunk index -1, root 'root:/') mounted
[2022.10.10-17.25.17:586][  0]LogShaderLibrary: Display: ShaderCodeLibraryPakFileMountedCallback: pending pak file info (ChunkID:-1 Root:root:/ File:D:/Epic/UE_4.27/FeaturePacks/FP_FirstPerson.upack)
[2022.10.10-17.25.17:587][  0]LogPakFile: OnPakFileMounted2Time == 0.000223
[2022.10.10-17.25.17:588][  0]LogPakFile: PakFile PrimaryIndexSize=189
[2022.10.10-17.25.17:588][  0]LogPakFile: PakFile PathHashIndexSize=101
[2022.10.10-17.25.17:588][  0]LogPakFile: PakFile FullDirectoryIndexSize=152
[2022.10.10-17.25.17:588][  0]LogShaderLibrary: Display: ShaderCodeLibraryPakFileMountedCallback: PakFile 'D:/Epic/UE_4.27/FeaturePacks/FP_FirstPersonBP.upack' (chunk index -1, root 'root:/') mounted
[2022.10.10-17.25.17:588][  0]LogShaderLibrary: Display: ShaderCodeLibraryPakFileMountedCallback: pending pak file info (ChunkID:-1 Root:root:/ File:D:/Epic/UE_4.27/FeaturePacks/FP_FirstPersonBP.upack)
[2022.10.10-17.25.17:588][  0]LogPakFile: OnPakFileMounted2Time == 0.000186
[2022.10.10-17.25.17:589][  0]LogPakFile: PakFile PrimaryIndexSize=191
[2022.10.10-17.25.17:589][  0]LogPakFile: PakFile PathHashIndexSize=101
[2022.10.10-17.25.17:589][  0]LogPakFile: PakFile FullDirectoryIndexSize=160
[2022.10.10-17.25.17:589][  0]LogShaderLibrary: Display: ShaderCodeLibraryPakFileMountedCallback: PakFile 'D:/Epic/UE_4.27/FeaturePacks/MobileStarterContent.upack' (chunk index -1, root 'root:/') mounted
[2022.10.10-17.25.17:589][  0]LogShaderLibrary: Display: ShaderCodeLibraryPakFileMountedCallback: pending pak file info (ChunkID:-1 Root:root:/ File:D:/Epic/UE_4.27/FeaturePacks/MobileStarterContent.upack)
[2022.10.10-17.25.17:589][  0]LogPakFile: OnPakFileMounted2Time == 0.000140
[2022.10.10-17.25.17:590][  0]LogPakFile: PakFile PrimaryIndexSize=185
[2022.10.10-17.25.17:590][  0]LogPakFile: PakFile PathHashIndexSize=101
[2022.10.10-17.25.17:590][  0]LogPakFile: PakFile FullDirectoryIndexSize=148
[2022.10.10-17.25.17:590][  0]LogShaderLibrary: Display: ShaderCodeLibraryPakFileMountedCallback: PakFile 'D:/Epic/UE_4.27/FeaturePacks/StarterContent.upack' (chunk index -1, root 'root:/') mounted
[2022.10.10-17.25.17:590][  0]LogShaderLibrary: Display: ShaderCodeLibraryPakFileMountedCallback: pending pak file info (ChunkID:-1 Root:root:/ File:D:/Epic/UE_4.27/FeaturePacks/StarterContent.upack)
[2022.10.10-17.25.17:590][  0]LogPakFile: OnPakFileMounted2Time == 0.000171
[2022.10.10-17.25.17:591][  0]LogPakFile: PakFile PrimaryIndexSize=190
[2022.10.10-17.25.17:591][  0]LogPakFile: PakFile PathHashIndexSize=101
[2022.10.10-17.25.17:591][  0]LogPakFile: PakFile FullDirectoryIndexSize=154
[2022.10.10-17.25.17:591][  0]LogShaderLibrary: Display: ShaderCodeLibraryPakFileMountedCallback: PakFile 'D:/Epic/UE_4.27/FeaturePacks/TP_2DSideScroller.upack' (chunk index -1, root 'root:/') mounted
[2022.10.10-17.25.17:591][  0]LogShaderLibrary: Display: ShaderCodeLibraryPakFileMountedCallback: pending pak file info (ChunkID:-1 Root:root:/ File:D:/Epic/UE_4.27/FeaturePacks/TP_2DSideScroller.upack)
[2022.10.10-17.25.17:591][  0]LogPakFile: OnPakFileMounted2Time == 0.000171
[2022.10.10-17.25.17:592][  0]LogPakFile: PakFile PrimaryIndexSize=192
[2022.10.10-17.25.17:592][  0]LogPakFile: PakFile PathHashIndexSize=101
[2022.10.10-17.25.17:592][  0]LogPakFile: PakFile FullDirectoryIndexSize=158
[2022.10.10-17.25.17:592][  0]LogShaderLibrary: Display: ShaderCodeLibraryPakFileMountedCallback: PakFile 'D:/Epic/UE_4.27/FeaturePacks/TP_2DSideScrollerBP.upack' (chunk index -1, root 'root:/') mounted
[2022.10.10-17.25.17:592][  0]LogShaderLibrary: Display: ShaderCodeLibraryPakFileMountedCallback: pending pak file info (ChunkID:-1 Root:root:/ File:D:/Epic/UE_4.27/FeaturePacks/TP_2DSideScrollerBP.upack)
[2022.10.10-17.25.17:592][  0]LogPakFile: OnPakFileMounted2Time == 0.000156
[2022.10.10-17.25.17:593][  0]LogPakFile: PakFile PrimaryIndexSize=182
[2022.10.10-17.25.17:593][  0]LogPakFile: PakFile PathHashIndexSize=101
[2022.10.10-17.25.17:593][  0]LogPakFile: PakFile FullDirectoryIndexSize=138
[2022.10.10-17.25.17:593][  0]LogShaderLibrary: Display: ShaderCodeLibraryPakFileMountedCallback: PakFile 'D:/Epic/UE_4.27/FeaturePacks/TP_Flying.upack' (chunk index -1, root 'root:/') mounted
[2022.10.10-17.25.17:593][  0]LogShaderLibrary: Display: ShaderCodeLibraryPakFileMountedCallback: pending pak file info (ChunkID:-1 Root:root:/ File:D:/Epic/UE_4.27/FeaturePacks/TP_Flying.upack)
[2022.10.10-17.25.17:594][  0]LogPakFile: OnPakFileMounted2Time == 0.000167
[2022.10.10-17.25.17:594][  0]LogPakFile: PakFile PrimaryIndexSize=184
[2022.10.10-17.25.17:594][  0]LogPakFile: PakFile PathHashIndexSize=101
[2022.10.10-17.25.17:594][  0]LogPakFile: PakFile FullDirectoryIndexSize=142
[2022.10.10-17.25.17:594][  0]LogShaderLibrary: Display: ShaderCodeLibraryPakFileMountedCallback: PakFile 'D:/Epic/UE_4.27/FeaturePacks/TP_FlyingBP.upack' (chunk index -1, root 'root:/') mounted
[2022.10.10-17.25.17:594][  0]LogShaderLibrary: Display: ShaderCodeLibraryPakFileMountedCallback: pending pak file info (ChunkID:-1 Root:root:/ File:D:/Epic/UE_4.27/FeaturePacks/TP_FlyingBP.upack)
[2022.10.10-17.25.17:594][  0]LogPakFile: OnPakFileMounted2Time == 0.000144
[2022.10.10-17.25.17:595][  0]LogPakFile: PakFile PrimaryIndexSize=188
[2022.10.10-17.25.17:595][  0]LogPakFile: PakFile PathHashIndexSize=101
[2022.10.10-17.25.17:595][  0]LogPakFile: PakFile FullDirectoryIndexSize=150
[2022.10.10-17.25.17:595][  0]LogShaderLibrary: Display: ShaderCodeLibraryPakFileMountedCallback: PakFile 'D:/Epic/UE_4.27/FeaturePacks/TP_HandheldARBP.upack' (chunk index -1, root 'root:/') mounted
[2022.10.10-17.25.17:596][  0]LogShaderLibrary: Display: ShaderCodeLibraryPakFileMountedCallback: pending pak file info (ChunkID:-1 Root:root:/ File:D:/Epic/UE_4.27/FeaturePacks/TP_HandheldARBP.upack)
[2022.10.10-17.25.17:596][  0]LogPakFile: OnPakFileMounted2Time == 0.000157
[2022.10.10-17.25.17:596][  0]LogPakFile: PakFile PrimaryIndexSize=182
[2022.10.10-17.25.17:596][  0]LogPakFile: PakFile PathHashIndexSize=101
[2022.10.10-17.25.17:596][  0]LogPakFile: PakFile FullDirectoryIndexSize=138
[2022.10.10-17.25.17:596][  0]LogShaderLibrary: Display: ShaderCodeLibraryPakFileMountedCallback: PakFile 'D:/Epic/UE_4.27/FeaturePacks/TP_Puzzle.upack' (chunk index -1, root 'root:/') mounted
[2022.10.10-17.25.17:596][  0]LogShaderLibrary: Display: ShaderCodeLibraryPakFileMountedCallback: pending pak file info (ChunkID:-1 Root:root:/ File:D:/Epic/UE_4.27/FeaturePacks/TP_Puzzle.upack)
[2022.10.10-17.25.17:596][  0]LogPakFile: OnPakFileMounted2Time == 0.000137
[2022.10.10-17.25.17:597][  0]LogPakFile: PakFile PrimaryIndexSize=184
[2022.10.10-17.25.17:597][  0]LogPakFile: PakFile PathHashIndexSize=101
[2022.10.10-17.25.17:597][  0]LogPakFile: PakFile FullDirectoryIndexSize=142
[2022.10.10-17.25.17:597][  0]LogShaderLibrary: Display: ShaderCodeLibraryPakFileMountedCallback: PakFile 'D:/Epic/UE_4.27/FeaturePacks/TP_PuzzleBP.upack' (chunk index -1, root 'root:/') mounted
[2022.10.10-17.25.17:597][  0]LogShaderLibrary: Display: ShaderCodeLibraryPakFileMountedCallback: pending pak file info (ChunkID:-1 Root:root:/ File:D:/Epic/UE_4.27/FeaturePacks/TP_PuzzleBP.upack)
[2022.10.10-17.25.17:597][  0]LogPakFile: OnPakFileMounted2Time == 0.000160
[2022.10.10-17.25.17:598][  0]LogPakFile: PakFile PrimaryIndexSize=183
[2022.10.10-17.25.17:598][  0]LogPakFile: PakFile PathHashIndexSize=101
[2022.10.10-17.25.17:599][  0]LogPakFile: PakFile FullDirectoryIndexSize=140
[2022.10.10-17.25.17:599][  0]LogShaderLibrary: Display: ShaderCodeLibraryPakFileMountedCallback: PakFile 'D:/Epic/UE_4.27/FeaturePacks/TP_Rolling.upack' (chunk index -1, root 'root:/') mounted
[2022.10.10-17.25.17:599][  0]LogShaderLibrary: Display: ShaderCodeLibraryPakFileMountedCallback: pending pak file info (ChunkID:-1 Root:root:/ File:D:/Epic/UE_4.27/FeaturePacks/TP_Rolling.upack)
[2022.10.10-17.25.17:599][  0]LogPakFile: OnPakFileMounted2Time == 0.000147
[2022.10.10-17.25.17:600][  0]LogPakFile: PakFile PrimaryIndexSize=185
[2022.10.10-17.25.17:600][  0]LogPakFile: PakFile PathHashIndexSize=101
[2022.10.10-17.25.17:600][  0]LogPakFile: PakFile FullDirectoryIndexSize=144
[2022.10.10-17.25.17:600][  0]LogShaderLibrary: Display: ShaderCodeLibraryPakFileMountedCallback: PakFile 'D:/Epic/UE_4.27/FeaturePacks/TP_RollingBP.upack' (chunk index -1, root 'root:/') mounted
[2022.10.10-17.25.17:600][  0]LogShaderLibrary: Display: ShaderCodeLibraryPakFileMountedCallback: pending pak file info (ChunkID:-1 Root:root:/ File:D:/Epic/UE_4.27/FeaturePacks/TP_RollingBP.upack)
[2022.10.10-17.25.17:600][  0]LogPakFile: OnPakFileMounted2Time == 0.000210
[2022.10.10-17.25.17:601][  0]LogPakFile: PakFile PrimaryIndexSize=188
[2022.10.10-17.25.17:601][  0]LogPakFile: PakFile PathHashIndexSize=101
[2022.10.10-17.25.17:601][  0]LogPakFile: PakFile FullDirectoryIndexSize=150
[2022.10.10-17.25.17:601][  0]LogShaderLibrary: Display: ShaderCodeLibraryPakFileMountedCallback: PakFile 'D:/Epic/UE_4.27/FeaturePacks/TP_SideScroller.upack' (chunk index -1, root 'root:/') mounted
[2022.10.10-17.25.17:601][  0]LogShaderLibrary: Display: ShaderCodeLibraryPakFileMountedCallback: pending pak file info (ChunkID:-1 Root:root:/ File:D:/Epic/UE_4.27/FeaturePacks/TP_SideScroller.upack)
[2022.10.10-17.25.17:601][  0]LogPakFile: OnPakFileMounted2Time == 0.000191
[2022.10.10-17.25.17:602][  0]LogPakFile: PakFile PrimaryIndexSize=190
[2022.10.10-17.25.17:602][  0]LogPakFile: PakFile PathHashIndexSize=101
[2022.10.10-17.25.17:602][  0]LogPakFile: PakFile FullDirectoryIndexSize=154
[2022.10.10-17.25.17:602][  0]LogShaderLibrary: Display: ShaderCodeLibraryPakFileMountedCallback: PakFile 'D:/Epic/UE_4.27/FeaturePacks/TP_SideScrollerBP.upack' (chunk index -1, root 'root:/') mounted
[2022.10.10-17.25.17:602][  0]LogShaderLibrary: Display: ShaderCodeLibraryPakFileMountedCallback: pending pak file info (ChunkID:-1 Root:root:/ File:D:/Epic/UE_4.27/FeaturePacks/TP_SideScrollerBP.upack)
[2022.10.10-17.25.17:602][  0]LogPakFile: OnPakFileMounted2Time == 0.000140
[2022.10.10-17.25.17:603][  0]LogPakFile: PakFile PrimaryIndexSize=187
[2022.10.10-17.25.17:603][  0]LogPakFile: PakFile PathHashIndexSize=101
[2022.10.10-17.25.17:603][  0]LogPakFile: PakFile FullDirectoryIndexSize=148
[2022.10.10-17.25.17:603][  0]LogShaderLibrary: Display: ShaderCodeLibraryPakFileMountedCallback: PakFile 'D:/Epic/UE_4.27/FeaturePacks/TP_ThirdPerson.upack' (chunk index -1, root 'root:/') mounted
[2022.10.10-17.25.17:603][  0]LogShaderLibrary: Display: ShaderCodeLibraryPakFileMountedCallback: pending pak file info (ChunkID:-1 Root:root:/ File:D:/Epic/UE_4.27/FeaturePacks/TP_ThirdPerson.upack)
[2022.10.10-17.25.17:603][  0]LogPakFile: OnPakFileMounted2Time == 0.000146
[2022.10.10-17.25.17:604][  0]LogPakFile: PakFile PrimaryIndexSize=189
[2022.10.10-17.25.17:605][  0]LogPakFile: PakFile PathHashIndexSize=101
[2022.10.10-17.25.17:605][  0]LogPakFile: PakFile FullDirectoryIndexSize=152
[2022.10.10-17.25.17:605][  0]LogShaderLibrary: Display: ShaderCodeLibraryPakFileMountedCallback: PakFile 'D:/Epic/UE_4.27/FeaturePacks/TP_ThirdPersonBP.upack' (chunk index -1, root 'root:/') mounted
[2022.10.10-17.25.17:605][  0]LogShaderLibrary: Display: ShaderCodeLibraryPakFileMountedCallback: pending pak file info (ChunkID:-1 Root:root:/ File:D:/Epic/UE_4.27/FeaturePacks/TP_ThirdPersonBP.upack)
[2022.10.10-17.25.17:605][  0]LogPakFile: OnPakFileMounted2Time == 0.000192
[2022.10.10-17.25.17:605][  0]LogPakFile: PakFile PrimaryIndexSize=183
[2022.10.10-17.25.17:605][  0]LogPakFile: PakFile PathHashIndexSize=101
[2022.10.10-17.25.17:605][  0]LogPakFile: PakFile FullDirectoryIndexSize=140
[2022.10.10-17.25.17:605][  0]LogShaderLibrary: Display: ShaderCodeLibraryPakFileMountedCallback: PakFile 'D:/Epic/UE_4.27/FeaturePacks/TP_TopDown.upack' (chunk index -1, root 'root:/') mounted
[2022.10.10-17.25.17:605][  0]LogShaderLibrary: Display: ShaderCodeLibraryPakFileMountedCallback: pending pak file info (ChunkID:-1 Root:root:/ File:D:/Epic/UE_4.27/FeaturePacks/TP_TopDown.upack)
[2022.10.10-17.25.17:606][  0]LogPakFile: OnPakFileMounted2Time == 0.000202
[2022.10.10-17.25.17:606][  0]LogPakFile: PakFile PrimaryIndexSize=185
[2022.10.10-17.25.17:606][  0]LogPakFile: PakFile PathHashIndexSize=101
[2022.10.10-17.25.17:606][  0]LogPakFile: PakFile FullDirectoryIndexSize=144
[2022.10.10-17.25.17:607][  0]LogShaderLibrary: Display: ShaderCodeLibraryPakFileMountedCallback: PakFile 'D:/Epic/UE_4.27/FeaturePacks/TP_TopDownBP.upack' (chunk index -1, root 'root:/') mounted
[2022.10.10-17.25.17:607][  0]LogShaderLibrary: Display: ShaderCodeLibraryPakFileMountedCallback: pending pak file info (ChunkID:-1 Root:root:/ File:D:/Epic/UE_4.27/FeaturePacks/TP_TopDownBP.upack)
[2022.10.10-17.25.17:607][  0]LogPakFile: OnPakFileMounted2Time == 0.000190
[2022.10.10-17.25.17:607][  0]LogPakFile: PakFile PrimaryIndexSize=185
[2022.10.10-17.25.17:607][  0]LogPakFile: PakFile PathHashIndexSize=101
[2022.10.10-17.25.17:607][  0]LogPakFile: PakFile FullDirectoryIndexSize=144
[2022.10.10-17.25.17:607][  0]LogShaderLibrary: Display: ShaderCodeLibraryPakFileMountedCallback: PakFile 'D:/Epic/UE_4.27/FeaturePacks/TP_TwinStick.upack' (chunk index -1, root 'root:/') mounted
[2022.10.10-17.25.17:607][  0]LogShaderLibrary: Display: ShaderCodeLibraryPakFileMountedCallback: pending pak file info (ChunkID:-1 Root:root:/ File:D:/Epic/UE_4.27/FeaturePacks/TP_TwinStick.upack)
[2022.10.10-17.25.17:608][  0]LogPakFile: OnPakFileMounted2Time == 0.000137
[2022.10.10-17.25.17:608][  0]LogPakFile: PakFile PrimaryIndexSize=187
[2022.10.10-17.25.17:608][  0]LogPakFile: PakFile PathHashIndexSize=101
[2022.10.10-17.25.17:608][  0]LogPakFile: PakFile FullDirectoryIndexSize=148
[2022.10.10-17.25.17:608][  0]LogShaderLibrary: Display: ShaderCodeLibraryPakFileMountedCallback: PakFile 'D:/Epic/UE_4.27/FeaturePacks/TP_TwinStickBP.upack' (chunk index -1, root 'root:/') mounted
[2022.10.10-17.25.17:608][  0]LogShaderLibrary: Display: ShaderCodeLibraryPakFileMountedCallback: pending pak file info (ChunkID:-1 Root:root:/ File:D:/Epic/UE_4.27/FeaturePacks/TP_TwinStickBP.upack)
[2022.10.10-17.25.17:608][  0]LogPakFile: OnPakFileMounted2Time == 0.000127
[2022.10.10-17.25.17:609][  0]LogPakFile: PakFile PrimaryIndexSize=183
[2022.10.10-17.25.17:609][  0]LogPakFile: PakFile PathHashIndexSize=101
[2022.10.10-17.25.17:609][  0]LogPakFile: PakFile FullDirectoryIndexSize=140
[2022.10.10-17.25.17:609][  0]LogShaderLibrary: Display: ShaderCodeLibraryPakFileMountedCallback: PakFile 'D:/Epic/UE_4.27/FeaturePacks/TP_Vehicle.upack' (chunk index -1, root 'root:/') mounted
[2022.10.10-17.25.17:609][  0]LogShaderLibrary: Display: ShaderCodeLibraryPakFileMountedCallback: pending pak file info (ChunkID:-1 Root:root:/ File:D:/Epic/UE_4.27/FeaturePacks/TP_Vehicle.upack)
[2022.10.10-17.25.17:609][  0]LogPakFile: OnPakFileMounted2Time == 0.000138
[2022.10.10-17.25.17:610][  0]LogPakFile: PakFile PrimaryIndexSize=186
[2022.10.10-17.25.17:610][  0]LogPakFile: PakFile PathHashIndexSize=101
[2022.10.10-17.25.17:610][  0]LogPakFile: PakFile FullDirectoryIndexSize=146
[2022.10.10-17.25.17:610][  0]LogShaderLibrary: Display: ShaderCodeLibraryPakFileMountedCallback: PakFile 'D:/Epic/UE_4.27/FeaturePacks/TP_VehicleAdv.upack' (chunk index -1, root 'root:/') mounted
[2022.10.10-17.25.17:610][  0]LogShaderLibrary: Display: ShaderCodeLibraryPakFileMountedCallback: pending pak file info (ChunkID:-1 Root:root:/ File:D:/Epic/UE_4.27/FeaturePacks/TP_VehicleAdv.upack)
[2022.10.10-17.25.17:610][  0]LogPakFile: OnPakFileMounted2Time == 0.000133
[2022.10.10-17.25.17:611][  0]LogPakFile: PakFile PrimaryIndexSize=188
[2022.10.10-17.25.17:611][  0]LogPakFile: PakFile PathHashIndexSize=101
[2022.10.10-17.25.17:611][  0]LogPakFile: PakFile FullDirectoryIndexSize=150
[2022.10.10-17.25.17:611][  0]LogShaderLibrary: Display: ShaderCodeLibraryPakFileMountedCallback: PakFile 'D:/Epic/UE_4.27/FeaturePacks/TP_VehicleAdvBP.upack' (chunk index -1, root 'root:/') mounted
[2022.10.10-17.25.17:611][  0]LogShaderLibrary: Display: ShaderCodeLibraryPakFileMountedCallback: pending pak file info (ChunkID:-1 Root:root:/ File:D:/Epic/UE_4.27/FeaturePacks/TP_VehicleAdvBP.upack)
[2022.10.10-17.25.17:611][  0]LogPakFile: OnPakFileMounted2Time == 0.000140
[2022.10.10-17.25.17:611][  0]LogPakFile: PakFile PrimaryIndexSize=185
[2022.10.10-17.25.17:611][  0]LogPakFile: PakFile PathHashIndexSize=101
[2022.10.10-17.25.17:611][  0]LogPakFile: PakFile FullDirectoryIndexSize=144
[2022.10.10-17.25.17:612][  0]LogShaderLibrary: Display: ShaderCodeLibraryPakFileMountedCallback: PakFile 'D:/Epic/UE_4.27/FeaturePacks/TP_VehicleBP.upack' (chunk index -1, root 'root:/') mounted
[2022.10.10-17.25.17:612][  0]LogShaderLibrary: Display: ShaderCodeLibraryPakFileMountedCallback: pending pak file info (ChunkID:-1 Root:root:/ File:D:/Epic/UE_4.27/FeaturePacks/TP_VehicleBP.upack)
[2022.10.10-17.25.17:612][  0]LogPakFile: OnPakFileMounted2Time == 0.000175
[2022.10.10-17.25.17:612][  0]LogPakFile: PakFile PrimaryIndexSize=192
[2022.10.10-17.25.17:613][  0]LogPakFile: PakFile PathHashIndexSize=101
[2022.10.10-17.25.17:613][  0]LogPakFile: PakFile FullDirectoryIndexSize=158
[2022.10.10-17.25.17:613][  0]LogShaderLibrary: Display: ShaderCodeLibraryPakFileMountedCallback: PakFile 'D:/Epic/UE_4.27/FeaturePacks/TP_VirtualRealityBP.upack' (chunk index -1, root 'root:/') mounted
[2022.10.10-17.25.17:613][  0]LogShaderLibrary: Display: ShaderCodeLibraryPakFileMountedCallback: pending pak file info (ChunkID:-1 Root:root:/ File:D:/Epic/UE_4.27/FeaturePacks/TP_VirtualRealityBP.upack)
[2022.10.10-17.25.17:613][  0]LogPakFile: OnPakFileMounted2Time == 0.000122
[2022.10.10-17.25.17:644][  0]LogNativeClassHierarchy: Verbose: Native class hierarchy updated for 'AddContentDialog' in 0.0003 seconds. Added 0 classes and 0 folders.
[2022.10.10-17.25.17:648][  0]LogNativeClassHierarchy: Verbose: Native class hierarchy updated for 'SceneOutliner' in 0.0002 seconds. Added 2 classes and 0 folders.
[2022.10.10-17.25.17:970][  0]LogSlate: Only BGRA pngs, bmps or icos are supported in by External Image Picker
[2022.10.10-17.25.18:042][  0]LogSlate: Took 0.000158 seconds to synchronously load lazily loaded font '../../../Engine/Content/Slate/Fonts/Roboto-Regular.ttf' (155K)
[2022.10.10-17.25.18:043][  0]LogSlate: Took 0.000102 seconds to synchronously load lazily loaded font '../../../Engine/Content/Editor/Slate/Fonts/FontAwesome.ttf' (139K)
[2022.10.10-17.25.18:044][  0]LogSlate: Took 0.000117 seconds to synchronously load lazily loaded font '../../../Engine/Content/Slate/Fonts/Roboto-Bold.ttf' (160K)
[2022.10.10-17.25.18:125][  0]LogRenderer: Reallocating scene render targets to support 1072x576 Format 10 NumSamples 1 (Frame:1).
[2022.10.10-17.25.18:161][  0]LogSlate: Took 0.000142 seconds to synchronously load lazily loaded font '../../../Engine/Content/Slate/Fonts/Roboto-Light.ttf' (167K)
[2022.10.10-17.25.18:202][  0]LogNativeClassHierarchy: Verbose: Native class hierarchy updated for 'HierarchicalLODOutliner' in 0.0004 seconds. Added 0 classes and 0 folders.
[2022.10.10-17.25.18:203][  0]LogLoad: (Engine Initialization) Total time: 10.50 seconds
[2022.10.10-17.25.18:203][  0]LogLoad: (Engine Initialization) Total Blueprint compile time: 0.00 seconds
[2022.10.10-17.25.18:295][  0]LogAssetRegistry: Asset discovery search completed in 6.2979 seconds
[2022.10.10-17.25.18:300][  0]LogCollectionManager: Fixed up redirectors for 0 collections in 0.000004 seconds (updated 0 objects)
[2022.10.10-17.25.18:301][  0]LogContentStreaming: Texture pool size now 1000 MB
[2022.10.10-17.25.43:724][520]LogTemp: Repeating last play command: Selected Viewport
[2022.10.10-17.25.43:729][520]LogPlayLevel: PlayLevel: No blueprints needed recompiling
[2022.10.10-17.25.43:729][520]PIE: New page: PIE session: FirstPersonExampleMap (10 okt. 2022 21:25:43)
[2022.10.10-17.25.43:731][520]LogOnline: OSS: Creating online subsystem instance for: NULL
[2022.10.10-17.25.43:733][520]LogOnline: OSS: TryLoadSubsystemAndSetDefault: Loaded subsystem for module [NULL]
[2022.10.10-17.25.43:733][520]LogPlayLevel: Creating play world package: /Game/FirstPersonCPP/Maps/UEDPIE_0_FirstPersonExampleMap
[2022.10.10-17.25.43:744][520]LogPlayLevel: PIE: StaticDuplicateObject took: (0.011453s)
[2022.10.10-17.25.43:746][520]LogAIModule: Creating AISystem for world FirstPersonExampleMap
[2022.10.10-17.25.43:747][520]LogPlayLevel: PIE: World Init took: (0.001391s)
[2022.10.10-17.25.43:747][520]LogPlayLevel: PIE: Created PIE world by copying editor world from /Game/FirstPersonCPP/Maps/FirstPersonExampleMap.FirstPersonExampleMap to /Game/FirstPersonCPP/Maps/UEDPIE_0_FirstPersonExampleMap.FirstPersonExampleMap (0.013192s)
[2022.10.10-17.25.43:753][520]LogUObjectHash: Compacting FUObjectHashTables data took   0.69ms
[2022.10.10-17.25.43:754][520]LogAudio: Display: Creating Audio Device:                 Id: 2, Scope: Unique, Realtime: True
[2022.10.10-17.25.43:754][520]LogAudioMixer: Display: Audio Mixer Platform Settings:
[2022.10.10-17.25.43:754][520]LogAudioMixer: Display: 	Sample Rate:						  48000
[2022.10.10-17.25.43:754][520]LogAudioMixer: Display: 	Callback Buffer Frame Size Requested: 1024
[2022.10.10-17.25.43:755][520]LogAudioMixer: Display: 	Callback Buffer Frame Size To Use:	  1024
[2022.10.10-17.25.43:755][520]LogAudioMixer: Display: 	Number of buffers to queue:			  2
[2022.10.10-17.25.43:755][520]LogAudioMixer: Display: 	Max Channels (voices):				  32
[2022.10.10-17.25.43:755][520]LogAudioMixer: Display: 	Number of Async Source Workers:		  0
[2022.10.10-17.25.43:755][520]LogAudio: Display: AudioDevice MaxSources: 32
[2022.10.10-17.25.43:755][520]LogAudio: Display: Audio Spatialization Plugin: None (built-in).
[2022.10.10-17.25.43:756][520]LogAudio: Display: Audio Reverb Plugin: None (built-in).
[2022.10.10-17.25.43:756][520]LogAudio: Display: Audio Occlusion Plugin: None (built-in).
[2022.10.10-17.25.43:756][520]LogAudioMixer: Display: Initializing audio mixer.
[2022.10.10-17.25.43:764][520]LogAudioMixer: Display: 0: FrontLeft
[2022.10.10-17.25.43:764][520]LogAudioMixer: Display: 1: FrontRight
[2022.10.10-17.25.43:996][520]LogAudioMixer: Display: Using Audio Device Speaker (Realtek(R) Audio)
[2022.10.10-17.25.43:996][520]LogAudioMixer: Display: Initializing Sound Submixes...
[2022.10.10-17.25.43:996][520]LogAudioMixer: Display: Creating Master Submix 'MasterSubmixDefault'
[2022.10.10-17.25.43:997][520]LogAudioMixer: Display: Creating Master Submix 'MasterReverbSubmixDefault'
[2022.10.10-17.25.43:997][520]LogAudioMixer: Display: Creating Master Submix 'MasterEQSubmixDefault'
[2022.10.10-17.25.43:997][520]LogAudioMixer: FMixerPlatformXAudio2::StartAudioStream() called
[2022.10.10-17.25.43:997][520]LogAudioMixer: Display: Output buffers initialized: Frames=1024, Channels=2, Samples=2048
[2022.10.10-17.25.43:999][520]LogAudioMixer: Display: Starting AudioMixerPlatformInterface::RunInternal()
[2022.10.10-17.25.43:999][520]LogAudioMixer: Display: FMixerPlatformXAudio2::SubmitBuffer() called for the first time
[2022.10.10-17.25.43:999][520]LogInit: FAudioDevice initialized.
[2022.10.10-17.25.43:999][520]LogAudio: Display: Audio Device (ID: 2) registered with world 'FirstPersonExampleMap'.
[2022.10.10-17.25.44:010][520]LogLoad: Game class is 'WaveManager_C'
[2022.10.10-17.25.44:013][520]LogWorld: Bringing World /Game/FirstPersonCPP/Maps/UEDPIE_0_FirstPersonExampleMap.FirstPersonExampleMap up for play (max tick rate 60) at 2022.10.10-19.25.44
[2022.10.10-17.25.44:013][520]LogWorld: Bringing up level for play took: 0.001651
[2022.10.10-17.25.44:014][520]LogOnline: OSS: Creating online subsystem instance for: :Context_5
[2022.10.10-17.25.44:018][520]LogNativeClassHierarchy: Verbose: Native class hierarchy updated for 'MovieSceneCapture' in 0.0003 seconds. Added 20 classes and 0 folders.
[2022.10.10-17.25.44:019][520]PIE: Server logged in
[2022.10.10-17.25.44:021][520]PIE: Play in editor total start time 0,292 seconds.
[2022.10.10-17.25.44:989][575]LogSlate: Updating window title bar state: overlay mode, drag disabled, window buttons hidden, title bar hidden
[2022.10.10-17.25.44:989][575]LogWorld: BeginTearingDown for /Game/FirstPersonCPP/Maps/UEDPIE_0_FirstPersonExampleMap
[2022.10.10-17.25.44:990][575]LogWorld: UWorld::CleanupWorld for FirstPersonExampleMap, bSessionEnded=true, bCleanupResources=true
[2022.10.10-17.25.44:990][575]LogSlate: InvalidateAllWidgets triggered.  All widgets were invalidated
[2022.10.10-17.25.45:001][575]LogPlayLevel: Display: Shutting down PIE online subsystems
[2022.10.10-17.25.45:002][575]LogSlate: InvalidateAllWidgets triggered.  All widgets were invalidated
[2022.10.10-17.25.45:007][575]LogAudio: Display: Audio Device unregistered from world 'None'.
[2022.10.10-17.25.45:007][575]LogAudioMixer: FMixerPlatformXAudio2::StopAudioStream() called
[2022.10.10-17.25.45:009][575]LogAudioMixer: FMixerPlatformXAudio2::StopAudioStream() called
[2022.10.10-17.25.45:014][575]LogSlate: Updating window title bar state: overlay mode, drag disabled, window buttons hidden, title bar hidden
[2022.10.10-17.25.45:016][575]LogUObjectHash: Compacting FUObjectHashTables data took   0.65ms
[2022.10.10-17.25.45:070][578]LogPlayLevel: Display: Destroying online subsystem :Context_5
