Log file open, 10/11/22 19:08:35
LogWindows: Failed to load 'aqProf.dll' (GetLastError=126)
LogWindows: File 'aqProf.dll' does not exist
LogWindows: Failed to load 'VtuneApi.dll' (GetLastError=126)
LogWindows: File 'VtuneApi.dll' does not exist
LogWindows: Failed to load 'VtuneApi32e.dll' (GetLastError=126)
LogWindows: File 'VtuneApi32e.dll' does not exist
LogConsoleResponse: Display: Failed to find resolution value strings in scalability ini. Falling back to default.
LogConsoleResponse: Display: Failed to find resolution value strings in scalability ini. Falling back to default.
LogInit: Display: Running engine for game: Zombone
LogPlatformFile: Not using cached read wrapper
LogTaskGraph: Started task graph with 5 named threads and 23 total threads with 3 sets of task threads.
LogStats: Stats thread started at 21.286976
LogICUInternationalization: ICU TimeZone Detection - Raw Offset: +1:00, Platform Override: ''
LogInit: Display: Loading text-based GConfig....
LogPluginManager: Mounting plugin MeshPainting
LogPluginManager: Mounting plugin XGEController
LogPluginManager: Mounting plugin Paper2D
LogPluginManager: Mounting plugin LiveLink
LogPluginManager: Mounting plugin AISupport
LogPluginManager: Mounting plugin EnvironmentQueryEditor
LogPluginManager: Mounting plugin CameraShakePreviewer
LogPluginManager: Mounting plugin GameplayCameras
LogPluginManager: Mounting plugin LightPropagationVolume
LogPluginManager: Mounting plugin AnimationSharing
LogPluginManager: Mounting plugin CodeLiteSourceCodeAccess
LogPluginManager: Mounting plugin CLionSourceCodeAccess
LogPluginManager: Mounting plugin KDevelopSourceCodeAccess
LogPluginManager: Mounting plugin GitSourceControl
LogPluginManager: Mounting plugin NullSourceCodeAccess
LogPluginManager: Mounting plugin AssetManagerEditor
LogPluginManager: Mounting plugin PerforceSourceControl
LogPluginManager: Mounting plugin PluginUtils
LogPluginManager: Mounting plugin PlasticSourceControl
LogPluginManager: Mounting plugin PropertyAccessNode
LogPluginManager: Mounting plugin PixWinPlugin
LogPluginManager: Mounting plugin RiderSourceCodeAccess
LogPluginManager: Mounting plugin SubversionSourceControl
LogPluginManager: Mounting plugin TextureFormatOodle
LogPluginManager: Mounting plugin VisualStudioSourceCodeAccess
LogPluginManager: Mounting plugin VisualStudioCodeSourceCodeAccess
LogPluginManager: Mounting plugin UObjectPlugin
LogPluginManager: Mounting plugin XCodeSourceCodeAccess
LogPluginManager: Mounting plugin CryptoKeys
LogPluginManager: Mounting plugin CurveEditorTools
LogPluginManager: Mounting plugin DataValidation
LogPluginManager: Mounting plugin FacialAnimation
LogPluginManager: Mounting plugin GameplayTagsEditor
LogPluginManager: Mounting plugin OodleData
LogPluginManager: Mounting plugin MacGraphicsSwitching
LogPluginManager: Mounting plugin GeometryMode
LogPluginManager: Mounting plugin MaterialAnalyzer
LogPluginManager: Mounting plugin OodleNetwork
LogPluginManager: Mounting plugin MobileLauncherProfileWizard
LogPluginManager: Mounting plugin PluginBrowser
LogPluginManager: Mounting plugin SpeedTreeImporter
LogPluginManager: Mounting plugin DatasmithContent
LogPluginManager: Mounting plugin VariantManagerContent
LogPluginManager: Mounting plugin AlembicImporter
LogPluginManager: Mounting plugin AutomationUtils
LogPluginManager: Mounting plugin BackChannel
LogPluginManager: Mounting plugin ChaosCloth
LogPluginManager: Mounting plugin ChaosClothEditor
LogPluginManager: Mounting plugin ChaosEditor
LogPluginManager: Mounting plugin ChaosNiagara
LogPluginManager: Mounting plugin ChaosSolverPlugin
LogPluginManager: Mounting plugin Niagara
LogPluginManager: Mounting plugin CharacterAI
LogPluginManager: Mounting plugin GeometryCache
LogPluginManager: Mounting plugin GeometryCollectionPlugin
LogPluginManager: Mounting plugin LuminPlatformFeatures
LogPluginManager: Mounting plugin MagicLeap
LogPluginManager: Mounting plugin MagicLeapLightEstimation
LogPluginManager: Mounting plugin MagicLeapMedia
LogPluginManager: Mounting plugin MagicLeapPassableWorld
LogPluginManager: Mounting plugin GeometryProcessing
LogPluginManager: Mounting plugin MLSDK
LogPluginManager: Mounting plugin AndroidMedia
LogPluginManager: Mounting plugin UdpMessaging
LogPluginManager: Mounting plugin AvfMedia
LogPluginManager: Mounting plugin ImgMedia
LogPluginManager: Mounting plugin MediaCompositing
LogPluginManager: Mounting plugin MediaPlayerEditor
LogPluginManager: Mounting plugin WebMMedia
LogPluginManager: Mounting plugin WmfMedia
LogPluginManager: Mounting plugin TcpMessaging
LogPluginManager: Mounting plugin ActorSequence
LogPluginManager: Mounting plugin MatineeToLevelSequence
LogPluginManager: Mounting plugin LevelSequenceEditor
LogPluginManager: Mounting plugin OnlineSubsystem
LogPluginManager: Mounting plugin OnlineSubsystemNull
LogPluginManager: Mounting plugin OnlineSubsystemUtils
LogPluginManager: Mounting plugin LauncherChunkInstaller
LogPluginManager: Mounting plugin TemplateSequence
LogPluginManager: Mounting plugin ActorLayerUtilities
LogPluginManager: Mounting plugin AndroidMoviePlayer
LogPluginManager: Mounting plugin AndroidDeviceProfileSelector
LogPluginManager: Mounting plugin AndroidPermission
LogPluginManager: Mounting plugin AppleImageUtils
LogPluginManager: Mounting plugin AppleMoviePlayer
LogPluginManager: Mounting plugin ArchVisCharacter
LogPluginManager: Mounting plugin AssetTags
LogPluginManager: Mounting plugin AudioCapture
LogPluginManager: Mounting plugin AudioSynesthesia
LogPluginManager: Mounting plugin CableComponent
LogPluginManager: Mounting plugin ChunkDownloader
LogPluginManager: Mounting plugin CustomMeshComponent
LogPluginManager: Mounting plugin EditableMesh
LogPluginManager: Mounting plugin ExampleDeviceProfileSelector
LogPluginManager: Mounting plugin GoogleCloudMessaging
LogPluginManager: Mounting plugin GooglePAD
LogPluginManager: Mounting plugin ScreenshotTools
LogPluginManager: Mounting plugin OpenImageDenoise
LogPluginManager: Mounting plugin MotoSynth
LogPluginManager: Mounting plugin PlanarCut
LogPluginManager: Mounting plugin PlatformCrypto
LogPluginManager: Mounting plugin ProxyLODPlugin
LogPluginManager: Mounting plugin PythonScriptPlugin
LogPluginManager: Mounting plugin SkeletalReduction
LogPluginManager: Mounting plugin Takes
LogPluginManager: Mounting plugin IOSDeviceProfileSelector
LogPluginManager: Mounting plugin LinuxDeviceProfileSelector
LogPluginManager: Mounting plugin LocationServicesBPLibrary
LogPluginManager: Mounting plugin MobilePatchingUtils
LogPluginManager: Mounting plugin OpenXR
LogPluginManager: Mounting plugin OpenXREyeTracker
LogPluginManager: Mounting plugin OpenXRHandTracking
LogPluginManager: Mounting plugin PostSplashScreen
LogPluginManager: Mounting plugin PhysXVehicles
LogPluginManager: Mounting plugin ProceduralMeshComponent
LogPluginManager: Mounting plugin PropertyAccessEditor
LogPluginManager: Mounting plugin RuntimePhysXCooking
LogPluginManager: Mounting plugin SignificanceManager
LogPluginManager: Mounting plugin SoundFields
LogPluginManager: Mounting plugin Synthesis
LogPluginManager: Mounting plugin WebMMoviePlayer
LogPluginManager: Mounting plugin WindowsMoviePlayer
LogPluginManager: Mounting plugin ContentBrowserAssetDataSource
LogPluginManager: Mounting plugin ContentBrowserClassDataSource
LogPluginManager: Mounting plugin ContentBrowserFileDataSource
LogPluginManager: Mounting plugin OnlineSubsystemGooglePlay
LogPluginManager: Mounting plugin OnlineSubsystemIOS
LogPluginManager: Mounting plugin OculusVR
LogPluginManager: Mounting plugin SteamVR
PixWinPlugin: PIX capture plugin failed to initialize! Check that the process is launched from PIX.
LogInit: Using libcurl 7.55.1-DEV
LogInit:  - built for x86_64-pc-win32
LogInit:  - supports SSL with OpenSSL/1.1.1
LogInit:  - supports HTTP deflate (compression) using libz 1.2.8
LogInit:  - other features:
LogInit:      CURL_VERSION_SSL
LogInit:      CURL_VERSION_LIBZ
LogInit:      CURL_VERSION_IPV6
LogInit:      CURL_VERSION_ASYNCHDNS
LogInit:      CURL_VERSION_LARGEFILE
LogInit:      CURL_VERSION_IDN
LogInit:  CurlRequestOptions (configurable via config and command line):
LogInit:  - bVerifyPeer = true  - Libcurl will verify peer certificate
LogInit:  - bUseHttpProxy = false  - Libcurl will NOT use HTTP proxy
LogInit:  - bDontReuseConnections = false  - Libcurl will reuse connections
LogInit:  - MaxHostConnections = 16  - Libcurl will limit the number of connections to a host
LogInit:  - LocalHostAddr = Default
LogInit:  - BufferSize = 65536
LogOnline: OSS: Creating online subsystem instance for: NULL
LogInit: WinSock: version 1.1 (2.2), MaxSocks=32767, MaxUdp=65467
LogOnline: OSS: TryLoadSubsystemAndSetDefault: Loaded subsystem for module [NULL]
LogOculusPluginWrapper: OculusPlugin initialized successfully
LogHMD: Failed initializing OVRPlugin 1.59.0
LogInit: Build: ++UE4+Release-4.27-CL-18319896
LogInit: Engine Version: 4.27.2-18319896+++UE4+Release-4.27
LogInit: Compatible Engine Version: 4.27.0-17155196+++UE4+Release-4.27
LogInit: Net CL: 17155196
LogInit: OS: Windows 10 (Release 2009) (), CPU: Intel(R) Core(TM) i5-9300H CPU @ 2.40GHz, GPU: NVIDIA GeForce RTX 2060
LogInit: Compiled (64-bit): Nov 30 2021 07:12:08
LogInit: Compiled with Visual C++: 19.24.28315.00
LogInit: Build Configuration: Development
LogInit: Branch Name: ++UE4+Release-4.27
LogInit: Command Line:  -skipcompile
LogInit: Base Directory: D:/Epic/UE_4.27/Engine/Binaries/Win64/
LogInit: Allocator: TBB
LogInit: Installed Engine Build: 1
LogDevObjectVersion: Number of dev versions registered: 29
LogDevObjectVersion:   Dev-Blueprints (B0D832E4-1F89-4F0D-ACCF-7EB736FD4AA2): 10
LogDevObjectVersion:   Dev-Build (E1C64328-A22C-4D53-A36C-8E866417BD8C): 0
LogDevObjectVersion:   Dev-Core (375EC13C-06E4-48FB-B500-84F0262A717E): 4
LogDevObjectVersion:   Dev-Editor (E4B068ED-F494-42E9-A231-DA0B2E46BB41): 40
LogDevObjectVersion:   Dev-Framework (CFFC743F-43B0-4480-9391-14DF171D2073): 37
LogDevObjectVersion:   Dev-Mobile (B02B49B5-BB20-44E9-A304-32B752E40360): 3
LogDevObjectVersion:   Dev-Networking (A4E4105C-59A1-49B5-A7C5-40C4547EDFEE): 0
LogDevObjectVersion:   Dev-Online (39C831C9-5AE6-47DC-9A44-9C173E1C8E7C): 0
LogDevObjectVersion:   Dev-Physics (78F01B33-EBEA-4F98-B9B4-84EACCB95AA2): 14
LogDevObjectVersion:   Dev-Platform (6631380F-2D4D-43E0-8009-CF276956A95A): 0
LogDevObjectVersion:   Dev-Rendering (12F88B9F-8875-4AFC-A67C-D90C383ABD29): 45
LogDevObjectVersion:   Dev-Sequencer (7B5AE74C-D270-4C10-A958-57980B212A5A): 13
LogDevObjectVersion:   Dev-VR (D7296918-1DD6-4BDD-9DE2-64A83CC13884): 3
LogDevObjectVersion:   Dev-LoadTimes (C2A15278-BFE7-4AFE-6C17-90FF531DF755): 1
LogDevObjectVersion:   Private-Geometry (6EACA3D4-40EC-4CC1-B786-8BED09428FC5): 3
LogDevObjectVersion:   Dev-AnimPhys (29E575DD-E0A3-4627-9D10-D276232CDCEA): 17
LogDevObjectVersion:   Dev-Anim (AF43A65D-7FD3-4947-9873-3E8ED9C1BB05): 15
LogDevObjectVersion:   Dev-ReflectionCapture (6B266CEC-1EC7-4B8F-A30B-E4D90942FC07): 1
LogDevObjectVersion:   Dev-Automation (0DF73D61-A23F-47EA-B727-89E90C41499A): 1
LogDevObjectVersion:   FortniteMain (601D1886-AC64-4F84-AA16-D3DE0DEAC7D6): 47
LogDevObjectVersion:   FortniteRelease (E7086368-6B23-4C58-8439-1B7016265E91): 1
LogDevObjectVersion:   Dev-Enterprise (9DFFBCD6-494F-0158-E221-12823C92A888): 10
LogDevObjectVersion:   Dev-Niagara (F2AED0AC-9AFE-416F-8664-AA7FFA26D6FC): 1
LogDevObjectVersion:   Dev-Destruction (174F1F0B-B4C6-45A5-B13F-2EE8D0FB917D): 10
LogDevObjectVersion:   Dev-Physics-Ext (35F94A83-E258-406C-A318-09F59610247C): 41
LogDevObjectVersion:   Dev-PhysicsMaterial-Chaos (B68FC16E-8B1B-42E2-B453-215C058844FE): 1
LogDevObjectVersion:   Dev-CineCamera (B2E18506-4273-CFC2-A54E-F4BB758BBA07): 1
LogDevObjectVersion:   Dev-VirtualProduction (64F58936-FD1B-42BA-BA96-7289D5D0FA4E): 1
LogDevObjectVersion:   Dev-MediaFramework (6F0ED827-A609-4895-9C91-998D90180EA4): 2
LogInit: Presizing for max 25165824 objects, including 0 objects not considered by GC, pre-allocating 0 bytes for permanent pool.
LogConfig: Applying CVar settings from Section [/Script/Engine.StreamingSettings] File [D:/Portfolio/Unreal/FPS_Game/Zombone/Saved/Config/Windows/Engine.ini]
LogConfig: Setting CVar [[s.MinBulkDataSizeForAsyncLoading:131072]]
LogConfig: Setting CVar [[s.AsyncLoadingThreadEnabled:0]]
LogConfig: Setting CVar [[s.EventDrivenLoaderEnabled:1]]
LogConfig: Setting CVar [[s.WarnIfTimeLimitExceeded:0]]
LogConfig: Setting CVar [[s.TimeLimitExceededMultiplier:1.5]]
LogConfig: Setting CVar [[s.TimeLimitExceededMinTime:0.005]]
LogConfig: Setting CVar [[s.UseBackgroundLevelStreaming:1]]
LogConfig: Setting CVar [[s.PriorityAsyncLoadingExtraTime:15.0]]
LogConfig: Setting CVar [[s.LevelStreamingActorsUpdateTimeLimit:5.0]]
LogConfig: Setting CVar [[s.PriorityLevelStreamingActorsUpdateExtraTime:5.0]]
LogConfig: Setting CVar [[s.LevelStreamingComponentsRegistrationGranularity:10]]
LogConfig: Setting CVar [[s.UnregisterComponentsTimeLimit:1.0]]
LogConfig: Setting CVar [[s.LevelStreamingComponentsUnregistrationGranularity:5]]
LogConfig: Setting CVar [[s.FlushStreamingOnExit:1]]
LogInit: Object subsystem initialized
LogConfig: Setting CVar [[con.DebugEarlyDefault:1]]
LogConfig: Setting CVar [[r.setres:1280x720]]
[2022.10.11-17.08.50:057][  0]LogConfig: Setting CVar [[r.VSync:0]]
[2022.10.11-17.08.50:057][  0]LogConfig: Setting CVar [[r.RHICmdBypass:0]]
[2022.10.11-17.08.50:057][  0]LogConfig: Applying CVar settings from Section [/Script/Engine.RendererSettings] File [D:/Portfolio/Unreal/FPS_Game/Zombone/Saved/Config/Windows/Engine.ini]
[2022.10.11-17.08.50:058][  0]LogConfig: Setting CVar [[r.GPUCrashDebugging:0]]
[2022.10.11-17.08.50:058][  0]LogConfig: Applying CVar settings from Section [/Script/Engine.RendererOverrideSettings] File [D:/Portfolio/Unreal/FPS_Game/Zombone/Saved/Config/Windows/Engine.ini]
[2022.10.11-17.08.50:058][  0]LogConfig: Applying CVar settings from Section [/Script/Engine.StreamingSettings] File [D:/Portfolio/Unreal/FPS_Game/Zombone/Saved/Config/Windows/Engine.ini]
[2022.10.11-17.08.50:058][  0]LogConfig: Setting CVar [[s.MinBulkDataSizeForAsyncLoading:131072]]
[2022.10.11-17.08.50:058][  0]LogConfig: Setting CVar [[s.AsyncLoadingThreadEnabled:0]]
[2022.10.11-17.08.50:058][  0]LogConfig: Setting CVar [[s.EventDrivenLoaderEnabled:1]]
[2022.10.11-17.08.50:058][  0]LogConfig: Setting CVar [[s.WarnIfTimeLimitExceeded:0]]
[2022.10.11-17.08.50:058][  0]LogConfig: Setting CVar [[s.TimeLimitExceededMultiplier:1.5]]
[2022.10.11-17.08.50:058][  0]LogConfig: Setting CVar [[s.TimeLimitExceededMinTime:0.005]]
[2022.10.11-17.08.50:058][  0]LogConfig: Setting CVar [[s.UseBackgroundLevelStreaming:1]]
[2022.10.11-17.08.50:058][  0]LogConfig: Setting CVar [[s.PriorityAsyncLoadingExtraTime:15.0]]
[2022.10.11-17.08.50:058][  0]LogConfig: Setting CVar [[s.LevelStreamingActorsUpdateTimeLimit:5.0]]
[2022.10.11-17.08.50:059][  0]LogConfig: Setting CVar [[s.PriorityLevelStreamingActorsUpdateExtraTime:5.0]]
[2022.10.11-17.08.50:059][  0]LogConfig: Setting CVar [[s.LevelStreamingComponentsRegistrationGranularity:10]]
[2022.10.11-17.08.50:059][  0]LogConfig: Setting CVar [[s.UnregisterComponentsTimeLimit:1.0]]
[2022.10.11-17.08.50:059][  0]LogConfig: Setting CVar [[s.LevelStreamingComponentsUnregistrationGranularity:5]]
[2022.10.11-17.08.50:059][  0]LogConfig: Setting CVar [[s.FlushStreamingOnExit:1]]
[2022.10.11-17.08.50:059][  0]LogConfig: Applying CVar settings from Section [/Script/Engine.GarbageCollectionSettings] File [D:/Portfolio/Unreal/FPS_Game/Zombone/Saved/Config/Windows/Engine.ini]
[2022.10.11-17.08.50:059][  0]LogConfig: Setting CVar [[gc.MaxObjectsNotConsideredByGC:1]]
[2022.10.11-17.08.50:059][  0]LogConfig: Setting CVar [[gc.SizeOfPermanentObjectPool:0]]
[2022.10.11-17.08.50:059][  0]LogConfig: Setting CVar [[gc.FlushStreamingOnGC:0]]
[2022.10.11-17.08.50:059][  0]LogConfig: Setting CVar [[gc.NumRetriesBeforeForcingGC:10]]
[2022.10.11-17.08.50:059][  0]LogConfig: Setting CVar [[gc.AllowParallelGC:1]]
[2022.10.11-17.08.50:059][  0]LogConfig: Setting CVar [[gc.TimeBetweenPurgingPendingKillObjects:61.1]]
[2022.10.11-17.08.50:059][  0]LogConfig: Setting CVar [[gc.MaxObjectsInEditor:25165824]]
[2022.10.11-17.08.50:059][  0]LogConfig: Setting CVar [[gc.IncrementalBeginDestroyEnabled:1]]
[2022.10.11-17.08.50:059][  0]LogConfig: Setting CVar [[gc.CreateGCClusters:1]]
[2022.10.11-17.08.50:059][  0]LogConfig: Setting CVar [[gc.MinGCClusterSize:5]]
[2022.10.11-17.08.50:059][  0]LogConfig: Setting CVar [[gc.ActorClusteringEnabled:0]]
[2022.10.11-17.08.50:060][  0]LogConfig: Setting CVar [[gc.BlueprintClusteringEnabled:0]]
[2022.10.11-17.08.50:060][  0]LogConfig: Setting CVar [[gc.UseDisregardForGCOnDedicatedServers:0]]
[2022.10.11-17.08.50:060][  0]LogConfig: Setting CVar [[gc.MultithreadedDestructionEnabled:1]]
[2022.10.11-17.08.50:060][  0]LogConfig: Applying CVar settings from Section [/Script/Engine.NetworkSettings] File [D:/Portfolio/Unreal/FPS_Game/Zombone/Saved/Config/Windows/Engine.ini]
[2022.10.11-17.08.50:060][  0]LogConfig: Applying CVar settings from Section [/Script/UnrealEd.CookerSettings] File [D:/Portfolio/Unreal/FPS_Game/Zombone/Saved/Config/Windows/Engine.ini]
[2022.10.11-17.08.50:132][  0]LogConfig: Applying CVar settings from Section [ViewDistanceQuality@3] File [D:/Portfolio/Unreal/FPS_Game/Zombone/Saved/Config/Windows/Scalability.ini]
[2022.10.11-17.08.50:132][  0]LogConfig: Setting CVar [[r.SkeletalMeshLODBias:0]]
[2022.10.11-17.08.50:132][  0]LogConfig: Setting CVar [[r.ViewDistanceScale:1.0]]
[2022.10.11-17.08.50:132][  0]LogConfig: Applying CVar settings from Section [AntiAliasingQuality@3] File [D:/Portfolio/Unreal/FPS_Game/Zombone/Saved/Config/Windows/Scalability.ini]
[2022.10.11-17.08.50:132][  0]LogConfig: Setting CVar [[r.PostProcessAAQuality:4]]
[2022.10.11-17.08.50:132][  0]LogConfig: Applying CVar settings from Section [ShadowQuality@3] File [D:/Portfolio/Unreal/FPS_Game/Zombone/Saved/Config/Windows/Scalability.ini]
[2022.10.11-17.08.50:133][  0]LogConfig: Setting CVar [[r.LightFunctionQuality:1]]
[2022.10.11-17.08.50:133][  0]LogConfig: Setting CVar [[r.ShadowQuality:5]]
[2022.10.11-17.08.50:133][  0]LogConfig: Setting CVar [[r.Shadow.CSM.MaxCascades:10]]
[2022.10.11-17.08.50:133][  0]LogConfig: Setting CVar [[r.Shadow.MaxResolution:2048]]
[2022.10.11-17.08.50:133][  0]LogConfig: Setting CVar [[r.Shadow.MaxCSMResolution:2048]]
[2022.10.11-17.08.50:133][  0]LogConfig: Setting CVar [[r.Shadow.RadiusThreshold:0.01]]
[2022.10.11-17.08.50:133][  0]LogConfig: Setting CVar [[r.Shadow.DistanceScale:1.0]]
[2022.10.11-17.08.50:133][  0]LogConfig: Setting CVar [[r.Shadow.CSM.TransitionScale:1.0]]
[2022.10.11-17.08.50:133][  0]LogConfig: Setting CVar [[r.Shadow.PreShadowResolutionFactor:1.0]]
[2022.10.11-17.08.50:133][  0]LogConfig: Setting CVar [[r.DistanceFieldShadowing:1]]
[2022.10.11-17.08.50:133][  0]LogConfig: Setting CVar [[r.DistanceFieldAO:1]]
[2022.10.11-17.08.50:133][  0]LogConfig: Setting CVar [[r.AOQuality:2]]
[2022.10.11-17.08.50:133][  0]LogConfig: Setting CVar [[r.VolumetricFog:1]]
[2022.10.11-17.08.50:134][  0]LogConfig: Setting CVar [[r.VolumetricFog.GridPixelSize:8]]
[2022.10.11-17.08.50:134][  0]LogConfig: Setting CVar [[r.VolumetricFog.GridSizeZ:128]]
[2022.10.11-17.08.50:134][  0]LogConfig: Setting CVar [[r.VolumetricFog.HistoryMissSupersampleCount:4]]
[2022.10.11-17.08.50:134][  0]LogConfig: Setting CVar [[r.LightMaxDrawDistanceScale:1]]
[2022.10.11-17.08.50:134][  0]LogConfig: Setting CVar [[r.CapsuleShadows:1]]
[2022.10.11-17.08.50:134][  0]LogConfig: Applying CVar settings from Section [PostProcessQuality@3] File [D:/Portfolio/Unreal/FPS_Game/Zombone/Saved/Config/Windows/Scalability.ini]
[2022.10.11-17.08.50:134][  0]LogConfig: Setting CVar [[r.MotionBlurQuality:4]]
[2022.10.11-17.08.50:134][  0]LogConfig: Setting CVar [[r.AmbientOcclusionMipLevelFactor:0.4]]
[2022.10.11-17.08.50:134][  0]LogConfig: Setting CVar [[r.AmbientOcclusionMaxQuality:100]]
[2022.10.11-17.08.50:134][  0]LogConfig: Setting CVar [[r.AmbientOcclusionLevels:-1]]
[2022.10.11-17.08.50:134][  0]LogConfig: Setting CVar [[r.AmbientOcclusionRadiusScale:1.0]]
[2022.10.11-17.08.50:134][  0]LogConfig: Setting CVar [[r.DepthOfFieldQuality:2]]
[2022.10.11-17.08.50:134][  0]LogConfig: Setting CVar [[r.RenderTargetPoolMin:400]]
[2022.10.11-17.08.50:134][  0]LogConfig: Setting CVar [[r.LensFlareQuality:2]]
[2022.10.11-17.08.50:134][  0]LogConfig: Setting CVar [[r.SceneColorFringeQuality:1]]
[2022.10.11-17.08.50:134][  0]LogConfig: Setting CVar [[r.EyeAdaptationQuality:2]]
[2022.10.11-17.08.50:135][  0]LogConfig: Setting CVar [[r.BloomQuality:5]]
[2022.10.11-17.08.50:135][  0]LogConfig: Setting CVar [[r.FastBlurThreshold:100]]
[2022.10.11-17.08.50:135][  0]LogConfig: Setting CVar [[r.Upscale.Quality:3]]
[2022.10.11-17.08.50:135][  0]LogConfig: Setting CVar [[r.Tonemapper.GrainQuantization:1]]
[2022.10.11-17.08.50:135][  0]LogConfig: Setting CVar [[r.LightShaftQuality:1]]
[2022.10.11-17.08.50:135][  0]LogConfig: Setting CVar [[r.Filter.SizeScale:1]]
[2022.10.11-17.08.50:135][  0]LogConfig: Setting CVar [[r.Tonemapper.Quality:5]]
[2022.10.11-17.08.50:135][  0]LogConfig: Setting CVar [[r.DOF.Gather.AccumulatorQuality:1        ; higher gathering accumulator quality]]
[2022.10.11-17.08.50:135][  0]LogConfig: Setting CVar [[r.DOF.Gather.PostfilterMethod:1          ; Median3x3 postfilering method]]
[2022.10.11-17.08.50:135][  0]LogConfig: Setting CVar [[r.DOF.Gather.EnableBokehSettings:0       ; no bokeh simulation when gathering]]
[2022.10.11-17.08.50:135][  0]LogConfig: Setting CVar [[r.DOF.Gather.RingCount:4                 ; medium number of samples when gathering]]
[2022.10.11-17.08.50:135][  0]LogConfig: Setting CVar [[r.DOF.Scatter.ForegroundCompositing:1    ; additive foreground scattering]]
[2022.10.11-17.08.50:135][  0]LogConfig: Setting CVar [[r.DOF.Scatter.BackgroundCompositing:2    ; additive background scattering]]
[2022.10.11-17.08.50:135][  0]LogConfig: Setting CVar [[r.DOF.Scatter.EnableBokehSettings:1      ; bokeh simulation when scattering]]
[2022.10.11-17.08.50:135][  0]LogConfig: Setting CVar [[r.DOF.Scatter.MaxSpriteRatio:0.1         ; only a maximum of 10% of scattered bokeh]]
[2022.10.11-17.08.50:135][  0]LogConfig: Setting CVar [[r.DOF.Recombine.Quality:1                ; cheap slight out of focus]]
[2022.10.11-17.08.50:135][  0]LogConfig: Setting CVar [[r.DOF.Recombine.EnableBokehSettings:0    ; no bokeh simulation on slight out of focus]]
[2022.10.11-17.08.50:135][  0]LogConfig: Setting CVar [[r.DOF.TemporalAAQuality:1                ; more stable temporal accumulation]]
[2022.10.11-17.08.50:135][  0]LogConfig: Setting CVar [[r.DOF.Kernel.MaxForegroundRadius:0.025]]
[2022.10.11-17.08.50:135][  0]LogConfig: Setting CVar [[r.DOF.Kernel.MaxBackgroundRadius:0.025]]
[2022.10.11-17.08.50:136][  0]LogConfig: Applying CVar settings from Section [TextureQuality@3] File [D:/Portfolio/Unreal/FPS_Game/Zombone/Saved/Config/Windows/Scalability.ini]
[2022.10.11-17.08.50:136][  0]LogConfig: Setting CVar [[r.Streaming.MipBias:0]]
[2022.10.11-17.08.50:136][  0]LogConfig: Setting CVar [[r.Streaming.AmortizeCPUToGPUCopy:0]]
[2022.10.11-17.08.50:136][  0]LogConfig: Setting CVar [[r.Streaming.MaxNumTexturesToStreamPerFrame:0]]
[2022.10.11-17.08.50:136][  0]LogConfig: Setting CVar [[r.Streaming.Boost:1]]
[2022.10.11-17.08.50:136][  0]LogConfig: Setting CVar [[r.MaxAnisotropy:8]]
[2022.10.11-17.08.50:136][  0]LogConfig: Setting CVar [[r.VT.MaxAnisotropy:8]]
[2022.10.11-17.08.50:136][  0]LogConfig: Setting CVar [[r.Streaming.LimitPoolSizeToVRAM:0]]
[2022.10.11-17.08.50:136][  0]LogConfig: Setting CVar [[r.Streaming.PoolSize:1000]]
[2022.10.11-17.08.50:136][  0]LogConfig: Setting CVar [[r.Streaming.MaxEffectiveScreenSize:0]]
[2022.10.11-17.08.50:136][  0]LogConfig: Applying CVar settings from Section [EffectsQuality@3] File [D:/Portfolio/Unreal/FPS_Game/Zombone/Saved/Config/Windows/Scalability.ini]
[2022.10.11-17.08.50:136][  0]LogConfig: Setting CVar [[r.TranslucencyLightingVolumeDim:64]]
[2022.10.11-17.08.50:136][  0]LogConfig: Setting CVar [[r.RefractionQuality:2]]
[2022.10.11-17.08.50:136][  0]LogConfig: Setting CVar [[r.SSR.Quality:3]]
[2022.10.11-17.08.50:136][  0]LogConfig: Setting CVar [[r.SSR.HalfResSceneColor:0]]
[2022.10.11-17.08.50:136][  0]LogConfig: Setting CVar [[r.SceneColorFormat:4]]
[2022.10.11-17.08.50:136][  0]LogConfig: Setting CVar [[r.DetailMode:2]]
[2022.10.11-17.08.50:136][  0]LogConfig: Setting CVar [[r.TranslucencyVolumeBlur:1]]
[2022.10.11-17.08.50:136][  0]LogConfig: Setting CVar [[r.MaterialQualityLevel:1 ; High quality]]
[2022.10.11-17.08.50:136][  0]LogConfig: Setting CVar [[r.AnisotropicMaterials:1]]
[2022.10.11-17.08.50:136][  0]LogConfig: Setting CVar [[r.SSS.Scale:1]]
[2022.10.11-17.08.50:137][  0]LogConfig: Setting CVar [[r.SSS.SampleSet:2]]
[2022.10.11-17.08.50:137][  0]LogConfig: Setting CVar [[r.SSS.Quality:1]]
[2022.10.11-17.08.50:137][  0]LogConfig: Setting CVar [[r.SSS.HalfRes:0]]
[2022.10.11-17.08.50:137][  0]LogConfig: Setting CVar [[r.SSGI.Quality:3]]
[2022.10.11-17.08.50:137][  0]LogConfig: Setting CVar [[r.EmitterSpawnRateScale:1.0]]
[2022.10.11-17.08.50:137][  0]LogConfig: Setting CVar [[r.ParticleLightQuality:2]]
[2022.10.11-17.08.50:137][  0]LogConfig: Setting CVar [[r.SkyAtmosphere.AerialPerspectiveLUT.FastApplyOnOpaque:1 ; Always have FastSkyLUT 1 in this case to avoid wrong sky]]
[2022.10.11-17.08.50:137][  0]LogConfig: Setting CVar [[r.SkyAtmosphere.AerialPerspectiveLUT.SampleCountMaxPerSlice:4]]
[2022.10.11-17.08.50:137][  0]LogConfig: Setting CVar [[r.SkyAtmosphere.AerialPerspectiveLUT.DepthResolution:16.0]]
[2022.10.11-17.08.50:137][  0]LogConfig: Setting CVar [[r.SkyAtmosphere.FastSkyLUT:1]]
[2022.10.11-17.08.50:137][  0]LogConfig: Setting CVar [[r.SkyAtmosphere.FastSkyLUT.SampleCountMin:4.0]]
[2022.10.11-17.08.50:137][  0]LogConfig: Setting CVar [[r.SkyAtmosphere.FastSkyLUT.SampleCountMax:128.0]]
[2022.10.11-17.08.50:137][  0]LogConfig: Setting CVar [[r.SkyAtmosphere.SampleCountMin:4.0]]
[2022.10.11-17.08.50:137][  0]LogConfig: Setting CVar [[r.SkyAtmosphere.SampleCountMax:128.0]]
[2022.10.11-17.08.50:137][  0]LogConfig: Setting CVar [[r.SkyAtmosphere.TransmittanceLUT.UseSmallFormat:0]]
[2022.10.11-17.08.50:137][  0]LogConfig: Setting CVar [[r.SkyAtmosphere.TransmittanceLUT.SampleCount:10.0]]
[2022.10.11-17.08.50:137][  0]LogConfig: Setting CVar [[r.SkyAtmosphere.MultiScatteringLUT.SampleCount:15.0]]
[2022.10.11-17.08.50:137][  0]LogConfig: Setting CVar [[r.SkyLight.RealTimeReflectionCapture:1]]
[2022.10.11-17.08.50:138][  0]LogConfig: Applying CVar settings from Section [FoliageQuality@3] File [D:/Portfolio/Unreal/FPS_Game/Zombone/Saved/Config/Windows/Scalability.ini]
[2022.10.11-17.08.50:138][  0]LogConfig: Setting CVar [[foliage.DensityScale:1.0]]
[2022.10.11-17.08.50:138][  0]LogConfig: Setting CVar [[grass.DensityScale:1.0]]
[2022.10.11-17.08.50:138][  0]LogConfig: Applying CVar settings from Section [ShadingQuality@3] File [D:/Portfolio/Unreal/FPS_Game/Zombone/Saved/Config/Windows/Scalability.ini]
[2022.10.11-17.08.50:138][  0]LogConfig: Setting CVar [[r.HairStrands.SkyLighting.IntegrationType:2]]
[2022.10.11-17.08.50:138][  0]LogConfig: Setting CVar [[r.HairStrands.SkyAO.SampleCount:4]]
[2022.10.11-17.08.50:138][  0]LogConfig: Setting CVar [[r.HairStrands.Visibility.MSAA.SamplePerPixel:4]]
[2022.10.11-17.08.50:146][  0]LogInit: Selected Device Profile: [Windows]
[2022.10.11-17.08.50:153][  0]LogInit: Applying CVar settings loaded from the selected device profile: [Windows]
[2022.10.11-17.08.50:166][  0]LogHAL: Display: Platform has ~ 16 GB [17052086272 / 17179869184 / 16], which maps to Larger [LargestMinGB=32, LargerMinGB=12, DefaultMinGB=8, SmallerMinGB=6, SmallestMinGB=0)
[2022.10.11-17.08.50:166][  0]LogInit: Going up to parent DeviceProfile []
[2022.10.11-17.08.50:170][  0]LogConfig: Applying CVar settings from Section [ViewDistanceQuality@3] File [D:/Portfolio/Unreal/FPS_Game/Zombone/Saved/Config/Windows/Scalability.ini]
[2022.10.11-17.08.50:170][  0]LogConfig: Setting CVar [[r.SkeletalMeshLODBias:0]]
[2022.10.11-17.08.50:170][  0]LogConfig: Setting CVar [[r.ViewDistanceScale:1.0]]
[2022.10.11-17.08.50:170][  0]LogConfig: Applying CVar settings from Section [AntiAliasingQuality@3] File [D:/Portfolio/Unreal/FPS_Game/Zombone/Saved/Config/Windows/Scalability.ini]
[2022.10.11-17.08.50:170][  0]LogConfig: Setting CVar [[r.PostProcessAAQuality:4]]
[2022.10.11-17.08.50:170][  0]LogConfig: Applying CVar settings from Section [ShadowQuality@3] File [D:/Portfolio/Unreal/FPS_Game/Zombone/Saved/Config/Windows/Scalability.ini]
[2022.10.11-17.08.50:170][  0]LogConfig: Setting CVar [[r.LightFunctionQuality:1]]
[2022.10.11-17.08.50:170][  0]LogConfig: Setting CVar [[r.ShadowQuality:5]]
[2022.10.11-17.08.50:170][  0]LogConfig: Setting CVar [[r.Shadow.CSM.MaxCascades:10]]
[2022.10.11-17.08.50:170][  0]LogConfig: Setting CVar [[r.Shadow.MaxResolution:2048]]
[2022.10.11-17.08.50:171][  0]LogConfig: Setting CVar [[r.Shadow.MaxCSMResolution:2048]]
[2022.10.11-17.08.50:171][  0]LogConfig: Setting CVar [[r.Shadow.RadiusThreshold:0.01]]
[2022.10.11-17.08.50:171][  0]LogConfig: Setting CVar [[r.Shadow.DistanceScale:1.0]]
[2022.10.11-17.08.50:171][  0]LogConfig: Setting CVar [[r.Shadow.CSM.TransitionScale:1.0]]
[2022.10.11-17.08.50:171][  0]LogConfig: Setting CVar [[r.Shadow.PreShadowResolutionFactor:1.0]]
[2022.10.11-17.08.50:171][  0]LogConfig: Setting CVar [[r.DistanceFieldShadowing:1]]
[2022.10.11-17.08.50:171][  0]LogConfig: Setting CVar [[r.DistanceFieldAO:1]]
[2022.10.11-17.08.50:171][  0]LogConfig: Setting CVar [[r.AOQuality:2]]
[2022.10.11-17.08.50:171][  0]LogConfig: Setting CVar [[r.VolumetricFog:1]]
[2022.10.11-17.08.50:171][  0]LogConfig: Setting CVar [[r.VolumetricFog.GridPixelSize:8]]
[2022.10.11-17.08.50:171][  0]LogConfig: Setting CVar [[r.VolumetricFog.GridSizeZ:128]]
[2022.10.11-17.08.50:171][  0]LogConfig: Setting CVar [[r.VolumetricFog.HistoryMissSupersampleCount:4]]
[2022.10.11-17.08.50:171][  0]LogConfig: Setting CVar [[r.LightMaxDrawDistanceScale:1]]
[2022.10.11-17.08.50:171][  0]LogConfig: Setting CVar [[r.CapsuleShadows:1]]
[2022.10.11-17.08.50:171][  0]LogConfig: Applying CVar settings from Section [PostProcessQuality@3] File [D:/Portfolio/Unreal/FPS_Game/Zombone/Saved/Config/Windows/Scalability.ini]
[2022.10.11-17.08.50:171][  0]LogConfig: Setting CVar [[r.MotionBlurQuality:4]]
[2022.10.11-17.08.50:171][  0]LogConfig: Setting CVar [[r.AmbientOcclusionMipLevelFactor:0.4]]
[2022.10.11-17.08.50:172][  0]LogConfig: Setting CVar [[r.AmbientOcclusionMaxQuality:100]]
[2022.10.11-17.08.50:172][  0]LogConfig: Setting CVar [[r.AmbientOcclusionLevels:-1]]
[2022.10.11-17.08.50:172][  0]LogConfig: Setting CVar [[r.AmbientOcclusionRadiusScale:1.0]]
[2022.10.11-17.08.50:172][  0]LogConfig: Setting CVar [[r.DepthOfFieldQuality:2]]
[2022.10.11-17.08.50:172][  0]LogConfig: Setting CVar [[r.RenderTargetPoolMin:400]]
[2022.10.11-17.08.50:172][  0]LogConfig: Setting CVar [[r.LensFlareQuality:2]]
[2022.10.11-17.08.50:172][  0]LogConfig: Setting CVar [[r.SceneColorFringeQuality:1]]
[2022.10.11-17.08.50:172][  0]LogConfig: Setting CVar [[r.EyeAdaptationQuality:2]]
[2022.10.11-17.08.50:172][  0]LogConfig: Setting CVar [[r.BloomQuality:5]]
[2022.10.11-17.08.50:172][  0]LogConfig: Setting CVar [[r.FastBlurThreshold:100]]
[2022.10.11-17.08.50:172][  0]LogConfig: Setting CVar [[r.Upscale.Quality:3]]
[2022.10.11-17.08.50:172][  0]LogConfig: Setting CVar [[r.Tonemapper.GrainQuantization:1]]
[2022.10.11-17.08.50:172][  0]LogConfig: Setting CVar [[r.LightShaftQuality:1]]
[2022.10.11-17.08.50:172][  0]LogConfig: Setting CVar [[r.Filter.SizeScale:1]]
[2022.10.11-17.08.50:172][  0]LogConfig: Setting CVar [[r.Tonemapper.Quality:5]]
[2022.10.11-17.08.50:172][  0]LogConfig: Setting CVar [[r.DOF.Gather.AccumulatorQuality:1        ; higher gathering accumulator quality]]
[2022.10.11-17.08.50:172][  0]LogConfig: Setting CVar [[r.DOF.Gather.PostfilterMethod:1          ; Median3x3 postfilering method]]
[2022.10.11-17.08.50:172][  0]LogConfig: Setting CVar [[r.DOF.Gather.EnableBokehSettings:0       ; no bokeh simulation when gathering]]
[2022.10.11-17.08.50:172][  0]LogConfig: Setting CVar [[r.DOF.Gather.RingCount:4                 ; medium number of samples when gathering]]
[2022.10.11-17.08.50:172][  0]LogConfig: Setting CVar [[r.DOF.Scatter.ForegroundCompositing:1    ; additive foreground scattering]]
[2022.10.11-17.08.50:172][  0]LogConfig: Setting CVar [[r.DOF.Scatter.BackgroundCompositing:2    ; additive background scattering]]
[2022.10.11-17.08.50:173][  0]LogConfig: Setting CVar [[r.DOF.Scatter.EnableBokehSettings:1      ; bokeh simulation when scattering]]
[2022.10.11-17.08.50:173][  0]LogConfig: Setting CVar [[r.DOF.Scatter.MaxSpriteRatio:0.1         ; only a maximum of 10% of scattered bokeh]]
[2022.10.11-17.08.50:173][  0]LogConfig: Setting CVar [[r.DOF.Recombine.Quality:1                ; cheap slight out of focus]]
[2022.10.11-17.08.50:173][  0]LogConfig: Setting CVar [[r.DOF.Recombine.EnableBokehSettings:0    ; no bokeh simulation on slight out of focus]]
[2022.10.11-17.08.50:173][  0]LogConfig: Setting CVar [[r.DOF.TemporalAAQuality:1                ; more stable temporal accumulation]]
[2022.10.11-17.08.50:173][  0]LogConfig: Setting CVar [[r.DOF.Kernel.MaxForegroundRadius:0.025]]
[2022.10.11-17.08.50:173][  0]LogConfig: Setting CVar [[r.DOF.Kernel.MaxBackgroundRadius:0.025]]
[2022.10.11-17.08.50:173][  0]LogConfig: Applying CVar settings from Section [TextureQuality@3] File [D:/Portfolio/Unreal/FPS_Game/Zombone/Saved/Config/Windows/Scalability.ini]
[2022.10.11-17.08.50:173][  0]LogConfig: Setting CVar [[r.Streaming.MipBias:0]]
[2022.10.11-17.08.50:173][  0]LogConfig: Setting CVar [[r.Streaming.AmortizeCPUToGPUCopy:0]]
[2022.10.11-17.08.50:173][  0]LogConfig: Setting CVar [[r.Streaming.MaxNumTexturesToStreamPerFrame:0]]
[2022.10.11-17.08.50:173][  0]LogConfig: Setting CVar [[r.Streaming.Boost:1]]
[2022.10.11-17.08.50:173][  0]LogConfig: Setting CVar [[r.MaxAnisotropy:8]]
[2022.10.11-17.08.50:173][  0]LogConfig: Setting CVar [[r.VT.MaxAnisotropy:8]]
[2022.10.11-17.08.50:173][  0]LogConfig: Setting CVar [[r.Streaming.LimitPoolSizeToVRAM:0]]
[2022.10.11-17.08.50:173][  0]LogConfig: Setting CVar [[r.Streaming.PoolSize:1000]]
[2022.10.11-17.08.50:173][  0]LogConfig: Setting CVar [[r.Streaming.MaxEffectiveScreenSize:0]]
[2022.10.11-17.08.50:173][  0]LogConfig: Applying CVar settings from Section [EffectsQuality@3] File [D:/Portfolio/Unreal/FPS_Game/Zombone/Saved/Config/Windows/Scalability.ini]
[2022.10.11-17.08.50:173][  0]LogConfig: Setting CVar [[r.TranslucencyLightingVolumeDim:64]]
[2022.10.11-17.08.50:173][  0]LogConfig: Setting CVar [[r.RefractionQuality:2]]
[2022.10.11-17.08.50:173][  0]LogConfig: Setting CVar [[r.SSR.Quality:3]]
[2022.10.11-17.08.50:174][  0]LogConfig: Setting CVar [[r.SSR.HalfResSceneColor:0]]
[2022.10.11-17.08.50:174][  0]LogConfig: Setting CVar [[r.SceneColorFormat:4]]
[2022.10.11-17.08.50:174][  0]LogConfig: Setting CVar [[r.DetailMode:2]]
[2022.10.11-17.08.50:174][  0]LogConfig: Setting CVar [[r.TranslucencyVolumeBlur:1]]
[2022.10.11-17.08.50:174][  0]LogConfig: Setting CVar [[r.MaterialQualityLevel:1 ; High quality]]
[2022.10.11-17.08.50:174][  0]LogConfig: Setting CVar [[r.AnisotropicMaterials:1]]
[2022.10.11-17.08.50:174][  0]LogConfig: Setting CVar [[r.SSS.Scale:1]]
[2022.10.11-17.08.50:174][  0]LogConfig: Setting CVar [[r.SSS.SampleSet:2]]
[2022.10.11-17.08.50:174][  0]LogConfig: Setting CVar [[r.SSS.Quality:1]]
[2022.10.11-17.08.50:174][  0]LogConfig: Setting CVar [[r.SSS.HalfRes:0]]
[2022.10.11-17.08.50:174][  0]LogConfig: Setting CVar [[r.SSGI.Quality:3]]
[2022.10.11-17.08.50:174][  0]LogConfig: Setting CVar [[r.EmitterSpawnRateScale:1.0]]
[2022.10.11-17.08.50:174][  0]LogConfig: Setting CVar [[r.ParticleLightQuality:2]]
[2022.10.11-17.08.50:174][  0]LogConfig: Setting CVar [[r.SkyAtmosphere.AerialPerspectiveLUT.FastApplyOnOpaque:1 ; Always have FastSkyLUT 1 in this case to avoid wrong sky]]
[2022.10.11-17.08.50:174][  0]LogConfig: Setting CVar [[r.SkyAtmosphere.AerialPerspectiveLUT.SampleCountMaxPerSlice:4]]
[2022.10.11-17.08.50:174][  0]LogConfig: Setting CVar [[r.SkyAtmosphere.AerialPerspectiveLUT.DepthResolution:16.0]]
[2022.10.11-17.08.50:174][  0]LogConfig: Setting CVar [[r.SkyAtmosphere.FastSkyLUT:1]]
[2022.10.11-17.08.50:174][  0]LogConfig: Setting CVar [[r.SkyAtmosphere.FastSkyLUT.SampleCountMin:4.0]]
[2022.10.11-17.08.50:174][  0]LogConfig: Setting CVar [[r.SkyAtmosphere.FastSkyLUT.SampleCountMax:128.0]]
[2022.10.11-17.08.50:174][  0]LogConfig: Setting CVar [[r.SkyAtmosphere.SampleCountMin:4.0]]
[2022.10.11-17.08.50:174][  0]LogConfig: Setting CVar [[r.SkyAtmosphere.SampleCountMax:128.0]]
[2022.10.11-17.08.50:174][  0]LogConfig: Setting CVar [[r.SkyAtmosphere.TransmittanceLUT.UseSmallFormat:0]]
[2022.10.11-17.08.50:175][  0]LogConfig: Setting CVar [[r.SkyAtmosphere.TransmittanceLUT.SampleCount:10.0]]
[2022.10.11-17.08.50:175][  0]LogConfig: Setting CVar [[r.SkyAtmosphere.MultiScatteringLUT.SampleCount:15.0]]
[2022.10.11-17.08.50:175][  0]LogConfig: Setting CVar [[r.SkyLight.RealTimeReflectionCapture:1]]
[2022.10.11-17.08.50:175][  0]LogConfig: Applying CVar settings from Section [FoliageQuality@3] File [D:/Portfolio/Unreal/FPS_Game/Zombone/Saved/Config/Windows/Scalability.ini]
[2022.10.11-17.08.50:175][  0]LogConfig: Setting CVar [[foliage.DensityScale:1.0]]
[2022.10.11-17.08.50:175][  0]LogConfig: Setting CVar [[grass.DensityScale:1.0]]
[2022.10.11-17.08.50:175][  0]LogConfig: Applying CVar settings from Section [ShadingQuality@3] File [D:/Portfolio/Unreal/FPS_Game/Zombone/Saved/Config/Windows/Scalability.ini]
[2022.10.11-17.08.50:175][  0]LogConfig: Setting CVar [[r.HairStrands.SkyLighting.IntegrationType:2]]
[2022.10.11-17.08.50:175][  0]LogConfig: Setting CVar [[r.HairStrands.SkyAO.SampleCount:4]]
[2022.10.11-17.08.50:175][  0]LogConfig: Setting CVar [[r.HairStrands.Visibility.MSAA.SamplePerPixel:4]]
[2022.10.11-17.08.50:175][  0]LogConfig: Applying CVar settings from Section [Startup] File [../../../Engine/Config/ConsoleVariables.ini]
[2022.10.11-17.08.50:222][  0]LogConfig: Setting CVar [[net.UseAdaptiveNetUpdateFrequency:0]]
[2022.10.11-17.08.50:222][  0]LogConfig: Setting CVar [[p.chaos.AllowCreatePhysxBodies:1]]
[2022.10.11-17.08.50:222][  0]LogConfig: Setting CVar [[fx.SkipVectorVMBackendOptimizations:1]]
[2022.10.11-17.08.50:222][  0]LogConfig: Applying CVar settings from Section [ConsoleVariables] File [D:/Portfolio/Unreal/FPS_Game/Zombone/Saved/Config/Windows/Engine.ini]
[2022.10.11-17.08.50:222][  0]LogConfig: Applying CVar settings from Section [ConsoleVariables] File [D:/Portfolio/Unreal/FPS_Game/Zombone/Saved/Config/Windows/Editor.ini]
[2022.10.11-17.08.50:252][  0]LogInit: Computer: LAPTOP-3NPPO45G
[2022.10.11-17.08.50:252][  0]LogInit: User: timve
[2022.10.11-17.08.50:252][  0]LogInit: CPU Page size=4096, Cores=4
[2022.10.11-17.08.50:252][  0]LogInit: High frequency timer resolution =10.000000 MHz
[2022.10.11-17.08.50:252][  0]LogMemory: Memory total: Physical=15.9GB (16GB approx)
[2022.10.11-17.08.50:252][  0]LogMemory: Platform Memory Stats for Windows
[2022.10.11-17.08.50:252][  0]LogMemory: Process Physical Memory: 142.11 MB used, 142.11 MB peak
[2022.10.11-17.08.50:252][  0]LogMemory: Process Virtual Memory: 111.98 MB used, 111.98 MB peak
[2022.10.11-17.08.50:252][  0]LogMemory: Physical Memory: 10267.26 MB used,  5994.88 MB free, 16262.14 MB total
[2022.10.11-17.08.50:252][  0]LogMemory: Virtual Memory: 134208224.00 MB used,  9504.05 MB free, 134217728.00 MB total
[2022.10.11-17.08.50:276][  0]LogWindows: WindowsPlatformFeatures enabled
[2022.10.11-17.08.51:893][  0]LogInit: Physics initialised using underlying interface: PhysX
[2022.10.11-17.08.51:959][  0]LogInit: Using OS detected language (en-US).
[2022.10.11-17.08.51:959][  0]LogInit: Using OS detected locale (nl-BE).
[2022.10.11-17.08.52:636][  0]LogTextLocalizationManager: No specific localization for 'en-US' exists, so the 'en' localization will be used.
[2022.10.11-17.08.53:534][  0]LogInit: Setting process to per monitor DPI aware
[2022.10.11-17.08.53:806][  0]LogWindowsTextInputMethodSystem: Display: IME system deactivated.
[2022.10.11-17.08.54:297][  0]LogSlate: New Slate User Created.  User Index 0, Is Virtual User: 0
[2022.10.11-17.08.54:297][  0]LogSlate: Slate User Registered.  User Index 0, Is Virtual User: 0
[2022.10.11-17.08.58:912][  0]LogD3D11RHI: Loaded GFSDK_Aftermath_Lib.x64.dll
[2022.10.11-17.08.58:963][  0]LogHMD: Failed to initialize OpenVR with code 110
[2022.10.11-17.08.58:963][  0]LogD3D11RHI: D3D11 min allowed feature level: 11_0
[2022.10.11-17.08.58:963][  0]LogD3D11RHI: D3D11 max allowed feature level: 11_0
[2022.10.11-17.08.58:963][  0]LogD3D11RHI: D3D11 adapters:
[2022.10.11-17.08.59:176][  0]LogD3D11RHI:    0. 'NVIDIA GeForce RTX 2060' (Feature Level 11_0)
[2022.10.11-17.08.59:176][  0]LogD3D11RHI:       5980/0/8131 MB DedicatedVideo/DedicatedSystem/SharedSystem, Outputs:2, VendorId:0x10de
[2022.10.11-17.08.59:197][  0]LogD3D11RHI:    1. 'Microsoft Basic Render Driver' (Feature Level 11_0)
[2022.10.11-17.08.59:197][  0]LogD3D11RHI:       0/0/8131 MB DedicatedVideo/DedicatedSystem/SharedSystem, Outputs:0, VendorId:0x1414
[2022.10.11-17.08.59:197][  0]LogD3D11RHI: Chosen D3D11 Adapter:
[2022.10.11-17.08.59:197][  0]LogD3D11RHI:     Description : NVIDIA GeForce RTX 2060
[2022.10.11-17.08.59:197][  0]LogD3D11RHI:     VendorId    : 10de
[2022.10.11-17.08.59:197][  0]LogD3D11RHI:     DeviceId    : 1f11
[2022.10.11-17.08.59:197][  0]LogD3D11RHI:     SubSysId    : 8600103c
[2022.10.11-17.08.59:197][  0]LogD3D11RHI:     Revision    : 00a1
[2022.10.11-17.08.59:197][  0]LogD3D11RHI:     DedicatedVideoMemory : 6270484480 bytes
[2022.10.11-17.08.59:198][  0]LogD3D11RHI:     DedicatedSystemMemory : 0 bytes
[2022.10.11-17.08.59:198][  0]LogD3D11RHI:     SharedSystemMemory : 8526043136 bytes
[2022.10.11-17.08.59:198][  0]LogD3D11RHI:     AdapterLuid : 0 54694
[2022.10.11-17.08.59:224][  0]LogD3D11RHI: Creating new Direct3DDevice
[2022.10.11-17.08.59:224][  0]LogD3D11RHI:     GPU DeviceId: 0x1f11 (for the marketing name, search the web for "GPU Device Id")
[2022.10.11-17.08.59:224][  0]LogWindows: EnumDisplayDevices:
[2022.10.11-17.08.59:225][  0]LogWindows:    0. 'NVIDIA GeForce RTX 2060' (P:1 D:1)
[2022.10.11-17.08.59:225][  0]LogWindows:    1. 'NVIDIA GeForce RTX 2060' (P:0 D:1)
[2022.10.11-17.08.59:225][  0]LogWindows:    2. 'NVIDIA GeForce RTX 2060' (P:0 D:0)
[2022.10.11-17.08.59:226][  0]LogWindows:    3. 'NVIDIA GeForce RTX 2060' (P:0 D:0)
[2022.10.11-17.08.59:226][  0]LogWindows: DebugString: FoundDriverCount:4 
[2022.10.11-17.08.59:226][  0]LogD3D11RHI:     Adapter Name: NVIDIA GeForce RTX 2060
[2022.10.11-17.08.59:255][  0]LogD3D11RHI:   Driver Version: 512.78 (internal:30.0.15.1278, unified:512.78)
[2022.10.11-17.08.59:255][  0]LogD3D11RHI:      Driver Date: 5-5-2022
[2022.10.11-17.08.59:255][  0]LogRHI: Texture pool is 4186 MB (70% of 5980 MB)
[2022.10.11-17.08.59:256][  0]LogD3D11RHI: Creating D3DDevice using adapter:
[2022.10.11-17.08.59:256][  0]LogD3D11RHI:     Description : NVIDIA GeForce RTX 2060
[2022.10.11-17.08.59:256][  0]LogD3D11RHI:     VendorId    : 10de
[2022.10.11-17.08.59:256][  0]LogD3D11RHI:     DeviceId    : 1f11
[2022.10.11-17.08.59:256][  0]LogD3D11RHI:     SubSysId    : 8600103c
[2022.10.11-17.08.59:256][  0]LogD3D11RHI:     Revision    : 00a1
[2022.10.11-17.08.59:256][  0]LogD3D11RHI:     DedicatedVideoMemory : 6270484480 bytes
[2022.10.11-17.08.59:256][  0]LogD3D11RHI:     DedicatedSystemMemory : 0 bytes
[2022.10.11-17.08.59:256][  0]LogD3D11RHI:     SharedSystemMemory : 8526043136 bytes
[2022.10.11-17.08.59:256][  0]LogD3D11RHI:     AdapterLuid : 0 54694
[2022.10.11-17.08.59:332][  0]LogD3D11RHI: RHI has support for 64 bit atomics
[2022.10.11-17.08.59:333][  0]LogD3D11RHI: Async texture creation enabled
[2022.10.11-17.08.59:333][  0]LogD3D11RHI: Array index from any shader is supported
[2022.10.11-17.08.59:749][  0]LogD3D11RHI: GPU Timing Frequency: 1000.000000 (Debug: 2 1)
[2022.10.11-17.09.00:011][  0]LogRHI: GeForceNow SDK initialized: 1
[2022.10.11-17.09.00:416][  0]LogTargetPlatformManager: Display: Loaded TargetPlatform 'AllDesktop'
[2022.10.11-17.09.00:490][  0]LogTargetPlatformManager: Display: Loaded TargetPlatform 'Android'
[2022.10.11-17.09.00:490][  0]LogTargetPlatformManager: Display: Loaded TargetPlatform 'Android_ASTC'
[2022.10.11-17.09.00:491][  0]LogTargetPlatformManager: Display: Loaded TargetPlatform 'Android_DXT'
[2022.10.11-17.09.00:491][  0]LogTargetPlatformManager: Display: Loaded TargetPlatform 'Android_ETC2'
[2022.10.11-17.09.00:491][  0]LogTargetPlatformManager: Display: Loaded TargetPlatform 'AndroidClient'
[2022.10.11-17.09.00:491][  0]LogTargetPlatformManager: Display: Loaded TargetPlatform 'Android_ASTCClient'
[2022.10.11-17.09.00:491][  0]LogTargetPlatformManager: Display: Loaded TargetPlatform 'Android_DXTClient'
[2022.10.11-17.09.00:491][  0]LogTargetPlatformManager: Display: Loaded TargetPlatform 'Android_ETC2Client'
[2022.10.11-17.09.00:491][  0]LogTargetPlatformManager: Display: Loaded TargetPlatform 'Android_Multi'
[2022.10.11-17.09.00:491][  0]LogTargetPlatformManager: Display: Loaded TargetPlatform 'Android_MultiClient'
[2022.10.11-17.09.00:953][  0]LogTargetPlatformManager: Display: Loaded TargetPlatform 'IOSClient'
[2022.10.11-17.09.00:953][  0]LogTargetPlatformManager: Display: Loaded TargetPlatform 'IOS'
[2022.10.11-17.09.01:032][  0]LogTargetPlatformManager: Display: Loaded TargetPlatform 'Linux'
[2022.10.11-17.09.01:067][  0]LogTargetPlatformManager: Display: Loaded TargetPlatform 'LinuxNoEditor'
[2022.10.11-17.09.01:160][  0]LogTargetPlatformManager: Display: Loaded TargetPlatform 'LinuxClient'
[2022.10.11-17.09.01:193][  0]LogTargetPlatformManager: Display: Loaded TargetPlatform 'LinuxServer'
[2022.10.11-17.09.01:233][  0]LogTargetPlatformManager: Display: Loaded TargetPlatform 'LinuxAArch64NoEditor'
[2022.10.11-17.09.01:261][  0]LogTargetPlatformManager: Display: Loaded TargetPlatform 'LinuxAArch64Client'
[2022.10.11-17.09.01:291][  0]LogTargetPlatformManager: Display: Loaded TargetPlatform 'LinuxAArch64Server'
[2022.10.11-17.09.01:401][  0]LogTargetPlatformManager: Display: Loaded TargetPlatform 'Lumin'
[2022.10.11-17.09.01:401][  0]LogTargetPlatformManager: Display: Loaded TargetPlatform 'LuminClient'
[2022.10.11-17.09.01:467][  0]LogTargetPlatformManager: Display: Loaded TargetPlatform 'MacNoEditor'
[2022.10.11-17.09.01:493][  0]LogTargetPlatformManager: Display: Loaded TargetPlatform 'Mac'
[2022.10.11-17.09.01:554][  0]LogTargetPlatformManager: Display: Loaded TargetPlatform 'MacClient'
[2022.10.11-17.09.01:581][  0]LogTargetPlatformManager: Display: Loaded TargetPlatform 'MacServer'
[2022.10.11-17.09.01:632][  0]LogTargetPlatformManager: Display: Loaded TargetPlatform 'TVOSClient'
[2022.10.11-17.09.01:632][  0]LogTargetPlatformManager: Display: Loaded TargetPlatform 'TVOS'
[2022.10.11-17.09.01:684][  0]LogTargetPlatformManager: Display: Loaded TargetPlatform 'WindowsNoEditor'
[2022.10.11-17.09.01:742][  0]LogTargetPlatformManager: Display: Loaded TargetPlatform 'Windows'
[2022.10.11-17.09.01:799][  0]LogTargetPlatformManager: Display: Loaded TargetPlatform 'WindowsClient'
[2022.10.11-17.09.01:860][  0]LogTargetPlatformManager: Display: Loaded TargetPlatform 'WindowsServer'
[2022.10.11-17.09.01:861][  0]LogTargetPlatformManager: Display: Building Assets For Windows
[2022.10.11-17.09.02:171][  0]LogAudioDebug: Display: Lib vorbis DLL was dynamically loaded.
[2022.10.11-17.09.02:741][  0]LogTextureFormatOodle: Display: Oodle Texture 2.9.0 init RDO Off
[2022.10.11-17.09.04:069][  0]LogRendererCore: Ray tracing is disabled. Reason: r.RayTracing=0.
[2022.10.11-17.09.04:158][  0]LogShaderCompilers: Guid format shader working directory is -3 characters bigger than the processId version (../../../../../Portfolio/Unreal/FPS_Game/Zombone/Intermediate/Shaders/WorkingDirectory/15492/).
[2022.10.11-17.09.04:158][  0]LogShaderCompilers: Cleaned the shader compiler working directory 'C:/Users/timve/AppData/Local/Temp/UnrealShaderWorkingDir/8A4ECB134C8BE588DF97D79EF10DC778/'.
[2022.10.11-17.09.04:186][  0]LogXGEController: Cannot use XGE Controller as Incredibuild is not installed on this machine.
[2022.10.11-17.09.04:186][  0]LogShaderCompilers: Cannot use XGE Shader Compiler as Incredibuild is not installed on this machine.
[2022.10.11-17.09.04:186][  0]LogShaderCompilers: Display: Using Local Shader Compiler.
[2022.10.11-17.09.14:788][  0]LogDerivedDataCache: Display: Max Cache Size: 512 MB
[2022.10.11-17.09.14:887][  0]LogDerivedDataCache: Loaded boot cache 0.10s 99MB C:/Users/timve/AppData/Local/UnrealEngine/4.27/DerivedDataCache/Boot.ddc.
[2022.10.11-17.09.14:887][  0]LogDerivedDataCache: Display: Loaded Boot cache: C:/Users/timve/AppData/Local/UnrealEngine/4.27/DerivedDataCache/Boot.ddc
[2022.10.11-17.09.14:887][  0]LogDerivedDataCache: FDerivedDataBackendGraph:  Pak pak cache file ../../../../../Portfolio/Unreal/FPS_Game/Zombone/DerivedDataCache/DDC.ddp not found, will not use a pak cache.
[2022.10.11-17.09.14:888][  0]LogDerivedDataCache: Unable to find inner node Pak for hierarchical cache Hierarchy.
[2022.10.11-17.09.14:888][  0]LogDerivedDataCache: FDerivedDataBackendGraph:  CompressedPak pak cache file ../../../../../Portfolio/Unreal/FPS_Game/Zombone/DerivedDataCache/Compressed.ddp not found, will not use a pak cache.
[2022.10.11-17.09.14:888][  0]LogDerivedDataCache: Unable to find inner node CompressedPak for hierarchical cache Hierarchy.
[2022.10.11-17.09.14:959][  0]LogDerivedDataCache: Display: Pak cache opened for reading ../../../Engine/DerivedDataCache/Compressed.ddp.
[2022.10.11-17.09.14:960][  0]LogDerivedDataCache: FDerivedDataBackendGraph:  EnterprisePak pak cache file ../../../Enterprise/DerivedDataCache/Compressed.ddp not found, will not use a pak cache.
[2022.10.11-17.09.14:960][  0]LogDerivedDataCache: Unable to find inner node EnterprisePak for hierarchical cache Hierarchy.
[2022.10.11-17.09.15:006][  0]LogDerivedDataCache: Speed tests for C:/Users/timve/AppData/Local/UnrealEngine/Common/DerivedDataCache took 0.05 seconds
[2022.10.11-17.09.15:007][  0]LogDerivedDataCache: Display: Performance to C:/Users/timve/AppData/Local/UnrealEngine/Common/DerivedDataCache: Latency=0.16ms. RandomReadSpeed=23.93MBs, RandomWriteSpeed=176.91MBs. Assigned SpeedClass 'Local'
[2022.10.11-17.09.15:012][  0]LogDerivedDataCache: Using Local data cache path C:/Users/timve/AppData/Local/UnrealEngine/Common/DerivedDataCache: Writable
[2022.10.11-17.09.15:012][  0]LogDerivedDataCache: Shared data cache path not found in *engine.ini, will not use an Shared cache.
[2022.10.11-17.09.15:013][  0]LogDerivedDataCache: Unable to find inner node Shared for hierarchical cache Hierarchy.
[2022.10.11-17.09.15:141][  0]LogSlate: Using FreeType 2.10.0
[2022.10.11-17.09.15:262][  0]LogSlate: SlateFontServices - WITH_FREETYPE: 1, WITH_HARFBUZZ: 1
[2022.10.11-17.09.16:297][  0]LogAssetRegistry: FAssetRegistry took 0.0586 seconds to start up
[2022.10.11-17.09.20:757][  0]LogInit: Selected Device Profile: [Windows]
[2022.10.11-17.09.20:757][  0]LogInit: Active device profile: [00000196F2E6D500][00000196F3B08C80 49] Windows
[2022.10.11-17.09.20:757][  0]LogInit: Profiles: [00000196F2E6D500][00000196F3B08C80 49] Windows, [00000196F2E6C100][00000196F3B10E00 49] WindowsNoEditor, [00000196F2DFFE00][00000196F3B14F80 49] WindowsServer, [00000196F2E0E400][00000196F3B19100 49] WindowsClient, [00000196F2DFC300][00000196F3B1D280 49] IOS, [00000196F2E0E300][00000196F3B21400 49] iPadAir, [00000196F2DFDB00][00000196F3B25580 49] iPadAir2, [00000196F2DB8600][00000196F3B2D840 49] IPadPro, [00000196F2DB8700][00000196F3B29880 49] iPadAir3, [00000196F2DFE000][00000196F3B31A00 49] iPadAir4, [00000196F2DBBF00][00000196F3B35B80 49] iPadMini2, [00000196F2DFF900][00000196F3B38180 49] iPadMini3, [00000196F2DB9400][00000196F3B3C300 49] iPadMini4, [00000196F2DFC900][00000196F3B40480 49] iPadMini5, [00000196F2D9FE00][00000196F3B48740 49] iPhone6, [00000196F2D9FF00][00000196F3B44780 49] iPodTouch6, [00000196F2E0E800][00000196F3B4C9C0 49] iPhone7, [00000196F2DBB600][00000196F3B0CA00 49] iPodTouch7, [00000196F2D9C700][00000196F3B50B40 49] iPhone5S, [00000196F2DB8500][00000196F3B58CC0 49] iPhone6Plus, [00000196F2D9F100][00000196F3B5CE40 49] iPhone6S, [00000196F2DB8300][00000196F3B60FC0 49] iPhone6SPlus, [00000196F2D9D000][00000196F3B65140 49] iPhone7Plus, [00000196F2DB8F00][00000196F3B692C0 49] iPhoneSE, [00000196F2D9E800][00000196F3B6D440 49] iPhone8, [00000196F2DB9F00][00000196F3B715C0 49] iPhone8Plus, [00000196F2D9D800][00000196F3B75740 49] iPhoneX, [00000196F2DB8200][00000196F3B798C0 49] iPhoneXS, [00000196F2D9CA00][00000196F3B7DA40 49] iPhoneXSMax, [00000196F2DBBA00][00000196F3B81BC0 49] iPhoneXR, [00000196F2D9EE00][00000196F3B841C0 49] iPhone11, [00000196F2DB9C00][00000196F3B88340 49] iPhone11Pro, [00000196F2D9D400][00000196F3B8C4C0 49] iPhone11ProMax, [00000196F2DB9800][00000196F3B90640 49] iPhoneSE2, [00000196F2D9DA00][00000196F3B947C0 49] iPhone12Mini, [00000196F2DBAC00][00000196F3B98940 49] iPhone12, [00000196F2D9DF00][00000196F3B54A80 49] iPhone12Pro, [00000196F2DBB000][00000196F3B9CBC0 49] iPhone12ProMax, [00000196F2D9C500][00000196F3BA0D00 49] iPadPro105, [00000196F2DB8100][00000196F3BA8E80 49] iPadPro129, [00000196F2D9D700][00000196F3BAD000 49] iPadPro97, [00000196F2DB8D00][00000196F3BC1180 49] iPadPro2_129, [00000196F2D9F600][00000196F3BC5300 49] iPad5, [00000196F2DBAD00][00000196F3BC9480 49] iPad6, [00000196F2D9FA00][00000196F3BCD600 49] iPad7, [00000196F2DBAB00][00000196F3BD1780 49] iPad8, [00000196F2D9C300][00000196F3BD5900 49] iPadPro11, [00000196F2DBAA00][00000196F3BD9A80 49] iPadPro2_11, [00000196F2D9F900][00000196F3BDDC00 49] iPadPro3_129, [00000196F2DB9200][00000196F3BE0200 49] iPadPro4_129, [00000196F2D9E400][00000196F3BE4380 49] AppleTV, [00000196F2DBA500][00000196F3BE8500 49] AppleTV4K, [00000196F2D9C200][00000196F3BEC680 49] TVOS, [00000196F2DBAF00][00000196F3BF0800 49] Mac, [00000196F2D9F700][00000196F3BF4980 49] MacClient, [00000196F2DBB800][00000196F3BF8B00 49] MacNoEditor, [00000196F2D9F000][00000196F3BA4C40 49] MacServer, [00000196F2DBAE00][00000196F3BFCD80 49] Linux, [00000196F2D9ED00][00000196F3C00EC0 49] LinuxAArch64, [00000196F2DBBE00][00000196F3C09040 49] LinuxNoEditor, [00000196F2D9DE00][00000196F3C0D1C0 49] LinuxAArch64NoEditor, [00000196F2DBBC00][00000196F3C11340 49] LinuxClient, [00000196F2D9E200][00000196F3C154C0 49] LinuxAArch64Client, [00000196F2DB9900][00000196F3C19640 49] LinuxServer, [00000196F2D9F500][00000196F3C1D7C0 49] LinuxAArch64Server, [00000196F2DBA600][00000196F3C21940 49] Android, [00000196F2D9CB00][00000196F3C25AC0 49] Android_Low, [00000196F2E6C600][00000196F3C280C0 49] Android_Mid, [00000196F2E0FD00][00000196F3C2C240 49] Android_High, [00000196F2E6CE00][00000196F3C303C0 49] Android_Default, [00000196F2E0EA00][00000196F3C34540 49] Android_Adreno4xx, [00000196F2E6DC00][00000196F3C386C0 49] Android_Adreno5xx_Low, [00000196F2E0D800][00000196F3C3C840 49] Android_Adreno5xx, [00000196F2E6E600][00000196F3C409C0 49] Android_Adreno6xx, [00000196F2E0D700][00000196F3C44B40 49] Android_Adreno6xx_Vulkan, [00000196F2E6D700][00000196F3C48CC0 49] Android_Mali_T6xx, [00000196F2E0D400][00000196F3C04E00 49] Android_Mali_T7xx, [00000196F2E6D600][00000196F3C4CF40 49] Android_Mali_T8xx, [00000196F2E0E100][00000196F3C51080 49] Android_Mali_G71, [00000196F2E6E800][00000196F3C551C0 49] Android_Mali_G72, [00000196F2E0C500][00000196F3C5D340 49] Android_Mali_G72_Vulkan, [00000196F2E6DF00][00000196F3C614C0 49] Android_Mali_G76, [00000196F2E0F600][00000196F3C65640 49] Android_Mali_G76_Vulkan, [00000196F2E6E100][00000196F3C697C0 49] Android_Mali_G77, [00000196F2E0DA00][00000196F3C6D940 49] Android_Mali_G77_Vulkan, [00000196F2E6F400][00000196F3C71AC0 49] Android_Mali_G78, [00000196F2E0FE00][00000196F3C740C0 49] Android_Mali_G78_Vulkan, [00000196F2E6ED00][00000196F3C78240 49] Android_Mali_G710, [00000196F2E0CF00][00000196F3C7C3C0 49] Android_Mali_G710_Vulkan, [00000196F2E6E200][00000196F3C80540 49] Android_Vulkan_SM5, [00000196F2E0F800][00000196F3C846C0 49] Android_PowerVR_G6xxx, [00000196F2E6F200][00000196F3C88840 49] Android_PowerVR_GT7xxx, [00000196F2E0C400][00000196F3C8C9C0 49] Android_PowerVR_GE8xxx, [00000196F2E6C400][00000196F3C90B40 49] Android_PowerVR_GM9xxx, [00000196F2DB9A00][00000196F3C94CC0 49] Android_PowerVR_GM9xxx_Vulkan, [00000196F2E6D900][00000196F3C98E40 49] Android_TegraK1, [00000196F2DB8900][00000196F3C58F80 49] Android_Unknown_Vulkan, [00000196F2E6C800][00000196F3C9D0C0 49] Lumin, [00000196F2DB8400][00000196F3CA1200 49] Lumin_Desktop, [00000196F2E6E500][00000196F3CA5340 49] HoloLens, 
[2022.10.11-17.09.22:555][  0]LogMeshReduction: Using QuadricMeshReduction for automatic static mesh reduction
[2022.10.11-17.09.22:555][  0]LogMeshReduction: Using SimplygonMeshReduction for automatic skeletal mesh reduction
[2022.10.11-17.09.22:556][  0]LogMeshReduction: Using ProxyLODMeshReduction for automatic mesh merging
[2022.10.11-17.09.22:556][  0]LogMeshReduction: No distributed automatic mesh merging module available
[2022.10.11-17.09.22:557][  0]LogMeshMerging: No distributed automatic mesh merging module available
[2022.10.11-17.09.23:004][  0]LogNetVersion: Zombone 1.0.0, NetCL: 17155196, EngineNetVer: 17, GameNetVer: 0 (Checksum: 1748673324)
[2022.10.11-17.09.36:917][  0]LogTexture: Default maximum texture size for cubemaps generated from long-lat sources has been changed from 512 to unlimited. In order to preserve old behaiour for '/Engine/MapTemplates/Sky/DaylightAmbientCubemap.DaylightAmbientCubemap', its maximum texture size has been explicitly set to 512.
[2022.10.11-17.09.37:643][  0]LogHMD: PokeAHoleMaterial loaded successfully
[2022.10.11-17.09.37:724][  0]LogUObjectArray: 17178 objects as part of root set at end of initial load.
[2022.10.11-17.09.37:724][  0]LogUObjectAllocator: 4302048 out of 0 bytes used by permanent object pool.
[2022.10.11-17.09.37:724][  0]LogUObjectArray: CloseDisregardForGC: 0/0 objects in disregard for GC pool
[2022.10.11-17.09.43:101][  0]LogNiagaraDebuggerClient: Niagara Debugger Client Initialized | Session: F193C41E4A3F07EB848BF588213FE9A3 | Instance: E32A621746754777C59643B659A02E4B (LAPTOP-3NPPO45G-15492).
[2022.10.11-17.09.45:337][  0]LogUdpMessaging: Initializing bridge on interface 0.0.0.0:0 to multicast group 230.0.0.1:6666.
[2022.10.11-17.09.45:464][  0]LogTcpMessaging: Initializing TcpMessaging bridge
[2022.10.11-17.09.45:787][  0]LogPython: Using Python 3.7.7
[2022.10.11-17.09.52:423][  0]SourceControl: Source control is disabled
[2022.10.11-17.09.52:424][  0]SourceControl: Source control is disabled
[2022.10.11-17.09.52:551][  0]SourceControl: Source control is disabled
[2022.10.11-17.09.52:640][  0]SourceControl: Source control is disabled
[2022.10.11-17.09.52:722][  0]SourceControl: Source control is disabled
[2022.10.11-17.09.52:761][  0]LogUProjectInfo: Found projects:
[2022.10.11-17.09.56:897][  0]LogAndroidPermission: UAndroidPermissionCallbackProxy::GetInstance
[2022.10.11-17.09.57:123][  0]LogAudioCaptureCore: Display: No Audio Capture implementations found. Audio input will be silent.
[2022.10.11-17.09.57:123][  0]LogAudioCaptureCore: Display: No Audio Capture implementations found. Audio input will be silent.
[2022.10.11-17.09.57:588][  0]LogOpenImageDenoise: OIDN starting up
[2022.10.11-17.09.59:027][  0]LogCollectionManager: Loaded 0 collections in 0.003117 seconds
[2022.10.11-17.09.59:472][  0]LogFileCache: Scanning file cache for directory 'D:/Portfolio/Unreal/FPS_Game/Zombone/Saved/Collections/' took 0.02s
[2022.10.11-17.09.59:472][  0]LogFileCache: Scanning file cache for directory 'D:/Portfolio/Unreal/FPS_Game/Zombone/Content/Developers/timve/Collections/' took 0.00s
[2022.10.11-17.09.59:472][  0]LogFileCache: Scanning file cache for directory 'D:/Portfolio/Unreal/FPS_Game/Zombone/Content/Collections/' took 0.00s
[2022.10.11-17.09.59:472][  0]LogOcInput: OculusInput pre-init called
[2022.10.11-17.10.01:661][  0]LogEngine: Initializing Engine...
[2022.10.11-17.10.01:841][  0]LogHMD: Failed to enumerate extensions. Please check that you have a valid OpenXR runtime installed.
[2022.10.11-17.10.01:842][  0]LogHMD: Failed to initialize OpenVR with code 110
[2022.10.11-17.10.01:860][  0]LogMagicLeap: Warning: VR disabled because ZI is not enabled.  To enable, in the editor, Edit -> Project Settings -> Plugins -> Magic Leap Plugin -> Enable Zero Iteration
[2022.10.11-17.10.01:915][  0]LogStats: UGameplayTagsManager::InitializeManager -  0.001 s
[2022.10.11-17.10.02:768][  0]LogInit: Initializing FReadOnlyCVARCache
[2022.10.11-17.10.03:289][  0]LogAIModule: Creating AISystem for world Untitled
[2022.10.11-17.10.03:322][  0]LogAudio: Display: Initializing Audio Device Manager...
[2022.10.11-17.10.03:423][  0]LogAudio: Display: Loading Default Audio Settings Objects...
[2022.10.11-17.10.03:452][  0]LogAudio: Display: No default SoundConcurrencyObject specified (or failed to load).
[2022.10.11-17.10.03:484][  0]LogAudio: Display: Audio Device Manager Initialized
[2022.10.11-17.10.03:484][  0]LogAudio: Display: Creating Audio Device:                 Id: 1, Scope: Shared, Realtime: True
[2022.10.11-17.10.03:524][  0]LogAudioMixer: Display: Audio Mixer Platform Settings:
[2022.10.11-17.10.03:524][  0]LogAudioMixer: Display: 	Sample Rate:						  48000
[2022.10.11-17.10.03:524][  0]LogAudioMixer: Display: 	Callback Buffer Frame Size Requested: 1024
[2022.10.11-17.10.03:524][  0]LogAudioMixer: Display: 	Callback Buffer Frame Size To Use:	  1024
[2022.10.11-17.10.03:524][  0]LogAudioMixer: Display: 	Number of buffers to queue:			  2
[2022.10.11-17.10.03:524][  0]LogAudioMixer: Display: 	Max Channels (voices):				  32
[2022.10.11-17.10.03:524][  0]LogAudioMixer: Display: 	Number of Async Source Workers:		  0
[2022.10.11-17.10.03:525][  0]LogAudio: Display: AudioDevice MaxSources: 32
[2022.10.11-17.10.03:551][  0]LogAudio: Display: Audio Spatialization Plugin: None (built-in).
[2022.10.11-17.10.03:551][  0]LogAudio: Display: Audio Reverb Plugin: None (built-in).
[2022.10.11-17.10.03:551][  0]LogAudio: Display: Audio Occlusion Plugin: None (built-in).
[2022.10.11-17.10.03:551][  0]LogAudioMixer: Display: Initializing audio mixer.
[2022.10.11-17.10.03:716][  0]LogAudioMixer: Display: 0: FrontLeft
[2022.10.11-17.10.03:716][  0]LogAudioMixer: Display: 1: FrontRight
[2022.10.11-17.10.03:757][  0]LogAudioMixer: Display: Using Audio Device PHILIPS FTV (NVIDIA High Definition Audio)
[2022.10.11-17.10.03:785][  0]LogAudioMixer: Display: Initializing Sound Submixes...
[2022.10.11-17.10.03:854][  0]LogAudioMixer: Display: Creating Master Submix 'MasterSubmixDefault'
[2022.10.11-17.10.03:855][  0]LogAudioMixer: Display: Creating Master Submix 'MasterReverbSubmixDefault'
[2022.10.11-17.10.03:859][  0]LogAudioMixer: Display: Creating Master Submix 'MasterEQSubmixDefault'
[2022.10.11-17.10.03:859][  0]LogAudioMixer: FMixerPlatformXAudio2::StartAudioStream() called
[2022.10.11-17.10.03:859][  0]LogAudioMixer: Display: Output buffers initialized: Frames=1024, Channels=2, Samples=2048
[2022.10.11-17.10.03:861][  0]LogAudioMixer: Display: Starting AudioMixerPlatformInterface::RunInternal()
[2022.10.11-17.10.03:861][  0]LogAudioMixer: Display: FMixerPlatformXAudio2::SubmitBuffer() called for the first time
[2022.10.11-17.10.03:861][  0]LogInit: FAudioDevice initialized.
[2022.10.11-17.10.03:862][  0]LogAudio: Display: Audio Device (ID: 1) registered with world 'Untitled'.
[2022.10.11-17.10.03:862][  0]LogNetVersion: Set ProjectVersion to 1.0.0.0. Version Checksum will be recalculated on next use.
[2022.10.11-17.10.03:911][  0]LogDerivedDataCache: Saved boot cache 0.05s 99MB C:/Users/timve/AppData/Local/UnrealEngine/4.27/DerivedDataCache/Boot.ddc.
[2022.10.11-17.10.03:912][  0]LogInit: Texture streaming: Enabled
[2022.10.11-17.10.04:109][  0]LogAnalytics: Display: [UEEditor.Rocket.Release] APIServer = https://datarouter.ol.epicgames.com/. AppVersion = 4.27.2-18319896+++UE4+Release-4.27
[2022.10.11-17.10.04:128][  0]LogEngineSessionManager: EngineSessionManager initialized
[2022.10.11-17.10.04:128][  0]LogEngineSessionManager: EngineSessionManager sent abnormal shutdown report. Type=AbnormalShutdown, SessionId={DB501353-43A6-8972-1DF3-14BAC1374B84}
[2022.10.11-17.10.04:128][  0]LogEditorSessionSummary: Verbose: Initializing EditorSessionSummaryWriter for editor session tracking
[2022.10.11-17.10.04:143][  0]LogEditorSessionSummary: EditorSessionSummaryWriter initialized
[2022.10.11-17.10.04:470][  0]LogInit: Transaction tracking system initialized
[2022.10.11-17.10.04:930][  0]BlueprintLog: New page: Editor Load
[2022.10.11-17.10.06:171][  0]LocalizationService: Localization service is disabled
[2022.10.11-17.10.06:687][  0]TimingProfiler: Initialize
[2022.10.11-17.10.06:691][  0]TimingProfiler: OnSessionChanged
[2022.10.11-17.10.06:692][  0]LoadingProfiler: Initialize
[2022.10.11-17.10.06:692][  0]LoadingProfiler: OnSessionChanged
[2022.10.11-17.10.06:693][  0]NetworkingProfiler: Initialize
[2022.10.11-17.10.06:695][  0]NetworkingProfiler: OnSessionChanged
[2022.10.11-17.10.06:695][  0]MemoryProfiler: Initialize
[2022.10.11-17.10.06:695][  0]MemoryProfiler: OnSessionChanged
[2022.10.11-17.10.09:464][  0]LogFileCache: Scanning file cache for directory 'D:/Portfolio/Unreal/FPS_Game/Zombone/Content/' took 0.01s
[2022.10.11-17.10.09:464][  0]LogCook: Display: CookSettings for Memory: MemoryMaxUsedVirtual 0MiB, MemoryMaxUsedPhysical 16384MiB, MemoryMinFreeVirtual 0MiB, MemoryMinFreePhysical 1024MiB
[2022.10.11-17.10.09:464][  0]LogCook: Display: Mobile HDR setting 1
[2022.10.11-17.10.13:617][  0]LogInit: Display: Engine is initialized. Leaving FEngineLoop::Init()
[2022.10.11-17.10.14:046][  0]SourceControl: Source control is disabled
[2022.10.11-17.10.14:054][  0]LogUnrealEdMisc: Loading editor; pre map load, took 187.739
[2022.10.11-17.10.14:090][  0]Cmd: MAP LOAD FILE="../../../../../Portfolio/Unreal/FPS_Game/Zombone/Content/FirstPersonCPP/Maps/FirstPersonExampleMap.umap" TEMPLATE=0 SHOWPROGRESS=1 FEATURELEVEL=3
[2022.10.11-17.10.14:172][  0]LightingResults: New page: Lighting Build
[2022.10.11-17.10.14:316][  0]LogWorld: UWorld::CleanupWorld for Untitled, bSessionEnded=true, bCleanupResources=true
[2022.10.11-17.10.14:365][  0]LogSlate: InvalidateAllWidgets triggered.  All widgets were invalidated
[2022.10.11-17.10.14:424][  0]MapCheck: New page: Map Check
[2022.10.11-17.10.14:425][  0]LightingResults: New page: Lighting Build
[2022.10.11-17.10.14:685][  0]LogAudio: Display: Audio Device unregistered from world 'None'.
[2022.10.11-17.10.14:803][  0]LogUObjectHash: Compacting FUObjectHashTables data took   0.86ms
[2022.10.11-17.10.16:057][  0]LogAudio: Display: Audio Device (ID: 1) registered with world 'FirstPersonExampleMap'.
[2022.10.11-17.10.16:057][  0]LogAIModule: Creating AISystem for world FirstPersonExampleMap
[2022.10.11-17.10.16:658][  0]LogEditorServer: Finished looking for orphan Actors (0.000 secs)
[2022.10.11-17.10.16:785][  0]LogUObjectHash: Compacting FUObjectHashTables data took   0.83ms
[2022.10.11-17.10.16:827][  0]Cmd: MAP CHECKDEP NOCLEARLOG
[2022.10.11-17.10.16:839][  0]MapCheck: Map check complete: 0 Error(s), 0 Warning(s), took 11,539ms to complete.
[2022.10.11-17.10.16:839][  0]LogFileHelpers: Loading map 'FirstPersonExampleMap' took 2.765
[2022.10.11-17.10.18:294][  0]LogUnrealEdMisc: Total Editor Startup Time, took 191.979
[2022.10.11-17.10.19:527][  0]LogSlate: Updating window title bar state: overlay mode, drag disabled, window buttons hidden, title bar hidden
[2022.10.11-17.10.19:538][  0]LogSlate: Updating window title bar state: overlay mode, drag disabled, window buttons hidden, title bar hidden
[2022.10.11-17.10.19:547][  0]LogSlate: Updating window title bar state: overlay mode, drag disabled, window buttons hidden, title bar hidden
[2022.10.11-17.10.19:556][  0]LogSlate: Updating window title bar state: overlay mode, drag disabled, window buttons hidden, title bar hidden
[2022.10.11-17.10.19:819][  0]LogNativeClassHierarchy: Verbose: Native class hierarchy populated in 0.0088 seconds. Added 3828 classes and 930 folders.
[2022.10.11-17.10.19:999][  0]LogNativeClassHierarchy: Verbose: Native class hierarchy updated for 'WidgetCarousel' in 0.0004 seconds. Added 0 classes and 0 folders.
[2022.10.11-17.10.20:190][  0]LogPakFile: PakFile PrimaryIndexSize=187
[2022.10.11-17.10.20:191][  0]LogPakFile: PakFile PathHashIndexSize=101
[2022.10.11-17.10.20:191][  0]LogPakFile: PakFile FullDirectoryIndexSize=148
[2022.10.11-17.10.20:191][  0]LogShaderLibrary: Display: ShaderCodeLibraryPakFileMountedCallback: PakFile 'D:/Epic/UE_4.27/FeaturePacks/FP_FirstPerson.upack' (chunk index -1, root 'root:/') mounted
[2022.10.11-17.10.20:191][  0]LogShaderLibrary: Display: ShaderCodeLibraryPakFileMountedCallback: pending pak file info (ChunkID:-1 Root:root:/ File:D:/Epic/UE_4.27/FeaturePacks/FP_FirstPerson.upack)
[2022.10.11-17.10.20:191][  0]LogPakFile: OnPakFileMounted2Time == 0.000198
[2022.10.11-17.10.20:219][  0]LogPakFile: PakFile PrimaryIndexSize=189
[2022.10.11-17.10.20:219][  0]LogPakFile: PakFile PathHashIndexSize=101
[2022.10.11-17.10.20:220][  0]LogPakFile: PakFile FullDirectoryIndexSize=152
[2022.10.11-17.10.20:220][  0]LogShaderLibrary: Display: ShaderCodeLibraryPakFileMountedCallback: PakFile 'D:/Epic/UE_4.27/FeaturePacks/FP_FirstPersonBP.upack' (chunk index -1, root 'root:/') mounted
[2022.10.11-17.10.20:220][  0]LogShaderLibrary: Display: ShaderCodeLibraryPakFileMountedCallback: pending pak file info (ChunkID:-1 Root:root:/ File:D:/Epic/UE_4.27/FeaturePacks/FP_FirstPersonBP.upack)
[2022.10.11-17.10.20:220][  0]LogPakFile: OnPakFileMounted2Time == 0.000195
[2022.10.11-17.10.20:238][  0]LogPakFile: PakFile PrimaryIndexSize=191
[2022.10.11-17.10.20:238][  0]LogPakFile: PakFile PathHashIndexSize=101
[2022.10.11-17.10.20:238][  0]LogPakFile: PakFile FullDirectoryIndexSize=160
[2022.10.11-17.10.20:239][  0]LogShaderLibrary: Display: ShaderCodeLibraryPakFileMountedCallback: PakFile 'D:/Epic/UE_4.27/FeaturePacks/MobileStarterContent.upack' (chunk index -1, root 'root:/') mounted
[2022.10.11-17.10.20:239][  0]LogShaderLibrary: Display: ShaderCodeLibraryPakFileMountedCallback: pending pak file info (ChunkID:-1 Root:root:/ File:D:/Epic/UE_4.27/FeaturePacks/MobileStarterContent.upack)
[2022.10.11-17.10.20:239][  0]LogPakFile: OnPakFileMounted2Time == 0.000228
[2022.10.11-17.10.20:255][  0]LogPakFile: PakFile PrimaryIndexSize=185
[2022.10.11-17.10.20:255][  0]LogPakFile: PakFile PathHashIndexSize=101
[2022.10.11-17.10.20:255][  0]LogPakFile: PakFile FullDirectoryIndexSize=148
[2022.10.11-17.10.20:256][  0]LogShaderLibrary: Display: ShaderCodeLibraryPakFileMountedCallback: PakFile 'D:/Epic/UE_4.27/FeaturePacks/StarterContent.upack' (chunk index -1, root 'root:/') mounted
[2022.10.11-17.10.20:256][  0]LogShaderLibrary: Display: ShaderCodeLibraryPakFileMountedCallback: pending pak file info (ChunkID:-1 Root:root:/ File:D:/Epic/UE_4.27/FeaturePacks/StarterContent.upack)
[2022.10.11-17.10.20:256][  0]LogPakFile: OnPakFileMounted2Time == 0.000822
[2022.10.11-17.10.20:278][  0]LogPakFile: PakFile PrimaryIndexSize=190
[2022.10.11-17.10.20:278][  0]LogPakFile: PakFile PathHashIndexSize=101
[2022.10.11-17.10.20:279][  0]LogPakFile: PakFile FullDirectoryIndexSize=154
[2022.10.11-17.10.20:279][  0]LogShaderLibrary: Display: ShaderCodeLibraryPakFileMountedCallback: PakFile 'D:/Epic/UE_4.27/FeaturePacks/TP_2DSideScroller.upack' (chunk index -1, root 'root:/') mounted
[2022.10.11-17.10.20:279][  0]LogShaderLibrary: Display: ShaderCodeLibraryPakFileMountedCallback: pending pak file info (ChunkID:-1 Root:root:/ File:D:/Epic/UE_4.27/FeaturePacks/TP_2DSideScroller.upack)
[2022.10.11-17.10.20:279][  0]LogPakFile: OnPakFileMounted2Time == 0.000191
[2022.10.11-17.10.20:288][  0]LogPakFile: PakFile PrimaryIndexSize=192
[2022.10.11-17.10.20:288][  0]LogPakFile: PakFile PathHashIndexSize=101
[2022.10.11-17.10.20:289][  0]LogPakFile: PakFile FullDirectoryIndexSize=158
[2022.10.11-17.10.20:289][  0]LogShaderLibrary: Display: ShaderCodeLibraryPakFileMountedCallback: PakFile 'D:/Epic/UE_4.27/FeaturePacks/TP_2DSideScrollerBP.upack' (chunk index -1, root 'root:/') mounted
[2022.10.11-17.10.20:289][  0]LogShaderLibrary: Display: ShaderCodeLibraryPakFileMountedCallback: pending pak file info (ChunkID:-1 Root:root:/ File:D:/Epic/UE_4.27/FeaturePacks/TP_2DSideScrollerBP.upack)
[2022.10.11-17.10.20:289][  0]LogPakFile: OnPakFileMounted2Time == 0.000167
[2022.10.11-17.10.20:301][  0]LogPakFile: PakFile PrimaryIndexSize=182
[2022.10.11-17.10.20:301][  0]LogPakFile: PakFile PathHashIndexSize=101
[2022.10.11-17.10.20:301][  0]LogPakFile: PakFile FullDirectoryIndexSize=138
[2022.10.11-17.10.20:301][  0]LogShaderLibrary: Display: ShaderCodeLibraryPakFileMountedCallback: PakFile 'D:/Epic/UE_4.27/FeaturePacks/TP_Flying.upack' (chunk index -1, root 'root:/') mounted
[2022.10.11-17.10.20:301][  0]LogShaderLibrary: Display: ShaderCodeLibraryPakFileMountedCallback: pending pak file info (ChunkID:-1 Root:root:/ File:D:/Epic/UE_4.27/FeaturePacks/TP_Flying.upack)
[2022.10.11-17.10.20:301][  0]LogPakFile: OnPakFileMounted2Time == 0.000460
[2022.10.11-17.10.20:314][  0]LogPakFile: PakFile PrimaryIndexSize=184
[2022.10.11-17.10.20:315][  0]LogPakFile: PakFile PathHashIndexSize=101
[2022.10.11-17.10.20:315][  0]LogPakFile: PakFile FullDirectoryIndexSize=142
[2022.10.11-17.10.20:315][  0]LogShaderLibrary: Display: ShaderCodeLibraryPakFileMountedCallback: PakFile 'D:/Epic/UE_4.27/FeaturePacks/TP_FlyingBP.upack' (chunk index -1, root 'root:/') mounted
[2022.10.11-17.10.20:315][  0]LogShaderLibrary: Display: ShaderCodeLibraryPakFileMountedCallback: pending pak file info (ChunkID:-1 Root:root:/ File:D:/Epic/UE_4.27/FeaturePacks/TP_FlyingBP.upack)
[2022.10.11-17.10.20:315][  0]LogPakFile: OnPakFileMounted2Time == 0.000324
[2022.10.11-17.10.20:372][  0]LogPakFile: PakFile PrimaryIndexSize=188
[2022.10.11-17.10.20:372][  0]LogPakFile: PakFile PathHashIndexSize=101
[2022.10.11-17.10.20:373][  0]LogPakFile: PakFile FullDirectoryIndexSize=150
[2022.10.11-17.10.20:373][  0]LogShaderLibrary: Display: ShaderCodeLibraryPakFileMountedCallback: PakFile 'D:/Epic/UE_4.27/FeaturePacks/TP_HandheldARBP.upack' (chunk index -1, root 'root:/') mounted
[2022.10.11-17.10.20:373][  0]LogShaderLibrary: Display: ShaderCodeLibraryPakFileMountedCallback: pending pak file info (ChunkID:-1 Root:root:/ File:D:/Epic/UE_4.27/FeaturePacks/TP_HandheldARBP.upack)
[2022.10.11-17.10.20:373][  0]LogPakFile: OnPakFileMounted2Time == 0.000191
[2022.10.11-17.10.20:413][  0]LogPakFile: PakFile PrimaryIndexSize=182
[2022.10.11-17.10.20:413][  0]LogPakFile: PakFile PathHashIndexSize=101
[2022.10.11-17.10.20:413][  0]LogPakFile: PakFile FullDirectoryIndexSize=138
[2022.10.11-17.10.20:413][  0]LogShaderLibrary: Display: ShaderCodeLibraryPakFileMountedCallback: PakFile 'D:/Epic/UE_4.27/FeaturePacks/TP_Puzzle.upack' (chunk index -1, root 'root:/') mounted
[2022.10.11-17.10.20:413][  0]LogShaderLibrary: Display: ShaderCodeLibraryPakFileMountedCallback: pending pak file info (ChunkID:-1 Root:root:/ File:D:/Epic/UE_4.27/FeaturePacks/TP_Puzzle.upack)
[2022.10.11-17.10.20:414][  0]LogPakFile: OnPakFileMounted2Time == 0.000157
[2022.10.11-17.10.20:428][  0]LogPakFile: PakFile PrimaryIndexSize=184
[2022.10.11-17.10.20:429][  0]LogPakFile: PakFile PathHashIndexSize=101
[2022.10.11-17.10.20:429][  0]LogPakFile: PakFile FullDirectoryIndexSize=142
[2022.10.11-17.10.20:429][  0]LogShaderLibrary: Display: ShaderCodeLibraryPakFileMountedCallback: PakFile 'D:/Epic/UE_4.27/FeaturePacks/TP_PuzzleBP.upack' (chunk index -1, root 'root:/') mounted
[2022.10.11-17.10.20:429][  0]LogShaderLibrary: Display: ShaderCodeLibraryPakFileMountedCallback: pending pak file info (ChunkID:-1 Root:root:/ File:D:/Epic/UE_4.27/FeaturePacks/TP_PuzzleBP.upack)
[2022.10.11-17.10.20:429][  0]LogPakFile: OnPakFileMounted2Time == 0.000163
[2022.10.11-17.10.20:446][  0]LogPakFile: PakFile PrimaryIndexSize=183
[2022.10.11-17.10.20:446][  0]LogPakFile: PakFile PathHashIndexSize=101
[2022.10.11-17.10.20:446][  0]LogPakFile: PakFile FullDirectoryIndexSize=140
[2022.10.11-17.10.20:446][  0]LogShaderLibrary: Display: ShaderCodeLibraryPakFileMountedCallback: PakFile 'D:/Epic/UE_4.27/FeaturePacks/TP_Rolling.upack' (chunk index -1, root 'root:/') mounted
[2022.10.11-17.10.20:446][  0]LogShaderLibrary: Display: ShaderCodeLibraryPakFileMountedCallback: pending pak file info (ChunkID:-1 Root:root:/ File:D:/Epic/UE_4.27/FeaturePacks/TP_Rolling.upack)
[2022.10.11-17.10.20:446][  0]LogPakFile: OnPakFileMounted2Time == 0.000202
[2022.10.11-17.10.20:460][  0]LogPakFile: PakFile PrimaryIndexSize=185
[2022.10.11-17.10.20:460][  0]LogPakFile: PakFile PathHashIndexSize=101
[2022.10.11-17.10.20:460][  0]LogPakFile: PakFile FullDirectoryIndexSize=144
[2022.10.11-17.10.20:460][  0]LogShaderLibrary: Display: ShaderCodeLibraryPakFileMountedCallback: PakFile 'D:/Epic/UE_4.27/FeaturePacks/TP_RollingBP.upack' (chunk index -1, root 'root:/') mounted
[2022.10.11-17.10.20:461][  0]LogShaderLibrary: Display: ShaderCodeLibraryPakFileMountedCallback: pending pak file info (ChunkID:-1 Root:root:/ File:D:/Epic/UE_4.27/FeaturePacks/TP_RollingBP.upack)
[2022.10.11-17.10.20:461][  0]LogPakFile: OnPakFileMounted2Time == 0.000145
[2022.10.11-17.10.20:468][  0]LogPakFile: PakFile PrimaryIndexSize=188
[2022.10.11-17.10.20:468][  0]LogPakFile: PakFile PathHashIndexSize=101
[2022.10.11-17.10.20:469][  0]LogPakFile: PakFile FullDirectoryIndexSize=150
[2022.10.11-17.10.20:469][  0]LogShaderLibrary: Display: ShaderCodeLibraryPakFileMountedCallback: PakFile 'D:/Epic/UE_4.27/FeaturePacks/TP_SideScroller.upack' (chunk index -1, root 'root:/') mounted
[2022.10.11-17.10.20:469][  0]LogShaderLibrary: Display: ShaderCodeLibraryPakFileMountedCallback: pending pak file info (ChunkID:-1 Root:root:/ File:D:/Epic/UE_4.27/FeaturePacks/TP_SideScroller.upack)
[2022.10.11-17.10.20:469][  0]LogPakFile: OnPakFileMounted2Time == 0.000262
[2022.10.11-17.10.20:480][  0]LogPakFile: PakFile PrimaryIndexSize=190
[2022.10.11-17.10.20:480][  0]LogPakFile: PakFile PathHashIndexSize=101
[2022.10.11-17.10.20:480][  0]LogPakFile: PakFile FullDirectoryIndexSize=154
[2022.10.11-17.10.20:480][  0]LogShaderLibrary: Display: ShaderCodeLibraryPakFileMountedCallback: PakFile 'D:/Epic/UE_4.27/FeaturePacks/TP_SideScrollerBP.upack' (chunk index -1, root 'root:/') mounted
[2022.10.11-17.10.20:480][  0]LogShaderLibrary: Display: ShaderCodeLibraryPakFileMountedCallback: pending pak file info (ChunkID:-1 Root:root:/ File:D:/Epic/UE_4.27/FeaturePacks/TP_SideScrollerBP.upack)
[2022.10.11-17.10.20:480][  0]LogPakFile: OnPakFileMounted2Time == 0.000200
[2022.10.11-17.10.20:497][  0]LogPakFile: PakFile PrimaryIndexSize=187
[2022.10.11-17.10.20:497][  0]LogPakFile: PakFile PathHashIndexSize=101
[2022.10.11-17.10.20:497][  0]LogPakFile: PakFile FullDirectoryIndexSize=148
[2022.10.11-17.10.20:497][  0]LogShaderLibrary: Display: ShaderCodeLibraryPakFileMountedCallback: PakFile 'D:/Epic/UE_4.27/FeaturePacks/TP_ThirdPerson.upack' (chunk index -1, root 'root:/') mounted
[2022.10.11-17.10.20:497][  0]LogShaderLibrary: Display: ShaderCodeLibraryPakFileMountedCallback: pending pak file info (ChunkID:-1 Root:root:/ File:D:/Epic/UE_4.27/FeaturePacks/TP_ThirdPerson.upack)
[2022.10.11-17.10.20:497][  0]LogPakFile: OnPakFileMounted2Time == 0.000168
[2022.10.11-17.10.20:505][  0]LogPakFile: PakFile PrimaryIndexSize=189
[2022.10.11-17.10.20:506][  0]LogPakFile: PakFile PathHashIndexSize=101
[2022.10.11-17.10.20:506][  0]LogPakFile: PakFile FullDirectoryIndexSize=152
[2022.10.11-17.10.20:506][  0]LogShaderLibrary: Display: ShaderCodeLibraryPakFileMountedCallback: PakFile 'D:/Epic/UE_4.27/FeaturePacks/TP_ThirdPersonBP.upack' (chunk index -1, root 'root:/') mounted
[2022.10.11-17.10.20:506][  0]LogShaderLibrary: Display: ShaderCodeLibraryPakFileMountedCallback: pending pak file info (ChunkID:-1 Root:root:/ File:D:/Epic/UE_4.27/FeaturePacks/TP_ThirdPersonBP.upack)
[2022.10.11-17.10.20:506][  0]LogPakFile: OnPakFileMounted2Time == 0.000145
[2022.10.11-17.10.20:515][  0]LogPakFile: PakFile PrimaryIndexSize=183
[2022.10.11-17.10.20:515][  0]LogPakFile: PakFile PathHashIndexSize=101
[2022.10.11-17.10.20:515][  0]LogPakFile: PakFile FullDirectoryIndexSize=140
[2022.10.11-17.10.20:515][  0]LogShaderLibrary: Display: ShaderCodeLibraryPakFileMountedCallback: PakFile 'D:/Epic/UE_4.27/FeaturePacks/TP_TopDown.upack' (chunk index -1, root 'root:/') mounted
[2022.10.11-17.10.20:516][  0]LogShaderLibrary: Display: ShaderCodeLibraryPakFileMountedCallback: pending pak file info (ChunkID:-1 Root:root:/ File:D:/Epic/UE_4.27/FeaturePacks/TP_TopDown.upack)
[2022.10.11-17.10.20:516][  0]LogPakFile: OnPakFileMounted2Time == 0.000142
[2022.10.11-17.10.20:523][  0]LogPakFile: PakFile PrimaryIndexSize=185
[2022.10.11-17.10.20:523][  0]LogPakFile: PakFile PathHashIndexSize=101
[2022.10.11-17.10.20:523][  0]LogPakFile: PakFile FullDirectoryIndexSize=144
[2022.10.11-17.10.20:523][  0]LogShaderLibrary: Display: ShaderCodeLibraryPakFileMountedCallback: PakFile 'D:/Epic/UE_4.27/FeaturePacks/TP_TopDownBP.upack' (chunk index -1, root 'root:/') mounted
[2022.10.11-17.10.20:523][  0]LogShaderLibrary: Display: ShaderCodeLibraryPakFileMountedCallback: pending pak file info (ChunkID:-1 Root:root:/ File:D:/Epic/UE_4.27/FeaturePacks/TP_TopDownBP.upack)
[2022.10.11-17.10.20:523][  0]LogPakFile: OnPakFileMounted2Time == 0.000142
[2022.10.11-17.10.20:541][  0]LogPakFile: PakFile PrimaryIndexSize=185
[2022.10.11-17.10.20:541][  0]LogPakFile: PakFile PathHashIndexSize=101
[2022.10.11-17.10.20:541][  0]LogPakFile: PakFile FullDirectoryIndexSize=144
[2022.10.11-17.10.20:542][  0]LogShaderLibrary: Display: ShaderCodeLibraryPakFileMountedCallback: PakFile 'D:/Epic/UE_4.27/FeaturePacks/TP_TwinStick.upack' (chunk index -1, root 'root:/') mounted
[2022.10.11-17.10.20:542][  0]LogShaderLibrary: Display: ShaderCodeLibraryPakFileMountedCallback: pending pak file info (ChunkID:-1 Root:root:/ File:D:/Epic/UE_4.27/FeaturePacks/TP_TwinStick.upack)
[2022.10.11-17.10.20:542][  0]LogPakFile: OnPakFileMounted2Time == 0.000226
[2022.10.11-17.10.20:563][  0]LogPakFile: PakFile PrimaryIndexSize=187
[2022.10.11-17.10.20:563][  0]LogPakFile: PakFile PathHashIndexSize=101
[2022.10.11-17.10.20:563][  0]LogPakFile: PakFile FullDirectoryIndexSize=148
[2022.10.11-17.10.20:563][  0]LogShaderLibrary: Display: ShaderCodeLibraryPakFileMountedCallback: PakFile 'D:/Epic/UE_4.27/FeaturePacks/TP_TwinStickBP.upack' (chunk index -1, root 'root:/') mounted
[2022.10.11-17.10.20:563][  0]LogShaderLibrary: Display: ShaderCodeLibraryPakFileMountedCallback: pending pak file info (ChunkID:-1 Root:root:/ File:D:/Epic/UE_4.27/FeaturePacks/TP_TwinStickBP.upack)
[2022.10.11-17.10.20:563][  0]LogPakFile: OnPakFileMounted2Time == 0.000156
[2022.10.11-17.10.20:593][  0]LogPakFile: PakFile PrimaryIndexSize=183
[2022.10.11-17.10.20:593][  0]LogPakFile: PakFile PathHashIndexSize=101
[2022.10.11-17.10.20:593][  0]LogPakFile: PakFile FullDirectoryIndexSize=140
[2022.10.11-17.10.20:593][  0]LogShaderLibrary: Display: ShaderCodeLibraryPakFileMountedCallback: PakFile 'D:/Epic/UE_4.27/FeaturePacks/TP_Vehicle.upack' (chunk index -1, root 'root:/') mounted
[2022.10.11-17.10.20:593][  0]LogShaderLibrary: Display: ShaderCodeLibraryPakFileMountedCallback: pending pak file info (ChunkID:-1 Root:root:/ File:D:/Epic/UE_4.27/FeaturePacks/TP_Vehicle.upack)
[2022.10.11-17.10.20:593][  0]LogPakFile: OnPakFileMounted2Time == 0.000163
[2022.10.11-17.10.20:619][  0]LogPakFile: PakFile PrimaryIndexSize=186
[2022.10.11-17.10.20:619][  0]LogPakFile: PakFile PathHashIndexSize=101
[2022.10.11-17.10.20:619][  0]LogPakFile: PakFile FullDirectoryIndexSize=146
[2022.10.11-17.10.20:619][  0]LogShaderLibrary: Display: ShaderCodeLibraryPakFileMountedCallback: PakFile 'D:/Epic/UE_4.27/FeaturePacks/TP_VehicleAdv.upack' (chunk index -1, root 'root:/') mounted
[2022.10.11-17.10.20:619][  0]LogShaderLibrary: Display: ShaderCodeLibraryPakFileMountedCallback: pending pak file info (ChunkID:-1 Root:root:/ File:D:/Epic/UE_4.27/FeaturePacks/TP_VehicleAdv.upack)
[2022.10.11-17.10.20:619][  0]LogPakFile: OnPakFileMounted2Time == 0.000146
[2022.10.11-17.10.20:640][  0]LogPakFile: PakFile PrimaryIndexSize=188
[2022.10.11-17.10.20:640][  0]LogPakFile: PakFile PathHashIndexSize=101
[2022.10.11-17.10.20:640][  0]LogPakFile: PakFile FullDirectoryIndexSize=150
[2022.10.11-17.10.20:640][  0]LogShaderLibrary: Display: ShaderCodeLibraryPakFileMountedCallback: PakFile 'D:/Epic/UE_4.27/FeaturePacks/TP_VehicleAdvBP.upack' (chunk index -1, root 'root:/') mounted
[2022.10.11-17.10.20:640][  0]LogShaderLibrary: Display: ShaderCodeLibraryPakFileMountedCallback: pending pak file info (ChunkID:-1 Root:root:/ File:D:/Epic/UE_4.27/FeaturePacks/TP_VehicleAdvBP.upack)
[2022.10.11-17.10.20:640][  0]LogPakFile: OnPakFileMounted2Time == 0.000139
[2022.10.11-17.10.20:657][  0]LogPakFile: PakFile PrimaryIndexSize=185
[2022.10.11-17.10.20:657][  0]LogPakFile: PakFile PathHashIndexSize=101
[2022.10.11-17.10.20:657][  0]LogPakFile: PakFile FullDirectoryIndexSize=144
[2022.10.11-17.10.20:657][  0]LogShaderLibrary: Display: ShaderCodeLibraryPakFileMountedCallback: PakFile 'D:/Epic/UE_4.27/FeaturePacks/TP_VehicleBP.upack' (chunk index -1, root 'root:/') mounted
[2022.10.11-17.10.20:658][  0]LogShaderLibrary: Display: ShaderCodeLibraryPakFileMountedCallback: pending pak file info (ChunkID:-1 Root:root:/ File:D:/Epic/UE_4.27/FeaturePacks/TP_VehicleBP.upack)
[2022.10.11-17.10.20:658][  0]LogPakFile: OnPakFileMounted2Time == 0.000135
[2022.10.11-17.10.20:673][  0]LogPakFile: PakFile PrimaryIndexSize=192
[2022.10.11-17.10.20:673][  0]LogPakFile: PakFile PathHashIndexSize=101
[2022.10.11-17.10.20:673][  0]LogPakFile: PakFile FullDirectoryIndexSize=158
[2022.10.11-17.10.20:673][  0]LogShaderLibrary: Display: ShaderCodeLibraryPakFileMountedCallback: PakFile 'D:/Epic/UE_4.27/FeaturePacks/TP_VirtualRealityBP.upack' (chunk index -1, root 'root:/') mounted
[2022.10.11-17.10.20:673][  0]LogShaderLibrary: Display: ShaderCodeLibraryPakFileMountedCallback: pending pak file info (ChunkID:-1 Root:root:/ File:D:/Epic/UE_4.27/FeaturePacks/TP_VirtualRealityBP.upack)
[2022.10.11-17.10.20:674][  0]LogPakFile: OnPakFileMounted2Time == 0.000277
[2022.10.11-17.10.24:696][  0]LogNativeClassHierarchy: Verbose: Native class hierarchy updated for 'AddContentDialog' in 0.0003 seconds. Added 0 classes and 0 folders.
[2022.10.11-17.10.24:786][  0]LogNativeClassHierarchy: Verbose: Native class hierarchy updated for 'SceneOutliner' in 0.0003 seconds. Added 2 classes and 0 folders.
[2022.10.11-17.10.27:443][  0]LogSlate: Only BGRA pngs, bmps or icos are supported in by External Image Picker
[2022.10.11-17.10.27:654][  0]LogSlate: Took 0.023954 seconds to synchronously load lazily loaded font '../../../Engine/Content/Slate/Fonts/Roboto-Regular.ttf' (155K)
[2022.10.11-17.10.27:697][  0]LogSlate: Took 0.022661 seconds to synchronously load lazily loaded font '../../../Engine/Content/Editor/Slate/Fonts/FontAwesome.ttf' (139K)
[2022.10.11-17.10.27:729][  0]LogSlate: Took 0.031037 seconds to synchronously load lazily loaded font '../../../Engine/Content/Slate/Fonts/Roboto-Bold.ttf' (160K)
[2022.10.11-17.10.28:232][  0]LogRenderer: Reallocating scene render targets to support 1072x576 Format 10 NumSamples 1 (Frame:1).
[2022.10.11-17.10.28:683][  0]LogSlate: Took 0.017723 seconds to synchronously load lazily loaded font '../../../Engine/Content/Slate/Fonts/Roboto-Light.ttf' (167K)
[2022.10.11-17.10.28:860][  0]LogNativeClassHierarchy: Verbose: Native class hierarchy updated for 'HierarchicalLODOutliner' in 0.0003 seconds. Added 0 classes and 0 folders.
[2022.10.11-17.10.28:860][  0]LogLoad: (Engine Initialization) Total time: 202.54 seconds
[2022.10.11-17.10.28:860][  0]LogLoad: (Engine Initialization) Total Blueprint compile time: 0.00 seconds
[2022.10.11-17.10.29:079][  0]LogAssetRegistry: Asset discovery search completed in 72.7847 seconds
[2022.10.11-17.10.29:468][  0]LogCollectionManager: Fixed up redirectors for 0 collections in 0.000006 seconds (updated 0 objects)
[2022.10.11-17.10.29:797][  0]LogContentStreaming: Texture pool size now 1000 MB
[2022.10.11-17.46.51:650][505]LogAudioMixer: Warning: Changing default audio render device to new device: {0.0.0.00000000}.{ecf84b6b-5fda-49a5-8af8-cbd9ae75ec2c}.
[2022.10.11-17.46.51:650][505]LogAudioMixer: Resetting audio stream to device id 
[2022.10.11-17.46.51:667][505]LogAudioMixer: Display: 0: FrontLeft
[2022.10.11-17.46.51:667][505]LogAudioMixer: Display: 1: FrontRight
[2022.10.11-17.46.53:120][506]LogAudioMixer: Resetting audio stream to device id 
[2022.10.11-17.46.53:387][506]LogAudioMixer: Display: 0: FrontLeft
[2022.10.11-17.46.53:387][506]LogAudioMixer: Display: 1: FrontRight
[2022.10.11-17.46.54:150][507]LogAudioMixer: Resetting audio stream to device id 
[2022.10.11-17.46.54:175][507]LogAudioMixer: Display: 0: FrontLeft
[2022.10.11-17.46.54:175][507]LogAudioMixer: Display: 1: FrontRight
[2022.10.11-17.56.55:364][516]LogD3D11RHI: Timed out while waiting for GPU to catch up. (0.5 s) (ErrorCode 00000001) (00000000)
[2022.10.11-17.56.55:385][516]LogAudioMixer: Resetting audio stream to device id 
[2022.10.11-17.56.55:737][516]LogAudioMixer: Display: 0: FrontLeft
[2022.10.11-17.56.55:742][516]LogAudioMixer: Display: 1: FrontRight
[2022.10.11-17.57.06:230][546]LogAudioMixer: Warning: Changing default audio render device to new device: {0.0.0.00000000}.{ecf84b6b-5fda-49a5-8af8-cbd9ae75ec2c}.
[2022.10.11-17.57.06:230][546]LogAudioMixer: Resetting audio stream to device id 
[2022.10.11-21.44.15:207][546]LogHttp: Warning: 00000196B1EA7200: HTTP request timed out after 13637.12 seconds URL=https://datarouter.ol.epicgames.com/datarouter/api/v1/public/data?SessionID=%7B623E5B59-4406-FAFA-55D9-D4AA9DF18E66%7D&AppID=UEEditor.Rocket.Release&AppVersion=4.27.2-18319896%2B%2B%2BUE4%2BRelease-4.27&UserID=e2f9d7204c8c447224af219ec91570f5%7C92df0c2b977a44aeb7219b3bc6a7f2d3%7C875a01af-9b57-4379-bfe4-7cdc03fdb03b&AppEnvironment=datacollector-binary&UploadType=eteventstream
[2022.10.11-21.44.15:210][546]LogAudioMixer: Display: 0: FrontLeft
[2022.10.11-21.44.15:214][546]LogAudioMixer: Display: 1: FrontRight
[2022.10.11-21.44.15:579][546]LogRenderer: Reallocating scene render targets to support 1072x604 Format 10 NumSamples 1 (Frame:14).
[2022.10.11-21.44.17:061][547]LogHttp: Warning: 00000196B1EA7200: request failed, libcurl error: 0 (No error)
[2022.10.11-21.44.17:061][547]LogHttp: Warning: 00000196B1EA7200: libcurl info message cache 0 (Found bundle for host datarouter.ol.epicgames.com: 0x196ce24feb0 [can pipeline])
[2022.10.11-21.44.17:061][547]LogHttp: Warning: 00000196B1EA7200: libcurl info message cache 1 (Re-using existing connection! (#0) with host datarouter.ol.epicgames.com)
[2022.10.11-21.44.17:061][547]LogHttp: Warning: 00000196B1EA7200: libcurl info message cache 2 (Connected to datarouter.ol.epicgames.com (54.84.115.231) port 443 (#0))
[2022.10.11-21.44.17:061][547]LogHttp: Warning: 00000196B1EA7200: libcurl info message cache 3 (We are completely uploaded and fine)
[2022.10.11-21.44.17:061][547]LogHttp: Warning: 00000196B1EA7200: libcurl info message cache 4 (Closing connection 0)
[2022.10.11-21.44.17:061][547]LogHttp: Warning: 00000196B1EA7200: libcurl info message cache 5 (TLSv1.2 (OUT), TLS alert, Client hello (1):)
[2022.10.11-21.44.17:074][547]LogAudioMixer: Resetting audio stream to device id 
[2022.10.11-21.44.17:142][547]LogAudioMixer: Display: 0: FrontLeft
[2022.10.11-21.44.17:202][547]LogAudioMixer: Display: 1: FrontRight
[2022.10.11-21.44.18:810][548]LogHttp: Warning: Retry exhausted on https://datarouter.ol.epicgames.com/datarouter/api/v1/public/data?SessionID=%7B623E5B59-4406-FAFA-55D9-D4AA9DF18E66%7D&AppID=UEEditor.Rocket.Release&AppVersion=4.27.2-18319896%2B%2B%2BUE4%2BRelease-4.27&UserID=e2f9d7204c8c447224af219ec91570f5%7C92df0c2b977a44aeb7219b3bc6a7f2d3%7C875a01af-9b57-4379-bfe4-7cdc03fdb03b&AppEnvironment=datacollector-binary&UploadType=eteventstream
[2022.10.11-21.44.18:822][548]LogAudioMixer: Resetting audio stream to device id 
[2022.10.11-21.44.18:883][548]LogAudioMixer: Display: 0: FrontLeft
[2022.10.11-21.44.18:883][548]LogAudioMixer: Display: 1: FrontRight
[2022.10.11-21.44.20:038][549]LogAudioMixer: Resetting audio stream to device id 
[2022.10.11-21.44.20:087][549]LogAudioMixer: Display: 0: FrontLeft
[2022.10.11-21.44.20:087][549]LogAudioMixer: Display: 1: FrontRight
[2022.10.11-21.44.21:195][550]LogAudioMixer: Resetting audio stream to device id 
[2022.10.11-21.44.21:650][550]LogAudioMixer: Display: 0: FrontLeft
[2022.10.11-21.44.21:651][550]LogAudioMixer: Display: 1: FrontRight
[2022.10.11-21.44.40:790][608]LogHttp: Warning: 00000196B1384100: invalid HTTP response code received. URL: https://datarouter.ol.epicgames.com/datarouter/api/v1/public/data?SessionID=%7B623E5B59-4406-FAFA-55D9-D4AA9DF18E66%7D&AppID=UEEditor.Rocket.Release&AppVersion=4.27.2-18319896%2B%2B%2BUE4%2BRelease-4.27&UserID=e2f9d7204c8c447224af219ec91570f5%7C92df0c2b977a44aeb7219b3bc6a7f2d3%7C875a01af-9b57-4379-bfe4-7cdc03fdb03b&AppEnvironment=datacollector-binary&UploadType=eteventstream, HTTP code: 0, content length: 0, actual payload size: 0
[2022.10.11-21.44.40:790][608]LogHttp: Warning: 00000196B1384100: request failed, libcurl error: 56 (Failure when receiving data from the peer)
[2022.10.11-21.44.40:790][608]LogHttp: Warning: 00000196B1384100: libcurl info message cache 0 (Found bundle for host datarouter.ol.epicgames.com: 0x196ce24feb0 [can pipeline])
[2022.10.11-21.44.40:790][608]LogHttp: Warning: 00000196B1384100: libcurl info message cache 1 (Re-using existing connection! (#1) with host datarouter.ol.epicgames.com)
[2022.10.11-21.44.40:790][608]LogHttp: Warning: 00000196B1384100: libcurl info message cache 2 (Connected to datarouter.ol.epicgames.com (52.54.156.178) port 443 (#1))
[2022.10.11-21.44.40:790][608]LogHttp: Warning: 00000196B1384100: libcurl info message cache 3 (We are completely uploaded and fine)
[2022.10.11-21.44.40:791][608]LogHttp: Warning: 00000196B1384100: libcurl info message cache 4 (OpenSSL SSL_read: SSL_ERROR_SYSCALL, errno 10054)
[2022.10.11-21.44.40:791][608]LogHttp: Warning: 00000196B1384100: libcurl info message cache 5 (Connection died, retrying a fresh connect)
[2022.10.11-21.44.40:791][608]LogHttp: Warning: 00000196B1384100: libcurl info message cache 6 (necessary data rewind wasn't possible)
[2022.10.11-21.44.40:791][608]LogHttp: Warning: 00000196B1384100: libcurl info message cache 7 (Closing connection 1)
[2022.10.11-21.44.40:791][608]LogHttp: Warning: Retry exhausted on https://datarouter.ol.epicgames.com/datarouter/api/v1/public/data?SessionID=%7B623E5B59-4406-FAFA-55D9-D4AA9DF18E66%7D&AppID=UEEditor.Rocket.Release&AppVersion=4.27.2-18319896%2B%2B%2BUE4%2BRelease-4.27&UserID=e2f9d7204c8c447224af219ec91570f5%7C92df0c2b977a44aeb7219b3bc6a7f2d3%7C875a01af-9b57-4379-bfe4-7cdc03fdb03b&AppEnvironment=datacollector-binary&UploadType=eteventstream
